CRITICAL - 2025-11-06 00:07:31 --> Attempt to read property "blog_id" on null
in APPPATH/Views/admin/edit-blog.php on line 46.
 1 APPPATH/Views/admin/edit-blog.php(46): CodeIgniter\Debug\Exceptions->errorHandler(2, 'Attempt to read property "blog_id" on null', 'APPPATH/Views/admin/edit-blog.php', 46)
 2 SYSTEMPATH/View/View.php(213): include('APPPATH/Views/admin/edit-blog.php')
 3 SYSTEMPATH/View/View.php(216): CodeIgniter\View\View->CodeIgniter\View\{closure}()
 4 SYSTEMPATH/Common.php(1135): CodeIgniter\View\View->render('admin/edit-blog', [], true)
 5 APPPATH/Controllers/Admin.php(3615): view('admin/edit-blog', [...])
 6 SYSTEMPATH/CodeIgniter.php(925): App\Controllers\Admin->edit_our_blog('FCPATH/assets', 'img', 'user', 'u2.jpg')
 7 SYSTEMPATH/CodeIgniter.php(480): CodeIgniter\CodeIgniter->runController(Object(App\Controllers\Admin))
 8 SYSTEMPATH/CodeIgniter.php(349): CodeIgniter\CodeIgniter->handleRequest(null, Object(Config\Cache), false)
 9 FCPATH/index.php(67): CodeIgniter\CodeIgniter->run()
CRITICAL - 2025-11-06 00:07:31 --> Attempt to read property "blog_id" on null
in APPPATH/Views/admin/edit-blog.php on line 46.
 1 APPPATH/Views/admin/edit-blog.php(46): CodeIgniter\Debug\Exceptions->errorHandler(2, 'Attempt to read property "blog_id" on null', 'APPPATH/Views/admin/edit-blog.php', 46)
 2 SYSTEMPATH/View/View.php(213): include('APPPATH/Views/admin/edit-blog.php')
 3 SYSTEMPATH/View/View.php(216): CodeIgniter\View\View->CodeIgniter\View\{closure}()
 4 SYSTEMPATH/Common.php(1135): CodeIgniter\View\View->render('admin/edit-blog', [], true)
 5 APPPATH/Controllers/Admin.php(3615): view('admin/edit-blog', [...])
 6 SYSTEMPATH/CodeIgniter.php(925): App\Controllers\Admin->edit_our_blog('FCPATH/assets', 'img', 'user', 'u4.jpg')
 7 SYSTEMPATH/CodeIgniter.php(480): CodeIgniter\CodeIgniter->runController(Object(App\Controllers\Admin))
 8 SYSTEMPATH/CodeIgniter.php(349): CodeIgniter\CodeIgniter->handleRequest(null, Object(Config\Cache), false)
 9 FCPATH/index.php(67): CodeIgniter\CodeIgniter->run()
CRITICAL - 2025-11-06 00:07:31 --> Attempt to read property "blog_id" on null
in APPPATH/Views/admin/edit-blog.php on line 46.
 1 APPPATH/Views/admin/edit-blog.php(46): CodeIgniter\Debug\Exceptions->errorHandler(2, 'Attempt to read property "blog_id" on null', 'APPPATH/Views/admin/edit-blog.php', 46)
 2 SYSTEMPATH/View/View.php(213): include('APPPATH/Views/admin/edit-blog.php')
 3 SYSTEMPATH/View/View.php(216): CodeIgniter\View\View->CodeIgniter\View\{closure}()
 4 SYSTEMPATH/Common.php(1135): CodeIgniter\View\View->render('admin/edit-blog', [], true)
 5 APPPATH/Controllers/Admin.php(3615): view('admin/edit-blog', [...])
 6 SYSTEMPATH/CodeIgniter.php(925): App\Controllers\Admin->edit_our_blog('FCPATH/assets', 'img', 'user', 'u5.jpg')
 7 SYSTEMPATH/CodeIgniter.php(480): CodeIgniter\CodeIgniter->runController(Object(App\Controllers\Admin))
 8 SYSTEMPATH/CodeIgniter.php(349): CodeIgniter\CodeIgniter->handleRequest(null, Object(Config\Cache), false)
 9 FCPATH/index.php(67): CodeIgniter\CodeIgniter->run()
CRITICAL - 2025-11-06 00:07:31 --> Attempt to read property "blog_id" on null
in APPPATH/Views/admin/edit-blog.php on line 46.
 1 APPPATH/Views/admin/edit-blog.php(46): CodeIgniter\Debug\Exceptions->errorHandler(2, 'Attempt to read property "blog_id" on null', 'APPPATH/Views/admin/edit-blog.php', 46)
 2 SYSTEMPATH/View/View.php(213): include('APPPATH/Views/admin/edit-blog.php')
 3 SYSTEMPATH/View/View.php(216): CodeIgniter\View\View->CodeIgniter\View\{closure}()
 4 SYSTEMPATH/Common.php(1135): CodeIgniter\View\View->render('admin/edit-blog', [], true)
 5 APPPATH/Controllers/Admin.php(3615): view('admin/edit-blog', [...])
 6 SYSTEMPATH/CodeIgniter.php(925): App\Controllers\Admin->edit_our_blog('FCPATH/assets', 'img', 'user', 'u1.jpg')
 7 SYSTEMPATH/CodeIgniter.php(480): CodeIgniter\CodeIgniter->runController(Object(App\Controllers\Admin))
 8 SYSTEMPATH/CodeIgniter.php(349): CodeIgniter\CodeIgniter->handleRequest(null, Object(Config\Cache), false)
 9 FCPATH/index.php(67): CodeIgniter\CodeIgniter->run()
CRITICAL - 2025-11-06 00:08:56 --> Attempt to read property "blog_id" on null
in APPPATH/Views/admin/edit-blog.php on line 46.
 1 APPPATH/Views/admin/edit-blog.php(46): CodeIgniter\Debug\Exceptions->errorHandler(2, 'Attempt to read property "blog_id" on null', 'APPPATH/Views/admin/edit-blog.php', 46)
 2 SYSTEMPATH/View/View.php(213): include('APPPATH/Views/admin/edit-blog.php')
 3 SYSTEMPATH/View/View.php(216): CodeIgniter\View\View->CodeIgniter\View\{closure}()
 4 SYSTEMPATH/Common.php(1135): CodeIgniter\View\View->render('admin/edit-blog', [], true)
 5 APPPATH/Controllers/Admin.php(3615): view('admin/edit-blog', [...])
 6 SYSTEMPATH/CodeIgniter.php(925): App\Controllers\Admin->edit_our_blog('FCPATH/assets', 'img', 'user', 'u2.jpg')
 7 SYSTEMPATH/CodeIgniter.php(480): CodeIgniter\CodeIgniter->runController(Object(App\Controllers\Admin))
 8 SYSTEMPATH/CodeIgniter.php(349): CodeIgniter\CodeIgniter->handleRequest(null, Object(Config\Cache), false)
 9 FCPATH/index.php(67): CodeIgniter\CodeIgniter->run()
CRITICAL - 2025-11-06 00:08:56 --> Attempt to read property "blog_id" on null
in APPPATH/Views/admin/edit-blog.php on line 46.
 1 APPPATH/Views/admin/edit-blog.php(46): CodeIgniter\Debug\Exceptions->errorHandler(2, 'Attempt to read property "blog_id" on null', 'APPPATH/Views/admin/edit-blog.php', 46)
 2 SYSTEMPATH/View/View.php(213): include('APPPATH/Views/admin/edit-blog.php')
 3 SYSTEMPATH/View/View.php(216): CodeIgniter\View\View->CodeIgniter\View\{closure}()
 4 SYSTEMPATH/Common.php(1135): CodeIgniter\View\View->render('admin/edit-blog', [], true)
 5 APPPATH/Controllers/Admin.php(3615): view('admin/edit-blog', [...])
 6 SYSTEMPATH/CodeIgniter.php(925): App\Controllers\Admin->edit_our_blog('FCPATH/assets', 'img', 'user', 'u1.jpg')
 7 SYSTEMPATH/CodeIgniter.php(480): CodeIgniter\CodeIgniter->runController(Object(App\Controllers\Admin))
 8 SYSTEMPATH/CodeIgniter.php(349): CodeIgniter\CodeIgniter->handleRequest(null, Object(Config\Cache), false)
 9 FCPATH/index.php(67): CodeIgniter\CodeIgniter->run()
CRITICAL - 2025-11-06 00:08:56 --> Attempt to read property "blog_id" on null
in APPPATH/Views/admin/edit-blog.php on line 46.
 1 APPPATH/Views/admin/edit-blog.php(46): CodeIgniter\Debug\Exceptions->errorHandler(2, 'Attempt to read property "blog_id" on null', 'APPPATH/Views/admin/edit-blog.php', 46)
 2 SYSTEMPATH/View/View.php(213): include('APPPATH/Views/admin/edit-blog.php')
 3 SYSTEMPATH/View/View.php(216): CodeIgniter\View\View->CodeIgniter\View\{closure}()
 4 SYSTEMPATH/Common.php(1135): CodeIgniter\View\View->render('admin/edit-blog', [], true)
 5 APPPATH/Controllers/Admin.php(3615): view('admin/edit-blog', [...])
 6 SYSTEMPATH/CodeIgniter.php(925): App\Controllers\Admin->edit_our_blog('FCPATH/assets', 'img', 'user', 'u5.jpg')
 7 SYSTEMPATH/CodeIgniter.php(480): CodeIgniter\CodeIgniter->runController(Object(App\Controllers\Admin))
 8 SYSTEMPATH/CodeIgniter.php(349): CodeIgniter\CodeIgniter->handleRequest(null, Object(Config\Cache), false)
 9 FCPATH/index.php(67): CodeIgniter\CodeIgniter->run()
CRITICAL - 2025-11-06 00:08:56 --> Attempt to read property "blog_id" on null
in APPPATH/Views/admin/edit-blog.php on line 46.
 1 APPPATH/Views/admin/edit-blog.php(46): CodeIgniter\Debug\Exceptions->errorHandler(2, 'Attempt to read property "blog_id" on null', 'APPPATH/Views/admin/edit-blog.php', 46)
 2 SYSTEMPATH/View/View.php(213): include('APPPATH/Views/admin/edit-blog.php')
 3 SYSTEMPATH/View/View.php(216): CodeIgniter\View\View->CodeIgniter\View\{closure}()
 4 SYSTEMPATH/Common.php(1135): CodeIgniter\View\View->render('admin/edit-blog', [], true)
 5 APPPATH/Controllers/Admin.php(3615): view('admin/edit-blog', [...])
 6 SYSTEMPATH/CodeIgniter.php(925): App\Controllers\Admin->edit_our_blog('FCPATH/assets', 'img', 'user', 'u4.jpg')
 7 SYSTEMPATH/CodeIgniter.php(480): CodeIgniter\CodeIgniter->runController(Object(App\Controllers\Admin))
 8 SYSTEMPATH/CodeIgniter.php(349): CodeIgniter\CodeIgniter->handleRequest(null, Object(Config\Cache), false)
 9 FCPATH/index.php(67): CodeIgniter\CodeIgniter->run()
CRITICAL - 2025-11-06 00:34:46 --> Attempt to read property "blog_id" on null
in APPPATH/Views/admin/edit-blog.php on line 46.
 1 APPPATH/Views/admin/edit-blog.php(46): CodeIgniter\Debug\Exceptions->errorHandler(2, 'Attempt to read property "blog_id" on null', 'APPPATH/Views/admin/edit-blog.php', 46)
 2 SYSTEMPATH/View/View.php(213): include('APPPATH/Views/admin/edit-blog.php')
 3 SYSTEMPATH/View/View.php(216): CodeIgniter\View\View->CodeIgniter\View\{closure}()
 4 SYSTEMPATH/Common.php(1135): CodeIgniter\View\View->render('admin/edit-blog', [], true)
 5 APPPATH/Controllers/Admin.php(3615): view('admin/edit-blog', [...])
 6 SYSTEMPATH/CodeIgniter.php(925): App\Controllers\Admin->edit_our_blog('FCPATH/assets', 'img', 'user', 'u2.jpg')
 7 SYSTEMPATH/CodeIgniter.php(480): CodeIgniter\CodeIgniter->runController(Object(App\Controllers\Admin))
 8 SYSTEMPATH/CodeIgniter.php(349): CodeIgniter\CodeIgniter->handleRequest(null, Object(Config\Cache), false)
 9 FCPATH/index.php(67): CodeIgniter\CodeIgniter->run()
CRITICAL - 2025-11-06 00:34:46 --> Attempt to read property "blog_id" on null
in APPPATH/Views/admin/edit-blog.php on line 46.
 1 APPPATH/Views/admin/edit-blog.php(46): CodeIgniter\Debug\Exceptions->errorHandler(2, 'Attempt to read property "blog_id" on null', 'APPPATH/Views/admin/edit-blog.php', 46)
 2 SYSTEMPATH/View/View.php(213): include('APPPATH/Views/admin/edit-blog.php')
 3 SYSTEMPATH/View/View.php(216): CodeIgniter\View\View->CodeIgniter\View\{closure}()
 4 SYSTEMPATH/Common.php(1135): CodeIgniter\View\View->render('admin/edit-blog', [], true)
 5 APPPATH/Controllers/Admin.php(3615): view('admin/edit-blog', [...])
 6 SYSTEMPATH/CodeIgniter.php(925): App\Controllers\Admin->edit_our_blog('FCPATH/assets', 'img', 'user', 'u5.jpg')
 7 SYSTEMPATH/CodeIgniter.php(480): CodeIgniter\CodeIgniter->runController(Object(App\Controllers\Admin))
 8 SYSTEMPATH/CodeIgniter.php(349): CodeIgniter\CodeIgniter->handleRequest(null, Object(Config\Cache), false)
 9 FCPATH/index.php(67): CodeIgniter\CodeIgniter->run()
CRITICAL - 2025-11-06 00:34:46 --> Attempt to read property "blog_id" on null
in APPPATH/Views/admin/edit-blog.php on line 46.
 1 APPPATH/Views/admin/edit-blog.php(46): CodeIgniter\Debug\Exceptions->errorHandler(2, 'Attempt to read property "blog_id" on null', 'APPPATH/Views/admin/edit-blog.php', 46)
 2 SYSTEMPATH/View/View.php(213): include('APPPATH/Views/admin/edit-blog.php')
 3 SYSTEMPATH/View/View.php(216): CodeIgniter\View\View->CodeIgniter\View\{closure}()
 4 SYSTEMPATH/Common.php(1135): CodeIgniter\View\View->render('admin/edit-blog', [], true)
 5 APPPATH/Controllers/Admin.php(3615): view('admin/edit-blog', [...])
 6 SYSTEMPATH/CodeIgniter.php(925): App\Controllers\Admin->edit_our_blog('FCPATH/assets', 'img', 'user', 'u1.jpg')
 7 SYSTEMPATH/CodeIgniter.php(480): CodeIgniter\CodeIgniter->runController(Object(App\Controllers\Admin))
 8 SYSTEMPATH/CodeIgniter.php(349): CodeIgniter\CodeIgniter->handleRequest(null, Object(Config\Cache), false)
 9 FCPATH/index.php(67): CodeIgniter\CodeIgniter->run()
CRITICAL - 2025-11-06 00:34:46 --> Attempt to read property "blog_id" on null
in APPPATH/Views/admin/edit-blog.php on line 46.
 1 APPPATH/Views/admin/edit-blog.php(46): CodeIgniter\Debug\Exceptions->errorHandler(2, 'Attempt to read property "blog_id" on null', 'APPPATH/Views/admin/edit-blog.php', 46)
 2 SYSTEMPATH/View/View.php(213): include('APPPATH/Views/admin/edit-blog.php')
 3 SYSTEMPATH/View/View.php(216): CodeIgniter\View\View->CodeIgniter\View\{closure}()
 4 SYSTEMPATH/Common.php(1135): CodeIgniter\View\View->render('admin/edit-blog', [], true)
 5 APPPATH/Controllers/Admin.php(3615): view('admin/edit-blog', [...])
 6 SYSTEMPATH/CodeIgniter.php(925): App\Controllers\Admin->edit_our_blog('FCPATH/assets', 'img', 'user', 'u4.jpg')
 7 SYSTEMPATH/CodeIgniter.php(480): CodeIgniter\CodeIgniter->runController(Object(App\Controllers\Admin))
 8 SYSTEMPATH/CodeIgniter.php(349): CodeIgniter\CodeIgniter->handleRequest(null, Object(Config\Cache), false)
 9 FCPATH/index.php(67): CodeIgniter\CodeIgniter->run()
CRITICAL - 2025-11-06 00:47:24 --> Attempt to read property "blog_id" on null
in APPPATH/Views/admin/edit-blog.php on line 46.
 1 APPPATH/Views/admin/edit-blog.php(46): CodeIgniter\Debug\Exceptions->errorHandler(2, 'Attempt to read property "blog_id" on null', 'APPPATH/Views/admin/edit-blog.php', 46)
 2 SYSTEMPATH/View/View.php(213): include('APPPATH/Views/admin/edit-blog.php')
 3 SYSTEMPATH/View/View.php(216): CodeIgniter\View\View->CodeIgniter\View\{closure}()
 4 SYSTEMPATH/Common.php(1135): CodeIgniter\View\View->render('admin/edit-blog', [], true)
 5 APPPATH/Controllers/Admin.php(3615): view('admin/edit-blog', [...])
 6 SYSTEMPATH/CodeIgniter.php(925): App\Controllers\Admin->edit_our_blog('FCPATH/assets', 'img', 'user', 'u2.jpg')
 7 SYSTEMPATH/CodeIgniter.php(480): CodeIgniter\CodeIgniter->runController(Object(App\Controllers\Admin))
 8 SYSTEMPATH/CodeIgniter.php(349): CodeIgniter\CodeIgniter->handleRequest(null, Object(Config\Cache), false)
 9 FCPATH/index.php(67): CodeIgniter\CodeIgniter->run()
CRITICAL - 2025-11-06 00:47:24 --> Attempt to read property "blog_id" on null
in APPPATH/Views/admin/edit-blog.php on line 46.
 1 APPPATH/Views/admin/edit-blog.php(46): CodeIgniter\Debug\Exceptions->errorHandler(2, 'Attempt to read property "blog_id" on null', 'APPPATH/Views/admin/edit-blog.php', 46)
 2 SYSTEMPATH/View/View.php(213): include('APPPATH/Views/admin/edit-blog.php')
 3 SYSTEMPATH/View/View.php(216): CodeIgniter\View\View->CodeIgniter\View\{closure}()
 4 SYSTEMPATH/Common.php(1135): CodeIgniter\View\View->render('admin/edit-blog', [], true)
 5 APPPATH/Controllers/Admin.php(3615): view('admin/edit-blog', [...])
 6 SYSTEMPATH/CodeIgniter.php(925): App\Controllers\Admin->edit_our_blog('FCPATH/assets', 'img', 'user', 'u5.jpg')
 7 SYSTEMPATH/CodeIgniter.php(480): CodeIgniter\CodeIgniter->runController(Object(App\Controllers\Admin))
 8 SYSTEMPATH/CodeIgniter.php(349): CodeIgniter\CodeIgniter->handleRequest(null, Object(Config\Cache), false)
 9 FCPATH/index.php(67): CodeIgniter\CodeIgniter->run()
CRITICAL - 2025-11-06 00:47:24 --> Attempt to read property "blog_id" on null
in APPPATH/Views/admin/edit-blog.php on line 46.
 1 APPPATH/Views/admin/edit-blog.php(46): CodeIgniter\Debug\Exceptions->errorHandler(2, 'Attempt to read property "blog_id" on null', 'APPPATH/Views/admin/edit-blog.php', 46)
 2 SYSTEMPATH/View/View.php(213): include('APPPATH/Views/admin/edit-blog.php')
 3 SYSTEMPATH/View/View.php(216): CodeIgniter\View\View->CodeIgniter\View\{closure}()
 4 SYSTEMPATH/Common.php(1135): CodeIgniter\View\View->render('admin/edit-blog', [], true)
 5 APPPATH/Controllers/Admin.php(3615): view('admin/edit-blog', [...])
 6 SYSTEMPATH/CodeIgniter.php(925): App\Controllers\Admin->edit_our_blog('FCPATH/assets', 'img', 'user', 'u4.jpg')
 7 SYSTEMPATH/CodeIgniter.php(480): CodeIgniter\CodeIgniter->runController(Object(App\Controllers\Admin))
 8 SYSTEMPATH/CodeIgniter.php(349): CodeIgniter\CodeIgniter->handleRequest(null, Object(Config\Cache), false)
 9 FCPATH/index.php(67): CodeIgniter\CodeIgniter->run()
CRITICAL - 2025-11-06 00:47:24 --> Attempt to read property "blog_id" on null
in APPPATH/Views/admin/edit-blog.php on line 46.
 1 APPPATH/Views/admin/edit-blog.php(46): CodeIgniter\Debug\Exceptions->errorHandler(2, 'Attempt to read property "blog_id" on null', 'APPPATH/Views/admin/edit-blog.php', 46)
 2 SYSTEMPATH/View/View.php(213): include('APPPATH/Views/admin/edit-blog.php')
 3 SYSTEMPATH/View/View.php(216): CodeIgniter\View\View->CodeIgniter\View\{closure}()
 4 SYSTEMPATH/Common.php(1135): CodeIgniter\View\View->render('admin/edit-blog', [], true)
 5 APPPATH/Controllers/Admin.php(3615): view('admin/edit-blog', [...])
 6 SYSTEMPATH/CodeIgniter.php(925): App\Controllers\Admin->edit_our_blog('FCPATH/assets', 'img', 'user', 'u1.jpg')
 7 SYSTEMPATH/CodeIgniter.php(480): CodeIgniter\CodeIgniter->runController(Object(App\Controllers\Admin))
 8 SYSTEMPATH/CodeIgniter.php(349): CodeIgniter\CodeIgniter->handleRequest(null, Object(Config\Cache), false)
 9 FCPATH/index.php(67): CodeIgniter\CodeIgniter->run()
CRITICAL - 2025-11-06 02:30:22 --> Attempt to read property "blog_id" on null
in APPPATH/Views/admin/edit-blog.php on line 46.
 1 APPPATH/Views/admin/edit-blog.php(46): CodeIgniter\Debug\Exceptions->errorHandler(2, 'Attempt to read property "blog_id" on null', 'APPPATH/Views/admin/edit-blog.php', 46)
 2 SYSTEMPATH/View/View.php(213): include('APPPATH/Views/admin/edit-blog.php')
 3 SYSTEMPATH/View/View.php(216): CodeIgniter\View\View->CodeIgniter\View\{closure}()
 4 SYSTEMPATH/Common.php(1135): CodeIgniter\View\View->render('admin/edit-blog', [], true)
 5 APPPATH/Controllers/Admin.php(3615): view('admin/edit-blog', [...])
 6 SYSTEMPATH/CodeIgniter.php(925): App\Controllers\Admin->edit_our_blog('FCPATH/assets', 'img', 'user', 'u2.jpg')
 7 SYSTEMPATH/CodeIgniter.php(480): CodeIgniter\CodeIgniter->runController(Object(App\Controllers\Admin))
 8 SYSTEMPATH/CodeIgniter.php(349): CodeIgniter\CodeIgniter->handleRequest(null, Object(Config\Cache), false)
 9 FCPATH/index.php(67): CodeIgniter\CodeIgniter->run()
CRITICAL - 2025-11-06 02:30:23 --> Attempt to read property "blog_id" on null
in APPPATH/Views/admin/edit-blog.php on line 46.
 1 APPPATH/Views/admin/edit-blog.php(46): CodeIgniter\Debug\Exceptions->errorHandler(2, 'Attempt to read property "blog_id" on null', 'APPPATH/Views/admin/edit-blog.php', 46)
 2 SYSTEMPATH/View/View.php(213): include('APPPATH/Views/admin/edit-blog.php')
 3 SYSTEMPATH/View/View.php(216): CodeIgniter\View\View->CodeIgniter\View\{closure}()
 4 SYSTEMPATH/Common.php(1135): CodeIgniter\View\View->render('admin/edit-blog', [], true)
 5 APPPATH/Controllers/Admin.php(3615): view('admin/edit-blog', [...])
 6 SYSTEMPATH/CodeIgniter.php(925): App\Controllers\Admin->edit_our_blog('FCPATH/assets', 'img', 'user', 'u4.jpg')
 7 SYSTEMPATH/CodeIgniter.php(480): CodeIgniter\CodeIgniter->runController(Object(App\Controllers\Admin))
 8 SYSTEMPATH/CodeIgniter.php(349): CodeIgniter\CodeIgniter->handleRequest(null, Object(Config\Cache), false)
 9 FCPATH/index.php(67): CodeIgniter\CodeIgniter->run()
CRITICAL - 2025-11-06 02:30:23 --> Attempt to read property "blog_id" on null
in APPPATH/Views/admin/edit-blog.php on line 46.
 1 APPPATH/Views/admin/edit-blog.php(46): CodeIgniter\Debug\Exceptions->errorHandler(2, 'Attempt to read property "blog_id" on null', 'APPPATH/Views/admin/edit-blog.php', 46)
 2 SYSTEMPATH/View/View.php(213): include('APPPATH/Views/admin/edit-blog.php')
 3 SYSTEMPATH/View/View.php(216): CodeIgniter\View\View->CodeIgniter\View\{closure}()
 4 SYSTEMPATH/Common.php(1135): CodeIgniter\View\View->render('admin/edit-blog', [], true)
 5 APPPATH/Controllers/Admin.php(3615): view('admin/edit-blog', [...])
 6 SYSTEMPATH/CodeIgniter.php(925): App\Controllers\Admin->edit_our_blog('FCPATH/assets', 'img', 'user', 'u5.jpg')
 7 SYSTEMPATH/CodeIgniter.php(480): CodeIgniter\CodeIgniter->runController(Object(App\Controllers\Admin))
 8 SYSTEMPATH/CodeIgniter.php(349): CodeIgniter\CodeIgniter->handleRequest(null, Object(Config\Cache), false)
 9 FCPATH/index.php(67): CodeIgniter\CodeIgniter->run()
CRITICAL - 2025-11-06 02:30:23 --> Attempt to read property "blog_id" on null
in APPPATH/Views/admin/edit-blog.php on line 46.
 1 APPPATH/Views/admin/edit-blog.php(46): CodeIgniter\Debug\Exceptions->errorHandler(2, 'Attempt to read property "blog_id" on null', 'APPPATH/Views/admin/edit-blog.php', 46)
 2 SYSTEMPATH/View/View.php(213): include('APPPATH/Views/admin/edit-blog.php')
 3 SYSTEMPATH/View/View.php(216): CodeIgniter\View\View->CodeIgniter\View\{closure}()
 4 SYSTEMPATH/Common.php(1135): CodeIgniter\View\View->render('admin/edit-blog', [], true)
 5 APPPATH/Controllers/Admin.php(3615): view('admin/edit-blog', [...])
 6 SYSTEMPATH/CodeIgniter.php(925): App\Controllers\Admin->edit_our_blog('FCPATH/assets', 'img', 'user', 'u1.jpg')
 7 SYSTEMPATH/CodeIgniter.php(480): CodeIgniter\CodeIgniter->runController(Object(App\Controllers\Admin))
 8 SYSTEMPATH/CodeIgniter.php(349): CodeIgniter\CodeIgniter->handleRequest(null, Object(Config\Cache), false)
 9 FCPATH/index.php(67): CodeIgniter\CodeIgniter->run()
CRITICAL - 2025-11-06 03:24:06 --> Attempt to read property "blog_id" on null
in APPPATH/Views/admin/edit-blog.php on line 46.
 1 APPPATH/Views/admin/edit-blog.php(46): CodeIgniter\Debug\Exceptions->errorHandler(2, 'Attempt to read property "blog_id" on null', 'APPPATH/Views/admin/edit-blog.php', 46)
 2 SYSTEMPATH/View/View.php(213): include('APPPATH/Views/admin/edit-blog.php')
 3 SYSTEMPATH/View/View.php(216): CodeIgniter\View\View->CodeIgniter\View\{closure}()
 4 SYSTEMPATH/Common.php(1135): CodeIgniter\View\View->render('admin/edit-blog', [], true)
 5 APPPATH/Controllers/Admin.php(3615): view('admin/edit-blog', [...])
 6 SYSTEMPATH/CodeIgniter.php(925): App\Controllers\Admin->edit_our_blog('FCPATH/assets', 'img', 'user', 'u2.jpg')
 7 SYSTEMPATH/CodeIgniter.php(480): CodeIgniter\CodeIgniter->runController(Object(App\Controllers\Admin))
 8 SYSTEMPATH/CodeIgniter.php(349): CodeIgniter\CodeIgniter->handleRequest(null, Object(Config\Cache), false)
 9 FCPATH/index.php(67): CodeIgniter\CodeIgniter->run()
CRITICAL - 2025-11-06 03:24:06 --> Attempt to read property "blog_id" on null
in APPPATH/Views/admin/edit-blog.php on line 46.
 1 APPPATH/Views/admin/edit-blog.php(46): CodeIgniter\Debug\Exceptions->errorHandler(2, 'Attempt to read property "blog_id" on null', 'APPPATH/Views/admin/edit-blog.php', 46)
 2 SYSTEMPATH/View/View.php(213): include('APPPATH/Views/admin/edit-blog.php')
 3 SYSTEMPATH/View/View.php(216): CodeIgniter\View\View->CodeIgniter\View\{closure}()
 4 SYSTEMPATH/Common.php(1135): CodeIgniter\View\View->render('admin/edit-blog', [], true)
 5 APPPATH/Controllers/Admin.php(3615): view('admin/edit-blog', [...])
 6 SYSTEMPATH/CodeIgniter.php(925): App\Controllers\Admin->edit_our_blog('FCPATH/assets', 'img', 'user', 'u1.jpg')
 7 SYSTEMPATH/CodeIgniter.php(480): CodeIgniter\CodeIgniter->runController(Object(App\Controllers\Admin))
 8 SYSTEMPATH/CodeIgniter.php(349): CodeIgniter\CodeIgniter->handleRequest(null, Object(Config\Cache), false)
 9 FCPATH/index.php(67): CodeIgniter\CodeIgniter->run()
CRITICAL - 2025-11-06 03:24:06 --> Attempt to read property "blog_id" on null
in APPPATH/Views/admin/edit-blog.php on line 46.
 1 APPPATH/Views/admin/edit-blog.php(46): CodeIgniter\Debug\Exceptions->errorHandler(2, 'Attempt to read property "blog_id" on null', 'APPPATH/Views/admin/edit-blog.php', 46)
 2 SYSTEMPATH/View/View.php(213): include('APPPATH/Views/admin/edit-blog.php')
 3 SYSTEMPATH/View/View.php(216): CodeIgniter\View\View->CodeIgniter\View\{closure}()
 4 SYSTEMPATH/Common.php(1135): CodeIgniter\View\View->render('admin/edit-blog', [], true)
 5 APPPATH/Controllers/Admin.php(3615): view('admin/edit-blog', [...])
 6 SYSTEMPATH/CodeIgniter.php(925): App\Controllers\Admin->edit_our_blog('FCPATH/assets', 'img', 'user', 'u4.jpg')
 7 SYSTEMPATH/CodeIgniter.php(480): CodeIgniter\CodeIgniter->runController(Object(App\Controllers\Admin))
 8 SYSTEMPATH/CodeIgniter.php(349): CodeIgniter\CodeIgniter->handleRequest(null, Object(Config\Cache), false)
 9 FCPATH/index.php(67): CodeIgniter\CodeIgniter->run()
CRITICAL - 2025-11-06 03:24:06 --> Attempt to read property "blog_id" on null
in APPPATH/Views/admin/edit-blog.php on line 46.
 1 APPPATH/Views/admin/edit-blog.php(46): CodeIgniter\Debug\Exceptions->errorHandler(2, 'Attempt to read property "blog_id" on null', 'APPPATH/Views/admin/edit-blog.php', 46)
 2 SYSTEMPATH/View/View.php(213): include('APPPATH/Views/admin/edit-blog.php')
 3 SYSTEMPATH/View/View.php(216): CodeIgniter\View\View->CodeIgniter\View\{closure}()
 4 SYSTEMPATH/Common.php(1135): CodeIgniter\View\View->render('admin/edit-blog', [], true)
 5 APPPATH/Controllers/Admin.php(3615): view('admin/edit-blog', [...])
 6 SYSTEMPATH/CodeIgniter.php(925): App\Controllers\Admin->edit_our_blog('FCPATH/assets', 'img', 'user', 'u5.jpg')
 7 SYSTEMPATH/CodeIgniter.php(480): CodeIgniter\CodeIgniter->runController(Object(App\Controllers\Admin))
 8 SYSTEMPATH/CodeIgniter.php(349): CodeIgniter\CodeIgniter->handleRequest(null, Object(Config\Cache), false)
 9 FCPATH/index.php(67): CodeIgniter\CodeIgniter->run()
CRITICAL - 2025-11-06 07:12:09 --> Attempt to read property "product_id" on null
in APPPATH/Views/admin/edit_product.php on line 11.
 1 APPPATH/Views/admin/edit_product.php(11): CodeIgniter\Debug\Exceptions->errorHandler(2, 'Attempt to read property "product_id" on null', 'APPPATH/Views/admin/edit_product.php', 11)
 2 SYSTEMPATH/View/View.php(213): include('APPPATH/Views/admin/edit_product.php')
 3 SYSTEMPATH/View/View.php(216): CodeIgniter\View\View->CodeIgniter\View\{closure}()
 4 SYSTEMPATH/Common.php(1135): CodeIgniter\View\View->render('admin/edit_product', [], true)
 5 APPPATH/Controllers/Admin.php(3274): view('admin/edit_product', [...])
 6 SYSTEMPATH/CodeIgniter.php(925): App\Controllers\Admin->edit_product('FCPATH/assets', 'img', 'user', 'u2.jpg')
 7 SYSTEMPATH/CodeIgniter.php(480): CodeIgniter\CodeIgniter->runController(Object(App\Controllers\Admin))
 8 SYSTEMPATH/CodeIgniter.php(349): CodeIgniter\CodeIgniter->handleRequest(null, Object(Config\Cache), false)
 9 FCPATH/index.php(67): CodeIgniter\CodeIgniter->run()
CRITICAL - 2025-11-06 07:12:09 --> Attempt to read property "product_id" on null
in APPPATH/Views/admin/edit_product.php on line 11.
 1 APPPATH/Views/admin/edit_product.php(11): CodeIgniter\Debug\Exceptions->errorHandler(2, 'Attempt to read property "product_id" on null', 'APPPATH/Views/admin/edit_product.php', 11)
 2 SYSTEMPATH/View/View.php(213): include('APPPATH/Views/admin/edit_product.php')
 3 SYSTEMPATH/View/View.php(216): CodeIgniter\View\View->CodeIgniter\View\{closure}()
 4 SYSTEMPATH/Common.php(1135): CodeIgniter\View\View->render('admin/edit_product', [], true)
 5 APPPATH/Controllers/Admin.php(3274): view('admin/edit_product', [...])
 6 SYSTEMPATH/CodeIgniter.php(925): App\Controllers\Admin->edit_product('FCPATH/assets', 'img', 'user', 'u5.jpg')
 7 SYSTEMPATH/CodeIgniter.php(480): CodeIgniter\CodeIgniter->runController(Object(App\Controllers\Admin))
 8 SYSTEMPATH/CodeIgniter.php(349): CodeIgniter\CodeIgniter->handleRequest(null, Object(Config\Cache), false)
 9 FCPATH/index.php(67): CodeIgniter\CodeIgniter->run()
CRITICAL - 2025-11-06 07:12:09 --> Attempt to read property "product_id" on null
in APPPATH/Views/admin/edit_product.php on line 11.
 1 APPPATH/Views/admin/edit_product.php(11): CodeIgniter\Debug\Exceptions->errorHandler(2, 'Attempt to read property "product_id" on null', 'APPPATH/Views/admin/edit_product.php', 11)
 2 SYSTEMPATH/View/View.php(213): include('APPPATH/Views/admin/edit_product.php')
 3 SYSTEMPATH/View/View.php(216): CodeIgniter\View\View->CodeIgniter\View\{closure}()
 4 SYSTEMPATH/Common.php(1135): CodeIgniter\View\View->render('admin/edit_product', [], true)
 5 APPPATH/Controllers/Admin.php(3274): view('admin/edit_product', [...])
 6 SYSTEMPATH/CodeIgniter.php(925): App\Controllers\Admin->edit_product('FCPATH/assets', 'img', 'user', 'u1.jpg')
 7 SYSTEMPATH/CodeIgniter.php(480): CodeIgniter\CodeIgniter->runController(Object(App\Controllers\Admin))
 8 SYSTEMPATH/CodeIgniter.php(349): CodeIgniter\CodeIgniter->handleRequest(null, Object(Config\Cache), false)
 9 FCPATH/index.php(67): CodeIgniter\CodeIgniter->run()
CRITICAL - 2025-11-06 07:12:09 --> Attempt to read property "product_id" on null
in APPPATH/Views/admin/edit_product.php on line 11.
 1 APPPATH/Views/admin/edit_product.php(11): CodeIgniter\Debug\Exceptions->errorHandler(2, 'Attempt to read property "product_id" on null', 'APPPATH/Views/admin/edit_product.php', 11)
 2 SYSTEMPATH/View/View.php(213): include('APPPATH/Views/admin/edit_product.php')
 3 SYSTEMPATH/View/View.php(216): CodeIgniter\View\View->CodeIgniter\View\{closure}()
 4 SYSTEMPATH/Common.php(1135): CodeIgniter\View\View->render('admin/edit_product', [], true)
 5 APPPATH/Controllers/Admin.php(3274): view('admin/edit_product', [...])
 6 SYSTEMPATH/CodeIgniter.php(925): App\Controllers\Admin->edit_product('FCPATH/assets', 'img', 'user', 'u4.jpg')
 7 SYSTEMPATH/CodeIgniter.php(480): CodeIgniter\CodeIgniter->runController(Object(App\Controllers\Admin))
 8 SYSTEMPATH/CodeIgniter.php(349): CodeIgniter\CodeIgniter->handleRequest(null, Object(Config\Cache), false)
 9 FCPATH/index.php(67): CodeIgniter\CodeIgniter->run()
CRITICAL - 2025-11-06 07:47:48 --> Attempt to read property "product_id" on null
in APPPATH/Views/admin/edit_product.php on line 11.
 1 APPPATH/Views/admin/edit_product.php(11): CodeIgniter\Debug\Exceptions->errorHandler(2, 'Attempt to read property "product_id" on null', 'APPPATH/Views/admin/edit_product.php', 11)
 2 SYSTEMPATH/View/View.php(213): include('APPPATH/Views/admin/edit_product.php')
 3 SYSTEMPATH/View/View.php(216): CodeIgniter\View\View->CodeIgniter\View\{closure}()
 4 SYSTEMPATH/Common.php(1135): CodeIgniter\View\View->render('admin/edit_product', [], true)
 5 APPPATH/Controllers/Admin.php(3274): view('admin/edit_product', [...])
 6 SYSTEMPATH/CodeIgniter.php(925): App\Controllers\Admin->edit_product('FCPATH/assets', 'img', 'user', 'u2.jpg')
 7 SYSTEMPATH/CodeIgniter.php(480): CodeIgniter\CodeIgniter->runController(Object(App\Controllers\Admin))
 8 SYSTEMPATH/CodeIgniter.php(349): CodeIgniter\CodeIgniter->handleRequest(null, Object(Config\Cache), false)
 9 FCPATH/index.php(67): CodeIgniter\CodeIgniter->run()
CRITICAL - 2025-11-06 07:47:48 --> Attempt to read property "product_id" on null
in APPPATH/Views/admin/edit_product.php on line 11.
 1 APPPATH/Views/admin/edit_product.php(11): CodeIgniter\Debug\Exceptions->errorHandler(2, 'Attempt to read property "product_id" on null', 'APPPATH/Views/admin/edit_product.php', 11)
 2 SYSTEMPATH/View/View.php(213): include('APPPATH/Views/admin/edit_product.php')
 3 SYSTEMPATH/View/View.php(216): CodeIgniter\View\View->CodeIgniter\View\{closure}()
 4 SYSTEMPATH/Common.php(1135): CodeIgniter\View\View->render('admin/edit_product', [], true)
 5 APPPATH/Controllers/Admin.php(3274): view('admin/edit_product', [...])
 6 SYSTEMPATH/CodeIgniter.php(925): App\Controllers\Admin->edit_product('FCPATH/assets', 'img', 'user', 'u1.jpg')
 7 SYSTEMPATH/CodeIgniter.php(480): CodeIgniter\CodeIgniter->runController(Object(App\Controllers\Admin))
 8 SYSTEMPATH/CodeIgniter.php(349): CodeIgniter\CodeIgniter->handleRequest(null, Object(Config\Cache), false)
 9 FCPATH/index.php(67): CodeIgniter\CodeIgniter->run()
CRITICAL - 2025-11-06 07:47:48 --> Attempt to read property "product_id" on null
in APPPATH/Views/admin/edit_product.php on line 11.
 1 APPPATH/Views/admin/edit_product.php(11): CodeIgniter\Debug\Exceptions->errorHandler(2, 'Attempt to read property "product_id" on null', 'APPPATH/Views/admin/edit_product.php', 11)
 2 SYSTEMPATH/View/View.php(213): include('APPPATH/Views/admin/edit_product.php')
 3 SYSTEMPATH/View/View.php(216): CodeIgniter\View\View->CodeIgniter\View\{closure}()
 4 SYSTEMPATH/Common.php(1135): CodeIgniter\View\View->render('admin/edit_product', [], true)
 5 APPPATH/Controllers/Admin.php(3274): view('admin/edit_product', [...])
 6 SYSTEMPATH/CodeIgniter.php(925): App\Controllers\Admin->edit_product('FCPATH/assets', 'img', 'user', 'u4.jpg')
 7 SYSTEMPATH/CodeIgniter.php(480): CodeIgniter\CodeIgniter->runController(Object(App\Controllers\Admin))
 8 SYSTEMPATH/CodeIgniter.php(349): CodeIgniter\CodeIgniter->handleRequest(null, Object(Config\Cache), false)
 9 FCPATH/index.php(67): CodeIgniter\CodeIgniter->run()
CRITICAL - 2025-11-06 07:47:48 --> Attempt to read property "product_id" on null
in APPPATH/Views/admin/edit_product.php on line 11.
 1 APPPATH/Views/admin/edit_product.php(11): CodeIgniter\Debug\Exceptions->errorHandler(2, 'Attempt to read property "product_id" on null', 'APPPATH/Views/admin/edit_product.php', 11)
 2 SYSTEMPATH/View/View.php(213): include('APPPATH/Views/admin/edit_product.php')
 3 SYSTEMPATH/View/View.php(216): CodeIgniter\View\View->CodeIgniter\View\{closure}()
 4 SYSTEMPATH/Common.php(1135): CodeIgniter\View\View->render('admin/edit_product', [], true)
 5 APPPATH/Controllers/Admin.php(3274): view('admin/edit_product', [...])
 6 SYSTEMPATH/CodeIgniter.php(925): App\Controllers\Admin->edit_product('FCPATH/assets', 'img', 'user', 'u5.jpg')
 7 SYSTEMPATH/CodeIgniter.php(480): CodeIgniter\CodeIgniter->runController(Object(App\Controllers\Admin))
 8 SYSTEMPATH/CodeIgniter.php(349): CodeIgniter\CodeIgniter->handleRequest(null, Object(Config\Cache), false)
 9 FCPATH/index.php(67): CodeIgniter\CodeIgniter->run()
CRITICAL - 2025-11-06 07:50:50 --> Attempt to read property "product_id" on null
in APPPATH/Views/admin/edit_product.php on line 11.
 1 APPPATH/Views/admin/edit_product.php(11): CodeIgniter\Debug\Exceptions->errorHandler(2, 'Attempt to read property "product_id" on null', 'APPPATH/Views/admin/edit_product.php', 11)
 2 SYSTEMPATH/View/View.php(213): include('APPPATH/Views/admin/edit_product.php')
 3 SYSTEMPATH/View/View.php(216): CodeIgniter\View\View->CodeIgniter\View\{closure}()
 4 SYSTEMPATH/Common.php(1135): CodeIgniter\View\View->render('admin/edit_product', [], true)
 5 APPPATH/Controllers/Admin.php(3274): view('admin/edit_product', [...])
 6 SYSTEMPATH/CodeIgniter.php(925): App\Controllers\Admin->edit_product('FCPATH/assets', 'img', 'user', 'u2.jpg')
 7 SYSTEMPATH/CodeIgniter.php(480): CodeIgniter\CodeIgniter->runController(Object(App\Controllers\Admin))
 8 SYSTEMPATH/CodeIgniter.php(349): CodeIgniter\CodeIgniter->handleRequest(null, Object(Config\Cache), false)
 9 FCPATH/index.php(67): CodeIgniter\CodeIgniter->run()
CRITICAL - 2025-11-06 07:50:50 --> Attempt to read property "product_id" on null
in APPPATH/Views/admin/edit_product.php on line 11.
 1 APPPATH/Views/admin/edit_product.php(11): CodeIgniter\Debug\Exceptions->errorHandler(2, 'Attempt to read property "product_id" on null', 'APPPATH/Views/admin/edit_product.php', 11)
 2 SYSTEMPATH/View/View.php(213): include('APPPATH/Views/admin/edit_product.php')
 3 SYSTEMPATH/View/View.php(216): CodeIgniter\View\View->CodeIgniter\View\{closure}()
 4 SYSTEMPATH/Common.php(1135): CodeIgniter\View\View->render('admin/edit_product', [], true)
 5 APPPATH/Controllers/Admin.php(3274): view('admin/edit_product', [...])
 6 SYSTEMPATH/CodeIgniter.php(925): App\Controllers\Admin->edit_product('FCPATH/assets', 'img', 'user', 'u5.jpg')
 7 SYSTEMPATH/CodeIgniter.php(480): CodeIgniter\CodeIgniter->runController(Object(App\Controllers\Admin))
 8 SYSTEMPATH/CodeIgniter.php(349): CodeIgniter\CodeIgniter->handleRequest(null, Object(Config\Cache), false)
 9 FCPATH/index.php(67): CodeIgniter\CodeIgniter->run()
CRITICAL - 2025-11-06 07:50:50 --> Attempt to read property "product_id" on null
in APPPATH/Views/admin/edit_product.php on line 11.
 1 APPPATH/Views/admin/edit_product.php(11): CodeIgniter\Debug\Exceptions->errorHandler(2, 'Attempt to read property "product_id" on null', 'APPPATH/Views/admin/edit_product.php', 11)
 2 SYSTEMPATH/View/View.php(213): include('APPPATH/Views/admin/edit_product.php')
 3 SYSTEMPATH/View/View.php(216): CodeIgniter\View\View->CodeIgniter\View\{closure}()
 4 SYSTEMPATH/Common.php(1135): CodeIgniter\View\View->render('admin/edit_product', [], true)
 5 APPPATH/Controllers/Admin.php(3274): view('admin/edit_product', [...])
 6 SYSTEMPATH/CodeIgniter.php(925): App\Controllers\Admin->edit_product('FCPATH/assets', 'img', 'user', 'u1.jpg')
 7 SYSTEMPATH/CodeIgniter.php(480): CodeIgniter\CodeIgniter->runController(Object(App\Controllers\Admin))
 8 SYSTEMPATH/CodeIgniter.php(349): CodeIgniter\CodeIgniter->handleRequest(null, Object(Config\Cache), false)
 9 FCPATH/index.php(67): CodeIgniter\CodeIgniter->run()
CRITICAL - 2025-11-06 07:50:50 --> Attempt to read property "product_id" on null
in APPPATH/Views/admin/edit_product.php on line 11.
 1 APPPATH/Views/admin/edit_product.php(11): CodeIgniter\Debug\Exceptions->errorHandler(2, 'Attempt to read property "product_id" on null', 'APPPATH/Views/admin/edit_product.php', 11)
 2 SYSTEMPATH/View/View.php(213): include('APPPATH/Views/admin/edit_product.php')
 3 SYSTEMPATH/View/View.php(216): CodeIgniter\View\View->CodeIgniter\View\{closure}()
 4 SYSTEMPATH/Common.php(1135): CodeIgniter\View\View->render('admin/edit_product', [], true)
 5 APPPATH/Controllers/Admin.php(3274): view('admin/edit_product', [...])
 6 SYSTEMPATH/CodeIgniter.php(925): App\Controllers\Admin->edit_product('FCPATH/assets', 'img', 'user', 'u4.jpg')
 7 SYSTEMPATH/CodeIgniter.php(480): CodeIgniter\CodeIgniter->runController(Object(App\Controllers\Admin))
 8 SYSTEMPATH/CodeIgniter.php(349): CodeIgniter\CodeIgniter->handleRequest(null, Object(Config\Cache), false)
 9 FCPATH/index.php(67): CodeIgniter\CodeIgniter->run()
CRITICAL - 2025-11-06 07:52:05 --> Attempt to read property "product_id" on null
in APPPATH/Views/admin/edit_product.php on line 11.
 1 APPPATH/Views/admin/edit_product.php(11): CodeIgniter\Debug\Exceptions->errorHandler(2, 'Attempt to read property "product_id" on null', 'APPPATH/Views/admin/edit_product.php', 11)
 2 SYSTEMPATH/View/View.php(213): include('APPPATH/Views/admin/edit_product.php')
 3 SYSTEMPATH/View/View.php(216): CodeIgniter\View\View->CodeIgniter\View\{closure}()
 4 SYSTEMPATH/Common.php(1135): CodeIgniter\View\View->render('admin/edit_product', [], true)
 5 APPPATH/Controllers/Admin.php(3274): view('admin/edit_product', [...])
 6 SYSTEMPATH/CodeIgniter.php(925): App\Controllers\Admin->edit_product('FCPATH/assets', 'img', 'user', 'u2.jpg')
 7 SYSTEMPATH/CodeIgniter.php(480): CodeIgniter\CodeIgniter->runController(Object(App\Controllers\Admin))
 8 SYSTEMPATH/CodeIgniter.php(349): CodeIgniter\CodeIgniter->handleRequest(null, Object(Config\Cache), false)
 9 FCPATH/index.php(67): CodeIgniter\CodeIgniter->run()
CRITICAL - 2025-11-06 07:52:05 --> Attempt to read property "product_id" on null
in APPPATH/Views/admin/edit_product.php on line 11.
 1 APPPATH/Views/admin/edit_product.php(11): CodeIgniter\Debug\Exceptions->errorHandler(2, 'Attempt to read property "product_id" on null', 'APPPATH/Views/admin/edit_product.php', 11)
 2 SYSTEMPATH/View/View.php(213): include('APPPATH/Views/admin/edit_product.php')
 3 SYSTEMPATH/View/View.php(216): CodeIgniter\View\View->CodeIgniter\View\{closure}()
 4 SYSTEMPATH/Common.php(1135): CodeIgniter\View\View->render('admin/edit_product', [], true)
 5 APPPATH/Controllers/Admin.php(3274): view('admin/edit_product', [...])
 6 SYSTEMPATH/CodeIgniter.php(925): App\Controllers\Admin->edit_product('FCPATH/assets', 'img', 'user', 'u5.jpg')
 7 SYSTEMPATH/CodeIgniter.php(480): CodeIgniter\CodeIgniter->runController(Object(App\Controllers\Admin))
 8 SYSTEMPATH/CodeIgniter.php(349): CodeIgniter\CodeIgniter->handleRequest(null, Object(Config\Cache), false)
 9 FCPATH/index.php(67): CodeIgniter\CodeIgniter->run()
CRITICAL - 2025-11-06 07:52:05 --> Attempt to read property "product_id" on null
in APPPATH/Views/admin/edit_product.php on line 11.
 1 APPPATH/Views/admin/edit_product.php(11): CodeIgniter\Debug\Exceptions->errorHandler(2, 'Attempt to read property "product_id" on null', 'APPPATH/Views/admin/edit_product.php', 11)
 2 SYSTEMPATH/View/View.php(213): include('APPPATH/Views/admin/edit_product.php')
 3 SYSTEMPATH/View/View.php(216): CodeIgniter\View\View->CodeIgniter\View\{closure}()
 4 SYSTEMPATH/Common.php(1135): CodeIgniter\View\View->render('admin/edit_product', [], true)
 5 APPPATH/Controllers/Admin.php(3274): view('admin/edit_product', [...])
 6 SYSTEMPATH/CodeIgniter.php(925): App\Controllers\Admin->edit_product('FCPATH/assets', 'img', 'user', 'u1.jpg')
 7 SYSTEMPATH/CodeIgniter.php(480): CodeIgniter\CodeIgniter->runController(Object(App\Controllers\Admin))
 8 SYSTEMPATH/CodeIgniter.php(349): CodeIgniter\CodeIgniter->handleRequest(null, Object(Config\Cache), false)
 9 FCPATH/index.php(67): CodeIgniter\CodeIgniter->run()
CRITICAL - 2025-11-06 07:52:05 --> Attempt to read property "product_id" on null
in APPPATH/Views/admin/edit_product.php on line 11.
 1 APPPATH/Views/admin/edit_product.php(11): CodeIgniter\Debug\Exceptions->errorHandler(2, 'Attempt to read property "product_id" on null', 'APPPATH/Views/admin/edit_product.php', 11)
 2 SYSTEMPATH/View/View.php(213): include('APPPATH/Views/admin/edit_product.php')
 3 SYSTEMPATH/View/View.php(216): CodeIgniter\View\View->CodeIgniter\View\{closure}()
 4 SYSTEMPATH/Common.php(1135): CodeIgniter\View\View->render('admin/edit_product', [], true)
 5 APPPATH/Controllers/Admin.php(3274): view('admin/edit_product', [...])
 6 SYSTEMPATH/CodeIgniter.php(925): App\Controllers\Admin->edit_product('FCPATH/assets', 'img', 'user', 'u4.jpg')
 7 SYSTEMPATH/CodeIgniter.php(480): CodeIgniter\CodeIgniter->runController(Object(App\Controllers\Admin))
 8 SYSTEMPATH/CodeIgniter.php(349): CodeIgniter\CodeIgniter->handleRequest(null, Object(Config\Cache), false)
 9 FCPATH/index.php(67): CodeIgniter\CodeIgniter->run()
