ERROR - 2023-02-08 03:07:53 --> mysqli_sql_exception: Unknown column 'menu_order' in 'field list' in /home2/aseelectricalco/public_html/warsi/system/Database/MySQLi/Connection.php:292
Stack trace:
#0 /home2/aseelectricalco/public_html/warsi/system/Database/MySQLi/Connection.php(292): mysqli->query('UPDATE `positio...', 0)
#1 /home2/aseelectricalco/public_html/warsi/system/Database/BaseConnection.php(666): CodeIgniter\Database\MySQLi\Connection->execute('UPDATE `positio...')
#2 /home2/aseelectricalco/public_html/warsi/system/Database/BaseConnection.php(593): CodeIgniter\Database\BaseConnection->simpleQuery('UPDATE `positio...')
#3 /home2/aseelectricalco/public_html/warsi/system/Database/BaseBuilder.php(2079): CodeIgniter\Database\BaseConnection->query('UPDATE `positio...', Array, false)
#4 /home2/aseelectricalco/public_html/warsi/app/Models/Commanmodel.php(52): CodeIgniter\Database\BaseBuilder->update(Array)
#5 /home2/aseelectricalco/public_html/warsi/app/Controllers/Admin.php(1264): App\Models\Commanmodel->update_query('position', Array, Array)
#6 /home2/aseelectricalco/public_html/warsi/system/CodeIgniter.php(925): App\Controllers\Admin->position_update()
#7 /home2/aseelectricalco/public_html/warsi/system/CodeIgniter.php(480): CodeIgniter\CodeIgniter->runController(Object(App\Controllers\Admin))
#8 /home2/aseelectricalco/public_html/warsi/system/CodeIgniter.php(349): CodeIgniter\CodeIgniter->handleRequest(NULL, Object(Config\Cache), false)
#9 /home2/aseelectricalco/public_html/warsi/index.php(67): CodeIgniter\CodeIgniter->run()
#10 {main}
CRITICAL - 2023-02-08 03:40:27 --> Invalid argument supplied for foreach()
in APPPATH/Views/admin/employee.php on line 82.
 1 APPPATH/Views/admin/employee.php(82): CodeIgniter\Debug\Exceptions->errorHandler(2, 'Invalid argument supplied for foreach()', 'APPPATH/Views/admin/employee.php', 82, [])
 2 SYSTEMPATH/View/View.php(213): include('APPPATH/Views/admin/employee.php')
 3 SYSTEMPATH/View/View.php(216): CodeIgniter\View\View->CodeIgniter\View\{closure}()
 4 SYSTEMPATH/Common.php(1135): CodeIgniter\View\View->render('admin/employee', [], true)
 5 APPPATH/Controllers/Admin.php(1267): view('admin/employee', [])
 6 SYSTEMPATH/CodeIgniter.php(925): App\Controllers\Admin->employee()
 7 SYSTEMPATH/CodeIgniter.php(480): CodeIgniter\CodeIgniter->runController(Object(App\Controllers\Admin))
 8 SYSTEMPATH/CodeIgniter.php(349): CodeIgniter\CodeIgniter->handleRequest(null, Object(Config\Cache), false)
 9 FCPATH/index.php(67): CodeIgniter\CodeIgniter->run()
ERROR - 2023-02-08 03:55:50 --> mysqli_sql_exception: Unknown column 'state_status' in 'where clause' in /home2/aseelectricalco/public_html/warsi/system/Database/MySQLi/Connection.php:292
Stack trace:
#0 /home2/aseelectricalco/public_html/warsi/system/Database/MySQLi/Connection.php(292): mysqli->query('SELECT *\nFROM `...', 0)
#1 /home2/aseelectricalco/public_html/warsi/system/Database/BaseConnection.php(666): CodeIgniter\Database\MySQLi\Connection->execute('SELECT *\nFROM `...')
#2 /home2/aseelectricalco/public_html/warsi/system/Database/BaseConnection.php(593): CodeIgniter\Database\BaseConnection->simpleQuery('SELECT *\nFROM `...')
#3 /home2/aseelectricalco/public_html/warsi/system/Database/BaseBuilder.php(1585): CodeIgniter\Database\BaseConnection->query('SELECT *\nFROM `...', Array, false)
#4 /home2/aseelectricalco/public_html/warsi/app/Models/Commanmodel.php(65): CodeIgniter\Database\BaseBuilder->get()
#5 /home2/aseelectricalco/public_html/warsi/app/Controllers/Admin.php(1279): App\Models\Commanmodel->all_multiple_query_order_by('state', Array, 'state_id', 'ASC')
#6 /home2/aseelectricalco/public_html/warsi/system/CodeIgniter.php(925): App\Controllers\Admin->employee_create()
#7 /home2/aseelectricalco/public_html/warsi/system/CodeIgniter.php(480): CodeIgniter\CodeIgniter->runController(Object(App\Controllers\Admin))
#8 /home2/aseelectricalco/public_html/warsi/system/CodeIgniter.php(349): CodeIgniter\CodeIgniter->handleRequest(NULL, Object(Config\Cache), false)
#9 /home2/aseelectricalco/public_html/warsi/index.php(67): CodeIgniter\CodeIgniter->run()
#10 {main}
CRITICAL - 2023-02-08 03:55:50 --> Call to a member function getResult() on bool
in APPPATH/Models/Commanmodel.php on line 67.
 1 APPPATH/Controllers/Admin.php(1279): App\Models\Commanmodel->all_multiple_query_order_by('state', [...], 'state_id', 'ASC')
 2 SYSTEMPATH/CodeIgniter.php(925): App\Controllers\Admin->employee_create()
 3 SYSTEMPATH/CodeIgniter.php(480): CodeIgniter\CodeIgniter->runController(Object(App\Controllers\Admin))
 4 SYSTEMPATH/CodeIgniter.php(349): CodeIgniter\CodeIgniter->handleRequest(null, Object(Config\Cache), false)
 5 FCPATH/index.php(67): CodeIgniter\CodeIgniter->run()
CRITICAL - 2023-02-08 04:23:44 --> Call to a member function post() on null
in APPPATH/Controllers/Ajex.php on line 12.
 1 SYSTEMPATH/CodeIgniter.php(925): App\Controllers\Ajex->getCity()
 2 SYSTEMPATH/CodeIgniter.php(480): CodeIgniter\CodeIgniter->runController(Object(App\Controllers\Ajex))
 3 SYSTEMPATH/CodeIgniter.php(349): CodeIgniter\CodeIgniter->handleRequest(null, Object(Config\Cache), false)
 4 FCPATH/index.php(67): CodeIgniter\CodeIgniter->run()
CRITICAL - 2023-02-08 04:23:54 --> Call to a member function post() on null
in APPPATH/Controllers/Ajex.php on line 12.
 1 SYSTEMPATH/CodeIgniter.php(925): App\Controllers\Ajex->getCity()
 2 SYSTEMPATH/CodeIgniter.php(480): CodeIgniter\CodeIgniter->runController(Object(App\Controllers\Ajex))
 3 SYSTEMPATH/CodeIgniter.php(349): CodeIgniter\CodeIgniter->handleRequest(null, Object(Config\Cache), false)
 4 FCPATH/index.php(67): CodeIgniter\CodeIgniter->run()
CRITICAL - 2023-02-08 04:24:46 --> Call to a member function post() on null
in APPPATH/Controllers/Ajex.php on line 12.
 1 SYSTEMPATH/CodeIgniter.php(925): App\Controllers\Ajex->getCity()
 2 SYSTEMPATH/CodeIgniter.php(480): CodeIgniter\CodeIgniter->runController(Object(App\Controllers\Ajex))
 3 SYSTEMPATH/CodeIgniter.php(349): CodeIgniter\CodeIgniter->handleRequest(null, Object(Config\Cache), false)
 4 FCPATH/index.php(67): CodeIgniter\CodeIgniter->run()
CRITICAL - 2023-02-08 04:25:28 --> Call to a member function getCity() on null
in APPPATH/Controllers/Ajex.php on line 13.
 1 SYSTEMPATH/CodeIgniter.php(925): App\Controllers\Ajex->getCity()
 2 SYSTEMPATH/CodeIgniter.php(480): CodeIgniter\CodeIgniter->runController(Object(App\Controllers\Ajex))
 3 SYSTEMPATH/CodeIgniter.php(349): CodeIgniter\CodeIgniter->handleRequest(null, Object(Config\Cache), false)
 4 FCPATH/index.php(67): CodeIgniter\CodeIgniter->run()
CRITICAL - 2023-02-08 04:26:37 --> Call to a member function getCity() on null
in APPPATH/Controllers/Ajex.php on line 13.
 1 SYSTEMPATH/CodeIgniter.php(925): App\Controllers\Ajex->getCity()
 2 SYSTEMPATH/CodeIgniter.php(480): CodeIgniter\CodeIgniter->runController(Object(App\Controllers\Ajex))
 3 SYSTEMPATH/CodeIgniter.php(349): CodeIgniter\CodeIgniter->handleRequest(null, Object(Config\Cache), false)
 4 FCPATH/index.php(67): CodeIgniter\CodeIgniter->run()
ERROR - 2023-02-08 05:17:28 --> mysqli_sql_exception: Table 'aseelect_warsi.employee_image' doesn't exist in /home2/aseelectricalco/public_html/warsi/system/Database/MySQLi/Connection.php:292
Stack trace:
#0 /home2/aseelectricalco/public_html/warsi/system/Database/MySQLi/Connection.php(292): mysqli->query('SELECT *\nFROM `...', 0)
#1 /home2/aseelectricalco/public_html/warsi/system/Database/BaseConnection.php(666): CodeIgniter\Database\MySQLi\Connection->execute('SELECT *\nFROM `...')
#2 /home2/aseelectricalco/public_html/warsi/system/Database/BaseConnection.php(593): CodeIgniter\Database\BaseConnection->simpleQuery('SELECT *\nFROM `...')
#3 /home2/aseelectricalco/public_html/warsi/system/Database/BaseBuilder.php(1585): CodeIgniter\Database\BaseConnection->query('SELECT *\nFROM `...', Array, false)
#4 /home2/aseelectricalco/public_html/warsi/app/Models/Commanmodel.php(71): CodeIgniter\Database\BaseBuilder->get()
#5 /home2/aseelectricalco/public_html/warsi/app/Controllers/Admin.php(1457): App\Models\Commanmodel->all_multiple_query_order_by('employee_image', Array, 'employee_image_...', 'ASC')
#6 /home2/aseelectricalco/public_html/warsi/system/CodeIgniter.php(925): App\Controllers\Admin->employee_edit('1')
#7 /home2/aseelectricalco/public_html/warsi/system/CodeIgniter.php(480): CodeIgniter\CodeIgniter->runController(Object(App\Controllers\Admin))
#8 /home2/aseelectricalco/public_html/warsi/system/CodeIgniter.php(349): CodeIgniter\CodeIgniter->handleRequest(NULL, Object(Config\Cache), false)
#9 /home2/aseelectricalco/public_html/warsi/index.php(67): CodeIgniter\CodeIgniter->run()
#10 {main}
CRITICAL - 2023-02-08 05:17:28 --> Call to a member function getResult() on bool
in APPPATH/Models/Commanmodel.php on line 73.
 1 APPPATH/Controllers/Admin.php(1457): App\Models\Commanmodel->all_multiple_query_order_by('employee_image', [...], 'employee_image_id', 'ASC')
 2 SYSTEMPATH/CodeIgniter.php(925): App\Controllers\Admin->employee_edit('1')
 3 SYSTEMPATH/CodeIgniter.php(480): CodeIgniter\CodeIgniter->runController(Object(App\Controllers\Admin))
 4 SYSTEMPATH/CodeIgniter.php(349): CodeIgniter\CodeIgniter->handleRequest(null, Object(Config\Cache), false)
 5 FCPATH/index.php(67): CodeIgniter\CodeIgniter->run()
CRITICAL - 2023-02-08 05:22:15 --> Invalid file: admin/employee_edit.php
in SYSTEMPATH/Exceptions/FrameworkException.php on line 33.
 1 SYSTEMPATH/View/View.php(201): CodeIgniter\Exceptions\FrameworkException::forInvalidFile('admin/employee_edit.php')
 2 SYSTEMPATH/Common.php(1135): CodeIgniter\View\View->render('admin/employee_edit', [], true)
 3 APPPATH/Controllers/Admin.php(1464): view('admin/employee_edit', [...])
 4 SYSTEMPATH/CodeIgniter.php(925): App\Controllers\Admin->employee_edit('1')
 5 SYSTEMPATH/CodeIgniter.php(480): CodeIgniter\CodeIgniter->runController(Object(App\Controllers\Admin))
 6 SYSTEMPATH/CodeIgniter.php(349): CodeIgniter\CodeIgniter->handleRequest(null, Object(Config\Cache), false)
 7 FCPATH/index.php(67): CodeIgniter\CodeIgniter->run()
CRITICAL - 2023-02-08 05:24:48 --> Invalid file: admin/employee_edit.php
in SYSTEMPATH/Exceptions/FrameworkException.php on line 33.
 1 SYSTEMPATH/View/View.php(201): CodeIgniter\Exceptions\FrameworkException::forInvalidFile('admin/employee_edit.php')
 2 SYSTEMPATH/Common.php(1135): CodeIgniter\View\View->render('admin/employee_edit', [], true)
 3 APPPATH/Controllers/Admin.php(1464): view('admin/employee_edit', [...])
 4 SYSTEMPATH/CodeIgniter.php(925): App\Controllers\Admin->employee_edit('1')
 5 SYSTEMPATH/CodeIgniter.php(480): CodeIgniter\CodeIgniter->runController(Object(App\Controllers\Admin))
 6 SYSTEMPATH/CodeIgniter.php(349): CodeIgniter\CodeIgniter->handleRequest(null, Object(Config\Cache), false)
 7 FCPATH/index.php(67): CodeIgniter\CodeIgniter->run()
CRITICAL - 2023-02-08 05:25:25 --> Invalid file: admin/employee_edit.php
in SYSTEMPATH/Exceptions/FrameworkException.php on line 33.
 1 SYSTEMPATH/View/View.php(201): CodeIgniter\Exceptions\FrameworkException::forInvalidFile('admin/employee_edit.php')
 2 SYSTEMPATH/Common.php(1135): CodeIgniter\View\View->render('admin/employee_edit', [], true)
 3 APPPATH/Controllers/Admin.php(1464): view('admin/employee_edit', [...])
 4 SYSTEMPATH/CodeIgniter.php(925): App\Controllers\Admin->employee_edit('1')
 5 SYSTEMPATH/CodeIgniter.php(480): CodeIgniter\CodeIgniter->runController(Object(App\Controllers\Admin))
 6 SYSTEMPATH/CodeIgniter.php(349): CodeIgniter\CodeIgniter->handleRequest(null, Object(Config\Cache), false)
 7 FCPATH/index.php(67): CodeIgniter\CodeIgniter->run()
CRITICAL - 2023-02-08 05:25:28 --> Invalid file: admin/employee_edit.php
in SYSTEMPATH/Exceptions/FrameworkException.php on line 33.
 1 SYSTEMPATH/View/View.php(201): CodeIgniter\Exceptions\FrameworkException::forInvalidFile('admin/employee_edit.php')
 2 SYSTEMPATH/Common.php(1135): CodeIgniter\View\View->render('admin/employee_edit', [], true)
 3 APPPATH/Controllers/Admin.php(1464): view('admin/employee_edit', [...])
 4 SYSTEMPATH/CodeIgniter.php(925): App\Controllers\Admin->employee_edit('1')
 5 SYSTEMPATH/CodeIgniter.php(480): CodeIgniter\CodeIgniter->runController(Object(App\Controllers\Admin))
 6 SYSTEMPATH/CodeIgniter.php(349): CodeIgniter\CodeIgniter->handleRequest(null, Object(Config\Cache), false)
 7 FCPATH/index.php(67): CodeIgniter\CodeIgniter->run()
CRITICAL - 2023-02-08 05:25:31 --> Invalid file: admin/employee_edit.php
in SYSTEMPATH/Exceptions/FrameworkException.php on line 33.
 1 SYSTEMPATH/View/View.php(201): CodeIgniter\Exceptions\FrameworkException::forInvalidFile('admin/employee_edit.php')
 2 SYSTEMPATH/Common.php(1135): CodeIgniter\View\View->render('admin/employee_edit', [], true)
 3 APPPATH/Controllers/Admin.php(1464): view('admin/employee_edit', [...])
 4 SYSTEMPATH/CodeIgniter.php(925): App\Controllers\Admin->employee_edit('1')
 5 SYSTEMPATH/CodeIgniter.php(480): CodeIgniter\CodeIgniter->runController(Object(App\Controllers\Admin))
 6 SYSTEMPATH/CodeIgniter.php(349): CodeIgniter\CodeIgniter->handleRequest(null, Object(Config\Cache), false)
 7 FCPATH/index.php(67): CodeIgniter\CodeIgniter->run()
CRITICAL - 2023-02-08 05:26:17 --> Invalid file: admin/employee_edit.php
in SYSTEMPATH/Exceptions/FrameworkException.php on line 33.
 1 SYSTEMPATH/View/View.php(201): CodeIgniter\Exceptions\FrameworkException::forInvalidFile('admin/employee_edit.php')
 2 SYSTEMPATH/Common.php(1135): CodeIgniter\View\View->render('admin/employee_edit', [], true)
 3 APPPATH/Controllers/Admin.php(1464): view('admin/employee_edit', [...])
 4 SYSTEMPATH/CodeIgniter.php(925): App\Controllers\Admin->employee_edit('1')
 5 SYSTEMPATH/CodeIgniter.php(480): CodeIgniter\CodeIgniter->runController(Object(App\Controllers\Admin))
 6 SYSTEMPATH/CodeIgniter.php(349): CodeIgniter\CodeIgniter->handleRequest(null, Object(Config\Cache), false)
 7 FCPATH/index.php(67): CodeIgniter\CodeIgniter->run()
CRITICAL - 2023-02-08 06:53:10 --> Call to a member function library() on null
in APPPATH/Controllers/Admin.php on line 1302.
 1 SYSTEMPATH/CodeIgniter.php(925): App\Controllers\Admin->employee()
 2 SYSTEMPATH/CodeIgniter.php(480): CodeIgniter\CodeIgniter->runController(Object(App\Controllers\Admin))
 3 SYSTEMPATH/CodeIgniter.php(349): CodeIgniter\CodeIgniter->handleRequest(null, Object(Config\Cache), false)
 4 FCPATH/index.php(67): CodeIgniter\CodeIgniter->run()
CRITICAL - 2023-02-08 23:01:08 --> Call to a member function library() on null
in APPPATH/Controllers/Admin.php on line 1302.
 1 SYSTEMPATH/CodeIgniter.php(925): App\Controllers\Admin->employee()
 2 SYSTEMPATH/CodeIgniter.php(480): CodeIgniter\CodeIgniter->runController(Object(App\Controllers\Admin))
 3 SYSTEMPATH/CodeIgniter.php(349): CodeIgniter\CodeIgniter->handleRequest(null, Object(Config\Cache), false)
 4 FCPATH/index.php(67): CodeIgniter\CodeIgniter->run()
CRITICAL - 2023-02-08 23:18:34 --> Call to undefined method CodeIgniter\Database\MySQLi\Builder::or_like()
in APPPATH/Models/Employeemodel.php on line 64.
 1 APPPATH/Models/Employeemodel.php(91): App\Models\Employeemodel->_get_datatables_query()
 2 APPPATH/Controllers/Admin.php(1318): App\Models\Employeemodel->get_datatables()
 3 SYSTEMPATH/CodeIgniter.php(925): App\Controllers\Admin->list_employee_ajax()
 4 SYSTEMPATH/CodeIgniter.php(480): CodeIgniter\CodeIgniter->runController(Object(App\Controllers\Admin))
 5 SYSTEMPATH/CodeIgniter.php(349): CodeIgniter\CodeIgniter->handleRequest(null, Object(Config\Cache), false)
 6 FCPATH/index.php(67): CodeIgniter\CodeIgniter->run()
CRITICAL - 2023-02-08 23:59:38 --> Call to a member function insert_query_get_inserid() on null
in APPPATH/Controllers/Admin.php on line 1559.
 1 SYSTEMPATH/CodeIgniter.php(925): App\Controllers\Admin->attendance_check_in()
 2 SYSTEMPATH/CodeIgniter.php(480): CodeIgniter\CodeIgniter->runController(Object(App\Controllers\Admin))
 3 SYSTEMPATH/CodeIgniter.php(349): CodeIgniter\CodeIgniter->handleRequest(null, Object(Config\Cache), false)
 4 FCPATH/index.php(67): CodeIgniter\CodeIgniter->run()
CRITICAL - 2023-02-08 23:59:55 --> Call to a member function insert_query_get_inserid() on null
in APPPATH/Controllers/Admin.php on line 1559.
 1 SYSTEMPATH/CodeIgniter.php(925): App\Controllers\Admin->attendance_check_in()
 2 SYSTEMPATH/CodeIgniter.php(480): CodeIgniter\CodeIgniter->runController(Object(App\Controllers\Admin))
 3 SYSTEMPATH/CodeIgniter.php(349): CodeIgniter\CodeIgniter->handleRequest(null, Object(Config\Cache), false)
 4 FCPATH/index.php(67): CodeIgniter\CodeIgniter->run()
