CRITICAL - 2026-06-18 01:37:23 --> Attempt to read property "cms_page_name" on null
in APPPATH/Controllers/Home.php on line 1770.
 1 APPPATH/Controllers/Home.php(1770): CodeIgniter\Debug\Exceptions->errorHandler()
 2 SYSTEMPATH/CodeIgniter.php(925): App\Controllers\Home->pages()
 3 SYSTEMPATH/CodeIgniter.php(480): CodeIgniter\CodeIgniter->runController()
 4 SYSTEMPATH/CodeIgniter.php(349): CodeIgniter\CodeIgniter->handleRequest()
 5 FCPATH/index.php(67): CodeIgniter\CodeIgniter->run()
CRITICAL - 2026-06-18 05:42:06 --> Attempt to read property "cms_page_name" on null
in APPPATH/Controllers/Home.php on line 1770.
 1 APPPATH/Controllers/Home.php(1770): CodeIgniter\Debug\Exceptions->errorHandler()
 2 SYSTEMPATH/CodeIgniter.php(925): App\Controllers\Home->pages()
 3 SYSTEMPATH/CodeIgniter.php(480): CodeIgniter\CodeIgniter->runController()
 4 SYSTEMPATH/CodeIgniter.php(349): CodeIgniter\CodeIgniter->handleRequest()
 5 FCPATH/index.php(67): CodeIgniter\CodeIgniter->run()
CRITICAL - 2026-06-18 07:04:42 --> Attempt to read property "meta_title" on null
in APPPATH/Controllers/Home.php on line 701.
 1 APPPATH/Controllers/Home.php(701): CodeIgniter\Debug\Exceptions->errorHandler()
 2 SYSTEMPATH/CodeIgniter.php(925): App\Controllers\Home->blog_detail()
 3 SYSTEMPATH/CodeIgniter.php(480): CodeIgniter\CodeIgniter->runController()
 4 SYSTEMPATH/CodeIgniter.php(349): CodeIgniter\CodeIgniter->handleRequest()
 5 FCPATH/index.php(67): CodeIgniter\CodeIgniter->run()
CRITICAL - 2026-06-18 08:44:41 --> Attempt to read property "meta_title" on null
in APPPATH/Controllers/Home.php on line 701.
 1 APPPATH/Controllers/Home.php(701): CodeIgniter\Debug\Exceptions->errorHandler()
 2 SYSTEMPATH/CodeIgniter.php(925): App\Controllers\Home->blog_detail()
 3 SYSTEMPATH/CodeIgniter.php(480): CodeIgniter\CodeIgniter->runController()
 4 SYSTEMPATH/CodeIgniter.php(349): CodeIgniter\CodeIgniter->handleRequest()
 5 FCPATH/index.php(67): CodeIgniter\CodeIgniter->run()
CRITICAL - 2026-06-18 10:43:40 --> Attempt to read property "cms_page_name" on null
in APPPATH/Controllers/Home.php on line 1770.
 1 APPPATH/Controllers/Home.php(1770): CodeIgniter\Debug\Exceptions->errorHandler()
 2 SYSTEMPATH/CodeIgniter.php(925): App\Controllers\Home->pages()
 3 SYSTEMPATH/CodeIgniter.php(480): CodeIgniter\CodeIgniter->runController()
 4 SYSTEMPATH/CodeIgniter.php(349): CodeIgniter\CodeIgniter->handleRequest()
 5 FCPATH/index.php(67): CodeIgniter\CodeIgniter->run()
ERROR - 2026-06-18 14:35:54 --> mysqli_sql_exception: Unknown column 'status' in 'WHERE' in /home/glezbsuv7iuc/public_html/system/Database/MySQLi/Connection.php:292
Stack trace:
#0 /home/glezbsuv7iuc/public_html/system/Database/MySQLi/Connection.php(292): mysqli->query()
#1 /home/glezbsuv7iuc/public_html/system/Database/BaseConnection.php(666): CodeIgniter\Database\MySQLi\Connection->execute()
#2 /home/glezbsuv7iuc/public_html/system/Database/BaseConnection.php(593): CodeIgniter\Database\BaseConnection->simpleQuery()
#3 /home/glezbsuv7iuc/public_html/system/Database/BaseBuilder.php(1585): CodeIgniter\Database\BaseConnection->query()
#4 /home/glezbsuv7iuc/public_html/app/Views/admin/profile_view.php(79): CodeIgniter\Database\BaseBuilder->get()
#5 /home/glezbsuv7iuc/public_html/system/View/View.php(213): include('/home/glezbsuv7...')
#6 /home/glezbsuv7iuc/public_html/system/View/View.php(216): CodeIgniter\View\View->CodeIgniter\View\{closure}()
#7 /home/glezbsuv7iuc/public_html/system/Common.php(1135): CodeIgniter\View\View->render()
#8 /home/glezbsuv7iuc/public_html/app/Controllers/Admin.php(5090): view()
#9 /home/glezbsuv7iuc/public_html/system/CodeIgniter.php(925): App\Controllers\Admin->profile_view()
#10 /home/glezbsuv7iuc/public_html/system/CodeIgniter.php(480): CodeIgniter\CodeIgniter->runController()
#11 /home/glezbsuv7iuc/public_html/system/CodeIgniter.php(349): CodeIgniter\CodeIgniter->handleRequest()
#12 /home/glezbsuv7iuc/public_html/index.php(67): CodeIgniter\CodeIgniter->run()
#13 {main}
ERROR - 2026-06-18 14:35:54 --> mysqli_sql_exception: Unknown column 'status' in 'WHERE' in /home/glezbsuv7iuc/public_html/system/Database/MySQLi/Connection.php:292
Stack trace:
#0 /home/glezbsuv7iuc/public_html/system/Database/MySQLi/Connection.php(292): mysqli->query()
#1 /home/glezbsuv7iuc/public_html/system/Database/BaseConnection.php(666): CodeIgniter\Database\MySQLi\Connection->execute()
#2 /home/glezbsuv7iuc/public_html/system/Database/BaseConnection.php(593): CodeIgniter\Database\BaseConnection->simpleQuery()
#3 /home/glezbsuv7iuc/public_html/system/Database/BaseBuilder.php(1585): CodeIgniter\Database\BaseConnection->query()
#4 /home/glezbsuv7iuc/public_html/app/Views/admin/profile_view.php(79): CodeIgniter\Database\BaseBuilder->get()
#5 /home/glezbsuv7iuc/public_html/system/View/View.php(213): include('/home/glezbsuv7...')
#6 /home/glezbsuv7iuc/public_html/system/View/View.php(216): CodeIgniter\View\View->CodeIgniter\View\{closure}()
#7 /home/glezbsuv7iuc/public_html/system/Common.php(1135): CodeIgniter\View\View->render()
#8 /home/glezbsuv7iuc/public_html/app/Controllers/Admin.php(5090): view()
#9 /home/glezbsuv7iuc/public_html/system/CodeIgniter.php(925): App\Controllers\Admin->profile_view()
#10 /home/glezbsuv7iuc/public_html/system/CodeIgniter.php(480): CodeIgniter\CodeIgniter->runController()
#11 /home/glezbsuv7iuc/public_html/system/CodeIgniter.php(349): CodeIgniter\CodeIgniter->handleRequest()
#12 /home/glezbsuv7iuc/public_html/index.php(67): CodeIgniter\CodeIgniter->run()
#13 {main}
CRITICAL - 2026-06-18 14:35:54 --> Attempt to read property "religion_id" on null
in APPPATH/Controllers/Admin.php on line 5050.
 1 APPPATH/Controllers/Admin.php(5050): CodeIgniter\Debug\Exceptions->errorHandler()
 2 SYSTEMPATH/CodeIgniter.php(925): App\Controllers\Admin->profile_view()
 3 SYSTEMPATH/CodeIgniter.php(480): CodeIgniter\CodeIgniter->runController()
 4 SYSTEMPATH/CodeIgniter.php(349): CodeIgniter\CodeIgniter->handleRequest()
 5 FCPATH/index.php(67): CodeIgniter\CodeIgniter->run()
CRITICAL - 2026-06-18 14:35:54 --> Attempt to read property "religion_id" on null
in APPPATH/Controllers/Admin.php on line 5050.
 1 APPPATH/Controllers/Admin.php(5050): CodeIgniter\Debug\Exceptions->errorHandler()
 2 SYSTEMPATH/CodeIgniter.php(925): App\Controllers\Admin->profile_view()
 3 SYSTEMPATH/CodeIgniter.php(480): CodeIgniter\CodeIgniter->runController()
 4 SYSTEMPATH/CodeIgniter.php(349): CodeIgniter\CodeIgniter->handleRequest()
 5 FCPATH/index.php(67): CodeIgniter\CodeIgniter->run()
CRITICAL - 2026-06-18 14:35:54 --> Attempt to read property "religion_id" on null
in APPPATH/Controllers/Admin.php on line 5050.
 1 APPPATH/Controllers/Admin.php(5050): CodeIgniter\Debug\Exceptions->errorHandler()
 2 SYSTEMPATH/CodeIgniter.php(925): App\Controllers\Admin->profile_view()
 3 SYSTEMPATH/CodeIgniter.php(480): CodeIgniter\CodeIgniter->runController()
 4 SYSTEMPATH/CodeIgniter.php(349): CodeIgniter\CodeIgniter->handleRequest()
 5 FCPATH/index.php(67): CodeIgniter\CodeIgniter->run()
CRITICAL - 2026-06-18 14:35:54 --> Attempt to read property "religion_id" on null
in APPPATH/Controllers/Admin.php on line 5050.
 1 APPPATH/Controllers/Admin.php(5050): CodeIgniter\Debug\Exceptions->errorHandler()
 2 SYSTEMPATH/CodeIgniter.php(925): App\Controllers\Admin->profile_view()
 3 SYSTEMPATH/CodeIgniter.php(480): CodeIgniter\CodeIgniter->runController()
 4 SYSTEMPATH/CodeIgniter.php(349): CodeIgniter\CodeIgniter->handleRequest()
 5 FCPATH/index.php(67): CodeIgniter\CodeIgniter->run()
CRITICAL - 2026-06-18 14:36:59 --> Attempt to read property "religion_id" on null
in APPPATH/Controllers/Admin.php on line 5050.
 1 APPPATH/Controllers/Admin.php(5050): CodeIgniter\Debug\Exceptions->errorHandler()
 2 SYSTEMPATH/CodeIgniter.php(925): App\Controllers\Admin->profile_view()
 3 SYSTEMPATH/CodeIgniter.php(480): CodeIgniter\CodeIgniter->runController()
 4 SYSTEMPATH/CodeIgniter.php(349): CodeIgniter\CodeIgniter->handleRequest()
 5 FCPATH/index.php(67): CodeIgniter\CodeIgniter->run()
CRITICAL - 2026-06-18 14:36:59 --> Attempt to read property "religion_id" on null
in APPPATH/Controllers/Admin.php on line 5050.
 1 APPPATH/Controllers/Admin.php(5050): CodeIgniter\Debug\Exceptions->errorHandler()
 2 SYSTEMPATH/CodeIgniter.php(925): App\Controllers\Admin->profile_view()
 3 SYSTEMPATH/CodeIgniter.php(480): CodeIgniter\CodeIgniter->runController()
 4 SYSTEMPATH/CodeIgniter.php(349): CodeIgniter\CodeIgniter->handleRequest()
 5 FCPATH/index.php(67): CodeIgniter\CodeIgniter->run()
CRITICAL - 2026-06-18 14:36:59 --> Attempt to read property "religion_id" on null
in APPPATH/Controllers/Admin.php on line 5050.
 1 APPPATH/Controllers/Admin.php(5050): CodeIgniter\Debug\Exceptions->errorHandler()
 2 SYSTEMPATH/CodeIgniter.php(925): App\Controllers\Admin->profile_view()
 3 SYSTEMPATH/CodeIgniter.php(480): CodeIgniter\CodeIgniter->runController()
 4 SYSTEMPATH/CodeIgniter.php(349): CodeIgniter\CodeIgniter->handleRequest()
 5 FCPATH/index.php(67): CodeIgniter\CodeIgniter->run()
CRITICAL - 2026-06-18 14:36:59 --> Attempt to read property "religion_id" on null
in APPPATH/Controllers/Admin.php on line 5050.
 1 APPPATH/Controllers/Admin.php(5050): CodeIgniter\Debug\Exceptions->errorHandler()
 2 SYSTEMPATH/CodeIgniter.php(925): App\Controllers\Admin->profile_view()
 3 SYSTEMPATH/CodeIgniter.php(480): CodeIgniter\CodeIgniter->runController()
 4 SYSTEMPATH/CodeIgniter.php(349): CodeIgniter\CodeIgniter->handleRequest()
 5 FCPATH/index.php(67): CodeIgniter\CodeIgniter->run()
CRITICAL - 2026-06-18 14:37:10 --> Attempt to read property "religion_id" on null
in APPPATH/Controllers/Admin.php on line 5050.
 1 APPPATH/Controllers/Admin.php(5050): CodeIgniter\Debug\Exceptions->errorHandler()
 2 SYSTEMPATH/CodeIgniter.php(925): App\Controllers\Admin->profile_view()
 3 SYSTEMPATH/CodeIgniter.php(480): CodeIgniter\CodeIgniter->runController()
 4 SYSTEMPATH/CodeIgniter.php(349): CodeIgniter\CodeIgniter->handleRequest()
 5 FCPATH/index.php(67): CodeIgniter\CodeIgniter->run()
CRITICAL - 2026-06-18 14:37:10 --> Attempt to read property "religion_id" on null
in APPPATH/Controllers/Admin.php on line 5050.
 1 APPPATH/Controllers/Admin.php(5050): CodeIgniter\Debug\Exceptions->errorHandler()
 2 SYSTEMPATH/CodeIgniter.php(925): App\Controllers\Admin->profile_view()
 3 SYSTEMPATH/CodeIgniter.php(480): CodeIgniter\CodeIgniter->runController()
 4 SYSTEMPATH/CodeIgniter.php(349): CodeIgniter\CodeIgniter->handleRequest()
 5 FCPATH/index.php(67): CodeIgniter\CodeIgniter->run()
CRITICAL - 2026-06-18 14:37:10 --> Attempt to read property "religion_id" on null
in APPPATH/Controllers/Admin.php on line 5050.
 1 APPPATH/Controllers/Admin.php(5050): CodeIgniter\Debug\Exceptions->errorHandler()
 2 SYSTEMPATH/CodeIgniter.php(925): App\Controllers\Admin->profile_view()
 3 SYSTEMPATH/CodeIgniter.php(480): CodeIgniter\CodeIgniter->runController()
 4 SYSTEMPATH/CodeIgniter.php(349): CodeIgniter\CodeIgniter->handleRequest()
 5 FCPATH/index.php(67): CodeIgniter\CodeIgniter->run()
CRITICAL - 2026-06-18 14:37:10 --> Attempt to read property "religion_id" on null
in APPPATH/Controllers/Admin.php on line 5050.
 1 APPPATH/Controllers/Admin.php(5050): CodeIgniter\Debug\Exceptions->errorHandler()
 2 SYSTEMPATH/CodeIgniter.php(925): App\Controllers\Admin->profile_view()
 3 SYSTEMPATH/CodeIgniter.php(480): CodeIgniter\CodeIgniter->runController()
 4 SYSTEMPATH/CodeIgniter.php(349): CodeIgniter\CodeIgniter->handleRequest()
 5 FCPATH/index.php(67): CodeIgniter\CodeIgniter->run()
CRITICAL - 2026-06-18 14:37:17 --> Attempt to read property "religion_id" on null
in APPPATH/Controllers/Admin.php on line 5050.
 1 APPPATH/Controllers/Admin.php(5050): CodeIgniter\Debug\Exceptions->errorHandler()
 2 SYSTEMPATH/CodeIgniter.php(925): App\Controllers\Admin->profile_view()
 3 SYSTEMPATH/CodeIgniter.php(480): CodeIgniter\CodeIgniter->runController()
 4 SYSTEMPATH/CodeIgniter.php(349): CodeIgniter\CodeIgniter->handleRequest()
 5 FCPATH/index.php(67): CodeIgniter\CodeIgniter->run()
CRITICAL - 2026-06-18 14:37:17 --> Attempt to read property "religion_id" on null
in APPPATH/Controllers/Admin.php on line 5050.
 1 APPPATH/Controllers/Admin.php(5050): CodeIgniter\Debug\Exceptions->errorHandler()
 2 SYSTEMPATH/CodeIgniter.php(925): App\Controllers\Admin->profile_view()
 3 SYSTEMPATH/CodeIgniter.php(480): CodeIgniter\CodeIgniter->runController()
 4 SYSTEMPATH/CodeIgniter.php(349): CodeIgniter\CodeIgniter->handleRequest()
 5 FCPATH/index.php(67): CodeIgniter\CodeIgniter->run()
CRITICAL - 2026-06-18 14:37:17 --> Attempt to read property "religion_id" on null
in APPPATH/Controllers/Admin.php on line 5050.
 1 APPPATH/Controllers/Admin.php(5050): CodeIgniter\Debug\Exceptions->errorHandler()
 2 SYSTEMPATH/CodeIgniter.php(925): App\Controllers\Admin->profile_view()
 3 SYSTEMPATH/CodeIgniter.php(480): CodeIgniter\CodeIgniter->runController()
 4 SYSTEMPATH/CodeIgniter.php(349): CodeIgniter\CodeIgniter->handleRequest()
 5 FCPATH/index.php(67): CodeIgniter\CodeIgniter->run()
CRITICAL - 2026-06-18 14:37:17 --> Attempt to read property "religion_id" on null
in APPPATH/Controllers/Admin.php on line 5050.
 1 APPPATH/Controllers/Admin.php(5050): CodeIgniter\Debug\Exceptions->errorHandler()
 2 SYSTEMPATH/CodeIgniter.php(925): App\Controllers\Admin->profile_view()
 3 SYSTEMPATH/CodeIgniter.php(480): CodeIgniter\CodeIgniter->runController()
 4 SYSTEMPATH/CodeIgniter.php(349): CodeIgniter\CodeIgniter->handleRequest()
 5 FCPATH/index.php(67): CodeIgniter\CodeIgniter->run()
ERROR - 2026-06-18 14:40:43 --> mysqli_sql_exception: Unknown column 'status' in 'WHERE' in /home/glezbsuv7iuc/public_html/system/Database/MySQLi/Connection.php:292
Stack trace:
#0 /home/glezbsuv7iuc/public_html/system/Database/MySQLi/Connection.php(292): mysqli->query()
#1 /home/glezbsuv7iuc/public_html/system/Database/BaseConnection.php(666): CodeIgniter\Database\MySQLi\Connection->execute()
#2 /home/glezbsuv7iuc/public_html/system/Database/BaseConnection.php(593): CodeIgniter\Database\BaseConnection->simpleQuery()
#3 /home/glezbsuv7iuc/public_html/system/Database/BaseBuilder.php(1585): CodeIgniter\Database\BaseConnection->query()
#4 /home/glezbsuv7iuc/public_html/app/Views/admin/profile_view.php(79): CodeIgniter\Database\BaseBuilder->get()
#5 /home/glezbsuv7iuc/public_html/system/View/View.php(213): include('/home/glezbsuv7...')
#6 /home/glezbsuv7iuc/public_html/system/View/View.php(216): CodeIgniter\View\View->CodeIgniter\View\{closure}()
#7 /home/glezbsuv7iuc/public_html/system/Common.php(1135): CodeIgniter\View\View->render()
#8 /home/glezbsuv7iuc/public_html/app/Controllers/Admin.php(5090): view()
#9 /home/glezbsuv7iuc/public_html/system/CodeIgniter.php(925): App\Controllers\Admin->profile_view()
#10 /home/glezbsuv7iuc/public_html/system/CodeIgniter.php(480): CodeIgniter\CodeIgniter->runController()
#11 /home/glezbsuv7iuc/public_html/system/CodeIgniter.php(349): CodeIgniter\CodeIgniter->handleRequest()
#12 /home/glezbsuv7iuc/public_html/index.php(67): CodeIgniter\CodeIgniter->run()
#13 {main}
CRITICAL - 2026-06-18 14:40:43 --> Attempt to read property "religion_id" on null
in APPPATH/Controllers/Admin.php on line 5050.
 1 APPPATH/Controllers/Admin.php(5050): CodeIgniter\Debug\Exceptions->errorHandler()
 2 SYSTEMPATH/CodeIgniter.php(925): App\Controllers\Admin->profile_view()
 3 SYSTEMPATH/CodeIgniter.php(480): CodeIgniter\CodeIgniter->runController()
 4 SYSTEMPATH/CodeIgniter.php(349): CodeIgniter\CodeIgniter->handleRequest()
 5 FCPATH/index.php(67): CodeIgniter\CodeIgniter->run()
CRITICAL - 2026-06-18 14:40:43 --> Attempt to read property "religion_id" on null
in APPPATH/Controllers/Admin.php on line 5050.
 1 APPPATH/Controllers/Admin.php(5050): CodeIgniter\Debug\Exceptions->errorHandler()
 2 SYSTEMPATH/CodeIgniter.php(925): App\Controllers\Admin->profile_view()
 3 SYSTEMPATH/CodeIgniter.php(480): CodeIgniter\CodeIgniter->runController()
 4 SYSTEMPATH/CodeIgniter.php(349): CodeIgniter\CodeIgniter->handleRequest()
 5 FCPATH/index.php(67): CodeIgniter\CodeIgniter->run()
CRITICAL - 2026-06-18 14:40:43 --> Attempt to read property "religion_id" on null
in APPPATH/Controllers/Admin.php on line 5050.
 1 APPPATH/Controllers/Admin.php(5050): CodeIgniter\Debug\Exceptions->errorHandler()
 2 SYSTEMPATH/CodeIgniter.php(925): App\Controllers\Admin->profile_view()
 3 SYSTEMPATH/CodeIgniter.php(480): CodeIgniter\CodeIgniter->runController()
 4 SYSTEMPATH/CodeIgniter.php(349): CodeIgniter\CodeIgniter->handleRequest()
 5 FCPATH/index.php(67): CodeIgniter\CodeIgniter->run()
CRITICAL - 2026-06-18 14:40:43 --> Attempt to read property "religion_id" on null
in APPPATH/Controllers/Admin.php on line 5050.
 1 APPPATH/Controllers/Admin.php(5050): CodeIgniter\Debug\Exceptions->errorHandler()
 2 SYSTEMPATH/CodeIgniter.php(925): App\Controllers\Admin->profile_view()
 3 SYSTEMPATH/CodeIgniter.php(480): CodeIgniter\CodeIgniter->runController()
 4 SYSTEMPATH/CodeIgniter.php(349): CodeIgniter\CodeIgniter->handleRequest()
 5 FCPATH/index.php(67): CodeIgniter\CodeIgniter->run()
ERROR - 2026-06-18 16:59:10 --> mysqli_sql_exception: Unknown column 'status' in 'WHERE' in /home/glezbsuv7iuc/public_html/system/Database/MySQLi/Connection.php:292
Stack trace:
#0 /home/glezbsuv7iuc/public_html/system/Database/MySQLi/Connection.php(292): mysqli->query()
#1 /home/glezbsuv7iuc/public_html/system/Database/BaseConnection.php(666): CodeIgniter\Database\MySQLi\Connection->execute()
#2 /home/glezbsuv7iuc/public_html/system/Database/BaseConnection.php(593): CodeIgniter\Database\BaseConnection->simpleQuery()
#3 /home/glezbsuv7iuc/public_html/system/Database/BaseBuilder.php(1585): CodeIgniter\Database\BaseConnection->query()
#4 /home/glezbsuv7iuc/public_html/app/Views/admin/profile_view.php(79): CodeIgniter\Database\BaseBuilder->get()
#5 /home/glezbsuv7iuc/public_html/system/View/View.php(213): include('/home/glezbsuv7...')
#6 /home/glezbsuv7iuc/public_html/system/View/View.php(216): CodeIgniter\View\View->CodeIgniter\View\{closure}()
#7 /home/glezbsuv7iuc/public_html/system/Common.php(1135): CodeIgniter\View\View->render()
#8 /home/glezbsuv7iuc/public_html/app/Controllers/Admin.php(5090): view()
#9 /home/glezbsuv7iuc/public_html/system/CodeIgniter.php(925): App\Controllers\Admin->profile_view()
#10 /home/glezbsuv7iuc/public_html/system/CodeIgniter.php(480): CodeIgniter\CodeIgniter->runController()
#11 /home/glezbsuv7iuc/public_html/system/CodeIgniter.php(349): CodeIgniter\CodeIgniter->handleRequest()
#12 /home/glezbsuv7iuc/public_html/index.php(67): CodeIgniter\CodeIgniter->run()
#13 {main}
CRITICAL - 2026-06-18 16:59:10 --> Attempt to read property "religion_id" on null
in APPPATH/Controllers/Admin.php on line 5050.
 1 APPPATH/Controllers/Admin.php(5050): CodeIgniter\Debug\Exceptions->errorHandler()
 2 SYSTEMPATH/CodeIgniter.php(925): App\Controllers\Admin->profile_view()
 3 SYSTEMPATH/CodeIgniter.php(480): CodeIgniter\CodeIgniter->runController()
 4 SYSTEMPATH/CodeIgniter.php(349): CodeIgniter\CodeIgniter->handleRequest()
 5 FCPATH/index.php(67): CodeIgniter\CodeIgniter->run()
CRITICAL - 2026-06-18 16:59:10 --> Attempt to read property "religion_id" on null
in APPPATH/Controllers/Admin.php on line 5050.
 1 APPPATH/Controllers/Admin.php(5050): CodeIgniter\Debug\Exceptions->errorHandler()
 2 SYSTEMPATH/CodeIgniter.php(925): App\Controllers\Admin->profile_view()
 3 SYSTEMPATH/CodeIgniter.php(480): CodeIgniter\CodeIgniter->runController()
 4 SYSTEMPATH/CodeIgniter.php(349): CodeIgniter\CodeIgniter->handleRequest()
 5 FCPATH/index.php(67): CodeIgniter\CodeIgniter->run()
CRITICAL - 2026-06-18 16:59:10 --> Attempt to read property "religion_id" on null
in APPPATH/Controllers/Admin.php on line 5050.
 1 APPPATH/Controllers/Admin.php(5050): CodeIgniter\Debug\Exceptions->errorHandler()
 2 SYSTEMPATH/CodeIgniter.php(925): App\Controllers\Admin->profile_view()
 3 SYSTEMPATH/CodeIgniter.php(480): CodeIgniter\CodeIgniter->runController()
 4 SYSTEMPATH/CodeIgniter.php(349): CodeIgniter\CodeIgniter->handleRequest()
 5 FCPATH/index.php(67): CodeIgniter\CodeIgniter->run()
CRITICAL - 2026-06-18 16:59:10 --> Attempt to read property "religion_id" on null
in APPPATH/Controllers/Admin.php on line 5050.
 1 APPPATH/Controllers/Admin.php(5050): CodeIgniter\Debug\Exceptions->errorHandler()
 2 SYSTEMPATH/CodeIgniter.php(925): App\Controllers\Admin->profile_view()
 3 SYSTEMPATH/CodeIgniter.php(480): CodeIgniter\CodeIgniter->runController()
 4 SYSTEMPATH/CodeIgniter.php(349): CodeIgniter\CodeIgniter->handleRequest()
 5 FCPATH/index.php(67): CodeIgniter\CodeIgniter->run()
ERROR - 2026-06-18 19:53:42 --> mysqli_sql_exception: Unknown column 'status' in 'WHERE' in /home/glezbsuv7iuc/public_html/system/Database/MySQLi/Connection.php:292
Stack trace:
#0 /home/glezbsuv7iuc/public_html/system/Database/MySQLi/Connection.php(292): mysqli->query()
#1 /home/glezbsuv7iuc/public_html/system/Database/BaseConnection.php(666): CodeIgniter\Database\MySQLi\Connection->execute()
#2 /home/glezbsuv7iuc/public_html/system/Database/BaseConnection.php(593): CodeIgniter\Database\BaseConnection->simpleQuery()
#3 /home/glezbsuv7iuc/public_html/system/Database/BaseBuilder.php(1585): CodeIgniter\Database\BaseConnection->query()
#4 /home/glezbsuv7iuc/public_html/app/Views/admin/profile_view.php(79): CodeIgniter\Database\BaseBuilder->get()
#5 /home/glezbsuv7iuc/public_html/system/View/View.php(213): include('/home/glezbsuv7...')
#6 /home/glezbsuv7iuc/public_html/system/View/View.php(216): CodeIgniter\View\View->CodeIgniter\View\{closure}()
#7 /home/glezbsuv7iuc/public_html/system/Common.php(1135): CodeIgniter\View\View->render()
#8 /home/glezbsuv7iuc/public_html/app/Controllers/Admin.php(5090): view()
#9 /home/glezbsuv7iuc/public_html/system/CodeIgniter.php(925): App\Controllers\Admin->profile_view()
#10 /home/glezbsuv7iuc/public_html/system/CodeIgniter.php(480): CodeIgniter\CodeIgniter->runController()
#11 /home/glezbsuv7iuc/public_html/system/CodeIgniter.php(349): CodeIgniter\CodeIgniter->handleRequest()
#12 /home/glezbsuv7iuc/public_html/index.php(67): CodeIgniter\CodeIgniter->run()
#13 {main}
CRITICAL - 2026-06-18 19:53:43 --> Attempt to read property "religion_id" on null
in APPPATH/Controllers/Admin.php on line 5050.
 1 APPPATH/Controllers/Admin.php(5050): CodeIgniter\Debug\Exceptions->errorHandler()
 2 SYSTEMPATH/CodeIgniter.php(925): App\Controllers\Admin->profile_view()
 3 SYSTEMPATH/CodeIgniter.php(480): CodeIgniter\CodeIgniter->runController()
 4 SYSTEMPATH/CodeIgniter.php(349): CodeIgniter\CodeIgniter->handleRequest()
 5 FCPATH/index.php(67): CodeIgniter\CodeIgniter->run()
CRITICAL - 2026-06-18 19:53:43 --> Attempt to read property "religion_id" on null
in APPPATH/Controllers/Admin.php on line 5050.
 1 APPPATH/Controllers/Admin.php(5050): CodeIgniter\Debug\Exceptions->errorHandler()
 2 SYSTEMPATH/CodeIgniter.php(925): App\Controllers\Admin->profile_view()
 3 SYSTEMPATH/CodeIgniter.php(480): CodeIgniter\CodeIgniter->runController()
 4 SYSTEMPATH/CodeIgniter.php(349): CodeIgniter\CodeIgniter->handleRequest()
 5 FCPATH/index.php(67): CodeIgniter\CodeIgniter->run()
CRITICAL - 2026-06-18 19:53:43 --> Attempt to read property "religion_id" on null
in APPPATH/Controllers/Admin.php on line 5050.
 1 APPPATH/Controllers/Admin.php(5050): CodeIgniter\Debug\Exceptions->errorHandler()
 2 SYSTEMPATH/CodeIgniter.php(925): App\Controllers\Admin->profile_view()
 3 SYSTEMPATH/CodeIgniter.php(480): CodeIgniter\CodeIgniter->runController()
 4 SYSTEMPATH/CodeIgniter.php(349): CodeIgniter\CodeIgniter->handleRequest()
 5 FCPATH/index.php(67): CodeIgniter\CodeIgniter->run()
CRITICAL - 2026-06-18 19:53:43 --> Attempt to read property "religion_id" on null
in APPPATH/Controllers/Admin.php on line 5050.
 1 APPPATH/Controllers/Admin.php(5050): CodeIgniter\Debug\Exceptions->errorHandler()
 2 SYSTEMPATH/CodeIgniter.php(925): App\Controllers\Admin->profile_view()
 3 SYSTEMPATH/CodeIgniter.php(480): CodeIgniter\CodeIgniter->runController()
 4 SYSTEMPATH/CodeIgniter.php(349): CodeIgniter\CodeIgniter->handleRequest()
 5 FCPATH/index.php(67): CodeIgniter\CodeIgniter->run()
ERROR - 2026-06-18 19:56:30 --> mysqli_sql_exception: Unknown column 'status' in 'WHERE' in /home/glezbsuv7iuc/public_html/system/Database/MySQLi/Connection.php:292
Stack trace:
#0 /home/glezbsuv7iuc/public_html/system/Database/MySQLi/Connection.php(292): mysqli->query()
#1 /home/glezbsuv7iuc/public_html/system/Database/BaseConnection.php(666): CodeIgniter\Database\MySQLi\Connection->execute()
#2 /home/glezbsuv7iuc/public_html/system/Database/BaseConnection.php(593): CodeIgniter\Database\BaseConnection->simpleQuery()
#3 /home/glezbsuv7iuc/public_html/system/Database/BaseBuilder.php(1585): CodeIgniter\Database\BaseConnection->query()
#4 /home/glezbsuv7iuc/public_html/app/Views/admin/profile_view.php(79): CodeIgniter\Database\BaseBuilder->get()
#5 /home/glezbsuv7iuc/public_html/system/View/View.php(213): include('/home/glezbsuv7...')
#6 /home/glezbsuv7iuc/public_html/system/View/View.php(216): CodeIgniter\View\View->CodeIgniter\View\{closure}()
#7 /home/glezbsuv7iuc/public_html/system/Common.php(1135): CodeIgniter\View\View->render()
#8 /home/glezbsuv7iuc/public_html/app/Controllers/Admin.php(5090): view()
#9 /home/glezbsuv7iuc/public_html/system/CodeIgniter.php(925): App\Controllers\Admin->profile_view()
#10 /home/glezbsuv7iuc/public_html/system/CodeIgniter.php(480): CodeIgniter\CodeIgniter->runController()
#11 /home/glezbsuv7iuc/public_html/system/CodeIgniter.php(349): CodeIgniter\CodeIgniter->handleRequest()
#12 /home/glezbsuv7iuc/public_html/index.php(67): CodeIgniter\CodeIgniter->run()
#13 {main}
CRITICAL - 2026-06-18 19:56:31 --> Attempt to read property "religion_id" on null
in APPPATH/Controllers/Admin.php on line 5050.
 1 APPPATH/Controllers/Admin.php(5050): CodeIgniter\Debug\Exceptions->errorHandler()
 2 SYSTEMPATH/CodeIgniter.php(925): App\Controllers\Admin->profile_view()
 3 SYSTEMPATH/CodeIgniter.php(480): CodeIgniter\CodeIgniter->runController()
 4 SYSTEMPATH/CodeIgniter.php(349): CodeIgniter\CodeIgniter->handleRequest()
 5 FCPATH/index.php(67): CodeIgniter\CodeIgniter->run()
CRITICAL - 2026-06-18 19:56:31 --> Attempt to read property "religion_id" on null
in APPPATH/Controllers/Admin.php on line 5050.
 1 APPPATH/Controllers/Admin.php(5050): CodeIgniter\Debug\Exceptions->errorHandler()
 2 SYSTEMPATH/CodeIgniter.php(925): App\Controllers\Admin->profile_view()
 3 SYSTEMPATH/CodeIgniter.php(480): CodeIgniter\CodeIgniter->runController()
 4 SYSTEMPATH/CodeIgniter.php(349): CodeIgniter\CodeIgniter->handleRequest()
 5 FCPATH/index.php(67): CodeIgniter\CodeIgniter->run()
CRITICAL - 2026-06-18 19:56:31 --> Attempt to read property "religion_id" on null
in APPPATH/Controllers/Admin.php on line 5050.
 1 APPPATH/Controllers/Admin.php(5050): CodeIgniter\Debug\Exceptions->errorHandler()
 2 SYSTEMPATH/CodeIgniter.php(925): App\Controllers\Admin->profile_view()
 3 SYSTEMPATH/CodeIgniter.php(480): CodeIgniter\CodeIgniter->runController()
 4 SYSTEMPATH/CodeIgniter.php(349): CodeIgniter\CodeIgniter->handleRequest()
 5 FCPATH/index.php(67): CodeIgniter\CodeIgniter->run()
CRITICAL - 2026-06-18 19:56:31 --> Attempt to read property "religion_id" on null
in APPPATH/Controllers/Admin.php on line 5050.
 1 APPPATH/Controllers/Admin.php(5050): CodeIgniter\Debug\Exceptions->errorHandler()
 2 SYSTEMPATH/CodeIgniter.php(925): App\Controllers\Admin->profile_view()
 3 SYSTEMPATH/CodeIgniter.php(480): CodeIgniter\CodeIgniter->runController()
 4 SYSTEMPATH/CodeIgniter.php(349): CodeIgniter\CodeIgniter->handleRequest()
 5 FCPATH/index.php(67): CodeIgniter\CodeIgniter->run()
ERROR - 2026-06-18 19:57:14 --> mysqli_sql_exception: Unknown column 'status' in 'WHERE' in /home/glezbsuv7iuc/public_html/system/Database/MySQLi/Connection.php:292
Stack trace:
#0 /home/glezbsuv7iuc/public_html/system/Database/MySQLi/Connection.php(292): mysqli->query()
#1 /home/glezbsuv7iuc/public_html/system/Database/BaseConnection.php(666): CodeIgniter\Database\MySQLi\Connection->execute()
#2 /home/glezbsuv7iuc/public_html/system/Database/BaseConnection.php(593): CodeIgniter\Database\BaseConnection->simpleQuery()
#3 /home/glezbsuv7iuc/public_html/system/Database/BaseBuilder.php(1585): CodeIgniter\Database\BaseConnection->query()
#4 /home/glezbsuv7iuc/public_html/app/Views/admin/profile_view.php(79): CodeIgniter\Database\BaseBuilder->get()
#5 /home/glezbsuv7iuc/public_html/system/View/View.php(213): include('/home/glezbsuv7...')
#6 /home/glezbsuv7iuc/public_html/system/View/View.php(216): CodeIgniter\View\View->CodeIgniter\View\{closure}()
#7 /home/glezbsuv7iuc/public_html/system/Common.php(1135): CodeIgniter\View\View->render()
#8 /home/glezbsuv7iuc/public_html/app/Controllers/Admin.php(5090): view()
#9 /home/glezbsuv7iuc/public_html/system/CodeIgniter.php(925): App\Controllers\Admin->profile_view()
#10 /home/glezbsuv7iuc/public_html/system/CodeIgniter.php(480): CodeIgniter\CodeIgniter->runController()
#11 /home/glezbsuv7iuc/public_html/system/CodeIgniter.php(349): CodeIgniter\CodeIgniter->handleRequest()
#12 /home/glezbsuv7iuc/public_html/index.php(67): CodeIgniter\CodeIgniter->run()
#13 {main}
CRITICAL - 2026-06-18 19:57:14 --> Attempt to read property "religion_id" on null
in APPPATH/Controllers/Admin.php on line 5050.
 1 APPPATH/Controllers/Admin.php(5050): CodeIgniter\Debug\Exceptions->errorHandler()
 2 SYSTEMPATH/CodeIgniter.php(925): App\Controllers\Admin->profile_view()
 3 SYSTEMPATH/CodeIgniter.php(480): CodeIgniter\CodeIgniter->runController()
 4 SYSTEMPATH/CodeIgniter.php(349): CodeIgniter\CodeIgniter->handleRequest()
 5 FCPATH/index.php(67): CodeIgniter\CodeIgniter->run()
CRITICAL - 2026-06-18 19:57:14 --> Attempt to read property "religion_id" on null
in APPPATH/Controllers/Admin.php on line 5050.
 1 APPPATH/Controllers/Admin.php(5050): CodeIgniter\Debug\Exceptions->errorHandler()
 2 SYSTEMPATH/CodeIgniter.php(925): App\Controllers\Admin->profile_view()
 3 SYSTEMPATH/CodeIgniter.php(480): CodeIgniter\CodeIgniter->runController()
 4 SYSTEMPATH/CodeIgniter.php(349): CodeIgniter\CodeIgniter->handleRequest()
 5 FCPATH/index.php(67): CodeIgniter\CodeIgniter->run()
CRITICAL - 2026-06-18 19:57:14 --> Attempt to read property "religion_id" on null
in APPPATH/Controllers/Admin.php on line 5050.
 1 APPPATH/Controllers/Admin.php(5050): CodeIgniter\Debug\Exceptions->errorHandler()
 2 SYSTEMPATH/CodeIgniter.php(925): App\Controllers\Admin->profile_view()
 3 SYSTEMPATH/CodeIgniter.php(480): CodeIgniter\CodeIgniter->runController()
 4 SYSTEMPATH/CodeIgniter.php(349): CodeIgniter\CodeIgniter->handleRequest()
 5 FCPATH/index.php(67): CodeIgniter\CodeIgniter->run()
CRITICAL - 2026-06-18 19:57:14 --> Attempt to read property "religion_id" on null
in APPPATH/Controllers/Admin.php on line 5050.
 1 APPPATH/Controllers/Admin.php(5050): CodeIgniter\Debug\Exceptions->errorHandler()
 2 SYSTEMPATH/CodeIgniter.php(925): App\Controllers\Admin->profile_view()
 3 SYSTEMPATH/CodeIgniter.php(480): CodeIgniter\CodeIgniter->runController()
 4 SYSTEMPATH/CodeIgniter.php(349): CodeIgniter\CodeIgniter->handleRequest()
 5 FCPATH/index.php(67): CodeIgniter\CodeIgniter->run()
ERROR - 2026-06-18 19:57:55 --> mysqli_sql_exception: Unknown column 'status' in 'WHERE' in /home/glezbsuv7iuc/public_html/system/Database/MySQLi/Connection.php:292
Stack trace:
#0 /home/glezbsuv7iuc/public_html/system/Database/MySQLi/Connection.php(292): mysqli->query()
#1 /home/glezbsuv7iuc/public_html/system/Database/BaseConnection.php(666): CodeIgniter\Database\MySQLi\Connection->execute()
#2 /home/glezbsuv7iuc/public_html/system/Database/BaseConnection.php(593): CodeIgniter\Database\BaseConnection->simpleQuery()
#3 /home/glezbsuv7iuc/public_html/system/Database/BaseBuilder.php(1585): CodeIgniter\Database\BaseConnection->query()
#4 /home/glezbsuv7iuc/public_html/app/Views/admin/profile_view.php(79): CodeIgniter\Database\BaseBuilder->get()
#5 /home/glezbsuv7iuc/public_html/system/View/View.php(213): include('/home/glezbsuv7...')
#6 /home/glezbsuv7iuc/public_html/system/View/View.php(216): CodeIgniter\View\View->CodeIgniter\View\{closure}()
#7 /home/glezbsuv7iuc/public_html/system/Common.php(1135): CodeIgniter\View\View->render()
#8 /home/glezbsuv7iuc/public_html/app/Controllers/Admin.php(5090): view()
#9 /home/glezbsuv7iuc/public_html/system/CodeIgniter.php(925): App\Controllers\Admin->profile_view()
#10 /home/glezbsuv7iuc/public_html/system/CodeIgniter.php(480): CodeIgniter\CodeIgniter->runController()
#11 /home/glezbsuv7iuc/public_html/system/CodeIgniter.php(349): CodeIgniter\CodeIgniter->handleRequest()
#12 /home/glezbsuv7iuc/public_html/index.php(67): CodeIgniter\CodeIgniter->run()
#13 {main}
CRITICAL - 2026-06-18 19:57:55 --> Attempt to read property "religion_id" on null
in APPPATH/Controllers/Admin.php on line 5050.
 1 APPPATH/Controllers/Admin.php(5050): CodeIgniter\Debug\Exceptions->errorHandler()
 2 SYSTEMPATH/CodeIgniter.php(925): App\Controllers\Admin->profile_view()
 3 SYSTEMPATH/CodeIgniter.php(480): CodeIgniter\CodeIgniter->runController()
 4 SYSTEMPATH/CodeIgniter.php(349): CodeIgniter\CodeIgniter->handleRequest()
 5 FCPATH/index.php(67): CodeIgniter\CodeIgniter->run()
CRITICAL - 2026-06-18 19:57:56 --> Attempt to read property "religion_id" on null
in APPPATH/Controllers/Admin.php on line 5050.
 1 APPPATH/Controllers/Admin.php(5050): CodeIgniter\Debug\Exceptions->errorHandler()
 2 SYSTEMPATH/CodeIgniter.php(925): App\Controllers\Admin->profile_view()
 3 SYSTEMPATH/CodeIgniter.php(480): CodeIgniter\CodeIgniter->runController()
 4 SYSTEMPATH/CodeIgniter.php(349): CodeIgniter\CodeIgniter->handleRequest()
 5 FCPATH/index.php(67): CodeIgniter\CodeIgniter->run()
CRITICAL - 2026-06-18 19:57:56 --> Attempt to read property "religion_id" on null
in APPPATH/Controllers/Admin.php on line 5050.
 1 APPPATH/Controllers/Admin.php(5050): CodeIgniter\Debug\Exceptions->errorHandler()
 2 SYSTEMPATH/CodeIgniter.php(925): App\Controllers\Admin->profile_view()
 3 SYSTEMPATH/CodeIgniter.php(480): CodeIgniter\CodeIgniter->runController()
 4 SYSTEMPATH/CodeIgniter.php(349): CodeIgniter\CodeIgniter->handleRequest()
 5 FCPATH/index.php(67): CodeIgniter\CodeIgniter->run()
CRITICAL - 2026-06-18 19:57:56 --> Attempt to read property "religion_id" on null
in APPPATH/Controllers/Admin.php on line 5050.
 1 APPPATH/Controllers/Admin.php(5050): CodeIgniter\Debug\Exceptions->errorHandler()
 2 SYSTEMPATH/CodeIgniter.php(925): App\Controllers\Admin->profile_view()
 3 SYSTEMPATH/CodeIgniter.php(480): CodeIgniter\CodeIgniter->runController()
 4 SYSTEMPATH/CodeIgniter.php(349): CodeIgniter\CodeIgniter->handleRequest()
 5 FCPATH/index.php(67): CodeIgniter\CodeIgniter->run()
