CRITICAL - 2023-08-10 23:29:32 --> Undefined array key "employee_search"
in APPPATH/Models/Employeemodel.php on line 30.
 1 APPPATH/Models/Employeemodel.php(30): CodeIgniter\Debug\Exceptions->errorHandler(2, 'Undefined array key "employee_search"', 'APPPATH/Models/Employeemodel.php', 30)
 2 APPPATH/Models/Employeemodel.php(91): App\Models\Employeemodel->_get_datatables_query()
 3 APPPATH/Controllers/Admin.php(1323): App\Models\Employeemodel->get_datatables()
 4 SYSTEMPATH/CodeIgniter.php(925): App\Controllers\Admin->list_employee_ajax()
 5 SYSTEMPATH/CodeIgniter.php(480): CodeIgniter\CodeIgniter->runController(Object(App\Controllers\Admin))
 6 SYSTEMPATH/CodeIgniter.php(349): CodeIgniter\CodeIgniter->handleRequest(null, Object(Config\Cache), false)
 7 FCPATH/index.php(67): CodeIgniter\CodeIgniter->run()
CRITICAL - 2023-08-10 23:30:03 --> Undefined array key "employee_search"
in APPPATH/Models/Employeemodel.php on line 30.
 1 APPPATH/Models/Employeemodel.php(30): CodeIgniter\Debug\Exceptions->errorHandler(2, 'Undefined array key "employee_search"', 'APPPATH/Models/Employeemodel.php', 30)
 2 APPPATH/Models/Employeemodel.php(91): App\Models\Employeemodel->_get_datatables_query()
 3 APPPATH/Controllers/Admin.php(1323): App\Models\Employeemodel->get_datatables()
 4 SYSTEMPATH/CodeIgniter.php(925): App\Controllers\Admin->list_employee_ajax()
 5 SYSTEMPATH/CodeIgniter.php(480): CodeIgniter\CodeIgniter->runController(Object(App\Controllers\Admin))
 6 SYSTEMPATH/CodeIgniter.php(349): CodeIgniter\CodeIgniter->handleRequest(null, Object(Config\Cache), false)
 7 FCPATH/index.php(67): CodeIgniter\CodeIgniter->run()
CRITICAL - 2023-08-10 23:30:06 --> Undefined array key "employee_search"
in APPPATH/Models/Employeemodel.php on line 30.
 1 APPPATH/Models/Employeemodel.php(30): CodeIgniter\Debug\Exceptions->errorHandler(2, 'Undefined array key "employee_search"', 'APPPATH/Models/Employeemodel.php', 30)
 2 APPPATH/Models/Employeemodel.php(91): App\Models\Employeemodel->_get_datatables_query()
 3 APPPATH/Controllers/Admin.php(1323): App\Models\Employeemodel->get_datatables()
 4 SYSTEMPATH/CodeIgniter.php(925): App\Controllers\Admin->list_employee_ajax()
 5 SYSTEMPATH/CodeIgniter.php(480): CodeIgniter\CodeIgniter->runController(Object(App\Controllers\Admin))
 6 SYSTEMPATH/CodeIgniter.php(349): CodeIgniter\CodeIgniter->handleRequest(null, Object(Config\Cache), false)
 7 FCPATH/index.php(67): CodeIgniter\CodeIgniter->run()
CRITICAL - 2023-08-10 23:54:18 --> Undefined array key "employee_search"
in APPPATH/Models/Employeemodel.php on line 30.
 1 APPPATH/Models/Employeemodel.php(30): CodeIgniter\Debug\Exceptions->errorHandler(2, 'Undefined array key "employee_search"', 'APPPATH/Models/Employeemodel.php', 30)
 2 APPPATH/Models/Employeemodel.php(91): App\Models\Employeemodel->_get_datatables_query()
 3 APPPATH/Controllers/Admin.php(1323): App\Models\Employeemodel->get_datatables()
 4 SYSTEMPATH/CodeIgniter.php(925): App\Controllers\Admin->list_employee_ajax()
 5 SYSTEMPATH/CodeIgniter.php(480): CodeIgniter\CodeIgniter->runController(Object(App\Controllers\Admin))
 6 SYSTEMPATH/CodeIgniter.php(349): CodeIgniter\CodeIgniter->handleRequest(null, Object(Config\Cache), false)
 7 FCPATH/index.php(67): CodeIgniter\CodeIgniter->run()
CRITICAL - 2023-08-10 23:54:22 --> Undefined array key "employee_search"
in APPPATH/Models/Employeemodel.php on line 30.
 1 APPPATH/Models/Employeemodel.php(30): CodeIgniter\Debug\Exceptions->errorHandler(2, 'Undefined array key "employee_search"', 'APPPATH/Models/Employeemodel.php', 30)
 2 APPPATH/Models/Employeemodel.php(91): App\Models\Employeemodel->_get_datatables_query()
 3 APPPATH/Controllers/Admin.php(1323): App\Models\Employeemodel->get_datatables()
 4 SYSTEMPATH/CodeIgniter.php(925): App\Controllers\Admin->list_employee_ajax()
 5 SYSTEMPATH/CodeIgniter.php(480): CodeIgniter\CodeIgniter->runController(Object(App\Controllers\Admin))
 6 SYSTEMPATH/CodeIgniter.php(349): CodeIgniter\CodeIgniter->handleRequest(null, Object(Config\Cache), false)
 7 FCPATH/index.php(67): CodeIgniter\CodeIgniter->run()
CRITICAL - 2023-08-10 23:54:25 --> Undefined array key "employee_search"
in APPPATH/Models/Employeemodel.php on line 30.
 1 APPPATH/Models/Employeemodel.php(30): CodeIgniter\Debug\Exceptions->errorHandler(2, 'Undefined array key "employee_search"', 'APPPATH/Models/Employeemodel.php', 30)
 2 APPPATH/Models/Employeemodel.php(91): App\Models\Employeemodel->_get_datatables_query()
 3 APPPATH/Controllers/Admin.php(1323): App\Models\Employeemodel->get_datatables()
 4 SYSTEMPATH/CodeIgniter.php(925): App\Controllers\Admin->list_employee_ajax()
 5 SYSTEMPATH/CodeIgniter.php(480): CodeIgniter\CodeIgniter->runController(Object(App\Controllers\Admin))
 6 SYSTEMPATH/CodeIgniter.php(349): CodeIgniter\CodeIgniter->handleRequest(null, Object(Config\Cache), false)
 7 FCPATH/index.php(67): CodeIgniter\CodeIgniter->run()
