ERROR - 2024-06-06 01:44:20 --> mysqli_sql_exception: Table 'aseelect_mindbels.product' doesn't exist in /home2/aseelectricalco/public_html/mindbels/system/Database/MySQLi/Connection.php:292
Stack trace:
#0 /home2/aseelectricalco/public_html/mindbels/system/Database/MySQLi/Connection.php(292): mysqli->query('SELECT *\nFROM `...', 0)
#1 /home2/aseelectricalco/public_html/mindbels/system/Database/BaseConnection.php(666): CodeIgniter\Database\MySQLi\Connection->execute('SELECT *\nFROM `...')
#2 /home2/aseelectricalco/public_html/mindbels/system/Database/BaseConnection.php(593): CodeIgniter\Database\BaseConnection->simpleQuery('SELECT *\nFROM `...')
#3 /home2/aseelectricalco/public_html/mindbels/system/Database/BaseBuilder.php(1585): CodeIgniter\Database\BaseConnection->query('SELECT *\nFROM `...', Array, false)
#4 /home2/aseelectricalco/public_html/mindbels/app/Models/Commanmodel.php(220): CodeIgniter\Database\BaseBuilder->get()
#5 /home2/aseelectricalco/public_html/mindbels/app/Controllers/Admin.php(1854): App\Models\Commanmodel->get_multiple_query_order_by('product', 'product_id', 'DESC')
#6 /home2/aseelectricalco/public_html/mindbels/system/CodeIgniter.php(925): App\Controllers\Admin->faq()
#7 /home2/aseelectricalco/public_html/mindbels/system/CodeIgniter.php(480): CodeIgniter\CodeIgniter->runController(Object(App\Controllers\Admin))
#8 /home2/aseelectricalco/public_html/mindbels/system/CodeIgniter.php(349): CodeIgniter\CodeIgniter->handleRequest(NULL, Object(Config\Cache), false)
#9 /home2/aseelectricalco/public_html/mindbels/index.php(67): CodeIgniter\CodeIgniter->run()
#10 {main}
CRITICAL - 2024-06-06 01:44:20 --> Call to a member function getResult() on bool
in APPPATH/Models/Commanmodel.php on line 221.
 1 APPPATH/Controllers/Admin.php(1854): App\Models\Commanmodel->get_multiple_query_order_by('product', 'product_id', 'DESC')
 2 SYSTEMPATH/CodeIgniter.php(925): App\Controllers\Admin->faq()
 3 SYSTEMPATH/CodeIgniter.php(480): CodeIgniter\CodeIgniter->runController(Object(App\Controllers\Admin))
 4 SYSTEMPATH/CodeIgniter.php(349): CodeIgniter\CodeIgniter->handleRequest(null, Object(Config\Cache), false)
 5 FCPATH/index.php(67): CodeIgniter\CodeIgniter->run()
CRITICAL - 2024-06-06 01:44:41 --> Undefined property: App\Controllers\Admin::$load
in APPPATH/Controllers/Admin.php on line 1856.
 1 APPPATH/Controllers/Admin.php(1856): CodeIgniter\Debug\Exceptions->errorHandler(2, 'Undefined property: App\\Controllers\\Admin::$load', 'APPPATH/Controllers/Admin.php', 1856)
 2 SYSTEMPATH/CodeIgniter.php(925): App\Controllers\Admin->faq()
 3 SYSTEMPATH/CodeIgniter.php(480): CodeIgniter\CodeIgniter->runController(Object(App\Controllers\Admin))
 4 SYSTEMPATH/CodeIgniter.php(349): CodeIgniter\CodeIgniter->handleRequest(null, Object(Config\Cache), false)
 5 FCPATH/index.php(67): CodeIgniter\CodeIgniter->run()
CRITICAL - 2024-06-06 01:46:01 --> Undefined property: CodeIgniter\View\View::$session
in APPPATH/Views/admin/faq.php on line 33.
 1 APPPATH/Views/admin/faq.php(33): CodeIgniter\Debug\Exceptions->errorHandler(2, 'Undefined property: CodeIgniter\\View\\View::$session', 'APPPATH/Views/admin/faq.php', 33)
 2 SYSTEMPATH/View/View.php(213): include('APPPATH/Views/admin/faq.php')
 3 SYSTEMPATH/View/View.php(216): CodeIgniter\View\View->CodeIgniter\View\{closure}()
 4 SYSTEMPATH/Common.php(1135): CodeIgniter\View\View->render('admin/faq', [], true)
 5 APPPATH/Controllers/Admin.php(1858): view('admin/faq', [...])
 6 SYSTEMPATH/CodeIgniter.php(925): App\Controllers\Admin->faq()
 7 SYSTEMPATH/CodeIgniter.php(480): CodeIgniter\CodeIgniter->runController(Object(App\Controllers\Admin))
 8 SYSTEMPATH/CodeIgniter.php(349): CodeIgniter\CodeIgniter->handleRequest(null, Object(Config\Cache), false)
 9 FCPATH/index.php(67): CodeIgniter\CodeIgniter->run()
CRITICAL - 2024-06-06 01:48:00 --> Undefined property: CodeIgniter\View\View::$session
in APPPATH/Views/admin/faq.php on line 33.
 1 APPPATH/Views/admin/faq.php(33): CodeIgniter\Debug\Exceptions->errorHandler(2, 'Undefined property: CodeIgniter\\View\\View::$session', 'APPPATH/Views/admin/faq.php', 33)
 2 SYSTEMPATH/View/View.php(213): include('APPPATH/Views/admin/faq.php')
 3 SYSTEMPATH/View/View.php(216): CodeIgniter\View\View->CodeIgniter\View\{closure}()
 4 SYSTEMPATH/Common.php(1135): CodeIgniter\View\View->render('admin/faq', [], true)
 5 APPPATH/Controllers/Admin.php(1859): view('admin/faq', [...])
 6 SYSTEMPATH/CodeIgniter.php(925): App\Controllers\Admin->faq()
 7 SYSTEMPATH/CodeIgniter.php(480): CodeIgniter\CodeIgniter->runController(Object(App\Controllers\Admin))
 8 SYSTEMPATH/CodeIgniter.php(349): CodeIgniter\CodeIgniter->handleRequest(null, Object(Config\Cache), false)
 9 FCPATH/index.php(67): CodeIgniter\CodeIgniter->run()
CRITICAL - 2024-06-06 01:48:46 --> Undefined property: CodeIgniter\View\View::$session
in APPPATH/Views/admin/faq.php on line 33.
 1 APPPATH/Views/admin/faq.php(33): CodeIgniter\Debug\Exceptions->errorHandler(2, 'Undefined property: CodeIgniter\\View\\View::$session', 'APPPATH/Views/admin/faq.php', 33)
 2 SYSTEMPATH/View/View.php(213): include('APPPATH/Views/admin/faq.php')
 3 SYSTEMPATH/View/View.php(216): CodeIgniter\View\View->CodeIgniter\View\{closure}()
 4 SYSTEMPATH/Common.php(1135): CodeIgniter\View\View->render('admin/faq', [], true)
 5 APPPATH/Controllers/Admin.php(1859): view('admin/faq', [...])
 6 SYSTEMPATH/CodeIgniter.php(925): App\Controllers\Admin->faq()
 7 SYSTEMPATH/CodeIgniter.php(480): CodeIgniter\CodeIgniter->runController(Object(App\Controllers\Admin))
 8 SYSTEMPATH/CodeIgniter.php(349): CodeIgniter\CodeIgniter->handleRequest(null, Object(Config\Cache), false)
 9 FCPATH/index.php(67): CodeIgniter\CodeIgniter->run()
CRITICAL - 2024-06-06 01:48:49 --> Undefined property: CodeIgniter\View\View::$session
in APPPATH/Views/admin/faq.php on line 33.
 1 APPPATH/Views/admin/faq.php(33): CodeIgniter\Debug\Exceptions->errorHandler(2, 'Undefined property: CodeIgniter\\View\\View::$session', 'APPPATH/Views/admin/faq.php', 33)
 2 SYSTEMPATH/View/View.php(213): include('APPPATH/Views/admin/faq.php')
 3 SYSTEMPATH/View/View.php(216): CodeIgniter\View\View->CodeIgniter\View\{closure}()
 4 SYSTEMPATH/Common.php(1135): CodeIgniter\View\View->render('admin/faq', [], true)
 5 APPPATH/Controllers/Admin.php(1859): view('admin/faq', [...])
 6 SYSTEMPATH/CodeIgniter.php(925): App\Controllers\Admin->faq()
 7 SYSTEMPATH/CodeIgniter.php(480): CodeIgniter\CodeIgniter->runController(Object(App\Controllers\Admin))
 8 SYSTEMPATH/CodeIgniter.php(349): CodeIgniter\CodeIgniter->handleRequest(null, Object(Config\Cache), false)
 9 FCPATH/index.php(67): CodeIgniter\CodeIgniter->run()
CRITICAL - 2024-06-06 01:48:50 --> Undefined property: CodeIgniter\View\View::$session
in APPPATH/Views/admin/faq.php on line 33.
 1 APPPATH/Views/admin/faq.php(33): CodeIgniter\Debug\Exceptions->errorHandler(2, 'Undefined property: CodeIgniter\\View\\View::$session', 'APPPATH/Views/admin/faq.php', 33)
 2 SYSTEMPATH/View/View.php(213): include('APPPATH/Views/admin/faq.php')
 3 SYSTEMPATH/View/View.php(216): CodeIgniter\View\View->CodeIgniter\View\{closure}()
 4 SYSTEMPATH/Common.php(1135): CodeIgniter\View\View->render('admin/faq', [], true)
 5 APPPATH/Controllers/Admin.php(1859): view('admin/faq', [...])
 6 SYSTEMPATH/CodeIgniter.php(925): App\Controllers\Admin->faq()
 7 SYSTEMPATH/CodeIgniter.php(480): CodeIgniter\CodeIgniter->runController(Object(App\Controllers\Admin))
 8 SYSTEMPATH/CodeIgniter.php(349): CodeIgniter\CodeIgniter->handleRequest(null, Object(Config\Cache), false)
 9 FCPATH/index.php(67): CodeIgniter\CodeIgniter->run()
CRITICAL - 2024-06-06 01:49:45 --> Attempt to read property "faq_question" on string
in APPPATH/Views/admin/faq.php on line 120.
 1 APPPATH/Views/admin/faq.php(120): CodeIgniter\Debug\Exceptions->errorHandler(2, 'Attempt to read property "faq_question" on string', 'APPPATH/Views/admin/faq.php', 120)
 2 SYSTEMPATH/View/View.php(213): include('APPPATH/Views/admin/faq.php')
 3 SYSTEMPATH/View/View.php(216): CodeIgniter\View\View->CodeIgniter\View\{closure}()
 4 SYSTEMPATH/Common.php(1135): CodeIgniter\View\View->render('admin/faq', [], true)
 5 APPPATH/Controllers/Admin.php(1936): view('admin/faq', [...])
 6 SYSTEMPATH/CodeIgniter.php(925): App\Controllers\Admin->edit_faq('19')
 7 SYSTEMPATH/CodeIgniter.php(480): CodeIgniter\CodeIgniter->runController(Object(App\Controllers\Admin))
 8 SYSTEMPATH/CodeIgniter.php(349): CodeIgniter\CodeIgniter->handleRequest(null, Object(Config\Cache), false)
 9 FCPATH/index.php(67): CodeIgniter\CodeIgniter->run()
CRITICAL - 2024-06-06 01:50:04 --> Attempt to read property "faq_question" on string
in APPPATH/Views/admin/faq.php on line 120.
 1 APPPATH/Views/admin/faq.php(120): CodeIgniter\Debug\Exceptions->errorHandler(2, 'Attempt to read property "faq_question" on string', 'APPPATH/Views/admin/faq.php', 120)
 2 SYSTEMPATH/View/View.php(213): include('APPPATH/Views/admin/faq.php')
 3 SYSTEMPATH/View/View.php(216): CodeIgniter\View\View->CodeIgniter\View\{closure}()
 4 SYSTEMPATH/Common.php(1135): CodeIgniter\View\View->render('admin/faq', [], true)
 5 APPPATH/Controllers/Admin.php(1936): view('admin/faq', [...])
 6 SYSTEMPATH/CodeIgniter.php(925): App\Controllers\Admin->edit_faq('19')
 7 SYSTEMPATH/CodeIgniter.php(480): CodeIgniter\CodeIgniter->runController(Object(App\Controllers\Admin))
 8 SYSTEMPATH/CodeIgniter.php(349): CodeIgniter\CodeIgniter->handleRequest(null, Object(Config\Cache), false)
 9 FCPATH/index.php(67): CodeIgniter\CodeIgniter->run()
CRITICAL - 2024-06-06 02:04:41 --> Undefined property: App\Controllers\Admin::$input
in APPPATH/Controllers/Admin.php on line 1870.
 1 APPPATH/Controllers/Admin.php(1870): CodeIgniter\Debug\Exceptions->errorHandler(2, 'Undefined property: App\\Controllers\\Admin::$input', 'APPPATH/Controllers/Admin.php', 1870)
 2 SYSTEMPATH/CodeIgniter.php(925): App\Controllers\Admin->faq_process()
 3 SYSTEMPATH/CodeIgniter.php(480): CodeIgniter\CodeIgniter->runController(Object(App\Controllers\Admin))
 4 SYSTEMPATH/CodeIgniter.php(349): CodeIgniter\CodeIgniter->handleRequest(null, Object(Config\Cache), false)
 5 FCPATH/index.php(67): CodeIgniter\CodeIgniter->run()
CRITICAL - 2024-06-06 02:05:37 --> The route for "https://ase-electrical.co.uk/mindbels/admin/faq/1" cannot be found.
in SYSTEMPATH/HTTP/RedirectResponse.php on line 60.
 1 SYSTEMPATH/HTTP/RedirectResponse.php(60): CodeIgniter\HTTP\Exceptions\HTTPException::forInvalidRedirectRoute('https://ase-electrical.co.uk/mindbels/admin/faq/1')
 2 SYSTEMPATH/Common.php(861): CodeIgniter\HTTP\RedirectResponse->route(false)
 3 APPPATH/Controllers/Admin.php(1893): redirect('https://ase-electrical.co.uk/mindbels/admin/faq/1')
 4 SYSTEMPATH/CodeIgniter.php(925): App\Controllers\Admin->faq_process()
 5 SYSTEMPATH/CodeIgniter.php(480): CodeIgniter\CodeIgniter->runController(Object(App\Controllers\Admin))
 6 SYSTEMPATH/CodeIgniter.php(349): CodeIgniter\CodeIgniter->handleRequest(null, Object(Config\Cache), false)
 7 FCPATH/index.php(67): CodeIgniter\CodeIgniter->run()
CRITICAL - 2024-06-06 02:07:13 --> Too few arguments to function App\Controllers\Admin::edit_faq(), 1 passed in /home2/aseelectricalco/public_html/mindbels/system/CodeIgniter.php on line 925 and exactly 2 expected
in APPPATH/Controllers/Admin.php on line 1934.
 1 SYSTEMPATH/CodeIgniter.php(925): App\Controllers\Admin->edit_faq('20')
 2 SYSTEMPATH/CodeIgniter.php(480): CodeIgniter\CodeIgniter->runController(Object(App\Controllers\Admin))
 3 SYSTEMPATH/CodeIgniter.php(349): CodeIgniter\CodeIgniter->handleRequest(null, Object(Config\Cache), false)
 4 FCPATH/index.php(67): CodeIgniter\CodeIgniter->run()
CRITICAL - 2024-06-06 02:07:39 --> Undefined property: stdClass::$faq_type
in APPPATH/Views/admin/edit-faq.php on line 53.
 1 APPPATH/Views/admin/edit-faq.php(53): CodeIgniter\Debug\Exceptions->errorHandler(2, 'Undefined property: stdClass::$faq_type', 'APPPATH/Views/admin/edit-faq.php', 53)
 2 SYSTEMPATH/View/View.php(213): include('APPPATH/Views/admin/edit-faq.php')
 3 SYSTEMPATH/View/View.php(216): CodeIgniter\View\View->CodeIgniter\View\{closure}()
 4 SYSTEMPATH/Common.php(1135): CodeIgniter\View\View->render('admin/edit-faq', [], true)
 5 APPPATH/Controllers/Admin.php(1940): view('admin/edit-faq', [...])
 6 SYSTEMPATH/CodeIgniter.php(925): App\Controllers\Admin->edit_faq('20')
 7 SYSTEMPATH/CodeIgniter.php(480): CodeIgniter\CodeIgniter->runController(Object(App\Controllers\Admin))
 8 SYSTEMPATH/CodeIgniter.php(349): CodeIgniter\CodeIgniter->handleRequest(null, Object(Config\Cache), false)
 9 FCPATH/index.php(67): CodeIgniter\CodeIgniter->run()
CRITICAL - 2024-06-06 02:08:11 --> The route for "https://ase-electrical.co.uk/mindbels/admin/faq/1" cannot be found.
in SYSTEMPATH/HTTP/RedirectResponse.php on line 60.
 1 SYSTEMPATH/HTTP/RedirectResponse.php(60): CodeIgniter\HTTP\Exceptions\HTTPException::forInvalidRedirectRoute('https://ase-electrical.co.uk/mindbels/admin/faq/1')
 2 SYSTEMPATH/Common.php(861): CodeIgniter\HTTP\RedirectResponse->route(false)
 3 APPPATH/Controllers/Admin.php(1971): redirect('https://ase-electrical.co.uk/mindbels/admin/faq/1')
 4 SYSTEMPATH/CodeIgniter.php(925): App\Controllers\Admin->edit_faq_process('20')
 5 SYSTEMPATH/CodeIgniter.php(480): CodeIgniter\CodeIgniter->runController(Object(App\Controllers\Admin))
 6 SYSTEMPATH/CodeIgniter.php(349): CodeIgniter\CodeIgniter->handleRequest(null, Object(Config\Cache), false)
 7 FCPATH/index.php(67): CodeIgniter\CodeIgniter->run()
CRITICAL - 2024-06-06 02:08:48 --> syntax error, unexpected token "return", expecting ";"
in APPPATH/Controllers/Admin.php on line 77.
 1 SYSTEMPATH/Autoloader/Autoloader.php(260): CodeIgniter\Autoloader\Autoloader->includeFile('APPPATH/Controllers/Admin.php')
 2 SYSTEMPATH/Autoloader/Autoloader.php(238): CodeIgniter\Autoloader\Autoloader->loadInNamespace('App\\Controllers\\Admin')
 3 [internal function]: CodeIgniter\Autoloader\Autoloader->loadClass('App\\Controllers\\Admin')
 4 SYSTEMPATH/CodeIgniter.php(875): class_exists('\\App\\Controllers\\Admin', true)
 5 SYSTEMPATH/CodeIgniter.php(467): CodeIgniter\CodeIgniter->startController()
 6 SYSTEMPATH/CodeIgniter.php(349): CodeIgniter\CodeIgniter->handleRequest(null, Object(Config\Cache), false)
 7 FCPATH/index.php(67): CodeIgniter\CodeIgniter->run()
CRITICAL - 2024-06-06 02:23:22 --> Attempt to read property "courses_id" on null
in APPPATH/Controllers/Home.php on line 75.
 1 APPPATH/Controllers/Home.php(75): CodeIgniter\Debug\Exceptions->errorHandler(2, 'Attempt to read property "courses_id" on null', 'APPPATH/Controllers/Home.php', 75)
 2 SYSTEMPATH/CodeIgniter.php(925): App\Controllers\Home->courses_details('professional-scrum-product-owner-pspo')
 3 SYSTEMPATH/CodeIgniter.php(480): CodeIgniter\CodeIgniter->runController(Object(App\Controllers\Home))
 4 SYSTEMPATH/CodeIgniter.php(349): CodeIgniter\CodeIgniter->handleRequest(null, Object(Config\Cache), false)
 5 FCPATH/index.php(67): CodeIgniter\CodeIgniter->run()
CRITICAL - 2024-06-06 02:23:41 --> Attempt to read property "courses_id" on null
in APPPATH/Controllers/Home.php on line 75.
 1 APPPATH/Controllers/Home.php(75): CodeIgniter\Debug\Exceptions->errorHandler(2, 'Attempt to read property "courses_id" on null', 'APPPATH/Controllers/Home.php', 75)
 2 SYSTEMPATH/CodeIgniter.php(925): App\Controllers\Home->courses_details('FCPATH/assets', 'img', 'icons', 'right_arrow.svg')
 3 SYSTEMPATH/CodeIgniter.php(480): CodeIgniter\CodeIgniter->runController(Object(App\Controllers\Home))
 4 SYSTEMPATH/CodeIgniter.php(349): CodeIgniter\CodeIgniter->handleRequest(null, Object(Config\Cache), false)
 5 FCPATH/index.php(67): CodeIgniter\CodeIgniter->run()
CRITICAL - 2024-06-06 02:23:41 --> Attempt to read property "courses_id" on null
in APPPATH/Controllers/Home.php on line 75.
 1 APPPATH/Controllers/Home.php(75): CodeIgniter\Debug\Exceptions->errorHandler(2, 'Attempt to read property "courses_id" on null', 'APPPATH/Controllers/Home.php', 75)
 2 SYSTEMPATH/CodeIgniter.php(925): App\Controllers\Home->courses_details('FCPATH/assets', 'img', 'icons', 'right_arrow.svg')
 3 SYSTEMPATH/CodeIgniter.php(480): CodeIgniter\CodeIgniter->runController(Object(App\Controllers\Home))
 4 SYSTEMPATH/CodeIgniter.php(349): CodeIgniter\CodeIgniter->handleRequest(null, Object(Config\Cache), false)
 5 FCPATH/index.php(67): CodeIgniter\CodeIgniter->run()
CRITICAL - 2024-06-06 02:27:56 --> Attempt to read property "courses_id" on null
in APPPATH/Controllers/Home.php on line 75.
 1 APPPATH/Controllers/Home.php(75): CodeIgniter\Debug\Exceptions->errorHandler(2, 'Attempt to read property "courses_id" on null', 'APPPATH/Controllers/Home.php', 75)
 2 SYSTEMPATH/CodeIgniter.php(925): App\Controllers\Home->courses_details('FCPATH/assets', 'img', 'icons', 'right_arrow.svg')
 3 SYSTEMPATH/CodeIgniter.php(480): CodeIgniter\CodeIgniter->runController(Object(App\Controllers\Home))
 4 SYSTEMPATH/CodeIgniter.php(349): CodeIgniter\CodeIgniter->handleRequest(null, Object(Config\Cache), false)
 5 FCPATH/index.php(67): CodeIgniter\CodeIgniter->run()
CRITICAL - 2024-06-06 02:27:56 --> Attempt to read property "courses_id" on null
in APPPATH/Controllers/Home.php on line 75.
 1 APPPATH/Controllers/Home.php(75): CodeIgniter\Debug\Exceptions->errorHandler(2, 'Attempt to read property "courses_id" on null', 'APPPATH/Controllers/Home.php', 75)
 2 SYSTEMPATH/CodeIgniter.php(925): App\Controllers\Home->courses_details('FCPATH/assets', 'img', 'icons', 'right_arrow.svg')
 3 SYSTEMPATH/CodeIgniter.php(480): CodeIgniter\CodeIgniter->runController(Object(App\Controllers\Home))
 4 SYSTEMPATH/CodeIgniter.php(349): CodeIgniter\CodeIgniter->handleRequest(null, Object(Config\Cache), false)
 5 FCPATH/index.php(67): CodeIgniter\CodeIgniter->run()
CRITICAL - 2024-06-06 02:29:40 --> Attempt to read property "courses_id" on null
in APPPATH/Controllers/Home.php on line 75.
 1 APPPATH/Controllers/Home.php(75): CodeIgniter\Debug\Exceptions->errorHandler(2, 'Attempt to read property "courses_id" on null', 'APPPATH/Controllers/Home.php', 75)
 2 SYSTEMPATH/CodeIgniter.php(925): App\Controllers\Home->courses_details('FCPATH/assets', 'img', 'icons', 'right_arrow.svg')
 3 SYSTEMPATH/CodeIgniter.php(480): CodeIgniter\CodeIgniter->runController(Object(App\Controllers\Home))
 4 SYSTEMPATH/CodeIgniter.php(349): CodeIgniter\CodeIgniter->handleRequest(null, Object(Config\Cache), false)
 5 FCPATH/index.php(67): CodeIgniter\CodeIgniter->run()
CRITICAL - 2024-06-06 02:29:41 --> Attempt to read property "courses_id" on null
in APPPATH/Controllers/Home.php on line 75.
 1 APPPATH/Controllers/Home.php(75): CodeIgniter\Debug\Exceptions->errorHandler(2, 'Attempt to read property "courses_id" on null', 'APPPATH/Controllers/Home.php', 75)
 2 SYSTEMPATH/CodeIgniter.php(925): App\Controllers\Home->courses_details('FCPATH/assets', 'img', 'Screenshot_1.png')
 3 SYSTEMPATH/CodeIgniter.php(480): CodeIgniter\CodeIgniter->runController(Object(App\Controllers\Home))
 4 SYSTEMPATH/CodeIgniter.php(349): CodeIgniter\CodeIgniter->handleRequest(null, Object(Config\Cache), false)
 5 FCPATH/index.php(67): CodeIgniter\CodeIgniter->run()
CRITICAL - 2024-06-06 02:29:41 --> Attempt to read property "courses_id" on null
in APPPATH/Controllers/Home.php on line 75.
 1 APPPATH/Controllers/Home.php(75): CodeIgniter\Debug\Exceptions->errorHandler(2, 'Attempt to read property "courses_id" on null', 'APPPATH/Controllers/Home.php', 75)
 2 SYSTEMPATH/CodeIgniter.php(925): App\Controllers\Home->courses_details('FCPATH/assets', 'img', 'icons', 'right_arrow.svg')
 3 SYSTEMPATH/CodeIgniter.php(480): CodeIgniter\CodeIgniter->runController(Object(App\Controllers\Home))
 4 SYSTEMPATH/CodeIgniter.php(349): CodeIgniter\CodeIgniter->handleRequest(null, Object(Config\Cache), false)
 5 FCPATH/index.php(67): CodeIgniter\CodeIgniter->run()
CRITICAL - 2024-06-06 02:30:34 --> Attempt to read property "courses_id" on null
in APPPATH/Controllers/Home.php on line 75.
 1 APPPATH/Controllers/Home.php(75): CodeIgniter\Debug\Exceptions->errorHandler(2, 'Attempt to read property "courses_id" on null', 'APPPATH/Controllers/Home.php', 75)
 2 SYSTEMPATH/CodeIgniter.php(925): App\Controllers\Home->courses_details('FCPATH/assets', 'img', 'icons', 'right_arrow.svg')
 3 SYSTEMPATH/CodeIgniter.php(480): CodeIgniter\CodeIgniter->runController(Object(App\Controllers\Home))
 4 SYSTEMPATH/CodeIgniter.php(349): CodeIgniter\CodeIgniter->handleRequest(null, Object(Config\Cache), false)
 5 FCPATH/index.php(67): CodeIgniter\CodeIgniter->run()
CRITICAL - 2024-06-06 02:30:35 --> Attempt to read property "courses_id" on null
in APPPATH/Controllers/Home.php on line 75.
 1 APPPATH/Controllers/Home.php(75): CodeIgniter\Debug\Exceptions->errorHandler(2, 'Attempt to read property "courses_id" on null', 'APPPATH/Controllers/Home.php', 75)
 2 SYSTEMPATH/CodeIgniter.php(925): App\Controllers\Home->courses_details('FCPATH/assets', 'img', 'icons', 'right_arrow.svg')
 3 SYSTEMPATH/CodeIgniter.php(480): CodeIgniter\CodeIgniter->runController(Object(App\Controllers\Home))
 4 SYSTEMPATH/CodeIgniter.php(349): CodeIgniter\CodeIgniter->handleRequest(null, Object(Config\Cache), false)
 5 FCPATH/index.php(67): CodeIgniter\CodeIgniter->run()
CRITICAL - 2024-06-06 02:31:08 --> Attempt to read property "courses_id" on null
in APPPATH/Controllers/Home.php on line 75.
 1 APPPATH/Controllers/Home.php(75): CodeIgniter\Debug\Exceptions->errorHandler(2, 'Attempt to read property "courses_id" on null', 'APPPATH/Controllers/Home.php', 75)
 2 SYSTEMPATH/CodeIgniter.php(925): App\Controllers\Home->courses_details('FCPATH/assets', 'img', 'icons', 'right_arrow.svg')
 3 SYSTEMPATH/CodeIgniter.php(480): CodeIgniter\CodeIgniter->runController(Object(App\Controllers\Home))
 4 SYSTEMPATH/CodeIgniter.php(349): CodeIgniter\CodeIgniter->handleRequest(null, Object(Config\Cache), false)
 5 FCPATH/index.php(67): CodeIgniter\CodeIgniter->run()
CRITICAL - 2024-06-06 02:31:09 --> Attempt to read property "courses_id" on null
in APPPATH/Controllers/Home.php on line 75.
 1 APPPATH/Controllers/Home.php(75): CodeIgniter\Debug\Exceptions->errorHandler(2, 'Attempt to read property "courses_id" on null', 'APPPATH/Controllers/Home.php', 75)
 2 SYSTEMPATH/CodeIgniter.php(925): App\Controllers\Home->courses_details('FCPATH/assets', 'img', 'icons', 'right_arrow.svg')
 3 SYSTEMPATH/CodeIgniter.php(480): CodeIgniter\CodeIgniter->runController(Object(App\Controllers\Home))
 4 SYSTEMPATH/CodeIgniter.php(349): CodeIgniter\CodeIgniter->handleRequest(null, Object(Config\Cache), false)
 5 FCPATH/index.php(67): CodeIgniter\CodeIgniter->run()
CRITICAL - 2024-06-06 02:33:49 --> Attempt to read property "courses_id" on null
in APPPATH/Controllers/Home.php on line 75.
 1 APPPATH/Controllers/Home.php(75): CodeIgniter\Debug\Exceptions->errorHandler(2, 'Attempt to read property "courses_id" on null', 'APPPATH/Controllers/Home.php', 75)
 2 SYSTEMPATH/CodeIgniter.php(925): App\Controllers\Home->courses_details('FCPATH/assets', 'img', 'icons', 'right_arrow.svg')
 3 SYSTEMPATH/CodeIgniter.php(480): CodeIgniter\CodeIgniter->runController(Object(App\Controllers\Home))
 4 SYSTEMPATH/CodeIgniter.php(349): CodeIgniter\CodeIgniter->handleRequest(null, Object(Config\Cache), false)
 5 FCPATH/index.php(67): CodeIgniter\CodeIgniter->run()
CRITICAL - 2024-06-06 02:33:50 --> Attempt to read property "courses_id" on null
in APPPATH/Controllers/Home.php on line 75.
 1 APPPATH/Controllers/Home.php(75): CodeIgniter\Debug\Exceptions->errorHandler(2, 'Attempt to read property "courses_id" on null', 'APPPATH/Controllers/Home.php', 75)
 2 SYSTEMPATH/CodeIgniter.php(925): App\Controllers\Home->courses_details('FCPATH/assets', 'img', 'icons', 'right_arrow.svg')
 3 SYSTEMPATH/CodeIgniter.php(480): CodeIgniter\CodeIgniter->runController(Object(App\Controllers\Home))
 4 SYSTEMPATH/CodeIgniter.php(349): CodeIgniter\CodeIgniter->handleRequest(null, Object(Config\Cache), false)
 5 FCPATH/index.php(67): CodeIgniter\CodeIgniter->run()
CRITICAL - 2024-06-06 02:35:32 --> Attempt to read property "courses_id" on null
in APPPATH/Controllers/Home.php on line 75.
 1 APPPATH/Controllers/Home.php(75): CodeIgniter\Debug\Exceptions->errorHandler(2, 'Attempt to read property "courses_id" on null', 'APPPATH/Controllers/Home.php', 75)
 2 SYSTEMPATH/CodeIgniter.php(925): App\Controllers\Home->courses_details('professional-scrum-product-owner-pspo')
 3 SYSTEMPATH/CodeIgniter.php(480): CodeIgniter\CodeIgniter->runController(Object(App\Controllers\Home))
 4 SYSTEMPATH/CodeIgniter.php(349): CodeIgniter\CodeIgniter->handleRequest(null, Object(Config\Cache), false)
 5 FCPATH/index.php(67): CodeIgniter\CodeIgniter->run()
CRITICAL - 2024-06-06 02:35:43 --> Attempt to read property "courses_id" on null
in APPPATH/Controllers/Home.php on line 75.
 1 APPPATH/Controllers/Home.php(75): CodeIgniter\Debug\Exceptions->errorHandler(2, 'Attempt to read property "courses_id" on null', 'APPPATH/Controllers/Home.php', 75)
 2 SYSTEMPATH/CodeIgniter.php(925): App\Controllers\Home->courses_details('FCPATH/assets', 'img', 'icons', 'right_arrow.svg')
 3 SYSTEMPATH/CodeIgniter.php(480): CodeIgniter\CodeIgniter->runController(Object(App\Controllers\Home))
 4 SYSTEMPATH/CodeIgniter.php(349): CodeIgniter\CodeIgniter->handleRequest(null, Object(Config\Cache), false)
 5 FCPATH/index.php(67): CodeIgniter\CodeIgniter->run()
CRITICAL - 2024-06-06 02:35:44 --> Attempt to read property "courses_id" on null
in APPPATH/Controllers/Home.php on line 75.
 1 APPPATH/Controllers/Home.php(75): CodeIgniter\Debug\Exceptions->errorHandler(2, 'Attempt to read property "courses_id" on null', 'APPPATH/Controllers/Home.php', 75)
 2 SYSTEMPATH/CodeIgniter.php(925): App\Controllers\Home->courses_details('FCPATH/assets', 'img', 'icons', 'right_arrow.svg')
 3 SYSTEMPATH/CodeIgniter.php(480): CodeIgniter\CodeIgniter->runController(Object(App\Controllers\Home))
 4 SYSTEMPATH/CodeIgniter.php(349): CodeIgniter\CodeIgniter->handleRequest(null, Object(Config\Cache), false)
 5 FCPATH/index.php(67): CodeIgniter\CodeIgniter->run()
CRITICAL - 2024-06-06 03:26:37 --> Attempt to read property "courses_id" on null
in APPPATH/Controllers/Home.php on line 75.
 1 APPPATH/Controllers/Home.php(75): CodeIgniter\Debug\Exceptions->errorHandler(2, 'Attempt to read property "courses_id" on null', 'APPPATH/Controllers/Home.php', 75)
 2 SYSTEMPATH/CodeIgniter.php(925): App\Controllers\Home->courses_details('FCPATH/assets', 'img', 'icons', 'right_arrow.svg')
 3 SYSTEMPATH/CodeIgniter.php(480): CodeIgniter\CodeIgniter->runController(Object(App\Controllers\Home))
 4 SYSTEMPATH/CodeIgniter.php(349): CodeIgniter\CodeIgniter->handleRequest(null, Object(Config\Cache), false)
 5 FCPATH/index.php(67): CodeIgniter\CodeIgniter->run()
CRITICAL - 2024-06-06 03:26:38 --> Attempt to read property "courses_id" on null
in APPPATH/Controllers/Home.php on line 75.
 1 APPPATH/Controllers/Home.php(75): CodeIgniter\Debug\Exceptions->errorHandler(2, 'Attempt to read property "courses_id" on null', 'APPPATH/Controllers/Home.php', 75)
 2 SYSTEMPATH/CodeIgniter.php(925): App\Controllers\Home->courses_details('FCPATH/assets', 'img', 'icons', 'right_arrow.svg')
 3 SYSTEMPATH/CodeIgniter.php(480): CodeIgniter\CodeIgniter->runController(Object(App\Controllers\Home))
 4 SYSTEMPATH/CodeIgniter.php(349): CodeIgniter\CodeIgniter->handleRequest(null, Object(Config\Cache), false)
 5 FCPATH/index.php(67): CodeIgniter\CodeIgniter->run()
CRITICAL - 2024-06-06 03:29:26 --> Attempt to read property "courses_id" on null
in APPPATH/Controllers/Home.php on line 75.
 1 APPPATH/Controllers/Home.php(75): CodeIgniter\Debug\Exceptions->errorHandler(2, 'Attempt to read property "courses_id" on null', 'APPPATH/Controllers/Home.php', 75)
 2 SYSTEMPATH/CodeIgniter.php(925): App\Controllers\Home->courses_details('professional-scrum-product-owner-pspo-1717659301')
 3 SYSTEMPATH/CodeIgniter.php(480): CodeIgniter\CodeIgniter->runController(Object(App\Controllers\Home))
 4 SYSTEMPATH/CodeIgniter.php(349): CodeIgniter\CodeIgniter->handleRequest(null, Object(Config\Cache), false)
 5 FCPATH/index.php(67): CodeIgniter\CodeIgniter->run()
CRITICAL - 2024-06-06 03:29:32 --> Attempt to read property "courses_id" on null
in APPPATH/Controllers/Home.php on line 75.
 1 APPPATH/Controllers/Home.php(75): CodeIgniter\Debug\Exceptions->errorHandler(2, 'Attempt to read property "courses_id" on null', 'APPPATH/Controllers/Home.php', 75)
 2 SYSTEMPATH/CodeIgniter.php(925): App\Controllers\Home->courses_details('FCPATH/assets', 'img', 'icons', 'right_arrow.svg')
 3 SYSTEMPATH/CodeIgniter.php(480): CodeIgniter\CodeIgniter->runController(Object(App\Controllers\Home))
 4 SYSTEMPATH/CodeIgniter.php(349): CodeIgniter\CodeIgniter->handleRequest(null, Object(Config\Cache), false)
 5 FCPATH/index.php(67): CodeIgniter\CodeIgniter->run()
CRITICAL - 2024-06-06 03:29:32 --> Attempt to read property "courses_id" on null
in APPPATH/Controllers/Home.php on line 75.
 1 APPPATH/Controllers/Home.php(75): CodeIgniter\Debug\Exceptions->errorHandler(2, 'Attempt to read property "courses_id" on null', 'APPPATH/Controllers/Home.php', 75)
 2 SYSTEMPATH/CodeIgniter.php(925): App\Controllers\Home->courses_details('FCPATH/assets', 'img', 'icons', 'right_arrow.svg')
 3 SYSTEMPATH/CodeIgniter.php(480): CodeIgniter\CodeIgniter->runController(Object(App\Controllers\Home))
 4 SYSTEMPATH/CodeIgniter.php(349): CodeIgniter\CodeIgniter->handleRequest(null, Object(Config\Cache), false)
 5 FCPATH/index.php(67): CodeIgniter\CodeIgniter->run()
CRITICAL - 2024-06-06 03:46:09 --> Undefined variable $id
in APPPATH/Views/frontend/course_details.php on line 225.
 1 APPPATH/Views/frontend/course_details.php(225): CodeIgniter\Debug\Exceptions->errorHandler(2, 'Undefined variable $id', 'APPPATH/Views/frontend/course_details.php', 225)
 2 SYSTEMPATH/View/View.php(213): include('APPPATH/Views/frontend/course_details.php')
 3 SYSTEMPATH/View/View.php(216): CodeIgniter\View\View->CodeIgniter\View\{closure}()
 4 SYSTEMPATH/Common.php(1135): CodeIgniter\View\View->render('frontend/course_details', [], true)
 5 APPPATH/Controllers/Home.php(88): view('frontend/course_details')
 6 SYSTEMPATH/CodeIgniter.php(925): App\Controllers\Home->courses_details('professional-scrum-product-owner-pspo')
 7 SYSTEMPATH/CodeIgniter.php(480): CodeIgniter\CodeIgniter->runController(Object(App\Controllers\Home))
 8 SYSTEMPATH/CodeIgniter.php(349): CodeIgniter\CodeIgniter->handleRequest(null, Object(Config\Cache), false)
 9 FCPATH/index.php(67): CodeIgniter\CodeIgniter->run()
CRITICAL - 2024-06-06 03:47:05 --> Undefined variable $faqView
in APPPATH/Views/frontend/course_details.php on line 226.
 1 APPPATH/Views/frontend/course_details.php(226): CodeIgniter\Debug\Exceptions->errorHandler(2, 'Undefined variable $faqView', 'APPPATH/Views/frontend/course_details.php', 226)
 2 SYSTEMPATH/View/View.php(213): include('APPPATH/Views/frontend/course_details.php')
 3 SYSTEMPATH/View/View.php(216): CodeIgniter\View\View->CodeIgniter\View\{closure}()
 4 SYSTEMPATH/Common.php(1135): CodeIgniter\View\View->render('frontend/course_details', [], true)
 5 APPPATH/Controllers/Home.php(88): view('frontend/course_details')
 6 SYSTEMPATH/CodeIgniter.php(925): App\Controllers\Home->courses_details('professional-scrum-product-owner-pspo')
 7 SYSTEMPATH/CodeIgniter.php(480): CodeIgniter\CodeIgniter->runController(Object(App\Controllers\Home))
 8 SYSTEMPATH/CodeIgniter.php(349): CodeIgniter\CodeIgniter->handleRequest(null, Object(Config\Cache), false)
 9 FCPATH/index.php(67): CodeIgniter\CodeIgniter->run()
CRITICAL - 2024-06-06 05:22:51 --> Undefined variable $id
in APPPATH/Controllers/Home.php on line 106.
 1 APPPATH/Controllers/Home.php(106): CodeIgniter\Debug\Exceptions->errorHandler(2, 'Undefined variable $id', 'APPPATH/Controllers/Home.php', 106)
 2 SYSTEMPATH/CodeIgniter.php(925): App\Controllers\Home->blog_list('1')
 3 SYSTEMPATH/CodeIgniter.php(480): CodeIgniter\CodeIgniter->runController(Object(App\Controllers\Home))
 4 SYSTEMPATH/CodeIgniter.php(349): CodeIgniter\CodeIgniter->handleRequest(null, Object(Config\Cache), false)
 5 FCPATH/index.php(67): CodeIgniter\CodeIgniter->run()
CRITICAL - 2024-06-06 05:24:21 --> Undefined variable $id
in APPPATH/Controllers/Home.php on line 106.
 1 APPPATH/Controllers/Home.php(106): CodeIgniter\Debug\Exceptions->errorHandler(2, 'Undefined variable $id', 'APPPATH/Controllers/Home.php', 106)
 2 SYSTEMPATH/CodeIgniter.php(925): App\Controllers\Home->blog_list('1')
 3 SYSTEMPATH/CodeIgniter.php(480): CodeIgniter\CodeIgniter->runController(Object(App\Controllers\Home))
 4 SYSTEMPATH/CodeIgniter.php(349): CodeIgniter\CodeIgniter->handleRequest(null, Object(Config\Cache), false)
 5 FCPATH/index.php(67): CodeIgniter\CodeIgniter->run()
CRITICAL - 2024-06-06 05:24:47 --> Undefined variable $id
in APPPATH/Controllers/Home.php on line 106.
 1 APPPATH/Controllers/Home.php(106): CodeIgniter\Debug\Exceptions->errorHandler(2, 'Undefined variable $id', 'APPPATH/Controllers/Home.php', 106)
 2 SYSTEMPATH/CodeIgniter.php(925): App\Controllers\Home->blog_list('1')
 3 SYSTEMPATH/CodeIgniter.php(480): CodeIgniter\CodeIgniter->runController(Object(App\Controllers\Home))
 4 SYSTEMPATH/CodeIgniter.php(349): CodeIgniter\CodeIgniter->handleRequest(null, Object(Config\Cache), false)
 5 FCPATH/index.php(67): CodeIgniter\CodeIgniter->run()
CRITICAL - 2024-06-06 05:26:19 --> Invalid file: App\Views\Pagers\foundation_full.php
in SYSTEMPATH/Exceptions/FrameworkException.php on line 33.
 1 SYSTEMPATH/View/View.php(201): CodeIgniter\Exceptions\FrameworkException::forInvalidFile('App\\Views\\Pagers\\foundation_full.php')
 2 SYSTEMPATH/Pager/Pager.php(126): CodeIgniter\View\View->render('App\\Views\\Pagers\\foundation_full', null, false)
 3 SYSTEMPATH/Pager/Pager.php(110): CodeIgniter\Pager\Pager->displayLinks('default', 'foundation_full')
 4 APPPATH/Controllers/Home.php(113): CodeIgniter\Pager\Pager->makeLinks(1, 10, 15, 'foundation_full')
 5 SYSTEMPATH/CodeIgniter.php(925): App\Controllers\Home->blog_list('1')
 6 SYSTEMPATH/CodeIgniter.php(480): CodeIgniter\CodeIgniter->runController(Object(App\Controllers\Home))
 7 SYSTEMPATH/CodeIgniter.php(349): CodeIgniter\CodeIgniter->handleRequest(null, Object(Config\Cache), false)
 8 FCPATH/index.php(67): CodeIgniter\CodeIgniter->run()
CRITICAL - 2024-06-06 05:27:14 --> Invalid file: App\Views\Pagers\foundation_full.php
in SYSTEMPATH/Exceptions/FrameworkException.php on line 33.
 1 SYSTEMPATH/View/View.php(201): CodeIgniter\Exceptions\FrameworkException::forInvalidFile('App\\Views\\Pagers\\foundation_full.php')
 2 SYSTEMPATH/Pager/Pager.php(126): CodeIgniter\View\View->render('App\\Views\\Pagers\\foundation_full', null, false)
 3 SYSTEMPATH/Pager/Pager.php(110): CodeIgniter\Pager\Pager->displayLinks('default', 'foundation_full')
 4 APPPATH/Controllers/Home.php(113): CodeIgniter\Pager\Pager->makeLinks(1, 10, 15, 'foundation_full')
 5 SYSTEMPATH/CodeIgniter.php(925): App\Controllers\Home->blog_list('1')
 6 SYSTEMPATH/CodeIgniter.php(480): CodeIgniter\CodeIgniter->runController(Object(App\Controllers\Home))
 7 SYSTEMPATH/CodeIgniter.php(349): CodeIgniter\CodeIgniter->handleRequest(null, Object(Config\Cache), false)
 8 FCPATH/index.php(67): CodeIgniter\CodeIgniter->run()
CRITICAL - 2024-06-06 05:37:11 --> Undefined variable $commanmodel
in APPPATH/Controllers/Home.php on line 43.
 1 APPPATH/Controllers/Home.php(43): CodeIgniter\Debug\Exceptions->errorHandler(2, 'Undefined variable $commanmodel', 'APPPATH/Controllers/Home.php', 43)
 2 SYSTEMPATH/CodeIgniter.php(925): App\Controllers\Home->blog()
 3 SYSTEMPATH/CodeIgniter.php(480): CodeIgniter\CodeIgniter->runController(Object(App\Controllers\Home))
 4 SYSTEMPATH/CodeIgniter.php(349): CodeIgniter\CodeIgniter->handleRequest(null, Object(Config\Cache), false)
 5 FCPATH/index.php(67): CodeIgniter\CodeIgniter->run()
CRITICAL - 2024-06-06 06:19:43 --> Attempt to read property "cms_page_heading" on null
in APPPATH/Views/frontend/about_us.php on line 83.
 1 APPPATH/Views/frontend/about_us.php(83): CodeIgniter\Debug\Exceptions->errorHandler(2, 'Attempt to read property "cms_page_heading" on null', 'APPPATH/Views/frontend/about_us.php', 83)
 2 SYSTEMPATH/View/View.php(213): include('APPPATH/Views/frontend/about_us.php')
 3 SYSTEMPATH/View/View.php(216): CodeIgniter\View\View->CodeIgniter\View\{closure}()
 4 SYSTEMPATH/Common.php(1135): CodeIgniter\View\View->render('frontend/about_us', [], true)
 5 APPPATH/Controllers/Home.php(38): view('frontend/about_us')
 6 SYSTEMPATH/CodeIgniter.php(925): App\Controllers\Home->about_us()
 7 SYSTEMPATH/CodeIgniter.php(480): CodeIgniter\CodeIgniter->runController(Object(App\Controllers\Home))
 8 SYSTEMPATH/CodeIgniter.php(349): CodeIgniter\CodeIgniter->handleRequest(null, Object(Config\Cache), false)
 9 FCPATH/index.php(67): CodeIgniter\CodeIgniter->run()
ERROR - 2024-06-06 06:35:23 --> mysqli_sql_exception: Table 'aseelect_mindbels.team' doesn't exist in /home2/aseelectricalco/public_html/mindbels/system/Database/MySQLi/Connection.php:292
Stack trace:
#0 /home2/aseelectricalco/public_html/mindbels/system/Database/MySQLi/Connection.php(292): mysqli->query('SELECT *\nFROM `...', 0)
#1 /home2/aseelectricalco/public_html/mindbels/system/Database/BaseConnection.php(666): CodeIgniter\Database\MySQLi\Connection->execute('SELECT *\nFROM `...')
#2 /home2/aseelectricalco/public_html/mindbels/system/Database/BaseConnection.php(593): CodeIgniter\Database\BaseConnection->simpleQuery('SELECT *\nFROM `...')
#3 /home2/aseelectricalco/public_html/mindbels/system/Database/BaseBuilder.php(1585): CodeIgniter\Database\BaseConnection->query('SELECT *\nFROM `...', Array, false)
#4 /home2/aseelectricalco/public_html/mindbels/app/Models/Commanmodel.php(164): CodeIgniter\Database\BaseBuilder->get()
#5 /home2/aseelectricalco/public_html/mindbels/app/Controllers/Admin.php(1708): App\Models\Commanmodel->all_multiple_query_order_by('team', Array, 'team_id', 'ASC')
#6 /home2/aseelectricalco/public_html/mindbels/system/CodeIgniter.php(925): App\Controllers\Admin->team()
#7 /home2/aseelectricalco/public_html/mindbels/system/CodeIgniter.php(480): CodeIgniter\CodeIgniter->runController(Object(App\Controllers\Admin))
#8 /home2/aseelectricalco/public_html/mindbels/system/CodeIgniter.php(349): CodeIgniter\CodeIgniter->handleRequest(NULL, Object(Config\Cache), false)
#9 /home2/aseelectricalco/public_html/mindbels/index.php(67): CodeIgniter\CodeIgniter->run()
#10 {main}
CRITICAL - 2024-06-06 06:35:23 --> Call to a member function getResult() on bool
in APPPATH/Models/Commanmodel.php on line 166.
 1 APPPATH/Controllers/Admin.php(1708): App\Models\Commanmodel->all_multiple_query_order_by('team', [], 'team_id', 'ASC')
 2 SYSTEMPATH/CodeIgniter.php(925): App\Controllers\Admin->team()
 3 SYSTEMPATH/CodeIgniter.php(480): CodeIgniter\CodeIgniter->runController(Object(App\Controllers\Admin))
 4 SYSTEMPATH/CodeIgniter.php(349): CodeIgniter\CodeIgniter->handleRequest(null, Object(Config\Cache), false)
 5 FCPATH/index.php(67): CodeIgniter\CodeIgniter->run()
ERROR - 2024-06-06 06:58:05 --> mysqli_sql_exception: Table 'aseelect_mindbels.clients' doesn't exist in /home2/aseelectricalco/public_html/mindbels/system/Database/MySQLi/Connection.php:292
Stack trace:
#0 /home2/aseelectricalco/public_html/mindbels/system/Database/MySQLi/Connection.php(292): mysqli->query('SELECT *\nFROM `...', 0)
#1 /home2/aseelectricalco/public_html/mindbels/system/Database/BaseConnection.php(666): CodeIgniter\Database\MySQLi\Connection->execute('SELECT *\nFROM `...')
#2 /home2/aseelectricalco/public_html/mindbels/system/Database/BaseConnection.php(593): CodeIgniter\Database\BaseConnection->simpleQuery('SELECT *\nFROM `...')
#3 /home2/aseelectricalco/public_html/mindbels/system/Database/BaseBuilder.php(1585): CodeIgniter\Database\BaseConnection->query('SELECT *\nFROM `...', Array, false)
#4 /home2/aseelectricalco/public_html/mindbels/app/Models/Commanmodel.php(220): CodeIgniter\Database\BaseBuilder->get()
#5 /home2/aseelectricalco/public_html/mindbels/app/Controllers/Admin.php(1995): App\Models\Commanmodel->get_multiple_query_order_by('clients', 'client_id', 'DESC')
#6 /home2/aseelectricalco/public_html/mindbels/system/CodeIgniter.php(925): App\Controllers\Admin->our_gallery()
#7 /home2/aseelectricalco/public_html/mindbels/system/CodeIgniter.php(480): CodeIgniter\CodeIgniter->runController(Object(App\Controllers\Admin))
#8 /home2/aseelectricalco/public_html/mindbels/system/CodeIgniter.php(349): CodeIgniter\CodeIgniter->handleRequest(NULL, Object(Config\Cache), false)
#9 /home2/aseelectricalco/public_html/mindbels/index.php(67): CodeIgniter\CodeIgniter->run()
#10 {main}
CRITICAL - 2024-06-06 06:58:05 --> Call to a member function getResult() on bool
in APPPATH/Models/Commanmodel.php on line 221.
 1 APPPATH/Controllers/Admin.php(1995): App\Models\Commanmodel->get_multiple_query_order_by('clients', 'client_id', 'DESC')
 2 SYSTEMPATH/CodeIgniter.php(925): App\Controllers\Admin->our_gallery()
 3 SYSTEMPATH/CodeIgniter.php(480): CodeIgniter\CodeIgniter->runController(Object(App\Controllers\Admin))
 4 SYSTEMPATH/CodeIgniter.php(349): CodeIgniter\CodeIgniter->handleRequest(null, Object(Config\Cache), false)
 5 FCPATH/index.php(67): CodeIgniter\CodeIgniter->run()
CRITICAL - 2024-06-06 07:11:43 --> Unclosed '{' on line 125
in APPPATH/Views/frontend/index.php on line 1020.
 1 SYSTEMPATH/View/View.php(216): CodeIgniter\View\View->CodeIgniter\View\{closure}()
 2 SYSTEMPATH/Common.php(1135): CodeIgniter\View\View->render('frontend/index', [], true)
 3 APPPATH/Controllers/Home.php(21): view('frontend/index')
 4 SYSTEMPATH/CodeIgniter.php(925): App\Controllers\Home->index()
 5 SYSTEMPATH/CodeIgniter.php(480): CodeIgniter\CodeIgniter->runController(Object(App\Controllers\Home))
 6 SYSTEMPATH/CodeIgniter.php(349): CodeIgniter\CodeIgniter->handleRequest(null, Object(Config\Cache), false)
 7 FCPATH/index.php(67): CodeIgniter\CodeIgniter->run()
CRITICAL - 2024-06-06 07:13:42 --> Unclosed '{' on line 130
in APPPATH/Views/frontend/index.php on line 1025.
 1 SYSTEMPATH/View/View.php(216): CodeIgniter\View\View->CodeIgniter\View\{closure}()
 2 SYSTEMPATH/Common.php(1135): CodeIgniter\View\View->render('frontend/index', [], true)
 3 APPPATH/Controllers/Home.php(21): view('frontend/index')
 4 SYSTEMPATH/CodeIgniter.php(925): App\Controllers\Home->index()
 5 SYSTEMPATH/CodeIgniter.php(480): CodeIgniter\CodeIgniter->runController(Object(App\Controllers\Home))
 6 SYSTEMPATH/CodeIgniter.php(349): CodeIgniter\CodeIgniter->handleRequest(null, Object(Config\Cache), false)
 7 FCPATH/index.php(67): CodeIgniter\CodeIgniter->run()
CRITICAL - 2024-06-06 07:13:45 --> Unclosed '{' on line 130
in APPPATH/Views/frontend/index.php on line 1025.
 1 SYSTEMPATH/View/View.php(216): CodeIgniter\View\View->CodeIgniter\View\{closure}()
 2 SYSTEMPATH/Common.php(1135): CodeIgniter\View\View->render('frontend/index', [], true)
 3 APPPATH/Controllers/Home.php(21): view('frontend/index')
 4 SYSTEMPATH/CodeIgniter.php(925): App\Controllers\Home->index()
 5 SYSTEMPATH/CodeIgniter.php(480): CodeIgniter\CodeIgniter->runController(Object(App\Controllers\Home))
 6 SYSTEMPATH/CodeIgniter.php(349): CodeIgniter\CodeIgniter->handleRequest(null, Object(Config\Cache), false)
 7 FCPATH/index.php(67): CodeIgniter\CodeIgniter->run()
CRITICAL - 2024-06-06 07:16:43 --> Unclosed '{' on line 130
in APPPATH/Views/frontend/index.php on line 1025.
 1 SYSTEMPATH/View/View.php(216): CodeIgniter\View\View->CodeIgniter\View\{closure}()
 2 SYSTEMPATH/Common.php(1135): CodeIgniter\View\View->render('frontend/index', [], true)
 3 APPPATH/Controllers/Home.php(21): view('frontend/index')
 4 SYSTEMPATH/CodeIgniter.php(925): App\Controllers\Home->index()
 5 SYSTEMPATH/CodeIgniter.php(480): CodeIgniter\CodeIgniter->runController(Object(App\Controllers\Home))
 6 SYSTEMPATH/CodeIgniter.php(349): CodeIgniter\CodeIgniter->handleRequest(null, Object(Config\Cache), false)
 7 FCPATH/index.php(67): CodeIgniter\CodeIgniter->run()
