CRITICAL - 2024-10-01 00:38:44 --> Attempt to read property "property_meta_title" on null
in APPPATH/Controllers/Home.php on line 200.
 1 APPPATH/Controllers/Home.php(200): CodeIgniter\Debug\Exceptions->errorHandler(2, 'Attempt to read property "property_meta_title" on null', 'APPPATH/Controllers/Home.php', 200)
 2 SYSTEMPATH/CodeIgniter.php(925): App\Controllers\Home->property_details('about.html')
 3 SYSTEMPATH/CodeIgniter.php(480): CodeIgniter\CodeIgniter->runController(Object(App\Controllers\Home))
 4 SYSTEMPATH/CodeIgniter.php(349): CodeIgniter\CodeIgniter->handleRequest(null, Object(Config\Cache), false)
 5 FCPATH/index.php(67): CodeIgniter\CodeIgniter->run()
CRITICAL - 2024-10-01 02:07:43 --> Attempt to read property "property_meta_title" on null
in APPPATH/Controllers/Home.php on line 200.
 1 APPPATH/Controllers/Home.php(200): CodeIgniter\Debug\Exceptions->errorHandler(2, 'Attempt to read property "property_meta_title" on null', 'APPPATH/Controllers/Home.php', 200)
 2 SYSTEMPATH/CodeIgniter.php(925): App\Controllers\Home->property_details('login.html')
 3 SYSTEMPATH/CodeIgniter.php(480): CodeIgniter\CodeIgniter->runController(Object(App\Controllers\Home))
 4 SYSTEMPATH/CodeIgniter.php(349): CodeIgniter\CodeIgniter->handleRequest(null, Object(Config\Cache), false)
 5 FCPATH/index.php(67): CodeIgniter\CodeIgniter->run()
CRITICAL - 2024-10-01 03:37:20 --> Attempt to read property "property_meta_title" on null
in APPPATH/Controllers/Home.php on line 200.
 1 APPPATH/Controllers/Home.php(200): CodeIgniter\Debug\Exceptions->errorHandler(2, 'Attempt to read property "property_meta_title" on null', 'APPPATH/Controllers/Home.php', 200)
 2 SYSTEMPATH/CodeIgniter.php(925): App\Controllers\Home->property_details('property.html')
 3 SYSTEMPATH/CodeIgniter.php(480): CodeIgniter\CodeIgniter->runController(Object(App\Controllers\Home))
 4 SYSTEMPATH/CodeIgniter.php(349): CodeIgniter\CodeIgniter->handleRequest(null, Object(Config\Cache), false)
 5 FCPATH/index.php(67): CodeIgniter\CodeIgniter->run()
CRITICAL - 2024-10-01 05:02:26 --> Attempt to read property "property_meta_title" on null
in APPPATH/Controllers/Home.php on line 200.
 1 APPPATH/Controllers/Home.php(200): CodeIgniter\Debug\Exceptions->errorHandler(2, 'Attempt to read property "property_meta_title" on null', 'APPPATH/Controllers/Home.php', 200)
 2 SYSTEMPATH/CodeIgniter.php(925): App\Controllers\Home->property_details('index.html')
 3 SYSTEMPATH/CodeIgniter.php(480): CodeIgniter\CodeIgniter->runController(Object(App\Controllers\Home))
 4 SYSTEMPATH/CodeIgniter.php(349): CodeIgniter\CodeIgniter->handleRequest(null, Object(Config\Cache), false)
 5 FCPATH/index.php(67): CodeIgniter\CodeIgniter->run()
CRITICAL - 2024-10-01 05:03:40 --> Attempt to read property "property_meta_title" on null
in APPPATH/Controllers/Home.php on line 200.
 1 APPPATH/Controllers/Home.php(200): CodeIgniter\Debug\Exceptions->errorHandler(2, 'Attempt to read property "property_meta_title" on null', 'APPPATH/Controllers/Home.php', 200)
 2 SYSTEMPATH/CodeIgniter.php(925): App\Controllers\Home->property_details('terms-conditions.html')
 3 SYSTEMPATH/CodeIgniter.php(480): CodeIgniter\CodeIgniter->runController(Object(App\Controllers\Home))
 4 SYSTEMPATH/CodeIgniter.php(349): CodeIgniter\CodeIgniter->handleRequest(null, Object(Config\Cache), false)
 5 FCPATH/index.php(67): CodeIgniter\CodeIgniter->run()
CRITICAL - 2024-10-01 05:04:19 --> Attempt to read property "property_meta_title" on null
in APPPATH/Controllers/Home.php on line 200.
 1 APPPATH/Controllers/Home.php(200): CodeIgniter\Debug\Exceptions->errorHandler(2, 'Attempt to read property "property_meta_title" on null', 'APPPATH/Controllers/Home.php', 200)
 2 SYSTEMPATH/CodeIgniter.php(925): App\Controllers\Home->property_details('property.html')
 3 SYSTEMPATH/CodeIgniter.php(480): CodeIgniter\CodeIgniter->runController(Object(App\Controllers\Home))
 4 SYSTEMPATH/CodeIgniter.php(349): CodeIgniter\CodeIgniter->handleRequest(null, Object(Config\Cache), false)
 5 FCPATH/index.php(67): CodeIgniter\CodeIgniter->run()
CRITICAL - 2024-10-01 06:32:53 --> Attempt to read property "property_meta_title" on null
in APPPATH/Controllers/Home.php on line 200.
 1 APPPATH/Controllers/Home.php(200): CodeIgniter\Debug\Exceptions->errorHandler(2, 'Attempt to read property "property_meta_title" on null', 'APPPATH/Controllers/Home.php', 200)
 2 SYSTEMPATH/CodeIgniter.php(925): App\Controllers\Home->property_details('contact.html')
 3 SYSTEMPATH/CodeIgniter.php(480): CodeIgniter\CodeIgniter->runController(Object(App\Controllers\Home))
 4 SYSTEMPATH/CodeIgniter.php(349): CodeIgniter\CodeIgniter->handleRequest(null, Object(Config\Cache), false)
 5 FCPATH/index.php(67): CodeIgniter\CodeIgniter->run()
CRITICAL - 2024-10-01 06:34:06 --> Attempt to read property "property_meta_title" on null
in APPPATH/Controllers/Home.php on line 200.
 1 APPPATH/Controllers/Home.php(200): CodeIgniter\Debug\Exceptions->errorHandler(2, 'Attempt to read property "property_meta_title" on null', 'APPPATH/Controllers/Home.php', 200)
 2 SYSTEMPATH/CodeIgniter.php(925): App\Controllers\Home->property_details('terms-conditions.html')
 3 SYSTEMPATH/CodeIgniter.php(480): CodeIgniter\CodeIgniter->runController(Object(App\Controllers\Home))
 4 SYSTEMPATH/CodeIgniter.php(349): CodeIgniter\CodeIgniter->handleRequest(null, Object(Config\Cache), false)
 5 FCPATH/index.php(67): CodeIgniter\CodeIgniter->run()
CRITICAL - 2024-10-01 06:34:18 --> Attempt to read property "property_meta_title" on null
in APPPATH/Controllers/Home.php on line 200.
 1 APPPATH/Controllers/Home.php(200): CodeIgniter\Debug\Exceptions->errorHandler(2, 'Attempt to read property "property_meta_title" on null', 'APPPATH/Controllers/Home.php', 200)
 2 SYSTEMPATH/CodeIgniter.php(925): App\Controllers\Home->property_details('property.html')
 3 SYSTEMPATH/CodeIgniter.php(480): CodeIgniter\CodeIgniter->runController(Object(App\Controllers\Home))
 4 SYSTEMPATH/CodeIgniter.php(349): CodeIgniter\CodeIgniter->handleRequest(null, Object(Config\Cache), false)
 5 FCPATH/index.php(67): CodeIgniter\CodeIgniter->run()
CRITICAL - 2024-10-01 07:57:05 --> Attempt to read property "property_meta_title" on null
in APPPATH/Controllers/Home.php on line 200.
 1 APPPATH/Controllers/Home.php(200): CodeIgniter\Debug\Exceptions->errorHandler(2, 'Attempt to read property "property_meta_title" on null', 'APPPATH/Controllers/Home.php', 200)
 2 SYSTEMPATH/CodeIgniter.php(925): App\Controllers\Home->property_details('Privacy-Policy.html')
 3 SYSTEMPATH/CodeIgniter.php(480): CodeIgniter\CodeIgniter->runController(Object(App\Controllers\Home))
 4 SYSTEMPATH/CodeIgniter.php(349): CodeIgniter\CodeIgniter->handleRequest(null, Object(Config\Cache), false)
 5 FCPATH/index.php(67): CodeIgniter\CodeIgniter->run()
CRITICAL - 2024-10-01 07:57:23 --> Attempt to read property "property_meta_title" on null
in APPPATH/Controllers/Home.php on line 200.
 1 APPPATH/Controllers/Home.php(200): CodeIgniter\Debug\Exceptions->errorHandler(2, 'Attempt to read property "property_meta_title" on null', 'APPPATH/Controllers/Home.php', 200)
 2 SYSTEMPATH/CodeIgniter.php(925): App\Controllers\Home->property_details('login.html')
 3 SYSTEMPATH/CodeIgniter.php(480): CodeIgniter\CodeIgniter->runController(Object(App\Controllers\Home))
 4 SYSTEMPATH/CodeIgniter.php(349): CodeIgniter\CodeIgniter->handleRequest(null, Object(Config\Cache), false)
 5 FCPATH/index.php(67): CodeIgniter\CodeIgniter->run()
CRITICAL - 2024-10-01 09:26:32 --> Attempt to read property "property_meta_title" on null
in APPPATH/Controllers/Home.php on line 200.
 1 APPPATH/Controllers/Home.php(200): CodeIgniter\Debug\Exceptions->errorHandler(2, 'Attempt to read property "property_meta_title" on null', 'APPPATH/Controllers/Home.php', 200)
 2 SYSTEMPATH/CodeIgniter.php(925): App\Controllers\Home->property_details('faq.html')
 3 SYSTEMPATH/CodeIgniter.php(480): CodeIgniter\CodeIgniter->runController(Object(App\Controllers\Home))
 4 SYSTEMPATH/CodeIgniter.php(349): CodeIgniter\CodeIgniter->handleRequest(null, Object(Config\Cache), false)
 5 FCPATH/index.php(67): CodeIgniter\CodeIgniter->run()
CRITICAL - 2024-10-01 10:50:37 --> Attempt to read property "property_meta_title" on null
in APPPATH/Controllers/Home.php on line 200.
 1 APPPATH/Controllers/Home.php(200): CodeIgniter\Debug\Exceptions->errorHandler(2, 'Attempt to read property "property_meta_title" on null', 'APPPATH/Controllers/Home.php', 200)
 2 SYSTEMPATH/CodeIgniter.php(925): App\Controllers\Home->property_details('login.html')
 3 SYSTEMPATH/CodeIgniter.php(480): CodeIgniter\CodeIgniter->runController(Object(App\Controllers\Home))
 4 SYSTEMPATH/CodeIgniter.php(349): CodeIgniter\CodeIgniter->handleRequest(null, Object(Config\Cache), false)
 5 FCPATH/index.php(67): CodeIgniter\CodeIgniter->run()
CRITICAL - 2024-10-01 12:21:14 --> Attempt to read property "property_meta_title" on null
in APPPATH/Controllers/Home.php on line 200.
 1 APPPATH/Controllers/Home.php(200): CodeIgniter\Debug\Exceptions->errorHandler(2, 'Attempt to read property "property_meta_title" on null', 'APPPATH/Controllers/Home.php', 200)
 2 SYSTEMPATH/CodeIgniter.php(925): App\Controllers\Home->property_details('property.html')
 3 SYSTEMPATH/CodeIgniter.php(480): CodeIgniter\CodeIgniter->runController(Object(App\Controllers\Home))
 4 SYSTEMPATH/CodeIgniter.php(349): CodeIgniter\CodeIgniter->handleRequest(null, Object(Config\Cache), false)
 5 FCPATH/index.php(67): CodeIgniter\CodeIgniter->run()
CRITICAL - 2024-10-01 13:50:49 --> Attempt to read property "property_meta_title" on null
in APPPATH/Controllers/Home.php on line 200.
 1 APPPATH/Controllers/Home.php(200): CodeIgniter\Debug\Exceptions->errorHandler(2, 'Attempt to read property "property_meta_title" on null', 'APPPATH/Controllers/Home.php', 200)
 2 SYSTEMPATH/CodeIgniter.php(925): App\Controllers\Home->property_details('faq.html')
 3 SYSTEMPATH/CodeIgniter.php(480): CodeIgniter\CodeIgniter->runController(Object(App\Controllers\Home))
 4 SYSTEMPATH/CodeIgniter.php(349): CodeIgniter\CodeIgniter->handleRequest(null, Object(Config\Cache), false)
 5 FCPATH/index.php(67): CodeIgniter\CodeIgniter->run()
CRITICAL - 2024-10-01 15:14:57 --> Attempt to read property "property_meta_title" on null
in APPPATH/Controllers/Home.php on line 200.
 1 APPPATH/Controllers/Home.php(200): CodeIgniter\Debug\Exceptions->errorHandler(2, 'Attempt to read property "property_meta_title" on null', 'APPPATH/Controllers/Home.php', 200)
 2 SYSTEMPATH/CodeIgniter.php(925): App\Controllers\Home->property_details('about.html')
 3 SYSTEMPATH/CodeIgniter.php(480): CodeIgniter\CodeIgniter->runController(Object(App\Controllers\Home))
 4 SYSTEMPATH/CodeIgniter.php(349): CodeIgniter\CodeIgniter->handleRequest(null, Object(Config\Cache), false)
 5 FCPATH/index.php(67): CodeIgniter\CodeIgniter->run()
CRITICAL - 2024-10-01 15:15:35 --> Attempt to read property "property_meta_title" on null
in APPPATH/Controllers/Home.php on line 200.
 1 APPPATH/Controllers/Home.php(200): CodeIgniter\Debug\Exceptions->errorHandler(2, 'Attempt to read property "property_meta_title" on null', 'APPPATH/Controllers/Home.php', 200)
 2 SYSTEMPATH/CodeIgniter.php(925): App\Controllers\Home->property_details('shop.html')
 3 SYSTEMPATH/CodeIgniter.php(480): CodeIgniter\CodeIgniter->runController(Object(App\Controllers\Home))
 4 SYSTEMPATH/CodeIgniter.php(349): CodeIgniter\CodeIgniter->handleRequest(null, Object(Config\Cache), false)
 5 FCPATH/index.php(67): CodeIgniter\CodeIgniter->run()
CRITICAL - 2024-10-01 15:16:13 --> Attempt to read property "property_meta_title" on null
in APPPATH/Controllers/Home.php on line 200.
 1 APPPATH/Controllers/Home.php(200): CodeIgniter\Debug\Exceptions->errorHandler(2, 'Attempt to read property "property_meta_title" on null', 'APPPATH/Controllers/Home.php', 200)
 2 SYSTEMPATH/CodeIgniter.php(925): App\Controllers\Home->property_details('login.html')
 3 SYSTEMPATH/CodeIgniter.php(480): CodeIgniter\CodeIgniter->runController(Object(App\Controllers\Home))
 4 SYSTEMPATH/CodeIgniter.php(349): CodeIgniter\CodeIgniter->handleRequest(null, Object(Config\Cache), false)
 5 FCPATH/index.php(67): CodeIgniter\CodeIgniter->run()
CRITICAL - 2024-10-01 16:47:09 --> Attempt to read property "property_meta_title" on null
in APPPATH/Controllers/Home.php on line 200.
 1 APPPATH/Controllers/Home.php(200): CodeIgniter\Debug\Exceptions->errorHandler(2, 'Attempt to read property "property_meta_title" on null', 'APPPATH/Controllers/Home.php', 200)
 2 SYSTEMPATH/CodeIgniter.php(925): App\Controllers\Home->property_details('about.html')
 3 SYSTEMPATH/CodeIgniter.php(480): CodeIgniter\CodeIgniter->runController(Object(App\Controllers\Home))
 4 SYSTEMPATH/CodeIgniter.php(349): CodeIgniter\CodeIgniter->handleRequest(null, Object(Config\Cache), false)
 5 FCPATH/index.php(67): CodeIgniter\CodeIgniter->run()
CRITICAL - 2024-10-01 16:47:45 --> Attempt to read property "property_meta_title" on null
in APPPATH/Controllers/Home.php on line 200.
 1 APPPATH/Controllers/Home.php(200): CodeIgniter\Debug\Exceptions->errorHandler(2, 'Attempt to read property "property_meta_title" on null', 'APPPATH/Controllers/Home.php', 200)
 2 SYSTEMPATH/CodeIgniter.php(925): App\Controllers\Home->property_details('Privacy-Policy.html')
 3 SYSTEMPATH/CodeIgniter.php(480): CodeIgniter\CodeIgniter->runController(Object(App\Controllers\Home))
 4 SYSTEMPATH/CodeIgniter.php(349): CodeIgniter\CodeIgniter->handleRequest(null, Object(Config\Cache), false)
 5 FCPATH/index.php(67): CodeIgniter\CodeIgniter->run()
CRITICAL - 2024-10-01 16:48:38 --> Attempt to read property "property_meta_title" on null
in APPPATH/Controllers/Home.php on line 200.
 1 APPPATH/Controllers/Home.php(200): CodeIgniter\Debug\Exceptions->errorHandler(2, 'Attempt to read property "property_meta_title" on null', 'APPPATH/Controllers/Home.php', 200)
 2 SYSTEMPATH/CodeIgniter.php(925): App\Controllers\Home->property_details('about.html')
 3 SYSTEMPATH/CodeIgniter.php(480): CodeIgniter\CodeIgniter->runController(Object(App\Controllers\Home))
 4 SYSTEMPATH/CodeIgniter.php(349): CodeIgniter\CodeIgniter->handleRequest(null, Object(Config\Cache), false)
 5 FCPATH/index.php(67): CodeIgniter\CodeIgniter->run()
CRITICAL - 2024-10-01 16:49:16 --> Attempt to read property "property_meta_title" on null
in APPPATH/Controllers/Home.php on line 200.
 1 APPPATH/Controllers/Home.php(200): CodeIgniter\Debug\Exceptions->errorHandler(2, 'Attempt to read property "property_meta_title" on null', 'APPPATH/Controllers/Home.php', 200)
 2 SYSTEMPATH/CodeIgniter.php(925): App\Controllers\Home->property_details('Privacy-Policy.html')
 3 SYSTEMPATH/CodeIgniter.php(480): CodeIgniter\CodeIgniter->runController(Object(App\Controllers\Home))
 4 SYSTEMPATH/CodeIgniter.php(349): CodeIgniter\CodeIgniter->handleRequest(null, Object(Config\Cache), false)
 5 FCPATH/index.php(67): CodeIgniter\CodeIgniter->run()
CRITICAL - 2024-10-01 16:50:09 --> Attempt to read property "property_meta_title" on null
in APPPATH/Controllers/Home.php on line 200.
 1 APPPATH/Controllers/Home.php(200): CodeIgniter\Debug\Exceptions->errorHandler(2, 'Attempt to read property "property_meta_title" on null', 'APPPATH/Controllers/Home.php', 200)
 2 SYSTEMPATH/CodeIgniter.php(925): App\Controllers\Home->property_details('about.html')
 3 SYSTEMPATH/CodeIgniter.php(480): CodeIgniter\CodeIgniter->runController(Object(App\Controllers\Home))
 4 SYSTEMPATH/CodeIgniter.php(349): CodeIgniter\CodeIgniter->handleRequest(null, Object(Config\Cache), false)
 5 FCPATH/index.php(67): CodeIgniter\CodeIgniter->run()
CRITICAL - 2024-10-01 16:50:39 --> Attempt to read property "property_meta_title" on null
in APPPATH/Controllers/Home.php on line 200.
 1 APPPATH/Controllers/Home.php(200): CodeIgniter\Debug\Exceptions->errorHandler(2, 'Attempt to read property "property_meta_title" on null', 'APPPATH/Controllers/Home.php', 200)
 2 SYSTEMPATH/CodeIgniter.php(925): App\Controllers\Home->property_details('Privacy-Policy.html')
 3 SYSTEMPATH/CodeIgniter.php(480): CodeIgniter\CodeIgniter->runController(Object(App\Controllers\Home))
 4 SYSTEMPATH/CodeIgniter.php(349): CodeIgniter\CodeIgniter->handleRequest(null, Object(Config\Cache), false)
 5 FCPATH/index.php(67): CodeIgniter\CodeIgniter->run()
CRITICAL - 2024-10-01 20:33:21 --> Attempt to read property "property_meta_title" on null
in APPPATH/Controllers/Home.php on line 200.
 1 APPPATH/Controllers/Home.php(200): CodeIgniter\Debug\Exceptions->errorHandler(2, 'Attempt to read property "property_meta_title" on null', 'APPPATH/Controllers/Home.php', 200)
 2 SYSTEMPATH/CodeIgniter.php(925): App\Controllers\Home->property_details('contact.html')
 3 SYSTEMPATH/CodeIgniter.php(480): CodeIgniter\CodeIgniter->runController(Object(App\Controllers\Home))
 4 SYSTEMPATH/CodeIgniter.php(349): CodeIgniter\CodeIgniter->handleRequest(null, Object(Config\Cache), false)
 5 FCPATH/index.php(67): CodeIgniter\CodeIgniter->run()
CRITICAL - 2024-10-01 22:05:55 --> Attempt to read property "property_meta_title" on null
in APPPATH/Controllers/Home.php on line 200.
 1 APPPATH/Controllers/Home.php(200): CodeIgniter\Debug\Exceptions->errorHandler(2, 'Attempt to read property "property_meta_title" on null', 'APPPATH/Controllers/Home.php', 200)
 2 SYSTEMPATH/CodeIgniter.php(925): App\Controllers\Home->property_details('contact.html')
 3 SYSTEMPATH/CodeIgniter.php(480): CodeIgniter\CodeIgniter->runController(Object(App\Controllers\Home))
 4 SYSTEMPATH/CodeIgniter.php(349): CodeIgniter\CodeIgniter->handleRequest(null, Object(Config\Cache), false)
 5 FCPATH/index.php(67): CodeIgniter\CodeIgniter->run()
CRITICAL - 2024-10-01 23:37:24 --> Attempt to read property "property_meta_title" on null
in APPPATH/Controllers/Home.php on line 200.
 1 APPPATH/Controllers/Home.php(200): CodeIgniter\Debug\Exceptions->errorHandler(2, 'Attempt to read property "property_meta_title" on null', 'APPPATH/Controllers/Home.php', 200)
 2 SYSTEMPATH/CodeIgniter.php(925): App\Controllers\Home->property_details('about.html')
 3 SYSTEMPATH/CodeIgniter.php(480): CodeIgniter\CodeIgniter->runController(Object(App\Controllers\Home))
 4 SYSTEMPATH/CodeIgniter.php(349): CodeIgniter\CodeIgniter->handleRequest(null, Object(Config\Cache), false)
 5 FCPATH/index.php(67): CodeIgniter\CodeIgniter->run()
CRITICAL - 2024-10-01 23:38:50 --> Attempt to read property "property_meta_title" on null
in APPPATH/Controllers/Home.php on line 200.
 1 APPPATH/Controllers/Home.php(200): CodeIgniter\Debug\Exceptions->errorHandler(2, 'Attempt to read property "property_meta_title" on null', 'APPPATH/Controllers/Home.php', 200)
 2 SYSTEMPATH/CodeIgniter.php(925): App\Controllers\Home->property_details('contact.html')
 3 SYSTEMPATH/CodeIgniter.php(480): CodeIgniter\CodeIgniter->runController(Object(App\Controllers\Home))
 4 SYSTEMPATH/CodeIgniter.php(349): CodeIgniter\CodeIgniter->handleRequest(null, Object(Config\Cache), false)
 5 FCPATH/index.php(67): CodeIgniter\CodeIgniter->run()
