ERROR - 2023-08-29 00:00:06 --> mysqli_sql_exception: Unknown column 'tender.order_received' in 'where clause' in /home2/aseelectricalco/public_html/warsi/system/Database/MySQLi/Connection.php:292
Stack trace:
#0 /home2/aseelectricalco/public_html/warsi/system/Database/MySQLi/Connection.php(292): mysqli->query('SELECT *\nFROM `...', 0)
#1 /home2/aseelectricalco/public_html/warsi/system/Database/BaseConnection.php(666): CodeIgniter\Database\MySQLi\Connection->execute('SELECT *\nFROM `...')
#2 /home2/aseelectricalco/public_html/warsi/system/Database/BaseConnection.php(593): CodeIgniter\Database\BaseConnection->simpleQuery('SELECT *\nFROM `...')
#3 /home2/aseelectricalco/public_html/warsi/system/Database/BaseBuilder.php(1585): CodeIgniter\Database\BaseConnection->query('SELECT *\nFROM `...', Array, false)
#4 /home2/aseelectricalco/public_html/warsi/app/Models/Tendermodel.php(97): CodeIgniter\Database\BaseBuilder->get()
#5 /home2/aseelectricalco/public_html/warsi/app/Controllers/Admin.php(2634): App\Models\Tendermodel->get_datatables()
#6 /home2/aseelectricalco/public_html/warsi/system/CodeIgniter.php(925): App\Controllers\Admin->tender_list()
#7 /home2/aseelectricalco/public_html/warsi/system/CodeIgniter.php(480): CodeIgniter\CodeIgniter->runController(Object(App\Controllers\Admin))
#8 /home2/aseelectricalco/public_html/warsi/system/CodeIgniter.php(349): CodeIgniter\CodeIgniter->handleRequest(NULL, Object(Config\Cache), false)
#9 /home2/aseelectricalco/public_html/warsi/index.php(67): CodeIgniter\CodeIgniter->run()
#10 {main}
CRITICAL - 2023-08-29 00:00:06 --> Call to a member function getResult() on bool
in APPPATH/Models/Tendermodel.php on line 98.
 1 APPPATH/Controllers/Admin.php(2634): App\Models\Tendermodel->get_datatables()
 2 SYSTEMPATH/CodeIgniter.php(925): App\Controllers\Admin->tender_list()
 3 SYSTEMPATH/CodeIgniter.php(480): CodeIgniter\CodeIgniter->runController(Object(App\Controllers\Admin))
 4 SYSTEMPATH/CodeIgniter.php(349): CodeIgniter\CodeIgniter->handleRequest(null, Object(Config\Cache), false)
 5 FCPATH/index.php(67): CodeIgniter\CodeIgniter->run()
ERROR - 2023-08-29 00:00:13 --> mysqli_sql_exception: Unknown column 'tender.order_received' in 'where clause' in /home2/aseelectricalco/public_html/warsi/system/Database/MySQLi/Connection.php:292
Stack trace:
#0 /home2/aseelectricalco/public_html/warsi/system/Database/MySQLi/Connection.php(292): mysqli->query('SELECT *\nFROM `...', 0)
#1 /home2/aseelectricalco/public_html/warsi/system/Database/BaseConnection.php(666): CodeIgniter\Database\MySQLi\Connection->execute('SELECT *\nFROM `...')
#2 /home2/aseelectricalco/public_html/warsi/system/Database/BaseConnection.php(593): CodeIgniter\Database\BaseConnection->simpleQuery('SELECT *\nFROM `...')
#3 /home2/aseelectricalco/public_html/warsi/system/Database/BaseBuilder.php(1585): CodeIgniter\Database\BaseConnection->query('SELECT *\nFROM `...', Array, false)
#4 /home2/aseelectricalco/public_html/warsi/app/Models/Tendermodel.php(97): CodeIgniter\Database\BaseBuilder->get()
#5 /home2/aseelectricalco/public_html/warsi/app/Controllers/Admin.php(2634): App\Models\Tendermodel->get_datatables()
#6 /home2/aseelectricalco/public_html/warsi/system/CodeIgniter.php(925): App\Controllers\Admin->tender_list()
#7 /home2/aseelectricalco/public_html/warsi/system/CodeIgniter.php(480): CodeIgniter\CodeIgniter->runController(Object(App\Controllers\Admin))
#8 /home2/aseelectricalco/public_html/warsi/system/CodeIgniter.php(349): CodeIgniter\CodeIgniter->handleRequest(NULL, Object(Config\Cache), false)
#9 /home2/aseelectricalco/public_html/warsi/index.php(67): CodeIgniter\CodeIgniter->run()
#10 {main}
CRITICAL - 2023-08-29 00:00:13 --> Call to a member function getResult() on bool
in APPPATH/Models/Tendermodel.php on line 98.
 1 APPPATH/Controllers/Admin.php(2634): App\Models\Tendermodel->get_datatables()
 2 SYSTEMPATH/CodeIgniter.php(925): App\Controllers\Admin->tender_list()
 3 SYSTEMPATH/CodeIgniter.php(480): CodeIgniter\CodeIgniter->runController(Object(App\Controllers\Admin))
 4 SYSTEMPATH/CodeIgniter.php(349): CodeIgniter\CodeIgniter->handleRequest(null, Object(Config\Cache), false)
 5 FCPATH/index.php(67): CodeIgniter\CodeIgniter->run()
ERROR - 2023-08-29 00:00:56 --> mysqli_sql_exception: Unknown column 'tender.order_received' in 'where clause' in /home2/aseelectricalco/public_html/warsi/system/Database/MySQLi/Connection.php:292
Stack trace:
#0 /home2/aseelectricalco/public_html/warsi/system/Database/MySQLi/Connection.php(292): mysqli->query('SELECT *\nFROM `...', 0)
#1 /home2/aseelectricalco/public_html/warsi/system/Database/BaseConnection.php(666): CodeIgniter\Database\MySQLi\Connection->execute('SELECT *\nFROM `...')
#2 /home2/aseelectricalco/public_html/warsi/system/Database/BaseConnection.php(593): CodeIgniter\Database\BaseConnection->simpleQuery('SELECT *\nFROM `...')
#3 /home2/aseelectricalco/public_html/warsi/system/Database/BaseBuilder.php(1585): CodeIgniter\Database\BaseConnection->query('SELECT *\nFROM `...', Array, false)
#4 /home2/aseelectricalco/public_html/warsi/app/Models/Tendermodel.php(97): CodeIgniter\Database\BaseBuilder->get()
#5 /home2/aseelectricalco/public_html/warsi/app/Controllers/Admin.php(2634): App\Models\Tendermodel->get_datatables()
#6 /home2/aseelectricalco/public_html/warsi/system/CodeIgniter.php(925): App\Controllers\Admin->tender_list()
#7 /home2/aseelectricalco/public_html/warsi/system/CodeIgniter.php(480): CodeIgniter\CodeIgniter->runController(Object(App\Controllers\Admin))
#8 /home2/aseelectricalco/public_html/warsi/system/CodeIgniter.php(349): CodeIgniter\CodeIgniter->handleRequest(NULL, Object(Config\Cache), false)
#9 /home2/aseelectricalco/public_html/warsi/index.php(67): CodeIgniter\CodeIgniter->run()
#10 {main}
CRITICAL - 2023-08-29 00:00:56 --> Call to a member function getResult() on bool
in APPPATH/Models/Tendermodel.php on line 98.
 1 APPPATH/Controllers/Admin.php(2634): App\Models\Tendermodel->get_datatables()
 2 SYSTEMPATH/CodeIgniter.php(925): App\Controllers\Admin->tender_list()
 3 SYSTEMPATH/CodeIgniter.php(480): CodeIgniter\CodeIgniter->runController(Object(App\Controllers\Admin))
 4 SYSTEMPATH/CodeIgniter.php(349): CodeIgniter\CodeIgniter->handleRequest(null, Object(Config\Cache), false)
 5 FCPATH/index.php(67): CodeIgniter\CodeIgniter->run()
ERROR - 2023-08-29 00:01:09 --> mysqli_sql_exception: Unknown column 'tender.order_received' in 'where clause' in /home2/aseelectricalco/public_html/warsi/system/Database/MySQLi/Connection.php:292
Stack trace:
#0 /home2/aseelectricalco/public_html/warsi/system/Database/MySQLi/Connection.php(292): mysqli->query('SELECT *\nFROM `...', 0)
#1 /home2/aseelectricalco/public_html/warsi/system/Database/BaseConnection.php(666): CodeIgniter\Database\MySQLi\Connection->execute('SELECT *\nFROM `...')
#2 /home2/aseelectricalco/public_html/warsi/system/Database/BaseConnection.php(593): CodeIgniter\Database\BaseConnection->simpleQuery('SELECT *\nFROM `...')
#3 /home2/aseelectricalco/public_html/warsi/system/Database/BaseBuilder.php(1585): CodeIgniter\Database\BaseConnection->query('SELECT *\nFROM `...', Array, false)
#4 /home2/aseelectricalco/public_html/warsi/app/Models/Tendermodel.php(97): CodeIgniter\Database\BaseBuilder->get()
#5 /home2/aseelectricalco/public_html/warsi/app/Controllers/Admin.php(2634): App\Models\Tendermodel->get_datatables()
#6 /home2/aseelectricalco/public_html/warsi/system/CodeIgniter.php(925): App\Controllers\Admin->tender_list()
#7 /home2/aseelectricalco/public_html/warsi/system/CodeIgniter.php(480): CodeIgniter\CodeIgniter->runController(Object(App\Controllers\Admin))
#8 /home2/aseelectricalco/public_html/warsi/system/CodeIgniter.php(349): CodeIgniter\CodeIgniter->handleRequest(NULL, Object(Config\Cache), false)
#9 /home2/aseelectricalco/public_html/warsi/index.php(67): CodeIgniter\CodeIgniter->run()
#10 {main}
CRITICAL - 2023-08-29 00:01:09 --> Call to a member function getResult() on bool
in APPPATH/Models/Tendermodel.php on line 98.
 1 APPPATH/Controllers/Admin.php(2634): App\Models\Tendermodel->get_datatables()
 2 SYSTEMPATH/CodeIgniter.php(925): App\Controllers\Admin->tender_list()
 3 SYSTEMPATH/CodeIgniter.php(480): CodeIgniter\CodeIgniter->runController(Object(App\Controllers\Admin))
 4 SYSTEMPATH/CodeIgniter.php(349): CodeIgniter\CodeIgniter->handleRequest(null, Object(Config\Cache), false)
 5 FCPATH/index.php(67): CodeIgniter\CodeIgniter->run()
ERROR - 2023-08-29 00:05:23 --> mysqli_sql_exception: Unknown column 'tender.order_received' in 'where clause' in /home2/aseelectricalco/public_html/warsi/system/Database/MySQLi/Connection.php:292
Stack trace:
#0 /home2/aseelectricalco/public_html/warsi/system/Database/MySQLi/Connection.php(292): mysqli->query('SELECT *\nFROM `...', 0)
#1 /home2/aseelectricalco/public_html/warsi/system/Database/BaseConnection.php(666): CodeIgniter\Database\MySQLi\Connection->execute('SELECT *\nFROM `...')
#2 /home2/aseelectricalco/public_html/warsi/system/Database/BaseConnection.php(593): CodeIgniter\Database\BaseConnection->simpleQuery('SELECT *\nFROM `...')
#3 /home2/aseelectricalco/public_html/warsi/system/Database/BaseBuilder.php(1585): CodeIgniter\Database\BaseConnection->query('SELECT *\nFROM `...', Array, false)
#4 /home2/aseelectricalco/public_html/warsi/app/Models/Tendermodel.php(102): CodeIgniter\Database\BaseBuilder->get()
#5 /home2/aseelectricalco/public_html/warsi/app/Controllers/Admin.php(2634): App\Models\Tendermodel->get_datatables()
#6 /home2/aseelectricalco/public_html/warsi/system/CodeIgniter.php(925): App\Controllers\Admin->tender_list()
#7 /home2/aseelectricalco/public_html/warsi/system/CodeIgniter.php(480): CodeIgniter\CodeIgniter->runController(Object(App\Controllers\Admin))
#8 /home2/aseelectricalco/public_html/warsi/system/CodeIgniter.php(349): CodeIgniter\CodeIgniter->handleRequest(NULL, Object(Config\Cache), false)
#9 /home2/aseelectricalco/public_html/warsi/index.php(67): CodeIgniter\CodeIgniter->run()
#10 {main}
CRITICAL - 2023-08-29 00:05:23 --> Call to a member function getResult() on bool
in APPPATH/Models/Tendermodel.php on line 103.
 1 APPPATH/Controllers/Admin.php(2634): App\Models\Tendermodel->get_datatables()
 2 SYSTEMPATH/CodeIgniter.php(925): App\Controllers\Admin->tender_list()
 3 SYSTEMPATH/CodeIgniter.php(480): CodeIgniter\CodeIgniter->runController(Object(App\Controllers\Admin))
 4 SYSTEMPATH/CodeIgniter.php(349): CodeIgniter\CodeIgniter->handleRequest(null, Object(Config\Cache), false)
 5 FCPATH/index.php(67): CodeIgniter\CodeIgniter->run()
ERROR - 2023-08-29 00:06:05 --> mysqli_sql_exception: Unknown column 'tender.order_received' in 'where clause' in /home2/aseelectricalco/public_html/warsi/system/Database/MySQLi/Connection.php:292
Stack trace:
#0 /home2/aseelectricalco/public_html/warsi/system/Database/MySQLi/Connection.php(292): mysqli->query('SELECT *\nFROM `...', 0)
#1 /home2/aseelectricalco/public_html/warsi/system/Database/BaseConnection.php(666): CodeIgniter\Database\MySQLi\Connection->execute('SELECT *\nFROM `...')
#2 /home2/aseelectricalco/public_html/warsi/system/Database/BaseConnection.php(593): CodeIgniter\Database\BaseConnection->simpleQuery('SELECT *\nFROM `...')
#3 /home2/aseelectricalco/public_html/warsi/system/Database/BaseBuilder.php(1585): CodeIgniter\Database\BaseConnection->query('SELECT *\nFROM `...', Array, false)
#4 /home2/aseelectricalco/public_html/warsi/app/Models/Tendermodel.php(102): CodeIgniter\Database\BaseBuilder->get()
#5 /home2/aseelectricalco/public_html/warsi/app/Controllers/Admin.php(2634): App\Models\Tendermodel->get_datatables()
#6 /home2/aseelectricalco/public_html/warsi/system/CodeIgniter.php(925): App\Controllers\Admin->tender_list()
#7 /home2/aseelectricalco/public_html/warsi/system/CodeIgniter.php(480): CodeIgniter\CodeIgniter->runController(Object(App\Controllers\Admin))
#8 /home2/aseelectricalco/public_html/warsi/system/CodeIgniter.php(349): CodeIgniter\CodeIgniter->handleRequest(NULL, Object(Config\Cache), false)
#9 /home2/aseelectricalco/public_html/warsi/index.php(67): CodeIgniter\CodeIgniter->run()
#10 {main}
CRITICAL - 2023-08-29 00:06:05 --> Call to a member function getResult() on bool
in APPPATH/Models/Tendermodel.php on line 103.
 1 APPPATH/Controllers/Admin.php(2634): App\Models\Tendermodel->get_datatables()
 2 SYSTEMPATH/CodeIgniter.php(925): App\Controllers\Admin->tender_list()
 3 SYSTEMPATH/CodeIgniter.php(480): CodeIgniter\CodeIgniter->runController(Object(App\Controllers\Admin))
 4 SYSTEMPATH/CodeIgniter.php(349): CodeIgniter\CodeIgniter->handleRequest(null, Object(Config\Cache), false)
 5 FCPATH/index.php(67): CodeIgniter\CodeIgniter->run()
CRITICAL - 2023-08-29 00:09:01 --> Undefined array key "user"
in APPPATH/Models/Tendermodel.php on line 36.
 1 APPPATH/Models/Tendermodel.php(36): CodeIgniter\Debug\Exceptions->errorHandler(2, 'Undefined array key "user"', 'APPPATH/Models/Tendermodel.php', 36)
 2 APPPATH/Models/Tendermodel.php(96): App\Models\Tendermodel->_get_datatables_query()
 3 APPPATH/Controllers/Admin.php(2634): App\Models\Tendermodel->get_datatables()
 4 SYSTEMPATH/CodeIgniter.php(925): App\Controllers\Admin->tender_list()
 5 SYSTEMPATH/CodeIgniter.php(480): CodeIgniter\CodeIgniter->runController(Object(App\Controllers\Admin))
 6 SYSTEMPATH/CodeIgniter.php(349): CodeIgniter\CodeIgniter->handleRequest(null, Object(Config\Cache), false)
 7 FCPATH/index.php(67): CodeIgniter\CodeIgniter->run()
CRITICAL - 2023-08-29 00:10:38 --> Undefined array key "user"
in APPPATH/Models/Tendermodel.php on line 36.
 1 APPPATH/Models/Tendermodel.php(36): CodeIgniter\Debug\Exceptions->errorHandler(2, 'Undefined array key "user"', 'APPPATH/Models/Tendermodel.php', 36)
 2 APPPATH/Models/Tendermodel.php(96): App\Models\Tendermodel->_get_datatables_query()
 3 APPPATH/Controllers/Admin.php(2634): App\Models\Tendermodel->get_datatables()
 4 SYSTEMPATH/CodeIgniter.php(925): App\Controllers\Admin->tender_list()
 5 SYSTEMPATH/CodeIgniter.php(480): CodeIgniter\CodeIgniter->runController(Object(App\Controllers\Admin))
 6 SYSTEMPATH/CodeIgniter.php(349): CodeIgniter\CodeIgniter->handleRequest(null, Object(Config\Cache), false)
 7 FCPATH/index.php(67): CodeIgniter\CodeIgniter->run()
CRITICAL - 2023-08-29 00:11:19 --> Undefined array key "user"
in APPPATH/Models/Tendermodel.php on line 36.
 1 APPPATH/Models/Tendermodel.php(36): CodeIgniter\Debug\Exceptions->errorHandler(2, 'Undefined array key "user"', 'APPPATH/Models/Tendermodel.php', 36)
 2 APPPATH/Models/Tendermodel.php(96): App\Models\Tendermodel->_get_datatables_query()
 3 APPPATH/Controllers/Admin.php(2634): App\Models\Tendermodel->get_datatables()
 4 SYSTEMPATH/CodeIgniter.php(925): App\Controllers\Admin->tender_list()
 5 SYSTEMPATH/CodeIgniter.php(480): CodeIgniter\CodeIgniter->runController(Object(App\Controllers\Admin))
 6 SYSTEMPATH/CodeIgniter.php(349): CodeIgniter\CodeIgniter->handleRequest(null, Object(Config\Cache), false)
 7 FCPATH/index.php(67): CodeIgniter\CodeIgniter->run()
CRITICAL - 2023-08-29 00:22:52 --> Array and string offset access syntax with curly braces is no longer supported
in FCPATH/vendor/phpoffice/phpexcel/Classes/PHPExcel/Shared/String.php on line 529.
 1 [internal function]: CodeIgniter\Debug\Exceptions->shutdownHandler()
CRITICAL - 2023-08-29 01:39:17 --> Class "App\Controllers\YourModel" not found
in APPPATH/Controllers/Admin.php on line 4568.
 1 SYSTEMPATH/CodeIgniter.php(925): App\Controllers\Admin->uploadAttendance()
 2 SYSTEMPATH/CodeIgniter.php(480): CodeIgniter\CodeIgniter->runController(Object(App\Controllers\Admin))
 3 SYSTEMPATH/CodeIgniter.php(349): CodeIgniter\CodeIgniter->handleRequest(null, Object(Config\Cache), false)
 4 FCPATH/index.php(67): CodeIgniter\CodeIgniter->run()
CRITICAL - 2023-08-29 04:13:35 --> implode(): Argument #2 ($array) must be of type ?array, string given
in APPPATH/Controllers/Admin.php on line 4572.
 1 APPPATH/Controllers/Admin.php(4572): implode('~', '2023/06/01 ~ 06/30')
 2 SYSTEMPATH/CodeIgniter.php(925): App\Controllers\Admin->uploadAttendance()
 3 SYSTEMPATH/CodeIgniter.php(480): CodeIgniter\CodeIgniter->runController(Object(App\Controllers\Admin))
 4 SYSTEMPATH/CodeIgniter.php(349): CodeIgniter\CodeIgniter->handleRequest(null, Object(Config\Cache), false)
 5 FCPATH/index.php(67): CodeIgniter\CodeIgniter->run()
CRITICAL - 2023-08-29 04:15:06 --> implode(): Argument #2 ($array) must be of type ?array, string given
in APPPATH/Controllers/Admin.php on line 4572.
 1 APPPATH/Controllers/Admin.php(4572): implode('~', '2023/06/01 ~ 06/30')
 2 SYSTEMPATH/CodeIgniter.php(925): App\Controllers\Admin->uploadAttendance()
 3 SYSTEMPATH/CodeIgniter.php(480): CodeIgniter\CodeIgniter->runController(Object(App\Controllers\Admin))
 4 SYSTEMPATH/CodeIgniter.php(349): CodeIgniter\CodeIgniter->handleRequest(null, Object(Config\Cache), false)
 5 FCPATH/index.php(67): CodeIgniter\CodeIgniter->run()
CRITICAL - 2023-08-29 04:16:31 --> Undefined variable $idate
in APPPATH/Controllers/Admin.php on line 4572.
 1 APPPATH/Controllers/Admin.php(4572): CodeIgniter\Debug\Exceptions->errorHandler(2, 'Undefined variable $idate', 'APPPATH/Controllers/Admin.php', 4572)
 2 SYSTEMPATH/CodeIgniter.php(925): App\Controllers\Admin->uploadAttendance()
 3 SYSTEMPATH/CodeIgniter.php(480): CodeIgniter\CodeIgniter->runController(Object(App\Controllers\Admin))
 4 SYSTEMPATH/CodeIgniter.php(349): CodeIgniter\CodeIgniter->handleRequest(null, Object(Config\Cache), false)
 5 FCPATH/index.php(67): CodeIgniter\CodeIgniter->run()
CRITICAL - 2023-08-29 04:56:43 --> Trying to access array offset on value of type float
in APPPATH/Controllers/Admin.php on line 4606.
 1 APPPATH/Controllers/Admin.php(4606): CodeIgniter\Debug\Exceptions->errorHandler(2, 'Trying to access array offset on value of type float', 'APPPATH/Controllers/Admin.php', 4606)
 2 SYSTEMPATH/CodeIgniter.php(925): App\Controllers\Admin->uploadAttendance()
 3 SYSTEMPATH/CodeIgniter.php(480): CodeIgniter\CodeIgniter->runController(Object(App\Controllers\Admin))
 4 SYSTEMPATH/CodeIgniter.php(349): CodeIgniter\CodeIgniter->handleRequest(null, Object(Config\Cache), false)
 5 FCPATH/index.php(67): CodeIgniter\CodeIgniter->run()
CRITICAL - 2023-08-29 04:57:14 --> Trying to access array offset on value of type float
in APPPATH/Controllers/Admin.php on line 4606.
 1 APPPATH/Controllers/Admin.php(4606): CodeIgniter\Debug\Exceptions->errorHandler(2, 'Trying to access array offset on value of type float', 'APPPATH/Controllers/Admin.php', 4606)
 2 SYSTEMPATH/CodeIgniter.php(925): App\Controllers\Admin->uploadAttendance()
 3 SYSTEMPATH/CodeIgniter.php(480): CodeIgniter\CodeIgniter->runController(Object(App\Controllers\Admin))
 4 SYSTEMPATH/CodeIgniter.php(349): CodeIgniter\CodeIgniter->handleRequest(null, Object(Config\Cache), false)
 5 FCPATH/index.php(67): CodeIgniter\CodeIgniter->run()
CRITICAL - 2023-08-29 04:58:16 --> Trying to access array offset on value of type float
in APPPATH/Controllers/Admin.php on line 4607.
 1 APPPATH/Controllers/Admin.php(4607): CodeIgniter\Debug\Exceptions->errorHandler(2, 'Trying to access array offset on value of type float', 'APPPATH/Controllers/Admin.php', 4607)
 2 SYSTEMPATH/CodeIgniter.php(925): App\Controllers\Admin->uploadAttendance()
 3 SYSTEMPATH/CodeIgniter.php(480): CodeIgniter\CodeIgniter->runController(Object(App\Controllers\Admin))
 4 SYSTEMPATH/CodeIgniter.php(349): CodeIgniter\CodeIgniter->handleRequest(null, Object(Config\Cache), false)
 5 FCPATH/index.php(67): CodeIgniter\CodeIgniter->run()
CRITICAL - 2023-08-29 06:09:28 --> Undefined variable $eemployeeidattendanc
in APPPATH/Controllers/Admin.php on line 4627.
 1 APPPATH/Controllers/Admin.php(4627): CodeIgniter\Debug\Exceptions->errorHandler(2, 'Undefined variable $eemployeeidattendanc', 'APPPATH/Controllers/Admin.php', 4627)
 2 SYSTEMPATH/CodeIgniter.php(925): App\Controllers\Admin->uploadAttendance()
 3 SYSTEMPATH/CodeIgniter.php(480): CodeIgniter\CodeIgniter->runController(Object(App\Controllers\Admin))
 4 SYSTEMPATH/CodeIgniter.php(349): CodeIgniter\CodeIgniter->handleRequest(null, Object(Config\Cache), false)
 5 FCPATH/index.php(67): CodeIgniter\CodeIgniter->run()
CRITICAL - 2023-08-29 06:51:02 --> Unsupported operand types: array + int
in APPPATH/Controllers/Admin.php on line 4619.
 1 SYSTEMPATH/CodeIgniter.php(925): App\Controllers\Admin->uploadAttendance()
 2 SYSTEMPATH/CodeIgniter.php(480): CodeIgniter\CodeIgniter->runController(Object(App\Controllers\Admin))
 3 SYSTEMPATH/CodeIgniter.php(349): CodeIgniter\CodeIgniter->handleRequest(null, Object(Config\Cache), false)
 4 FCPATH/index.php(67): CodeIgniter\CodeIgniter->run()
CRITICAL - 2023-08-29 07:02:43 --> Array to string conversion
in APPPATH/Controllers/Admin.php on line 4621.
 1 APPPATH/Controllers/Admin.php(4621): CodeIgniter\Debug\Exceptions->errorHandler(2, 'Array to string conversion', 'APPPATH/Controllers/Admin.php', 4621)
 2 SYSTEMPATH/CodeIgniter.php(925): App\Controllers\Admin->uploadAttendance()
 3 SYSTEMPATH/CodeIgniter.php(480): CodeIgniter\CodeIgniter->runController(Object(App\Controllers\Admin))
 4 SYSTEMPATH/CodeIgniter.php(349): CodeIgniter\CodeIgniter->handleRequest(null, Object(Config\Cache), false)
 5 FCPATH/index.php(67): CodeIgniter\CodeIgniter->run()
CRITICAL - 2023-08-29 07:03:28 --> Undefined array key 2
in APPPATH/Controllers/Admin.php on line 4621.
 1 APPPATH/Controllers/Admin.php(4621): CodeIgniter\Debug\Exceptions->errorHandler(2, 'Undefined array key 2', 'APPPATH/Controllers/Admin.php', 4621)
 2 SYSTEMPATH/CodeIgniter.php(925): App\Controllers\Admin->uploadAttendance()
 3 SYSTEMPATH/CodeIgniter.php(480): CodeIgniter\CodeIgniter->runController(Object(App\Controllers\Admin))
 4 SYSTEMPATH/CodeIgniter.php(349): CodeIgniter\CodeIgniter->handleRequest(null, Object(Config\Cache), false)
 5 FCPATH/index.php(67): CodeIgniter\CodeIgniter->run()
CRITICAL - 2023-08-29 07:06:59 --> Array to string conversion
in APPPATH/Controllers/Admin.php on line 4626.
 1 APPPATH/Controllers/Admin.php(4626): CodeIgniter\Debug\Exceptions->errorHandler(2, 'Array to string conversion', 'APPPATH/Controllers/Admin.php', 4626)
 2 SYSTEMPATH/CodeIgniter.php(925): App\Controllers\Admin->uploadAttendance()
 3 SYSTEMPATH/CodeIgniter.php(480): CodeIgniter\CodeIgniter->runController(Object(App\Controllers\Admin))
 4 SYSTEMPATH/CodeIgniter.php(349): CodeIgniter\CodeIgniter->handleRequest(null, Object(Config\Cache), false)
 5 FCPATH/index.php(67): CodeIgniter\CodeIgniter->run()
CRITICAL - 2023-08-29 07:27:06 --> Undefined array key 1
in APPPATH/Controllers/Admin.php on line 4638.
 1 APPPATH/Controllers/Admin.php(4638): CodeIgniter\Debug\Exceptions->errorHandler(2, 'Undefined array key 1', 'APPPATH/Controllers/Admin.php', 4638)
 2 SYSTEMPATH/CodeIgniter.php(925): App\Controllers\Admin->uploadAttendance()
 3 SYSTEMPATH/CodeIgniter.php(480): CodeIgniter\CodeIgniter->runController(Object(App\Controllers\Admin))
 4 SYSTEMPATH/CodeIgniter.php(349): CodeIgniter\CodeIgniter->handleRequest(null, Object(Config\Cache), false)
 5 FCPATH/index.php(67): CodeIgniter\CodeIgniter->run()
CRITICAL - 2023-08-29 07:34:11 --> Trying to access array offset on value of type null
in APPPATH/Controllers/Admin.php on line 4636.
 1 APPPATH/Controllers/Admin.php(4636): CodeIgniter\Debug\Exceptions->errorHandler(2, 'Trying to access array offset on value of type null', 'APPPATH/Controllers/Admin.php', 4636)
 2 SYSTEMPATH/CodeIgniter.php(925): App\Controllers\Admin->uploadAttendance()
 3 SYSTEMPATH/CodeIgniter.php(480): CodeIgniter\CodeIgniter->runController(Object(App\Controllers\Admin))
 4 SYSTEMPATH/CodeIgniter.php(349): CodeIgniter\CodeIgniter->handleRequest(null, Object(Config\Cache), false)
 5 FCPATH/index.php(67): CodeIgniter\CodeIgniter->run()
CRITICAL - 2023-08-29 07:37:51 --> Undefined array key 1
in APPPATH/Controllers/Admin.php on line 4646.
 1 APPPATH/Controllers/Admin.php(4646): CodeIgniter\Debug\Exceptions->errorHandler(2, 'Undefined array key 1', 'APPPATH/Controllers/Admin.php', 4646)
 2 SYSTEMPATH/CodeIgniter.php(925): App\Controllers\Admin->uploadAttendance()
 3 SYSTEMPATH/CodeIgniter.php(480): CodeIgniter\CodeIgniter->runController(Object(App\Controllers\Admin))
 4 SYSTEMPATH/CodeIgniter.php(349): CodeIgniter\CodeIgniter->handleRequest(null, Object(Config\Cache), false)
 5 FCPATH/index.php(67): CodeIgniter\CodeIgniter->run()
CRITICAL - 2023-08-29 07:56:06 --> Undefined array key 0
in APPPATH/Controllers/Admin.php on line 4642.
 1 APPPATH/Controllers/Admin.php(4642): CodeIgniter\Debug\Exceptions->errorHandler(2, 'Undefined array key 0', 'APPPATH/Controllers/Admin.php', 4642)
 2 SYSTEMPATH/CodeIgniter.php(925): App\Controllers\Admin->uploadAttendance()
 3 SYSTEMPATH/CodeIgniter.php(480): CodeIgniter\CodeIgniter->runController(Object(App\Controllers\Admin))
 4 SYSTEMPATH/CodeIgniter.php(349): CodeIgniter\CodeIgniter->handleRequest(null, Object(Config\Cache), false)
 5 FCPATH/index.php(67): CodeIgniter\CodeIgniter->run()
CRITICAL - 2023-08-29 18:37:15 --> Attempt to read property "employee_id" on null
in APPPATH/Controllers/Admin.php on line 1827.
 1 APPPATH/Controllers/Admin.php(1827): CodeIgniter\Debug\Exceptions->errorHandler(2, 'Attempt to read property "employee_id" on null', 'APPPATH/Controllers/Admin.php', 1827)
 2 SYSTEMPATH/CodeIgniter.php(925): App\Controllers\Admin->list_attendance_ajax()
 3 SYSTEMPATH/CodeIgniter.php(480): CodeIgniter\CodeIgniter->runController(Object(App\Controllers\Admin))
 4 SYSTEMPATH/CodeIgniter.php(349): CodeIgniter\CodeIgniter->handleRequest(null, Object(Config\Cache), false)
 5 FCPATH/index.php(67): CodeIgniter\CodeIgniter->run()
CRITICAL - 2023-08-29 18:38:35 --> Attempt to read property "employee_id" on null
in APPPATH/Controllers/Admin.php on line 1827.
 1 APPPATH/Controllers/Admin.php(1827): CodeIgniter\Debug\Exceptions->errorHandler(2, 'Attempt to read property "employee_id" on null', 'APPPATH/Controllers/Admin.php', 1827)
 2 SYSTEMPATH/CodeIgniter.php(925): App\Controllers\Admin->list_attendance_ajax()
 3 SYSTEMPATH/CodeIgniter.php(480): CodeIgniter\CodeIgniter->runController(Object(App\Controllers\Admin))
 4 SYSTEMPATH/CodeIgniter.php(349): CodeIgniter\CodeIgniter->handleRequest(null, Object(Config\Cache), false)
 5 FCPATH/index.php(67): CodeIgniter\CodeIgniter->run()
CRITICAL - 2023-08-29 08:14:02 --> Undefined variable $session
in APPPATH/Controllers/Admin.php on line 4702.
 1 APPPATH/Controllers/Admin.php(4702): CodeIgniter\Debug\Exceptions->errorHandler(2, 'Undefined variable $session', 'APPPATH/Controllers/Admin.php', 4702)
 2 SYSTEMPATH/CodeIgniter.php(925): App\Controllers\Admin->uploadAttendance()
 3 SYSTEMPATH/CodeIgniter.php(480): CodeIgniter\CodeIgniter->runController(Object(App\Controllers\Admin))
 4 SYSTEMPATH/CodeIgniter.php(349): CodeIgniter\CodeIgniter->handleRequest(null, Object(Config\Cache), false)
 5 FCPATH/index.php(67): CodeIgniter\CodeIgniter->run()
