CRITICAL - 2026-05-16 00:56:06 --> Creation of dynamic property App\Controllers\Dashboard::$db is deprecated
in APPPATH/Controllers/Dashboard.php on line 593.
 1 APPPATH/Controllers/Dashboard.php(593): CodeIgniter\Debug\Exceptions->errorHandler()
 2 SYSTEMPATH/CodeIgniter.php(925): App\Controllers\Dashboard->profile_verification()
 3 SYSTEMPATH/CodeIgniter.php(480): CodeIgniter\CodeIgniter->runController()
 4 SYSTEMPATH/CodeIgniter.php(349): CodeIgniter\CodeIgniter->handleRequest()
 5 FCPATH/index.php(67): CodeIgniter\CodeIgniter->run()
CRITICAL - 2026-05-16 00:56:26 --> Creation of dynamic property App\Controllers\Dashboard::$db is deprecated
in APPPATH/Controllers/Dashboard.php on line 593.
 1 APPPATH/Controllers/Dashboard.php(593): CodeIgniter\Debug\Exceptions->errorHandler()
 2 SYSTEMPATH/CodeIgniter.php(925): App\Controllers\Dashboard->profile_verification()
 3 SYSTEMPATH/CodeIgniter.php(480): CodeIgniter\CodeIgniter->runController()
 4 SYSTEMPATH/CodeIgniter.php(349): CodeIgniter\CodeIgniter->handleRequest()
 5 FCPATH/index.php(67): CodeIgniter\CodeIgniter->run()
CRITICAL - 2026-05-16 00:56:57 --> Creation of dynamic property App\Controllers\Dashboard::$db is deprecated
in APPPATH/Controllers/Dashboard.php on line 593.
 1 APPPATH/Controllers/Dashboard.php(593): CodeIgniter\Debug\Exceptions->errorHandler()
 2 SYSTEMPATH/CodeIgniter.php(925): App\Controllers\Dashboard->profile_verification()
 3 SYSTEMPATH/CodeIgniter.php(480): CodeIgniter\CodeIgniter->runController()
 4 SYSTEMPATH/CodeIgniter.php(349): CodeIgniter\CodeIgniter->handleRequest()
 5 FCPATH/index.php(67): CodeIgniter\CodeIgniter->run()
CRITICAL - 2026-05-16 01:42:43 --> Creation of dynamic property App\Controllers\Dashboard::$db is deprecated
in APPPATH/Controllers/Dashboard.php on line 593.
 1 APPPATH/Controllers/Dashboard.php(593): CodeIgniter\Debug\Exceptions->errorHandler()
 2 SYSTEMPATH/CodeIgniter.php(925): App\Controllers\Dashboard->profile_verification()
 3 SYSTEMPATH/CodeIgniter.php(480): CodeIgniter\CodeIgniter->runController()
 4 SYSTEMPATH/CodeIgniter.php(349): CodeIgniter\CodeIgniter->handleRequest()
 5 FCPATH/index.php(67): CodeIgniter\CodeIgniter->run()
ERROR - 2026-05-16 01:51:02 --> mysqli_sql_exception: Unknown column 'reset_token' in 'SET' in /home/glezbsuv7iuc/public_html/system/Database/MySQLi/Connection.php:292
Stack trace:
#0 /home/glezbsuv7iuc/public_html/system/Database/MySQLi/Connection.php(292): mysqli->query()
#1 /home/glezbsuv7iuc/public_html/system/Database/BaseConnection.php(666): CodeIgniter\Database\MySQLi\Connection->execute()
#2 /home/glezbsuv7iuc/public_html/system/Database/BaseConnection.php(593): CodeIgniter\Database\BaseConnection->simpleQuery()
#3 /home/glezbsuv7iuc/public_html/system/Database/BaseBuilder.php(2079): CodeIgniter\Database\BaseConnection->query()
#4 /home/glezbsuv7iuc/public_html/app/Models/Commanmodel.php(434): CodeIgniter\Database\BaseBuilder->update()
#5 /home/glezbsuv7iuc/public_html/app/Controllers/Home.php(1806): App\Models\Commanmodel->update_query()
#6 /home/glezbsuv7iuc/public_html/system/CodeIgniter.php(925): App\Controllers\Home->sendResetLink()
#7 /home/glezbsuv7iuc/public_html/system/CodeIgniter.php(480): CodeIgniter\CodeIgniter->runController()
#8 /home/glezbsuv7iuc/public_html/system/CodeIgniter.php(349): CodeIgniter\CodeIgniter->handleRequest()
#9 /home/glezbsuv7iuc/public_html/index.php(67): CodeIgniter\CodeIgniter->run()
#10 {main}
ERROR - 2026-05-16 01:55:45 --> mysqli_sql_exception: Unknown column 'reset_token' in 'SET' in /home/glezbsuv7iuc/public_html/system/Database/MySQLi/Connection.php:292
Stack trace:
#0 /home/glezbsuv7iuc/public_html/system/Database/MySQLi/Connection.php(292): mysqli->query()
#1 /home/glezbsuv7iuc/public_html/system/Database/BaseConnection.php(666): CodeIgniter\Database\MySQLi\Connection->execute()
#2 /home/glezbsuv7iuc/public_html/system/Database/BaseConnection.php(593): CodeIgniter\Database\BaseConnection->simpleQuery()
#3 /home/glezbsuv7iuc/public_html/system/Database/BaseBuilder.php(2079): CodeIgniter\Database\BaseConnection->query()
#4 /home/glezbsuv7iuc/public_html/app/Models/Commanmodel.php(434): CodeIgniter\Database\BaseBuilder->update()
#5 /home/glezbsuv7iuc/public_html/app/Controllers/Home.php(1806): App\Models\Commanmodel->update_query()
#6 /home/glezbsuv7iuc/public_html/system/CodeIgniter.php(925): App\Controllers\Home->sendResetLink()
#7 /home/glezbsuv7iuc/public_html/system/CodeIgniter.php(480): CodeIgniter\CodeIgniter->runController()
#8 /home/glezbsuv7iuc/public_html/system/CodeIgniter.php(349): CodeIgniter\CodeIgniter->handleRequest()
#9 /home/glezbsuv7iuc/public_html/index.php(67): CodeIgniter\CodeIgniter->run()
#10 {main}
ERROR - 2026-05-16 01:56:46 --> mysqli_sql_exception: Unknown column 'reset_token' in 'SET' in /home/glezbsuv7iuc/public_html/system/Database/MySQLi/Connection.php:292
Stack trace:
#0 /home/glezbsuv7iuc/public_html/system/Database/MySQLi/Connection.php(292): mysqli->query()
#1 /home/glezbsuv7iuc/public_html/system/Database/BaseConnection.php(666): CodeIgniter\Database\MySQLi\Connection->execute()
#2 /home/glezbsuv7iuc/public_html/system/Database/BaseConnection.php(593): CodeIgniter\Database\BaseConnection->simpleQuery()
#3 /home/glezbsuv7iuc/public_html/system/Database/BaseBuilder.php(2079): CodeIgniter\Database\BaseConnection->query()
#4 /home/glezbsuv7iuc/public_html/app/Models/Commanmodel.php(434): CodeIgniter\Database\BaseBuilder->update()
#5 /home/glezbsuv7iuc/public_html/app/Controllers/Home.php(1806): App\Models\Commanmodel->update_query()
#6 /home/glezbsuv7iuc/public_html/system/CodeIgniter.php(925): App\Controllers\Home->sendResetLink()
#7 /home/glezbsuv7iuc/public_html/system/CodeIgniter.php(480): CodeIgniter\CodeIgniter->runController()
#8 /home/glezbsuv7iuc/public_html/system/CodeIgniter.php(349): CodeIgniter\CodeIgniter->handleRequest()
#9 /home/glezbsuv7iuc/public_html/index.php(67): CodeIgniter\CodeIgniter->run()
#10 {main}
ERROR - 2026-05-16 06:13:13 --> mysqli_sql_exception: Unknown column 'reset_token' in 'SET' in /home/glezbsuv7iuc/public_html/system/Database/MySQLi/Connection.php:292
Stack trace:
#0 /home/glezbsuv7iuc/public_html/system/Database/MySQLi/Connection.php(292): mysqli->query()
#1 /home/glezbsuv7iuc/public_html/system/Database/BaseConnection.php(666): CodeIgniter\Database\MySQLi\Connection->execute()
#2 /home/glezbsuv7iuc/public_html/system/Database/BaseConnection.php(593): CodeIgniter\Database\BaseConnection->simpleQuery()
#3 /home/glezbsuv7iuc/public_html/system/Database/BaseBuilder.php(2079): CodeIgniter\Database\BaseConnection->query()
#4 /home/glezbsuv7iuc/public_html/app/Models/Commanmodel.php(434): CodeIgniter\Database\BaseBuilder->update()
#5 /home/glezbsuv7iuc/public_html/app/Controllers/Home.php(1806): App\Models\Commanmodel->update_query()
#6 /home/glezbsuv7iuc/public_html/system/CodeIgniter.php(925): App\Controllers\Home->sendResetLink()
#7 /home/glezbsuv7iuc/public_html/system/CodeIgniter.php(480): CodeIgniter\CodeIgniter->runController()
#8 /home/glezbsuv7iuc/public_html/system/CodeIgniter.php(349): CodeIgniter\CodeIgniter->handleRequest()
#9 /home/glezbsuv7iuc/public_html/index.php(67): CodeIgniter\CodeIgniter->run()
#10 {main}
CRITICAL - 2026-05-16 06:54:06 --> Attempt to read property "religion_id" on null
in APPPATH/Controllers/Admin.php on line 5047.
 1 APPPATH/Controllers/Admin.php(5047): CodeIgniter\Debug\Exceptions->errorHandler()
 2 SYSTEMPATH/CodeIgniter.php(925): App\Controllers\Admin->profile_view()
 3 SYSTEMPATH/CodeIgniter.php(480): CodeIgniter\CodeIgniter->runController()
 4 SYSTEMPATH/CodeIgniter.php(349): CodeIgniter\CodeIgniter->handleRequest()
 5 FCPATH/index.php(67): CodeIgniter\CodeIgniter->run()
CRITICAL - 2026-05-16 06:54:06 --> Attempt to read property "religion_id" on null
in APPPATH/Controllers/Admin.php on line 5047.
 1 APPPATH/Controllers/Admin.php(5047): CodeIgniter\Debug\Exceptions->errorHandler()
 2 SYSTEMPATH/CodeIgniter.php(925): App\Controllers\Admin->profile_view()
 3 SYSTEMPATH/CodeIgniter.php(480): CodeIgniter\CodeIgniter->runController()
 4 SYSTEMPATH/CodeIgniter.php(349): CodeIgniter\CodeIgniter->handleRequest()
 5 FCPATH/index.php(67): CodeIgniter\CodeIgniter->run()
CRITICAL - 2026-05-16 06:54:07 --> Attempt to read property "religion_id" on null
in APPPATH/Controllers/Admin.php on line 5047.
 1 APPPATH/Controllers/Admin.php(5047): CodeIgniter\Debug\Exceptions->errorHandler()
 2 SYSTEMPATH/CodeIgniter.php(925): App\Controllers\Admin->profile_view()
 3 SYSTEMPATH/CodeIgniter.php(480): CodeIgniter\CodeIgniter->runController()
 4 SYSTEMPATH/CodeIgniter.php(349): CodeIgniter\CodeIgniter->handleRequest()
 5 FCPATH/index.php(67): CodeIgniter\CodeIgniter->run()
CRITICAL - 2026-05-16 06:54:07 --> Attempt to read property "religion_id" on null
in APPPATH/Controllers/Admin.php on line 5047.
 1 APPPATH/Controllers/Admin.php(5047): CodeIgniter\Debug\Exceptions->errorHandler()
 2 SYSTEMPATH/CodeIgniter.php(925): App\Controllers\Admin->profile_view()
 3 SYSTEMPATH/CodeIgniter.php(480): CodeIgniter\CodeIgniter->runController()
 4 SYSTEMPATH/CodeIgniter.php(349): CodeIgniter\CodeIgniter->handleRequest()
 5 FCPATH/index.php(67): CodeIgniter\CodeIgniter->run()
CRITICAL - 2026-05-16 07:02:38 --> Attempt to read property "religion_id" on null
in APPPATH/Controllers/Admin.php on line 5047.
 1 APPPATH/Controllers/Admin.php(5047): CodeIgniter\Debug\Exceptions->errorHandler()
 2 SYSTEMPATH/CodeIgniter.php(925): App\Controllers\Admin->profile_view()
 3 SYSTEMPATH/CodeIgniter.php(480): CodeIgniter\CodeIgniter->runController()
 4 SYSTEMPATH/CodeIgniter.php(349): CodeIgniter\CodeIgniter->handleRequest()
 5 FCPATH/index.php(67): CodeIgniter\CodeIgniter->run()
CRITICAL - 2026-05-16 07:02:38 --> Attempt to read property "religion_id" on null
in APPPATH/Controllers/Admin.php on line 5047.
 1 APPPATH/Controllers/Admin.php(5047): CodeIgniter\Debug\Exceptions->errorHandler()
 2 SYSTEMPATH/CodeIgniter.php(925): App\Controllers\Admin->profile_view()
 3 SYSTEMPATH/CodeIgniter.php(480): CodeIgniter\CodeIgniter->runController()
 4 SYSTEMPATH/CodeIgniter.php(349): CodeIgniter\CodeIgniter->handleRequest()
 5 FCPATH/index.php(67): CodeIgniter\CodeIgniter->run()
CRITICAL - 2026-05-16 07:02:38 --> Attempt to read property "religion_id" on null
in APPPATH/Controllers/Admin.php on line 5047.
 1 APPPATH/Controllers/Admin.php(5047): CodeIgniter\Debug\Exceptions->errorHandler()
 2 SYSTEMPATH/CodeIgniter.php(925): App\Controllers\Admin->profile_view()
 3 SYSTEMPATH/CodeIgniter.php(480): CodeIgniter\CodeIgniter->runController()
 4 SYSTEMPATH/CodeIgniter.php(349): CodeIgniter\CodeIgniter->handleRequest()
 5 FCPATH/index.php(67): CodeIgniter\CodeIgniter->run()
CRITICAL - 2026-05-16 07:02:38 --> Attempt to read property "religion_id" on null
in APPPATH/Controllers/Admin.php on line 5047.
 1 APPPATH/Controllers/Admin.php(5047): CodeIgniter\Debug\Exceptions->errorHandler()
 2 SYSTEMPATH/CodeIgniter.php(925): App\Controllers\Admin->profile_view()
 3 SYSTEMPATH/CodeIgniter.php(480): CodeIgniter\CodeIgniter->runController()
 4 SYSTEMPATH/CodeIgniter.php(349): CodeIgniter\CodeIgniter->handleRequest()
 5 FCPATH/index.php(67): CodeIgniter\CodeIgniter->run()
CRITICAL - 2026-05-16 07:03:32 --> Attempt to read property "religion_id" on null
in APPPATH/Controllers/Admin.php on line 5047.
 1 APPPATH/Controllers/Admin.php(5047): CodeIgniter\Debug\Exceptions->errorHandler()
 2 SYSTEMPATH/CodeIgniter.php(925): App\Controllers\Admin->profile_view()
 3 SYSTEMPATH/CodeIgniter.php(480): CodeIgniter\CodeIgniter->runController()
 4 SYSTEMPATH/CodeIgniter.php(349): CodeIgniter\CodeIgniter->handleRequest()
 5 FCPATH/index.php(67): CodeIgniter\CodeIgniter->run()
CRITICAL - 2026-05-16 07:03:32 --> Attempt to read property "religion_id" on null
in APPPATH/Controllers/Admin.php on line 5047.
 1 APPPATH/Controllers/Admin.php(5047): CodeIgniter\Debug\Exceptions->errorHandler()
 2 SYSTEMPATH/CodeIgniter.php(925): App\Controllers\Admin->profile_view()
 3 SYSTEMPATH/CodeIgniter.php(480): CodeIgniter\CodeIgniter->runController()
 4 SYSTEMPATH/CodeIgniter.php(349): CodeIgniter\CodeIgniter->handleRequest()
 5 FCPATH/index.php(67): CodeIgniter\CodeIgniter->run()
CRITICAL - 2026-05-16 07:03:32 --> Attempt to read property "religion_id" on null
in APPPATH/Controllers/Admin.php on line 5047.
 1 APPPATH/Controllers/Admin.php(5047): CodeIgniter\Debug\Exceptions->errorHandler()
 2 SYSTEMPATH/CodeIgniter.php(925): App\Controllers\Admin->profile_view()
 3 SYSTEMPATH/CodeIgniter.php(480): CodeIgniter\CodeIgniter->runController()
 4 SYSTEMPATH/CodeIgniter.php(349): CodeIgniter\CodeIgniter->handleRequest()
 5 FCPATH/index.php(67): CodeIgniter\CodeIgniter->run()
CRITICAL - 2026-05-16 07:03:32 --> Attempt to read property "religion_id" on null
in APPPATH/Controllers/Admin.php on line 5047.
 1 APPPATH/Controllers/Admin.php(5047): CodeIgniter\Debug\Exceptions->errorHandler()
 2 SYSTEMPATH/CodeIgniter.php(925): App\Controllers\Admin->profile_view()
 3 SYSTEMPATH/CodeIgniter.php(480): CodeIgniter\CodeIgniter->runController()
 4 SYSTEMPATH/CodeIgniter.php(349): CodeIgniter\CodeIgniter->handleRequest()
 5 FCPATH/index.php(67): CodeIgniter\CodeIgniter->run()
CRITICAL - 2026-05-16 20:26:35 --> Attempt to read property "meta_title" on null
in APPPATH/Controllers/Home.php on line 701.
 1 APPPATH/Controllers/Home.php(701): CodeIgniter\Debug\Exceptions->errorHandler()
 2 SYSTEMPATH/CodeIgniter.php(925): App\Controllers\Home->blog_detail()
 3 SYSTEMPATH/CodeIgniter.php(480): CodeIgniter\CodeIgniter->runController()
 4 SYSTEMPATH/CodeIgniter.php(349): CodeIgniter\CodeIgniter->handleRequest()
 5 FCPATH/index.php(67): CodeIgniter\CodeIgniter->run()
CRITICAL - 2026-05-16 20:27:38 --> Attempt to read property "meta_title" on null
in APPPATH/Controllers/Home.php on line 701.
 1 APPPATH/Controllers/Home.php(701): CodeIgniter\Debug\Exceptions->errorHandler()
 2 SYSTEMPATH/CodeIgniter.php(925): App\Controllers\Home->blog_detail()
 3 SYSTEMPATH/CodeIgniter.php(480): CodeIgniter\CodeIgniter->runController()
 4 SYSTEMPATH/CodeIgniter.php(349): CodeIgniter\CodeIgniter->handleRequest()
 5 FCPATH/index.php(67): CodeIgniter\CodeIgniter->run()
CRITICAL - 2026-05-16 20:53:46 --> Attempt to read property "meta_title" on null
in APPPATH/Controllers/Home.php on line 701.
 1 APPPATH/Controllers/Home.php(701): CodeIgniter\Debug\Exceptions->errorHandler()
 2 SYSTEMPATH/CodeIgniter.php(925): App\Controllers\Home->blog_detail()
 3 SYSTEMPATH/CodeIgniter.php(480): CodeIgniter\CodeIgniter->runController()
 4 SYSTEMPATH/CodeIgniter.php(349): CodeIgniter\CodeIgniter->handleRequest()
 5 FCPATH/index.php(67): CodeIgniter\CodeIgniter->run()
CRITICAL - 2026-05-16 21:06:21 --> Attempt to read property "meta_title" on null
in APPPATH/Controllers/Home.php on line 701.
 1 APPPATH/Controllers/Home.php(701): CodeIgniter\Debug\Exceptions->errorHandler()
 2 SYSTEMPATH/CodeIgniter.php(925): App\Controllers\Home->blog_detail()
 3 SYSTEMPATH/CodeIgniter.php(480): CodeIgniter\CodeIgniter->runController()
 4 SYSTEMPATH/CodeIgniter.php(349): CodeIgniter\CodeIgniter->handleRequest()
 5 FCPATH/index.php(67): CodeIgniter\CodeIgniter->run()
CRITICAL - 2026-05-16 21:19:02 --> Attempt to read property "meta_title" on null
in APPPATH/Controllers/Home.php on line 701.
 1 APPPATH/Controllers/Home.php(701): CodeIgniter\Debug\Exceptions->errorHandler()
 2 SYSTEMPATH/CodeIgniter.php(925): App\Controllers\Home->blog_detail()
 3 SYSTEMPATH/CodeIgniter.php(480): CodeIgniter\CodeIgniter->runController()
 4 SYSTEMPATH/CodeIgniter.php(349): CodeIgniter\CodeIgniter->handleRequest()
 5 FCPATH/index.php(67): CodeIgniter\CodeIgniter->run()
CRITICAL - 2026-05-16 21:19:32 --> Attempt to read property "meta_title" on null
in APPPATH/Controllers/Home.php on line 701.
 1 APPPATH/Controllers/Home.php(701): CodeIgniter\Debug\Exceptions->errorHandler()
 2 SYSTEMPATH/CodeIgniter.php(925): App\Controllers\Home->blog_detail()
 3 SYSTEMPATH/CodeIgniter.php(480): CodeIgniter\CodeIgniter->runController()
 4 SYSTEMPATH/CodeIgniter.php(349): CodeIgniter\CodeIgniter->handleRequest()
 5 FCPATH/index.php(67): CodeIgniter\CodeIgniter->run()
CRITICAL - 2026-05-16 21:27:40 --> Attempt to read property "cms_page_name" on null
in APPPATH/Controllers/Home.php on line 1754.
 1 APPPATH/Controllers/Home.php(1754): CodeIgniter\Debug\Exceptions->errorHandler()
 2 SYSTEMPATH/CodeIgniter.php(925): App\Controllers\Home->pages()
 3 SYSTEMPATH/CodeIgniter.php(480): CodeIgniter\CodeIgniter->runController()
 4 SYSTEMPATH/CodeIgniter.php(349): CodeIgniter\CodeIgniter->handleRequest()
 5 FCPATH/index.php(67): CodeIgniter\CodeIgniter->run()
CRITICAL - 2026-05-16 21:27:41 --> Attempt to read property "cms_page_name" on null
in APPPATH/Controllers/Home.php on line 1754.
 1 APPPATH/Controllers/Home.php(1754): CodeIgniter\Debug\Exceptions->errorHandler()
 2 SYSTEMPATH/CodeIgniter.php(925): App\Controllers\Home->pages()
 3 SYSTEMPATH/CodeIgniter.php(480): CodeIgniter\CodeIgniter->runController()
 4 SYSTEMPATH/CodeIgniter.php(349): CodeIgniter\CodeIgniter->handleRequest()
 5 FCPATH/index.php(67): CodeIgniter\CodeIgniter->run()
CRITICAL - 2026-05-16 21:27:43 --> Attempt to read property "cms_page_name" on null
in APPPATH/Controllers/Home.php on line 1754.
 1 APPPATH/Controllers/Home.php(1754): CodeIgniter\Debug\Exceptions->errorHandler()
 2 SYSTEMPATH/CodeIgniter.php(925): App\Controllers\Home->pages()
 3 SYSTEMPATH/CodeIgniter.php(480): CodeIgniter\CodeIgniter->runController()
 4 SYSTEMPATH/CodeIgniter.php(349): CodeIgniter\CodeIgniter->handleRequest()
 5 FCPATH/index.php(67): CodeIgniter\CodeIgniter->run()
CRITICAL - 2026-05-16 21:32:43 --> Attempt to read property "cms_page_name" on null
in APPPATH/Controllers/Home.php on line 1754.
 1 APPPATH/Controllers/Home.php(1754): CodeIgniter\Debug\Exceptions->errorHandler()
 2 SYSTEMPATH/CodeIgniter.php(925): App\Controllers\Home->pages()
 3 SYSTEMPATH/CodeIgniter.php(480): CodeIgniter\CodeIgniter->runController()
 4 SYSTEMPATH/CodeIgniter.php(349): CodeIgniter\CodeIgniter->handleRequest()
 5 FCPATH/index.php(67): CodeIgniter\CodeIgniter->run()
CRITICAL - 2026-05-16 21:51:28 --> Attempt to read property "cms_page_name" on null
in APPPATH/Controllers/Home.php on line 1754.
 1 APPPATH/Controllers/Home.php(1754): CodeIgniter\Debug\Exceptions->errorHandler()
 2 SYSTEMPATH/CodeIgniter.php(925): App\Controllers\Home->pages()
 3 SYSTEMPATH/CodeIgniter.php(480): CodeIgniter\CodeIgniter->runController()
 4 SYSTEMPATH/CodeIgniter.php(349): CodeIgniter\CodeIgniter->handleRequest()
 5 FCPATH/index.php(67): CodeIgniter\CodeIgniter->run()
CRITICAL - 2026-05-16 22:10:10 --> Attempt to read property "meta_title" on null
in APPPATH/Controllers/Home.php on line 701.
 1 APPPATH/Controllers/Home.php(701): CodeIgniter\Debug\Exceptions->errorHandler()
 2 SYSTEMPATH/CodeIgniter.php(925): App\Controllers\Home->blog_detail()
 3 SYSTEMPATH/CodeIgniter.php(480): CodeIgniter\CodeIgniter->runController()
 4 SYSTEMPATH/CodeIgniter.php(349): CodeIgniter\CodeIgniter->handleRequest()
 5 FCPATH/index.php(67): CodeIgniter\CodeIgniter->run()
CRITICAL - 2026-05-16 23:23:57 --> Attempt to read property "cms_page_name" on null
in APPPATH/Controllers/Home.php on line 1754.
 1 APPPATH/Controllers/Home.php(1754): CodeIgniter\Debug\Exceptions->errorHandler()
 2 SYSTEMPATH/CodeIgniter.php(925): App\Controllers\Home->pages()
 3 SYSTEMPATH/CodeIgniter.php(480): CodeIgniter\CodeIgniter->runController()
 4 SYSTEMPATH/CodeIgniter.php(349): CodeIgniter\CodeIgniter->handleRequest()
 5 FCPATH/index.php(67): CodeIgniter\CodeIgniter->run()
CRITICAL - 2026-05-16 23:36:27 --> Attempt to read property "cms_page_name" on null
in APPPATH/Controllers/Home.php on line 1754.
 1 APPPATH/Controllers/Home.php(1754): CodeIgniter\Debug\Exceptions->errorHandler()
 2 SYSTEMPATH/CodeIgniter.php(925): App\Controllers\Home->pages()
 3 SYSTEMPATH/CodeIgniter.php(480): CodeIgniter\CodeIgniter->runController()
 4 SYSTEMPATH/CodeIgniter.php(349): CodeIgniter\CodeIgniter->handleRequest()
 5 FCPATH/index.php(67): CodeIgniter\CodeIgniter->run()
CRITICAL - 2026-05-16 23:49:58 --> Attempt to read property "cms_page_name" on null
in APPPATH/Controllers/Home.php on line 1754.
 1 APPPATH/Controllers/Home.php(1754): CodeIgniter\Debug\Exceptions->errorHandler()
 2 SYSTEMPATH/CodeIgniter.php(925): App\Controllers\Home->pages()
 3 SYSTEMPATH/CodeIgniter.php(480): CodeIgniter\CodeIgniter->runController()
 4 SYSTEMPATH/CodeIgniter.php(349): CodeIgniter\CodeIgniter->handleRequest()
 5 FCPATH/index.php(67): CodeIgniter\CodeIgniter->run()
