CRITICAL - 2025-03-14 23:41:50 --> Undefined variable $total_cart_amount
in APPPATH/Controllers/Ajex.php on line 213.
 1 APPPATH/Controllers/Ajex.php(213): CodeIgniter\Debug\Exceptions->errorHandler(2, 'Undefined variable $total_cart_amount', 'APPPATH/Controllers/Ajex.php', 213)
 2 SYSTEMPATH/CodeIgniter.php(925): App\Controllers\Ajex->my_cart_list()
 3 SYSTEMPATH/CodeIgniter.php(480): CodeIgniter\CodeIgniter->runController(Object(App\Controllers\Ajex))
 4 SYSTEMPATH/CodeIgniter.php(349): CodeIgniter\CodeIgniter->handleRequest(null, Object(Config\Cache), false)
 5 FCPATH/index.php(67): CodeIgniter\CodeIgniter->run()
CRITICAL - 2025-03-14 23:43:59 --> Attempt to read property "booking_product_vender" on null
in APPPATH/Controllers/Admin.php on line 4976.
 1 APPPATH/Controllers/Admin.php(4976): CodeIgniter\Debug\Exceptions->errorHandler(2, 'Attempt to read property "booking_product_vender" on null', 'APPPATH/Controllers/Admin.php', 4976)
 2 SYSTEMPATH/CodeIgniter.php(925): App\Controllers\Admin->order_details('FCPATH/assets', 'img', 'user', 'u1.jpg')
 3 SYSTEMPATH/CodeIgniter.php(480): CodeIgniter\CodeIgniter->runController(Object(App\Controllers\Admin))
 4 SYSTEMPATH/CodeIgniter.php(349): CodeIgniter\CodeIgniter->handleRequest(null, Object(Config\Cache), false)
 5 FCPATH/index.php(67): CodeIgniter\CodeIgniter->run()
CRITICAL - 2025-03-14 23:43:59 --> Attempt to read property "booking_product_vender" on null
in APPPATH/Controllers/Admin.php on line 4976.
 1 APPPATH/Controllers/Admin.php(4976): CodeIgniter\Debug\Exceptions->errorHandler(2, 'Attempt to read property "booking_product_vender" on null', 'APPPATH/Controllers/Admin.php', 4976)
 2 SYSTEMPATH/CodeIgniter.php(925): App\Controllers\Admin->order_details('FCPATH/assets', 'img', 'user', 'u5.jpg')
 3 SYSTEMPATH/CodeIgniter.php(480): CodeIgniter\CodeIgniter->runController(Object(App\Controllers\Admin))
 4 SYSTEMPATH/CodeIgniter.php(349): CodeIgniter\CodeIgniter->handleRequest(null, Object(Config\Cache), false)
 5 FCPATH/index.php(67): CodeIgniter\CodeIgniter->run()
CRITICAL - 2025-03-14 23:43:59 --> Attempt to read property "booking_product_vender" on null
in APPPATH/Controllers/Admin.php on line 4976.
 1 APPPATH/Controllers/Admin.php(4976): CodeIgniter\Debug\Exceptions->errorHandler(2, 'Attempt to read property "booking_product_vender" on null', 'APPPATH/Controllers/Admin.php', 4976)
 2 SYSTEMPATH/CodeIgniter.php(925): App\Controllers\Admin->order_details('FCPATH/assets', 'img', 'user', 'u2.jpg')
 3 SYSTEMPATH/CodeIgniter.php(480): CodeIgniter\CodeIgniter->runController(Object(App\Controllers\Admin))
 4 SYSTEMPATH/CodeIgniter.php(349): CodeIgniter\CodeIgniter->handleRequest(null, Object(Config\Cache), false)
 5 FCPATH/index.php(67): CodeIgniter\CodeIgniter->run()
CRITICAL - 2025-03-14 23:43:59 --> Attempt to read property "booking_product_vender" on null
in APPPATH/Controllers/Admin.php on line 4976.
 1 APPPATH/Controllers/Admin.php(4976): CodeIgniter\Debug\Exceptions->errorHandler(2, 'Attempt to read property "booking_product_vender" on null', 'APPPATH/Controllers/Admin.php', 4976)
 2 SYSTEMPATH/CodeIgniter.php(925): App\Controllers\Admin->order_details('FCPATH/assets', 'img', 'user', 'u4.jpg')
 3 SYSTEMPATH/CodeIgniter.php(480): CodeIgniter\CodeIgniter->runController(Object(App\Controllers\Admin))
 4 SYSTEMPATH/CodeIgniter.php(349): CodeIgniter\CodeIgniter->handleRequest(null, Object(Config\Cache), false)
 5 FCPATH/index.php(67): CodeIgniter\CodeIgniter->run()
CRITICAL - 2025-03-14 23:46:51 --> Attempt to read property "product_id" on null
in APPPATH/Controllers/Admin.php on line 3326.
 1 APPPATH/Controllers/Admin.php(3326): CodeIgniter\Debug\Exceptions->errorHandler(2, 'Attempt to read property "product_id" on null', 'APPPATH/Controllers/Admin.php', 3326)
 2 SYSTEMPATH/CodeIgniter.php(925): App\Controllers\Admin->edit_product('FCPATH/assets', 'img', 'user', 'u2.jpg')
 3 SYSTEMPATH/CodeIgniter.php(480): CodeIgniter\CodeIgniter->runController(Object(App\Controllers\Admin))
 4 SYSTEMPATH/CodeIgniter.php(349): CodeIgniter\CodeIgniter->handleRequest(null, Object(Config\Cache), false)
 5 FCPATH/index.php(67): CodeIgniter\CodeIgniter->run()
CRITICAL - 2025-03-14 23:46:51 --> Attempt to read property "product_id" on null
in APPPATH/Controllers/Admin.php on line 3326.
 1 APPPATH/Controllers/Admin.php(3326): CodeIgniter\Debug\Exceptions->errorHandler(2, 'Attempt to read property "product_id" on null', 'APPPATH/Controllers/Admin.php', 3326)
 2 SYSTEMPATH/CodeIgniter.php(925): App\Controllers\Admin->edit_product('FCPATH/assets', 'img', 'user', 'u1.jpg')
 3 SYSTEMPATH/CodeIgniter.php(480): CodeIgniter\CodeIgniter->runController(Object(App\Controllers\Admin))
 4 SYSTEMPATH/CodeIgniter.php(349): CodeIgniter\CodeIgniter->handleRequest(null, Object(Config\Cache), false)
 5 FCPATH/index.php(67): CodeIgniter\CodeIgniter->run()
CRITICAL - 2025-03-14 23:46:51 --> Attempt to read property "product_id" on null
in APPPATH/Controllers/Admin.php on line 3326.
 1 APPPATH/Controllers/Admin.php(3326): CodeIgniter\Debug\Exceptions->errorHandler(2, 'Attempt to read property "product_id" on null', 'APPPATH/Controllers/Admin.php', 3326)
 2 SYSTEMPATH/CodeIgniter.php(925): App\Controllers\Admin->edit_product('FCPATH/assets', 'img', 'user', 'u4.jpg')
 3 SYSTEMPATH/CodeIgniter.php(480): CodeIgniter\CodeIgniter->runController(Object(App\Controllers\Admin))
 4 SYSTEMPATH/CodeIgniter.php(349): CodeIgniter\CodeIgniter->handleRequest(null, Object(Config\Cache), false)
 5 FCPATH/index.php(67): CodeIgniter\CodeIgniter->run()
CRITICAL - 2025-03-14 23:46:51 --> Attempt to read property "product_id" on null
in APPPATH/Controllers/Admin.php on line 3326.
 1 APPPATH/Controllers/Admin.php(3326): CodeIgniter\Debug\Exceptions->errorHandler(2, 'Attempt to read property "product_id" on null', 'APPPATH/Controllers/Admin.php', 3326)
 2 SYSTEMPATH/CodeIgniter.php(925): App\Controllers\Admin->edit_product('FCPATH/assets', 'img', 'user', 'u5.jpg')
 3 SYSTEMPATH/CodeIgniter.php(480): CodeIgniter\CodeIgniter->runController(Object(App\Controllers\Admin))
 4 SYSTEMPATH/CodeIgniter.php(349): CodeIgniter\CodeIgniter->handleRequest(null, Object(Config\Cache), false)
 5 FCPATH/index.php(67): CodeIgniter\CodeIgniter->run()
