CRITICAL - 2026-04-03 00:51:04 --> implode(): Argument #2 ($array) must be of type ?array, string given
in APPPATH/Controllers/Dashboard.php on line 900.
 1 APPPATH/Controllers/Dashboard.php(900): implode(',', 'Malayalam')
 2 SYSTEMPATH/CodeIgniter.php(925): App\Controllers\Dashboard->save_personal_details()
 3 SYSTEMPATH/CodeIgniter.php(480): CodeIgniter\CodeIgniter->runController(Object(App\Controllers\Dashboard))
 4 SYSTEMPATH/CodeIgniter.php(349): CodeIgniter\CodeIgniter->handleRequest(null, Object(Config\Cache), false)
 5 FCPATH/index.php(67): CodeIgniter\CodeIgniter->run()
CRITICAL - 2026-04-03 01:15:54 --> Unclosed '{' on line 456
in APPPATH/Views/frontend/dashboard/profile.php on line 2227.
 1 SYSTEMPATH/View/View.php(216): CodeIgniter\View\View->CodeIgniter\View\{closure}()
 2 SYSTEMPATH/Common.php(1135): CodeIgniter\View\View->render('frontend/dashboard/profile', [], true)
 3 APPPATH/Controllers/Dashboard.php(504): view('frontend/dashboard/profile')
 4 SYSTEMPATH/CodeIgniter.php(925): App\Controllers\Dashboard->profile()
 5 SYSTEMPATH/CodeIgniter.php(480): CodeIgniter\CodeIgniter->runController(Object(App\Controllers\Dashboard))
 6 SYSTEMPATH/CodeIgniter.php(349): CodeIgniter\CodeIgniter->handleRequest(null, Object(Config\Cache), false)
 7 FCPATH/index.php(67): CodeIgniter\CodeIgniter->run()
CRITICAL - 2026-04-03 01:19:43 --> implode(): Argument #2 ($array) must be of type ?array, string given
in APPPATH/Controllers/Dashboard.php on line 900.
 1 APPPATH/Controllers/Dashboard.php(900): implode(',', 'Oriya')
 2 SYSTEMPATH/CodeIgniter.php(925): App\Controllers\Dashboard->save_personal_details()
 3 SYSTEMPATH/CodeIgniter.php(480): CodeIgniter\CodeIgniter->runController(Object(App\Controllers\Dashboard))
 4 SYSTEMPATH/CodeIgniter.php(349): CodeIgniter\CodeIgniter->handleRequest(null, Object(Config\Cache), false)
 5 FCPATH/index.php(67): CodeIgniter\CodeIgniter->run()
