CRITICAL - 2024-05-16 00:20:28 --> Attempt to read property "franchise_category" on null
in APPPATH/Controllers/Home.php on line 20.
 1 APPPATH/Controllers/Home.php(20): CodeIgniter\Debug\Exceptions->errorHandler(2, 'Attempt to read property "franchise_category" on null', 'APPPATH/Controllers/Home.php', 20)
 2 SYSTEMPATH/CodeIgniter.php(925): App\Controllers\Home->franchise('icons', 'rama.png')
 3 SYSTEMPATH/CodeIgniter.php(480): CodeIgniter\CodeIgniter->runController(Object(App\Controllers\Home))
 4 SYSTEMPATH/CodeIgniter.php(349): CodeIgniter\CodeIgniter->handleRequest(null, Object(Config\Cache), false)
 5 FCPATH/index.php(67): CodeIgniter\CodeIgniter->run()
CRITICAL - 2024-05-16 07:09:41 --> Attempt to read property "franchise_category" on null
in APPPATH/Controllers/Home.php on line 20.
 1 APPPATH/Controllers/Home.php(20): CodeIgniter\Debug\Exceptions->errorHandler(2, 'Attempt to read property "franchise_category" on null', 'APPPATH/Controllers/Home.php', 20)
 2 SYSTEMPATH/CodeIgniter.php(925): App\Controllers\Home->franchise('icons', 'rama.png')
 3 SYSTEMPATH/CodeIgniter.php(480): CodeIgniter\CodeIgniter->runController(Object(App\Controllers\Home))
 4 SYSTEMPATH/CodeIgniter.php(349): CodeIgniter\CodeIgniter->handleRequest(null, Object(Config\Cache), false)
 5 FCPATH/index.php(67): CodeIgniter\CodeIgniter->run()
CRITICAL - 2024-05-16 07:11:19 --> Attempt to read property "franchise_category" on null
in APPPATH/Controllers/Home.php on line 20.
 1 APPPATH/Controllers/Home.php(20): CodeIgniter\Debug\Exceptions->errorHandler(2, 'Attempt to read property "franchise_category" on null', 'APPPATH/Controllers/Home.php', 20)
 2 SYSTEMPATH/CodeIgniter.php(925): App\Controllers\Home->franchise('icons', 'rama.png')
 3 SYSTEMPATH/CodeIgniter.php(480): CodeIgniter\CodeIgniter->runController(Object(App\Controllers\Home))
 4 SYSTEMPATH/CodeIgniter.php(349): CodeIgniter\CodeIgniter->handleRequest(null, Object(Config\Cache), false)
 5 FCPATH/index.php(67): CodeIgniter\CodeIgniter->run()
CRITICAL - 2024-05-16 07:14:41 --> Attempt to read property "franchise_category" on null
in APPPATH/Controllers/Home.php on line 20.
 1 APPPATH/Controllers/Home.php(20): CodeIgniter\Debug\Exceptions->errorHandler(2, 'Attempt to read property "franchise_category" on null', 'APPPATH/Controllers/Home.php', 20)
 2 SYSTEMPATH/CodeIgniter.php(925): App\Controllers\Home->franchise('icons', 'rama.png')
 3 SYSTEMPATH/CodeIgniter.php(480): CodeIgniter\CodeIgniter->runController(Object(App\Controllers\Home))
 4 SYSTEMPATH/CodeIgniter.php(349): CodeIgniter\CodeIgniter->handleRequest(null, Object(Config\Cache), false)
 5 FCPATH/index.php(67): CodeIgniter\CodeIgniter->run()
CRITICAL - 2024-05-16 07:17:19 --> Attempt to read property "franchise_category" on null
in APPPATH/Controllers/Home.php on line 20.
 1 APPPATH/Controllers/Home.php(20): CodeIgniter\Debug\Exceptions->errorHandler(2, 'Attempt to read property "franchise_category" on null', 'APPPATH/Controllers/Home.php', 20)
 2 SYSTEMPATH/CodeIgniter.php(925): App\Controllers\Home->franchise('icons', 'rama.png')
 3 SYSTEMPATH/CodeIgniter.php(480): CodeIgniter\CodeIgniter->runController(Object(App\Controllers\Home))
 4 SYSTEMPATH/CodeIgniter.php(349): CodeIgniter\CodeIgniter->handleRequest(null, Object(Config\Cache), false)
 5 FCPATH/index.php(67): CodeIgniter\CodeIgniter->run()
CRITICAL - 2024-05-16 07:17:53 --> Attempt to read property "franchise_category" on null
in APPPATH/Controllers/Home.php on line 20.
 1 APPPATH/Controllers/Home.php(20): CodeIgniter\Debug\Exceptions->errorHandler(2, 'Attempt to read property "franchise_category" on null', 'APPPATH/Controllers/Home.php', 20)
 2 SYSTEMPATH/CodeIgniter.php(925): App\Controllers\Home->franchise('icons', 'rama.png')
 3 SYSTEMPATH/CodeIgniter.php(480): CodeIgniter\CodeIgniter->runController(Object(App\Controllers\Home))
 4 SYSTEMPATH/CodeIgniter.php(349): CodeIgniter\CodeIgniter->handleRequest(null, Object(Config\Cache), false)
 5 FCPATH/index.php(67): CodeIgniter\CodeIgniter->run()
CRITICAL - 2024-05-16 07:17:56 --> Attempt to read property "franchise_category" on null
in APPPATH/Controllers/Home.php on line 20.
 1 APPPATH/Controllers/Home.php(20): CodeIgniter\Debug\Exceptions->errorHandler(2, 'Attempt to read property "franchise_category" on null', 'APPPATH/Controllers/Home.php', 20)
 2 SYSTEMPATH/CodeIgniter.php(925): App\Controllers\Home->franchise('icons', 'rama.png')
 3 SYSTEMPATH/CodeIgniter.php(480): CodeIgniter\CodeIgniter->runController(Object(App\Controllers\Home))
 4 SYSTEMPATH/CodeIgniter.php(349): CodeIgniter\CodeIgniter->handleRequest(null, Object(Config\Cache), false)
 5 FCPATH/index.php(67): CodeIgniter\CodeIgniter->run()
CRITICAL - 2024-05-16 07:27:02 --> Attempt to read property "franchise_category" on null
in APPPATH/Controllers/Home.php on line 20.
 1 APPPATH/Controllers/Home.php(20): CodeIgniter\Debug\Exceptions->errorHandler(2, 'Attempt to read property "franchise_category" on null', 'APPPATH/Controllers/Home.php', 20)
 2 SYSTEMPATH/CodeIgniter.php(925): App\Controllers\Home->franchise('icons', 'rama.png')
 3 SYSTEMPATH/CodeIgniter.php(480): CodeIgniter\CodeIgniter->runController(Object(App\Controllers\Home))
 4 SYSTEMPATH/CodeIgniter.php(349): CodeIgniter\CodeIgniter->handleRequest(null, Object(Config\Cache), false)
 5 FCPATH/index.php(67): CodeIgniter\CodeIgniter->run()
CRITICAL - 2024-05-16 07:31:06 --> Attempt to read property "franchise_category" on null
in APPPATH/Controllers/Home.php on line 20.
 1 APPPATH/Controllers/Home.php(20): CodeIgniter\Debug\Exceptions->errorHandler(2, 'Attempt to read property "franchise_category" on null', 'APPPATH/Controllers/Home.php', 20)
 2 SYSTEMPATH/CodeIgniter.php(925): App\Controllers\Home->franchise('icons', 'rama.png')
 3 SYSTEMPATH/CodeIgniter.php(480): CodeIgniter\CodeIgniter->runController(Object(App\Controllers\Home))
 4 SYSTEMPATH/CodeIgniter.php(349): CodeIgniter\CodeIgniter->handleRequest(null, Object(Config\Cache), false)
 5 FCPATH/index.php(67): CodeIgniter\CodeIgniter->run()
CRITICAL - 2024-05-16 07:32:35 --> Attempt to read property "franchise_category" on null
in APPPATH/Controllers/Home.php on line 20.
 1 APPPATH/Controllers/Home.php(20): CodeIgniter\Debug\Exceptions->errorHandler(2, 'Attempt to read property "franchise_category" on null', 'APPPATH/Controllers/Home.php', 20)
 2 SYSTEMPATH/CodeIgniter.php(925): App\Controllers\Home->franchise('icons', 'rama.png')
 3 SYSTEMPATH/CodeIgniter.php(480): CodeIgniter\CodeIgniter->runController(Object(App\Controllers\Home))
 4 SYSTEMPATH/CodeIgniter.php(349): CodeIgniter\CodeIgniter->handleRequest(null, Object(Config\Cache), false)
 5 FCPATH/index.php(67): CodeIgniter\CodeIgniter->run()
CRITICAL - 2024-05-16 07:35:12 --> Attempt to read property "franchise_category" on null
in APPPATH/Controllers/Home.php on line 20.
 1 APPPATH/Controllers/Home.php(20): CodeIgniter\Debug\Exceptions->errorHandler(2, 'Attempt to read property "franchise_category" on null', 'APPPATH/Controllers/Home.php', 20)
 2 SYSTEMPATH/CodeIgniter.php(925): App\Controllers\Home->franchise('icons', 'rama.png')
 3 SYSTEMPATH/CodeIgniter.php(480): CodeIgniter\CodeIgniter->runController(Object(App\Controllers\Home))
 4 SYSTEMPATH/CodeIgniter.php(349): CodeIgniter\CodeIgniter->handleRequest(null, Object(Config\Cache), false)
 5 FCPATH/index.php(67): CodeIgniter\CodeIgniter->run()
CRITICAL - 2024-05-16 07:49:15 --> Attempt to read property "franchise_category" on null
in APPPATH/Controllers/Home.php on line 20.
 1 APPPATH/Controllers/Home.php(20): CodeIgniter\Debug\Exceptions->errorHandler(2, 'Attempt to read property "franchise_category" on null', 'APPPATH/Controllers/Home.php', 20)
 2 SYSTEMPATH/CodeIgniter.php(925): App\Controllers\Home->franchise('icons', 'rama.png')
 3 SYSTEMPATH/CodeIgniter.php(480): CodeIgniter\CodeIgniter->runController(Object(App\Controllers\Home))
 4 SYSTEMPATH/CodeIgniter.php(349): CodeIgniter\CodeIgniter->handleRequest(null, Object(Config\Cache), false)
 5 FCPATH/index.php(67): CodeIgniter\CodeIgniter->run()
CRITICAL - 2024-05-16 07:49:25 --> Attempt to read property "cms_page_description" on array
in APPPATH/Views/frontend/tour.php on line 1.
 1 APPPATH/Views/frontend/tour.php(1): CodeIgniter\Debug\Exceptions->errorHandler(2, 'Attempt to read property "cms_page_description" on array', 'APPPATH/Views/frontend/tour.php', 1)
 2 SYSTEMPATH/View/View.php(213): include('APPPATH/Views/frontend/tour.php')
 3 SYSTEMPATH/View/View.php(216): CodeIgniter\View\View->CodeIgniter\View\{closure}()
 4 SYSTEMPATH/Common.php(1135): CodeIgniter\View\View->render('frontend/tour', [], true)
 5 APPPATH/Controllers/Home.php(106): view('frontend/tour', [...])
 6 SYSTEMPATH/CodeIgniter.php(925): App\Controllers\Home->tour('1')
 7 SYSTEMPATH/CodeIgniter.php(480): CodeIgniter\CodeIgniter->runController(Object(App\Controllers\Home))
 8 SYSTEMPATH/CodeIgniter.php(349): CodeIgniter\CodeIgniter->handleRequest(null, Object(Config\Cache), false)
 9 FCPATH/index.php(67): CodeIgniter\CodeIgniter->run()
CRITICAL - 2024-05-16 07:50:14 --> Attempt to read property "franchise_category" on null
in APPPATH/Controllers/Home.php on line 20.
 1 APPPATH/Controllers/Home.php(20): CodeIgniter\Debug\Exceptions->errorHandler(2, 'Attempt to read property "franchise_category" on null', 'APPPATH/Controllers/Home.php', 20)
 2 SYSTEMPATH/CodeIgniter.php(925): App\Controllers\Home->franchise('icons', 'rama.png')
 3 SYSTEMPATH/CodeIgniter.php(480): CodeIgniter\CodeIgniter->runController(Object(App\Controllers\Home))
 4 SYSTEMPATH/CodeIgniter.php(349): CodeIgniter\CodeIgniter->handleRequest(null, Object(Config\Cache), false)
 5 FCPATH/index.php(67): CodeIgniter\CodeIgniter->run()
CRITICAL - 2024-05-16 08:04:26 --> Attempt to read property "franchise_category" on null
in APPPATH/Controllers/Home.php on line 20.
 1 APPPATH/Controllers/Home.php(20): CodeIgniter\Debug\Exceptions->errorHandler(2, 'Attempt to read property "franchise_category" on null', 'APPPATH/Controllers/Home.php', 20)
 2 SYSTEMPATH/CodeIgniter.php(925): App\Controllers\Home->franchise('icons', 'rama.png')
 3 SYSTEMPATH/CodeIgniter.php(480): CodeIgniter\CodeIgniter->runController(Object(App\Controllers\Home))
 4 SYSTEMPATH/CodeIgniter.php(349): CodeIgniter\CodeIgniter->handleRequest(null, Object(Config\Cache), false)
 5 FCPATH/index.php(67): CodeIgniter\CodeIgniter->run()
CRITICAL - 2024-05-16 08:04:42 --> Attempt to read property "franchise_category" on null
in APPPATH/Controllers/Home.php on line 20.
 1 APPPATH/Controllers/Home.php(20): CodeIgniter\Debug\Exceptions->errorHandler(2, 'Attempt to read property "franchise_category" on null', 'APPPATH/Controllers/Home.php', 20)
 2 SYSTEMPATH/CodeIgniter.php(925): App\Controllers\Home->franchise('icons', 'rama.png')
 3 SYSTEMPATH/CodeIgniter.php(480): CodeIgniter\CodeIgniter->runController(Object(App\Controllers\Home))
 4 SYSTEMPATH/CodeIgniter.php(349): CodeIgniter\CodeIgniter->handleRequest(null, Object(Config\Cache), false)
 5 FCPATH/index.php(67): CodeIgniter\CodeIgniter->run()
CRITICAL - 2024-05-16 18:30:34 --> Attempt to read property "franchise_category" on null
in APPPATH/Controllers/Home.php on line 20.
 1 APPPATH/Controllers/Home.php(20): CodeIgniter\Debug\Exceptions->errorHandler(2, 'Attempt to read property "franchise_category" on null', 'APPPATH/Controllers/Home.php', 20)
 2 SYSTEMPATH/CodeIgniter.php(925): App\Controllers\Home->franchise('icons', 'rama.png')
 3 SYSTEMPATH/CodeIgniter.php(480): CodeIgniter\CodeIgniter->runController(Object(App\Controllers\Home))
 4 SYSTEMPATH/CodeIgniter.php(349): CodeIgniter\CodeIgniter->handleRequest(null, Object(Config\Cache), false)
 5 FCPATH/index.php(67): CodeIgniter\CodeIgniter->run()
CRITICAL - 2024-05-16 18:30:34 --> Attempt to read property "franchise_category" on null
in APPPATH/Controllers/Home.php on line 20.
 1 APPPATH/Controllers/Home.php(20): CodeIgniter\Debug\Exceptions->errorHandler(2, 'Attempt to read property "franchise_category" on null', 'APPPATH/Controllers/Home.php', 20)
 2 SYSTEMPATH/CodeIgniter.php(925): App\Controllers\Home->franchise('icons', 'rama.png')
 3 SYSTEMPATH/CodeIgniter.php(480): CodeIgniter\CodeIgniter->runController(Object(App\Controllers\Home))
 4 SYSTEMPATH/CodeIgniter.php(349): CodeIgniter\CodeIgniter->handleRequest(null, Object(Config\Cache), false)
 5 FCPATH/index.php(67): CodeIgniter\CodeIgniter->run()
CRITICAL - 2024-05-16 18:30:57 --> Attempt to read property "franchise_category" on null
in APPPATH/Controllers/Home.php on line 20.
 1 APPPATH/Controllers/Home.php(20): CodeIgniter\Debug\Exceptions->errorHandler(2, 'Attempt to read property "franchise_category" on null', 'APPPATH/Controllers/Home.php', 20)
 2 SYSTEMPATH/CodeIgniter.php(925): App\Controllers\Home->franchise('icons', 'rama.png')
 3 SYSTEMPATH/CodeIgniter.php(480): CodeIgniter\CodeIgniter->runController(Object(App\Controllers\Home))
 4 SYSTEMPATH/CodeIgniter.php(349): CodeIgniter\CodeIgniter->handleRequest(null, Object(Config\Cache), false)
 5 FCPATH/index.php(67): CodeIgniter\CodeIgniter->run()
CRITICAL - 2024-05-16 18:31:06 --> Attempt to read property "franchise_category" on null
in APPPATH/Controllers/Home.php on line 20.
 1 APPPATH/Controllers/Home.php(20): CodeIgniter\Debug\Exceptions->errorHandler(2, 'Attempt to read property "franchise_category" on null', 'APPPATH/Controllers/Home.php', 20)
 2 SYSTEMPATH/CodeIgniter.php(925): App\Controllers\Home->franchise('icons', 'rama.png')
 3 SYSTEMPATH/CodeIgniter.php(480): CodeIgniter\CodeIgniter->runController(Object(App\Controllers\Home))
 4 SYSTEMPATH/CodeIgniter.php(349): CodeIgniter\CodeIgniter->handleRequest(null, Object(Config\Cache), false)
 5 FCPATH/index.php(67): CodeIgniter\CodeIgniter->run()
