CRITICAL - 2026-02-16 00:44:24 --> Undefined variable $userSession
in APPPATH/Controllers/Dashboard.php on line 57.
 1 APPPATH/Controllers/Dashboard.php(57): CodeIgniter\Debug\Exceptions->errorHandler(2, 'Undefined variable $userSession', 'APPPATH/Controllers/Dashboard.php', 57)
 2 SYSTEMPATH/CodeIgniter.php(925): App\Controllers\Dashboard->getContactDetails()
 3 SYSTEMPATH/CodeIgniter.php(480): CodeIgniter\CodeIgniter->runController(Object(App\Controllers\Dashboard))
 4 SYSTEMPATH/CodeIgniter.php(349): CodeIgniter\CodeIgniter->handleRequest(null, Object(Config\Cache), false)
 5 FCPATH/index.php(67): CodeIgniter\CodeIgniter->run()
ERROR - 2026-02-16 01:00:41 --> mysqli_sql_exception: You have an error in your SQL syntax; check the manual that corresponds to your MySQL server version for the right syntax to use near ''3' OFFSET '0'' at line 8 in /home3/snindustries/public_html/shadi/system/Database/MySQLi/Connection.php:292
Stack trace:
#0 /home3/snindustries/public_html/shadi/system/Database/MySQLi/Connection.php(292): mysqli->query('SELECT DISTINCT...', 0)
#1 /home3/snindustries/public_html/shadi/system/Database/BaseConnection.php(666): CodeIgniter\Database\MySQLi\Connection->execute('SELECT DISTINCT...')
#2 /home3/snindustries/public_html/shadi/system/Database/BaseConnection.php(593): CodeIgniter\Database\BaseConnection->simpleQuery('SELECT DISTINCT...')
#3 /home3/snindustries/public_html/shadi/system/Model.php(801): CodeIgniter\Database\BaseConnection->query('SELECT DISTINCT...', Array)
#4 /home3/snindustries/public_html/shadi/app/Controllers/DashboardController.php(62): CodeIgniter\Model->__call('query', Array)
#5 /home3/snindustries/public_html/shadi/system/CodeIgniter.php(925): App\Controllers\DashboardController->ajax_dashboard_interests()
#6 /home3/snindustries/public_html/shadi/system/CodeIgniter.php(480): CodeIgniter\CodeIgniter->runController(Object(App\Controllers\DashboardController))
#7 /home3/snindustries/public_html/shadi/system/CodeIgniter.php(349): CodeIgniter\CodeIgniter->handleRequest(NULL, Object(Config\Cache), false)
#8 /home3/snindustries/public_html/shadi/index.php(67): CodeIgniter\CodeIgniter->run()
#9 {main}
CRITICAL - 2026-02-16 01:00:41 --> Call to a member function getResultArray() on bool
in APPPATH/Controllers/DashboardController.php on line 62.
 1 SYSTEMPATH/CodeIgniter.php(925): App\Controllers\DashboardController->ajax_dashboard_interests()
 2 SYSTEMPATH/CodeIgniter.php(480): CodeIgniter\CodeIgniter->runController(Object(App\Controllers\DashboardController))
 3 SYSTEMPATH/CodeIgniter.php(349): CodeIgniter\CodeIgniter->handleRequest(null, Object(Config\Cache), false)
 4 FCPATH/index.php(67): CodeIgniter\CodeIgniter->run()
ERROR - 2026-02-16 01:01:32 --> mysqli_sql_exception: You have an error in your SQL syntax; check the manual that corresponds to your MySQL server version for the right syntax to use near ''6' OFFSET '0'' at line 8 in /home3/snindustries/public_html/shadi/system/Database/MySQLi/Connection.php:292
Stack trace:
#0 /home3/snindustries/public_html/shadi/system/Database/MySQLi/Connection.php(292): mysqli->query('SELECT DISTINCT...', 0)
#1 /home3/snindustries/public_html/shadi/system/Database/BaseConnection.php(666): CodeIgniter\Database\MySQLi\Connection->execute('SELECT DISTINCT...')
#2 /home3/snindustries/public_html/shadi/system/Database/BaseConnection.php(593): CodeIgniter\Database\BaseConnection->simpleQuery('SELECT DISTINCT...')
#3 /home3/snindustries/public_html/shadi/system/Model.php(801): CodeIgniter\Database\BaseConnection->query('SELECT DISTINCT...', Array)
#4 /home3/snindustries/public_html/shadi/app/Controllers/DashboardController.php(62): CodeIgniter\Model->__call('query', Array)
#5 /home3/snindustries/public_html/shadi/system/CodeIgniter.php(925): App\Controllers\DashboardController->ajax_dashboard_interests()
#6 /home3/snindustries/public_html/shadi/system/CodeIgniter.php(480): CodeIgniter\CodeIgniter->runController(Object(App\Controllers\DashboardController))
#7 /home3/snindustries/public_html/shadi/system/CodeIgniter.php(349): CodeIgniter\CodeIgniter->handleRequest(NULL, Object(Config\Cache), false)
#8 /home3/snindustries/public_html/shadi/index.php(67): CodeIgniter\CodeIgniter->run()
#9 {main}
CRITICAL - 2026-02-16 01:01:32 --> Call to a member function getResultArray() on bool
in APPPATH/Controllers/DashboardController.php on line 62.
 1 SYSTEMPATH/CodeIgniter.php(925): App\Controllers\DashboardController->ajax_dashboard_interests()
 2 SYSTEMPATH/CodeIgniter.php(480): CodeIgniter\CodeIgniter->runController(Object(App\Controllers\DashboardController))
 3 SYSTEMPATH/CodeIgniter.php(349): CodeIgniter\CodeIgniter->handleRequest(null, Object(Config\Cache), false)
 4 FCPATH/index.php(67): CodeIgniter\CodeIgniter->run()
ERROR - 2026-02-16 01:01:37 --> mysqli_sql_exception: You have an error in your SQL syntax; check the manual that corresponds to your MySQL server version for the right syntax to use near ''6' OFFSET '0'' at line 8 in /home3/snindustries/public_html/shadi/system/Database/MySQLi/Connection.php:292
Stack trace:
#0 /home3/snindustries/public_html/shadi/system/Database/MySQLi/Connection.php(292): mysqli->query('SELECT DISTINCT...', 0)
#1 /home3/snindustries/public_html/shadi/system/Database/BaseConnection.php(666): CodeIgniter\Database\MySQLi\Connection->execute('SELECT DISTINCT...')
#2 /home3/snindustries/public_html/shadi/system/Database/BaseConnection.php(593): CodeIgniter\Database\BaseConnection->simpleQuery('SELECT DISTINCT...')
#3 /home3/snindustries/public_html/shadi/system/Model.php(801): CodeIgniter\Database\BaseConnection->query('SELECT DISTINCT...', Array)
#4 /home3/snindustries/public_html/shadi/app/Controllers/DashboardController.php(62): CodeIgniter\Model->__call('query', Array)
#5 /home3/snindustries/public_html/shadi/system/CodeIgniter.php(925): App\Controllers\DashboardController->ajax_dashboard_interests()
#6 /home3/snindustries/public_html/shadi/system/CodeIgniter.php(480): CodeIgniter\CodeIgniter->runController(Object(App\Controllers\DashboardController))
#7 /home3/snindustries/public_html/shadi/system/CodeIgniter.php(349): CodeIgniter\CodeIgniter->handleRequest(NULL, Object(Config\Cache), false)
#8 /home3/snindustries/public_html/shadi/index.php(67): CodeIgniter\CodeIgniter->run()
#9 {main}
CRITICAL - 2026-02-16 01:01:37 --> Call to a member function getResultArray() on bool
in APPPATH/Controllers/DashboardController.php on line 62.
 1 SYSTEMPATH/CodeIgniter.php(925): App\Controllers\DashboardController->ajax_dashboard_interests()
 2 SYSTEMPATH/CodeIgniter.php(480): CodeIgniter\CodeIgniter->runController(Object(App\Controllers\DashboardController))
 3 SYSTEMPATH/CodeIgniter.php(349): CodeIgniter\CodeIgniter->handleRequest(null, Object(Config\Cache), false)
 4 FCPATH/index.php(67): CodeIgniter\CodeIgniter->run()
ERROR - 2026-02-16 01:04:18 --> mysqli_sql_exception: You have an error in your SQL syntax; check the manual that corresponds to your MySQL server version for the right syntax to use near ''6' OFFSET '0'' at line 8 in /home3/snindustries/public_html/shadi/system/Database/MySQLi/Connection.php:292
Stack trace:
#0 /home3/snindustries/public_html/shadi/system/Database/MySQLi/Connection.php(292): mysqli->query('SELECT DISTINCT...', 0)
#1 /home3/snindustries/public_html/shadi/system/Database/BaseConnection.php(666): CodeIgniter\Database\MySQLi\Connection->execute('SELECT DISTINCT...')
#2 /home3/snindustries/public_html/shadi/system/Database/BaseConnection.php(593): CodeIgniter\Database\BaseConnection->simpleQuery('SELECT DISTINCT...')
#3 /home3/snindustries/public_html/shadi/system/Model.php(801): CodeIgniter\Database\BaseConnection->query('SELECT DISTINCT...', Array)
#4 /home3/snindustries/public_html/shadi/app/Controllers/DashboardController.php(62): CodeIgniter\Model->__call('query', Array)
#5 /home3/snindustries/public_html/shadi/system/CodeIgniter.php(925): App\Controllers\DashboardController->ajax_dashboard_interests()
#6 /home3/snindustries/public_html/shadi/system/CodeIgniter.php(480): CodeIgniter\CodeIgniter->runController(Object(App\Controllers\DashboardController))
#7 /home3/snindustries/public_html/shadi/system/CodeIgniter.php(349): CodeIgniter\CodeIgniter->handleRequest(NULL, Object(Config\Cache), false)
#8 /home3/snindustries/public_html/shadi/index.php(67): CodeIgniter\CodeIgniter->run()
#9 {main}
CRITICAL - 2026-02-16 01:04:18 --> Call to a member function getResultArray() on bool
in APPPATH/Controllers/DashboardController.php on line 62.
 1 SYSTEMPATH/CodeIgniter.php(925): App\Controllers\DashboardController->ajax_dashboard_interests()
 2 SYSTEMPATH/CodeIgniter.php(480): CodeIgniter\CodeIgniter->runController(Object(App\Controllers\DashboardController))
 3 SYSTEMPATH/CodeIgniter.php(349): CodeIgniter\CodeIgniter->handleRequest(null, Object(Config\Cache), false)
 4 FCPATH/index.php(67): CodeIgniter\CodeIgniter->run()
ERROR - 2026-02-16 01:04:39 --> mysqli_sql_exception: You have an error in your SQL syntax; check the manual that corresponds to your MySQL server version for the right syntax to use near ''6' OFFSET '0'' at line 8 in /home3/snindustries/public_html/shadi/system/Database/MySQLi/Connection.php:292
Stack trace:
#0 /home3/snindustries/public_html/shadi/system/Database/MySQLi/Connection.php(292): mysqli->query('SELECT DISTINCT...', 0)
#1 /home3/snindustries/public_html/shadi/system/Database/BaseConnection.php(666): CodeIgniter\Database\MySQLi\Connection->execute('SELECT DISTINCT...')
#2 /home3/snindustries/public_html/shadi/system/Database/BaseConnection.php(593): CodeIgniter\Database\BaseConnection->simpleQuery('SELECT DISTINCT...')
#3 /home3/snindustries/public_html/shadi/system/Model.php(801): CodeIgniter\Database\BaseConnection->query('SELECT DISTINCT...', Array)
#4 /home3/snindustries/public_html/shadi/app/Controllers/DashboardController.php(62): CodeIgniter\Model->__call('query', Array)
#5 /home3/snindustries/public_html/shadi/system/CodeIgniter.php(925): App\Controllers\DashboardController->ajax_dashboard_interests()
#6 /home3/snindustries/public_html/shadi/system/CodeIgniter.php(480): CodeIgniter\CodeIgniter->runController(Object(App\Controllers\DashboardController))
#7 /home3/snindustries/public_html/shadi/system/CodeIgniter.php(349): CodeIgniter\CodeIgniter->handleRequest(NULL, Object(Config\Cache), false)
#8 /home3/snindustries/public_html/shadi/index.php(67): CodeIgniter\CodeIgniter->run()
#9 {main}
CRITICAL - 2026-02-16 01:04:39 --> Call to a member function getResultArray() on bool
in APPPATH/Controllers/DashboardController.php on line 62.
 1 SYSTEMPATH/CodeIgniter.php(925): App\Controllers\DashboardController->ajax_dashboard_interests()
 2 SYSTEMPATH/CodeIgniter.php(480): CodeIgniter\CodeIgniter->runController(Object(App\Controllers\DashboardController))
 3 SYSTEMPATH/CodeIgniter.php(349): CodeIgniter\CodeIgniter->handleRequest(null, Object(Config\Cache), false)
 4 FCPATH/index.php(67): CodeIgniter\CodeIgniter->run()
ERROR - 2026-02-16 01:07:09 --> mysqli_sql_exception: You have an error in your SQL syntax; check the manual that corresponds to your MySQL server version for the right syntax to use near ''6' OFFSET '0'' at line 8 in /home3/snindustries/public_html/shadi/system/Database/MySQLi/Connection.php:292
Stack trace:
#0 /home3/snindustries/public_html/shadi/system/Database/MySQLi/Connection.php(292): mysqli->query('SELECT DISTINCT...', 0)
#1 /home3/snindustries/public_html/shadi/system/Database/BaseConnection.php(666): CodeIgniter\Database\MySQLi\Connection->execute('SELECT DISTINCT...')
#2 /home3/snindustries/public_html/shadi/system/Database/BaseConnection.php(593): CodeIgniter\Database\BaseConnection->simpleQuery('SELECT DISTINCT...')
#3 /home3/snindustries/public_html/shadi/system/Model.php(801): CodeIgniter\Database\BaseConnection->query('SELECT DISTINCT...', Array)
#4 /home3/snindustries/public_html/shadi/app/Controllers/DashboardController.php(62): CodeIgniter\Model->__call('query', Array)
#5 /home3/snindustries/public_html/shadi/system/CodeIgniter.php(925): App\Controllers\DashboardController->ajax_dashboard_interests()
#6 /home3/snindustries/public_html/shadi/system/CodeIgniter.php(480): CodeIgniter\CodeIgniter->runController(Object(App\Controllers\DashboardController))
#7 /home3/snindustries/public_html/shadi/system/CodeIgniter.php(349): CodeIgniter\CodeIgniter->handleRequest(NULL, Object(Config\Cache), false)
#8 /home3/snindustries/public_html/shadi/index.php(67): CodeIgniter\CodeIgniter->run()
#9 {main}
CRITICAL - 2026-02-16 01:07:09 --> Call to a member function getResultArray() on bool
in APPPATH/Controllers/DashboardController.php on line 62.
 1 SYSTEMPATH/CodeIgniter.php(925): App\Controllers\DashboardController->ajax_dashboard_interests()
 2 SYSTEMPATH/CodeIgniter.php(480): CodeIgniter\CodeIgniter->runController(Object(App\Controllers\DashboardController))
 3 SYSTEMPATH/CodeIgniter.php(349): CodeIgniter\CodeIgniter->handleRequest(null, Object(Config\Cache), false)
 4 FCPATH/index.php(67): CodeIgniter\CodeIgniter->run()
ERROR - 2026-02-16 01:07:26 --> mysqli_sql_exception: You have an error in your SQL syntax; check the manual that corresponds to your MySQL server version for the right syntax to use near ''6' OFFSET '0'' at line 8 in /home3/snindustries/public_html/shadi/system/Database/MySQLi/Connection.php:292
Stack trace:
#0 /home3/snindustries/public_html/shadi/system/Database/MySQLi/Connection.php(292): mysqli->query('SELECT DISTINCT...', 0)
#1 /home3/snindustries/public_html/shadi/system/Database/BaseConnection.php(666): CodeIgniter\Database\MySQLi\Connection->execute('SELECT DISTINCT...')
#2 /home3/snindustries/public_html/shadi/system/Database/BaseConnection.php(593): CodeIgniter\Database\BaseConnection->simpleQuery('SELECT DISTINCT...')
#3 /home3/snindustries/public_html/shadi/system/Model.php(801): CodeIgniter\Database\BaseConnection->query('SELECT DISTINCT...', Array)
#4 /home3/snindustries/public_html/shadi/app/Controllers/DashboardController.php(62): CodeIgniter\Model->__call('query', Array)
#5 /home3/snindustries/public_html/shadi/system/CodeIgniter.php(925): App\Controllers\DashboardController->ajax_dashboard_interests()
#6 /home3/snindustries/public_html/shadi/system/CodeIgniter.php(480): CodeIgniter\CodeIgniter->runController(Object(App\Controllers\DashboardController))
#7 /home3/snindustries/public_html/shadi/system/CodeIgniter.php(349): CodeIgniter\CodeIgniter->handleRequest(NULL, Object(Config\Cache), false)
#8 /home3/snindustries/public_html/shadi/index.php(67): CodeIgniter\CodeIgniter->run()
#9 {main}
CRITICAL - 2026-02-16 01:07:26 --> Call to a member function getResultArray() on bool
in APPPATH/Controllers/DashboardController.php on line 62.
 1 SYSTEMPATH/CodeIgniter.php(925): App\Controllers\DashboardController->ajax_dashboard_interests()
 2 SYSTEMPATH/CodeIgniter.php(480): CodeIgniter\CodeIgniter->runController(Object(App\Controllers\DashboardController))
 3 SYSTEMPATH/CodeIgniter.php(349): CodeIgniter\CodeIgniter->handleRequest(null, Object(Config\Cache), false)
 4 FCPATH/index.php(67): CodeIgniter\CodeIgniter->run()
ERROR - 2026-02-16 01:07:36 --> mysqli_sql_exception: You have an error in your SQL syntax; check the manual that corresponds to your MySQL server version for the right syntax to use near ''6' OFFSET '0'' at line 8 in /home3/snindustries/public_html/shadi/system/Database/MySQLi/Connection.php:292
Stack trace:
#0 /home3/snindustries/public_html/shadi/system/Database/MySQLi/Connection.php(292): mysqli->query('SELECT DISTINCT...', 0)
#1 /home3/snindustries/public_html/shadi/system/Database/BaseConnection.php(666): CodeIgniter\Database\MySQLi\Connection->execute('SELECT DISTINCT...')
#2 /home3/snindustries/public_html/shadi/system/Database/BaseConnection.php(593): CodeIgniter\Database\BaseConnection->simpleQuery('SELECT DISTINCT...')
#3 /home3/snindustries/public_html/shadi/system/Model.php(801): CodeIgniter\Database\BaseConnection->query('SELECT DISTINCT...', Array)
#4 /home3/snindustries/public_html/shadi/app/Controllers/DashboardController.php(62): CodeIgniter\Model->__call('query', Array)
#5 /home3/snindustries/public_html/shadi/system/CodeIgniter.php(925): App\Controllers\DashboardController->ajax_dashboard_interests()
#6 /home3/snindustries/public_html/shadi/system/CodeIgniter.php(480): CodeIgniter\CodeIgniter->runController(Object(App\Controllers\DashboardController))
#7 /home3/snindustries/public_html/shadi/system/CodeIgniter.php(349): CodeIgniter\CodeIgniter->handleRequest(NULL, Object(Config\Cache), false)
#8 /home3/snindustries/public_html/shadi/index.php(67): CodeIgniter\CodeIgniter->run()
#9 {main}
CRITICAL - 2026-02-16 01:07:36 --> Call to a member function getResultArray() on bool
in APPPATH/Controllers/DashboardController.php on line 62.
 1 SYSTEMPATH/CodeIgniter.php(925): App\Controllers\DashboardController->ajax_dashboard_interests()
 2 SYSTEMPATH/CodeIgniter.php(480): CodeIgniter\CodeIgniter->runController(Object(App\Controllers\DashboardController))
 3 SYSTEMPATH/CodeIgniter.php(349): CodeIgniter\CodeIgniter->handleRequest(null, Object(Config\Cache), false)
 4 FCPATH/index.php(67): CodeIgniter\CodeIgniter->run()
CRITICAL - 2026-02-16 02:53:32 --> Attempt to read property "religion_id" on null
in APPPATH/Controllers/Admin.php on line 4956.
 1 APPPATH/Controllers/Admin.php(4956): CodeIgniter\Debug\Exceptions->errorHandler(2, 'Attempt to read property "religion_id" on null', 'APPPATH/Controllers/Admin.php', 4956)
 2 SYSTEMPATH/CodeIgniter.php(925): App\Controllers\Admin->profile_view('FCPATH/assets', 'img', 'user', 'u2.jpg')
 3 SYSTEMPATH/CodeIgniter.php(480): CodeIgniter\CodeIgniter->runController(Object(App\Controllers\Admin))
 4 SYSTEMPATH/CodeIgniter.php(349): CodeIgniter\CodeIgniter->handleRequest(null, Object(Config\Cache), false)
 5 FCPATH/index.php(67): CodeIgniter\CodeIgniter->run()
CRITICAL - 2026-02-16 02:53:32 --> Attempt to read property "religion_id" on null
in APPPATH/Controllers/Admin.php on line 4956.
 1 APPPATH/Controllers/Admin.php(4956): CodeIgniter\Debug\Exceptions->errorHandler(2, 'Attempt to read property "religion_id" on null', 'APPPATH/Controllers/Admin.php', 4956)
 2 SYSTEMPATH/CodeIgniter.php(925): App\Controllers\Admin->profile_view('FCPATH/assets', 'img', 'user', 'u1.jpg')
 3 SYSTEMPATH/CodeIgniter.php(480): CodeIgniter\CodeIgniter->runController(Object(App\Controllers\Admin))
 4 SYSTEMPATH/CodeIgniter.php(349): CodeIgniter\CodeIgniter->handleRequest(null, Object(Config\Cache), false)
 5 FCPATH/index.php(67): CodeIgniter\CodeIgniter->run()
CRITICAL - 2026-02-16 02:53:32 --> Attempt to read property "religion_id" on null
in APPPATH/Controllers/Admin.php on line 4956.
 1 APPPATH/Controllers/Admin.php(4956): CodeIgniter\Debug\Exceptions->errorHandler(2, 'Attempt to read property "religion_id" on null', 'APPPATH/Controllers/Admin.php', 4956)
 2 SYSTEMPATH/CodeIgniter.php(925): App\Controllers\Admin->profile_view('FCPATH/assets', 'img', 'user', 'u5.jpg')
 3 SYSTEMPATH/CodeIgniter.php(480): CodeIgniter\CodeIgniter->runController(Object(App\Controllers\Admin))
 4 SYSTEMPATH/CodeIgniter.php(349): CodeIgniter\CodeIgniter->handleRequest(null, Object(Config\Cache), false)
 5 FCPATH/index.php(67): CodeIgniter\CodeIgniter->run()
CRITICAL - 2026-02-16 02:53:32 --> Attempt to read property "religion_id" on null
in APPPATH/Controllers/Admin.php on line 4956.
 1 APPPATH/Controllers/Admin.php(4956): CodeIgniter\Debug\Exceptions->errorHandler(2, 'Attempt to read property "religion_id" on null', 'APPPATH/Controllers/Admin.php', 4956)
 2 SYSTEMPATH/CodeIgniter.php(925): App\Controllers\Admin->profile_view('FCPATH/assets', 'img', 'user', 'u4.jpg')
 3 SYSTEMPATH/CodeIgniter.php(480): CodeIgniter\CodeIgniter->runController(Object(App\Controllers\Admin))
 4 SYSTEMPATH/CodeIgniter.php(349): CodeIgniter\CodeIgniter->handleRequest(null, Object(Config\Cache), false)
 5 FCPATH/index.php(67): CodeIgniter\CodeIgniter->run()
CRITICAL - 2026-02-16 02:55:23 --> Undefined variable $location
in APPPATH/Models/Profilemodel.php on line 351.
 1 APPPATH/Models/Profilemodel.php(351): CodeIgniter\Debug\Exceptions->errorHandler(2, 'Undefined variable $location', 'APPPATH/Models/Profilemodel.php', 351)
 2 APPPATH/Controllers/Home.php(850): App\Models\Profilemodel->fetch_data(12, 0, Object(CodeIgniter\HTTP\IncomingRequest))
 3 SYSTEMPATH/CodeIgniter.php(925): App\Controllers\Home->ajax_list_profile('1')
 4 SYSTEMPATH/CodeIgniter.php(480): CodeIgniter\CodeIgniter->runController(Object(App\Controllers\Home))
 5 SYSTEMPATH/CodeIgniter.php(349): CodeIgniter\CodeIgniter->handleRequest(null, Object(Config\Cache), false)
 6 FCPATH/index.php(67): CodeIgniter\CodeIgniter->run()
CRITICAL - 2026-02-16 03:50:54 --> Attempt to read property "religion_id" on null
in APPPATH/Controllers/Admin.php on line 4956.
 1 APPPATH/Controllers/Admin.php(4956): CodeIgniter\Debug\Exceptions->errorHandler(2, 'Attempt to read property "religion_id" on null', 'APPPATH/Controllers/Admin.php', 4956)
 2 SYSTEMPATH/CodeIgniter.php(925): App\Controllers\Admin->profile_view('FCPATH/assets', 'img', 'user', 'u2.jpg')
 3 SYSTEMPATH/CodeIgniter.php(480): CodeIgniter\CodeIgniter->runController(Object(App\Controllers\Admin))
 4 SYSTEMPATH/CodeIgniter.php(349): CodeIgniter\CodeIgniter->handleRequest(null, Object(Config\Cache), false)
 5 FCPATH/index.php(67): CodeIgniter\CodeIgniter->run()
CRITICAL - 2026-02-16 03:50:54 --> Attempt to read property "religion_id" on null
in APPPATH/Controllers/Admin.php on line 4956.
 1 APPPATH/Controllers/Admin.php(4956): CodeIgniter\Debug\Exceptions->errorHandler(2, 'Attempt to read property "religion_id" on null', 'APPPATH/Controllers/Admin.php', 4956)
 2 SYSTEMPATH/CodeIgniter.php(925): App\Controllers\Admin->profile_view('FCPATH/assets', 'img', 'user', 'u5.jpg')
 3 SYSTEMPATH/CodeIgniter.php(480): CodeIgniter\CodeIgniter->runController(Object(App\Controllers\Admin))
 4 SYSTEMPATH/CodeIgniter.php(349): CodeIgniter\CodeIgniter->handleRequest(null, Object(Config\Cache), false)
 5 FCPATH/index.php(67): CodeIgniter\CodeIgniter->run()
CRITICAL - 2026-02-16 03:50:54 --> Attempt to read property "religion_id" on null
in APPPATH/Controllers/Admin.php on line 4956.
 1 APPPATH/Controllers/Admin.php(4956): CodeIgniter\Debug\Exceptions->errorHandler(2, 'Attempt to read property "religion_id" on null', 'APPPATH/Controllers/Admin.php', 4956)
 2 SYSTEMPATH/CodeIgniter.php(925): App\Controllers\Admin->profile_view('FCPATH/assets', 'img', 'user', 'u4.jpg')
 3 SYSTEMPATH/CodeIgniter.php(480): CodeIgniter\CodeIgniter->runController(Object(App\Controllers\Admin))
 4 SYSTEMPATH/CodeIgniter.php(349): CodeIgniter\CodeIgniter->handleRequest(null, Object(Config\Cache), false)
 5 FCPATH/index.php(67): CodeIgniter\CodeIgniter->run()
CRITICAL - 2026-02-16 03:50:54 --> Attempt to read property "religion_id" on null
in APPPATH/Controllers/Admin.php on line 4956.
 1 APPPATH/Controllers/Admin.php(4956): CodeIgniter\Debug\Exceptions->errorHandler(2, 'Attempt to read property "religion_id" on null', 'APPPATH/Controllers/Admin.php', 4956)
 2 SYSTEMPATH/CodeIgniter.php(925): App\Controllers\Admin->profile_view('FCPATH/assets', 'img', 'user', 'u1.jpg')
 3 SYSTEMPATH/CodeIgniter.php(480): CodeIgniter\CodeIgniter->runController(Object(App\Controllers\Admin))
 4 SYSTEMPATH/CodeIgniter.php(349): CodeIgniter\CodeIgniter->handleRequest(null, Object(Config\Cache), false)
 5 FCPATH/index.php(67): CodeIgniter\CodeIgniter->run()
ERROR - 2026-02-16 04:48:21 --> mysqli_sql_exception: Column 'designation' cannot be null in /home3/snindustries/public_html/shadi/system/Database/MySQLi/Connection.php:292
Stack trace:
#0 /home3/snindustries/public_html/shadi/system/Database/MySQLi/Connection.php(292): mysqli->query('INSERT INTO `us...', 0)
#1 /home3/snindustries/public_html/shadi/system/Database/BaseConnection.php(666): CodeIgniter\Database\MySQLi\Connection->execute('INSERT INTO `us...')
#2 /home3/snindustries/public_html/shadi/system/Database/BaseConnection.php(593): CodeIgniter\Database\BaseConnection->simpleQuery('INSERT INTO `us...')
#3 /home3/snindustries/public_html/shadi/system/Database/BaseBuilder.php(1916): CodeIgniter\Database\BaseConnection->query('INSERT INTO `us...', Array, false)
#4 /home3/snindustries/public_html/shadi/app/Controllers/Dashboard.php(807): CodeIgniter\Database\BaseBuilder->insert(Array)
#5 /home3/snindustries/public_html/shadi/system/CodeIgniter.php(925): App\Controllers\Dashboard->save_work_details()
#6 /home3/snindustries/public_html/shadi/system/CodeIgniter.php(480): CodeIgniter\CodeIgniter->runController(Object(App\Controllers\Dashboard))
#7 /home3/snindustries/public_html/shadi/system/CodeIgniter.php(349): CodeIgniter\CodeIgniter->handleRequest(NULL, Object(Config\Cache), false)
#8 /home3/snindustries/public_html/shadi/index.php(67): CodeIgniter\CodeIgniter->run()
#9 {main}
ERROR - 2026-02-16 04:49:03 --> mysqli_sql_exception: Column 'designation' cannot be null in /home3/snindustries/public_html/shadi/system/Database/MySQLi/Connection.php:292
Stack trace:
#0 /home3/snindustries/public_html/shadi/system/Database/MySQLi/Connection.php(292): mysqli->query('INSERT INTO `us...', 0)
#1 /home3/snindustries/public_html/shadi/system/Database/BaseConnection.php(666): CodeIgniter\Database\MySQLi\Connection->execute('INSERT INTO `us...')
#2 /home3/snindustries/public_html/shadi/system/Database/BaseConnection.php(593): CodeIgniter\Database\BaseConnection->simpleQuery('INSERT INTO `us...')
#3 /home3/snindustries/public_html/shadi/system/Database/BaseBuilder.php(1916): CodeIgniter\Database\BaseConnection->query('INSERT INTO `us...', Array, false)
#4 /home3/snindustries/public_html/shadi/app/Controllers/Dashboard.php(807): CodeIgniter\Database\BaseBuilder->insert(Array)
#5 /home3/snindustries/public_html/shadi/system/CodeIgniter.php(925): App\Controllers\Dashboard->save_work_details()
#6 /home3/snindustries/public_html/shadi/system/CodeIgniter.php(480): CodeIgniter\CodeIgniter->runController(Object(App\Controllers\Dashboard))
#7 /home3/snindustries/public_html/shadi/system/CodeIgniter.php(349): CodeIgniter\CodeIgniter->handleRequest(NULL, Object(Config\Cache), false)
#8 /home3/snindustries/public_html/shadi/index.php(67): CodeIgniter\CodeIgniter->run()
#9 {main}
