CRITICAL - 2025-01-16 00:03:32 --> Cannot redeclare App\Controllers\Admin::brand()
in APPPATH/Controllers/Admin.php on line 1121.
 1 [internal function]: CodeIgniter\Debug\Exceptions->shutdownHandler()
CRITICAL - 2025-01-16 00:14:52 --> scandir(/home2/aseelectricalco/public_html/newecom/writable/assets/images): Failed to open directory: No such file or directory
in APPPATH/Controllers/Admin.php on line 1102.
 1 [internal function]: CodeIgniter\Debug\Exceptions->errorHandler(2, 'scandir(/home2/aseelectricalco/public_html/newecom/writable/assets/images): Failed to open directory: No such file or directory', 'APPPATH/Controllers/Admin.php', 1102)
 2 APPPATH/Controllers/Admin.php(1102): scandir('FCPATH/writable/assets/images')
 3 SYSTEMPATH/CodeIgniter.php(925): App\Controllers\Admin->files()
 4 SYSTEMPATH/CodeIgniter.php(480): CodeIgniter\CodeIgniter->runController(Object(App\Controllers\Admin))
 5 SYSTEMPATH/CodeIgniter.php(349): CodeIgniter\CodeIgniter->handleRequest(null, Object(Config\Cache), false)
 6 FCPATH/index.php(67): CodeIgniter\CodeIgniter->run()
CRITICAL - 2025-01-16 00:15:46 --> scandir(/home2/aseelectricalco/public_html/newecom/writable//assets/images): Failed to open directory: No such file or directory
in APPPATH/Controllers/Admin.php on line 1102.
 1 [internal function]: CodeIgniter\Debug\Exceptions->errorHandler(2, 'scandir(/home2/aseelectricalco/public_html/newecom/writable//assets/images): Failed to open directory: No such file or directory', 'APPPATH/Controllers/Admin.php', 1102)
 2 APPPATH/Controllers/Admin.php(1102): scandir('FCPATH/writable//assets/images')
 3 SYSTEMPATH/CodeIgniter.php(925): App\Controllers\Admin->files()
 4 SYSTEMPATH/CodeIgniter.php(480): CodeIgniter\CodeIgniter->runController(Object(App\Controllers\Admin))
 5 SYSTEMPATH/CodeIgniter.php(349): CodeIgniter\CodeIgniter->handleRequest(null, Object(Config\Cache), false)
 6 FCPATH/index.php(67): CodeIgniter\CodeIgniter->run()
CRITICAL - 2025-01-16 00:15:51 --> scandir(/home2/aseelectricalco/public_html/newecom/writable//assets/images): Failed to open directory: No such file or directory
in APPPATH/Controllers/Admin.php on line 1102.
 1 [internal function]: CodeIgniter\Debug\Exceptions->errorHandler(2, 'scandir(/home2/aseelectricalco/public_html/newecom/writable//assets/images): Failed to open directory: No such file or directory', 'APPPATH/Controllers/Admin.php', 1102)
 2 APPPATH/Controllers/Admin.php(1102): scandir('FCPATH/writable//assets/images')
 3 SYSTEMPATH/CodeIgniter.php(925): App\Controllers\Admin->files()
 4 SYSTEMPATH/CodeIgniter.php(480): CodeIgniter\CodeIgniter->runController(Object(App\Controllers\Admin))
 5 SYSTEMPATH/CodeIgniter.php(349): CodeIgniter\CodeIgniter->handleRequest(null, Object(Config\Cache), false)
 6 FCPATH/index.php(67): CodeIgniter\CodeIgniter->run()
CRITICAL - 2025-01-16 00:16:03 --> scandir(/assets/images): Failed to open directory: No such file or directory
in APPPATH/Controllers/Admin.php on line 1102.
 1 [internal function]: CodeIgniter\Debug\Exceptions->errorHandler(2, 'scandir(/assets/images): Failed to open directory: No such file or directory', 'APPPATH/Controllers/Admin.php', 1102)
 2 APPPATH/Controllers/Admin.php(1102): scandir('/assets/images')
 3 SYSTEMPATH/CodeIgniter.php(925): App\Controllers\Admin->files()
 4 SYSTEMPATH/CodeIgniter.php(480): CodeIgniter\CodeIgniter->runController(Object(App\Controllers\Admin))
 5 SYSTEMPATH/CodeIgniter.php(349): CodeIgniter\CodeIgniter->handleRequest(null, Object(Config\Cache), false)
 6 FCPATH/index.php(67): CodeIgniter\CodeIgniter->run()
CRITICAL - 2025-01-16 00:40:52 --> Undefined variable $index
in APPPATH/Controllers/Admin.php on line 1165.
 1 APPPATH/Controllers/Admin.php(1165): CodeIgniter\Debug\Exceptions->errorHandler(2, 'Undefined variable $index', 'APPPATH/Controllers/Admin.php', 1165)
 2 SYSTEMPATH/CodeIgniter.php(925): App\Controllers\Admin->files_list()
 3 SYSTEMPATH/CodeIgniter.php(480): CodeIgniter\CodeIgniter->runController(Object(App\Controllers\Admin))
 4 SYSTEMPATH/CodeIgniter.php(349): CodeIgniter\CodeIgniter->handleRequest(null, Object(Config\Cache), false)
 5 FCPATH/index.php(67): CodeIgniter\CodeIgniter->run()
CRITICAL - 2025-01-16 00:41:58 --> Undefined variable $index
in APPPATH/Controllers/Admin.php on line 1165.
 1 APPPATH/Controllers/Admin.php(1165): CodeIgniter\Debug\Exceptions->errorHandler(2, 'Undefined variable $index', 'APPPATH/Controllers/Admin.php', 1165)
 2 SYSTEMPATH/CodeIgniter.php(925): App\Controllers\Admin->files_list()
 3 SYSTEMPATH/CodeIgniter.php(480): CodeIgniter\CodeIgniter->runController(Object(App\Controllers\Admin))
 4 SYSTEMPATH/CodeIgniter.php(349): CodeIgniter\CodeIgniter->handleRequest(null, Object(Config\Cache), false)
 5 FCPATH/index.php(67): CodeIgniter\CodeIgniter->run()
CRITICAL - 2025-01-16 01:16:03 --> Undefined array key "order"
in APPPATH/Controllers/Admin.php on line 1133.
 1 APPPATH/Controllers/Admin.php(1133): CodeIgniter\Debug\Exceptions->errorHandler(2, 'Undefined array key "order"', 'APPPATH/Controllers/Admin.php', 1133)
 2 SYSTEMPATH/CodeIgniter.php(925): App\Controllers\Admin->files_list()
 3 SYSTEMPATH/CodeIgniter.php(480): CodeIgniter\CodeIgniter->runController(Object(App\Controllers\Admin))
 4 SYSTEMPATH/CodeIgniter.php(349): CodeIgniter\CodeIgniter->handleRequest(null, Object(Config\Cache), false)
 5 FCPATH/index.php(67): CodeIgniter\CodeIgniter->run()
CRITICAL - 2025-01-16 01:16:33 --> Undefined array key "order"
in APPPATH/Controllers/Admin.php on line 1133.
 1 APPPATH/Controllers/Admin.php(1133): CodeIgniter\Debug\Exceptions->errorHandler(2, 'Undefined array key "order"', 'APPPATH/Controllers/Admin.php', 1133)
 2 SYSTEMPATH/CodeIgniter.php(925): App\Controllers\Admin->files_list()
 3 SYSTEMPATH/CodeIgniter.php(480): CodeIgniter\CodeIgniter->runController(Object(App\Controllers\Admin))
 4 SYSTEMPATH/CodeIgniter.php(349): CodeIgniter\CodeIgniter->handleRequest(null, Object(Config\Cache), false)
 5 FCPATH/index.php(67): CodeIgniter\CodeIgniter->run()
CRITICAL - 2025-01-16 01:16:41 --> Undefined array key "order"
in APPPATH/Controllers/Admin.php on line 1133.
 1 APPPATH/Controllers/Admin.php(1133): CodeIgniter\Debug\Exceptions->errorHandler(2, 'Undefined array key "order"', 'APPPATH/Controllers/Admin.php', 1133)
 2 SYSTEMPATH/CodeIgniter.php(925): App\Controllers\Admin->files_list()
 3 SYSTEMPATH/CodeIgniter.php(480): CodeIgniter\CodeIgniter->runController(Object(App\Controllers\Admin))
 4 SYSTEMPATH/CodeIgniter.php(349): CodeIgniter\CodeIgniter->handleRequest(null, Object(Config\Cache), false)
 5 FCPATH/index.php(67): CodeIgniter\CodeIgniter->run()
CRITICAL - 2025-01-16 01:18:49 --> Undefined array key "order"
in APPPATH/Controllers/Admin.php on line 1131.
 1 APPPATH/Controllers/Admin.php(1131): CodeIgniter\Debug\Exceptions->errorHandler(2, 'Undefined array key "order"', 'APPPATH/Controllers/Admin.php', 1131)
 2 SYSTEMPATH/CodeIgniter.php(925): App\Controllers\Admin->files_list()
 3 SYSTEMPATH/CodeIgniter.php(480): CodeIgniter\CodeIgniter->runController(Object(App\Controllers\Admin))
 4 SYSTEMPATH/CodeIgniter.php(349): CodeIgniter\CodeIgniter->handleRequest(null, Object(Config\Cache), false)
 5 FCPATH/index.php(67): CodeIgniter\CodeIgniter->run()
CRITICAL - 2025-01-16 01:19:04 --> Undefined array key "order"
in APPPATH/Controllers/Admin.php on line 1131.
 1 APPPATH/Controllers/Admin.php(1131): CodeIgniter\Debug\Exceptions->errorHandler(2, 'Undefined array key "order"', 'APPPATH/Controllers/Admin.php', 1131)
 2 SYSTEMPATH/CodeIgniter.php(925): App\Controllers\Admin->files_list()
 3 SYSTEMPATH/CodeIgniter.php(480): CodeIgniter\CodeIgniter->runController(Object(App\Controllers\Admin))
 4 SYSTEMPATH/CodeIgniter.php(349): CodeIgniter\CodeIgniter->handleRequest(null, Object(Config\Cache), false)
 5 FCPATH/index.php(67): CodeIgniter\CodeIgniter->run()
CRITICAL - 2025-01-16 01:28:55 --> Undefined property: App\Controllers\Admin::$input
in APPPATH/Controllers/Admin.php on line 1198.
 1 APPPATH/Controllers/Admin.php(1198): CodeIgniter\Debug\Exceptions->errorHandler(2, 'Undefined property: App\\Controllers\\Admin::$input', 'APPPATH/Controllers/Admin.php', 1198)
 2 SYSTEMPATH/CodeIgniter.php(925): App\Controllers\Admin->delete_files()
 3 SYSTEMPATH/CodeIgniter.php(480): CodeIgniter\CodeIgniter->runController(Object(App\Controllers\Admin))
 4 SYSTEMPATH/CodeIgniter.php(349): CodeIgniter\CodeIgniter->handleRequest(null, Object(Config\Cache), false)
 5 FCPATH/index.php(67): CodeIgniter\CodeIgniter->run()
CRITICAL - 2025-01-16 01:29:10 --> Undefined property: App\Controllers\Admin::$input
in APPPATH/Controllers/Admin.php on line 1198.
 1 APPPATH/Controllers/Admin.php(1198): CodeIgniter\Debug\Exceptions->errorHandler(2, 'Undefined property: App\\Controllers\\Admin::$input', 'APPPATH/Controllers/Admin.php', 1198)
 2 SYSTEMPATH/CodeIgniter.php(925): App\Controllers\Admin->delete_files()
 3 SYSTEMPATH/CodeIgniter.php(480): CodeIgniter\CodeIgniter->runController(Object(App\Controllers\Admin))
 4 SYSTEMPATH/CodeIgniter.php(349): CodeIgniter\CodeIgniter->handleRequest(null, Object(Config\Cache), false)
 5 FCPATH/index.php(67): CodeIgniter\CodeIgniter->run()
CRITICAL - 2025-01-16 01:30:46 --> Undefined property: App\Controllers\Admin::$input
in APPPATH/Controllers/Admin.php on line 1198.
 1 APPPATH/Controllers/Admin.php(1198): CodeIgniter\Debug\Exceptions->errorHandler(2, 'Undefined property: App\\Controllers\\Admin::$input', 'APPPATH/Controllers/Admin.php', 1198)
 2 SYSTEMPATH/CodeIgniter.php(925): App\Controllers\Admin->delete_files()
 3 SYSTEMPATH/CodeIgniter.php(480): CodeIgniter\CodeIgniter->runController(Object(App\Controllers\Admin))
 4 SYSTEMPATH/CodeIgniter.php(349): CodeIgniter\CodeIgniter->handleRequest(null, Object(Config\Cache), false)
 5 FCPATH/index.php(67): CodeIgniter\CodeIgniter->run()
CRITICAL - 2025-01-16 01:33:09 --> Undefined property: App\Controllers\Admin::$input
in APPPATH/Controllers/Admin.php on line 1198.
 1 APPPATH/Controllers/Admin.php(1198): CodeIgniter\Debug\Exceptions->errorHandler(2, 'Undefined property: App\\Controllers\\Admin::$input', 'APPPATH/Controllers/Admin.php', 1198)
 2 SYSTEMPATH/CodeIgniter.php(925): App\Controllers\Admin->delete_files()
 3 SYSTEMPATH/CodeIgniter.php(480): CodeIgniter\CodeIgniter->runController(Object(App\Controllers\Admin))
 4 SYSTEMPATH/CodeIgniter.php(349): CodeIgniter\CodeIgniter->handleRequest(null, Object(Config\Cache), false)
 5 FCPATH/index.php(67): CodeIgniter\CodeIgniter->run()
CRITICAL - 2025-01-16 01:33:53 --> Undefined property: App\Controllers\Admin::$input
in APPPATH/Controllers/Admin.php on line 1198.
 1 APPPATH/Controllers/Admin.php(1198): CodeIgniter\Debug\Exceptions->errorHandler(2, 'Undefined property: App\\Controllers\\Admin::$input', 'APPPATH/Controllers/Admin.php', 1198)
 2 SYSTEMPATH/CodeIgniter.php(925): App\Controllers\Admin->delete_files()
 3 SYSTEMPATH/CodeIgniter.php(480): CodeIgniter\CodeIgniter->runController(Object(App\Controllers\Admin))
 4 SYSTEMPATH/CodeIgniter.php(349): CodeIgniter\CodeIgniter->handleRequest(null, Object(Config\Cache), false)
 5 FCPATH/index.php(67): CodeIgniter\CodeIgniter->run()
CRITICAL - 2025-01-16 01:34:04 --> Undefined property: App\Controllers\Admin::$input
in APPPATH/Controllers/Admin.php on line 1198.
 1 APPPATH/Controllers/Admin.php(1198): CodeIgniter\Debug\Exceptions->errorHandler(2, 'Undefined property: App\\Controllers\\Admin::$input', 'APPPATH/Controllers/Admin.php', 1198)
 2 SYSTEMPATH/CodeIgniter.php(925): App\Controllers\Admin->delete_files()
 3 SYSTEMPATH/CodeIgniter.php(480): CodeIgniter\CodeIgniter->runController(Object(App\Controllers\Admin))
 4 SYSTEMPATH/CodeIgniter.php(349): CodeIgniter\CodeIgniter->handleRequest(null, Object(Config\Cache), false)
 5 FCPATH/index.php(67): CodeIgniter\CodeIgniter->run()
CRITICAL - 2025-01-16 01:35:16 --> Undefined property: App\Controllers\Admin::$input
in APPPATH/Controllers/Admin.php on line 1198.
 1 APPPATH/Controllers/Admin.php(1198): CodeIgniter\Debug\Exceptions->errorHandler(2, 'Undefined property: App\\Controllers\\Admin::$input', 'APPPATH/Controllers/Admin.php', 1198)
 2 SYSTEMPATH/CodeIgniter.php(925): App\Controllers\Admin->delete_files()
 3 SYSTEMPATH/CodeIgniter.php(480): CodeIgniter\CodeIgniter->runController(Object(App\Controllers\Admin))
 4 SYSTEMPATH/CodeIgniter.php(349): CodeIgniter\CodeIgniter->handleRequest(null, Object(Config\Cache), false)
 5 FCPATH/index.php(67): CodeIgniter\CodeIgniter->run()
CRITICAL - 2025-01-16 01:35:32 --> Undefined property: App\Controllers\Admin::$input
in APPPATH/Controllers/Admin.php on line 1198.
 1 APPPATH/Controllers/Admin.php(1198): CodeIgniter\Debug\Exceptions->errorHandler(2, 'Undefined property: App\\Controllers\\Admin::$input', 'APPPATH/Controllers/Admin.php', 1198)
 2 SYSTEMPATH/CodeIgniter.php(925): App\Controllers\Admin->delete_files()
 3 SYSTEMPATH/CodeIgniter.php(480): CodeIgniter\CodeIgniter->runController(Object(App\Controllers\Admin))
 4 SYSTEMPATH/CodeIgniter.php(349): CodeIgniter\CodeIgniter->handleRequest(null, Object(Config\Cache), false)
 5 FCPATH/index.php(67): CodeIgniter\CodeIgniter->run()
CRITICAL - 2025-01-16 01:35:58 --> Undefined property: App\Controllers\Admin::$input
in APPPATH/Controllers/Admin.php on line 1198.
 1 APPPATH/Controllers/Admin.php(1198): CodeIgniter\Debug\Exceptions->errorHandler(2, 'Undefined property: App\\Controllers\\Admin::$input', 'APPPATH/Controllers/Admin.php', 1198)
 2 SYSTEMPATH/CodeIgniter.php(925): App\Controllers\Admin->delete_files()
 3 SYSTEMPATH/CodeIgniter.php(480): CodeIgniter\CodeIgniter->runController(Object(App\Controllers\Admin))
 4 SYSTEMPATH/CodeIgniter.php(349): CodeIgniter\CodeIgniter->handleRequest(null, Object(Config\Cache), false)
 5 FCPATH/index.php(67): CodeIgniter\CodeIgniter->run()
CRITICAL - 2025-01-16 01:35:58 --> Undefined property: App\Controllers\Admin::$input
in APPPATH/Controllers/Admin.php on line 1198.
 1 APPPATH/Controllers/Admin.php(1198): CodeIgniter\Debug\Exceptions->errorHandler(2, 'Undefined property: App\\Controllers\\Admin::$input', 'APPPATH/Controllers/Admin.php', 1198)
 2 SYSTEMPATH/CodeIgniter.php(925): App\Controllers\Admin->delete_files()
 3 SYSTEMPATH/CodeIgniter.php(480): CodeIgniter\CodeIgniter->runController(Object(App\Controllers\Admin))
 4 SYSTEMPATH/CodeIgniter.php(349): CodeIgniter\CodeIgniter->handleRequest(null, Object(Config\Cache), false)
 5 FCPATH/index.php(67): CodeIgniter\CodeIgniter->run()
CRITICAL - 2025-01-16 01:36:14 --> Undefined property: App\Controllers\Admin::$input
in APPPATH/Controllers/Admin.php on line 1198.
 1 APPPATH/Controllers/Admin.php(1198): CodeIgniter\Debug\Exceptions->errorHandler(2, 'Undefined property: App\\Controllers\\Admin::$input', 'APPPATH/Controllers/Admin.php', 1198)
 2 SYSTEMPATH/CodeIgniter.php(925): App\Controllers\Admin->delete_files()
 3 SYSTEMPATH/CodeIgniter.php(480): CodeIgniter\CodeIgniter->runController(Object(App\Controllers\Admin))
 4 SYSTEMPATH/CodeIgniter.php(349): CodeIgniter\CodeIgniter->handleRequest(null, Object(Config\Cache), false)
 5 FCPATH/index.php(67): CodeIgniter\CodeIgniter->run()
CRITICAL - 2025-01-16 02:38:55 --> Undefined property: App\Controllers\Admin::$input
in APPPATH/Controllers/Admin.php on line 1198.
 1 APPPATH/Controllers/Admin.php(1198): CodeIgniter\Debug\Exceptions->errorHandler(2, 'Undefined property: App\\Controllers\\Admin::$input', 'APPPATH/Controllers/Admin.php', 1198)
 2 SYSTEMPATH/CodeIgniter.php(925): App\Controllers\Admin->delete_files()
 3 SYSTEMPATH/CodeIgniter.php(480): CodeIgniter\CodeIgniter->runController(Object(App\Controllers\Admin))
 4 SYSTEMPATH/CodeIgniter.php(349): CodeIgniter\CodeIgniter->handleRequest(null, Object(Config\Cache), false)
 5 FCPATH/index.php(67): CodeIgniter\CodeIgniter->run()
CRITICAL - 2025-01-16 02:54:01 --> Class "App\Controllers\File" not found
in APPPATH/Controllers/Admin.php on line 1219.
 1 SYSTEMPATH/CodeIgniter.php(925): App\Controllers\Admin->delete_files()
 2 SYSTEMPATH/CodeIgniter.php(480): CodeIgniter\CodeIgniter->runController(Object(App\Controllers\Admin))
 3 SYSTEMPATH/CodeIgniter.php(349): CodeIgniter\CodeIgniter->handleRequest(null, Object(Config\Cache), false)
 4 FCPATH/index.php(67): CodeIgniter\CodeIgniter->run()
