CRITICAL - 2025-12-25 04:33:22 --> Undefined property: stdClass::$photo_id
in APPPATH/Views/frontend/dashboard/profile.php on line 76.
 1 APPPATH/Views/frontend/dashboard/profile.php(76): CodeIgniter\Debug\Exceptions->errorHandler(2, 'Undefined property: stdClass::$photo_id', 'APPPATH/Views/frontend/dashboard/profile.php', 76)
 2 SYSTEMPATH/View/View.php(213): include('APPPATH/Views/frontend/dashboard/profile.php')
 3 SYSTEMPATH/View/View.php(216): CodeIgniter\View\View->CodeIgniter\View\{closure}()
 4 SYSTEMPATH/Common.php(1135): CodeIgniter\View\View->render('frontend/dashboard/profile', [], true)
 5 APPPATH/Controllers/Dashboard.php(222): view('frontend/dashboard/profile')
 6 SYSTEMPATH/CodeIgniter.php(925): App\Controllers\Dashboard->profile()
 7 SYSTEMPATH/CodeIgniter.php(480): CodeIgniter\CodeIgniter->runController(Object(App\Controllers\Dashboard))
 8 SYSTEMPATH/CodeIgniter.php(349): CodeIgniter\CodeIgniter->handleRequest(null, Object(Config\Cache), false)
 9 FCPATH/index.php(67): CodeIgniter\CodeIgniter->run()
CRITICAL - 2025-12-25 05:05:50 --> Attempt to read property "religion_id" on null
in APPPATH/Controllers/Home.php on line 132.
 1 APPPATH/Controllers/Home.php(132): CodeIgniter\Debug\Exceptions->errorHandler(2, 'Attempt to read property "religion_id" on null', 'APPPATH/Controllers/Home.php', 132)
 2 SYSTEMPATH/CodeIgniter.php(925): App\Controllers\Home->profile_details('images', 'icon', 'pro-city.png')
 3 SYSTEMPATH/CodeIgniter.php(480): CodeIgniter\CodeIgniter->runController(Object(App\Controllers\Home))
 4 SYSTEMPATH/CodeIgniter.php(349): CodeIgniter\CodeIgniter->handleRequest(null, Object(Config\Cache), false)
 5 FCPATH/index.php(67): CodeIgniter\CodeIgniter->run()
CRITICAL - 2025-12-25 05:05:50 --> Attempt to read property "religion_id" on null
in APPPATH/Controllers/Home.php on line 132.
 1 APPPATH/Controllers/Home.php(132): CodeIgniter\Debug\Exceptions->errorHandler(2, 'Attempt to read property "religion_id" on null', 'APPPATH/Controllers/Home.php', 132)
 2 SYSTEMPATH/CodeIgniter.php(925): App\Controllers\Home->profile_details('images', 'icon', 'pro-age.png')
 3 SYSTEMPATH/CodeIgniter.php(480): CodeIgniter\CodeIgniter->runController(Object(App\Controllers\Home))
 4 SYSTEMPATH/CodeIgniter.php(349): CodeIgniter\CodeIgniter->handleRequest(null, Object(Config\Cache), false)
 5 FCPATH/index.php(67): CodeIgniter\CodeIgniter->run()
CRITICAL - 2025-12-25 05:59:59 --> Undefined variable $hobbies
in APPPATH/Views/frontend/dashboard/profile.php on line 1100.
 1 APPPATH/Views/frontend/dashboard/profile.php(1100): CodeIgniter\Debug\Exceptions->errorHandler(2, 'Undefined variable $hobbies', 'APPPATH/Views/frontend/dashboard/profile.php', 1100)
 2 SYSTEMPATH/View/View.php(213): include('APPPATH/Views/frontend/dashboard/profile.php')
 3 SYSTEMPATH/View/View.php(216): CodeIgniter\View\View->CodeIgniter\View\{closure}()
 4 SYSTEMPATH/Common.php(1135): CodeIgniter\View\View->render('frontend/dashboard/profile', [], true)
 5 APPPATH/Controllers/Dashboard.php(227): view('frontend/dashboard/profile')
 6 SYSTEMPATH/CodeIgniter.php(925): App\Controllers\Dashboard->profile()
 7 SYSTEMPATH/CodeIgniter.php(480): CodeIgniter\CodeIgniter->runController(Object(App\Controllers\Dashboard))
 8 SYSTEMPATH/CodeIgniter.php(349): CodeIgniter\CodeIgniter->handleRequest(null, Object(Config\Cache), false)
 9 FCPATH/index.php(67): CodeIgniter\CodeIgniter->run()
CRITICAL - 2025-12-25 06:22:27 --> Undefined variable $hobbies
in APPPATH/Views/frontend/dashboard/profile.php on line 21.
 1 APPPATH/Views/frontend/dashboard/profile.php(21): CodeIgniter\Debug\Exceptions->errorHandler(2, 'Undefined variable $hobbies', 'APPPATH/Views/frontend/dashboard/profile.php', 21)
 2 SYSTEMPATH/View/View.php(213): include('APPPATH/Views/frontend/dashboard/profile.php')
 3 SYSTEMPATH/View/View.php(216): CodeIgniter\View\View->CodeIgniter\View\{closure}()
 4 SYSTEMPATH/Common.php(1135): CodeIgniter\View\View->render('frontend/dashboard/profile', [], true)
 5 APPPATH/Controllers/Dashboard.php(227): view('frontend/dashboard/profile')
 6 SYSTEMPATH/CodeIgniter.php(925): App\Controllers\Dashboard->profile()
 7 SYSTEMPATH/CodeIgniter.php(480): CodeIgniter\CodeIgniter->runController(Object(App\Controllers\Dashboard))
 8 SYSTEMPATH/CodeIgniter.php(349): CodeIgniter\CodeIgniter->handleRequest(null, Object(Config\Cache), false)
 9 FCPATH/index.php(67): CodeIgniter\CodeIgniter->run()
