CRITICAL - 2024-10-11 01:29:24 --> Attempt to read property "property_meta_title" on null
in APPPATH/Controllers/Home.php on line 200.
 1 APPPATH/Controllers/Home.php(200): CodeIgniter\Debug\Exceptions->errorHandler(2, 'Attempt to read property "property_meta_title" on null', 'APPPATH/Controllers/Home.php', 200)
 2 SYSTEMPATH/CodeIgniter.php(925): App\Controllers\Home->property_details('contact.html')
 3 SYSTEMPATH/CodeIgniter.php(480): CodeIgniter\CodeIgniter->runController(Object(App\Controllers\Home))
 4 SYSTEMPATH/CodeIgniter.php(349): CodeIgniter\CodeIgniter->handleRequest(null, Object(Config\Cache), false)
 5 FCPATH/index.php(67): CodeIgniter\CodeIgniter->run()
CRITICAL - 2024-10-11 03:43:56 --> Attempt to read property "property_meta_title" on null
in APPPATH/Controllers/Home.php on line 200.
 1 APPPATH/Controllers/Home.php(200): CodeIgniter\Debug\Exceptions->errorHandler(2, 'Attempt to read property "property_meta_title" on null', 'APPPATH/Controllers/Home.php', 200)
 2 SYSTEMPATH/CodeIgniter.php(925): App\Controllers\Home->property_details('shop.html')
 3 SYSTEMPATH/CodeIgniter.php(480): CodeIgniter\CodeIgniter->runController(Object(App\Controllers\Home))
 4 SYSTEMPATH/CodeIgniter.php(349): CodeIgniter\CodeIgniter->handleRequest(null, Object(Config\Cache), false)
 5 FCPATH/index.php(67): CodeIgniter\CodeIgniter->run()
CRITICAL - 2024-10-11 05:59:25 --> Attempt to read property "property_meta_title" on null
in APPPATH/Controllers/Home.php on line 200.
 1 APPPATH/Controllers/Home.php(200): CodeIgniter\Debug\Exceptions->errorHandler(2, 'Attempt to read property "property_meta_title" on null', 'APPPATH/Controllers/Home.php', 200)
 2 SYSTEMPATH/CodeIgniter.php(925): App\Controllers\Home->property_details('faq.html')
 3 SYSTEMPATH/CodeIgniter.php(480): CodeIgniter\CodeIgniter->runController(Object(App\Controllers\Home))
 4 SYSTEMPATH/CodeIgniter.php(349): CodeIgniter\CodeIgniter->handleRequest(null, Object(Config\Cache), false)
 5 FCPATH/index.php(67): CodeIgniter\CodeIgniter->run()
CRITICAL - 2024-10-11 05:59:52 --> Attempt to read property "property_meta_title" on null
in APPPATH/Controllers/Home.php on line 200.
 1 APPPATH/Controllers/Home.php(200): CodeIgniter\Debug\Exceptions->errorHandler(2, 'Attempt to read property "property_meta_title" on null', 'APPPATH/Controllers/Home.php', 200)
 2 SYSTEMPATH/CodeIgniter.php(925): App\Controllers\Home->property_details('login.html')
 3 SYSTEMPATH/CodeIgniter.php(480): CodeIgniter\CodeIgniter->runController(Object(App\Controllers\Home))
 4 SYSTEMPATH/CodeIgniter.php(349): CodeIgniter\CodeIgniter->handleRequest(null, Object(Config\Cache), false)
 5 FCPATH/index.php(67): CodeIgniter\CodeIgniter->run()
CRITICAL - 2024-10-11 08:14:40 --> Attempt to read property "property_meta_title" on null
in APPPATH/Controllers/Home.php on line 200.
 1 APPPATH/Controllers/Home.php(200): CodeIgniter\Debug\Exceptions->errorHandler(2, 'Attempt to read property "property_meta_title" on null', 'APPPATH/Controllers/Home.php', 200)
 2 SYSTEMPATH/CodeIgniter.php(925): App\Controllers\Home->property_details('shop.html')
 3 SYSTEMPATH/CodeIgniter.php(480): CodeIgniter\CodeIgniter->runController(Object(App\Controllers\Home))
 4 SYSTEMPATH/CodeIgniter.php(349): CodeIgniter\CodeIgniter->handleRequest(null, Object(Config\Cache), false)
 5 FCPATH/index.php(67): CodeIgniter\CodeIgniter->run()
CRITICAL - 2024-10-11 08:15:10 --> Attempt to read property "property_meta_title" on null
in APPPATH/Controllers/Home.php on line 200.
 1 APPPATH/Controllers/Home.php(200): CodeIgniter\Debug\Exceptions->errorHandler(2, 'Attempt to read property "property_meta_title" on null', 'APPPATH/Controllers/Home.php', 200)
 2 SYSTEMPATH/CodeIgniter.php(925): App\Controllers\Home->property_details('faq.html')
 3 SYSTEMPATH/CodeIgniter.php(480): CodeIgniter\CodeIgniter->runController(Object(App\Controllers\Home))
 4 SYSTEMPATH/CodeIgniter.php(349): CodeIgniter\CodeIgniter->handleRequest(null, Object(Config\Cache), false)
 5 FCPATH/index.php(67): CodeIgniter\CodeIgniter->run()
CRITICAL - 2024-10-11 10:30:38 --> Attempt to read property "property_meta_title" on null
in APPPATH/Controllers/Home.php on line 200.
 1 APPPATH/Controllers/Home.php(200): CodeIgniter\Debug\Exceptions->errorHandler(2, 'Attempt to read property "property_meta_title" on null', 'APPPATH/Controllers/Home.php', 200)
 2 SYSTEMPATH/CodeIgniter.php(925): App\Controllers\Home->property_details('contact.html')
 3 SYSTEMPATH/CodeIgniter.php(480): CodeIgniter\CodeIgniter->runController(Object(App\Controllers\Home))
 4 SYSTEMPATH/CodeIgniter.php(349): CodeIgniter\CodeIgniter->handleRequest(null, Object(Config\Cache), false)
 5 FCPATH/index.php(67): CodeIgniter\CodeIgniter->run()
CRITICAL - 2024-10-11 10:31:08 --> Attempt to read property "property_meta_title" on null
in APPPATH/Controllers/Home.php on line 200.
 1 APPPATH/Controllers/Home.php(200): CodeIgniter\Debug\Exceptions->errorHandler(2, 'Attempt to read property "property_meta_title" on null', 'APPPATH/Controllers/Home.php', 200)
 2 SYSTEMPATH/CodeIgniter.php(925): App\Controllers\Home->property_details('faq.html')
 3 SYSTEMPATH/CodeIgniter.php(480): CodeIgniter\CodeIgniter->runController(Object(App\Controllers\Home))
 4 SYSTEMPATH/CodeIgniter.php(349): CodeIgniter\CodeIgniter->handleRequest(null, Object(Config\Cache), false)
 5 FCPATH/index.php(67): CodeIgniter\CodeIgniter->run()
CRITICAL - 2024-10-11 12:49:21 --> Attempt to read property "property_meta_title" on null
in APPPATH/Controllers/Home.php on line 200.
 1 APPPATH/Controllers/Home.php(200): CodeIgniter\Debug\Exceptions->errorHandler(2, 'Attempt to read property "property_meta_title" on null', 'APPPATH/Controllers/Home.php', 200)
 2 SYSTEMPATH/CodeIgniter.php(925): App\Controllers\Home->property_details('faq.html')
 3 SYSTEMPATH/CodeIgniter.php(480): CodeIgniter\CodeIgniter->runController(Object(App\Controllers\Home))
 4 SYSTEMPATH/CodeIgniter.php(349): CodeIgniter\CodeIgniter->handleRequest(null, Object(Config\Cache), false)
 5 FCPATH/index.php(67): CodeIgniter\CodeIgniter->run()
CRITICAL - 2024-10-11 12:49:42 --> Attempt to read property "property_meta_title" on null
in APPPATH/Controllers/Home.php on line 200.
 1 APPPATH/Controllers/Home.php(200): CodeIgniter\Debug\Exceptions->errorHandler(2, 'Attempt to read property "property_meta_title" on null', 'APPPATH/Controllers/Home.php', 200)
 2 SYSTEMPATH/CodeIgniter.php(925): App\Controllers\Home->property_details('terms-conditions.html')
 3 SYSTEMPATH/CodeIgniter.php(480): CodeIgniter\CodeIgniter->runController(Object(App\Controllers\Home))
 4 SYSTEMPATH/CodeIgniter.php(349): CodeIgniter\CodeIgniter->handleRequest(null, Object(Config\Cache), false)
 5 FCPATH/index.php(67): CodeIgniter\CodeIgniter->run()
CRITICAL - 2024-10-11 15:08:05 --> Attempt to read property "property_meta_title" on null
in APPPATH/Controllers/Home.php on line 200.
 1 APPPATH/Controllers/Home.php(200): CodeIgniter\Debug\Exceptions->errorHandler(2, 'Attempt to read property "property_meta_title" on null', 'APPPATH/Controllers/Home.php', 200)
 2 SYSTEMPATH/CodeIgniter.php(925): App\Controllers\Home->property_details('about.html')
 3 SYSTEMPATH/CodeIgniter.php(480): CodeIgniter\CodeIgniter->runController(Object(App\Controllers\Home))
 4 SYSTEMPATH/CodeIgniter.php(349): CodeIgniter\CodeIgniter->handleRequest(null, Object(Config\Cache), false)
 5 FCPATH/index.php(67): CodeIgniter\CodeIgniter->run()
CRITICAL - 2024-10-11 15:09:30 --> Attempt to read property "property_meta_title" on null
in APPPATH/Controllers/Home.php on line 200.
 1 APPPATH/Controllers/Home.php(200): CodeIgniter\Debug\Exceptions->errorHandler(2, 'Attempt to read property "property_meta_title" on null', 'APPPATH/Controllers/Home.php', 200)
 2 SYSTEMPATH/CodeIgniter.php(925): App\Controllers\Home->property_details('property.html')
 3 SYSTEMPATH/CodeIgniter.php(480): CodeIgniter\CodeIgniter->runController(Object(App\Controllers\Home))
 4 SYSTEMPATH/CodeIgniter.php(349): CodeIgniter\CodeIgniter->handleRequest(null, Object(Config\Cache), false)
 5 FCPATH/index.php(67): CodeIgniter\CodeIgniter->run()
CRITICAL - 2024-10-11 17:27:46 --> Attempt to read property "property_meta_title" on null
in APPPATH/Controllers/Home.php on line 200.
 1 APPPATH/Controllers/Home.php(200): CodeIgniter\Debug\Exceptions->errorHandler(2, 'Attempt to read property "property_meta_title" on null', 'APPPATH/Controllers/Home.php', 200)
 2 SYSTEMPATH/CodeIgniter.php(925): App\Controllers\Home->property_details('contact.html')
 3 SYSTEMPATH/CodeIgniter.php(480): CodeIgniter\CodeIgniter->runController(Object(App\Controllers\Home))
 4 SYSTEMPATH/CodeIgniter.php(349): CodeIgniter\CodeIgniter->handleRequest(null, Object(Config\Cache), false)
 5 FCPATH/index.php(67): CodeIgniter\CodeIgniter->run()
CRITICAL - 2024-10-11 17:28:20 --> Attempt to read property "property_meta_title" on null
in APPPATH/Controllers/Home.php on line 200.
 1 APPPATH/Controllers/Home.php(200): CodeIgniter\Debug\Exceptions->errorHandler(2, 'Attempt to read property "property_meta_title" on null', 'APPPATH/Controllers/Home.php', 200)
 2 SYSTEMPATH/CodeIgniter.php(925): App\Controllers\Home->property_details('Privacy-Policy.html')
 3 SYSTEMPATH/CodeIgniter.php(480): CodeIgniter\CodeIgniter->runController(Object(App\Controllers\Home))
 4 SYSTEMPATH/CodeIgniter.php(349): CodeIgniter\CodeIgniter->handleRequest(null, Object(Config\Cache), false)
 5 FCPATH/index.php(67): CodeIgniter\CodeIgniter->run()
CRITICAL - 2024-10-11 17:28:46 --> Attempt to read property "property_meta_title" on null
in APPPATH/Controllers/Home.php on line 200.
 1 APPPATH/Controllers/Home.php(200): CodeIgniter\Debug\Exceptions->errorHandler(2, 'Attempt to read property "property_meta_title" on null', 'APPPATH/Controllers/Home.php', 200)
 2 SYSTEMPATH/CodeIgniter.php(925): App\Controllers\Home->property_details('terms-conditions.html')
 3 SYSTEMPATH/CodeIgniter.php(480): CodeIgniter\CodeIgniter->runController(Object(App\Controllers\Home))
 4 SYSTEMPATH/CodeIgniter.php(349): CodeIgniter\CodeIgniter->handleRequest(null, Object(Config\Cache), false)
 5 FCPATH/index.php(67): CodeIgniter\CodeIgniter->run()
CRITICAL - 2024-10-11 17:28:56 --> Attempt to read property "property_meta_title" on null
in APPPATH/Controllers/Home.php on line 200.
 1 APPPATH/Controllers/Home.php(200): CodeIgniter\Debug\Exceptions->errorHandler(2, 'Attempt to read property "property_meta_title" on null', 'APPPATH/Controllers/Home.php', 200)
 2 SYSTEMPATH/CodeIgniter.php(925): App\Controllers\Home->property_details('property.html')
 3 SYSTEMPATH/CodeIgniter.php(480): CodeIgniter\CodeIgniter->runController(Object(App\Controllers\Home))
 4 SYSTEMPATH/CodeIgniter.php(349): CodeIgniter\CodeIgniter->handleRequest(null, Object(Config\Cache), false)
 5 FCPATH/index.php(67): CodeIgniter\CodeIgniter->run()
CRITICAL - 2024-10-11 19:46:31 --> Attempt to read property "property_meta_title" on null
in APPPATH/Controllers/Home.php on line 200.
 1 APPPATH/Controllers/Home.php(200): CodeIgniter\Debug\Exceptions->errorHandler(2, 'Attempt to read property "property_meta_title" on null', 'APPPATH/Controllers/Home.php', 200)
 2 SYSTEMPATH/CodeIgniter.php(925): App\Controllers\Home->property_details('about.html')
 3 SYSTEMPATH/CodeIgniter.php(480): CodeIgniter\CodeIgniter->runController(Object(App\Controllers\Home))
 4 SYSTEMPATH/CodeIgniter.php(349): CodeIgniter\CodeIgniter->handleRequest(null, Object(Config\Cache), false)
 5 FCPATH/index.php(67): CodeIgniter\CodeIgniter->run()
CRITICAL - 2024-10-11 19:47:23 --> Attempt to read property "property_meta_title" on null
in APPPATH/Controllers/Home.php on line 200.
 1 APPPATH/Controllers/Home.php(200): CodeIgniter\Debug\Exceptions->errorHandler(2, 'Attempt to read property "property_meta_title" on null', 'APPPATH/Controllers/Home.php', 200)
 2 SYSTEMPATH/CodeIgniter.php(925): App\Controllers\Home->property_details('index.html')
 3 SYSTEMPATH/CodeIgniter.php(480): CodeIgniter\CodeIgniter->runController(Object(App\Controllers\Home))
 4 SYSTEMPATH/CodeIgniter.php(349): CodeIgniter\CodeIgniter->handleRequest(null, Object(Config\Cache), false)
 5 FCPATH/index.php(67): CodeIgniter\CodeIgniter->run()
CRITICAL - 2024-10-11 22:07:25 --> Attempt to read property "property_meta_title" on null
in APPPATH/Controllers/Home.php on line 200.
 1 APPPATH/Controllers/Home.php(200): CodeIgniter\Debug\Exceptions->errorHandler(2, 'Attempt to read property "property_meta_title" on null', 'APPPATH/Controllers/Home.php', 200)
 2 SYSTEMPATH/CodeIgniter.php(925): App\Controllers\Home->property_details('faq.html')
 3 SYSTEMPATH/CodeIgniter.php(480): CodeIgniter\CodeIgniter->runController(Object(App\Controllers\Home))
 4 SYSTEMPATH/CodeIgniter.php(349): CodeIgniter\CodeIgniter->handleRequest(null, Object(Config\Cache), false)
 5 FCPATH/index.php(67): CodeIgniter\CodeIgniter->run()
CRITICAL - 2024-10-11 22:07:45 --> Attempt to read property "property_meta_title" on null
in APPPATH/Controllers/Home.php on line 200.
 1 APPPATH/Controllers/Home.php(200): CodeIgniter\Debug\Exceptions->errorHandler(2, 'Attempt to read property "property_meta_title" on null', 'APPPATH/Controllers/Home.php', 200)
 2 SYSTEMPATH/CodeIgniter.php(925): App\Controllers\Home->property_details('login.html')
 3 SYSTEMPATH/CodeIgniter.php(480): CodeIgniter\CodeIgniter->runController(Object(App\Controllers\Home))
 4 SYSTEMPATH/CodeIgniter.php(349): CodeIgniter\CodeIgniter->handleRequest(null, Object(Config\Cache), false)
 5 FCPATH/index.php(67): CodeIgniter\CodeIgniter->run()
CRITICAL - 2024-10-11 22:08:20 --> Attempt to read property "property_meta_title" on null
in APPPATH/Controllers/Home.php on line 200.
 1 APPPATH/Controllers/Home.php(200): CodeIgniter\Debug\Exceptions->errorHandler(2, 'Attempt to read property "property_meta_title" on null', 'APPPATH/Controllers/Home.php', 200)
 2 SYSTEMPATH/CodeIgniter.php(925): App\Controllers\Home->property_details('terms-conditions.html')
 3 SYSTEMPATH/CodeIgniter.php(480): CodeIgniter\CodeIgniter->runController(Object(App\Controllers\Home))
 4 SYSTEMPATH/CodeIgniter.php(349): CodeIgniter\CodeIgniter->handleRequest(null, Object(Config\Cache), false)
 5 FCPATH/index.php(67): CodeIgniter\CodeIgniter->run()
