CRITICAL - 2024-10-09 14:58:37 --> Attempt to read property "property_meta_title" on null
in APPPATH/Controllers/Home.php on line 200.
 1 APPPATH/Controllers/Home.php(200): CodeIgniter\Debug\Exceptions->errorHandler(2, 'Attempt to read property "property_meta_title" on null', 'APPPATH/Controllers/Home.php', 200)
 2 SYSTEMPATH/CodeIgniter.php(925): App\Controllers\Home->property_details('login.html')
 3 SYSTEMPATH/CodeIgniter.php(480): CodeIgniter\CodeIgniter->runController(Object(App\Controllers\Home))
 4 SYSTEMPATH/CodeIgniter.php(349): CodeIgniter\CodeIgniter->handleRequest(null, Object(Config\Cache), false)
 5 FCPATH/index.php(67): CodeIgniter\CodeIgniter->run()
CRITICAL - 2024-10-09 19:06:59 --> Attempt to read property "property_meta_title" on null
in APPPATH/Controllers/Home.php on line 200.
 1 APPPATH/Controllers/Home.php(200): CodeIgniter\Debug\Exceptions->errorHandler(2, 'Attempt to read property "property_meta_title" on null', 'APPPATH/Controllers/Home.php', 200)
 2 SYSTEMPATH/CodeIgniter.php(925): App\Controllers\Home->property_details('terms-conditions.html')
 3 SYSTEMPATH/CodeIgniter.php(480): CodeIgniter\CodeIgniter->runController(Object(App\Controllers\Home))
 4 SYSTEMPATH/CodeIgniter.php(349): CodeIgniter\CodeIgniter->handleRequest(null, Object(Config\Cache), false)
 5 FCPATH/index.php(67): CodeIgniter\CodeIgniter->run()
CRITICAL - 2024-10-09 21:12:33 --> Attempt to read property "property_meta_title" on null
in APPPATH/Controllers/Home.php on line 200.
 1 APPPATH/Controllers/Home.php(200): CodeIgniter\Debug\Exceptions->errorHandler(2, 'Attempt to read property "property_meta_title" on null', 'APPPATH/Controllers/Home.php', 200)
 2 SYSTEMPATH/CodeIgniter.php(925): App\Controllers\Home->property_details('shop.html')
 3 SYSTEMPATH/CodeIgniter.php(480): CodeIgniter\CodeIgniter->runController(Object(App\Controllers\Home))
 4 SYSTEMPATH/CodeIgniter.php(349): CodeIgniter\CodeIgniter->handleRequest(null, Object(Config\Cache), false)
 5 FCPATH/index.php(67): CodeIgniter\CodeIgniter->run()
CRITICAL - 2024-10-09 21:13:14 --> Attempt to read property "property_meta_title" on null
in APPPATH/Controllers/Home.php on line 200.
 1 APPPATH/Controllers/Home.php(200): CodeIgniter\Debug\Exceptions->errorHandler(2, 'Attempt to read property "property_meta_title" on null', 'APPPATH/Controllers/Home.php', 200)
 2 SYSTEMPATH/CodeIgniter.php(925): App\Controllers\Home->property_details('contact.html')
 3 SYSTEMPATH/CodeIgniter.php(480): CodeIgniter\CodeIgniter->runController(Object(App\Controllers\Home))
 4 SYSTEMPATH/CodeIgniter.php(349): CodeIgniter\CodeIgniter->handleRequest(null, Object(Config\Cache), false)
 5 FCPATH/index.php(67): CodeIgniter\CodeIgniter->run()
CRITICAL - 2024-10-09 21:13:47 --> Attempt to read property "property_meta_title" on null
in APPPATH/Controllers/Home.php on line 200.
 1 APPPATH/Controllers/Home.php(200): CodeIgniter\Debug\Exceptions->errorHandler(2, 'Attempt to read property "property_meta_title" on null', 'APPPATH/Controllers/Home.php', 200)
 2 SYSTEMPATH/CodeIgniter.php(925): App\Controllers\Home->property_details('index.html')
 3 SYSTEMPATH/CodeIgniter.php(480): CodeIgniter\CodeIgniter->runController(Object(App\Controllers\Home))
 4 SYSTEMPATH/CodeIgniter.php(349): CodeIgniter\CodeIgniter->handleRequest(null, Object(Config\Cache), false)
 5 FCPATH/index.php(67): CodeIgniter\CodeIgniter->run()
CRITICAL - 2024-10-09 23:17:19 --> Attempt to read property "property_meta_title" on null
in APPPATH/Controllers/Home.php on line 200.
 1 APPPATH/Controllers/Home.php(200): CodeIgniter\Debug\Exceptions->errorHandler(2, 'Attempt to read property "property_meta_title" on null', 'APPPATH/Controllers/Home.php', 200)
 2 SYSTEMPATH/CodeIgniter.php(925): App\Controllers\Home->property_details('shop.html')
 3 SYSTEMPATH/CodeIgniter.php(480): CodeIgniter\CodeIgniter->runController(Object(App\Controllers\Home))
 4 SYSTEMPATH/CodeIgniter.php(349): CodeIgniter\CodeIgniter->handleRequest(null, Object(Config\Cache), false)
 5 FCPATH/index.php(67): CodeIgniter\CodeIgniter->run()
CRITICAL - 2024-10-09 23:17:48 --> Attempt to read property "property_meta_title" on null
in APPPATH/Controllers/Home.php on line 200.
 1 APPPATH/Controllers/Home.php(200): CodeIgniter\Debug\Exceptions->errorHandler(2, 'Attempt to read property "property_meta_title" on null', 'APPPATH/Controllers/Home.php', 200)
 2 SYSTEMPATH/CodeIgniter.php(925): App\Controllers\Home->property_details('contact.html')
 3 SYSTEMPATH/CodeIgniter.php(480): CodeIgniter\CodeIgniter->runController(Object(App\Controllers\Home))
 4 SYSTEMPATH/CodeIgniter.php(349): CodeIgniter\CodeIgniter->handleRequest(null, Object(Config\Cache), false)
 5 FCPATH/index.php(67): CodeIgniter\CodeIgniter->run()
CRITICAL - 2024-10-09 23:18:12 --> Attempt to read property "property_meta_title" on null
in APPPATH/Controllers/Home.php on line 200.
 1 APPPATH/Controllers/Home.php(200): CodeIgniter\Debug\Exceptions->errorHandler(2, 'Attempt to read property "property_meta_title" on null', 'APPPATH/Controllers/Home.php', 200)
 2 SYSTEMPATH/CodeIgniter.php(925): App\Controllers\Home->property_details('faq.html')
 3 SYSTEMPATH/CodeIgniter.php(480): CodeIgniter\CodeIgniter->runController(Object(App\Controllers\Home))
 4 SYSTEMPATH/CodeIgniter.php(349): CodeIgniter\CodeIgniter->handleRequest(null, Object(Config\Cache), false)
 5 FCPATH/index.php(67): CodeIgniter\CodeIgniter->run()
CRITICAL - 2024-10-09 23:18:51 --> Attempt to read property "property_meta_title" on null
in APPPATH/Controllers/Home.php on line 200.
 1 APPPATH/Controllers/Home.php(200): CodeIgniter\Debug\Exceptions->errorHandler(2, 'Attempt to read property "property_meta_title" on null', 'APPPATH/Controllers/Home.php', 200)
 2 SYSTEMPATH/CodeIgniter.php(925): App\Controllers\Home->property_details('login.html')
 3 SYSTEMPATH/CodeIgniter.php(480): CodeIgniter\CodeIgniter->runController(Object(App\Controllers\Home))
 4 SYSTEMPATH/CodeIgniter.php(349): CodeIgniter\CodeIgniter->handleRequest(null, Object(Config\Cache), false)
 5 FCPATH/index.php(67): CodeIgniter\CodeIgniter->run()
