CRITICAL - 2026-01-29 23:17:20 --> Attempt to read property "family_income" on null
in APPPATH/Views/frontend/dashboard/profile.php on line 936.
 1 APPPATH/Views/frontend/dashboard/profile.php(936): CodeIgniter\Debug\Exceptions->errorHandler(2, 'Attempt to read property "family_income" on null', 'APPPATH/Views/frontend/dashboard/profile.php', 936)
 2 SYSTEMPATH/View/View.php(213): include('APPPATH/Views/frontend/dashboard/profile.php')
 3 SYSTEMPATH/View/View.php(216): CodeIgniter\View\View->CodeIgniter\View\{closure}()
 4 SYSTEMPATH/Common.php(1135): CodeIgniter\View\View->render('frontend/dashboard/profile', [], true)
 5 APPPATH/Controllers/Dashboard.php(227): view('frontend/dashboard/profile')
 6 SYSTEMPATH/CodeIgniter.php(925): App\Controllers\Dashboard->profile()
 7 SYSTEMPATH/CodeIgniter.php(480): CodeIgniter\CodeIgniter->runController(Object(App\Controllers\Dashboard))
 8 SYSTEMPATH/CodeIgniter.php(349): CodeIgniter\CodeIgniter->handleRequest(null, Object(Config\Cache), false)
 9 FCPATH/index.php(67): CodeIgniter\CodeIgniter->run()
CRITICAL - 2026-01-29 23:17:25 --> Attempt to read property "family_income" on null
in APPPATH/Views/frontend/dashboard/profile.php on line 936.
 1 APPPATH/Views/frontend/dashboard/profile.php(936): CodeIgniter\Debug\Exceptions->errorHandler(2, 'Attempt to read property "family_income" on null', 'APPPATH/Views/frontend/dashboard/profile.php', 936)
 2 SYSTEMPATH/View/View.php(213): include('APPPATH/Views/frontend/dashboard/profile.php')
 3 SYSTEMPATH/View/View.php(216): CodeIgniter\View\View->CodeIgniter\View\{closure}()
 4 SYSTEMPATH/Common.php(1135): CodeIgniter\View\View->render('frontend/dashboard/profile', [], true)
 5 APPPATH/Controllers/Dashboard.php(227): view('frontend/dashboard/profile')
 6 SYSTEMPATH/CodeIgniter.php(925): App\Controllers\Dashboard->profile()
 7 SYSTEMPATH/CodeIgniter.php(480): CodeIgniter\CodeIgniter->runController(Object(App\Controllers\Dashboard))
 8 SYSTEMPATH/CodeIgniter.php(349): CodeIgniter\CodeIgniter->handleRequest(null, Object(Config\Cache), false)
 9 FCPATH/index.php(67): CodeIgniter\CodeIgniter->run()
