CRITICAL - 2024-06-07 06:10:36 --> Undefined variable $commanmodel
in APPPATH/Controllers/Home.php on line 10.
 1 APPPATH/Controllers/Home.php(10): CodeIgniter\Debug\Exceptions->errorHandler(2, 'Undefined variable $commanmodel', 'APPPATH/Controllers/Home.php', 10)
 2 SYSTEMPATH/CodeIgniter.php(925): App\Controllers\Home->index()
 3 SYSTEMPATH/CodeIgniter.php(480): CodeIgniter\CodeIgniter->runController(Object(App\Controllers\Home))
 4 SYSTEMPATH/CodeIgniter.php(349): CodeIgniter\CodeIgniter->handleRequest(null, Object(Config\Cache), false)
 5 FCPATH/index.php(67): CodeIgniter\CodeIgniter->run()
CRITICAL - 2024-06-07 07:38:50 --> Attempt to read property "meta_title" on null
in APPPATH/Controllers/Home.php on line 68.
 1 APPPATH/Controllers/Home.php(68): CodeIgniter\Debug\Exceptions->errorHandler(2, 'Attempt to read property "meta_title" on null', 'APPPATH/Controllers/Home.php', 68)
 2 SYSTEMPATH/CodeIgniter.php(925): App\Controllers\Home->blog_detail('FCPATH/assets', 'img', 'others', 'breadcrumb_shape02.svg')
 3 SYSTEMPATH/CodeIgniter.php(480): CodeIgniter\CodeIgniter->runController(Object(App\Controllers\Home))
 4 SYSTEMPATH/CodeIgniter.php(349): CodeIgniter\CodeIgniter->handleRequest(null, Object(Config\Cache), false)
 5 FCPATH/index.php(67): CodeIgniter\CodeIgniter->run()
CRITICAL - 2024-06-07 07:38:50 --> Attempt to read property "meta_title" on null
in APPPATH/Controllers/Home.php on line 68.
 1 APPPATH/Controllers/Home.php(68): CodeIgniter\Debug\Exceptions->errorHandler(2, 'Attempt to read property "meta_title" on null', 'APPPATH/Controllers/Home.php', 68)
 2 SYSTEMPATH/CodeIgniter.php(925): App\Controllers\Home->blog_detail('FCPATH/assets', 'img', 'others', 'breadcrumb_shape01.svg')
 3 SYSTEMPATH/CodeIgniter.php(480): CodeIgniter\CodeIgniter->runController(Object(App\Controllers\Home))
 4 SYSTEMPATH/CodeIgniter.php(349): CodeIgniter\CodeIgniter->handleRequest(null, Object(Config\Cache), false)
 5 FCPATH/index.php(67): CodeIgniter\CodeIgniter->run()
CRITICAL - 2024-06-07 07:38:50 --> Attempt to read property "meta_title" on null
in APPPATH/Controllers/Home.php on line 68.
 1 APPPATH/Controllers/Home.php(68): CodeIgniter\Debug\Exceptions->errorHandler(2, 'Attempt to read property "meta_title" on null', 'APPPATH/Controllers/Home.php', 68)
 2 SYSTEMPATH/CodeIgniter.php(925): App\Controllers\Home->blog_detail('FCPATH/assets', 'img', 'others', 'breadcrumb_shape03.svg')
 3 SYSTEMPATH/CodeIgniter.php(480): CodeIgniter\CodeIgniter->runController(Object(App\Controllers\Home))
 4 SYSTEMPATH/CodeIgniter.php(349): CodeIgniter\CodeIgniter->handleRequest(null, Object(Config\Cache), false)
 5 FCPATH/index.php(67): CodeIgniter\CodeIgniter->run()
CRITICAL - 2024-06-07 07:38:50 --> Attempt to read property "meta_title" on null
in APPPATH/Controllers/Home.php on line 68.
 1 APPPATH/Controllers/Home.php(68): CodeIgniter\Debug\Exceptions->errorHandler(2, 'Attempt to read property "meta_title" on null', 'APPPATH/Controllers/Home.php', 68)
 2 SYSTEMPATH/CodeIgniter.php(925): App\Controllers\Home->blog_detail('FCPATH/assets', 'img', 'others', 'breadcrumb_shape05.svg')
 3 SYSTEMPATH/CodeIgniter.php(480): CodeIgniter\CodeIgniter->runController(Object(App\Controllers\Home))
 4 SYSTEMPATH/CodeIgniter.php(349): CodeIgniter\CodeIgniter->handleRequest(null, Object(Config\Cache), false)
 5 FCPATH/index.php(67): CodeIgniter\CodeIgniter->run()
CRITICAL - 2024-06-07 07:38:50 --> Attempt to read property "meta_title" on null
in APPPATH/Controllers/Home.php on line 68.
 1 APPPATH/Controllers/Home.php(68): CodeIgniter\Debug\Exceptions->errorHandler(2, 'Attempt to read property "meta_title" on null', 'APPPATH/Controllers/Home.php', 68)
 2 SYSTEMPATH/CodeIgniter.php(925): App\Controllers\Home->blog_detail('FCPATH/assets', 'img', 'icons', 'right_arrow.svg')
 3 SYSTEMPATH/CodeIgniter.php(480): CodeIgniter\CodeIgniter->runController(Object(App\Controllers\Home))
 4 SYSTEMPATH/CodeIgniter.php(349): CodeIgniter\CodeIgniter->handleRequest(null, Object(Config\Cache), false)
 5 FCPATH/index.php(67): CodeIgniter\CodeIgniter->run()
CRITICAL - 2024-06-07 07:38:50 --> Attempt to read property "meta_title" on null
in APPPATH/Controllers/Home.php on line 68.
 1 APPPATH/Controllers/Home.php(68): CodeIgniter\Debug\Exceptions->errorHandler(2, 'Attempt to read property "meta_title" on null', 'APPPATH/Controllers/Home.php', 68)
 2 SYSTEMPATH/CodeIgniter.php(925): App\Controllers\Home->blog_detail('FCPATH/assets', 'img', 'blog', 'comment01.png')
 3 SYSTEMPATH/CodeIgniter.php(480): CodeIgniter\CodeIgniter->runController(Object(App\Controllers\Home))
 4 SYSTEMPATH/CodeIgniter.php(349): CodeIgniter\CodeIgniter->handleRequest(null, Object(Config\Cache), false)
 5 FCPATH/index.php(67): CodeIgniter\CodeIgniter->run()
CRITICAL - 2024-06-07 07:38:50 --> Attempt to read property "meta_title" on null
in APPPATH/Controllers/Home.php on line 68.
 1 APPPATH/Controllers/Home.php(68): CodeIgniter\Debug\Exceptions->errorHandler(2, 'Attempt to read property "meta_title" on null', 'APPPATH/Controllers/Home.php', 68)
 2 SYSTEMPATH/CodeIgniter.php(925): App\Controllers\Home->blog_detail('FCPATH/assets', 'img', 'blog', 'latest_post02.jpg')
 3 SYSTEMPATH/CodeIgniter.php(480): CodeIgniter\CodeIgniter->runController(Object(App\Controllers\Home))
 4 SYSTEMPATH/CodeIgniter.php(349): CodeIgniter\CodeIgniter->handleRequest(null, Object(Config\Cache), false)
 5 FCPATH/index.php(67): CodeIgniter\CodeIgniter->run()
CRITICAL - 2024-06-07 07:38:50 --> Attempt to read property "meta_title" on null
in APPPATH/Controllers/Home.php on line 68.
 1 APPPATH/Controllers/Home.php(68): CodeIgniter\Debug\Exceptions->errorHandler(2, 'Attempt to read property "meta_title" on null', 'APPPATH/Controllers/Home.php', 68)
 2 SYSTEMPATH/CodeIgniter.php(925): App\Controllers\Home->blog_detail('FCPATH/assets', 'img', 'blog', 'author.png')
 3 SYSTEMPATH/CodeIgniter.php(480): CodeIgniter\CodeIgniter->runController(Object(App\Controllers\Home))
 4 SYSTEMPATH/CodeIgniter.php(349): CodeIgniter\CodeIgniter->handleRequest(null, Object(Config\Cache), false)
 5 FCPATH/index.php(67): CodeIgniter\CodeIgniter->run()
CRITICAL - 2024-06-07 07:38:50 --> Attempt to read property "meta_title" on null
in APPPATH/Controllers/Home.php on line 68.
 1 APPPATH/Controllers/Home.php(68): CodeIgniter\Debug\Exceptions->errorHandler(2, 'Attempt to read property "meta_title" on null', 'APPPATH/Controllers/Home.php', 68)
 2 SYSTEMPATH/CodeIgniter.php(925): App\Controllers\Home->blog_detail('FCPATH/assets', 'img', 'blog', 'latest_post01.jpg')
 3 SYSTEMPATH/CodeIgniter.php(480): CodeIgniter\CodeIgniter->runController(Object(App\Controllers\Home))
 4 SYSTEMPATH/CodeIgniter.php(349): CodeIgniter\CodeIgniter->handleRequest(null, Object(Config\Cache), false)
 5 FCPATH/index.php(67): CodeIgniter\CodeIgniter->run()
CRITICAL - 2024-06-07 07:38:50 --> Attempt to read property "meta_title" on null
in APPPATH/Controllers/Home.php on line 68.
 1 APPPATH/Controllers/Home.php(68): CodeIgniter\Debug\Exceptions->errorHandler(2, 'Attempt to read property "meta_title" on null', 'APPPATH/Controllers/Home.php', 68)
 2 SYSTEMPATH/CodeIgniter.php(925): App\Controllers\Home->blog_detail('FCPATH/assets', 'img', 'others', 'breadcrumb_shape04.svg')
 3 SYSTEMPATH/CodeIgniter.php(480): CodeIgniter\CodeIgniter->runController(Object(App\Controllers\Home))
 4 SYSTEMPATH/CodeIgniter.php(349): CodeIgniter\CodeIgniter->handleRequest(null, Object(Config\Cache), false)
 5 FCPATH/index.php(67): CodeIgniter\CodeIgniter->run()
CRITICAL - 2024-06-07 07:38:50 --> Attempt to read property "meta_title" on null
in APPPATH/Controllers/Home.php on line 68.
 1 APPPATH/Controllers/Home.php(68): CodeIgniter\Debug\Exceptions->errorHandler(2, 'Attempt to read property "meta_title" on null', 'APPPATH/Controllers/Home.php', 68)
 2 SYSTEMPATH/CodeIgniter.php(925): App\Controllers\Home->blog_detail('FCPATH/assets', 'img', 'blog', 'latest_post04.jpg')
 3 SYSTEMPATH/CodeIgniter.php(480): CodeIgniter\CodeIgniter->runController(Object(App\Controllers\Home))
 4 SYSTEMPATH/CodeIgniter.php(349): CodeIgniter\CodeIgniter->handleRequest(null, Object(Config\Cache), false)
 5 FCPATH/index.php(67): CodeIgniter\CodeIgniter->run()
CRITICAL - 2024-06-07 07:38:50 --> Attempt to read property "meta_title" on null
in APPPATH/Controllers/Home.php on line 68.
 1 APPPATH/Controllers/Home.php(68): CodeIgniter\Debug\Exceptions->errorHandler(2, 'Attempt to read property "meta_title" on null', 'APPPATH/Controllers/Home.php', 68)
 2 SYSTEMPATH/CodeIgniter.php(925): App\Controllers\Home->blog_detail('FCPATH/assets', 'img', 'blog', 'comment02.png')
 3 SYSTEMPATH/CodeIgniter.php(480): CodeIgniter\CodeIgniter->runController(Object(App\Controllers\Home))
 4 SYSTEMPATH/CodeIgniter.php(349): CodeIgniter\CodeIgniter->handleRequest(null, Object(Config\Cache), false)
 5 FCPATH/index.php(67): CodeIgniter\CodeIgniter->run()
CRITICAL - 2024-06-07 07:38:50 --> Attempt to read property "meta_title" on null
in APPPATH/Controllers/Home.php on line 68.
 1 APPPATH/Controllers/Home.php(68): CodeIgniter\Debug\Exceptions->errorHandler(2, 'Attempt to read property "meta_title" on null', 'APPPATH/Controllers/Home.php', 68)
 2 SYSTEMPATH/CodeIgniter.php(925): App\Controllers\Home->blog_detail('FCPATH/assets', 'img', 'blog', 'latest_post03.jpg')
 3 SYSTEMPATH/CodeIgniter.php(480): CodeIgniter\CodeIgniter->runController(Object(App\Controllers\Home))
 4 SYSTEMPATH/CodeIgniter.php(349): CodeIgniter\CodeIgniter->handleRequest(null, Object(Config\Cache), false)
 5 FCPATH/index.php(67): CodeIgniter\CodeIgniter->run()
CRITICAL - 2024-06-07 07:38:50 --> Attempt to read property "meta_title" on null
in APPPATH/Controllers/Home.php on line 68.
 1 APPPATH/Controllers/Home.php(68): CodeIgniter\Debug\Exceptions->errorHandler(2, 'Attempt to read property "meta_title" on null', 'APPPATH/Controllers/Home.php', 68)
 2 SYSTEMPATH/CodeIgniter.php(925): App\Controllers\Home->blog_detail('FCPATH/assets', 'img', 'blog', 'blog_details.jpg')
 3 SYSTEMPATH/CodeIgniter.php(480): CodeIgniter\CodeIgniter->runController(Object(App\Controllers\Home))
 4 SYSTEMPATH/CodeIgniter.php(349): CodeIgniter\CodeIgniter->handleRequest(null, Object(Config\Cache), false)
 5 FCPATH/index.php(67): CodeIgniter\CodeIgniter->run()
CRITICAL - 2024-06-07 07:38:50 --> Attempt to read property "meta_title" on null
in APPPATH/Controllers/Home.php on line 68.
 1 APPPATH/Controllers/Home.php(68): CodeIgniter\Debug\Exceptions->errorHandler(2, 'Attempt to read property "meta_title" on null', 'APPPATH/Controllers/Home.php', 68)
 2 SYSTEMPATH/CodeIgniter.php(925): App\Controllers\Home->blog_detail('FCPATH/assets', 'img', 'bg', 'breadcrumb_bg.jpg')
 3 SYSTEMPATH/CodeIgniter.php(480): CodeIgniter\CodeIgniter->runController(Object(App\Controllers\Home))
 4 SYSTEMPATH/CodeIgniter.php(349): CodeIgniter\CodeIgniter->handleRequest(null, Object(Config\Cache), false)
 5 FCPATH/index.php(67): CodeIgniter\CodeIgniter->run()
CRITICAL - 2024-06-07 07:38:50 --> Attempt to read property "meta_title" on null
in APPPATH/Controllers/Home.php on line 68.
 1 APPPATH/Controllers/Home.php(68): CodeIgniter\Debug\Exceptions->errorHandler(2, 'Attempt to read property "meta_title" on null', 'APPPATH/Controllers/Home.php', 68)
 2 SYSTEMPATH/CodeIgniter.php(925): App\Controllers\Home->blog_detail('FCPATH/assets', 'img', 'icons', 'right_arrow.svg')
 3 SYSTEMPATH/CodeIgniter.php(480): CodeIgniter\CodeIgniter->runController(Object(App\Controllers\Home))
 4 SYSTEMPATH/CodeIgniter.php(349): CodeIgniter\CodeIgniter->handleRequest(null, Object(Config\Cache), false)
 5 FCPATH/index.php(67): CodeIgniter\CodeIgniter->run()
CRITICAL - 2024-06-07 07:44:44 --> Attempt to read property "meta_title" on null
in APPPATH/Controllers/Home.php on line 68.
 1 APPPATH/Controllers/Home.php(68): CodeIgniter\Debug\Exceptions->errorHandler(2, 'Attempt to read property "meta_title" on null', 'APPPATH/Controllers/Home.php', 68)
 2 SYSTEMPATH/CodeIgniter.php(925): App\Controllers\Home->blog_detail('FCPATH/assets', 'img', 'blog', 'author.png')
 3 SYSTEMPATH/CodeIgniter.php(480): CodeIgniter\CodeIgniter->runController(Object(App\Controllers\Home))
 4 SYSTEMPATH/CodeIgniter.php(349): CodeIgniter\CodeIgniter->handleRequest(null, Object(Config\Cache), false)
 5 FCPATH/index.php(67): CodeIgniter\CodeIgniter->run()
CRITICAL - 2024-06-07 07:44:44 --> Attempt to read property "meta_title" on null
in APPPATH/Controllers/Home.php on line 68.
 1 APPPATH/Controllers/Home.php(68): CodeIgniter\Debug\Exceptions->errorHandler(2, 'Attempt to read property "meta_title" on null', 'APPPATH/Controllers/Home.php', 68)
 2 SYSTEMPATH/CodeIgniter.php(925): App\Controllers\Home->blog_detail('FCPATH/assets', 'img', 'blog', 'latest_post01.jpg')
 3 SYSTEMPATH/CodeIgniter.php(480): CodeIgniter\CodeIgniter->runController(Object(App\Controllers\Home))
 4 SYSTEMPATH/CodeIgniter.php(349): CodeIgniter\CodeIgniter->handleRequest(null, Object(Config\Cache), false)
 5 FCPATH/index.php(67): CodeIgniter\CodeIgniter->run()
CRITICAL - 2024-06-07 07:44:44 --> Attempt to read property "meta_title" on null
in APPPATH/Controllers/Home.php on line 68.
 1 APPPATH/Controllers/Home.php(68): CodeIgniter\Debug\Exceptions->errorHandler(2, 'Attempt to read property "meta_title" on null', 'APPPATH/Controllers/Home.php', 68)
 2 SYSTEMPATH/CodeIgniter.php(925): App\Controllers\Home->blog_detail('FCPATH/assets', 'img', 'blog', 'comment01.png')
 3 SYSTEMPATH/CodeIgniter.php(480): CodeIgniter\CodeIgniter->runController(Object(App\Controllers\Home))
 4 SYSTEMPATH/CodeIgniter.php(349): CodeIgniter\CodeIgniter->handleRequest(null, Object(Config\Cache), false)
 5 FCPATH/index.php(67): CodeIgniter\CodeIgniter->run()
CRITICAL - 2024-06-07 07:44:44 --> Attempt to read property "meta_title" on null
in APPPATH/Controllers/Home.php on line 68.
 1 APPPATH/Controllers/Home.php(68): CodeIgniter\Debug\Exceptions->errorHandler(2, 'Attempt to read property "meta_title" on null', 'APPPATH/Controllers/Home.php', 68)
 2 SYSTEMPATH/CodeIgniter.php(925): App\Controllers\Home->blog_detail('FCPATH/assets', 'img', 'icons', 'right_arrow.svg')
 3 SYSTEMPATH/CodeIgniter.php(480): CodeIgniter\CodeIgniter->runController(Object(App\Controllers\Home))
 4 SYSTEMPATH/CodeIgniter.php(349): CodeIgniter\CodeIgniter->handleRequest(null, Object(Config\Cache), false)
 5 FCPATH/index.php(67): CodeIgniter\CodeIgniter->run()
CRITICAL - 2024-06-07 07:44:44 --> Attempt to read property "meta_title" on null
in APPPATH/Controllers/Home.php on line 68.
 1 APPPATH/Controllers/Home.php(68): CodeIgniter\Debug\Exceptions->errorHandler(2, 'Attempt to read property "meta_title" on null', 'APPPATH/Controllers/Home.php', 68)
 2 SYSTEMPATH/CodeIgniter.php(925): App\Controllers\Home->blog_detail('FCPATH/assets', 'img', 'blog', 'latest_post02.jpg')
 3 SYSTEMPATH/CodeIgniter.php(480): CodeIgniter\CodeIgniter->runController(Object(App\Controllers\Home))
 4 SYSTEMPATH/CodeIgniter.php(349): CodeIgniter\CodeIgniter->handleRequest(null, Object(Config\Cache), false)
 5 FCPATH/index.php(67): CodeIgniter\CodeIgniter->run()
CRITICAL - 2024-06-07 07:44:44 --> Attempt to read property "meta_title" on null
in APPPATH/Controllers/Home.php on line 68.
 1 APPPATH/Controllers/Home.php(68): CodeIgniter\Debug\Exceptions->errorHandler(2, 'Attempt to read property "meta_title" on null', 'APPPATH/Controllers/Home.php', 68)
 2 SYSTEMPATH/CodeIgniter.php(925): App\Controllers\Home->blog_detail('FCPATH/assets', 'img', 'blog', 'comment02.png')
 3 SYSTEMPATH/CodeIgniter.php(480): CodeIgniter\CodeIgniter->runController(Object(App\Controllers\Home))
 4 SYSTEMPATH/CodeIgniter.php(349): CodeIgniter\CodeIgniter->handleRequest(null, Object(Config\Cache), false)
 5 FCPATH/index.php(67): CodeIgniter\CodeIgniter->run()
CRITICAL - 2024-06-07 07:44:44 --> Attempt to read property "meta_title" on null
in APPPATH/Controllers/Home.php on line 68.
 1 APPPATH/Controllers/Home.php(68): CodeIgniter\Debug\Exceptions->errorHandler(2, 'Attempt to read property "meta_title" on null', 'APPPATH/Controllers/Home.php', 68)
 2 SYSTEMPATH/CodeIgniter.php(925): App\Controllers\Home->blog_detail('FCPATH/assets', 'img', 'blog', 'latest_post04.jpg')
 3 SYSTEMPATH/CodeIgniter.php(480): CodeIgniter\CodeIgniter->runController(Object(App\Controllers\Home))
 4 SYSTEMPATH/CodeIgniter.php(349): CodeIgniter\CodeIgniter->handleRequest(null, Object(Config\Cache), false)
 5 FCPATH/index.php(67): CodeIgniter\CodeIgniter->run()
CRITICAL - 2024-06-07 07:44:44 --> Attempt to read property "meta_title" on null
in APPPATH/Controllers/Home.php on line 68.
 1 APPPATH/Controllers/Home.php(68): CodeIgniter\Debug\Exceptions->errorHandler(2, 'Attempt to read property "meta_title" on null', 'APPPATH/Controllers/Home.php', 68)
 2 SYSTEMPATH/CodeIgniter.php(925): App\Controllers\Home->blog_detail('FCPATH/assets', 'img', 'blog', 'latest_post03.jpg')
 3 SYSTEMPATH/CodeIgniter.php(480): CodeIgniter\CodeIgniter->runController(Object(App\Controllers\Home))
 4 SYSTEMPATH/CodeIgniter.php(349): CodeIgniter\CodeIgniter->handleRequest(null, Object(Config\Cache), false)
 5 FCPATH/index.php(67): CodeIgniter\CodeIgniter->run()
CRITICAL - 2024-06-07 07:44:44 --> Attempt to read property "meta_title" on null
in APPPATH/Controllers/Home.php on line 68.
 1 APPPATH/Controllers/Home.php(68): CodeIgniter\Debug\Exceptions->errorHandler(2, 'Attempt to read property "meta_title" on null', 'APPPATH/Controllers/Home.php', 68)
 2 SYSTEMPATH/CodeIgniter.php(925): App\Controllers\Home->blog_detail('FCPATH/assets', 'img', 'icons', 'right_arrow.svg')
 3 SYSTEMPATH/CodeIgniter.php(480): CodeIgniter\CodeIgniter->runController(Object(App\Controllers\Home))
 4 SYSTEMPATH/CodeIgniter.php(349): CodeIgniter\CodeIgniter->handleRequest(null, Object(Config\Cache), false)
 5 FCPATH/index.php(67): CodeIgniter\CodeIgniter->run()
CRITICAL - 2024-06-07 07:46:58 --> Attempt to read property "meta_title" on null
in APPPATH/Controllers/Home.php on line 68.
 1 APPPATH/Controllers/Home.php(68): CodeIgniter\Debug\Exceptions->errorHandler(2, 'Attempt to read property "meta_title" on null', 'APPPATH/Controllers/Home.php', 68)
 2 SYSTEMPATH/CodeIgniter.php(925): App\Controllers\Home->blog_detail('FCPATH/assets', 'img', 'blog', 'latest_post02.jpg')
 3 SYSTEMPATH/CodeIgniter.php(480): CodeIgniter\CodeIgniter->runController(Object(App\Controllers\Home))
 4 SYSTEMPATH/CodeIgniter.php(349): CodeIgniter\CodeIgniter->handleRequest(null, Object(Config\Cache), false)
 5 FCPATH/index.php(67): CodeIgniter\CodeIgniter->run()
CRITICAL - 2024-06-07 07:46:58 --> Attempt to read property "meta_title" on null
in APPPATH/Controllers/Home.php on line 68.
 1 APPPATH/Controllers/Home.php(68): CodeIgniter\Debug\Exceptions->errorHandler(2, 'Attempt to read property "meta_title" on null', 'APPPATH/Controllers/Home.php', 68)
 2 SYSTEMPATH/CodeIgniter.php(925): App\Controllers\Home->blog_detail('FCPATH/assets', 'img', 'blog', 'latest_post01.jpg')
 3 SYSTEMPATH/CodeIgniter.php(480): CodeIgniter\CodeIgniter->runController(Object(App\Controllers\Home))
 4 SYSTEMPATH/CodeIgniter.php(349): CodeIgniter\CodeIgniter->handleRequest(null, Object(Config\Cache), false)
 5 FCPATH/index.php(67): CodeIgniter\CodeIgniter->run()
CRITICAL - 2024-06-07 07:46:58 --> Attempt to read property "meta_title" on null
in APPPATH/Controllers/Home.php on line 68.
 1 APPPATH/Controllers/Home.php(68): CodeIgniter\Debug\Exceptions->errorHandler(2, 'Attempt to read property "meta_title" on null', 'APPPATH/Controllers/Home.php', 68)
 2 SYSTEMPATH/CodeIgniter.php(925): App\Controllers\Home->blog_detail('FCPATH/assets', 'img', 'blog', 'latest_post03.jpg')
 3 SYSTEMPATH/CodeIgniter.php(480): CodeIgniter\CodeIgniter->runController(Object(App\Controllers\Home))
 4 SYSTEMPATH/CodeIgniter.php(349): CodeIgniter\CodeIgniter->handleRequest(null, Object(Config\Cache), false)
 5 FCPATH/index.php(67): CodeIgniter\CodeIgniter->run()
CRITICAL - 2024-06-07 07:46:58 --> Attempt to read property "meta_title" on null
in APPPATH/Controllers/Home.php on line 68.
 1 APPPATH/Controllers/Home.php(68): CodeIgniter\Debug\Exceptions->errorHandler(2, 'Attempt to read property "meta_title" on null', 'APPPATH/Controllers/Home.php', 68)
 2 SYSTEMPATH/CodeIgniter.php(925): App\Controllers\Home->blog_detail('FCPATH/assets', 'img', 'blog', 'latest_post04.jpg')
 3 SYSTEMPATH/CodeIgniter.php(480): CodeIgniter\CodeIgniter->runController(Object(App\Controllers\Home))
 4 SYSTEMPATH/CodeIgniter.php(349): CodeIgniter\CodeIgniter->handleRequest(null, Object(Config\Cache), false)
 5 FCPATH/index.php(67): CodeIgniter\CodeIgniter->run()
CRITICAL - 2024-06-07 07:47:59 --> Undefined variable $newblog
in APPPATH/Views/frontend/blog_detail.php on line 145.
 1 APPPATH/Views/frontend/blog_detail.php(145): CodeIgniter\Debug\Exceptions->errorHandler(2, 'Undefined variable $newblog', 'APPPATH/Views/frontend/blog_detail.php', 145)
 2 SYSTEMPATH/View/View.php(213): include('APPPATH/Views/frontend/blog_detail.php')
 3 SYSTEMPATH/View/View.php(216): CodeIgniter\View\View->CodeIgniter\View\{closure}()
 4 SYSTEMPATH/Common.php(1135): CodeIgniter\View\View->render('frontend/blog_detail', [], true)
 5 APPPATH/Controllers/Home.php(77): view('frontend/blog_detail')
 6 SYSTEMPATH/CodeIgniter.php(925): App\Controllers\Home->blog_detail('whay-purchage-finding-4')
 7 SYSTEMPATH/CodeIgniter.php(480): CodeIgniter\CodeIgniter->runController(Object(App\Controllers\Home))
 8 SYSTEMPATH/CodeIgniter.php(349): CodeIgniter\CodeIgniter->handleRequest(null, Object(Config\Cache), false)
 9 FCPATH/index.php(67): CodeIgniter\CodeIgniter->run()
CRITICAL - 2024-06-07 07:53:58 --> Attempt to read property "courses_id" on null
in APPPATH/Controllers/Home.php on line 100.
 1 APPPATH/Controllers/Home.php(100): CodeIgniter\Debug\Exceptions->errorHandler(2, 'Attempt to read property "courses_id" on null', 'APPPATH/Controllers/Home.php', 100)
 2 SYSTEMPATH/CodeIgniter.php(925): App\Controllers\Home->courses_details('FCPATH/assets', 'img', 'icons', 'right_arrow.svg')
 3 SYSTEMPATH/CodeIgniter.php(480): CodeIgniter\CodeIgniter->runController(Object(App\Controllers\Home))
 4 SYSTEMPATH/CodeIgniter.php(349): CodeIgniter\CodeIgniter->handleRequest(null, Object(Config\Cache), false)
 5 FCPATH/index.php(67): CodeIgniter\CodeIgniter->run()
CRITICAL - 2024-06-07 07:53:59 --> Attempt to read property "courses_id" on null
in APPPATH/Controllers/Home.php on line 100.
 1 APPPATH/Controllers/Home.php(100): CodeIgniter\Debug\Exceptions->errorHandler(2, 'Attempt to read property "courses_id" on null', 'APPPATH/Controllers/Home.php', 100)
 2 SYSTEMPATH/CodeIgniter.php(925): App\Controllers\Home->courses_details('FCPATH/assets', 'img', 'icons', 'right_arrow.svg')
 3 SYSTEMPATH/CodeIgniter.php(480): CodeIgniter\CodeIgniter->runController(Object(App\Controllers\Home))
 4 SYSTEMPATH/CodeIgniter.php(349): CodeIgniter\CodeIgniter->handleRequest(null, Object(Config\Cache), false)
 5 FCPATH/index.php(67): CodeIgniter\CodeIgniter->run()
CRITICAL - 2024-06-07 07:55:28 --> Attempt to read property "courses_id" on null
in APPPATH/Controllers/Home.php on line 100.
 1 APPPATH/Controllers/Home.php(100): CodeIgniter\Debug\Exceptions->errorHandler(2, 'Attempt to read property "courses_id" on null', 'APPPATH/Controllers/Home.php', 100)
 2 SYSTEMPATH/CodeIgniter.php(925): App\Controllers\Home->courses_details('FCPATH/assets', 'img', 'icons', 'right_arrow.svg')
 3 SYSTEMPATH/CodeIgniter.php(480): CodeIgniter\CodeIgniter->runController(Object(App\Controllers\Home))
 4 SYSTEMPATH/CodeIgniter.php(349): CodeIgniter\CodeIgniter->handleRequest(null, Object(Config\Cache), false)
 5 FCPATH/index.php(67): CodeIgniter\CodeIgniter->run()
CRITICAL - 2024-06-07 07:55:28 --> Attempt to read property "courses_id" on null
in APPPATH/Controllers/Home.php on line 100.
 1 APPPATH/Controllers/Home.php(100): CodeIgniter\Debug\Exceptions->errorHandler(2, 'Attempt to read property "courses_id" on null', 'APPPATH/Controllers/Home.php', 100)
 2 SYSTEMPATH/CodeIgniter.php(925): App\Controllers\Home->courses_details('FCPATH/assets', 'img', 'icons', 'right_arrow.svg')
 3 SYSTEMPATH/CodeIgniter.php(480): CodeIgniter\CodeIgniter->runController(Object(App\Controllers\Home))
 4 SYSTEMPATH/CodeIgniter.php(349): CodeIgniter\CodeIgniter->handleRequest(null, Object(Config\Cache), false)
 5 FCPATH/index.php(67): CodeIgniter\CodeIgniter->run()
CRITICAL - 2024-06-07 07:58:03 --> Attempt to read property "courses_id" on null
in APPPATH/Controllers/Home.php on line 100.
 1 APPPATH/Controllers/Home.php(100): CodeIgniter\Debug\Exceptions->errorHandler(2, 'Attempt to read property "courses_id" on null', 'APPPATH/Controllers/Home.php', 100)
 2 SYSTEMPATH/CodeIgniter.php(925): App\Controllers\Home->courses_details('FCPATH/assets', 'img', 'icons', 'right_arrow.svg')
 3 SYSTEMPATH/CodeIgniter.php(480): CodeIgniter\CodeIgniter->runController(Object(App\Controllers\Home))
 4 SYSTEMPATH/CodeIgniter.php(349): CodeIgniter\CodeIgniter->handleRequest(null, Object(Config\Cache), false)
 5 FCPATH/index.php(67): CodeIgniter\CodeIgniter->run()
CRITICAL - 2024-06-07 07:58:04 --> Attempt to read property "courses_id" on null
in APPPATH/Controllers/Home.php on line 100.
 1 APPPATH/Controllers/Home.php(100): CodeIgniter\Debug\Exceptions->errorHandler(2, 'Attempt to read property "courses_id" on null', 'APPPATH/Controllers/Home.php', 100)
 2 SYSTEMPATH/CodeIgniter.php(925): App\Controllers\Home->courses_details('FCPATH/assets', 'img', 'icons', 'right_arrow.svg')
 3 SYSTEMPATH/CodeIgniter.php(480): CodeIgniter\CodeIgniter->runController(Object(App\Controllers\Home))
 4 SYSTEMPATH/CodeIgniter.php(349): CodeIgniter\CodeIgniter->handleRequest(null, Object(Config\Cache), false)
 5 FCPATH/index.php(67): CodeIgniter\CodeIgniter->run()
