CRITICAL - 2024-09-29 06:00:53 --> Attempt to read property "property_meta_title" on null
in APPPATH/Controllers/Home.php on line 200.
 1 APPPATH/Controllers/Home.php(200): CodeIgniter\Debug\Exceptions->errorHandler(2, 'Attempt to read property "property_meta_title" on null', 'APPPATH/Controllers/Home.php', 200)
 2 SYSTEMPATH/CodeIgniter.php(925): App\Controllers\Home->property_details('about.html')
 3 SYSTEMPATH/CodeIgniter.php(480): CodeIgniter\CodeIgniter->runController(Object(App\Controllers\Home))
 4 SYSTEMPATH/CodeIgniter.php(349): CodeIgniter\CodeIgniter->handleRequest(null, Object(Config\Cache), false)
 5 FCPATH/index.php(67): CodeIgniter\CodeIgniter->run()
CRITICAL - 2024-09-29 06:01:21 --> Attempt to read property "property_meta_title" on null
in APPPATH/Controllers/Home.php on line 200.
 1 APPPATH/Controllers/Home.php(200): CodeIgniter\Debug\Exceptions->errorHandler(2, 'Attempt to read property "property_meta_title" on null', 'APPPATH/Controllers/Home.php', 200)
 2 SYSTEMPATH/CodeIgniter.php(925): App\Controllers\Home->property_details('shop.html')
 3 SYSTEMPATH/CodeIgniter.php(480): CodeIgniter\CodeIgniter->runController(Object(App\Controllers\Home))
 4 SYSTEMPATH/CodeIgniter.php(349): CodeIgniter\CodeIgniter->handleRequest(null, Object(Config\Cache), false)
 5 FCPATH/index.php(67): CodeIgniter\CodeIgniter->run()
CRITICAL - 2024-09-29 06:01:57 --> Attempt to read property "property_meta_title" on null
in APPPATH/Controllers/Home.php on line 200.
 1 APPPATH/Controllers/Home.php(200): CodeIgniter\Debug\Exceptions->errorHandler(2, 'Attempt to read property "property_meta_title" on null', 'APPPATH/Controllers/Home.php', 200)
 2 SYSTEMPATH/CodeIgniter.php(925): App\Controllers\Home->property_details('contact.html')
 3 SYSTEMPATH/CodeIgniter.php(480): CodeIgniter\CodeIgniter->runController(Object(App\Controllers\Home))
 4 SYSTEMPATH/CodeIgniter.php(349): CodeIgniter\CodeIgniter->handleRequest(null, Object(Config\Cache), false)
 5 FCPATH/index.php(67): CodeIgniter\CodeIgniter->run()
CRITICAL - 2024-09-29 06:02:32 --> Attempt to read property "property_meta_title" on null
in APPPATH/Controllers/Home.php on line 200.
 1 APPPATH/Controllers/Home.php(200): CodeIgniter\Debug\Exceptions->errorHandler(2, 'Attempt to read property "property_meta_title" on null', 'APPPATH/Controllers/Home.php', 200)
 2 SYSTEMPATH/CodeIgniter.php(925): App\Controllers\Home->property_details('index.html')
 3 SYSTEMPATH/CodeIgniter.php(480): CodeIgniter\CodeIgniter->runController(Object(App\Controllers\Home))
 4 SYSTEMPATH/CodeIgniter.php(349): CodeIgniter\CodeIgniter->handleRequest(null, Object(Config\Cache), false)
 5 FCPATH/index.php(67): CodeIgniter\CodeIgniter->run()
CRITICAL - 2024-09-29 06:02:55 --> Attempt to read property "property_meta_title" on null
in APPPATH/Controllers/Home.php on line 200.
 1 APPPATH/Controllers/Home.php(200): CodeIgniter\Debug\Exceptions->errorHandler(2, 'Attempt to read property "property_meta_title" on null', 'APPPATH/Controllers/Home.php', 200)
 2 SYSTEMPATH/CodeIgniter.php(925): App\Controllers\Home->property_details('faq.html')
 3 SYSTEMPATH/CodeIgniter.php(480): CodeIgniter\CodeIgniter->runController(Object(App\Controllers\Home))
 4 SYSTEMPATH/CodeIgniter.php(349): CodeIgniter\CodeIgniter->handleRequest(null, Object(Config\Cache), false)
 5 FCPATH/index.php(67): CodeIgniter\CodeIgniter->run()
CRITICAL - 2024-09-29 06:03:47 --> Attempt to read property "property_meta_title" on null
in APPPATH/Controllers/Home.php on line 200.
 1 APPPATH/Controllers/Home.php(200): CodeIgniter\Debug\Exceptions->errorHandler(2, 'Attempt to read property "property_meta_title" on null', 'APPPATH/Controllers/Home.php', 200)
 2 SYSTEMPATH/CodeIgniter.php(925): App\Controllers\Home->property_details('Privacy-Policy.html')
 3 SYSTEMPATH/CodeIgniter.php(480): CodeIgniter\CodeIgniter->runController(Object(App\Controllers\Home))
 4 SYSTEMPATH/CodeIgniter.php(349): CodeIgniter\CodeIgniter->handleRequest(null, Object(Config\Cache), false)
 5 FCPATH/index.php(67): CodeIgniter\CodeIgniter->run()
CRITICAL - 2024-09-29 06:04:54 --> Attempt to read property "property_meta_title" on null
in APPPATH/Controllers/Home.php on line 200.
 1 APPPATH/Controllers/Home.php(200): CodeIgniter\Debug\Exceptions->errorHandler(2, 'Attempt to read property "property_meta_title" on null', 'APPPATH/Controllers/Home.php', 200)
 2 SYSTEMPATH/CodeIgniter.php(925): App\Controllers\Home->property_details('login.html')
 3 SYSTEMPATH/CodeIgniter.php(480): CodeIgniter\CodeIgniter->runController(Object(App\Controllers\Home))
 4 SYSTEMPATH/CodeIgniter.php(349): CodeIgniter\CodeIgniter->handleRequest(null, Object(Config\Cache), false)
 5 FCPATH/index.php(67): CodeIgniter\CodeIgniter->run()
CRITICAL - 2024-09-29 06:07:10 --> Attempt to read property "property_meta_title" on null
in APPPATH/Controllers/Home.php on line 200.
 1 APPPATH/Controllers/Home.php(200): CodeIgniter\Debug\Exceptions->errorHandler(2, 'Attempt to read property "property_meta_title" on null', 'APPPATH/Controllers/Home.php', 200)
 2 SYSTEMPATH/CodeIgniter.php(925): App\Controllers\Home->property_details('terms-conditions.html')
 3 SYSTEMPATH/CodeIgniter.php(480): CodeIgniter\CodeIgniter->runController(Object(App\Controllers\Home))
 4 SYSTEMPATH/CodeIgniter.php(349): CodeIgniter\CodeIgniter->handleRequest(null, Object(Config\Cache), false)
 5 FCPATH/index.php(67): CodeIgniter\CodeIgniter->run()
CRITICAL - 2024-09-29 07:00:08 --> Attempt to read property "property_meta_title" on null
in APPPATH/Controllers/Home.php on line 200.
 1 APPPATH/Controllers/Home.php(200): CodeIgniter\Debug\Exceptions->errorHandler(2, 'Attempt to read property "property_meta_title" on null', 'APPPATH/Controllers/Home.php', 200)
 2 SYSTEMPATH/CodeIgniter.php(925): App\Controllers\Home->property_details('property.html')
 3 SYSTEMPATH/CodeIgniter.php(480): CodeIgniter\CodeIgniter->runController(Object(App\Controllers\Home))
 4 SYSTEMPATH/CodeIgniter.php(349): CodeIgniter\CodeIgniter->handleRequest(null, Object(Config\Cache), false)
 5 FCPATH/index.php(67): CodeIgniter\CodeIgniter->run()
CRITICAL - 2024-09-29 16:07:46 --> Attempt to read property "property_meta_title" on null
in APPPATH/Controllers/Home.php on line 200.
 1 APPPATH/Controllers/Home.php(200): CodeIgniter\Debug\Exceptions->errorHandler(2, 'Attempt to read property "property_meta_title" on null', 'APPPATH/Controllers/Home.php', 200)
 2 SYSTEMPATH/CodeIgniter.php(925): App\Controllers\Home->property_details('login.html')
 3 SYSTEMPATH/CodeIgniter.php(480): CodeIgniter\CodeIgniter->runController(Object(App\Controllers\Home))
 4 SYSTEMPATH/CodeIgniter.php(349): CodeIgniter\CodeIgniter->handleRequest(null, Object(Config\Cache), false)
 5 FCPATH/index.php(67): CodeIgniter\CodeIgniter->run()
CRITICAL - 2024-09-29 18:30:07 --> Attempt to read property "property_meta_title" on null
in APPPATH/Controllers/Home.php on line 200.
 1 APPPATH/Controllers/Home.php(200): CodeIgniter\Debug\Exceptions->errorHandler(2, 'Attempt to read property "property_meta_title" on null', 'APPPATH/Controllers/Home.php', 200)
 2 SYSTEMPATH/CodeIgniter.php(925): App\Controllers\Home->property_details('index.html')
 3 SYSTEMPATH/CodeIgniter.php(480): CodeIgniter\CodeIgniter->runController(Object(App\Controllers\Home))
 4 SYSTEMPATH/CodeIgniter.php(349): CodeIgniter\CodeIgniter->handleRequest(null, Object(Config\Cache), false)
 5 FCPATH/index.php(67): CodeIgniter\CodeIgniter->run()
CRITICAL - 2024-09-29 18:55:48 --> Attempt to read property "property_meta_title" on null
in APPPATH/Controllers/Home.php on line 200.
 1 APPPATH/Controllers/Home.php(200): CodeIgniter\Debug\Exceptions->errorHandler(2, 'Attempt to read property "property_meta_title" on null', 'APPPATH/Controllers/Home.php', 200)
 2 SYSTEMPATH/CodeIgniter.php(925): App\Controllers\Home->property_details('property.html')
 3 SYSTEMPATH/CodeIgniter.php(480): CodeIgniter\CodeIgniter->runController(Object(App\Controllers\Home))
 4 SYSTEMPATH/CodeIgniter.php(349): CodeIgniter\CodeIgniter->handleRequest(null, Object(Config\Cache), false)
 5 FCPATH/index.php(67): CodeIgniter\CodeIgniter->run()
CRITICAL - 2024-09-29 20:55:31 --> Attempt to read property "property_meta_title" on null
in APPPATH/Controllers/Home.php on line 200.
 1 APPPATH/Controllers/Home.php(200): CodeIgniter\Debug\Exceptions->errorHandler(2, 'Attempt to read property "property_meta_title" on null', 'APPPATH/Controllers/Home.php', 200)
 2 SYSTEMPATH/CodeIgniter.php(925): App\Controllers\Home->property_details('shop.html')
 3 SYSTEMPATH/CodeIgniter.php(480): CodeIgniter\CodeIgniter->runController(Object(App\Controllers\Home))
 4 SYSTEMPATH/CodeIgniter.php(349): CodeIgniter\CodeIgniter->handleRequest(null, Object(Config\Cache), false)
 5 FCPATH/index.php(67): CodeIgniter\CodeIgniter->run()
