CRITICAL - 2024-06-14 00:04:53 --> Invalid file: admin/login.php
in SYSTEMPATH/Exceptions/FrameworkException.php on line 33.
 1 SYSTEMPATH/View/View.php(201): CodeIgniter\Exceptions\FrameworkException::forInvalidFile('admin/login.php')
 2 SYSTEMPATH/Common.php(1135): CodeIgniter\View\View->render('admin/login', [], true)
 3 APPPATH/Controllers/Admin.php(21): view('admin/login')
 4 SYSTEMPATH/CodeIgniter.php(925): App\Controllers\Admin->index()
 5 SYSTEMPATH/CodeIgniter.php(480): CodeIgniter\CodeIgniter->runController(Object(App\Controllers\Admin))
 6 SYSTEMPATH/CodeIgniter.php(349): CodeIgniter\CodeIgniter->handleRequest(null, Object(Config\Cache), false)
 7 FCPATH/index.php(67): CodeIgniter\CodeIgniter->run()
CRITICAL - 2024-06-14 07:06:22 --> syntax error, unexpected token "{", expecting "function" or "const"
in APPPATH/Controllers/Admin.php on line 223.
 1 SYSTEMPATH/Autoloader/Autoloader.php(260): CodeIgniter\Autoloader\Autoloader->includeFile('APPPATH/Controllers/Admin.php')
 2 SYSTEMPATH/Autoloader/Autoloader.php(238): CodeIgniter\Autoloader\Autoloader->loadInNamespace('App\\Controllers\\Admin')
 3 [internal function]: CodeIgniter\Autoloader\Autoloader->loadClass('App\\Controllers\\Admin')
 4 SYSTEMPATH/CodeIgniter.php(875): class_exists('\\App\\Controllers\\Admin', true)
 5 SYSTEMPATH/CodeIgniter.php(467): CodeIgniter\CodeIgniter->startController()
 6 SYSTEMPATH/CodeIgniter.php(349): CodeIgniter\CodeIgniter->handleRequest(null, Object(Config\Cache), false)
 7 FCPATH/index.php(67): CodeIgniter\CodeIgniter->run()
ERROR - 2024-06-14 07:07:22 --> mysqli_sql_exception: Table 'aseelect_mindbels.home_banner' doesn't exist in /home2/aseelectricalco/public_html/mindbels/system/Database/MySQLi/Connection.php:292
Stack trace:
#0 /home2/aseelectricalco/public_html/mindbels/system/Database/MySQLi/Connection.php(292): mysqli->query('SELECT *\nFROM `...', 0)
#1 /home2/aseelectricalco/public_html/mindbels/system/Database/BaseConnection.php(666): CodeIgniter\Database\MySQLi\Connection->execute('SELECT *\nFROM `...')
#2 /home2/aseelectricalco/public_html/mindbels/system/Database/BaseConnection.php(593): CodeIgniter\Database\BaseConnection->simpleQuery('SELECT *\nFROM `...')
#3 /home2/aseelectricalco/public_html/mindbels/system/Database/BaseBuilder.php(1585): CodeIgniter\Database\BaseConnection->query('SELECT *\nFROM `...', Array, false)
#4 /home2/aseelectricalco/public_html/mindbels/app/Models/Commanmodel.php(220): CodeIgniter\Database\BaseBuilder->get()
#5 /home2/aseelectricalco/public_html/mindbels/app/Controllers/Admin.php(227): App\Models\Commanmodel->get_multiple_query_order_by('home_banner', 'banner_id', 'DESC')
#6 /home2/aseelectricalco/public_html/mindbels/system/CodeIgniter.php(925): App\Controllers\Admin->home_banner()
#7 /home2/aseelectricalco/public_html/mindbels/system/CodeIgniter.php(480): CodeIgniter\CodeIgniter->runController(Object(App\Controllers\Admin))
#8 /home2/aseelectricalco/public_html/mindbels/system/CodeIgniter.php(349): CodeIgniter\CodeIgniter->handleRequest(NULL, Object(Config\Cache), false)
#9 /home2/aseelectricalco/public_html/mindbels/index.php(67): CodeIgniter\CodeIgniter->run()
#10 {main}
CRITICAL - 2024-06-14 07:07:22 --> Call to a member function getResult() on bool
in APPPATH/Models/Commanmodel.php on line 221.
 1 APPPATH/Controllers/Admin.php(227): App\Models\Commanmodel->get_multiple_query_order_by('home_banner', 'banner_id', 'DESC')
 2 SYSTEMPATH/CodeIgniter.php(925): App\Controllers\Admin->home_banner()
 3 SYSTEMPATH/CodeIgniter.php(480): CodeIgniter\CodeIgniter->runController(Object(App\Controllers\Admin))
 4 SYSTEMPATH/CodeIgniter.php(349): CodeIgniter\CodeIgniter->handleRequest(null, Object(Config\Cache), false)
 5 FCPATH/index.php(67): CodeIgniter\CodeIgniter->run()
