ERROR - 2024-06-19 00:03:56 --> mysqli_sql_exception: Column 'training_price_secondt' cannot be null in /home2/aseelectricalco/public_html/mindbels/system/Database/MySQLi/Connection.php:292
Stack trace:
#0 /home2/aseelectricalco/public_html/mindbels/system/Database/MySQLi/Connection.php(292): mysqli->query('INSERT INTO `co...', 0)
#1 /home2/aseelectricalco/public_html/mindbels/system/Database/BaseConnection.php(666): CodeIgniter\Database\MySQLi\Connection->execute('INSERT INTO `co...')
#2 /home2/aseelectricalco/public_html/mindbels/system/Database/BaseConnection.php(593): CodeIgniter\Database\BaseConnection->simpleQuery('INSERT INTO `co...')
#3 /home2/aseelectricalco/public_html/mindbels/system/Database/BaseBuilder.php(1916): CodeIgniter\Database\BaseConnection->query('INSERT INTO `co...', Array, false)
#4 /home2/aseelectricalco/public_html/mindbels/app/Models/Commanmodel.php(53): CodeIgniter\Database\BaseBuilder->insert(Array)
#5 /home2/aseelectricalco/public_html/mindbels/app/Controllers/Admin.php(1372): App\Models\Commanmodel->insert_query_get_inserid('courses', Array)
#6 /home2/aseelectricalco/public_html/mindbels/system/CodeIgniter.php(925): App\Controllers\Admin->create_courses_process()
#7 /home2/aseelectricalco/public_html/mindbels/system/CodeIgniter.php(480): CodeIgniter\CodeIgniter->runController(Object(App\Controllers\Admin))
#8 /home2/aseelectricalco/public_html/mindbels/system/CodeIgniter.php(349): CodeIgniter\CodeIgniter->handleRequest(NULL, Object(Config\Cache), false)
#9 /home2/aseelectricalco/public_html/mindbels/index.php(67): CodeIgniter\CodeIgniter->run()
#10 {main}
ERROR - 2024-06-19 00:07:19 --> mysqli_sql_exception: Column 'training_price_secondt' cannot be null in /home2/aseelectricalco/public_html/mindbels/system/Database/MySQLi/Connection.php:292
Stack trace:
#0 /home2/aseelectricalco/public_html/mindbels/system/Database/MySQLi/Connection.php(292): mysqli->query('INSERT INTO `co...', 0)
#1 /home2/aseelectricalco/public_html/mindbels/system/Database/BaseConnection.php(666): CodeIgniter\Database\MySQLi\Connection->execute('INSERT INTO `co...')
#2 /home2/aseelectricalco/public_html/mindbels/system/Database/BaseConnection.php(593): CodeIgniter\Database\BaseConnection->simpleQuery('INSERT INTO `co...')
#3 /home2/aseelectricalco/public_html/mindbels/system/Database/BaseBuilder.php(1916): CodeIgniter\Database\BaseConnection->query('INSERT INTO `co...', Array, false)
#4 /home2/aseelectricalco/public_html/mindbels/app/Models/Commanmodel.php(53): CodeIgniter\Database\BaseBuilder->insert(Array)
#5 /home2/aseelectricalco/public_html/mindbels/app/Controllers/Admin.php(1372): App\Models\Commanmodel->insert_query_get_inserid('courses', Array)
#6 /home2/aseelectricalco/public_html/mindbels/system/CodeIgniter.php(925): App\Controllers\Admin->create_courses_process()
#7 /home2/aseelectricalco/public_html/mindbels/system/CodeIgniter.php(480): CodeIgniter\CodeIgniter->runController(Object(App\Controllers\Admin))
#8 /home2/aseelectricalco/public_html/mindbels/system/CodeIgniter.php(349): CodeIgniter\CodeIgniter->handleRequest(NULL, Object(Config\Cache), false)
#9 /home2/aseelectricalco/public_html/mindbels/index.php(67): CodeIgniter\CodeIgniter->run()
#10 {main}
ERROR - 2024-06-19 00:09:44 --> mysqli_sql_exception: Column 'training_price_secondt' cannot be null in /home2/aseelectricalco/public_html/mindbels/system/Database/MySQLi/Connection.php:292
Stack trace:
#0 /home2/aseelectricalco/public_html/mindbels/system/Database/MySQLi/Connection.php(292): mysqli->query('INSERT INTO `co...', 0)
#1 /home2/aseelectricalco/public_html/mindbels/system/Database/BaseConnection.php(666): CodeIgniter\Database\MySQLi\Connection->execute('INSERT INTO `co...')
#2 /home2/aseelectricalco/public_html/mindbels/system/Database/BaseConnection.php(593): CodeIgniter\Database\BaseConnection->simpleQuery('INSERT INTO `co...')
#3 /home2/aseelectricalco/public_html/mindbels/system/Database/BaseBuilder.php(1916): CodeIgniter\Database\BaseConnection->query('INSERT INTO `co...', Array, false)
#4 /home2/aseelectricalco/public_html/mindbels/app/Models/Commanmodel.php(53): CodeIgniter\Database\BaseBuilder->insert(Array)
#5 /home2/aseelectricalco/public_html/mindbels/app/Controllers/Admin.php(1372): App\Models\Commanmodel->insert_query_get_inserid('courses', Array)
#6 /home2/aseelectricalco/public_html/mindbels/system/CodeIgniter.php(925): App\Controllers\Admin->create_courses_process()
#7 /home2/aseelectricalco/public_html/mindbels/system/CodeIgniter.php(480): CodeIgniter\CodeIgniter->runController(Object(App\Controllers\Admin))
#8 /home2/aseelectricalco/public_html/mindbels/system/CodeIgniter.php(349): CodeIgniter\CodeIgniter->handleRequest(NULL, Object(Config\Cache), false)
#9 /home2/aseelectricalco/public_html/mindbels/index.php(67): CodeIgniter\CodeIgniter->run()
#10 {main}
ERROR - 2024-06-19 00:13:00 --> mysqli_sql_exception: Column 'training_price_secondt' cannot be null in /home2/aseelectricalco/public_html/mindbels/system/Database/MySQLi/Connection.php:292
Stack trace:
#0 /home2/aseelectricalco/public_html/mindbels/system/Database/MySQLi/Connection.php(292): mysqli->query('INSERT INTO `co...', 0)
#1 /home2/aseelectricalco/public_html/mindbels/system/Database/BaseConnection.php(666): CodeIgniter\Database\MySQLi\Connection->execute('INSERT INTO `co...')
#2 /home2/aseelectricalco/public_html/mindbels/system/Database/BaseConnection.php(593): CodeIgniter\Database\BaseConnection->simpleQuery('INSERT INTO `co...')
#3 /home2/aseelectricalco/public_html/mindbels/system/Database/BaseBuilder.php(1916): CodeIgniter\Database\BaseConnection->query('INSERT INTO `co...', Array, false)
#4 /home2/aseelectricalco/public_html/mindbels/app/Models/Commanmodel.php(53): CodeIgniter\Database\BaseBuilder->insert(Array)
#5 /home2/aseelectricalco/public_html/mindbels/app/Controllers/Admin.php(1373): App\Models\Commanmodel->insert_query_get_inserid('courses', Array)
#6 /home2/aseelectricalco/public_html/mindbels/system/CodeIgniter.php(925): App\Controllers\Admin->create_courses_process()
#7 /home2/aseelectricalco/public_html/mindbels/system/CodeIgniter.php(480): CodeIgniter\CodeIgniter->runController(Object(App\Controllers\Admin))
#8 /home2/aseelectricalco/public_html/mindbels/system/CodeIgniter.php(349): CodeIgniter\CodeIgniter->handleRequest(NULL, Object(Config\Cache), false)
#9 /home2/aseelectricalco/public_html/mindbels/index.php(67): CodeIgniter\CodeIgniter->run()
#10 {main}
ERROR - 2024-06-19 00:28:34 --> mysqli_sql_exception: Column 'training_price_secondt' cannot be null in /home2/aseelectricalco/public_html/mindbels/system/Database/MySQLi/Connection.php:292
Stack trace:
#0 /home2/aseelectricalco/public_html/mindbels/system/Database/MySQLi/Connection.php(292): mysqli->query('INSERT INTO `co...', 0)
#1 /home2/aseelectricalco/public_html/mindbels/system/Database/BaseConnection.php(666): CodeIgniter\Database\MySQLi\Connection->execute('INSERT INTO `co...')
#2 /home2/aseelectricalco/public_html/mindbels/system/Database/BaseConnection.php(593): CodeIgniter\Database\BaseConnection->simpleQuery('INSERT INTO `co...')
#3 /home2/aseelectricalco/public_html/mindbels/system/Database/BaseBuilder.php(1916): CodeIgniter\Database\BaseConnection->query('INSERT INTO `co...', Array, false)
#4 /home2/aseelectricalco/public_html/mindbels/app/Models/Commanmodel.php(53): CodeIgniter\Database\BaseBuilder->insert(Array)
#5 /home2/aseelectricalco/public_html/mindbels/app/Controllers/Admin.php(1374): App\Models\Commanmodel->insert_query_get_inserid('courses', Array)
#6 /home2/aseelectricalco/public_html/mindbels/system/CodeIgniter.php(925): App\Controllers\Admin->create_courses_process()
#7 /home2/aseelectricalco/public_html/mindbels/system/CodeIgniter.php(480): CodeIgniter\CodeIgniter->runController(Object(App\Controllers\Admin))
#8 /home2/aseelectricalco/public_html/mindbels/system/CodeIgniter.php(349): CodeIgniter\CodeIgniter->handleRequest(NULL, Object(Config\Cache), false)
#9 /home2/aseelectricalco/public_html/mindbels/index.php(67): CodeIgniter\CodeIgniter->run()
#10 {main}
ERROR - 2024-06-19 00:29:04 --> mysqli_sql_exception: Column 'training_price_secondt' cannot be null in /home2/aseelectricalco/public_html/mindbels/system/Database/MySQLi/Connection.php:292
Stack trace:
#0 /home2/aseelectricalco/public_html/mindbels/system/Database/MySQLi/Connection.php(292): mysqli->query('INSERT INTO `co...', 0)
#1 /home2/aseelectricalco/public_html/mindbels/system/Database/BaseConnection.php(666): CodeIgniter\Database\MySQLi\Connection->execute('INSERT INTO `co...')
#2 /home2/aseelectricalco/public_html/mindbels/system/Database/BaseConnection.php(593): CodeIgniter\Database\BaseConnection->simpleQuery('INSERT INTO `co...')
#3 /home2/aseelectricalco/public_html/mindbels/system/Database/BaseBuilder.php(1916): CodeIgniter\Database\BaseConnection->query('INSERT INTO `co...', Array, false)
#4 /home2/aseelectricalco/public_html/mindbels/app/Models/Commanmodel.php(53): CodeIgniter\Database\BaseBuilder->insert(Array)
#5 /home2/aseelectricalco/public_html/mindbels/app/Controllers/Admin.php(1371): App\Models\Commanmodel->insert_query_get_inserid('courses', Array)
#6 /home2/aseelectricalco/public_html/mindbels/system/CodeIgniter.php(925): App\Controllers\Admin->create_courses_process()
#7 /home2/aseelectricalco/public_html/mindbels/system/CodeIgniter.php(480): CodeIgniter\CodeIgniter->runController(Object(App\Controllers\Admin))
#8 /home2/aseelectricalco/public_html/mindbels/system/CodeIgniter.php(349): CodeIgniter\CodeIgniter->handleRequest(NULL, Object(Config\Cache), false)
#9 /home2/aseelectricalco/public_html/mindbels/index.php(67): CodeIgniter\CodeIgniter->run()
#10 {main}
ERROR - 2024-06-19 00:30:06 --> mysqli_sql_exception: Column 'training_price_secondt' cannot be null in /home2/aseelectricalco/public_html/mindbels/system/Database/MySQLi/Connection.php:292
Stack trace:
#0 /home2/aseelectricalco/public_html/mindbels/system/Database/MySQLi/Connection.php(292): mysqli->query('INSERT INTO `co...', 0)
#1 /home2/aseelectricalco/public_html/mindbels/system/Database/BaseConnection.php(666): CodeIgniter\Database\MySQLi\Connection->execute('INSERT INTO `co...')
#2 /home2/aseelectricalco/public_html/mindbels/system/Database/BaseConnection.php(593): CodeIgniter\Database\BaseConnection->simpleQuery('INSERT INTO `co...')
#3 /home2/aseelectricalco/public_html/mindbels/system/Database/BaseBuilder.php(1916): CodeIgniter\Database\BaseConnection->query('INSERT INTO `co...', Array, false)
#4 /home2/aseelectricalco/public_html/mindbels/app/Models/Commanmodel.php(53): CodeIgniter\Database\BaseBuilder->insert(Array)
#5 /home2/aseelectricalco/public_html/mindbels/app/Controllers/Admin.php(1371): App\Models\Commanmodel->insert_query_get_inserid('courses', Array)
#6 /home2/aseelectricalco/public_html/mindbels/system/CodeIgniter.php(925): App\Controllers\Admin->create_courses_process()
#7 /home2/aseelectricalco/public_html/mindbels/system/CodeIgniter.php(480): CodeIgniter\CodeIgniter->runController(Object(App\Controllers\Admin))
#8 /home2/aseelectricalco/public_html/mindbels/system/CodeIgniter.php(349): CodeIgniter\CodeIgniter->handleRequest(NULL, Object(Config\Cache), false)
#9 /home2/aseelectricalco/public_html/mindbels/index.php(67): CodeIgniter\CodeIgniter->run()
#10 {main}
ERROR - 2024-06-19 00:30:30 --> mysqli_sql_exception: Column 'training_price_third' cannot be null in /home2/aseelectricalco/public_html/mindbels/system/Database/MySQLi/Connection.php:292
Stack trace:
#0 /home2/aseelectricalco/public_html/mindbels/system/Database/MySQLi/Connection.php(292): mysqli->query('INSERT INTO `co...', 0)
#1 /home2/aseelectricalco/public_html/mindbels/system/Database/BaseConnection.php(666): CodeIgniter\Database\MySQLi\Connection->execute('INSERT INTO `co...')
#2 /home2/aseelectricalco/public_html/mindbels/system/Database/BaseConnection.php(593): CodeIgniter\Database\BaseConnection->simpleQuery('INSERT INTO `co...')
#3 /home2/aseelectricalco/public_html/mindbels/system/Database/BaseBuilder.php(1916): CodeIgniter\Database\BaseConnection->query('INSERT INTO `co...', Array, false)
#4 /home2/aseelectricalco/public_html/mindbels/app/Models/Commanmodel.php(53): CodeIgniter\Database\BaseBuilder->insert(Array)
#5 /home2/aseelectricalco/public_html/mindbels/app/Controllers/Admin.php(1372): App\Models\Commanmodel->insert_query_get_inserid('courses', Array)
#6 /home2/aseelectricalco/public_html/mindbels/system/CodeIgniter.php(925): App\Controllers\Admin->create_courses_process()
#7 /home2/aseelectricalco/public_html/mindbels/system/CodeIgniter.php(480): CodeIgniter\CodeIgniter->runController(Object(App\Controllers\Admin))
#8 /home2/aseelectricalco/public_html/mindbels/system/CodeIgniter.php(349): CodeIgniter\CodeIgniter->handleRequest(NULL, Object(Config\Cache), false)
#9 /home2/aseelectricalco/public_html/mindbels/index.php(67): CodeIgniter\CodeIgniter->run()
#10 {main}
ERROR - 2024-06-19 00:30:50 --> mysqli_sql_exception: Column 'training_price_secondt' cannot be null in /home2/aseelectricalco/public_html/mindbels/system/Database/MySQLi/Connection.php:292
Stack trace:
#0 /home2/aseelectricalco/public_html/mindbels/system/Database/MySQLi/Connection.php(292): mysqli->query('INSERT INTO `co...', 0)
#1 /home2/aseelectricalco/public_html/mindbels/system/Database/BaseConnection.php(666): CodeIgniter\Database\MySQLi\Connection->execute('INSERT INTO `co...')
#2 /home2/aseelectricalco/public_html/mindbels/system/Database/BaseConnection.php(593): CodeIgniter\Database\BaseConnection->simpleQuery('INSERT INTO `co...')
#3 /home2/aseelectricalco/public_html/mindbels/system/Database/BaseBuilder.php(1916): CodeIgniter\Database\BaseConnection->query('INSERT INTO `co...', Array, false)
#4 /home2/aseelectricalco/public_html/mindbels/app/Models/Commanmodel.php(53): CodeIgniter\Database\BaseBuilder->insert(Array)
#5 /home2/aseelectricalco/public_html/mindbels/app/Controllers/Admin.php(1373): App\Models\Commanmodel->insert_query_get_inserid('courses', Array)
#6 /home2/aseelectricalco/public_html/mindbels/system/CodeIgniter.php(925): App\Controllers\Admin->create_courses_process()
#7 /home2/aseelectricalco/public_html/mindbels/system/CodeIgniter.php(480): CodeIgniter\CodeIgniter->runController(Object(App\Controllers\Admin))
#8 /home2/aseelectricalco/public_html/mindbels/system/CodeIgniter.php(349): CodeIgniter\CodeIgniter->handleRequest(NULL, Object(Config\Cache), false)
#9 /home2/aseelectricalco/public_html/mindbels/index.php(67): CodeIgniter\CodeIgniter->run()
#10 {main}
ERROR - 2024-06-19 00:31:14 --> mysqli_sql_exception: Column 'training_price_secondt' cannot be null in /home2/aseelectricalco/public_html/mindbels/system/Database/MySQLi/Connection.php:292
Stack trace:
#0 /home2/aseelectricalco/public_html/mindbels/system/Database/MySQLi/Connection.php(292): mysqli->query('INSERT INTO `co...', 0)
#1 /home2/aseelectricalco/public_html/mindbels/system/Database/BaseConnection.php(666): CodeIgniter\Database\MySQLi\Connection->execute('INSERT INTO `co...')
#2 /home2/aseelectricalco/public_html/mindbels/system/Database/BaseConnection.php(593): CodeIgniter\Database\BaseConnection->simpleQuery('INSERT INTO `co...')
#3 /home2/aseelectricalco/public_html/mindbels/system/Database/BaseBuilder.php(1916): CodeIgniter\Database\BaseConnection->query('INSERT INTO `co...', Array, false)
#4 /home2/aseelectricalco/public_html/mindbels/app/Models/Commanmodel.php(53): CodeIgniter\Database\BaseBuilder->insert(Array)
#5 /home2/aseelectricalco/public_html/mindbels/app/Controllers/Admin.php(1374): App\Models\Commanmodel->insert_query_get_inserid('courses', Array)
#6 /home2/aseelectricalco/public_html/mindbels/system/CodeIgniter.php(925): App\Controllers\Admin->create_courses_process()
#7 /home2/aseelectricalco/public_html/mindbels/system/CodeIgniter.php(480): CodeIgniter\CodeIgniter->runController(Object(App\Controllers\Admin))
#8 /home2/aseelectricalco/public_html/mindbels/system/CodeIgniter.php(349): CodeIgniter\CodeIgniter->handleRequest(NULL, Object(Config\Cache), false)
#9 /home2/aseelectricalco/public_html/mindbels/index.php(67): CodeIgniter\CodeIgniter->run()
#10 {main}
ERROR - 2024-06-19 00:32:01 --> mysqli_sql_exception: Column 'training_price_secondt' cannot be null in /home2/aseelectricalco/public_html/mindbels/system/Database/MySQLi/Connection.php:292
Stack trace:
#0 /home2/aseelectricalco/public_html/mindbels/system/Database/MySQLi/Connection.php(292): mysqli->query('INSERT INTO `co...', 0)
#1 /home2/aseelectricalco/public_html/mindbels/system/Database/BaseConnection.php(666): CodeIgniter\Database\MySQLi\Connection->execute('INSERT INTO `co...')
#2 /home2/aseelectricalco/public_html/mindbels/system/Database/BaseConnection.php(593): CodeIgniter\Database\BaseConnection->simpleQuery('INSERT INTO `co...')
#3 /home2/aseelectricalco/public_html/mindbels/system/Database/BaseBuilder.php(1916): CodeIgniter\Database\BaseConnection->query('INSERT INTO `co...', Array, false)
#4 /home2/aseelectricalco/public_html/mindbels/app/Models/Commanmodel.php(53): CodeIgniter\Database\BaseBuilder->insert(Array)
#5 /home2/aseelectricalco/public_html/mindbels/app/Controllers/Admin.php(1371): App\Models\Commanmodel->insert_query_get_inserid('courses', Array)
#6 /home2/aseelectricalco/public_html/mindbels/system/CodeIgniter.php(925): App\Controllers\Admin->create_courses_process()
#7 /home2/aseelectricalco/public_html/mindbels/system/CodeIgniter.php(480): CodeIgniter\CodeIgniter->runController(Object(App\Controllers\Admin))
#8 /home2/aseelectricalco/public_html/mindbels/system/CodeIgniter.php(349): CodeIgniter\CodeIgniter->handleRequest(NULL, Object(Config\Cache), false)
#9 /home2/aseelectricalco/public_html/mindbels/index.php(67): CodeIgniter\CodeIgniter->run()
#10 {main}
ERROR - 2024-06-19 00:32:25 --> mysqli_sql_exception: Column 'training_price_third' cannot be null in /home2/aseelectricalco/public_html/mindbels/system/Database/MySQLi/Connection.php:292
Stack trace:
#0 /home2/aseelectricalco/public_html/mindbels/system/Database/MySQLi/Connection.php(292): mysqli->query('INSERT INTO `co...', 0)
#1 /home2/aseelectricalco/public_html/mindbels/system/Database/BaseConnection.php(666): CodeIgniter\Database\MySQLi\Connection->execute('INSERT INTO `co...')
#2 /home2/aseelectricalco/public_html/mindbels/system/Database/BaseConnection.php(593): CodeIgniter\Database\BaseConnection->simpleQuery('INSERT INTO `co...')
#3 /home2/aseelectricalco/public_html/mindbels/system/Database/BaseBuilder.php(1916): CodeIgniter\Database\BaseConnection->query('INSERT INTO `co...', Array, false)
#4 /home2/aseelectricalco/public_html/mindbels/app/Models/Commanmodel.php(53): CodeIgniter\Database\BaseBuilder->insert(Array)
#5 /home2/aseelectricalco/public_html/mindbels/app/Controllers/Admin.php(1374): App\Models\Commanmodel->insert_query_get_inserid('courses', Array)
#6 /home2/aseelectricalco/public_html/mindbels/system/CodeIgniter.php(925): App\Controllers\Admin->create_courses_process()
#7 /home2/aseelectricalco/public_html/mindbels/system/CodeIgniter.php(480): CodeIgniter\CodeIgniter->runController(Object(App\Controllers\Admin))
#8 /home2/aseelectricalco/public_html/mindbels/system/CodeIgniter.php(349): CodeIgniter\CodeIgniter->handleRequest(NULL, Object(Config\Cache), false)
#9 /home2/aseelectricalco/public_html/mindbels/index.php(67): CodeIgniter\CodeIgniter->run()
#10 {main}
ERROR - 2024-06-19 00:32:41 --> mysqli_sql_exception: Column 'training_price_third' cannot be null in /home2/aseelectricalco/public_html/mindbels/system/Database/MySQLi/Connection.php:292
Stack trace:
#0 /home2/aseelectricalco/public_html/mindbels/system/Database/MySQLi/Connection.php(292): mysqli->query('INSERT INTO `co...', 0)
#1 /home2/aseelectricalco/public_html/mindbels/system/Database/BaseConnection.php(666): CodeIgniter\Database\MySQLi\Connection->execute('INSERT INTO `co...')
#2 /home2/aseelectricalco/public_html/mindbels/system/Database/BaseConnection.php(593): CodeIgniter\Database\BaseConnection->simpleQuery('INSERT INTO `co...')
#3 /home2/aseelectricalco/public_html/mindbels/system/Database/BaseBuilder.php(1916): CodeIgniter\Database\BaseConnection->query('INSERT INTO `co...', Array, false)
#4 /home2/aseelectricalco/public_html/mindbels/app/Models/Commanmodel.php(53): CodeIgniter\Database\BaseBuilder->insert(Array)
#5 /home2/aseelectricalco/public_html/mindbels/app/Controllers/Admin.php(1373): App\Models\Commanmodel->insert_query_get_inserid('courses', Array)
#6 /home2/aseelectricalco/public_html/mindbels/system/CodeIgniter.php(925): App\Controllers\Admin->create_courses_process()
#7 /home2/aseelectricalco/public_html/mindbels/system/CodeIgniter.php(480): CodeIgniter\CodeIgniter->runController(Object(App\Controllers\Admin))
#8 /home2/aseelectricalco/public_html/mindbels/system/CodeIgniter.php(349): CodeIgniter\CodeIgniter->handleRequest(NULL, Object(Config\Cache), false)
#9 /home2/aseelectricalco/public_html/mindbels/index.php(67): CodeIgniter\CodeIgniter->run()
#10 {main}
ERROR - 2024-06-19 00:33:48 --> mysqli_sql_exception: Column 'training_price_secondt' cannot be null in /home2/aseelectricalco/public_html/mindbels/system/Database/MySQLi/Connection.php:292
Stack trace:
#0 /home2/aseelectricalco/public_html/mindbels/system/Database/MySQLi/Connection.php(292): mysqli->query('INSERT INTO `co...', 0)
#1 /home2/aseelectricalco/public_html/mindbels/system/Database/BaseConnection.php(666): CodeIgniter\Database\MySQLi\Connection->execute('INSERT INTO `co...')
#2 /home2/aseelectricalco/public_html/mindbels/system/Database/BaseConnection.php(593): CodeIgniter\Database\BaseConnection->simpleQuery('INSERT INTO `co...')
#3 /home2/aseelectricalco/public_html/mindbels/system/Database/BaseBuilder.php(1916): CodeIgniter\Database\BaseConnection->query('INSERT INTO `co...', Array, false)
#4 /home2/aseelectricalco/public_html/mindbels/app/Models/Commanmodel.php(53): CodeIgniter\Database\BaseBuilder->insert(Array)
#5 /home2/aseelectricalco/public_html/mindbels/app/Controllers/Admin.php(1371): App\Models\Commanmodel->insert_query_get_inserid('courses', Array)
#6 /home2/aseelectricalco/public_html/mindbels/system/CodeIgniter.php(925): App\Controllers\Admin->create_courses_process()
#7 /home2/aseelectricalco/public_html/mindbels/system/CodeIgniter.php(480): CodeIgniter\CodeIgniter->runController(Object(App\Controllers\Admin))
#8 /home2/aseelectricalco/public_html/mindbels/system/CodeIgniter.php(349): CodeIgniter\CodeIgniter->handleRequest(NULL, Object(Config\Cache), false)
#9 /home2/aseelectricalco/public_html/mindbels/index.php(67): CodeIgniter\CodeIgniter->run()
#10 {main}
ERROR - 2024-06-19 00:34:09 --> mysqli_sql_exception: Column 'training_price_third' cannot be null in /home2/aseelectricalco/public_html/mindbels/system/Database/MySQLi/Connection.php:292
Stack trace:
#0 /home2/aseelectricalco/public_html/mindbels/system/Database/MySQLi/Connection.php(292): mysqli->query('INSERT INTO `co...', 0)
#1 /home2/aseelectricalco/public_html/mindbels/system/Database/BaseConnection.php(666): CodeIgniter\Database\MySQLi\Connection->execute('INSERT INTO `co...')
#2 /home2/aseelectricalco/public_html/mindbels/system/Database/BaseConnection.php(593): CodeIgniter\Database\BaseConnection->simpleQuery('INSERT INTO `co...')
#3 /home2/aseelectricalco/public_html/mindbels/system/Database/BaseBuilder.php(1916): CodeIgniter\Database\BaseConnection->query('INSERT INTO `co...', Array, false)
#4 /home2/aseelectricalco/public_html/mindbels/app/Models/Commanmodel.php(53): CodeIgniter\Database\BaseBuilder->insert(Array)
#5 /home2/aseelectricalco/public_html/mindbels/app/Controllers/Admin.php(1372): App\Models\Commanmodel->insert_query_get_inserid('courses', Array)
#6 /home2/aseelectricalco/public_html/mindbels/system/CodeIgniter.php(925): App\Controllers\Admin->create_courses_process()
#7 /home2/aseelectricalco/public_html/mindbels/system/CodeIgniter.php(480): CodeIgniter\CodeIgniter->runController(Object(App\Controllers\Admin))
#8 /home2/aseelectricalco/public_html/mindbels/system/CodeIgniter.php(349): CodeIgniter\CodeIgniter->handleRequest(NULL, Object(Config\Cache), false)
#9 /home2/aseelectricalco/public_html/mindbels/index.php(67): CodeIgniter\CodeIgniter->run()
#10 {main}
ERROR - 2024-06-19 00:34:13 --> mysqli_sql_exception: Column 'training_price_third' cannot be null in /home2/aseelectricalco/public_html/mindbels/system/Database/MySQLi/Connection.php:292
Stack trace:
#0 /home2/aseelectricalco/public_html/mindbels/system/Database/MySQLi/Connection.php(292): mysqli->query('INSERT INTO `co...', 0)
#1 /home2/aseelectricalco/public_html/mindbels/system/Database/BaseConnection.php(666): CodeIgniter\Database\MySQLi\Connection->execute('INSERT INTO `co...')
#2 /home2/aseelectricalco/public_html/mindbels/system/Database/BaseConnection.php(593): CodeIgniter\Database\BaseConnection->simpleQuery('INSERT INTO `co...')
#3 /home2/aseelectricalco/public_html/mindbels/system/Database/BaseBuilder.php(1916): CodeIgniter\Database\BaseConnection->query('INSERT INTO `co...', Array, false)
#4 /home2/aseelectricalco/public_html/mindbels/app/Models/Commanmodel.php(53): CodeIgniter\Database\BaseBuilder->insert(Array)
#5 /home2/aseelectricalco/public_html/mindbels/app/Controllers/Admin.php(1372): App\Models\Commanmodel->insert_query_get_inserid('courses', Array)
#6 /home2/aseelectricalco/public_html/mindbels/system/CodeIgniter.php(925): App\Controllers\Admin->create_courses_process()
#7 /home2/aseelectricalco/public_html/mindbels/system/CodeIgniter.php(480): CodeIgniter\CodeIgniter->runController(Object(App\Controllers\Admin))
#8 /home2/aseelectricalco/public_html/mindbels/system/CodeIgniter.php(349): CodeIgniter\CodeIgniter->handleRequest(NULL, Object(Config\Cache), false)
#9 /home2/aseelectricalco/public_html/mindbels/index.php(67): CodeIgniter\CodeIgniter->run()
#10 {main}
ERROR - 2024-06-19 00:34:46 --> mysqli_sql_exception: Column 'training_price_third' cannot be null in /home2/aseelectricalco/public_html/mindbels/system/Database/MySQLi/Connection.php:292
Stack trace:
#0 /home2/aseelectricalco/public_html/mindbels/system/Database/MySQLi/Connection.php(292): mysqli->query('INSERT INTO `co...', 0)
#1 /home2/aseelectricalco/public_html/mindbels/system/Database/BaseConnection.php(666): CodeIgniter\Database\MySQLi\Connection->execute('INSERT INTO `co...')
#2 /home2/aseelectricalco/public_html/mindbels/system/Database/BaseConnection.php(593): CodeIgniter\Database\BaseConnection->simpleQuery('INSERT INTO `co...')
#3 /home2/aseelectricalco/public_html/mindbels/system/Database/BaseBuilder.php(1916): CodeIgniter\Database\BaseConnection->query('INSERT INTO `co...', Array, false)
#4 /home2/aseelectricalco/public_html/mindbels/app/Models/Commanmodel.php(53): CodeIgniter\Database\BaseBuilder->insert(Array)
#5 /home2/aseelectricalco/public_html/mindbels/app/Controllers/Admin.php(1372): App\Models\Commanmodel->insert_query_get_inserid('courses', Array)
#6 /home2/aseelectricalco/public_html/mindbels/system/CodeIgniter.php(925): App\Controllers\Admin->create_courses_process()
#7 /home2/aseelectricalco/public_html/mindbels/system/CodeIgniter.php(480): CodeIgniter\CodeIgniter->runController(Object(App\Controllers\Admin))
#8 /home2/aseelectricalco/public_html/mindbels/system/CodeIgniter.php(349): CodeIgniter\CodeIgniter->handleRequest(NULL, Object(Config\Cache), false)
#9 /home2/aseelectricalco/public_html/mindbels/index.php(67): CodeIgniter\CodeIgniter->run()
#10 {main}
ERROR - 2024-06-19 00:35:22 --> mysqli_sql_exception: Column 'training_price_secondt' cannot be null in /home2/aseelectricalco/public_html/mindbels/system/Database/MySQLi/Connection.php:292
Stack trace:
#0 /home2/aseelectricalco/public_html/mindbels/system/Database/MySQLi/Connection.php(292): mysqli->query('INSERT INTO `co...', 0)
#1 /home2/aseelectricalco/public_html/mindbels/system/Database/BaseConnection.php(666): CodeIgniter\Database\MySQLi\Connection->execute('INSERT INTO `co...')
#2 /home2/aseelectricalco/public_html/mindbels/system/Database/BaseConnection.php(593): CodeIgniter\Database\BaseConnection->simpleQuery('INSERT INTO `co...')
#3 /home2/aseelectricalco/public_html/mindbels/system/Database/BaseBuilder.php(1916): CodeIgniter\Database\BaseConnection->query('INSERT INTO `co...', Array, false)
#4 /home2/aseelectricalco/public_html/mindbels/app/Models/Commanmodel.php(53): CodeIgniter\Database\BaseBuilder->insert(Array)
#5 /home2/aseelectricalco/public_html/mindbels/app/Controllers/Admin.php(1372): App\Models\Commanmodel->insert_query_get_inserid('courses', Array)
#6 /home2/aseelectricalco/public_html/mindbels/system/CodeIgniter.php(925): App\Controllers\Admin->create_courses_process()
#7 /home2/aseelectricalco/public_html/mindbels/system/CodeIgniter.php(480): CodeIgniter\CodeIgniter->runController(Object(App\Controllers\Admin))
#8 /home2/aseelectricalco/public_html/mindbels/system/CodeIgniter.php(349): CodeIgniter\CodeIgniter->handleRequest(NULL, Object(Config\Cache), false)
#9 /home2/aseelectricalco/public_html/mindbels/index.php(67): CodeIgniter\CodeIgniter->run()
#10 {main}
ERROR - 2024-06-19 00:36:24 --> mysqli_sql_exception: Column 'training_price_third' cannot be null in /home2/aseelectricalco/public_html/mindbels/system/Database/MySQLi/Connection.php:292
Stack trace:
#0 /home2/aseelectricalco/public_html/mindbels/system/Database/MySQLi/Connection.php(292): mysqli->query('INSERT INTO `co...', 0)
#1 /home2/aseelectricalco/public_html/mindbels/system/Database/BaseConnection.php(666): CodeIgniter\Database\MySQLi\Connection->execute('INSERT INTO `co...')
#2 /home2/aseelectricalco/public_html/mindbels/system/Database/BaseConnection.php(593): CodeIgniter\Database\BaseConnection->simpleQuery('INSERT INTO `co...')
#3 /home2/aseelectricalco/public_html/mindbels/system/Database/BaseBuilder.php(1916): CodeIgniter\Database\BaseConnection->query('INSERT INTO `co...', Array, false)
#4 /home2/aseelectricalco/public_html/mindbels/app/Models/Commanmodel.php(53): CodeIgniter\Database\BaseBuilder->insert(Array)
#5 /home2/aseelectricalco/public_html/mindbels/app/Controllers/Admin.php(1372): App\Models\Commanmodel->insert_query_get_inserid('courses', Array)
#6 /home2/aseelectricalco/public_html/mindbels/system/CodeIgniter.php(925): App\Controllers\Admin->create_courses_process()
#7 /home2/aseelectricalco/public_html/mindbels/system/CodeIgniter.php(480): CodeIgniter\CodeIgniter->runController(Object(App\Controllers\Admin))
#8 /home2/aseelectricalco/public_html/mindbels/system/CodeIgniter.php(349): CodeIgniter\CodeIgniter->handleRequest(NULL, Object(Config\Cache), false)
#9 /home2/aseelectricalco/public_html/mindbels/index.php(67): CodeIgniter\CodeIgniter->run()
#10 {main}
ERROR - 2024-06-19 00:36:38 --> mysqli_sql_exception: Column 'training_price_secondt' cannot be null in /home2/aseelectricalco/public_html/mindbels/system/Database/MySQLi/Connection.php:292
Stack trace:
#0 /home2/aseelectricalco/public_html/mindbels/system/Database/MySQLi/Connection.php(292): mysqli->query('INSERT INTO `co...', 0)
#1 /home2/aseelectricalco/public_html/mindbels/system/Database/BaseConnection.php(666): CodeIgniter\Database\MySQLi\Connection->execute('INSERT INTO `co...')
#2 /home2/aseelectricalco/public_html/mindbels/system/Database/BaseConnection.php(593): CodeIgniter\Database\BaseConnection->simpleQuery('INSERT INTO `co...')
#3 /home2/aseelectricalco/public_html/mindbels/system/Database/BaseBuilder.php(1916): CodeIgniter\Database\BaseConnection->query('INSERT INTO `co...', Array, false)
#4 /home2/aseelectricalco/public_html/mindbels/app/Models/Commanmodel.php(53): CodeIgniter\Database\BaseBuilder->insert(Array)
#5 /home2/aseelectricalco/public_html/mindbels/app/Controllers/Admin.php(1372): App\Models\Commanmodel->insert_query_get_inserid('courses', Array)
#6 /home2/aseelectricalco/public_html/mindbels/system/CodeIgniter.php(925): App\Controllers\Admin->create_courses_process()
#7 /home2/aseelectricalco/public_html/mindbels/system/CodeIgniter.php(480): CodeIgniter\CodeIgniter->runController(Object(App\Controllers\Admin))
#8 /home2/aseelectricalco/public_html/mindbels/system/CodeIgniter.php(349): CodeIgniter\CodeIgniter->handleRequest(NULL, Object(Config\Cache), false)
#9 /home2/aseelectricalco/public_html/mindbels/index.php(67): CodeIgniter\CodeIgniter->run()
#10 {main}
ERROR - 2024-06-19 00:36:57 --> mysqli_sql_exception: Column 'training_price_secondt' cannot be null in /home2/aseelectricalco/public_html/mindbels/system/Database/MySQLi/Connection.php:292
Stack trace:
#0 /home2/aseelectricalco/public_html/mindbels/system/Database/MySQLi/Connection.php(292): mysqli->query('INSERT INTO `co...', 0)
#1 /home2/aseelectricalco/public_html/mindbels/system/Database/BaseConnection.php(666): CodeIgniter\Database\MySQLi\Connection->execute('INSERT INTO `co...')
#2 /home2/aseelectricalco/public_html/mindbels/system/Database/BaseConnection.php(593): CodeIgniter\Database\BaseConnection->simpleQuery('INSERT INTO `co...')
#3 /home2/aseelectricalco/public_html/mindbels/system/Database/BaseBuilder.php(1916): CodeIgniter\Database\BaseConnection->query('INSERT INTO `co...', Array, false)
#4 /home2/aseelectricalco/public_html/mindbels/app/Models/Commanmodel.php(53): CodeIgniter\Database\BaseBuilder->insert(Array)
#5 /home2/aseelectricalco/public_html/mindbels/app/Controllers/Admin.php(1371): App\Models\Commanmodel->insert_query_get_inserid('courses', Array)
#6 /home2/aseelectricalco/public_html/mindbels/system/CodeIgniter.php(925): App\Controllers\Admin->create_courses_process()
#7 /home2/aseelectricalco/public_html/mindbels/system/CodeIgniter.php(480): CodeIgniter\CodeIgniter->runController(Object(App\Controllers\Admin))
#8 /home2/aseelectricalco/public_html/mindbels/system/CodeIgniter.php(349): CodeIgniter\CodeIgniter->handleRequest(NULL, Object(Config\Cache), false)
#9 /home2/aseelectricalco/public_html/mindbels/index.php(67): CodeIgniter\CodeIgniter->run()
#10 {main}
ERROR - 2024-06-19 00:37:28 --> mysqli_sql_exception: Column 'training_price_third' cannot be null in /home2/aseelectricalco/public_html/mindbels/system/Database/MySQLi/Connection.php:292
Stack trace:
#0 /home2/aseelectricalco/public_html/mindbels/system/Database/MySQLi/Connection.php(292): mysqli->query('INSERT INTO `co...', 0)
#1 /home2/aseelectricalco/public_html/mindbels/system/Database/BaseConnection.php(666): CodeIgniter\Database\MySQLi\Connection->execute('INSERT INTO `co...')
#2 /home2/aseelectricalco/public_html/mindbels/system/Database/BaseConnection.php(593): CodeIgniter\Database\BaseConnection->simpleQuery('INSERT INTO `co...')
#3 /home2/aseelectricalco/public_html/mindbels/system/Database/BaseBuilder.php(1916): CodeIgniter\Database\BaseConnection->query('INSERT INTO `co...', Array, false)
#4 /home2/aseelectricalco/public_html/mindbels/app/Models/Commanmodel.php(53): CodeIgniter\Database\BaseBuilder->insert(Array)
#5 /home2/aseelectricalco/public_html/mindbels/app/Controllers/Admin.php(1376): App\Models\Commanmodel->insert_query_get_inserid('courses', Array)
#6 /home2/aseelectricalco/public_html/mindbels/system/CodeIgniter.php(925): App\Controllers\Admin->create_courses_process()
#7 /home2/aseelectricalco/public_html/mindbels/system/CodeIgniter.php(480): CodeIgniter\CodeIgniter->runController(Object(App\Controllers\Admin))
#8 /home2/aseelectricalco/public_html/mindbels/system/CodeIgniter.php(349): CodeIgniter\CodeIgniter->handleRequest(NULL, Object(Config\Cache), false)
#9 /home2/aseelectricalco/public_html/mindbels/index.php(67): CodeIgniter\CodeIgniter->run()
#10 {main}
ERROR - 2024-06-19 00:37:53 --> mysqli_sql_exception: Column 'training_price_third' cannot be null in /home2/aseelectricalco/public_html/mindbels/system/Database/MySQLi/Connection.php:292
Stack trace:
#0 /home2/aseelectricalco/public_html/mindbels/system/Database/MySQLi/Connection.php(292): mysqli->query('INSERT INTO `co...', 0)
#1 /home2/aseelectricalco/public_html/mindbels/system/Database/BaseConnection.php(666): CodeIgniter\Database\MySQLi\Connection->execute('INSERT INTO `co...')
#2 /home2/aseelectricalco/public_html/mindbels/system/Database/BaseConnection.php(593): CodeIgniter\Database\BaseConnection->simpleQuery('INSERT INTO `co...')
#3 /home2/aseelectricalco/public_html/mindbels/system/Database/BaseBuilder.php(1916): CodeIgniter\Database\BaseConnection->query('INSERT INTO `co...', Array, false)
#4 /home2/aseelectricalco/public_html/mindbels/app/Models/Commanmodel.php(53): CodeIgniter\Database\BaseBuilder->insert(Array)
#5 /home2/aseelectricalco/public_html/mindbels/app/Controllers/Admin.php(1376): App\Models\Commanmodel->insert_query_get_inserid('courses', Array)
#6 /home2/aseelectricalco/public_html/mindbels/system/CodeIgniter.php(925): App\Controllers\Admin->create_courses_process()
#7 /home2/aseelectricalco/public_html/mindbels/system/CodeIgniter.php(480): CodeIgniter\CodeIgniter->runController(Object(App\Controllers\Admin))
#8 /home2/aseelectricalco/public_html/mindbels/system/CodeIgniter.php(349): CodeIgniter\CodeIgniter->handleRequest(NULL, Object(Config\Cache), false)
#9 /home2/aseelectricalco/public_html/mindbels/index.php(67): CodeIgniter\CodeIgniter->run()
#10 {main}
ERROR - 2024-06-19 00:38:01 --> mysqli_sql_exception: Column 'training_price_third' cannot be null in /home2/aseelectricalco/public_html/mindbels/system/Database/MySQLi/Connection.php:292
Stack trace:
#0 /home2/aseelectricalco/public_html/mindbels/system/Database/MySQLi/Connection.php(292): mysqli->query('INSERT INTO `co...', 0)
#1 /home2/aseelectricalco/public_html/mindbels/system/Database/BaseConnection.php(666): CodeIgniter\Database\MySQLi\Connection->execute('INSERT INTO `co...')
#2 /home2/aseelectricalco/public_html/mindbels/system/Database/BaseConnection.php(593): CodeIgniter\Database\BaseConnection->simpleQuery('INSERT INTO `co...')
#3 /home2/aseelectricalco/public_html/mindbels/system/Database/BaseBuilder.php(1916): CodeIgniter\Database\BaseConnection->query('INSERT INTO `co...', Array, false)
#4 /home2/aseelectricalco/public_html/mindbels/app/Models/Commanmodel.php(53): CodeIgniter\Database\BaseBuilder->insert(Array)
#5 /home2/aseelectricalco/public_html/mindbels/app/Controllers/Admin.php(1376): App\Models\Commanmodel->insert_query_get_inserid('courses', Array)
#6 /home2/aseelectricalco/public_html/mindbels/system/CodeIgniter.php(925): App\Controllers\Admin->create_courses_process()
#7 /home2/aseelectricalco/public_html/mindbels/system/CodeIgniter.php(480): CodeIgniter\CodeIgniter->runController(Object(App\Controllers\Admin))
#8 /home2/aseelectricalco/public_html/mindbels/system/CodeIgniter.php(349): CodeIgniter\CodeIgniter->handleRequest(NULL, Object(Config\Cache), false)
#9 /home2/aseelectricalco/public_html/mindbels/index.php(67): CodeIgniter\CodeIgniter->run()
#10 {main}
ERROR - 2024-06-19 00:39:48 --> mysqli_sql_exception: Column 'training_price_third' cannot be null in /home2/aseelectricalco/public_html/mindbels/system/Database/MySQLi/Connection.php:292
Stack trace:
#0 /home2/aseelectricalco/public_html/mindbels/system/Database/MySQLi/Connection.php(292): mysqli->query('INSERT INTO `co...', 0)
#1 /home2/aseelectricalco/public_html/mindbels/system/Database/BaseConnection.php(666): CodeIgniter\Database\MySQLi\Connection->execute('INSERT INTO `co...')
#2 /home2/aseelectricalco/public_html/mindbels/system/Database/BaseConnection.php(593): CodeIgniter\Database\BaseConnection->simpleQuery('INSERT INTO `co...')
#3 /home2/aseelectricalco/public_html/mindbels/system/Database/BaseBuilder.php(1916): CodeIgniter\Database\BaseConnection->query('INSERT INTO `co...', Array, false)
#4 /home2/aseelectricalco/public_html/mindbels/app/Models/Commanmodel.php(53): CodeIgniter\Database\BaseBuilder->insert(Array)
#5 /home2/aseelectricalco/public_html/mindbels/app/Controllers/Admin.php(1376): App\Models\Commanmodel->insert_query_get_inserid('courses', Array)
#6 /home2/aseelectricalco/public_html/mindbels/system/CodeIgniter.php(925): App\Controllers\Admin->create_courses_process()
#7 /home2/aseelectricalco/public_html/mindbels/system/CodeIgniter.php(480): CodeIgniter\CodeIgniter->runController(Object(App\Controllers\Admin))
#8 /home2/aseelectricalco/public_html/mindbels/system/CodeIgniter.php(349): CodeIgniter\CodeIgniter->handleRequest(NULL, Object(Config\Cache), false)
#9 /home2/aseelectricalco/public_html/mindbels/index.php(67): CodeIgniter\CodeIgniter->run()
#10 {main}
ERROR - 2024-06-19 00:40:45 --> mysqli_sql_exception: Column 'training_price_secondt' cannot be null in /home2/aseelectricalco/public_html/mindbels/system/Database/MySQLi/Connection.php:292
Stack trace:
#0 /home2/aseelectricalco/public_html/mindbels/system/Database/MySQLi/Connection.php(292): mysqli->query('INSERT INTO `co...', 0)
#1 /home2/aseelectricalco/public_html/mindbels/system/Database/BaseConnection.php(666): CodeIgniter\Database\MySQLi\Connection->execute('INSERT INTO `co...')
#2 /home2/aseelectricalco/public_html/mindbels/system/Database/BaseConnection.php(593): CodeIgniter\Database\BaseConnection->simpleQuery('INSERT INTO `co...')
#3 /home2/aseelectricalco/public_html/mindbels/system/Database/BaseBuilder.php(1916): CodeIgniter\Database\BaseConnection->query('INSERT INTO `co...', Array, false)
#4 /home2/aseelectricalco/public_html/mindbels/app/Models/Commanmodel.php(53): CodeIgniter\Database\BaseBuilder->insert(Array)
#5 /home2/aseelectricalco/public_html/mindbels/app/Controllers/Admin.php(1376): App\Models\Commanmodel->insert_query_get_inserid('courses', Array)
#6 /home2/aseelectricalco/public_html/mindbels/system/CodeIgniter.php(925): App\Controllers\Admin->create_courses_process()
#7 /home2/aseelectricalco/public_html/mindbels/system/CodeIgniter.php(480): CodeIgniter\CodeIgniter->runController(Object(App\Controllers\Admin))
#8 /home2/aseelectricalco/public_html/mindbels/system/CodeIgniter.php(349): CodeIgniter\CodeIgniter->handleRequest(NULL, Object(Config\Cache), false)
#9 /home2/aseelectricalco/public_html/mindbels/index.php(67): CodeIgniter\CodeIgniter->run()
#10 {main}
ERROR - 2024-06-19 00:41:40 --> mysqli_sql_exception: Column 'training_price_secondt' cannot be null in /home2/aseelectricalco/public_html/mindbels/system/Database/MySQLi/Connection.php:292
Stack trace:
#0 /home2/aseelectricalco/public_html/mindbels/system/Database/MySQLi/Connection.php(292): mysqli->query('INSERT INTO `co...', 0)
#1 /home2/aseelectricalco/public_html/mindbels/system/Database/BaseConnection.php(666): CodeIgniter\Database\MySQLi\Connection->execute('INSERT INTO `co...')
#2 /home2/aseelectricalco/public_html/mindbels/system/Database/BaseConnection.php(593): CodeIgniter\Database\BaseConnection->simpleQuery('INSERT INTO `co...')
#3 /home2/aseelectricalco/public_html/mindbels/system/Database/BaseBuilder.php(1916): CodeIgniter\Database\BaseConnection->query('INSERT INTO `co...', Array, false)
#4 /home2/aseelectricalco/public_html/mindbels/app/Models/Commanmodel.php(53): CodeIgniter\Database\BaseBuilder->insert(Array)
#5 /home2/aseelectricalco/public_html/mindbels/app/Controllers/Admin.php(1376): App\Models\Commanmodel->insert_query_get_inserid('courses', Array)
#6 /home2/aseelectricalco/public_html/mindbels/system/CodeIgniter.php(925): App\Controllers\Admin->create_courses_process()
#7 /home2/aseelectricalco/public_html/mindbels/system/CodeIgniter.php(480): CodeIgniter\CodeIgniter->runController(Object(App\Controllers\Admin))
#8 /home2/aseelectricalco/public_html/mindbels/system/CodeIgniter.php(349): CodeIgniter\CodeIgniter->handleRequest(NULL, Object(Config\Cache), false)
#9 /home2/aseelectricalco/public_html/mindbels/index.php(67): CodeIgniter\CodeIgniter->run()
#10 {main}
ERROR - 2024-06-19 00:41:49 --> mysqli_sql_exception: Column 'training_price_secondt' cannot be null in /home2/aseelectricalco/public_html/mindbels/system/Database/MySQLi/Connection.php:292
Stack trace:
#0 /home2/aseelectricalco/public_html/mindbels/system/Database/MySQLi/Connection.php(292): mysqli->query('INSERT INTO `co...', 0)
#1 /home2/aseelectricalco/public_html/mindbels/system/Database/BaseConnection.php(666): CodeIgniter\Database\MySQLi\Connection->execute('INSERT INTO `co...')
#2 /home2/aseelectricalco/public_html/mindbels/system/Database/BaseConnection.php(593): CodeIgniter\Database\BaseConnection->simpleQuery('INSERT INTO `co...')
#3 /home2/aseelectricalco/public_html/mindbels/system/Database/BaseBuilder.php(1916): CodeIgniter\Database\BaseConnection->query('INSERT INTO `co...', Array, false)
#4 /home2/aseelectricalco/public_html/mindbels/app/Models/Commanmodel.php(53): CodeIgniter\Database\BaseBuilder->insert(Array)
#5 /home2/aseelectricalco/public_html/mindbels/app/Controllers/Admin.php(1376): App\Models\Commanmodel->insert_query_get_inserid('courses', Array)
#6 /home2/aseelectricalco/public_html/mindbels/system/CodeIgniter.php(925): App\Controllers\Admin->create_courses_process()
#7 /home2/aseelectricalco/public_html/mindbels/system/CodeIgniter.php(480): CodeIgniter\CodeIgniter->runController(Object(App\Controllers\Admin))
#8 /home2/aseelectricalco/public_html/mindbels/system/CodeIgniter.php(349): CodeIgniter\CodeIgniter->handleRequest(NULL, Object(Config\Cache), false)
#9 /home2/aseelectricalco/public_html/mindbels/index.php(67): CodeIgniter\CodeIgniter->run()
#10 {main}
ERROR - 2024-06-19 00:43:42 --> mysqli_sql_exception: Column 'training_price_secondt' cannot be null in /home2/aseelectricalco/public_html/mindbels/system/Database/MySQLi/Connection.php:292
Stack trace:
#0 /home2/aseelectricalco/public_html/mindbels/system/Database/MySQLi/Connection.php(292): mysqli->query('INSERT INTO `co...', 0)
#1 /home2/aseelectricalco/public_html/mindbels/system/Database/BaseConnection.php(666): CodeIgniter\Database\MySQLi\Connection->execute('INSERT INTO `co...')
#2 /home2/aseelectricalco/public_html/mindbels/system/Database/BaseConnection.php(593): CodeIgniter\Database\BaseConnection->simpleQuery('INSERT INTO `co...')
#3 /home2/aseelectricalco/public_html/mindbels/system/Database/BaseBuilder.php(1916): CodeIgniter\Database\BaseConnection->query('INSERT INTO `co...', Array, false)
#4 /home2/aseelectricalco/public_html/mindbels/app/Models/Commanmodel.php(53): CodeIgniter\Database\BaseBuilder->insert(Array)
#5 /home2/aseelectricalco/public_html/mindbels/app/Controllers/Admin.php(1376): App\Models\Commanmodel->insert_query_get_inserid('courses', Array)
#6 /home2/aseelectricalco/public_html/mindbels/system/CodeIgniter.php(925): App\Controllers\Admin->create_courses_process()
#7 /home2/aseelectricalco/public_html/mindbels/system/CodeIgniter.php(480): CodeIgniter\CodeIgniter->runController(Object(App\Controllers\Admin))
#8 /home2/aseelectricalco/public_html/mindbels/system/CodeIgniter.php(349): CodeIgniter\CodeIgniter->handleRequest(NULL, Object(Config\Cache), false)
#9 /home2/aseelectricalco/public_html/mindbels/index.php(67): CodeIgniter\CodeIgniter->run()
#10 {main}
CRITICAL - 2024-06-19 01:26:06 --> Undefined array key "item_time_edit_34"
in APPPATH/Controllers/Admin.php on line 1549.
 1 APPPATH/Controllers/Admin.php(1549): CodeIgniter\Debug\Exceptions->errorHandler(2, 'Undefined array key "item_time_edit_34"', 'APPPATH/Controllers/Admin.php', 1549)
 2 SYSTEMPATH/CodeIgniter.php(925): App\Controllers\Admin->update_courses_process('13')
 3 SYSTEMPATH/CodeIgniter.php(480): CodeIgniter\CodeIgniter->runController(Object(App\Controllers\Admin))
 4 SYSTEMPATH/CodeIgniter.php(349): CodeIgniter\CodeIgniter->handleRequest(null, Object(Config\Cache), false)
 5 FCPATH/index.php(67): CodeIgniter\CodeIgniter->run()
CRITICAL - 2024-06-19 03:37:43 --> Invalid file: admin/create_user.php
in SYSTEMPATH/Exceptions/FrameworkException.php on line 33.
 1 SYSTEMPATH/View/View.php(201): CodeIgniter\Exceptions\FrameworkException::forInvalidFile('admin/create_user.php')
 2 SYSTEMPATH/Common.php(1135): CodeIgniter\View\View->render('admin/create_user', [], true)
 3 APPPATH/Controllers/Admin.php(1426): view('admin/create_user', [...])
 4 SYSTEMPATH/CodeIgniter.php(925): App\Controllers\Admin->create_courses_process()
 5 SYSTEMPATH/CodeIgniter.php(480): CodeIgniter\CodeIgniter->runController(Object(App\Controllers\Admin))
 6 SYSTEMPATH/CodeIgniter.php(349): CodeIgniter\CodeIgniter->handleRequest(null, Object(Config\Cache), false)
 7 FCPATH/index.php(67): CodeIgniter\CodeIgniter->run()
