CRITICAL - 2025-11-07 22:51:26 --> Attempt to read property "cms_id" on null
in APPPATH/Views/admin/edit-cms.php on line 36.
 1 APPPATH/Views/admin/edit-cms.php(36): CodeIgniter\Debug\Exceptions->errorHandler(2, 'Attempt to read property "cms_id" on null', 'APPPATH/Views/admin/edit-cms.php', 36)
 2 SYSTEMPATH/View/View.php(213): include('APPPATH/Views/admin/edit-cms.php')
 3 SYSTEMPATH/View/View.php(216): CodeIgniter\View\View->CodeIgniter\View\{closure}()
 4 SYSTEMPATH/Common.php(1135): CodeIgniter\View\View->render('admin/edit-cms', [], true)
 5 APPPATH/Controllers/Admin.php(758): view('admin/edit-cms', [...])
 6 SYSTEMPATH/CodeIgniter.php(925): App\Controllers\Admin->edit_cms('FCPATH/assets', 'img', 'user', 'u4.jpg')
 7 SYSTEMPATH/CodeIgniter.php(480): CodeIgniter\CodeIgniter->runController(Object(App\Controllers\Admin))
 8 SYSTEMPATH/CodeIgniter.php(349): CodeIgniter\CodeIgniter->handleRequest(null, Object(Config\Cache), false)
 9 FCPATH/index.php(67): CodeIgniter\CodeIgniter->run()
CRITICAL - 2025-11-07 22:51:26 --> Attempt to read property "cms_id" on null
in APPPATH/Views/admin/edit-cms.php on line 36.
 1 APPPATH/Views/admin/edit-cms.php(36): CodeIgniter\Debug\Exceptions->errorHandler(2, 'Attempt to read property "cms_id" on null', 'APPPATH/Views/admin/edit-cms.php', 36)
 2 SYSTEMPATH/View/View.php(213): include('APPPATH/Views/admin/edit-cms.php')
 3 SYSTEMPATH/View/View.php(216): CodeIgniter\View\View->CodeIgniter\View\{closure}()
 4 SYSTEMPATH/Common.php(1135): CodeIgniter\View\View->render('admin/edit-cms', [], true)
 5 APPPATH/Controllers/Admin.php(758): view('admin/edit-cms', [...])
 6 SYSTEMPATH/CodeIgniter.php(925): App\Controllers\Admin->edit_cms('FCPATH/assets', 'img', 'user', 'u1.jpg')
 7 SYSTEMPATH/CodeIgniter.php(480): CodeIgniter\CodeIgniter->runController(Object(App\Controllers\Admin))
 8 SYSTEMPATH/CodeIgniter.php(349): CodeIgniter\CodeIgniter->handleRequest(null, Object(Config\Cache), false)
 9 FCPATH/index.php(67): CodeIgniter\CodeIgniter->run()
CRITICAL - 2025-11-07 22:51:26 --> Attempt to read property "cms_id" on null
in APPPATH/Views/admin/edit-cms.php on line 36.
 1 APPPATH/Views/admin/edit-cms.php(36): CodeIgniter\Debug\Exceptions->errorHandler(2, 'Attempt to read property "cms_id" on null', 'APPPATH/Views/admin/edit-cms.php', 36)
 2 SYSTEMPATH/View/View.php(213): include('APPPATH/Views/admin/edit-cms.php')
 3 SYSTEMPATH/View/View.php(216): CodeIgniter\View\View->CodeIgniter\View\{closure}()
 4 SYSTEMPATH/Common.php(1135): CodeIgniter\View\View->render('admin/edit-cms', [], true)
 5 APPPATH/Controllers/Admin.php(758): view('admin/edit-cms', [...])
 6 SYSTEMPATH/CodeIgniter.php(925): App\Controllers\Admin->edit_cms('FCPATH/assets', 'img', 'user', 'u2.jpg')
 7 SYSTEMPATH/CodeIgniter.php(480): CodeIgniter\CodeIgniter->runController(Object(App\Controllers\Admin))
 8 SYSTEMPATH/CodeIgniter.php(349): CodeIgniter\CodeIgniter->handleRequest(null, Object(Config\Cache), false)
 9 FCPATH/index.php(67): CodeIgniter\CodeIgniter->run()
CRITICAL - 2025-11-07 22:51:26 --> Attempt to read property "cms_id" on null
in APPPATH/Views/admin/edit-cms.php on line 36.
 1 APPPATH/Views/admin/edit-cms.php(36): CodeIgniter\Debug\Exceptions->errorHandler(2, 'Attempt to read property "cms_id" on null', 'APPPATH/Views/admin/edit-cms.php', 36)
 2 SYSTEMPATH/View/View.php(213): include('APPPATH/Views/admin/edit-cms.php')
 3 SYSTEMPATH/View/View.php(216): CodeIgniter\View\View->CodeIgniter\View\{closure}()
 4 SYSTEMPATH/Common.php(1135): CodeIgniter\View\View->render('admin/edit-cms', [], true)
 5 APPPATH/Controllers/Admin.php(758): view('admin/edit-cms', [...])
 6 SYSTEMPATH/CodeIgniter.php(925): App\Controllers\Admin->edit_cms('FCPATH/assets', 'img', 'user', 'u5.jpg')
 7 SYSTEMPATH/CodeIgniter.php(480): CodeIgniter\CodeIgniter->runController(Object(App\Controllers\Admin))
 8 SYSTEMPATH/CodeIgniter.php(349): CodeIgniter\CodeIgniter->handleRequest(null, Object(Config\Cache), false)
 9 FCPATH/index.php(67): CodeIgniter\CodeIgniter->run()
CRITICAL - 2025-11-07 22:51:49 --> Attempt to read property "cms_id" on null
in APPPATH/Views/admin/edit-cms.php on line 36.
 1 APPPATH/Views/admin/edit-cms.php(36): CodeIgniter\Debug\Exceptions->errorHandler(2, 'Attempt to read property "cms_id" on null', 'APPPATH/Views/admin/edit-cms.php', 36)
 2 SYSTEMPATH/View/View.php(213): include('APPPATH/Views/admin/edit-cms.php')
 3 SYSTEMPATH/View/View.php(216): CodeIgniter\View\View->CodeIgniter\View\{closure}()
 4 SYSTEMPATH/Common.php(1135): CodeIgniter\View\View->render('admin/edit-cms', [], true)
 5 APPPATH/Controllers/Admin.php(758): view('admin/edit-cms', [...])
 6 SYSTEMPATH/CodeIgniter.php(925): App\Controllers\Admin->edit_cms('FCPATH/assets', 'img', 'user', 'u2.jpg')
 7 SYSTEMPATH/CodeIgniter.php(480): CodeIgniter\CodeIgniter->runController(Object(App\Controllers\Admin))
 8 SYSTEMPATH/CodeIgniter.php(349): CodeIgniter\CodeIgniter->handleRequest(null, Object(Config\Cache), false)
 9 FCPATH/index.php(67): CodeIgniter\CodeIgniter->run()
CRITICAL - 2025-11-07 22:51:49 --> Attempt to read property "cms_id" on null
in APPPATH/Views/admin/edit-cms.php on line 36.
 1 APPPATH/Views/admin/edit-cms.php(36): CodeIgniter\Debug\Exceptions->errorHandler(2, 'Attempt to read property "cms_id" on null', 'APPPATH/Views/admin/edit-cms.php', 36)
 2 SYSTEMPATH/View/View.php(213): include('APPPATH/Views/admin/edit-cms.php')
 3 SYSTEMPATH/View/View.php(216): CodeIgniter\View\View->CodeIgniter\View\{closure}()
 4 SYSTEMPATH/Common.php(1135): CodeIgniter\View\View->render('admin/edit-cms', [], true)
 5 APPPATH/Controllers/Admin.php(758): view('admin/edit-cms', [...])
 6 SYSTEMPATH/CodeIgniter.php(925): App\Controllers\Admin->edit_cms('FCPATH/assets', 'img', 'user', 'u5.jpg')
 7 SYSTEMPATH/CodeIgniter.php(480): CodeIgniter\CodeIgniter->runController(Object(App\Controllers\Admin))
 8 SYSTEMPATH/CodeIgniter.php(349): CodeIgniter\CodeIgniter->handleRequest(null, Object(Config\Cache), false)
 9 FCPATH/index.php(67): CodeIgniter\CodeIgniter->run()
CRITICAL - 2025-11-07 22:51:49 --> Attempt to read property "cms_id" on null
in APPPATH/Views/admin/edit-cms.php on line 36.
 1 APPPATH/Views/admin/edit-cms.php(36): CodeIgniter\Debug\Exceptions->errorHandler(2, 'Attempt to read property "cms_id" on null', 'APPPATH/Views/admin/edit-cms.php', 36)
 2 SYSTEMPATH/View/View.php(213): include('APPPATH/Views/admin/edit-cms.php')
 3 SYSTEMPATH/View/View.php(216): CodeIgniter\View\View->CodeIgniter\View\{closure}()
 4 SYSTEMPATH/Common.php(1135): CodeIgniter\View\View->render('admin/edit-cms', [], true)
 5 APPPATH/Controllers/Admin.php(758): view('admin/edit-cms', [...])
 6 SYSTEMPATH/CodeIgniter.php(925): App\Controllers\Admin->edit_cms('FCPATH/assets', 'img', 'user', 'u4.jpg')
 7 SYSTEMPATH/CodeIgniter.php(480): CodeIgniter\CodeIgniter->runController(Object(App\Controllers\Admin))
 8 SYSTEMPATH/CodeIgniter.php(349): CodeIgniter\CodeIgniter->handleRequest(null, Object(Config\Cache), false)
 9 FCPATH/index.php(67): CodeIgniter\CodeIgniter->run()
CRITICAL - 2025-11-07 22:51:49 --> Attempt to read property "cms_id" on null
in APPPATH/Views/admin/edit-cms.php on line 36.
 1 APPPATH/Views/admin/edit-cms.php(36): CodeIgniter\Debug\Exceptions->errorHandler(2, 'Attempt to read property "cms_id" on null', 'APPPATH/Views/admin/edit-cms.php', 36)
 2 SYSTEMPATH/View/View.php(213): include('APPPATH/Views/admin/edit-cms.php')
 3 SYSTEMPATH/View/View.php(216): CodeIgniter\View\View->CodeIgniter\View\{closure}()
 4 SYSTEMPATH/Common.php(1135): CodeIgniter\View\View->render('admin/edit-cms', [], true)
 5 APPPATH/Controllers/Admin.php(758): view('admin/edit-cms', [...])
 6 SYSTEMPATH/CodeIgniter.php(925): App\Controllers\Admin->edit_cms('FCPATH/assets', 'img', 'user', 'u1.jpg')
 7 SYSTEMPATH/CodeIgniter.php(480): CodeIgniter\CodeIgniter->runController(Object(App\Controllers\Admin))
 8 SYSTEMPATH/CodeIgniter.php(349): CodeIgniter\CodeIgniter->handleRequest(null, Object(Config\Cache), false)
 9 FCPATH/index.php(67): CodeIgniter\CodeIgniter->run()
CRITICAL - 2025-11-07 22:52:06 --> Attempt to read property "cms_id" on null
in APPPATH/Views/admin/edit-cms.php on line 36.
 1 APPPATH/Views/admin/edit-cms.php(36): CodeIgniter\Debug\Exceptions->errorHandler(2, 'Attempt to read property "cms_id" on null', 'APPPATH/Views/admin/edit-cms.php', 36)
 2 SYSTEMPATH/View/View.php(213): include('APPPATH/Views/admin/edit-cms.php')
 3 SYSTEMPATH/View/View.php(216): CodeIgniter\View\View->CodeIgniter\View\{closure}()
 4 SYSTEMPATH/Common.php(1135): CodeIgniter\View\View->render('admin/edit-cms', [], true)
 5 APPPATH/Controllers/Admin.php(758): view('admin/edit-cms', [...])
 6 SYSTEMPATH/CodeIgniter.php(925): App\Controllers\Admin->edit_cms('FCPATH/assets', 'img', 'user', 'u2.jpg')
 7 SYSTEMPATH/CodeIgniter.php(480): CodeIgniter\CodeIgniter->runController(Object(App\Controllers\Admin))
 8 SYSTEMPATH/CodeIgniter.php(349): CodeIgniter\CodeIgniter->handleRequest(null, Object(Config\Cache), false)
 9 FCPATH/index.php(67): CodeIgniter\CodeIgniter->run()
CRITICAL - 2025-11-07 22:52:06 --> Attempt to read property "cms_id" on null
in APPPATH/Views/admin/edit-cms.php on line 36.
 1 APPPATH/Views/admin/edit-cms.php(36): CodeIgniter\Debug\Exceptions->errorHandler(2, 'Attempt to read property "cms_id" on null', 'APPPATH/Views/admin/edit-cms.php', 36)
 2 SYSTEMPATH/View/View.php(213): include('APPPATH/Views/admin/edit-cms.php')
 3 SYSTEMPATH/View/View.php(216): CodeIgniter\View\View->CodeIgniter\View\{closure}()
 4 SYSTEMPATH/Common.php(1135): CodeIgniter\View\View->render('admin/edit-cms', [], true)
 5 APPPATH/Controllers/Admin.php(758): view('admin/edit-cms', [...])
 6 SYSTEMPATH/CodeIgniter.php(925): App\Controllers\Admin->edit_cms('FCPATH/assets', 'img', 'user', 'u1.jpg')
 7 SYSTEMPATH/CodeIgniter.php(480): CodeIgniter\CodeIgniter->runController(Object(App\Controllers\Admin))
 8 SYSTEMPATH/CodeIgniter.php(349): CodeIgniter\CodeIgniter->handleRequest(null, Object(Config\Cache), false)
 9 FCPATH/index.php(67): CodeIgniter\CodeIgniter->run()
CRITICAL - 2025-11-07 22:52:06 --> Attempt to read property "cms_id" on null
in APPPATH/Views/admin/edit-cms.php on line 36.
 1 APPPATH/Views/admin/edit-cms.php(36): CodeIgniter\Debug\Exceptions->errorHandler(2, 'Attempt to read property "cms_id" on null', 'APPPATH/Views/admin/edit-cms.php', 36)
 2 SYSTEMPATH/View/View.php(213): include('APPPATH/Views/admin/edit-cms.php')
 3 SYSTEMPATH/View/View.php(216): CodeIgniter\View\View->CodeIgniter\View\{closure}()
 4 SYSTEMPATH/Common.php(1135): CodeIgniter\View\View->render('admin/edit-cms', [], true)
 5 APPPATH/Controllers/Admin.php(758): view('admin/edit-cms', [...])
 6 SYSTEMPATH/CodeIgniter.php(925): App\Controllers\Admin->edit_cms('FCPATH/assets', 'img', 'user', 'u5.jpg')
 7 SYSTEMPATH/CodeIgniter.php(480): CodeIgniter\CodeIgniter->runController(Object(App\Controllers\Admin))
 8 SYSTEMPATH/CodeIgniter.php(349): CodeIgniter\CodeIgniter->handleRequest(null, Object(Config\Cache), false)
 9 FCPATH/index.php(67): CodeIgniter\CodeIgniter->run()
CRITICAL - 2025-11-07 22:52:06 --> Attempt to read property "cms_id" on null
in APPPATH/Views/admin/edit-cms.php on line 36.
 1 APPPATH/Views/admin/edit-cms.php(36): CodeIgniter\Debug\Exceptions->errorHandler(2, 'Attempt to read property "cms_id" on null', 'APPPATH/Views/admin/edit-cms.php', 36)
 2 SYSTEMPATH/View/View.php(213): include('APPPATH/Views/admin/edit-cms.php')
 3 SYSTEMPATH/View/View.php(216): CodeIgniter\View\View->CodeIgniter\View\{closure}()
 4 SYSTEMPATH/Common.php(1135): CodeIgniter\View\View->render('admin/edit-cms', [], true)
 5 APPPATH/Controllers/Admin.php(758): view('admin/edit-cms', [...])
 6 SYSTEMPATH/CodeIgniter.php(925): App\Controllers\Admin->edit_cms('FCPATH/assets', 'img', 'user', 'u4.jpg')
 7 SYSTEMPATH/CodeIgniter.php(480): CodeIgniter\CodeIgniter->runController(Object(App\Controllers\Admin))
 8 SYSTEMPATH/CodeIgniter.php(349): CodeIgniter\CodeIgniter->handleRequest(null, Object(Config\Cache), false)
 9 FCPATH/index.php(67): CodeIgniter\CodeIgniter->run()
