CRITICAL - 2023-02-02 04:53:30 --> Object of class stdClass could not be converted to string
in APPPATH/Controllers/Admin.php on line 1103.
 1 SYSTEMPATH/CodeIgniter.php(925): App\Controllers\Admin->product_scanner()
 2 SYSTEMPATH/CodeIgniter.php(480): CodeIgniter\CodeIgniter->runController(Object(App\Controllers\Admin))
 3 SYSTEMPATH/CodeIgniter.php(349): CodeIgniter\CodeIgniter->handleRequest(null, Object(Config\Cache), false)
 4 FCPATH/index.php(67): CodeIgniter\CodeIgniter->run()
CRITICAL - 2023-02-02 04:53:34 --> Object of class stdClass could not be converted to string
in APPPATH/Controllers/Admin.php on line 1103.
 1 SYSTEMPATH/CodeIgniter.php(925): App\Controllers\Admin->product_scanner()
 2 SYSTEMPATH/CodeIgniter.php(480): CodeIgniter\CodeIgniter->runController(Object(App\Controllers\Admin))
 3 SYSTEMPATH/CodeIgniter.php(349): CodeIgniter\CodeIgniter->handleRequest(null, Object(Config\Cache), false)
 4 FCPATH/index.php(67): CodeIgniter\CodeIgniter->run()
CRITICAL - 2023-02-02 04:53:36 --> Object of class stdClass could not be converted to string
in APPPATH/Controllers/Admin.php on line 1103.
 1 SYSTEMPATH/CodeIgniter.php(925): App\Controllers\Admin->product_scanner()
 2 SYSTEMPATH/CodeIgniter.php(480): CodeIgniter\CodeIgniter->runController(Object(App\Controllers\Admin))
 3 SYSTEMPATH/CodeIgniter.php(349): CodeIgniter\CodeIgniter->handleRequest(null, Object(Config\Cache), false)
 4 FCPATH/index.php(67): CodeIgniter\CodeIgniter->run()
CRITICAL - 2023-02-02 04:53:36 --> Object of class stdClass could not be converted to string
in APPPATH/Controllers/Admin.php on line 1103.
 1 SYSTEMPATH/CodeIgniter.php(925): App\Controllers\Admin->product_scanner()
 2 SYSTEMPATH/CodeIgniter.php(480): CodeIgniter\CodeIgniter->runController(Object(App\Controllers\Admin))
 3 SYSTEMPATH/CodeIgniter.php(349): CodeIgniter\CodeIgniter->handleRequest(null, Object(Config\Cache), false)
 4 FCPATH/index.php(67): CodeIgniter\CodeIgniter->run()
CRITICAL - 2023-02-02 04:53:41 --> Object of class stdClass could not be converted to string
in APPPATH/Controllers/Admin.php on line 1103.
 1 SYSTEMPATH/CodeIgniter.php(925): App\Controllers\Admin->product_scanner()
 2 SYSTEMPATH/CodeIgniter.php(480): CodeIgniter\CodeIgniter->runController(Object(App\Controllers\Admin))
 3 SYSTEMPATH/CodeIgniter.php(349): CodeIgniter\CodeIgniter->handleRequest(null, Object(Config\Cache), false)
 4 FCPATH/index.php(67): CodeIgniter\CodeIgniter->run()
CRITICAL - 2023-02-02 04:54:10 --> Object of class stdClass could not be converted to string
in APPPATH/Controllers/Admin.php on line 1106.
 1 SYSTEMPATH/CodeIgniter.php(925): App\Controllers\Admin->product_scanner()
 2 SYSTEMPATH/CodeIgniter.php(480): CodeIgniter\CodeIgniter->runController(Object(App\Controllers\Admin))
 3 SYSTEMPATH/CodeIgniter.php(349): CodeIgniter\CodeIgniter->handleRequest(null, Object(Config\Cache), false)
 4 FCPATH/index.php(67): CodeIgniter\CodeIgniter->run()
CRITICAL - 2023-02-02 04:54:10 --> Object of class stdClass could not be converted to string
in APPPATH/Controllers/Admin.php on line 1106.
 1 SYSTEMPATH/CodeIgniter.php(925): App\Controllers\Admin->product_scanner()
 2 SYSTEMPATH/CodeIgniter.php(480): CodeIgniter\CodeIgniter->runController(Object(App\Controllers\Admin))
 3 SYSTEMPATH/CodeIgniter.php(349): CodeIgniter\CodeIgniter->handleRequest(null, Object(Config\Cache), false)
 4 FCPATH/index.php(67): CodeIgniter\CodeIgniter->run()
