CRITICAL - 2026-05-20 10:57:25 --> Attempt to read property "meta_title" on null
in APPPATH/Controllers/Home.php on line 701.
 1 APPPATH/Controllers/Home.php(701): CodeIgniter\Debug\Exceptions->errorHandler()
 2 SYSTEMPATH/CodeIgniter.php(925): App\Controllers\Home->blog_detail()
 3 SYSTEMPATH/CodeIgniter.php(480): CodeIgniter\CodeIgniter->runController()
 4 SYSTEMPATH/CodeIgniter.php(349): CodeIgniter\CodeIgniter->handleRequest()
 5 FCPATH/index.php(67): CodeIgniter\CodeIgniter->run()
ERROR - 2026-05-20 17:23:27 --> mysqli_sql_exception: Unknown column 'reset_token' in 'WHERE' in /home/glezbsuv7iuc/public_html/system/Database/MySQLi/Connection.php:292
Stack trace:
#0 /home/glezbsuv7iuc/public_html/system/Database/MySQLi/Connection.php(292): mysqli->query()
#1 /home/glezbsuv7iuc/public_html/system/Database/BaseConnection.php(666): CodeIgniter\Database\MySQLi\Connection->execute()
#2 /home/glezbsuv7iuc/public_html/system/Database/BaseConnection.php(593): CodeIgniter\Database\BaseConnection->simpleQuery()
#3 /home/glezbsuv7iuc/public_html/system/Database/BaseBuilder.php(1585): CodeIgniter\Database\BaseConnection->query()
#4 /home/glezbsuv7iuc/public_html/app/Models/Commanmodel.php(896): CodeIgniter\Database\BaseBuilder->get()
#5 /home/glezbsuv7iuc/public_html/app/Controllers/Home.php(1882): App\Models\Commanmodel->get_single_query()
#6 /home/glezbsuv7iuc/public_html/system/CodeIgniter.php(925): App\Controllers\Home->updatePassword()
#7 /home/glezbsuv7iuc/public_html/system/CodeIgniter.php(480): CodeIgniter\CodeIgniter->runController()
#8 /home/glezbsuv7iuc/public_html/system/CodeIgniter.php(349): CodeIgniter\CodeIgniter->handleRequest()
#9 /home/glezbsuv7iuc/public_html/index.php(67): CodeIgniter\CodeIgniter->run()
#10 {main}
CRITICAL - 2026-05-20 17:23:27 --> Call to a member function getRow() on false
in APPPATH/Models/Commanmodel.php on line 897.
 1 APPPATH/Controllers/Home.php(1882): App\Models\Commanmodel->get_single_query()
 2 SYSTEMPATH/CodeIgniter.php(925): App\Controllers\Home->updatePassword()
 3 SYSTEMPATH/CodeIgniter.php(480): CodeIgniter\CodeIgniter->runController()
 4 SYSTEMPATH/CodeIgniter.php(349): CodeIgniter\CodeIgniter->handleRequest()
 5 FCPATH/index.php(67): CodeIgniter\CodeIgniter->run()
CRITICAL - 2026-05-20 17:30:11 --> Attempt to read property "religion_id" on null
in APPPATH/Controllers/Admin.php on line 5047.
 1 APPPATH/Controllers/Admin.php(5047): CodeIgniter\Debug\Exceptions->errorHandler()
 2 SYSTEMPATH/CodeIgniter.php(925): App\Controllers\Admin->profile_view()
 3 SYSTEMPATH/CodeIgniter.php(480): CodeIgniter\CodeIgniter->runController()
 4 SYSTEMPATH/CodeIgniter.php(349): CodeIgniter\CodeIgniter->handleRequest()
 5 FCPATH/index.php(67): CodeIgniter\CodeIgniter->run()
CRITICAL - 2026-05-20 17:30:11 --> Attempt to read property "religion_id" on null
in APPPATH/Controllers/Admin.php on line 5047.
 1 APPPATH/Controllers/Admin.php(5047): CodeIgniter\Debug\Exceptions->errorHandler()
 2 SYSTEMPATH/CodeIgniter.php(925): App\Controllers\Admin->profile_view()
 3 SYSTEMPATH/CodeIgniter.php(480): CodeIgniter\CodeIgniter->runController()
 4 SYSTEMPATH/CodeIgniter.php(349): CodeIgniter\CodeIgniter->handleRequest()
 5 FCPATH/index.php(67): CodeIgniter\CodeIgniter->run()
CRITICAL - 2026-05-20 17:30:12 --> Attempt to read property "religion_id" on null
in APPPATH/Controllers/Admin.php on line 5047.
 1 APPPATH/Controllers/Admin.php(5047): CodeIgniter\Debug\Exceptions->errorHandler()
 2 SYSTEMPATH/CodeIgniter.php(925): App\Controllers\Admin->profile_view()
 3 SYSTEMPATH/CodeIgniter.php(480): CodeIgniter\CodeIgniter->runController()
 4 SYSTEMPATH/CodeIgniter.php(349): CodeIgniter\CodeIgniter->handleRequest()
 5 FCPATH/index.php(67): CodeIgniter\CodeIgniter->run()
CRITICAL - 2026-05-20 17:30:12 --> Attempt to read property "religion_id" on null
in APPPATH/Controllers/Admin.php on line 5047.
 1 APPPATH/Controllers/Admin.php(5047): CodeIgniter\Debug\Exceptions->errorHandler()
 2 SYSTEMPATH/CodeIgniter.php(925): App\Controllers\Admin->profile_view()
 3 SYSTEMPATH/CodeIgniter.php(480): CodeIgniter\CodeIgniter->runController()
 4 SYSTEMPATH/CodeIgniter.php(349): CodeIgniter\CodeIgniter->handleRequest()
 5 FCPATH/index.php(67): CodeIgniter\CodeIgniter->run()
CRITICAL - 2026-05-20 17:32:05 --> Attempt to read property "religion_id" on null
in APPPATH/Controllers/Admin.php on line 5047.
 1 APPPATH/Controllers/Admin.php(5047): CodeIgniter\Debug\Exceptions->errorHandler()
 2 SYSTEMPATH/CodeIgniter.php(925): App\Controllers\Admin->profile_view()
 3 SYSTEMPATH/CodeIgniter.php(480): CodeIgniter\CodeIgniter->runController()
 4 SYSTEMPATH/CodeIgniter.php(349): CodeIgniter\CodeIgniter->handleRequest()
 5 FCPATH/index.php(67): CodeIgniter\CodeIgniter->run()
CRITICAL - 2026-05-20 17:32:05 --> Attempt to read property "religion_id" on null
in APPPATH/Controllers/Admin.php on line 5047.
 1 APPPATH/Controllers/Admin.php(5047): CodeIgniter\Debug\Exceptions->errorHandler()
 2 SYSTEMPATH/CodeIgniter.php(925): App\Controllers\Admin->profile_view()
 3 SYSTEMPATH/CodeIgniter.php(480): CodeIgniter\CodeIgniter->runController()
 4 SYSTEMPATH/CodeIgniter.php(349): CodeIgniter\CodeIgniter->handleRequest()
 5 FCPATH/index.php(67): CodeIgniter\CodeIgniter->run()
CRITICAL - 2026-05-20 17:32:05 --> Attempt to read property "religion_id" on null
in APPPATH/Controllers/Admin.php on line 5047.
 1 APPPATH/Controllers/Admin.php(5047): CodeIgniter\Debug\Exceptions->errorHandler()
 2 SYSTEMPATH/CodeIgniter.php(925): App\Controllers\Admin->profile_view()
 3 SYSTEMPATH/CodeIgniter.php(480): CodeIgniter\CodeIgniter->runController()
 4 SYSTEMPATH/CodeIgniter.php(349): CodeIgniter\CodeIgniter->handleRequest()
 5 FCPATH/index.php(67): CodeIgniter\CodeIgniter->run()
CRITICAL - 2026-05-20 17:32:05 --> Attempt to read property "religion_id" on null
in APPPATH/Controllers/Admin.php on line 5047.
 1 APPPATH/Controllers/Admin.php(5047): CodeIgniter\Debug\Exceptions->errorHandler()
 2 SYSTEMPATH/CodeIgniter.php(925): App\Controllers\Admin->profile_view()
 3 SYSTEMPATH/CodeIgniter.php(480): CodeIgniter\CodeIgniter->runController()
 4 SYSTEMPATH/CodeIgniter.php(349): CodeIgniter\CodeIgniter->handleRequest()
 5 FCPATH/index.php(67): CodeIgniter\CodeIgniter->run()
CRITICAL - 2026-05-20 17:32:34 --> Attempt to read property "religion_id" on null
in APPPATH/Controllers/Admin.php on line 5047.
 1 APPPATH/Controllers/Admin.php(5047): CodeIgniter\Debug\Exceptions->errorHandler()
 2 SYSTEMPATH/CodeIgniter.php(925): App\Controllers\Admin->profile_view()
 3 SYSTEMPATH/CodeIgniter.php(480): CodeIgniter\CodeIgniter->runController()
 4 SYSTEMPATH/CodeIgniter.php(349): CodeIgniter\CodeIgniter->handleRequest()
 5 FCPATH/index.php(67): CodeIgniter\CodeIgniter->run()
CRITICAL - 2026-05-20 17:32:34 --> Attempt to read property "religion_id" on null
in APPPATH/Controllers/Admin.php on line 5047.
 1 APPPATH/Controllers/Admin.php(5047): CodeIgniter\Debug\Exceptions->errorHandler()
 2 SYSTEMPATH/CodeIgniter.php(925): App\Controllers\Admin->profile_view()
 3 SYSTEMPATH/CodeIgniter.php(480): CodeIgniter\CodeIgniter->runController()
 4 SYSTEMPATH/CodeIgniter.php(349): CodeIgniter\CodeIgniter->handleRequest()
 5 FCPATH/index.php(67): CodeIgniter\CodeIgniter->run()
CRITICAL - 2026-05-20 17:32:34 --> Attempt to read property "religion_id" on null
in APPPATH/Controllers/Admin.php on line 5047.
 1 APPPATH/Controllers/Admin.php(5047): CodeIgniter\Debug\Exceptions->errorHandler()
 2 SYSTEMPATH/CodeIgniter.php(925): App\Controllers\Admin->profile_view()
 3 SYSTEMPATH/CodeIgniter.php(480): CodeIgniter\CodeIgniter->runController()
 4 SYSTEMPATH/CodeIgniter.php(349): CodeIgniter\CodeIgniter->handleRequest()
 5 FCPATH/index.php(67): CodeIgniter\CodeIgniter->run()
CRITICAL - 2026-05-20 17:32:34 --> Attempt to read property "religion_id" on null
in APPPATH/Controllers/Admin.php on line 5047.
 1 APPPATH/Controllers/Admin.php(5047): CodeIgniter\Debug\Exceptions->errorHandler()
 2 SYSTEMPATH/CodeIgniter.php(925): App\Controllers\Admin->profile_view()
 3 SYSTEMPATH/CodeIgniter.php(480): CodeIgniter\CodeIgniter->runController()
 4 SYSTEMPATH/CodeIgniter.php(349): CodeIgniter\CodeIgniter->handleRequest()
 5 FCPATH/index.php(67): CodeIgniter\CodeIgniter->run()
CRITICAL - 2026-05-20 17:32:51 --> Attempt to read property "religion_id" on null
in APPPATH/Controllers/Admin.php on line 5047.
 1 APPPATH/Controllers/Admin.php(5047): CodeIgniter\Debug\Exceptions->errorHandler()
 2 SYSTEMPATH/CodeIgniter.php(925): App\Controllers\Admin->profile_view()
 3 SYSTEMPATH/CodeIgniter.php(480): CodeIgniter\CodeIgniter->runController()
 4 SYSTEMPATH/CodeIgniter.php(349): CodeIgniter\CodeIgniter->handleRequest()
 5 FCPATH/index.php(67): CodeIgniter\CodeIgniter->run()
CRITICAL - 2026-05-20 17:32:51 --> Attempt to read property "religion_id" on null
in APPPATH/Controllers/Admin.php on line 5047.
 1 APPPATH/Controllers/Admin.php(5047): CodeIgniter\Debug\Exceptions->errorHandler()
 2 SYSTEMPATH/CodeIgniter.php(925): App\Controllers\Admin->profile_view()
 3 SYSTEMPATH/CodeIgniter.php(480): CodeIgniter\CodeIgniter->runController()
 4 SYSTEMPATH/CodeIgniter.php(349): CodeIgniter\CodeIgniter->handleRequest()
 5 FCPATH/index.php(67): CodeIgniter\CodeIgniter->run()
CRITICAL - 2026-05-20 17:32:51 --> Attempt to read property "religion_id" on null
in APPPATH/Controllers/Admin.php on line 5047.
 1 APPPATH/Controllers/Admin.php(5047): CodeIgniter\Debug\Exceptions->errorHandler()
 2 SYSTEMPATH/CodeIgniter.php(925): App\Controllers\Admin->profile_view()
 3 SYSTEMPATH/CodeIgniter.php(480): CodeIgniter\CodeIgniter->runController()
 4 SYSTEMPATH/CodeIgniter.php(349): CodeIgniter\CodeIgniter->handleRequest()
 5 FCPATH/index.php(67): CodeIgniter\CodeIgniter->run()
CRITICAL - 2026-05-20 17:32:51 --> Attempt to read property "religion_id" on null
in APPPATH/Controllers/Admin.php on line 5047.
 1 APPPATH/Controllers/Admin.php(5047): CodeIgniter\Debug\Exceptions->errorHandler()
 2 SYSTEMPATH/CodeIgniter.php(925): App\Controllers\Admin->profile_view()
 3 SYSTEMPATH/CodeIgniter.php(480): CodeIgniter\CodeIgniter->runController()
 4 SYSTEMPATH/CodeIgniter.php(349): CodeIgniter\CodeIgniter->handleRequest()
 5 FCPATH/index.php(67): CodeIgniter\CodeIgniter->run()
CRITICAL - 2026-05-20 17:33:06 --> Attempt to read property "religion_id" on null
in APPPATH/Controllers/Admin.php on line 5047.
 1 APPPATH/Controllers/Admin.php(5047): CodeIgniter\Debug\Exceptions->errorHandler()
 2 SYSTEMPATH/CodeIgniter.php(925): App\Controllers\Admin->profile_view()
 3 SYSTEMPATH/CodeIgniter.php(480): CodeIgniter\CodeIgniter->runController()
 4 SYSTEMPATH/CodeIgniter.php(349): CodeIgniter\CodeIgniter->handleRequest()
 5 FCPATH/index.php(67): CodeIgniter\CodeIgniter->run()
CRITICAL - 2026-05-20 17:33:06 --> Attempt to read property "religion_id" on null
in APPPATH/Controllers/Admin.php on line 5047.
 1 APPPATH/Controllers/Admin.php(5047): CodeIgniter\Debug\Exceptions->errorHandler()
 2 SYSTEMPATH/CodeIgniter.php(925): App\Controllers\Admin->profile_view()
 3 SYSTEMPATH/CodeIgniter.php(480): CodeIgniter\CodeIgniter->runController()
 4 SYSTEMPATH/CodeIgniter.php(349): CodeIgniter\CodeIgniter->handleRequest()
 5 FCPATH/index.php(67): CodeIgniter\CodeIgniter->run()
CRITICAL - 2026-05-20 17:33:06 --> Attempt to read property "religion_id" on null
in APPPATH/Controllers/Admin.php on line 5047.
 1 APPPATH/Controllers/Admin.php(5047): CodeIgniter\Debug\Exceptions->errorHandler()
 2 SYSTEMPATH/CodeIgniter.php(925): App\Controllers\Admin->profile_view()
 3 SYSTEMPATH/CodeIgniter.php(480): CodeIgniter\CodeIgniter->runController()
 4 SYSTEMPATH/CodeIgniter.php(349): CodeIgniter\CodeIgniter->handleRequest()
 5 FCPATH/index.php(67): CodeIgniter\CodeIgniter->run()
CRITICAL - 2026-05-20 17:33:06 --> Attempt to read property "religion_id" on null
in APPPATH/Controllers/Admin.php on line 5047.
 1 APPPATH/Controllers/Admin.php(5047): CodeIgniter\Debug\Exceptions->errorHandler()
 2 SYSTEMPATH/CodeIgniter.php(925): App\Controllers\Admin->profile_view()
 3 SYSTEMPATH/CodeIgniter.php(480): CodeIgniter\CodeIgniter->runController()
 4 SYSTEMPATH/CodeIgniter.php(349): CodeIgniter\CodeIgniter->handleRequest()
 5 FCPATH/index.php(67): CodeIgniter\CodeIgniter->run()
CRITICAL - 2026-05-20 17:35:36 --> Trying to access array offset on null
in APPPATH/Controllers/DashboardController.php on line 339.
 1 APPPATH/Controllers/DashboardController.php(339): CodeIgniter\Debug\Exceptions->errorHandler()
 2 SYSTEMPATH/CodeIgniter.php(925): App\Controllers\DashboardController->getCounts()
 3 SYSTEMPATH/CodeIgniter.php(480): CodeIgniter\CodeIgniter->runController()
 4 SYSTEMPATH/CodeIgniter.php(349): CodeIgniter\CodeIgniter->handleRequest()
 5 FCPATH/index.php(67): CodeIgniter\CodeIgniter->run()
CRITICAL - 2026-05-20 17:36:06 --> Trying to access array offset on null
in APPPATH/Controllers/DashboardController.php on line 339.
 1 APPPATH/Controllers/DashboardController.php(339): CodeIgniter\Debug\Exceptions->errorHandler()
 2 SYSTEMPATH/CodeIgniter.php(925): App\Controllers\DashboardController->getCounts()
 3 SYSTEMPATH/CodeIgniter.php(480): CodeIgniter\CodeIgniter->runController()
 4 SYSTEMPATH/CodeIgniter.php(349): CodeIgniter\CodeIgniter->handleRequest()
 5 FCPATH/index.php(67): CodeIgniter\CodeIgniter->run()
CRITICAL - 2026-05-20 17:36:37 --> Trying to access array offset on null
in APPPATH/Controllers/DashboardController.php on line 339.
 1 APPPATH/Controllers/DashboardController.php(339): CodeIgniter\Debug\Exceptions->errorHandler()
 2 SYSTEMPATH/CodeIgniter.php(925): App\Controllers\DashboardController->getCounts()
 3 SYSTEMPATH/CodeIgniter.php(480): CodeIgniter\CodeIgniter->runController()
 4 SYSTEMPATH/CodeIgniter.php(349): CodeIgniter\CodeIgniter->handleRequest()
 5 FCPATH/index.php(67): CodeIgniter\CodeIgniter->run()
CRITICAL - 2026-05-20 17:37:06 --> Trying to access array offset on null
in APPPATH/Controllers/DashboardController.php on line 339.
 1 APPPATH/Controllers/DashboardController.php(339): CodeIgniter\Debug\Exceptions->errorHandler()
 2 SYSTEMPATH/CodeIgniter.php(925): App\Controllers\DashboardController->getCounts()
 3 SYSTEMPATH/CodeIgniter.php(480): CodeIgniter\CodeIgniter->runController()
 4 SYSTEMPATH/CodeIgniter.php(349): CodeIgniter\CodeIgniter->handleRequest()
 5 FCPATH/index.php(67): CodeIgniter\CodeIgniter->run()
CRITICAL - 2026-05-20 17:37:37 --> Trying to access array offset on null
in APPPATH/Controllers/DashboardController.php on line 339.
 1 APPPATH/Controllers/DashboardController.php(339): CodeIgniter\Debug\Exceptions->errorHandler()
 2 SYSTEMPATH/CodeIgniter.php(925): App\Controllers\DashboardController->getCounts()
 3 SYSTEMPATH/CodeIgniter.php(480): CodeIgniter\CodeIgniter->runController()
 4 SYSTEMPATH/CodeIgniter.php(349): CodeIgniter\CodeIgniter->handleRequest()
 5 FCPATH/index.php(67): CodeIgniter\CodeIgniter->run()
CRITICAL - 2026-05-20 17:38:07 --> Trying to access array offset on null
in APPPATH/Controllers/DashboardController.php on line 339.
 1 APPPATH/Controllers/DashboardController.php(339): CodeIgniter\Debug\Exceptions->errorHandler()
 2 SYSTEMPATH/CodeIgniter.php(925): App\Controllers\DashboardController->getCounts()
 3 SYSTEMPATH/CodeIgniter.php(480): CodeIgniter\CodeIgniter->runController()
 4 SYSTEMPATH/CodeIgniter.php(349): CodeIgniter\CodeIgniter->handleRequest()
 5 FCPATH/index.php(67): CodeIgniter\CodeIgniter->run()
CRITICAL - 2026-05-20 17:38:38 --> Trying to access array offset on null
in APPPATH/Controllers/DashboardController.php on line 339.
 1 APPPATH/Controllers/DashboardController.php(339): CodeIgniter\Debug\Exceptions->errorHandler()
 2 SYSTEMPATH/CodeIgniter.php(925): App\Controllers\DashboardController->getCounts()
 3 SYSTEMPATH/CodeIgniter.php(480): CodeIgniter\CodeIgniter->runController()
 4 SYSTEMPATH/CodeIgniter.php(349): CodeIgniter\CodeIgniter->handleRequest()
 5 FCPATH/index.php(67): CodeIgniter\CodeIgniter->run()
CRITICAL - 2026-05-20 17:39:08 --> Trying to access array offset on null
in APPPATH/Controllers/DashboardController.php on line 339.
 1 APPPATH/Controllers/DashboardController.php(339): CodeIgniter\Debug\Exceptions->errorHandler()
 2 SYSTEMPATH/CodeIgniter.php(925): App\Controllers\DashboardController->getCounts()
 3 SYSTEMPATH/CodeIgniter.php(480): CodeIgniter\CodeIgniter->runController()
 4 SYSTEMPATH/CodeIgniter.php(349): CodeIgniter\CodeIgniter->handleRequest()
 5 FCPATH/index.php(67): CodeIgniter\CodeIgniter->run()
CRITICAL - 2026-05-20 17:39:38 --> Trying to access array offset on null
in APPPATH/Controllers/DashboardController.php on line 339.
 1 APPPATH/Controllers/DashboardController.php(339): CodeIgniter\Debug\Exceptions->errorHandler()
 2 SYSTEMPATH/CodeIgniter.php(925): App\Controllers\DashboardController->getCounts()
 3 SYSTEMPATH/CodeIgniter.php(480): CodeIgniter\CodeIgniter->runController()
 4 SYSTEMPATH/CodeIgniter.php(349): CodeIgniter\CodeIgniter->handleRequest()
 5 FCPATH/index.php(67): CodeIgniter\CodeIgniter->run()
CRITICAL - 2026-05-20 17:40:09 --> Trying to access array offset on null
in APPPATH/Controllers/DashboardController.php on line 339.
 1 APPPATH/Controllers/DashboardController.php(339): CodeIgniter\Debug\Exceptions->errorHandler()
 2 SYSTEMPATH/CodeIgniter.php(925): App\Controllers\DashboardController->getCounts()
 3 SYSTEMPATH/CodeIgniter.php(480): CodeIgniter\CodeIgniter->runController()
 4 SYSTEMPATH/CodeIgniter.php(349): CodeIgniter\CodeIgniter->handleRequest()
 5 FCPATH/index.php(67): CodeIgniter\CodeIgniter->run()
CRITICAL - 2026-05-20 17:40:39 --> Trying to access array offset on null
in APPPATH/Controllers/DashboardController.php on line 339.
 1 APPPATH/Controllers/DashboardController.php(339): CodeIgniter\Debug\Exceptions->errorHandler()
 2 SYSTEMPATH/CodeIgniter.php(925): App\Controllers\DashboardController->getCounts()
 3 SYSTEMPATH/CodeIgniter.php(480): CodeIgniter\CodeIgniter->runController()
 4 SYSTEMPATH/CodeIgniter.php(349): CodeIgniter\CodeIgniter->handleRequest()
 5 FCPATH/index.php(67): CodeIgniter\CodeIgniter->run()
CRITICAL - 2026-05-20 17:41:10 --> Trying to access array offset on null
in APPPATH/Controllers/DashboardController.php on line 339.
 1 APPPATH/Controllers/DashboardController.php(339): CodeIgniter\Debug\Exceptions->errorHandler()
 2 SYSTEMPATH/CodeIgniter.php(925): App\Controllers\DashboardController->getCounts()
 3 SYSTEMPATH/CodeIgniter.php(480): CodeIgniter\CodeIgniter->runController()
 4 SYSTEMPATH/CodeIgniter.php(349): CodeIgniter\CodeIgniter->handleRequest()
 5 FCPATH/index.php(67): CodeIgniter\CodeIgniter->run()
CRITICAL - 2026-05-20 17:41:40 --> Trying to access array offset on null
in APPPATH/Controllers/DashboardController.php on line 339.
 1 APPPATH/Controllers/DashboardController.php(339): CodeIgniter\Debug\Exceptions->errorHandler()
 2 SYSTEMPATH/CodeIgniter.php(925): App\Controllers\DashboardController->getCounts()
 3 SYSTEMPATH/CodeIgniter.php(480): CodeIgniter\CodeIgniter->runController()
 4 SYSTEMPATH/CodeIgniter.php(349): CodeIgniter\CodeIgniter->handleRequest()
 5 FCPATH/index.php(67): CodeIgniter\CodeIgniter->run()
CRITICAL - 2026-05-20 17:42:10 --> Trying to access array offset on null
in APPPATH/Controllers/DashboardController.php on line 339.
 1 APPPATH/Controllers/DashboardController.php(339): CodeIgniter\Debug\Exceptions->errorHandler()
 2 SYSTEMPATH/CodeIgniter.php(925): App\Controllers\DashboardController->getCounts()
 3 SYSTEMPATH/CodeIgniter.php(480): CodeIgniter\CodeIgniter->runController()
 4 SYSTEMPATH/CodeIgniter.php(349): CodeIgniter\CodeIgniter->handleRequest()
 5 FCPATH/index.php(67): CodeIgniter\CodeIgniter->run()
CRITICAL - 2026-05-20 17:42:41 --> Trying to access array offset on null
in APPPATH/Controllers/DashboardController.php on line 339.
 1 APPPATH/Controllers/DashboardController.php(339): CodeIgniter\Debug\Exceptions->errorHandler()
 2 SYSTEMPATH/CodeIgniter.php(925): App\Controllers\DashboardController->getCounts()
 3 SYSTEMPATH/CodeIgniter.php(480): CodeIgniter\CodeIgniter->runController()
 4 SYSTEMPATH/CodeIgniter.php(349): CodeIgniter\CodeIgniter->handleRequest()
 5 FCPATH/index.php(67): CodeIgniter\CodeIgniter->run()
CRITICAL - 2026-05-20 17:43:11 --> Trying to access array offset on null
in APPPATH/Controllers/DashboardController.php on line 339.
 1 APPPATH/Controllers/DashboardController.php(339): CodeIgniter\Debug\Exceptions->errorHandler()
 2 SYSTEMPATH/CodeIgniter.php(925): App\Controllers\DashboardController->getCounts()
 3 SYSTEMPATH/CodeIgniter.php(480): CodeIgniter\CodeIgniter->runController()
 4 SYSTEMPATH/CodeIgniter.php(349): CodeIgniter\CodeIgniter->handleRequest()
 5 FCPATH/index.php(67): CodeIgniter\CodeIgniter->run()
CRITICAL - 2026-05-20 17:43:41 --> Trying to access array offset on null
in APPPATH/Controllers/DashboardController.php on line 339.
 1 APPPATH/Controllers/DashboardController.php(339): CodeIgniter\Debug\Exceptions->errorHandler()
 2 SYSTEMPATH/CodeIgniter.php(925): App\Controllers\DashboardController->getCounts()
 3 SYSTEMPATH/CodeIgniter.php(480): CodeIgniter\CodeIgniter->runController()
 4 SYSTEMPATH/CodeIgniter.php(349): CodeIgniter\CodeIgniter->handleRequest()
 5 FCPATH/index.php(67): CodeIgniter\CodeIgniter->run()
CRITICAL - 2026-05-20 17:44:11 --> Trying to access array offset on null
in APPPATH/Controllers/DashboardController.php on line 339.
 1 APPPATH/Controllers/DashboardController.php(339): CodeIgniter\Debug\Exceptions->errorHandler()
 2 SYSTEMPATH/CodeIgniter.php(925): App\Controllers\DashboardController->getCounts()
 3 SYSTEMPATH/CodeIgniter.php(480): CodeIgniter\CodeIgniter->runController()
 4 SYSTEMPATH/CodeIgniter.php(349): CodeIgniter\CodeIgniter->handleRequest()
 5 FCPATH/index.php(67): CodeIgniter\CodeIgniter->run()
CRITICAL - 2026-05-20 17:44:42 --> Trying to access array offset on null
in APPPATH/Controllers/DashboardController.php on line 339.
 1 APPPATH/Controllers/DashboardController.php(339): CodeIgniter\Debug\Exceptions->errorHandler()
 2 SYSTEMPATH/CodeIgniter.php(925): App\Controllers\DashboardController->getCounts()
 3 SYSTEMPATH/CodeIgniter.php(480): CodeIgniter\CodeIgniter->runController()
 4 SYSTEMPATH/CodeIgniter.php(349): CodeIgniter\CodeIgniter->handleRequest()
 5 FCPATH/index.php(67): CodeIgniter\CodeIgniter->run()
CRITICAL - 2026-05-20 17:45:13 --> Trying to access array offset on null
in APPPATH/Controllers/DashboardController.php on line 339.
 1 APPPATH/Controllers/DashboardController.php(339): CodeIgniter\Debug\Exceptions->errorHandler()
 2 SYSTEMPATH/CodeIgniter.php(925): App\Controllers\DashboardController->getCounts()
 3 SYSTEMPATH/CodeIgniter.php(480): CodeIgniter\CodeIgniter->runController()
 4 SYSTEMPATH/CodeIgniter.php(349): CodeIgniter\CodeIgniter->handleRequest()
 5 FCPATH/index.php(67): CodeIgniter\CodeIgniter->run()
CRITICAL - 2026-05-20 17:45:43 --> Trying to access array offset on null
in APPPATH/Controllers/DashboardController.php on line 339.
 1 APPPATH/Controllers/DashboardController.php(339): CodeIgniter\Debug\Exceptions->errorHandler()
 2 SYSTEMPATH/CodeIgniter.php(925): App\Controllers\DashboardController->getCounts()
 3 SYSTEMPATH/CodeIgniter.php(480): CodeIgniter\CodeIgniter->runController()
 4 SYSTEMPATH/CodeIgniter.php(349): CodeIgniter\CodeIgniter->handleRequest()
 5 FCPATH/index.php(67): CodeIgniter\CodeIgniter->run()
CRITICAL - 2026-05-20 17:46:14 --> Trying to access array offset on null
in APPPATH/Controllers/DashboardController.php on line 339.
 1 APPPATH/Controllers/DashboardController.php(339): CodeIgniter\Debug\Exceptions->errorHandler()
 2 SYSTEMPATH/CodeIgniter.php(925): App\Controllers\DashboardController->getCounts()
 3 SYSTEMPATH/CodeIgniter.php(480): CodeIgniter\CodeIgniter->runController()
 4 SYSTEMPATH/CodeIgniter.php(349): CodeIgniter\CodeIgniter->handleRequest()
 5 FCPATH/index.php(67): CodeIgniter\CodeIgniter->run()
CRITICAL - 2026-05-20 17:46:44 --> Trying to access array offset on null
in APPPATH/Controllers/DashboardController.php on line 339.
 1 APPPATH/Controllers/DashboardController.php(339): CodeIgniter\Debug\Exceptions->errorHandler()
 2 SYSTEMPATH/CodeIgniter.php(925): App\Controllers\DashboardController->getCounts()
 3 SYSTEMPATH/CodeIgniter.php(480): CodeIgniter\CodeIgniter->runController()
 4 SYSTEMPATH/CodeIgniter.php(349): CodeIgniter\CodeIgniter->handleRequest()
 5 FCPATH/index.php(67): CodeIgniter\CodeIgniter->run()
CRITICAL - 2026-05-20 17:47:14 --> Trying to access array offset on null
in APPPATH/Controllers/DashboardController.php on line 339.
 1 APPPATH/Controllers/DashboardController.php(339): CodeIgniter\Debug\Exceptions->errorHandler()
 2 SYSTEMPATH/CodeIgniter.php(925): App\Controllers\DashboardController->getCounts()
 3 SYSTEMPATH/CodeIgniter.php(480): CodeIgniter\CodeIgniter->runController()
 4 SYSTEMPATH/CodeIgniter.php(349): CodeIgniter\CodeIgniter->handleRequest()
 5 FCPATH/index.php(67): CodeIgniter\CodeIgniter->run()
CRITICAL - 2026-05-20 17:47:44 --> Trying to access array offset on null
in APPPATH/Controllers/DashboardController.php on line 339.
 1 APPPATH/Controllers/DashboardController.php(339): CodeIgniter\Debug\Exceptions->errorHandler()
 2 SYSTEMPATH/CodeIgniter.php(925): App\Controllers\DashboardController->getCounts()
 3 SYSTEMPATH/CodeIgniter.php(480): CodeIgniter\CodeIgniter->runController()
 4 SYSTEMPATH/CodeIgniter.php(349): CodeIgniter\CodeIgniter->handleRequest()
 5 FCPATH/index.php(67): CodeIgniter\CodeIgniter->run()
CRITICAL - 2026-05-20 17:48:15 --> Trying to access array offset on null
in APPPATH/Controllers/DashboardController.php on line 339.
 1 APPPATH/Controllers/DashboardController.php(339): CodeIgniter\Debug\Exceptions->errorHandler()
 2 SYSTEMPATH/CodeIgniter.php(925): App\Controllers\DashboardController->getCounts()
 3 SYSTEMPATH/CodeIgniter.php(480): CodeIgniter\CodeIgniter->runController()
 4 SYSTEMPATH/CodeIgniter.php(349): CodeIgniter\CodeIgniter->handleRequest()
 5 FCPATH/index.php(67): CodeIgniter\CodeIgniter->run()
CRITICAL - 2026-05-20 17:48:46 --> Trying to access array offset on null
in APPPATH/Controllers/DashboardController.php on line 339.
 1 APPPATH/Controllers/DashboardController.php(339): CodeIgniter\Debug\Exceptions->errorHandler()
 2 SYSTEMPATH/CodeIgniter.php(925): App\Controllers\DashboardController->getCounts()
 3 SYSTEMPATH/CodeIgniter.php(480): CodeIgniter\CodeIgniter->runController()
 4 SYSTEMPATH/CodeIgniter.php(349): CodeIgniter\CodeIgniter->handleRequest()
 5 FCPATH/index.php(67): CodeIgniter\CodeIgniter->run()
CRITICAL - 2026-05-20 17:49:15 --> Trying to access array offset on null
in APPPATH/Controllers/DashboardController.php on line 339.
 1 APPPATH/Controllers/DashboardController.php(339): CodeIgniter\Debug\Exceptions->errorHandler()
 2 SYSTEMPATH/CodeIgniter.php(925): App\Controllers\DashboardController->getCounts()
 3 SYSTEMPATH/CodeIgniter.php(480): CodeIgniter\CodeIgniter->runController()
 4 SYSTEMPATH/CodeIgniter.php(349): CodeIgniter\CodeIgniter->handleRequest()
 5 FCPATH/index.php(67): CodeIgniter\CodeIgniter->run()
CRITICAL - 2026-05-20 17:49:45 --> Trying to access array offset on null
in APPPATH/Controllers/DashboardController.php on line 339.
 1 APPPATH/Controllers/DashboardController.php(339): CodeIgniter\Debug\Exceptions->errorHandler()
 2 SYSTEMPATH/CodeIgniter.php(925): App\Controllers\DashboardController->getCounts()
 3 SYSTEMPATH/CodeIgniter.php(480): CodeIgniter\CodeIgniter->runController()
 4 SYSTEMPATH/CodeIgniter.php(349): CodeIgniter\CodeIgniter->handleRequest()
 5 FCPATH/index.php(67): CodeIgniter\CodeIgniter->run()
CRITICAL - 2026-05-20 17:50:16 --> Trying to access array offset on null
in APPPATH/Controllers/DashboardController.php on line 339.
 1 APPPATH/Controllers/DashboardController.php(339): CodeIgniter\Debug\Exceptions->errorHandler()
 2 SYSTEMPATH/CodeIgniter.php(925): App\Controllers\DashboardController->getCounts()
 3 SYSTEMPATH/CodeIgniter.php(480): CodeIgniter\CodeIgniter->runController()
 4 SYSTEMPATH/CodeIgniter.php(349): CodeIgniter\CodeIgniter->handleRequest()
 5 FCPATH/index.php(67): CodeIgniter\CodeIgniter->run()
CRITICAL - 2026-05-20 17:50:46 --> Trying to access array offset on null
in APPPATH/Controllers/DashboardController.php on line 339.
 1 APPPATH/Controllers/DashboardController.php(339): CodeIgniter\Debug\Exceptions->errorHandler()
 2 SYSTEMPATH/CodeIgniter.php(925): App\Controllers\DashboardController->getCounts()
 3 SYSTEMPATH/CodeIgniter.php(480): CodeIgniter\CodeIgniter->runController()
 4 SYSTEMPATH/CodeIgniter.php(349): CodeIgniter\CodeIgniter->handleRequest()
 5 FCPATH/index.php(67): CodeIgniter\CodeIgniter->run()
CRITICAL - 2026-05-20 17:51:17 --> Trying to access array offset on null
in APPPATH/Controllers/DashboardController.php on line 339.
 1 APPPATH/Controllers/DashboardController.php(339): CodeIgniter\Debug\Exceptions->errorHandler()
 2 SYSTEMPATH/CodeIgniter.php(925): App\Controllers\DashboardController->getCounts()
 3 SYSTEMPATH/CodeIgniter.php(480): CodeIgniter\CodeIgniter->runController()
 4 SYSTEMPATH/CodeIgniter.php(349): CodeIgniter\CodeIgniter->handleRequest()
 5 FCPATH/index.php(67): CodeIgniter\CodeIgniter->run()
CRITICAL - 2026-05-20 17:51:47 --> Trying to access array offset on null
in APPPATH/Controllers/DashboardController.php on line 339.
 1 APPPATH/Controllers/DashboardController.php(339): CodeIgniter\Debug\Exceptions->errorHandler()
 2 SYSTEMPATH/CodeIgniter.php(925): App\Controllers\DashboardController->getCounts()
 3 SYSTEMPATH/CodeIgniter.php(480): CodeIgniter\CodeIgniter->runController()
 4 SYSTEMPATH/CodeIgniter.php(349): CodeIgniter\CodeIgniter->handleRequest()
 5 FCPATH/index.php(67): CodeIgniter\CodeIgniter->run()
CRITICAL - 2026-05-20 17:52:18 --> Trying to access array offset on null
in APPPATH/Controllers/DashboardController.php on line 339.
 1 APPPATH/Controllers/DashboardController.php(339): CodeIgniter\Debug\Exceptions->errorHandler()
 2 SYSTEMPATH/CodeIgniter.php(925): App\Controllers\DashboardController->getCounts()
 3 SYSTEMPATH/CodeIgniter.php(480): CodeIgniter\CodeIgniter->runController()
 4 SYSTEMPATH/CodeIgniter.php(349): CodeIgniter\CodeIgniter->handleRequest()
 5 FCPATH/index.php(67): CodeIgniter\CodeIgniter->run()
CRITICAL - 2026-05-20 17:52:48 --> Trying to access array offset on null
in APPPATH/Controllers/DashboardController.php on line 339.
 1 APPPATH/Controllers/DashboardController.php(339): CodeIgniter\Debug\Exceptions->errorHandler()
 2 SYSTEMPATH/CodeIgniter.php(925): App\Controllers\DashboardController->getCounts()
 3 SYSTEMPATH/CodeIgniter.php(480): CodeIgniter\CodeIgniter->runController()
 4 SYSTEMPATH/CodeIgniter.php(349): CodeIgniter\CodeIgniter->handleRequest()
 5 FCPATH/index.php(67): CodeIgniter\CodeIgniter->run()
CRITICAL - 2026-05-20 17:53:19 --> Trying to access array offset on null
in APPPATH/Controllers/DashboardController.php on line 339.
 1 APPPATH/Controllers/DashboardController.php(339): CodeIgniter\Debug\Exceptions->errorHandler()
 2 SYSTEMPATH/CodeIgniter.php(925): App\Controllers\DashboardController->getCounts()
 3 SYSTEMPATH/CodeIgniter.php(480): CodeIgniter\CodeIgniter->runController()
 4 SYSTEMPATH/CodeIgniter.php(349): CodeIgniter\CodeIgniter->handleRequest()
 5 FCPATH/index.php(67): CodeIgniter\CodeIgniter->run()
CRITICAL - 2026-05-20 17:53:49 --> Trying to access array offset on null
in APPPATH/Controllers/DashboardController.php on line 339.
 1 APPPATH/Controllers/DashboardController.php(339): CodeIgniter\Debug\Exceptions->errorHandler()
 2 SYSTEMPATH/CodeIgniter.php(925): App\Controllers\DashboardController->getCounts()
 3 SYSTEMPATH/CodeIgniter.php(480): CodeIgniter\CodeIgniter->runController()
 4 SYSTEMPATH/CodeIgniter.php(349): CodeIgniter\CodeIgniter->handleRequest()
 5 FCPATH/index.php(67): CodeIgniter\CodeIgniter->run()
CRITICAL - 2026-05-20 17:54:19 --> Trying to access array offset on null
in APPPATH/Controllers/DashboardController.php on line 339.
 1 APPPATH/Controllers/DashboardController.php(339): CodeIgniter\Debug\Exceptions->errorHandler()
 2 SYSTEMPATH/CodeIgniter.php(925): App\Controllers\DashboardController->getCounts()
 3 SYSTEMPATH/CodeIgniter.php(480): CodeIgniter\CodeIgniter->runController()
 4 SYSTEMPATH/CodeIgniter.php(349): CodeIgniter\CodeIgniter->handleRequest()
 5 FCPATH/index.php(67): CodeIgniter\CodeIgniter->run()
CRITICAL - 2026-05-20 17:54:49 --> Trying to access array offset on null
in APPPATH/Controllers/DashboardController.php on line 339.
 1 APPPATH/Controllers/DashboardController.php(339): CodeIgniter\Debug\Exceptions->errorHandler()
 2 SYSTEMPATH/CodeIgniter.php(925): App\Controllers\DashboardController->getCounts()
 3 SYSTEMPATH/CodeIgniter.php(480): CodeIgniter\CodeIgniter->runController()
 4 SYSTEMPATH/CodeIgniter.php(349): CodeIgniter\CodeIgniter->handleRequest()
 5 FCPATH/index.php(67): CodeIgniter\CodeIgniter->run()
CRITICAL - 2026-05-20 17:55:20 --> Trying to access array offset on null
in APPPATH/Controllers/DashboardController.php on line 339.
 1 APPPATH/Controllers/DashboardController.php(339): CodeIgniter\Debug\Exceptions->errorHandler()
 2 SYSTEMPATH/CodeIgniter.php(925): App\Controllers\DashboardController->getCounts()
 3 SYSTEMPATH/CodeIgniter.php(480): CodeIgniter\CodeIgniter->runController()
 4 SYSTEMPATH/CodeIgniter.php(349): CodeIgniter\CodeIgniter->handleRequest()
 5 FCPATH/index.php(67): CodeIgniter\CodeIgniter->run()
CRITICAL - 2026-05-20 17:55:52 --> Trying to access array offset on null
in APPPATH/Controllers/DashboardController.php on line 339.
 1 APPPATH/Controllers/DashboardController.php(339): CodeIgniter\Debug\Exceptions->errorHandler()
 2 SYSTEMPATH/CodeIgniter.php(925): App\Controllers\DashboardController->getCounts()
 3 SYSTEMPATH/CodeIgniter.php(480): CodeIgniter\CodeIgniter->runController()
 4 SYSTEMPATH/CodeIgniter.php(349): CodeIgniter\CodeIgniter->handleRequest()
 5 FCPATH/index.php(67): CodeIgniter\CodeIgniter->run()
CRITICAL - 2026-05-20 17:56:21 --> Trying to access array offset on null
in APPPATH/Controllers/DashboardController.php on line 339.
 1 APPPATH/Controllers/DashboardController.php(339): CodeIgniter\Debug\Exceptions->errorHandler()
 2 SYSTEMPATH/CodeIgniter.php(925): App\Controllers\DashboardController->getCounts()
 3 SYSTEMPATH/CodeIgniter.php(480): CodeIgniter\CodeIgniter->runController()
 4 SYSTEMPATH/CodeIgniter.php(349): CodeIgniter\CodeIgniter->handleRequest()
 5 FCPATH/index.php(67): CodeIgniter\CodeIgniter->run()
CRITICAL - 2026-05-20 17:56:51 --> Trying to access array offset on null
in APPPATH/Controllers/DashboardController.php on line 339.
 1 APPPATH/Controllers/DashboardController.php(339): CodeIgniter\Debug\Exceptions->errorHandler()
 2 SYSTEMPATH/CodeIgniter.php(925): App\Controllers\DashboardController->getCounts()
 3 SYSTEMPATH/CodeIgniter.php(480): CodeIgniter\CodeIgniter->runController()
 4 SYSTEMPATH/CodeIgniter.php(349): CodeIgniter\CodeIgniter->handleRequest()
 5 FCPATH/index.php(67): CodeIgniter\CodeIgniter->run()
CRITICAL - 2026-05-20 17:57:21 --> Trying to access array offset on null
in APPPATH/Controllers/DashboardController.php on line 339.
 1 APPPATH/Controllers/DashboardController.php(339): CodeIgniter\Debug\Exceptions->errorHandler()
 2 SYSTEMPATH/CodeIgniter.php(925): App\Controllers\DashboardController->getCounts()
 3 SYSTEMPATH/CodeIgniter.php(480): CodeIgniter\CodeIgniter->runController()
 4 SYSTEMPATH/CodeIgniter.php(349): CodeIgniter\CodeIgniter->handleRequest()
 5 FCPATH/index.php(67): CodeIgniter\CodeIgniter->run()
CRITICAL - 2026-05-20 17:57:52 --> Trying to access array offset on null
in APPPATH/Controllers/DashboardController.php on line 339.
 1 APPPATH/Controllers/DashboardController.php(339): CodeIgniter\Debug\Exceptions->errorHandler()
 2 SYSTEMPATH/CodeIgniter.php(925): App\Controllers\DashboardController->getCounts()
 3 SYSTEMPATH/CodeIgniter.php(480): CodeIgniter\CodeIgniter->runController()
 4 SYSTEMPATH/CodeIgniter.php(349): CodeIgniter\CodeIgniter->handleRequest()
 5 FCPATH/index.php(67): CodeIgniter\CodeIgniter->run()
CRITICAL - 2026-05-20 17:58:21 --> Trying to access array offset on null
in APPPATH/Controllers/DashboardController.php on line 339.
 1 APPPATH/Controllers/DashboardController.php(339): CodeIgniter\Debug\Exceptions->errorHandler()
 2 SYSTEMPATH/CodeIgniter.php(925): App\Controllers\DashboardController->getCounts()
 3 SYSTEMPATH/CodeIgniter.php(480): CodeIgniter\CodeIgniter->runController()
 4 SYSTEMPATH/CodeIgniter.php(349): CodeIgniter\CodeIgniter->handleRequest()
 5 FCPATH/index.php(67): CodeIgniter\CodeIgniter->run()
CRITICAL - 2026-05-20 17:58:52 --> Trying to access array offset on null
in APPPATH/Controllers/DashboardController.php on line 339.
 1 APPPATH/Controllers/DashboardController.php(339): CodeIgniter\Debug\Exceptions->errorHandler()
 2 SYSTEMPATH/CodeIgniter.php(925): App\Controllers\DashboardController->getCounts()
 3 SYSTEMPATH/CodeIgniter.php(480): CodeIgniter\CodeIgniter->runController()
 4 SYSTEMPATH/CodeIgniter.php(349): CodeIgniter\CodeIgniter->handleRequest()
 5 FCPATH/index.php(67): CodeIgniter\CodeIgniter->run()
CRITICAL - 2026-05-20 17:59:22 --> Trying to access array offset on null
in APPPATH/Controllers/DashboardController.php on line 339.
 1 APPPATH/Controllers/DashboardController.php(339): CodeIgniter\Debug\Exceptions->errorHandler()
 2 SYSTEMPATH/CodeIgniter.php(925): App\Controllers\DashboardController->getCounts()
 3 SYSTEMPATH/CodeIgniter.php(480): CodeIgniter\CodeIgniter->runController()
 4 SYSTEMPATH/CodeIgniter.php(349): CodeIgniter\CodeIgniter->handleRequest()
 5 FCPATH/index.php(67): CodeIgniter\CodeIgniter->run()
CRITICAL - 2026-05-20 17:59:52 --> Trying to access array offset on null
in APPPATH/Controllers/DashboardController.php on line 339.
 1 APPPATH/Controllers/DashboardController.php(339): CodeIgniter\Debug\Exceptions->errorHandler()
 2 SYSTEMPATH/CodeIgniter.php(925): App\Controllers\DashboardController->getCounts()
 3 SYSTEMPATH/CodeIgniter.php(480): CodeIgniter\CodeIgniter->runController()
 4 SYSTEMPATH/CodeIgniter.php(349): CodeIgniter\CodeIgniter->handleRequest()
 5 FCPATH/index.php(67): CodeIgniter\CodeIgniter->run()
CRITICAL - 2026-05-20 18:00:23 --> Trying to access array offset on null
in APPPATH/Controllers/DashboardController.php on line 339.
 1 APPPATH/Controllers/DashboardController.php(339): CodeIgniter\Debug\Exceptions->errorHandler()
 2 SYSTEMPATH/CodeIgniter.php(925): App\Controllers\DashboardController->getCounts()
 3 SYSTEMPATH/CodeIgniter.php(480): CodeIgniter\CodeIgniter->runController()
 4 SYSTEMPATH/CodeIgniter.php(349): CodeIgniter\CodeIgniter->handleRequest()
 5 FCPATH/index.php(67): CodeIgniter\CodeIgniter->run()
CRITICAL - 2026-05-20 18:00:54 --> Trying to access array offset on null
in APPPATH/Controllers/DashboardController.php on line 339.
 1 APPPATH/Controllers/DashboardController.php(339): CodeIgniter\Debug\Exceptions->errorHandler()
 2 SYSTEMPATH/CodeIgniter.php(925): App\Controllers\DashboardController->getCounts()
 3 SYSTEMPATH/CodeIgniter.php(480): CodeIgniter\CodeIgniter->runController()
 4 SYSTEMPATH/CodeIgniter.php(349): CodeIgniter\CodeIgniter->handleRequest()
 5 FCPATH/index.php(67): CodeIgniter\CodeIgniter->run()
CRITICAL - 2026-05-20 18:01:24 --> Trying to access array offset on null
in APPPATH/Controllers/DashboardController.php on line 339.
 1 APPPATH/Controllers/DashboardController.php(339): CodeIgniter\Debug\Exceptions->errorHandler()
 2 SYSTEMPATH/CodeIgniter.php(925): App\Controllers\DashboardController->getCounts()
 3 SYSTEMPATH/CodeIgniter.php(480): CodeIgniter\CodeIgniter->runController()
 4 SYSTEMPATH/CodeIgniter.php(349): CodeIgniter\CodeIgniter->handleRequest()
 5 FCPATH/index.php(67): CodeIgniter\CodeIgniter->run()
CRITICAL - 2026-05-20 18:01:58 --> Trying to access array offset on null
in APPPATH/Controllers/DashboardController.php on line 339.
 1 APPPATH/Controllers/DashboardController.php(339): CodeIgniter\Debug\Exceptions->errorHandler()
 2 SYSTEMPATH/CodeIgniter.php(925): App\Controllers\DashboardController->getCounts()
 3 SYSTEMPATH/CodeIgniter.php(480): CodeIgniter\CodeIgniter->runController()
 4 SYSTEMPATH/CodeIgniter.php(349): CodeIgniter\CodeIgniter->handleRequest()
 5 FCPATH/index.php(67): CodeIgniter\CodeIgniter->run()
CRITICAL - 2026-05-20 18:02:25 --> Trying to access array offset on null
in APPPATH/Controllers/DashboardController.php on line 339.
 1 APPPATH/Controllers/DashboardController.php(339): CodeIgniter\Debug\Exceptions->errorHandler()
 2 SYSTEMPATH/CodeIgniter.php(925): App\Controllers\DashboardController->getCounts()
 3 SYSTEMPATH/CodeIgniter.php(480): CodeIgniter\CodeIgniter->runController()
 4 SYSTEMPATH/CodeIgniter.php(349): CodeIgniter\CodeIgniter->handleRequest()
 5 FCPATH/index.php(67): CodeIgniter\CodeIgniter->run()
CRITICAL - 2026-05-20 18:02:55 --> Trying to access array offset on null
in APPPATH/Controllers/DashboardController.php on line 339.
 1 APPPATH/Controllers/DashboardController.php(339): CodeIgniter\Debug\Exceptions->errorHandler()
 2 SYSTEMPATH/CodeIgniter.php(925): App\Controllers\DashboardController->getCounts()
 3 SYSTEMPATH/CodeIgniter.php(480): CodeIgniter\CodeIgniter->runController()
 4 SYSTEMPATH/CodeIgniter.php(349): CodeIgniter\CodeIgniter->handleRequest()
 5 FCPATH/index.php(67): CodeIgniter\CodeIgniter->run()
CRITICAL - 2026-05-20 18:03:25 --> Trying to access array offset on null
in APPPATH/Controllers/DashboardController.php on line 339.
 1 APPPATH/Controllers/DashboardController.php(339): CodeIgniter\Debug\Exceptions->errorHandler()
 2 SYSTEMPATH/CodeIgniter.php(925): App\Controllers\DashboardController->getCounts()
 3 SYSTEMPATH/CodeIgniter.php(480): CodeIgniter\CodeIgniter->runController()
 4 SYSTEMPATH/CodeIgniter.php(349): CodeIgniter\CodeIgniter->handleRequest()
 5 FCPATH/index.php(67): CodeIgniter\CodeIgniter->run()
CRITICAL - 2026-05-20 18:03:57 --> Trying to access array offset on null
in APPPATH/Controllers/DashboardController.php on line 339.
 1 APPPATH/Controllers/DashboardController.php(339): CodeIgniter\Debug\Exceptions->errorHandler()
 2 SYSTEMPATH/CodeIgniter.php(925): App\Controllers\DashboardController->getCounts()
 3 SYSTEMPATH/CodeIgniter.php(480): CodeIgniter\CodeIgniter->runController()
 4 SYSTEMPATH/CodeIgniter.php(349): CodeIgniter\CodeIgniter->handleRequest()
 5 FCPATH/index.php(67): CodeIgniter\CodeIgniter->run()
CRITICAL - 2026-05-20 18:04:26 --> Trying to access array offset on null
in APPPATH/Controllers/DashboardController.php on line 339.
 1 APPPATH/Controllers/DashboardController.php(339): CodeIgniter\Debug\Exceptions->errorHandler()
 2 SYSTEMPATH/CodeIgniter.php(925): App\Controllers\DashboardController->getCounts()
 3 SYSTEMPATH/CodeIgniter.php(480): CodeIgniter\CodeIgniter->runController()
 4 SYSTEMPATH/CodeIgniter.php(349): CodeIgniter\CodeIgniter->handleRequest()
 5 FCPATH/index.php(67): CodeIgniter\CodeIgniter->run()
CRITICAL - 2026-05-20 18:04:57 --> Trying to access array offset on null
in APPPATH/Controllers/DashboardController.php on line 339.
 1 APPPATH/Controllers/DashboardController.php(339): CodeIgniter\Debug\Exceptions->errorHandler()
 2 SYSTEMPATH/CodeIgniter.php(925): App\Controllers\DashboardController->getCounts()
 3 SYSTEMPATH/CodeIgniter.php(480): CodeIgniter\CodeIgniter->runController()
 4 SYSTEMPATH/CodeIgniter.php(349): CodeIgniter\CodeIgniter->handleRequest()
 5 FCPATH/index.php(67): CodeIgniter\CodeIgniter->run()
CRITICAL - 2026-05-20 18:05:27 --> Trying to access array offset on null
in APPPATH/Controllers/DashboardController.php on line 339.
 1 APPPATH/Controllers/DashboardController.php(339): CodeIgniter\Debug\Exceptions->errorHandler()
 2 SYSTEMPATH/CodeIgniter.php(925): App\Controllers\DashboardController->getCounts()
 3 SYSTEMPATH/CodeIgniter.php(480): CodeIgniter\CodeIgniter->runController()
 4 SYSTEMPATH/CodeIgniter.php(349): CodeIgniter\CodeIgniter->handleRequest()
 5 FCPATH/index.php(67): CodeIgniter\CodeIgniter->run()
CRITICAL - 2026-05-20 18:05:57 --> Trying to access array offset on null
in APPPATH/Controllers/DashboardController.php on line 339.
 1 APPPATH/Controllers/DashboardController.php(339): CodeIgniter\Debug\Exceptions->errorHandler()
 2 SYSTEMPATH/CodeIgniter.php(925): App\Controllers\DashboardController->getCounts()
 3 SYSTEMPATH/CodeIgniter.php(480): CodeIgniter\CodeIgniter->runController()
 4 SYSTEMPATH/CodeIgniter.php(349): CodeIgniter\CodeIgniter->handleRequest()
 5 FCPATH/index.php(67): CodeIgniter\CodeIgniter->run()
CRITICAL - 2026-05-20 18:06:27 --> Trying to access array offset on null
in APPPATH/Controllers/DashboardController.php on line 339.
 1 APPPATH/Controllers/DashboardController.php(339): CodeIgniter\Debug\Exceptions->errorHandler()
 2 SYSTEMPATH/CodeIgniter.php(925): App\Controllers\DashboardController->getCounts()
 3 SYSTEMPATH/CodeIgniter.php(480): CodeIgniter\CodeIgniter->runController()
 4 SYSTEMPATH/CodeIgniter.php(349): CodeIgniter\CodeIgniter->handleRequest()
 5 FCPATH/index.php(67): CodeIgniter\CodeIgniter->run()
CRITICAL - 2026-05-20 18:06:58 --> Trying to access array offset on null
in APPPATH/Controllers/DashboardController.php on line 339.
 1 APPPATH/Controllers/DashboardController.php(339): CodeIgniter\Debug\Exceptions->errorHandler()
 2 SYSTEMPATH/CodeIgniter.php(925): App\Controllers\DashboardController->getCounts()
 3 SYSTEMPATH/CodeIgniter.php(480): CodeIgniter\CodeIgniter->runController()
 4 SYSTEMPATH/CodeIgniter.php(349): CodeIgniter\CodeIgniter->handleRequest()
 5 FCPATH/index.php(67): CodeIgniter\CodeIgniter->run()
CRITICAL - 2026-05-20 18:07:28 --> Trying to access array offset on null
in APPPATH/Controllers/DashboardController.php on line 339.
 1 APPPATH/Controllers/DashboardController.php(339): CodeIgniter\Debug\Exceptions->errorHandler()
 2 SYSTEMPATH/CodeIgniter.php(925): App\Controllers\DashboardController->getCounts()
 3 SYSTEMPATH/CodeIgniter.php(480): CodeIgniter\CodeIgniter->runController()
 4 SYSTEMPATH/CodeIgniter.php(349): CodeIgniter\CodeIgniter->handleRequest()
 5 FCPATH/index.php(67): CodeIgniter\CodeIgniter->run()
CRITICAL - 2026-05-20 18:07:59 --> Trying to access array offset on null
in APPPATH/Controllers/DashboardController.php on line 339.
 1 APPPATH/Controllers/DashboardController.php(339): CodeIgniter\Debug\Exceptions->errorHandler()
 2 SYSTEMPATH/CodeIgniter.php(925): App\Controllers\DashboardController->getCounts()
 3 SYSTEMPATH/CodeIgniter.php(480): CodeIgniter\CodeIgniter->runController()
 4 SYSTEMPATH/CodeIgniter.php(349): CodeIgniter\CodeIgniter->handleRequest()
 5 FCPATH/index.php(67): CodeIgniter\CodeIgniter->run()
CRITICAL - 2026-05-20 18:08:29 --> Trying to access array offset on null
in APPPATH/Controllers/DashboardController.php on line 339.
 1 APPPATH/Controllers/DashboardController.php(339): CodeIgniter\Debug\Exceptions->errorHandler()
 2 SYSTEMPATH/CodeIgniter.php(925): App\Controllers\DashboardController->getCounts()
 3 SYSTEMPATH/CodeIgniter.php(480): CodeIgniter\CodeIgniter->runController()
 4 SYSTEMPATH/CodeIgniter.php(349): CodeIgniter\CodeIgniter->handleRequest()
 5 FCPATH/index.php(67): CodeIgniter\CodeIgniter->run()
CRITICAL - 2026-05-20 18:08:59 --> Trying to access array offset on null
in APPPATH/Controllers/DashboardController.php on line 339.
 1 APPPATH/Controllers/DashboardController.php(339): CodeIgniter\Debug\Exceptions->errorHandler()
 2 SYSTEMPATH/CodeIgniter.php(925): App\Controllers\DashboardController->getCounts()
 3 SYSTEMPATH/CodeIgniter.php(480): CodeIgniter\CodeIgniter->runController()
 4 SYSTEMPATH/CodeIgniter.php(349): CodeIgniter\CodeIgniter->handleRequest()
 5 FCPATH/index.php(67): CodeIgniter\CodeIgniter->run()
CRITICAL - 2026-05-20 18:09:30 --> Trying to access array offset on null
in APPPATH/Controllers/DashboardController.php on line 339.
 1 APPPATH/Controllers/DashboardController.php(339): CodeIgniter\Debug\Exceptions->errorHandler()
 2 SYSTEMPATH/CodeIgniter.php(925): App\Controllers\DashboardController->getCounts()
 3 SYSTEMPATH/CodeIgniter.php(480): CodeIgniter\CodeIgniter->runController()
 4 SYSTEMPATH/CodeIgniter.php(349): CodeIgniter\CodeIgniter->handleRequest()
 5 FCPATH/index.php(67): CodeIgniter\CodeIgniter->run()
CRITICAL - 2026-05-20 18:09:45 --> Attempt to read property "religion_id" on null
in APPPATH/Controllers/Admin.php on line 5047.
 1 APPPATH/Controllers/Admin.php(5047): CodeIgniter\Debug\Exceptions->errorHandler()
 2 SYSTEMPATH/CodeIgniter.php(925): App\Controllers\Admin->profile_view()
 3 SYSTEMPATH/CodeIgniter.php(480): CodeIgniter\CodeIgniter->runController()
 4 SYSTEMPATH/CodeIgniter.php(349): CodeIgniter\CodeIgniter->handleRequest()
 5 FCPATH/index.php(67): CodeIgniter\CodeIgniter->run()
CRITICAL - 2026-05-20 18:09:45 --> Attempt to read property "religion_id" on null
in APPPATH/Controllers/Admin.php on line 5047.
 1 APPPATH/Controllers/Admin.php(5047): CodeIgniter\Debug\Exceptions->errorHandler()
 2 SYSTEMPATH/CodeIgniter.php(925): App\Controllers\Admin->profile_view()
 3 SYSTEMPATH/CodeIgniter.php(480): CodeIgniter\CodeIgniter->runController()
 4 SYSTEMPATH/CodeIgniter.php(349): CodeIgniter\CodeIgniter->handleRequest()
 5 FCPATH/index.php(67): CodeIgniter\CodeIgniter->run()
CRITICAL - 2026-05-20 18:09:45 --> Attempt to read property "religion_id" on null
in APPPATH/Controllers/Admin.php on line 5047.
 1 APPPATH/Controllers/Admin.php(5047): CodeIgniter\Debug\Exceptions->errorHandler()
 2 SYSTEMPATH/CodeIgniter.php(925): App\Controllers\Admin->profile_view()
 3 SYSTEMPATH/CodeIgniter.php(480): CodeIgniter\CodeIgniter->runController()
 4 SYSTEMPATH/CodeIgniter.php(349): CodeIgniter\CodeIgniter->handleRequest()
 5 FCPATH/index.php(67): CodeIgniter\CodeIgniter->run()
CRITICAL - 2026-05-20 18:09:45 --> Attempt to read property "religion_id" on null
in APPPATH/Controllers/Admin.php on line 5047.
 1 APPPATH/Controllers/Admin.php(5047): CodeIgniter\Debug\Exceptions->errorHandler()
 2 SYSTEMPATH/CodeIgniter.php(925): App\Controllers\Admin->profile_view()
 3 SYSTEMPATH/CodeIgniter.php(480): CodeIgniter\CodeIgniter->runController()
 4 SYSTEMPATH/CodeIgniter.php(349): CodeIgniter\CodeIgniter->handleRequest()
 5 FCPATH/index.php(67): CodeIgniter\CodeIgniter->run()
CRITICAL - 2026-05-20 18:10:00 --> Trying to access array offset on null
in APPPATH/Controllers/DashboardController.php on line 339.
 1 APPPATH/Controllers/DashboardController.php(339): CodeIgniter\Debug\Exceptions->errorHandler()
 2 SYSTEMPATH/CodeIgniter.php(925): App\Controllers\DashboardController->getCounts()
 3 SYSTEMPATH/CodeIgniter.php(480): CodeIgniter\CodeIgniter->runController()
 4 SYSTEMPATH/CodeIgniter.php(349): CodeIgniter\CodeIgniter->handleRequest()
 5 FCPATH/index.php(67): CodeIgniter\CodeIgniter->run()
CRITICAL - 2026-05-20 18:10:30 --> Trying to access array offset on null
in APPPATH/Controllers/DashboardController.php on line 339.
 1 APPPATH/Controllers/DashboardController.php(339): CodeIgniter\Debug\Exceptions->errorHandler()
 2 SYSTEMPATH/CodeIgniter.php(925): App\Controllers\DashboardController->getCounts()
 3 SYSTEMPATH/CodeIgniter.php(480): CodeIgniter\CodeIgniter->runController()
 4 SYSTEMPATH/CodeIgniter.php(349): CodeIgniter\CodeIgniter->handleRequest()
 5 FCPATH/index.php(67): CodeIgniter\CodeIgniter->run()
CRITICAL - 2026-05-20 18:11:01 --> Trying to access array offset on null
in APPPATH/Controllers/DashboardController.php on line 339.
 1 APPPATH/Controllers/DashboardController.php(339): CodeIgniter\Debug\Exceptions->errorHandler()
 2 SYSTEMPATH/CodeIgniter.php(925): App\Controllers\DashboardController->getCounts()
 3 SYSTEMPATH/CodeIgniter.php(480): CodeIgniter\CodeIgniter->runController()
 4 SYSTEMPATH/CodeIgniter.php(349): CodeIgniter\CodeIgniter->handleRequest()
 5 FCPATH/index.php(67): CodeIgniter\CodeIgniter->run()
CRITICAL - 2026-05-20 18:11:31 --> Trying to access array offset on null
in APPPATH/Controllers/DashboardController.php on line 339.
 1 APPPATH/Controllers/DashboardController.php(339): CodeIgniter\Debug\Exceptions->errorHandler()
 2 SYSTEMPATH/CodeIgniter.php(925): App\Controllers\DashboardController->getCounts()
 3 SYSTEMPATH/CodeIgniter.php(480): CodeIgniter\CodeIgniter->runController()
 4 SYSTEMPATH/CodeIgniter.php(349): CodeIgniter\CodeIgniter->handleRequest()
 5 FCPATH/index.php(67): CodeIgniter\CodeIgniter->run()
CRITICAL - 2026-05-20 18:12:01 --> Trying to access array offset on null
in APPPATH/Controllers/DashboardController.php on line 339.
 1 APPPATH/Controllers/DashboardController.php(339): CodeIgniter\Debug\Exceptions->errorHandler()
 2 SYSTEMPATH/CodeIgniter.php(925): App\Controllers\DashboardController->getCounts()
 3 SYSTEMPATH/CodeIgniter.php(480): CodeIgniter\CodeIgniter->runController()
 4 SYSTEMPATH/CodeIgniter.php(349): CodeIgniter\CodeIgniter->handleRequest()
 5 FCPATH/index.php(67): CodeIgniter\CodeIgniter->run()
CRITICAL - 2026-05-20 18:12:32 --> Trying to access array offset on null
in APPPATH/Controllers/DashboardController.php on line 339.
 1 APPPATH/Controllers/DashboardController.php(339): CodeIgniter\Debug\Exceptions->errorHandler()
 2 SYSTEMPATH/CodeIgniter.php(925): App\Controllers\DashboardController->getCounts()
 3 SYSTEMPATH/CodeIgniter.php(480): CodeIgniter\CodeIgniter->runController()
 4 SYSTEMPATH/CodeIgniter.php(349): CodeIgniter\CodeIgniter->handleRequest()
 5 FCPATH/index.php(67): CodeIgniter\CodeIgniter->run()
CRITICAL - 2026-05-20 18:13:02 --> Trying to access array offset on null
in APPPATH/Controllers/DashboardController.php on line 339.
 1 APPPATH/Controllers/DashboardController.php(339): CodeIgniter\Debug\Exceptions->errorHandler()
 2 SYSTEMPATH/CodeIgniter.php(925): App\Controllers\DashboardController->getCounts()
 3 SYSTEMPATH/CodeIgniter.php(480): CodeIgniter\CodeIgniter->runController()
 4 SYSTEMPATH/CodeIgniter.php(349): CodeIgniter\CodeIgniter->handleRequest()
 5 FCPATH/index.php(67): CodeIgniter\CodeIgniter->run()
CRITICAL - 2026-05-20 18:13:32 --> Trying to access array offset on null
in APPPATH/Controllers/DashboardController.php on line 339.
 1 APPPATH/Controllers/DashboardController.php(339): CodeIgniter\Debug\Exceptions->errorHandler()
 2 SYSTEMPATH/CodeIgniter.php(925): App\Controllers\DashboardController->getCounts()
 3 SYSTEMPATH/CodeIgniter.php(480): CodeIgniter\CodeIgniter->runController()
 4 SYSTEMPATH/CodeIgniter.php(349): CodeIgniter\CodeIgniter->handleRequest()
 5 FCPATH/index.php(67): CodeIgniter\CodeIgniter->run()
CRITICAL - 2026-05-20 18:13:50 --> Attempt to read property "religion_id" on null
in APPPATH/Controllers/Admin.php on line 5047.
 1 APPPATH/Controllers/Admin.php(5047): CodeIgniter\Debug\Exceptions->errorHandler()
 2 SYSTEMPATH/CodeIgniter.php(925): App\Controllers\Admin->profile_view()
 3 SYSTEMPATH/CodeIgniter.php(480): CodeIgniter\CodeIgniter->runController()
 4 SYSTEMPATH/CodeIgniter.php(349): CodeIgniter\CodeIgniter->handleRequest()
 5 FCPATH/index.php(67): CodeIgniter\CodeIgniter->run()
CRITICAL - 2026-05-20 18:13:51 --> Attempt to read property "religion_id" on null
in APPPATH/Controllers/Admin.php on line 5047.
 1 APPPATH/Controllers/Admin.php(5047): CodeIgniter\Debug\Exceptions->errorHandler()
 2 SYSTEMPATH/CodeIgniter.php(925): App\Controllers\Admin->profile_view()
 3 SYSTEMPATH/CodeIgniter.php(480): CodeIgniter\CodeIgniter->runController()
 4 SYSTEMPATH/CodeIgniter.php(349): CodeIgniter\CodeIgniter->handleRequest()
 5 FCPATH/index.php(67): CodeIgniter\CodeIgniter->run()
CRITICAL - 2026-05-20 18:13:51 --> Attempt to read property "religion_id" on null
in APPPATH/Controllers/Admin.php on line 5047.
 1 APPPATH/Controllers/Admin.php(5047): CodeIgniter\Debug\Exceptions->errorHandler()
 2 SYSTEMPATH/CodeIgniter.php(925): App\Controllers\Admin->profile_view()
 3 SYSTEMPATH/CodeIgniter.php(480): CodeIgniter\CodeIgniter->runController()
 4 SYSTEMPATH/CodeIgniter.php(349): CodeIgniter\CodeIgniter->handleRequest()
 5 FCPATH/index.php(67): CodeIgniter\CodeIgniter->run()
CRITICAL - 2026-05-20 18:13:51 --> Attempt to read property "religion_id" on null
in APPPATH/Controllers/Admin.php on line 5047.
 1 APPPATH/Controllers/Admin.php(5047): CodeIgniter\Debug\Exceptions->errorHandler()
 2 SYSTEMPATH/CodeIgniter.php(925): App\Controllers\Admin->profile_view()
 3 SYSTEMPATH/CodeIgniter.php(480): CodeIgniter\CodeIgniter->runController()
 4 SYSTEMPATH/CodeIgniter.php(349): CodeIgniter\CodeIgniter->handleRequest()
 5 FCPATH/index.php(67): CodeIgniter\CodeIgniter->run()
CRITICAL - 2026-05-20 18:14:02 --> Trying to access array offset on null
in APPPATH/Controllers/DashboardController.php on line 339.
 1 APPPATH/Controllers/DashboardController.php(339): CodeIgniter\Debug\Exceptions->errorHandler()
 2 SYSTEMPATH/CodeIgniter.php(925): App\Controllers\DashboardController->getCounts()
 3 SYSTEMPATH/CodeIgniter.php(480): CodeIgniter\CodeIgniter->runController()
 4 SYSTEMPATH/CodeIgniter.php(349): CodeIgniter\CodeIgniter->handleRequest()
 5 FCPATH/index.php(67): CodeIgniter\CodeIgniter->run()
CRITICAL - 2026-05-20 18:14:20 --> Attempt to read property "religion_id" on null
in APPPATH/Controllers/Admin.php on line 5047.
 1 APPPATH/Controllers/Admin.php(5047): CodeIgniter\Debug\Exceptions->errorHandler()
 2 SYSTEMPATH/CodeIgniter.php(925): App\Controllers\Admin->profile_view()
 3 SYSTEMPATH/CodeIgniter.php(480): CodeIgniter\CodeIgniter->runController()
 4 SYSTEMPATH/CodeIgniter.php(349): CodeIgniter\CodeIgniter->handleRequest()
 5 FCPATH/index.php(67): CodeIgniter\CodeIgniter->run()
CRITICAL - 2026-05-20 18:14:20 --> Attempt to read property "religion_id" on null
in APPPATH/Controllers/Admin.php on line 5047.
 1 APPPATH/Controllers/Admin.php(5047): CodeIgniter\Debug\Exceptions->errorHandler()
 2 SYSTEMPATH/CodeIgniter.php(925): App\Controllers\Admin->profile_view()
 3 SYSTEMPATH/CodeIgniter.php(480): CodeIgniter\CodeIgniter->runController()
 4 SYSTEMPATH/CodeIgniter.php(349): CodeIgniter\CodeIgniter->handleRequest()
 5 FCPATH/index.php(67): CodeIgniter\CodeIgniter->run()
CRITICAL - 2026-05-20 18:14:20 --> Attempt to read property "religion_id" on null
in APPPATH/Controllers/Admin.php on line 5047.
 1 APPPATH/Controllers/Admin.php(5047): CodeIgniter\Debug\Exceptions->errorHandler()
 2 SYSTEMPATH/CodeIgniter.php(925): App\Controllers\Admin->profile_view()
 3 SYSTEMPATH/CodeIgniter.php(480): CodeIgniter\CodeIgniter->runController()
 4 SYSTEMPATH/CodeIgniter.php(349): CodeIgniter\CodeIgniter->handleRequest()
 5 FCPATH/index.php(67): CodeIgniter\CodeIgniter->run()
CRITICAL - 2026-05-20 18:14:20 --> Attempt to read property "religion_id" on null
in APPPATH/Controllers/Admin.php on line 5047.
 1 APPPATH/Controllers/Admin.php(5047): CodeIgniter\Debug\Exceptions->errorHandler()
 2 SYSTEMPATH/CodeIgniter.php(925): App\Controllers\Admin->profile_view()
 3 SYSTEMPATH/CodeIgniter.php(480): CodeIgniter\CodeIgniter->runController()
 4 SYSTEMPATH/CodeIgniter.php(349): CodeIgniter\CodeIgniter->handleRequest()
 5 FCPATH/index.php(67): CodeIgniter\CodeIgniter->run()
CRITICAL - 2026-05-20 18:14:33 --> Trying to access array offset on null
in APPPATH/Controllers/DashboardController.php on line 339.
 1 APPPATH/Controllers/DashboardController.php(339): CodeIgniter\Debug\Exceptions->errorHandler()
 2 SYSTEMPATH/CodeIgniter.php(925): App\Controllers\DashboardController->getCounts()
 3 SYSTEMPATH/CodeIgniter.php(480): CodeIgniter\CodeIgniter->runController()
 4 SYSTEMPATH/CodeIgniter.php(349): CodeIgniter\CodeIgniter->handleRequest()
 5 FCPATH/index.php(67): CodeIgniter\CodeIgniter->run()
CRITICAL - 2026-05-20 18:15:04 --> Trying to access array offset on null
in APPPATH/Controllers/DashboardController.php on line 339.
 1 APPPATH/Controllers/DashboardController.php(339): CodeIgniter\Debug\Exceptions->errorHandler()
 2 SYSTEMPATH/CodeIgniter.php(925): App\Controllers\DashboardController->getCounts()
 3 SYSTEMPATH/CodeIgniter.php(480): CodeIgniter\CodeIgniter->runController()
 4 SYSTEMPATH/CodeIgniter.php(349): CodeIgniter\CodeIgniter->handleRequest()
 5 FCPATH/index.php(67): CodeIgniter\CodeIgniter->run()
CRITICAL - 2026-05-20 18:15:33 --> Trying to access array offset on null
in APPPATH/Controllers/DashboardController.php on line 339.
 1 APPPATH/Controllers/DashboardController.php(339): CodeIgniter\Debug\Exceptions->errorHandler()
 2 SYSTEMPATH/CodeIgniter.php(925): App\Controllers\DashboardController->getCounts()
 3 SYSTEMPATH/CodeIgniter.php(480): CodeIgniter\CodeIgniter->runController()
 4 SYSTEMPATH/CodeIgniter.php(349): CodeIgniter\CodeIgniter->handleRequest()
 5 FCPATH/index.php(67): CodeIgniter\CodeIgniter->run()
CRITICAL - 2026-05-20 18:15:40 --> Attempt to read property "religion_id" on null
in APPPATH/Controllers/Admin.php on line 5047.
 1 APPPATH/Controllers/Admin.php(5047): CodeIgniter\Debug\Exceptions->errorHandler()
 2 SYSTEMPATH/CodeIgniter.php(925): App\Controllers\Admin->profile_view()
 3 SYSTEMPATH/CodeIgniter.php(480): CodeIgniter\CodeIgniter->runController()
 4 SYSTEMPATH/CodeIgniter.php(349): CodeIgniter\CodeIgniter->handleRequest()
 5 FCPATH/index.php(67): CodeIgniter\CodeIgniter->run()
CRITICAL - 2026-05-20 18:15:40 --> Attempt to read property "religion_id" on null
in APPPATH/Controllers/Admin.php on line 5047.
 1 APPPATH/Controllers/Admin.php(5047): CodeIgniter\Debug\Exceptions->errorHandler()
 2 SYSTEMPATH/CodeIgniter.php(925): App\Controllers\Admin->profile_view()
 3 SYSTEMPATH/CodeIgniter.php(480): CodeIgniter\CodeIgniter->runController()
 4 SYSTEMPATH/CodeIgniter.php(349): CodeIgniter\CodeIgniter->handleRequest()
 5 FCPATH/index.php(67): CodeIgniter\CodeIgniter->run()
CRITICAL - 2026-05-20 18:15:40 --> Attempt to read property "religion_id" on null
in APPPATH/Controllers/Admin.php on line 5047.
 1 APPPATH/Controllers/Admin.php(5047): CodeIgniter\Debug\Exceptions->errorHandler()
 2 SYSTEMPATH/CodeIgniter.php(925): App\Controllers\Admin->profile_view()
 3 SYSTEMPATH/CodeIgniter.php(480): CodeIgniter\CodeIgniter->runController()
 4 SYSTEMPATH/CodeIgniter.php(349): CodeIgniter\CodeIgniter->handleRequest()
 5 FCPATH/index.php(67): CodeIgniter\CodeIgniter->run()
CRITICAL - 2026-05-20 18:15:40 --> Attempt to read property "religion_id" on null
in APPPATH/Controllers/Admin.php on line 5047.
 1 APPPATH/Controllers/Admin.php(5047): CodeIgniter\Debug\Exceptions->errorHandler()
 2 SYSTEMPATH/CodeIgniter.php(925): App\Controllers\Admin->profile_view()
 3 SYSTEMPATH/CodeIgniter.php(480): CodeIgniter\CodeIgniter->runController()
 4 SYSTEMPATH/CodeIgniter.php(349): CodeIgniter\CodeIgniter->handleRequest()
 5 FCPATH/index.php(67): CodeIgniter\CodeIgniter->run()
CRITICAL - 2026-05-20 18:16:03 --> Trying to access array offset on null
in APPPATH/Controllers/DashboardController.php on line 339.
 1 APPPATH/Controllers/DashboardController.php(339): CodeIgniter\Debug\Exceptions->errorHandler()
 2 SYSTEMPATH/CodeIgniter.php(925): App\Controllers\DashboardController->getCounts()
 3 SYSTEMPATH/CodeIgniter.php(480): CodeIgniter\CodeIgniter->runController()
 4 SYSTEMPATH/CodeIgniter.php(349): CodeIgniter\CodeIgniter->handleRequest()
 5 FCPATH/index.php(67): CodeIgniter\CodeIgniter->run()
CRITICAL - 2026-05-20 18:16:33 --> Trying to access array offset on null
in APPPATH/Controllers/DashboardController.php on line 339.
 1 APPPATH/Controllers/DashboardController.php(339): CodeIgniter\Debug\Exceptions->errorHandler()
 2 SYSTEMPATH/CodeIgniter.php(925): App\Controllers\DashboardController->getCounts()
 3 SYSTEMPATH/CodeIgniter.php(480): CodeIgniter\CodeIgniter->runController()
 4 SYSTEMPATH/CodeIgniter.php(349): CodeIgniter\CodeIgniter->handleRequest()
 5 FCPATH/index.php(67): CodeIgniter\CodeIgniter->run()
CRITICAL - 2026-05-20 18:17:04 --> Trying to access array offset on null
in APPPATH/Controllers/DashboardController.php on line 339.
 1 APPPATH/Controllers/DashboardController.php(339): CodeIgniter\Debug\Exceptions->errorHandler()
 2 SYSTEMPATH/CodeIgniter.php(925): App\Controllers\DashboardController->getCounts()
 3 SYSTEMPATH/CodeIgniter.php(480): CodeIgniter\CodeIgniter->runController()
 4 SYSTEMPATH/CodeIgniter.php(349): CodeIgniter\CodeIgniter->handleRequest()
 5 FCPATH/index.php(67): CodeIgniter\CodeIgniter->run()
CRITICAL - 2026-05-20 18:17:34 --> Trying to access array offset on null
in APPPATH/Controllers/DashboardController.php on line 339.
 1 APPPATH/Controllers/DashboardController.php(339): CodeIgniter\Debug\Exceptions->errorHandler()
 2 SYSTEMPATH/CodeIgniter.php(925): App\Controllers\DashboardController->getCounts()
 3 SYSTEMPATH/CodeIgniter.php(480): CodeIgniter\CodeIgniter->runController()
 4 SYSTEMPATH/CodeIgniter.php(349): CodeIgniter\CodeIgniter->handleRequest()
 5 FCPATH/index.php(67): CodeIgniter\CodeIgniter->run()
CRITICAL - 2026-05-20 18:18:05 --> Trying to access array offset on null
in APPPATH/Controllers/DashboardController.php on line 339.
 1 APPPATH/Controllers/DashboardController.php(339): CodeIgniter\Debug\Exceptions->errorHandler()
 2 SYSTEMPATH/CodeIgniter.php(925): App\Controllers\DashboardController->getCounts()
 3 SYSTEMPATH/CodeIgniter.php(480): CodeIgniter\CodeIgniter->runController()
 4 SYSTEMPATH/CodeIgniter.php(349): CodeIgniter\CodeIgniter->handleRequest()
 5 FCPATH/index.php(67): CodeIgniter\CodeIgniter->run()
CRITICAL - 2026-05-20 18:18:32 --> Attempt to read property "religion_id" on null
in APPPATH/Controllers/Admin.php on line 5047.
 1 APPPATH/Controllers/Admin.php(5047): CodeIgniter\Debug\Exceptions->errorHandler()
 2 SYSTEMPATH/CodeIgniter.php(925): App\Controllers\Admin->profile_view()
 3 SYSTEMPATH/CodeIgniter.php(480): CodeIgniter\CodeIgniter->runController()
 4 SYSTEMPATH/CodeIgniter.php(349): CodeIgniter\CodeIgniter->handleRequest()
 5 FCPATH/index.php(67): CodeIgniter\CodeIgniter->run()
CRITICAL - 2026-05-20 18:18:32 --> Attempt to read property "religion_id" on null
in APPPATH/Controllers/Admin.php on line 5047.
 1 APPPATH/Controllers/Admin.php(5047): CodeIgniter\Debug\Exceptions->errorHandler()
 2 SYSTEMPATH/CodeIgniter.php(925): App\Controllers\Admin->profile_view()
 3 SYSTEMPATH/CodeIgniter.php(480): CodeIgniter\CodeIgniter->runController()
 4 SYSTEMPATH/CodeIgniter.php(349): CodeIgniter\CodeIgniter->handleRequest()
 5 FCPATH/index.php(67): CodeIgniter\CodeIgniter->run()
CRITICAL - 2026-05-20 18:18:32 --> Attempt to read property "religion_id" on null
in APPPATH/Controllers/Admin.php on line 5047.
 1 APPPATH/Controllers/Admin.php(5047): CodeIgniter\Debug\Exceptions->errorHandler()
 2 SYSTEMPATH/CodeIgniter.php(925): App\Controllers\Admin->profile_view()
 3 SYSTEMPATH/CodeIgniter.php(480): CodeIgniter\CodeIgniter->runController()
 4 SYSTEMPATH/CodeIgniter.php(349): CodeIgniter\CodeIgniter->handleRequest()
 5 FCPATH/index.php(67): CodeIgniter\CodeIgniter->run()
CRITICAL - 2026-05-20 18:18:32 --> Attempt to read property "religion_id" on null
in APPPATH/Controllers/Admin.php on line 5047.
 1 APPPATH/Controllers/Admin.php(5047): CodeIgniter\Debug\Exceptions->errorHandler()
 2 SYSTEMPATH/CodeIgniter.php(925): App\Controllers\Admin->profile_view()
 3 SYSTEMPATH/CodeIgniter.php(480): CodeIgniter\CodeIgniter->runController()
 4 SYSTEMPATH/CodeIgniter.php(349): CodeIgniter\CodeIgniter->handleRequest()
 5 FCPATH/index.php(67): CodeIgniter\CodeIgniter->run()
ERROR - 2026-05-20 18:18:34 --> mysqli_sql_exception: Unknown column 'status' in 'SET' in /home/glezbsuv7iuc/public_html/system/Database/MySQLi/Connection.php:292
Stack trace:
#0 /home/glezbsuv7iuc/public_html/system/Database/MySQLi/Connection.php(292): mysqli->query()
#1 /home/glezbsuv7iuc/public_html/system/Database/BaseConnection.php(666): CodeIgniter\Database\MySQLi\Connection->execute()
#2 /home/glezbsuv7iuc/public_html/system/Database/BaseConnection.php(593): CodeIgniter\Database\BaseConnection->simpleQuery()
#3 /home/glezbsuv7iuc/public_html/system/Database/BaseBuilder.php(2079): CodeIgniter\Database\BaseConnection->query()
#4 /home/glezbsuv7iuc/public_html/app/Controllers/Admin.php(5775): CodeIgniter\Database\BaseBuilder->update()
#5 /home/glezbsuv7iuc/public_html/system/CodeIgniter.php(925): App\Controllers\Admin->update_all_statuses()
#6 /home/glezbsuv7iuc/public_html/system/CodeIgniter.php(480): CodeIgniter\CodeIgniter->runController()
#7 /home/glezbsuv7iuc/public_html/system/CodeIgniter.php(349): CodeIgniter\CodeIgniter->handleRequest()
#8 /home/glezbsuv7iuc/public_html/index.php(67): CodeIgniter\CodeIgniter->run()
#9 {main}
CRITICAL - 2026-05-20 18:18:35 --> Trying to access array offset on null
in APPPATH/Controllers/DashboardController.php on line 339.
 1 APPPATH/Controllers/DashboardController.php(339): CodeIgniter\Debug\Exceptions->errorHandler()
 2 SYSTEMPATH/CodeIgniter.php(925): App\Controllers\DashboardController->getCounts()
 3 SYSTEMPATH/CodeIgniter.php(480): CodeIgniter\CodeIgniter->runController()
 4 SYSTEMPATH/CodeIgniter.php(349): CodeIgniter\CodeIgniter->handleRequest()
 5 FCPATH/index.php(67): CodeIgniter\CodeIgniter->run()
ERROR - 2026-05-20 18:18:45 --> mysqli_sql_exception: Unknown column 'status' in 'SET' in /home/glezbsuv7iuc/public_html/system/Database/MySQLi/Connection.php:292
Stack trace:
#0 /home/glezbsuv7iuc/public_html/system/Database/MySQLi/Connection.php(292): mysqli->query()
#1 /home/glezbsuv7iuc/public_html/system/Database/BaseConnection.php(666): CodeIgniter\Database\MySQLi\Connection->execute()
#2 /home/glezbsuv7iuc/public_html/system/Database/BaseConnection.php(593): CodeIgniter\Database\BaseConnection->simpleQuery()
#3 /home/glezbsuv7iuc/public_html/system/Database/BaseBuilder.php(2079): CodeIgniter\Database\BaseConnection->query()
#4 /home/glezbsuv7iuc/public_html/app/Controllers/Admin.php(5775): CodeIgniter\Database\BaseBuilder->update()
#5 /home/glezbsuv7iuc/public_html/system/CodeIgniter.php(925): App\Controllers\Admin->update_all_statuses()
#6 /home/glezbsuv7iuc/public_html/system/CodeIgniter.php(480): CodeIgniter\CodeIgniter->runController()
#7 /home/glezbsuv7iuc/public_html/system/CodeIgniter.php(349): CodeIgniter\CodeIgniter->handleRequest()
#8 /home/glezbsuv7iuc/public_html/index.php(67): CodeIgniter\CodeIgniter->run()
#9 {main}
CRITICAL - 2026-05-20 18:19:05 --> Trying to access array offset on null
in APPPATH/Controllers/DashboardController.php on line 339.
 1 APPPATH/Controllers/DashboardController.php(339): CodeIgniter\Debug\Exceptions->errorHandler()
 2 SYSTEMPATH/CodeIgniter.php(925): App\Controllers\DashboardController->getCounts()
 3 SYSTEMPATH/CodeIgniter.php(480): CodeIgniter\CodeIgniter->runController()
 4 SYSTEMPATH/CodeIgniter.php(349): CodeIgniter\CodeIgniter->handleRequest()
 5 FCPATH/index.php(67): CodeIgniter\CodeIgniter->run()
CRITICAL - 2026-05-20 18:19:35 --> Trying to access array offset on null
in APPPATH/Controllers/DashboardController.php on line 339.
 1 APPPATH/Controllers/DashboardController.php(339): CodeIgniter\Debug\Exceptions->errorHandler()
 2 SYSTEMPATH/CodeIgniter.php(925): App\Controllers\DashboardController->getCounts()
 3 SYSTEMPATH/CodeIgniter.php(480): CodeIgniter\CodeIgniter->runController()
 4 SYSTEMPATH/CodeIgniter.php(349): CodeIgniter\CodeIgniter->handleRequest()
 5 FCPATH/index.php(67): CodeIgniter\CodeIgniter->run()
CRITICAL - 2026-05-20 18:20:06 --> Trying to access array offset on null
in APPPATH/Controllers/DashboardController.php on line 339.
 1 APPPATH/Controllers/DashboardController.php(339): CodeIgniter\Debug\Exceptions->errorHandler()
 2 SYSTEMPATH/CodeIgniter.php(925): App\Controllers\DashboardController->getCounts()
 3 SYSTEMPATH/CodeIgniter.php(480): CodeIgniter\CodeIgniter->runController()
 4 SYSTEMPATH/CodeIgniter.php(349): CodeIgniter\CodeIgniter->handleRequest()
 5 FCPATH/index.php(67): CodeIgniter\CodeIgniter->run()
CRITICAL - 2026-05-20 18:20:11 --> Attempt to read property "religion_id" on null
in APPPATH/Controllers/Admin.php on line 5047.
 1 APPPATH/Controllers/Admin.php(5047): CodeIgniter\Debug\Exceptions->errorHandler()
 2 SYSTEMPATH/CodeIgniter.php(925): App\Controllers\Admin->profile_view()
 3 SYSTEMPATH/CodeIgniter.php(480): CodeIgniter\CodeIgniter->runController()
 4 SYSTEMPATH/CodeIgniter.php(349): CodeIgniter\CodeIgniter->handleRequest()
 5 FCPATH/index.php(67): CodeIgniter\CodeIgniter->run()
CRITICAL - 2026-05-20 18:20:11 --> Attempt to read property "religion_id" on null
in APPPATH/Controllers/Admin.php on line 5047.
 1 APPPATH/Controllers/Admin.php(5047): CodeIgniter\Debug\Exceptions->errorHandler()
 2 SYSTEMPATH/CodeIgniter.php(925): App\Controllers\Admin->profile_view()
 3 SYSTEMPATH/CodeIgniter.php(480): CodeIgniter\CodeIgniter->runController()
 4 SYSTEMPATH/CodeIgniter.php(349): CodeIgniter\CodeIgniter->handleRequest()
 5 FCPATH/index.php(67): CodeIgniter\CodeIgniter->run()
CRITICAL - 2026-05-20 18:20:11 --> Attempt to read property "religion_id" on null
in APPPATH/Controllers/Admin.php on line 5047.
 1 APPPATH/Controllers/Admin.php(5047): CodeIgniter\Debug\Exceptions->errorHandler()
 2 SYSTEMPATH/CodeIgniter.php(925): App\Controllers\Admin->profile_view()
 3 SYSTEMPATH/CodeIgniter.php(480): CodeIgniter\CodeIgniter->runController()
 4 SYSTEMPATH/CodeIgniter.php(349): CodeIgniter\CodeIgniter->handleRequest()
 5 FCPATH/index.php(67): CodeIgniter\CodeIgniter->run()
CRITICAL - 2026-05-20 18:20:11 --> Attempt to read property "religion_id" on null
in APPPATH/Controllers/Admin.php on line 5047.
 1 APPPATH/Controllers/Admin.php(5047): CodeIgniter\Debug\Exceptions->errorHandler()
 2 SYSTEMPATH/CodeIgniter.php(925): App\Controllers\Admin->profile_view()
 3 SYSTEMPATH/CodeIgniter.php(480): CodeIgniter\CodeIgniter->runController()
 4 SYSTEMPATH/CodeIgniter.php(349): CodeIgniter\CodeIgniter->handleRequest()
 5 FCPATH/index.php(67): CodeIgniter\CodeIgniter->run()
CRITICAL - 2026-05-20 18:20:36 --> Trying to access array offset on null
in APPPATH/Controllers/DashboardController.php on line 339.
 1 APPPATH/Controllers/DashboardController.php(339): CodeIgniter\Debug\Exceptions->errorHandler()
 2 SYSTEMPATH/CodeIgniter.php(925): App\Controllers\DashboardController->getCounts()
 3 SYSTEMPATH/CodeIgniter.php(480): CodeIgniter\CodeIgniter->runController()
 4 SYSTEMPATH/CodeIgniter.php(349): CodeIgniter\CodeIgniter->handleRequest()
 5 FCPATH/index.php(67): CodeIgniter\CodeIgniter->run()
CRITICAL - 2026-05-20 18:21:07 --> Trying to access array offset on null
in APPPATH/Controllers/DashboardController.php on line 339.
 1 APPPATH/Controllers/DashboardController.php(339): CodeIgniter\Debug\Exceptions->errorHandler()
 2 SYSTEMPATH/CodeIgniter.php(925): App\Controllers\DashboardController->getCounts()
 3 SYSTEMPATH/CodeIgniter.php(480): CodeIgniter\CodeIgniter->runController()
 4 SYSTEMPATH/CodeIgniter.php(349): CodeIgniter\CodeIgniter->handleRequest()
 5 FCPATH/index.php(67): CodeIgniter\CodeIgniter->run()
CRITICAL - 2026-05-20 18:21:37 --> Trying to access array offset on null
in APPPATH/Controllers/DashboardController.php on line 339.
 1 APPPATH/Controllers/DashboardController.php(339): CodeIgniter\Debug\Exceptions->errorHandler()
 2 SYSTEMPATH/CodeIgniter.php(925): App\Controllers\DashboardController->getCounts()
 3 SYSTEMPATH/CodeIgniter.php(480): CodeIgniter\CodeIgniter->runController()
 4 SYSTEMPATH/CodeIgniter.php(349): CodeIgniter\CodeIgniter->handleRequest()
 5 FCPATH/index.php(67): CodeIgniter\CodeIgniter->run()
CRITICAL - 2026-05-20 18:22:08 --> Trying to access array offset on null
in APPPATH/Controllers/DashboardController.php on line 339.
 1 APPPATH/Controllers/DashboardController.php(339): CodeIgniter\Debug\Exceptions->errorHandler()
 2 SYSTEMPATH/CodeIgniter.php(925): App\Controllers\DashboardController->getCounts()
 3 SYSTEMPATH/CodeIgniter.php(480): CodeIgniter\CodeIgniter->runController()
 4 SYSTEMPATH/CodeIgniter.php(349): CodeIgniter\CodeIgniter->handleRequest()
 5 FCPATH/index.php(67): CodeIgniter\CodeIgniter->run()
CRITICAL - 2026-05-20 18:22:38 --> Trying to access array offset on null
in APPPATH/Controllers/DashboardController.php on line 339.
 1 APPPATH/Controllers/DashboardController.php(339): CodeIgniter\Debug\Exceptions->errorHandler()
 2 SYSTEMPATH/CodeIgniter.php(925): App\Controllers\DashboardController->getCounts()
 3 SYSTEMPATH/CodeIgniter.php(480): CodeIgniter\CodeIgniter->runController()
 4 SYSTEMPATH/CodeIgniter.php(349): CodeIgniter\CodeIgniter->handleRequest()
 5 FCPATH/index.php(67): CodeIgniter\CodeIgniter->run()
CRITICAL - 2026-05-20 18:23:08 --> Trying to access array offset on null
in APPPATH/Controllers/DashboardController.php on line 339.
 1 APPPATH/Controllers/DashboardController.php(339): CodeIgniter\Debug\Exceptions->errorHandler()
 2 SYSTEMPATH/CodeIgniter.php(925): App\Controllers\DashboardController->getCounts()
 3 SYSTEMPATH/CodeIgniter.php(480): CodeIgniter\CodeIgniter->runController()
 4 SYSTEMPATH/CodeIgniter.php(349): CodeIgniter\CodeIgniter->handleRequest()
 5 FCPATH/index.php(67): CodeIgniter\CodeIgniter->run()
CRITICAL - 2026-05-20 18:23:39 --> Trying to access array offset on null
in APPPATH/Controllers/DashboardController.php on line 339.
 1 APPPATH/Controllers/DashboardController.php(339): CodeIgniter\Debug\Exceptions->errorHandler()
 2 SYSTEMPATH/CodeIgniter.php(925): App\Controllers\DashboardController->getCounts()
 3 SYSTEMPATH/CodeIgniter.php(480): CodeIgniter\CodeIgniter->runController()
 4 SYSTEMPATH/CodeIgniter.php(349): CodeIgniter\CodeIgniter->handleRequest()
 5 FCPATH/index.php(67): CodeIgniter\CodeIgniter->run()
CRITICAL - 2026-05-20 18:24:09 --> Trying to access array offset on null
in APPPATH/Controllers/DashboardController.php on line 339.
 1 APPPATH/Controllers/DashboardController.php(339): CodeIgniter\Debug\Exceptions->errorHandler()
 2 SYSTEMPATH/CodeIgniter.php(925): App\Controllers\DashboardController->getCounts()
 3 SYSTEMPATH/CodeIgniter.php(480): CodeIgniter\CodeIgniter->runController()
 4 SYSTEMPATH/CodeIgniter.php(349): CodeIgniter\CodeIgniter->handleRequest()
 5 FCPATH/index.php(67): CodeIgniter\CodeIgniter->run()
CRITICAL - 2026-05-20 18:24:39 --> Trying to access array offset on null
in APPPATH/Controllers/DashboardController.php on line 339.
 1 APPPATH/Controllers/DashboardController.php(339): CodeIgniter\Debug\Exceptions->errorHandler()
 2 SYSTEMPATH/CodeIgniter.php(925): App\Controllers\DashboardController->getCounts()
 3 SYSTEMPATH/CodeIgniter.php(480): CodeIgniter\CodeIgniter->runController()
 4 SYSTEMPATH/CodeIgniter.php(349): CodeIgniter\CodeIgniter->handleRequest()
 5 FCPATH/index.php(67): CodeIgniter\CodeIgniter->run()
CRITICAL - 2026-05-20 18:25:10 --> Trying to access array offset on null
in APPPATH/Controllers/DashboardController.php on line 339.
 1 APPPATH/Controllers/DashboardController.php(339): CodeIgniter\Debug\Exceptions->errorHandler()
 2 SYSTEMPATH/CodeIgniter.php(925): App\Controllers\DashboardController->getCounts()
 3 SYSTEMPATH/CodeIgniter.php(480): CodeIgniter\CodeIgniter->runController()
 4 SYSTEMPATH/CodeIgniter.php(349): CodeIgniter\CodeIgniter->handleRequest()
 5 FCPATH/index.php(67): CodeIgniter\CodeIgniter->run()
CRITICAL - 2026-05-20 18:25:40 --> Trying to access array offset on null
in APPPATH/Controllers/DashboardController.php on line 339.
 1 APPPATH/Controllers/DashboardController.php(339): CodeIgniter\Debug\Exceptions->errorHandler()
 2 SYSTEMPATH/CodeIgniter.php(925): App\Controllers\DashboardController->getCounts()
 3 SYSTEMPATH/CodeIgniter.php(480): CodeIgniter\CodeIgniter->runController()
 4 SYSTEMPATH/CodeIgniter.php(349): CodeIgniter\CodeIgniter->handleRequest()
 5 FCPATH/index.php(67): CodeIgniter\CodeIgniter->run()
CRITICAL - 2026-05-20 18:26:10 --> Trying to access array offset on null
in APPPATH/Controllers/DashboardController.php on line 339.
 1 APPPATH/Controllers/DashboardController.php(339): CodeIgniter\Debug\Exceptions->errorHandler()
 2 SYSTEMPATH/CodeIgniter.php(925): App\Controllers\DashboardController->getCounts()
 3 SYSTEMPATH/CodeIgniter.php(480): CodeIgniter\CodeIgniter->runController()
 4 SYSTEMPATH/CodeIgniter.php(349): CodeIgniter\CodeIgniter->handleRequest()
 5 FCPATH/index.php(67): CodeIgniter\CodeIgniter->run()
CRITICAL - 2026-05-20 18:26:41 --> Trying to access array offset on null
in APPPATH/Controllers/DashboardController.php on line 339.
 1 APPPATH/Controllers/DashboardController.php(339): CodeIgniter\Debug\Exceptions->errorHandler()
 2 SYSTEMPATH/CodeIgniter.php(925): App\Controllers\DashboardController->getCounts()
 3 SYSTEMPATH/CodeIgniter.php(480): CodeIgniter\CodeIgniter->runController()
 4 SYSTEMPATH/CodeIgniter.php(349): CodeIgniter\CodeIgniter->handleRequest()
 5 FCPATH/index.php(67): CodeIgniter\CodeIgniter->run()
CRITICAL - 2026-05-20 18:27:11 --> Trying to access array offset on null
in APPPATH/Controllers/DashboardController.php on line 339.
 1 APPPATH/Controllers/DashboardController.php(339): CodeIgniter\Debug\Exceptions->errorHandler()
 2 SYSTEMPATH/CodeIgniter.php(925): App\Controllers\DashboardController->getCounts()
 3 SYSTEMPATH/CodeIgniter.php(480): CodeIgniter\CodeIgniter->runController()
 4 SYSTEMPATH/CodeIgniter.php(349): CodeIgniter\CodeIgniter->handleRequest()
 5 FCPATH/index.php(67): CodeIgniter\CodeIgniter->run()
CRITICAL - 2026-05-20 18:27:41 --> Trying to access array offset on null
in APPPATH/Controllers/DashboardController.php on line 339.
 1 APPPATH/Controllers/DashboardController.php(339): CodeIgniter\Debug\Exceptions->errorHandler()
 2 SYSTEMPATH/CodeIgniter.php(925): App\Controllers\DashboardController->getCounts()
 3 SYSTEMPATH/CodeIgniter.php(480): CodeIgniter\CodeIgniter->runController()
 4 SYSTEMPATH/CodeIgniter.php(349): CodeIgniter\CodeIgniter->handleRequest()
 5 FCPATH/index.php(67): CodeIgniter\CodeIgniter->run()
CRITICAL - 2026-05-20 18:28:12 --> Trying to access array offset on null
in APPPATH/Controllers/DashboardController.php on line 339.
 1 APPPATH/Controllers/DashboardController.php(339): CodeIgniter\Debug\Exceptions->errorHandler()
 2 SYSTEMPATH/CodeIgniter.php(925): App\Controllers\DashboardController->getCounts()
 3 SYSTEMPATH/CodeIgniter.php(480): CodeIgniter\CodeIgniter->runController()
 4 SYSTEMPATH/CodeIgniter.php(349): CodeIgniter\CodeIgniter->handleRequest()
 5 FCPATH/index.php(67): CodeIgniter\CodeIgniter->run()
CRITICAL - 2026-05-20 18:28:42 --> Trying to access array offset on null
in APPPATH/Controllers/DashboardController.php on line 339.
 1 APPPATH/Controllers/DashboardController.php(339): CodeIgniter\Debug\Exceptions->errorHandler()
 2 SYSTEMPATH/CodeIgniter.php(925): App\Controllers\DashboardController->getCounts()
 3 SYSTEMPATH/CodeIgniter.php(480): CodeIgniter\CodeIgniter->runController()
 4 SYSTEMPATH/CodeIgniter.php(349): CodeIgniter\CodeIgniter->handleRequest()
 5 FCPATH/index.php(67): CodeIgniter\CodeIgniter->run()
CRITICAL - 2026-05-20 18:29:12 --> Trying to access array offset on null
in APPPATH/Controllers/DashboardController.php on line 339.
 1 APPPATH/Controllers/DashboardController.php(339): CodeIgniter\Debug\Exceptions->errorHandler()
 2 SYSTEMPATH/CodeIgniter.php(925): App\Controllers\DashboardController->getCounts()
 3 SYSTEMPATH/CodeIgniter.php(480): CodeIgniter\CodeIgniter->runController()
 4 SYSTEMPATH/CodeIgniter.php(349): CodeIgniter\CodeIgniter->handleRequest()
 5 FCPATH/index.php(67): CodeIgniter\CodeIgniter->run()
CRITICAL - 2026-05-20 18:29:43 --> Trying to access array offset on null
in APPPATH/Controllers/DashboardController.php on line 339.
 1 APPPATH/Controllers/DashboardController.php(339): CodeIgniter\Debug\Exceptions->errorHandler()
 2 SYSTEMPATH/CodeIgniter.php(925): App\Controllers\DashboardController->getCounts()
 3 SYSTEMPATH/CodeIgniter.php(480): CodeIgniter\CodeIgniter->runController()
 4 SYSTEMPATH/CodeIgniter.php(349): CodeIgniter\CodeIgniter->handleRequest()
 5 FCPATH/index.php(67): CodeIgniter\CodeIgniter->run()
CRITICAL - 2026-05-20 18:30:13 --> Trying to access array offset on null
in APPPATH/Controllers/DashboardController.php on line 339.
 1 APPPATH/Controllers/DashboardController.php(339): CodeIgniter\Debug\Exceptions->errorHandler()
 2 SYSTEMPATH/CodeIgniter.php(925): App\Controllers\DashboardController->getCounts()
 3 SYSTEMPATH/CodeIgniter.php(480): CodeIgniter\CodeIgniter->runController()
 4 SYSTEMPATH/CodeIgniter.php(349): CodeIgniter\CodeIgniter->handleRequest()
 5 FCPATH/index.php(67): CodeIgniter\CodeIgniter->run()
CRITICAL - 2026-05-20 18:30:43 --> Trying to access array offset on null
in APPPATH/Controllers/DashboardController.php on line 339.
 1 APPPATH/Controllers/DashboardController.php(339): CodeIgniter\Debug\Exceptions->errorHandler()
 2 SYSTEMPATH/CodeIgniter.php(925): App\Controllers\DashboardController->getCounts()
 3 SYSTEMPATH/CodeIgniter.php(480): CodeIgniter\CodeIgniter->runController()
 4 SYSTEMPATH/CodeIgniter.php(349): CodeIgniter\CodeIgniter->handleRequest()
 5 FCPATH/index.php(67): CodeIgniter\CodeIgniter->run()
CRITICAL - 2026-05-20 18:31:13 --> Trying to access array offset on null
in APPPATH/Controllers/DashboardController.php on line 339.
 1 APPPATH/Controllers/DashboardController.php(339): CodeIgniter\Debug\Exceptions->errorHandler()
 2 SYSTEMPATH/CodeIgniter.php(925): App\Controllers\DashboardController->getCounts()
 3 SYSTEMPATH/CodeIgniter.php(480): CodeIgniter\CodeIgniter->runController()
 4 SYSTEMPATH/CodeIgniter.php(349): CodeIgniter\CodeIgniter->handleRequest()
 5 FCPATH/index.php(67): CodeIgniter\CodeIgniter->run()
CRITICAL - 2026-05-20 18:31:44 --> Trying to access array offset on null
in APPPATH/Controllers/DashboardController.php on line 339.
 1 APPPATH/Controllers/DashboardController.php(339): CodeIgniter\Debug\Exceptions->errorHandler()
 2 SYSTEMPATH/CodeIgniter.php(925): App\Controllers\DashboardController->getCounts()
 3 SYSTEMPATH/CodeIgniter.php(480): CodeIgniter\CodeIgniter->runController()
 4 SYSTEMPATH/CodeIgniter.php(349): CodeIgniter\CodeIgniter->handleRequest()
 5 FCPATH/index.php(67): CodeIgniter\CodeIgniter->run()
CRITICAL - 2026-05-20 18:32:14 --> Trying to access array offset on null
in APPPATH/Controllers/DashboardController.php on line 339.
 1 APPPATH/Controllers/DashboardController.php(339): CodeIgniter\Debug\Exceptions->errorHandler()
 2 SYSTEMPATH/CodeIgniter.php(925): App\Controllers\DashboardController->getCounts()
 3 SYSTEMPATH/CodeIgniter.php(480): CodeIgniter\CodeIgniter->runController()
 4 SYSTEMPATH/CodeIgniter.php(349): CodeIgniter\CodeIgniter->handleRequest()
 5 FCPATH/index.php(67): CodeIgniter\CodeIgniter->run()
CRITICAL - 2026-05-20 18:32:45 --> Trying to access array offset on null
in APPPATH/Controllers/DashboardController.php on line 339.
 1 APPPATH/Controllers/DashboardController.php(339): CodeIgniter\Debug\Exceptions->errorHandler()
 2 SYSTEMPATH/CodeIgniter.php(925): App\Controllers\DashboardController->getCounts()
 3 SYSTEMPATH/CodeIgniter.php(480): CodeIgniter\CodeIgniter->runController()
 4 SYSTEMPATH/CodeIgniter.php(349): CodeIgniter\CodeIgniter->handleRequest()
 5 FCPATH/index.php(67): CodeIgniter\CodeIgniter->run()
CRITICAL - 2026-05-20 18:33:14 --> Trying to access array offset on null
in APPPATH/Controllers/DashboardController.php on line 339.
 1 APPPATH/Controllers/DashboardController.php(339): CodeIgniter\Debug\Exceptions->errorHandler()
 2 SYSTEMPATH/CodeIgniter.php(925): App\Controllers\DashboardController->getCounts()
 3 SYSTEMPATH/CodeIgniter.php(480): CodeIgniter\CodeIgniter->runController()
 4 SYSTEMPATH/CodeIgniter.php(349): CodeIgniter\CodeIgniter->handleRequest()
 5 FCPATH/index.php(67): CodeIgniter\CodeIgniter->run()
CRITICAL - 2026-05-20 18:33:45 --> Trying to access array offset on null
in APPPATH/Controllers/DashboardController.php on line 339.
 1 APPPATH/Controllers/DashboardController.php(339): CodeIgniter\Debug\Exceptions->errorHandler()
 2 SYSTEMPATH/CodeIgniter.php(925): App\Controllers\DashboardController->getCounts()
 3 SYSTEMPATH/CodeIgniter.php(480): CodeIgniter\CodeIgniter->runController()
 4 SYSTEMPATH/CodeIgniter.php(349): CodeIgniter\CodeIgniter->handleRequest()
 5 FCPATH/index.php(67): CodeIgniter\CodeIgniter->run()
CRITICAL - 2026-05-20 18:34:15 --> Trying to access array offset on null
in APPPATH/Controllers/DashboardController.php on line 339.
 1 APPPATH/Controllers/DashboardController.php(339): CodeIgniter\Debug\Exceptions->errorHandler()
 2 SYSTEMPATH/CodeIgniter.php(925): App\Controllers\DashboardController->getCounts()
 3 SYSTEMPATH/CodeIgniter.php(480): CodeIgniter\CodeIgniter->runController()
 4 SYSTEMPATH/CodeIgniter.php(349): CodeIgniter\CodeIgniter->handleRequest()
 5 FCPATH/index.php(67): CodeIgniter\CodeIgniter->run()
CRITICAL - 2026-05-20 18:34:46 --> Trying to access array offset on null
in APPPATH/Controllers/DashboardController.php on line 339.
 1 APPPATH/Controllers/DashboardController.php(339): CodeIgniter\Debug\Exceptions->errorHandler()
 2 SYSTEMPATH/CodeIgniter.php(925): App\Controllers\DashboardController->getCounts()
 3 SYSTEMPATH/CodeIgniter.php(480): CodeIgniter\CodeIgniter->runController()
 4 SYSTEMPATH/CodeIgniter.php(349): CodeIgniter\CodeIgniter->handleRequest()
 5 FCPATH/index.php(67): CodeIgniter\CodeIgniter->run()
CRITICAL - 2026-05-20 18:35:16 --> Trying to access array offset on null
in APPPATH/Controllers/DashboardController.php on line 339.
 1 APPPATH/Controllers/DashboardController.php(339): CodeIgniter\Debug\Exceptions->errorHandler()
 2 SYSTEMPATH/CodeIgniter.php(925): App\Controllers\DashboardController->getCounts()
 3 SYSTEMPATH/CodeIgniter.php(480): CodeIgniter\CodeIgniter->runController()
 4 SYSTEMPATH/CodeIgniter.php(349): CodeIgniter\CodeIgniter->handleRequest()
 5 FCPATH/index.php(67): CodeIgniter\CodeIgniter->run()
CRITICAL - 2026-05-20 18:35:46 --> Trying to access array offset on null
in APPPATH/Controllers/DashboardController.php on line 339.
 1 APPPATH/Controllers/DashboardController.php(339): CodeIgniter\Debug\Exceptions->errorHandler()
 2 SYSTEMPATH/CodeIgniter.php(925): App\Controllers\DashboardController->getCounts()
 3 SYSTEMPATH/CodeIgniter.php(480): CodeIgniter\CodeIgniter->runController()
 4 SYSTEMPATH/CodeIgniter.php(349): CodeIgniter\CodeIgniter->handleRequest()
 5 FCPATH/index.php(67): CodeIgniter\CodeIgniter->run()
CRITICAL - 2026-05-20 18:36:16 --> Trying to access array offset on null
in APPPATH/Controllers/DashboardController.php on line 339.
 1 APPPATH/Controllers/DashboardController.php(339): CodeIgniter\Debug\Exceptions->errorHandler()
 2 SYSTEMPATH/CodeIgniter.php(925): App\Controllers\DashboardController->getCounts()
 3 SYSTEMPATH/CodeIgniter.php(480): CodeIgniter\CodeIgniter->runController()
 4 SYSTEMPATH/CodeIgniter.php(349): CodeIgniter\CodeIgniter->handleRequest()
 5 FCPATH/index.php(67): CodeIgniter\CodeIgniter->run()
CRITICAL - 2026-05-20 18:36:47 --> Trying to access array offset on null
in APPPATH/Controllers/DashboardController.php on line 339.
 1 APPPATH/Controllers/DashboardController.php(339): CodeIgniter\Debug\Exceptions->errorHandler()
 2 SYSTEMPATH/CodeIgniter.php(925): App\Controllers\DashboardController->getCounts()
 3 SYSTEMPATH/CodeIgniter.php(480): CodeIgniter\CodeIgniter->runController()
 4 SYSTEMPATH/CodeIgniter.php(349): CodeIgniter\CodeIgniter->handleRequest()
 5 FCPATH/index.php(67): CodeIgniter\CodeIgniter->run()
CRITICAL - 2026-05-20 18:37:17 --> Trying to access array offset on null
in APPPATH/Controllers/DashboardController.php on line 339.
 1 APPPATH/Controllers/DashboardController.php(339): CodeIgniter\Debug\Exceptions->errorHandler()
 2 SYSTEMPATH/CodeIgniter.php(925): App\Controllers\DashboardController->getCounts()
 3 SYSTEMPATH/CodeIgniter.php(480): CodeIgniter\CodeIgniter->runController()
 4 SYSTEMPATH/CodeIgniter.php(349): CodeIgniter\CodeIgniter->handleRequest()
 5 FCPATH/index.php(67): CodeIgniter\CodeIgniter->run()
CRITICAL - 2026-05-20 18:37:48 --> Trying to access array offset on null
in APPPATH/Controllers/DashboardController.php on line 339.
 1 APPPATH/Controllers/DashboardController.php(339): CodeIgniter\Debug\Exceptions->errorHandler()
 2 SYSTEMPATH/CodeIgniter.php(925): App\Controllers\DashboardController->getCounts()
 3 SYSTEMPATH/CodeIgniter.php(480): CodeIgniter\CodeIgniter->runController()
 4 SYSTEMPATH/CodeIgniter.php(349): CodeIgniter\CodeIgniter->handleRequest()
 5 FCPATH/index.php(67): CodeIgniter\CodeIgniter->run()
