CRITICAL - 2023-08-19 00:35:58 --> Undefined variable $status_color
in APPPATH/Controllers/Admin.php on line 1918.
 1 APPPATH/Controllers/Admin.php(1918): CodeIgniter\Debug\Exceptions->errorHandler(2, 'Undefined variable $status_color', 'APPPATH/Controllers/Admin.php', 1918)
 2 SYSTEMPATH/CodeIgniter.php(925): App\Controllers\Admin->company_update('2')
 3 SYSTEMPATH/CodeIgniter.php(480): CodeIgniter\CodeIgniter->runController(Object(App\Controllers\Admin))
 4 SYSTEMPATH/CodeIgniter.php(349): CodeIgniter\CodeIgniter->handleRequest(null, Object(Config\Cache), false)
 5 FCPATH/index.php(67): CodeIgniter\CodeIgniter->run()
CRITICAL - 2023-08-19 00:45:01 --> Undefined array key "attendance_search"
in APPPATH/Models/Attendancemodel.php on line 30.
 1 APPPATH/Models/Attendancemodel.php(30): CodeIgniter\Debug\Exceptions->errorHandler(2, 'Undefined array key "attendance_search"', 'APPPATH/Models/Attendancemodel.php', 30)
 2 APPPATH/Models/Attendancemodel.php(91): App\Models\Attendancemodel->_get_datatables_query()
 3 APPPATH/Controllers/Admin.php(1653): App\Models\Attendancemodel->get_datatables()
 4 SYSTEMPATH/CodeIgniter.php(925): App\Controllers\Admin->list_attendance_ajax()
 5 SYSTEMPATH/CodeIgniter.php(480): CodeIgniter\CodeIgniter->runController(Object(App\Controllers\Admin))
 6 SYSTEMPATH/CodeIgniter.php(349): CodeIgniter\CodeIgniter->handleRequest(null, Object(Config\Cache), false)
 7 FCPATH/index.php(67): CodeIgniter\CodeIgniter->run()
CRITICAL - 2023-08-19 00:45:05 --> Undefined array key "attendance_search"
in APPPATH/Models/Attendancemodel.php on line 30.
 1 APPPATH/Models/Attendancemodel.php(30): CodeIgniter\Debug\Exceptions->errorHandler(2, 'Undefined array key "attendance_search"', 'APPPATH/Models/Attendancemodel.php', 30)
 2 APPPATH/Models/Attendancemodel.php(91): App\Models\Attendancemodel->_get_datatables_query()
 3 APPPATH/Controllers/Admin.php(1653): App\Models\Attendancemodel->get_datatables()
 4 SYSTEMPATH/CodeIgniter.php(925): App\Controllers\Admin->list_attendance_ajax()
 5 SYSTEMPATH/CodeIgniter.php(480): CodeIgniter\CodeIgniter->runController(Object(App\Controllers\Admin))
 6 SYSTEMPATH/CodeIgniter.php(349): CodeIgniter\CodeIgniter->handleRequest(null, Object(Config\Cache), false)
 7 FCPATH/index.php(67): CodeIgniter\CodeIgniter->run()
CRITICAL - 2023-08-19 00:45:31 --> Undefined array key "attendance_search"
in APPPATH/Models/Attendancemodel.php on line 30.
 1 APPPATH/Models/Attendancemodel.php(30): CodeIgniter\Debug\Exceptions->errorHandler(2, 'Undefined array key "attendance_search"', 'APPPATH/Models/Attendancemodel.php', 30)
 2 APPPATH/Models/Attendancemodel.php(91): App\Models\Attendancemodel->_get_datatables_query()
 3 APPPATH/Controllers/Admin.php(1653): App\Models\Attendancemodel->get_datatables()
 4 SYSTEMPATH/CodeIgniter.php(925): App\Controllers\Admin->list_attendance_ajax()
 5 SYSTEMPATH/CodeIgniter.php(480): CodeIgniter\CodeIgniter->runController(Object(App\Controllers\Admin))
 6 SYSTEMPATH/CodeIgniter.php(349): CodeIgniter\CodeIgniter->handleRequest(null, Object(Config\Cache), false)
 7 FCPATH/index.php(67): CodeIgniter\CodeIgniter->run()
CRITICAL - 2023-08-19 00:45:36 --> Undefined array key "attendance_search"
in APPPATH/Models/Attendancemodel.php on line 30.
 1 APPPATH/Models/Attendancemodel.php(30): CodeIgniter\Debug\Exceptions->errorHandler(2, 'Undefined array key "attendance_search"', 'APPPATH/Models/Attendancemodel.php', 30)
 2 APPPATH/Models/Attendancemodel.php(91): App\Models\Attendancemodel->_get_datatables_query()
 3 APPPATH/Controllers/Admin.php(1653): App\Models\Attendancemodel->get_datatables()
 4 SYSTEMPATH/CodeIgniter.php(925): App\Controllers\Admin->list_attendance_ajax()
 5 SYSTEMPATH/CodeIgniter.php(480): CodeIgniter\CodeIgniter->runController(Object(App\Controllers\Admin))
 6 SYSTEMPATH/CodeIgniter.php(349): CodeIgniter\CodeIgniter->handleRequest(null, Object(Config\Cache), false)
 7 FCPATH/index.php(67): CodeIgniter\CodeIgniter->run()
CRITICAL - 2023-08-19 00:47:53 --> Undefined array key 3
in APPPATH/Models/Usermodel.php on line 63.
 1 APPPATH/Models/Usermodel.php(63): CodeIgniter\Debug\Exceptions->errorHandler(2, 'Undefined array key 3', 'APPPATH/Models/Usermodel.php', 63)
 2 APPPATH/Models/Usermodel.php(79): App\Models\Usermodel->_get_datatables_query()
 3 APPPATH/Controllers/Admin.php(137): App\Models\Usermodel->get_datatables()
 4 SYSTEMPATH/CodeIgniter.php(925): App\Controllers\Admin->em_userlist()
 5 SYSTEMPATH/CodeIgniter.php(480): CodeIgniter\CodeIgniter->runController(Object(App\Controllers\Admin))
 6 SYSTEMPATH/CodeIgniter.php(349): CodeIgniter\CodeIgniter->handleRequest(null, Object(Config\Cache), false)
 7 FCPATH/index.php(67): CodeIgniter\CodeIgniter->run()
CRITICAL - 2023-08-19 01:13:34 --> Undefined array key "attendance_search"
in APPPATH/Models/Attendancemodel.php on line 30.
 1 APPPATH/Models/Attendancemodel.php(30): CodeIgniter\Debug\Exceptions->errorHandler(2, 'Undefined array key "attendance_search"', 'APPPATH/Models/Attendancemodel.php', 30)
 2 APPPATH/Models/Attendancemodel.php(91): App\Models\Attendancemodel->_get_datatables_query()
 3 APPPATH/Controllers/Admin.php(1653): App\Models\Attendancemodel->get_datatables()
 4 SYSTEMPATH/CodeIgniter.php(925): App\Controllers\Admin->list_attendance_ajax()
 5 SYSTEMPATH/CodeIgniter.php(480): CodeIgniter\CodeIgniter->runController(Object(App\Controllers\Admin))
 6 SYSTEMPATH/CodeIgniter.php(349): CodeIgniter\CodeIgniter->handleRequest(null, Object(Config\Cache), false)
 7 FCPATH/index.php(67): CodeIgniter\CodeIgniter->run()
CRITICAL - 2023-08-19 01:13:37 --> Undefined array key "attendance_search"
in APPPATH/Models/Attendancemodel.php on line 30.
 1 APPPATH/Models/Attendancemodel.php(30): CodeIgniter\Debug\Exceptions->errorHandler(2, 'Undefined array key "attendance_search"', 'APPPATH/Models/Attendancemodel.php', 30)
 2 APPPATH/Models/Attendancemodel.php(91): App\Models\Attendancemodel->_get_datatables_query()
 3 APPPATH/Controllers/Admin.php(1653): App\Models\Attendancemodel->get_datatables()
 4 SYSTEMPATH/CodeIgniter.php(925): App\Controllers\Admin->list_attendance_ajax()
 5 SYSTEMPATH/CodeIgniter.php(480): CodeIgniter\CodeIgniter->runController(Object(App\Controllers\Admin))
 6 SYSTEMPATH/CodeIgniter.php(349): CodeIgniter\CodeIgniter->handleRequest(null, Object(Config\Cache), false)
 7 FCPATH/index.php(67): CodeIgniter\CodeIgniter->run()
CRITICAL - 2023-08-19 01:15:29 --> Undefined array key "attendance_search"
in APPPATH/Models/Attendancemodel.php on line 30.
 1 APPPATH/Models/Attendancemodel.php(30): CodeIgniter\Debug\Exceptions->errorHandler(2, 'Undefined array key "attendance_search"', 'APPPATH/Models/Attendancemodel.php', 30)
 2 APPPATH/Models/Attendancemodel.php(91): App\Models\Attendancemodel->_get_datatables_query()
 3 APPPATH/Controllers/Admin.php(1653): App\Models\Attendancemodel->get_datatables()
 4 SYSTEMPATH/CodeIgniter.php(925): App\Controllers\Admin->list_attendance_ajax()
 5 SYSTEMPATH/CodeIgniter.php(480): CodeIgniter\CodeIgniter->runController(Object(App\Controllers\Admin))
 6 SYSTEMPATH/CodeIgniter.php(349): CodeIgniter\CodeIgniter->handleRequest(null, Object(Config\Cache), false)
 7 FCPATH/index.php(67): CodeIgniter\CodeIgniter->run()
CRITICAL - 2023-08-19 01:17:37 --> Undefined array key "attendance_search"
in APPPATH/Models/Attendancemodel.php on line 30.
 1 APPPATH/Models/Attendancemodel.php(30): CodeIgniter\Debug\Exceptions->errorHandler(2, 'Undefined array key "attendance_search"', 'APPPATH/Models/Attendancemodel.php', 30)
 2 APPPATH/Models/Attendancemodel.php(91): App\Models\Attendancemodel->_get_datatables_query()
 3 APPPATH/Controllers/Admin.php(1653): App\Models\Attendancemodel->get_datatables()
 4 SYSTEMPATH/CodeIgniter.php(925): App\Controllers\Admin->list_attendance_ajax()
 5 SYSTEMPATH/CodeIgniter.php(480): CodeIgniter\CodeIgniter->runController(Object(App\Controllers\Admin))
 6 SYSTEMPATH/CodeIgniter.php(349): CodeIgniter\CodeIgniter->handleRequest(null, Object(Config\Cache), false)
 7 FCPATH/index.php(67): CodeIgniter\CodeIgniter->run()
CRITICAL - 2023-08-19 01:20:40 --> Undefined array key "attendance_search"
in APPPATH/Models/Attendancemodel.php on line 30.
 1 APPPATH/Models/Attendancemodel.php(30): CodeIgniter\Debug\Exceptions->errorHandler(2, 'Undefined array key "attendance_search"', 'APPPATH/Models/Attendancemodel.php', 30)
 2 APPPATH/Models/Attendancemodel.php(91): App\Models\Attendancemodel->_get_datatables_query()
 3 APPPATH/Controllers/Admin.php(1653): App\Models\Attendancemodel->get_datatables()
 4 SYSTEMPATH/CodeIgniter.php(925): App\Controllers\Admin->list_attendance_ajax()
 5 SYSTEMPATH/CodeIgniter.php(480): CodeIgniter\CodeIgniter->runController(Object(App\Controllers\Admin))
 6 SYSTEMPATH/CodeIgniter.php(349): CodeIgniter\CodeIgniter->handleRequest(null, Object(Config\Cache), false)
 7 FCPATH/index.php(67): CodeIgniter\CodeIgniter->run()
CRITICAL - 2023-08-19 03:28:55 --> Undefined array key "attendance_search"
in APPPATH/Models/Attendancemodel.php on line 30.
 1 APPPATH/Models/Attendancemodel.php(30): CodeIgniter\Debug\Exceptions->errorHandler(2, 'Undefined array key "attendance_search"', 'APPPATH/Models/Attendancemodel.php', 30)
 2 APPPATH/Models/Attendancemodel.php(91): App\Models\Attendancemodel->_get_datatables_query()
 3 APPPATH/Controllers/Admin.php(1653): App\Models\Attendancemodel->get_datatables()
 4 SYSTEMPATH/CodeIgniter.php(925): App\Controllers\Admin->list_attendance_ajax()
 5 SYSTEMPATH/CodeIgniter.php(480): CodeIgniter\CodeIgniter->runController(Object(App\Controllers\Admin))
 6 SYSTEMPATH/CodeIgniter.php(349): CodeIgniter\CodeIgniter->handleRequest(null, Object(Config\Cache), false)
 7 FCPATH/index.php(67): CodeIgniter\CodeIgniter->run()
CRITICAL - 2023-08-19 03:30:36 --> Undefined array key "attendance_search"
in APPPATH/Models/Attendancemodel.php on line 30.
 1 APPPATH/Models/Attendancemodel.php(30): CodeIgniter\Debug\Exceptions->errorHandler(2, 'Undefined array key "attendance_search"', 'APPPATH/Models/Attendancemodel.php', 30)
 2 APPPATH/Models/Attendancemodel.php(91): App\Models\Attendancemodel->_get_datatables_query()
 3 APPPATH/Controllers/Admin.php(1653): App\Models\Attendancemodel->get_datatables()
 4 SYSTEMPATH/CodeIgniter.php(925): App\Controllers\Admin->list_attendance_ajax()
 5 SYSTEMPATH/CodeIgniter.php(480): CodeIgniter\CodeIgniter->runController(Object(App\Controllers\Admin))
 6 SYSTEMPATH/CodeIgniter.php(349): CodeIgniter\CodeIgniter->handleRequest(null, Object(Config\Cache), false)
 7 FCPATH/index.php(67): CodeIgniter\CodeIgniter->run()
CRITICAL - 2023-08-19 03:32:00 --> Undefined array key "attendance_search"
in APPPATH/Models/Attendancemodel.php on line 30.
 1 APPPATH/Models/Attendancemodel.php(30): CodeIgniter\Debug\Exceptions->errorHandler(2, 'Undefined array key "attendance_search"', 'APPPATH/Models/Attendancemodel.php', 30)
 2 APPPATH/Models/Attendancemodel.php(91): App\Models\Attendancemodel->_get_datatables_query()
 3 APPPATH/Controllers/Admin.php(1653): App\Models\Attendancemodel->get_datatables()
 4 SYSTEMPATH/CodeIgniter.php(925): App\Controllers\Admin->list_attendance_ajax()
 5 SYSTEMPATH/CodeIgniter.php(480): CodeIgniter\CodeIgniter->runController(Object(App\Controllers\Admin))
 6 SYSTEMPATH/CodeIgniter.php(349): CodeIgniter\CodeIgniter->handleRequest(null, Object(Config\Cache), false)
 7 FCPATH/index.php(67): CodeIgniter\CodeIgniter->run()
CRITICAL - 2023-08-19 03:34:48 --> Undefined array key "attendance_search"
in APPPATH/Models/Attendancemodel.php on line 30.
 1 APPPATH/Models/Attendancemodel.php(30): CodeIgniter\Debug\Exceptions->errorHandler(2, 'Undefined array key "attendance_search"', 'APPPATH/Models/Attendancemodel.php', 30)
 2 APPPATH/Models/Attendancemodel.php(91): App\Models\Attendancemodel->_get_datatables_query()
 3 APPPATH/Controllers/Admin.php(1653): App\Models\Attendancemodel->get_datatables()
 4 SYSTEMPATH/CodeIgniter.php(925): App\Controllers\Admin->list_attendance_ajax()
 5 SYSTEMPATH/CodeIgniter.php(480): CodeIgniter\CodeIgniter->runController(Object(App\Controllers\Admin))
 6 SYSTEMPATH/CodeIgniter.php(349): CodeIgniter\CodeIgniter->handleRequest(null, Object(Config\Cache), false)
 7 FCPATH/index.php(67): CodeIgniter\CodeIgniter->run()
CRITICAL - 2023-08-19 03:34:57 --> Undefined array key "attendance_search"
in APPPATH/Models/Attendancemodel.php on line 30.
 1 APPPATH/Models/Attendancemodel.php(30): CodeIgniter\Debug\Exceptions->errorHandler(2, 'Undefined array key "attendance_search"', 'APPPATH/Models/Attendancemodel.php', 30)
 2 APPPATH/Models/Attendancemodel.php(91): App\Models\Attendancemodel->_get_datatables_query()
 3 APPPATH/Controllers/Admin.php(1653): App\Models\Attendancemodel->get_datatables()
 4 SYSTEMPATH/CodeIgniter.php(925): App\Controllers\Admin->list_attendance_ajax()
 5 SYSTEMPATH/CodeIgniter.php(480): CodeIgniter\CodeIgniter->runController(Object(App\Controllers\Admin))
 6 SYSTEMPATH/CodeIgniter.php(349): CodeIgniter\CodeIgniter->handleRequest(null, Object(Config\Cache), false)
 7 FCPATH/index.php(67): CodeIgniter\CodeIgniter->run()
CRITICAL - 2023-08-19 03:37:23 --> Undefined array key "attendance_search"
in APPPATH/Models/Attendancemodel.php on line 30.
 1 APPPATH/Models/Attendancemodel.php(30): CodeIgniter\Debug\Exceptions->errorHandler(2, 'Undefined array key "attendance_search"', 'APPPATH/Models/Attendancemodel.php', 30)
 2 APPPATH/Models/Attendancemodel.php(91): App\Models\Attendancemodel->_get_datatables_query()
 3 APPPATH/Controllers/Admin.php(1653): App\Models\Attendancemodel->get_datatables()
 4 SYSTEMPATH/CodeIgniter.php(925): App\Controllers\Admin->list_attendance_ajax()
 5 SYSTEMPATH/CodeIgniter.php(480): CodeIgniter\CodeIgniter->runController(Object(App\Controllers\Admin))
 6 SYSTEMPATH/CodeIgniter.php(349): CodeIgniter\CodeIgniter->handleRequest(null, Object(Config\Cache), false)
 7 FCPATH/index.php(67): CodeIgniter\CodeIgniter->run()
CRITICAL - 2023-08-19 04:51:37 --> Undefined array key "attendance_search"
in APPPATH/Models/Attendancemodel.php on line 30.
 1 APPPATH/Models/Attendancemodel.php(30): CodeIgniter\Debug\Exceptions->errorHandler(2, 'Undefined array key "attendance_search"', 'APPPATH/Models/Attendancemodel.php', 30)
 2 APPPATH/Models/Attendancemodel.php(91): App\Models\Attendancemodel->_get_datatables_query()
 3 APPPATH/Controllers/Admin.php(1653): App\Models\Attendancemodel->get_datatables()
 4 SYSTEMPATH/CodeIgniter.php(925): App\Controllers\Admin->list_attendance_ajax()
 5 SYSTEMPATH/CodeIgniter.php(480): CodeIgniter\CodeIgniter->runController(Object(App\Controllers\Admin))
 6 SYSTEMPATH/CodeIgniter.php(349): CodeIgniter\CodeIgniter->handleRequest(null, Object(Config\Cache), false)
 7 FCPATH/index.php(67): CodeIgniter\CodeIgniter->run()
CRITICAL - 2023-08-19 04:51:41 --> Undefined array key "attendance_search"
in APPPATH/Models/Attendancemodel.php on line 30.
 1 APPPATH/Models/Attendancemodel.php(30): CodeIgniter\Debug\Exceptions->errorHandler(2, 'Undefined array key "attendance_search"', 'APPPATH/Models/Attendancemodel.php', 30)
 2 APPPATH/Models/Attendancemodel.php(91): App\Models\Attendancemodel->_get_datatables_query()
 3 APPPATH/Controllers/Admin.php(1653): App\Models\Attendancemodel->get_datatables()
 4 SYSTEMPATH/CodeIgniter.php(925): App\Controllers\Admin->list_attendance_ajax()
 5 SYSTEMPATH/CodeIgniter.php(480): CodeIgniter\CodeIgniter->runController(Object(App\Controllers\Admin))
 6 SYSTEMPATH/CodeIgniter.php(349): CodeIgniter\CodeIgniter->handleRequest(null, Object(Config\Cache), false)
 7 FCPATH/index.php(67): CodeIgniter\CodeIgniter->run()
CRITICAL - 2023-08-19 04:52:24 --> Undefined array key "attendance_search"
in APPPATH/Models/Attendancemodel.php on line 30.
 1 APPPATH/Models/Attendancemodel.php(30): CodeIgniter\Debug\Exceptions->errorHandler(2, 'Undefined array key "attendance_search"', 'APPPATH/Models/Attendancemodel.php', 30)
 2 APPPATH/Models/Attendancemodel.php(91): App\Models\Attendancemodel->_get_datatables_query()
 3 APPPATH/Controllers/Admin.php(1653): App\Models\Attendancemodel->get_datatables()
 4 SYSTEMPATH/CodeIgniter.php(925): App\Controllers\Admin->list_attendance_ajax()
 5 SYSTEMPATH/CodeIgniter.php(480): CodeIgniter\CodeIgniter->runController(Object(App\Controllers\Admin))
 6 SYSTEMPATH/CodeIgniter.php(349): CodeIgniter\CodeIgniter->handleRequest(null, Object(Config\Cache), false)
 7 FCPATH/index.php(67): CodeIgniter\CodeIgniter->run()
CRITICAL - 2023-08-19 04:53:15 --> Undefined array key "attendance_search"
in APPPATH/Models/Attendancemodel.php on line 30.
 1 APPPATH/Models/Attendancemodel.php(30): CodeIgniter\Debug\Exceptions->errorHandler(2, 'Undefined array key "attendance_search"', 'APPPATH/Models/Attendancemodel.php', 30)
 2 APPPATH/Models/Attendancemodel.php(91): App\Models\Attendancemodel->_get_datatables_query()
 3 APPPATH/Controllers/Admin.php(1653): App\Models\Attendancemodel->get_datatables()
 4 SYSTEMPATH/CodeIgniter.php(925): App\Controllers\Admin->list_attendance_ajax()
 5 SYSTEMPATH/CodeIgniter.php(480): CodeIgniter\CodeIgniter->runController(Object(App\Controllers\Admin))
 6 SYSTEMPATH/CodeIgniter.php(349): CodeIgniter\CodeIgniter->handleRequest(null, Object(Config\Cache), false)
 7 FCPATH/index.php(67): CodeIgniter\CodeIgniter->run()
CRITICAL - 2023-08-19 04:59:05 --> Undefined array key "attendance_search"
in APPPATH/Models/Attendancemodel.php on line 30.
 1 APPPATH/Models/Attendancemodel.php(30): CodeIgniter\Debug\Exceptions->errorHandler(2, 'Undefined array key "attendance_search"', 'APPPATH/Models/Attendancemodel.php', 30)
 2 APPPATH/Models/Attendancemodel.php(91): App\Models\Attendancemodel->_get_datatables_query()
 3 APPPATH/Controllers/Admin.php(1653): App\Models\Attendancemodel->get_datatables()
 4 SYSTEMPATH/CodeIgniter.php(925): App\Controllers\Admin->list_attendance_ajax()
 5 SYSTEMPATH/CodeIgniter.php(480): CodeIgniter\CodeIgniter->runController(Object(App\Controllers\Admin))
 6 SYSTEMPATH/CodeIgniter.php(349): CodeIgniter\CodeIgniter->handleRequest(null, Object(Config\Cache), false)
 7 FCPATH/index.php(67): CodeIgniter\CodeIgniter->run()
CRITICAL - 2023-08-19 05:00:17 --> Undefined array key "attendance_search"
in APPPATH/Models/Attendancemodel.php on line 30.
 1 APPPATH/Models/Attendancemodel.php(30): CodeIgniter\Debug\Exceptions->errorHandler(2, 'Undefined array key "attendance_search"', 'APPPATH/Models/Attendancemodel.php', 30)
 2 APPPATH/Models/Attendancemodel.php(91): App\Models\Attendancemodel->_get_datatables_query()
 3 APPPATH/Controllers/Admin.php(1653): App\Models\Attendancemodel->get_datatables()
 4 SYSTEMPATH/CodeIgniter.php(925): App\Controllers\Admin->list_attendance_ajax()
 5 SYSTEMPATH/CodeIgniter.php(480): CodeIgniter\CodeIgniter->runController(Object(App\Controllers\Admin))
 6 SYSTEMPATH/CodeIgniter.php(349): CodeIgniter\CodeIgniter->handleRequest(null, Object(Config\Cache), false)
 7 FCPATH/index.php(67): CodeIgniter\CodeIgniter->run()
CRITICAL - 2023-08-19 05:03:24 --> Undefined array key "attendance_search"
in APPPATH/Models/Attendancemodel.php on line 30.
 1 APPPATH/Models/Attendancemodel.php(30): CodeIgniter\Debug\Exceptions->errorHandler(2, 'Undefined array key "attendance_search"', 'APPPATH/Models/Attendancemodel.php', 30)
 2 APPPATH/Models/Attendancemodel.php(91): App\Models\Attendancemodel->_get_datatables_query()
 3 APPPATH/Controllers/Admin.php(1653): App\Models\Attendancemodel->get_datatables()
 4 SYSTEMPATH/CodeIgniter.php(925): App\Controllers\Admin->list_attendance_ajax()
 5 SYSTEMPATH/CodeIgniter.php(480): CodeIgniter\CodeIgniter->runController(Object(App\Controllers\Admin))
 6 SYSTEMPATH/CodeIgniter.php(349): CodeIgniter\CodeIgniter->handleRequest(null, Object(Config\Cache), false)
 7 FCPATH/index.php(67): CodeIgniter\CodeIgniter->run()
CRITICAL - 2023-08-19 05:03:41 --> Undefined array key "attendance_search"
in APPPATH/Models/Attendancemodel.php on line 30.
 1 APPPATH/Models/Attendancemodel.php(30): CodeIgniter\Debug\Exceptions->errorHandler(2, 'Undefined array key "attendance_search"', 'APPPATH/Models/Attendancemodel.php', 30)
 2 APPPATH/Models/Attendancemodel.php(91): App\Models\Attendancemodel->_get_datatables_query()
 3 APPPATH/Controllers/Admin.php(1653): App\Models\Attendancemodel->get_datatables()
 4 SYSTEMPATH/CodeIgniter.php(925): App\Controllers\Admin->list_attendance_ajax()
 5 SYSTEMPATH/CodeIgniter.php(480): CodeIgniter\CodeIgniter->runController(Object(App\Controllers\Admin))
 6 SYSTEMPATH/CodeIgniter.php(349): CodeIgniter\CodeIgniter->handleRequest(null, Object(Config\Cache), false)
 7 FCPATH/index.php(67): CodeIgniter\CodeIgniter->run()
CRITICAL - 2023-08-19 05:05:54 --> Class "App\Models\Attendancemodel" not found
in APPPATH/Controllers/Admin.php on line 1650.
 1 SYSTEMPATH/CodeIgniter.php(925): App\Controllers\Admin->list_attendance_ajax()
 2 SYSTEMPATH/CodeIgniter.php(480): CodeIgniter\CodeIgniter->runController(Object(App\Controllers\Admin))
 3 SYSTEMPATH/CodeIgniter.php(349): CodeIgniter\CodeIgniter->handleRequest(null, Object(Config\Cache), false)
 4 FCPATH/index.php(67): CodeIgniter\CodeIgniter->run()
CRITICAL - 2023-08-19 05:06:02 --> Class "App\Models\Attendancemodel" not found
in APPPATH/Controllers/Admin.php on line 1650.
 1 SYSTEMPATH/CodeIgniter.php(925): App\Controllers\Admin->list_attendance_ajax()
 2 SYSTEMPATH/CodeIgniter.php(480): CodeIgniter\CodeIgniter->runController(Object(App\Controllers\Admin))
 3 SYSTEMPATH/CodeIgniter.php(349): CodeIgniter\CodeIgniter->handleRequest(null, Object(Config\Cache), false)
 4 FCPATH/index.php(67): CodeIgniter\CodeIgniter->run()
CRITICAL - 2023-08-19 05:06:30 --> Class "App\Models\Attendancemodel" not found
in APPPATH/Controllers/Admin.php on line 1650.
 1 SYSTEMPATH/CodeIgniter.php(925): App\Controllers\Admin->list_attendance_ajax()
 2 SYSTEMPATH/CodeIgniter.php(480): CodeIgniter\CodeIgniter->runController(Object(App\Controllers\Admin))
 3 SYSTEMPATH/CodeIgniter.php(349): CodeIgniter\CodeIgniter->handleRequest(null, Object(Config\Cache), false)
 4 FCPATH/index.php(67): CodeIgniter\CodeIgniter->run()
CRITICAL - 2023-08-19 05:07:07 --> Class "App\Models\Attendancemodel" not found
in APPPATH/Controllers/Admin.php on line 1650.
 1 SYSTEMPATH/CodeIgniter.php(925): App\Controllers\Admin->list_attendance_ajax()
 2 SYSTEMPATH/CodeIgniter.php(480): CodeIgniter\CodeIgniter->runController(Object(App\Controllers\Admin))
 3 SYSTEMPATH/CodeIgniter.php(349): CodeIgniter\CodeIgniter->handleRequest(null, Object(Config\Cache), false)
 4 FCPATH/index.php(67): CodeIgniter\CodeIgniter->run()
CRITICAL - 2023-08-19 05:10:35 --> Class "App\Models\Attendancemodel" not found
in APPPATH/Controllers/Admin.php on line 1650.
 1 SYSTEMPATH/CodeIgniter.php(925): App\Controllers\Admin->list_attendance_ajax()
 2 SYSTEMPATH/CodeIgniter.php(480): CodeIgniter\CodeIgniter->runController(Object(App\Controllers\Admin))
 3 SYSTEMPATH/CodeIgniter.php(349): CodeIgniter\CodeIgniter->handleRequest(null, Object(Config\Cache), false)
 4 FCPATH/index.php(67): CodeIgniter\CodeIgniter->run()
CRITICAL - 2023-08-19 05:10:40 --> Class "App\Models\Attendancemodel" not found
in APPPATH/Controllers/Admin.php on line 1650.
 1 SYSTEMPATH/CodeIgniter.php(925): App\Controllers\Admin->list_attendance_ajax()
 2 SYSTEMPATH/CodeIgniter.php(480): CodeIgniter\CodeIgniter->runController(Object(App\Controllers\Admin))
 3 SYSTEMPATH/CodeIgniter.php(349): CodeIgniter\CodeIgniter->handleRequest(null, Object(Config\Cache), false)
 4 FCPATH/index.php(67): CodeIgniter\CodeIgniter->run()
CRITICAL - 2023-08-19 05:30:13 --> Class "App\Models\Attendancemodel" not found
in APPPATH/Controllers/Admin.php on line 1650.
 1 SYSTEMPATH/CodeIgniter.php(925): App\Controllers\Admin->list_attendance_ajax()
 2 SYSTEMPATH/CodeIgniter.php(480): CodeIgniter\CodeIgniter->runController(Object(App\Controllers\Admin))
 3 SYSTEMPATH/CodeIgniter.php(349): CodeIgniter\CodeIgniter->handleRequest(null, Object(Config\Cache), false)
 4 FCPATH/index.php(67): CodeIgniter\CodeIgniter->run()
CRITICAL - 2023-08-19 05:45:06 --> Class "App\Models\Attendancemodel" not found
in APPPATH/Controllers/Admin.php on line 1650.
 1 SYSTEMPATH/CodeIgniter.php(925): App\Controllers\Admin->list_attendance_ajax()
 2 SYSTEMPATH/CodeIgniter.php(480): CodeIgniter\CodeIgniter->runController(Object(App\Controllers\Admin))
 3 SYSTEMPATH/CodeIgniter.php(349): CodeIgniter\CodeIgniter->handleRequest(null, Object(Config\Cache), false)
 4 FCPATH/index.php(67): CodeIgniter\CodeIgniter->run()
CRITICAL - 2023-08-19 05:55:23 --> Namespace declaration statement has to be the very first statement or after any declare call in the script
in APPPATH/Models/Attendancemodel.php on line 6.
 1 [internal function]: CodeIgniter\Debug\Exceptions->shutdownHandler()
CRITICAL - 2023-08-19 05:55:39 --> Namespace declaration statement has to be the very first statement or after any declare call in the script
in APPPATH/Models/Attendancemodel.php on line 6.
 1 [internal function]: CodeIgniter\Debug\Exceptions->shutdownHandler()
CRITICAL - 2023-08-19 06:00:39 --> Namespace declaration statement has to be the very first statement or after any declare call in the script
in APPPATH/Models/Attendancemodel.php on line 6.
 1 [internal function]: CodeIgniter\Debug\Exceptions->shutdownHandler()
CRITICAL - 2023-08-19 06:01:31 --> Namespace declaration statement has to be the very first statement or after any declare call in the script
in APPPATH/Models/Attendancemodel.php on line 6.
 1 [internal function]: CodeIgniter\Debug\Exceptions->shutdownHandler()
CRITICAL - 2023-08-19 07:35:24 --> Namespace declaration statement has to be the very first statement or after any declare call in the script
in APPPATH/Models/Attendancemodel.php on line 6.
 1 [internal function]: CodeIgniter\Debug\Exceptions->shutdownHandler()
CRITICAL - 2023-08-19 07:35:29 --> Namespace declaration statement has to be the very first statement or after any declare call in the script
in APPPATH/Models/Attendancemodel.php on line 6.
 1 [internal function]: CodeIgniter\Debug\Exceptions->shutdownHandler()
CRITICAL - 2023-08-19 07:35:39 --> Namespace declaration statement has to be the very first statement or after any declare call in the script
in APPPATH/Models/Attendancemodel.php on line 6.
 1 [internal function]: CodeIgniter\Debug\Exceptions->shutdownHandler()
CRITICAL - 2023-08-19 07:36:48 --> Namespace declaration statement has to be the very first statement or after any declare call in the script
in APPPATH/Models/Attendancemodel.php on line 6.
 1 [internal function]: CodeIgniter\Debug\Exceptions->shutdownHandler()
CRITICAL - 2023-08-19 07:37:17 --> Namespace declaration statement has to be the very first statement or after any declare call in the script
in APPPATH/Models/Attendancemodel.php on line 6.
 1 [internal function]: CodeIgniter\Debug\Exceptions->shutdownHandler()
CRITICAL - 2023-08-19 07:37:21 --> Namespace declaration statement has to be the very first statement or after any declare call in the script
in APPPATH/Models/Attendancemodel.php on line 6.
 1 [internal function]: CodeIgniter\Debug\Exceptions->shutdownHandler()
CRITICAL - 2023-08-19 07:37:56 --> Namespace declaration statement has to be the very first statement or after any declare call in the script
in APPPATH/Models/Attendancemodel.php on line 6.
 1 [internal function]: CodeIgniter\Debug\Exceptions->shutdownHandler()
CRITICAL - 2023-08-19 07:39:57 --> Undefined array key 4
in APPPATH/Models/Companymodel.php on line 63.
 1 APPPATH/Models/Companymodel.php(63): CodeIgniter\Debug\Exceptions->errorHandler(2, 'Undefined array key 4', 'APPPATH/Models/Companymodel.php', 63)
 2 APPPATH/Models/Companymodel.php(79): App\Models\Companymodel->_get_datatables_query()
 3 APPPATH/Controllers/Admin.php(1764): App\Models\Companymodel->get_datatables()
 4 SYSTEMPATH/CodeIgniter.php(925): App\Controllers\Admin->company_list()
 5 SYSTEMPATH/CodeIgniter.php(480): CodeIgniter\CodeIgniter->runController(Object(App\Controllers\Admin))
 6 SYSTEMPATH/CodeIgniter.php(349): CodeIgniter\CodeIgniter->handleRequest(null, Object(Config\Cache), false)
 7 FCPATH/index.php(67): CodeIgniter\CodeIgniter->run()
CRITICAL - 2023-08-19 07:42:37 --> Undefined array key 4
in APPPATH/Models/Companymodel.php on line 63.
 1 APPPATH/Models/Companymodel.php(63): CodeIgniter\Debug\Exceptions->errorHandler(2, 'Undefined array key 4', 'APPPATH/Models/Companymodel.php', 63)
 2 APPPATH/Models/Companymodel.php(79): App\Models\Companymodel->_get_datatables_query()
 3 APPPATH/Controllers/Admin.php(1764): App\Models\Companymodel->get_datatables()
 4 SYSTEMPATH/CodeIgniter.php(925): App\Controllers\Admin->company_list()
 5 SYSTEMPATH/CodeIgniter.php(480): CodeIgniter\CodeIgniter->runController(Object(App\Controllers\Admin))
 6 SYSTEMPATH/CodeIgniter.php(349): CodeIgniter\CodeIgniter->handleRequest(null, Object(Config\Cache), false)
 7 FCPATH/index.php(67): CodeIgniter\CodeIgniter->run()
CRITICAL - 2023-08-19 07:42:52 --> Undefined array key 2
in APPPATH/Models/Companymodel.php on line 63.
 1 APPPATH/Models/Companymodel.php(63): CodeIgniter\Debug\Exceptions->errorHandler(2, 'Undefined array key 2', 'APPPATH/Models/Companymodel.php', 63)
 2 APPPATH/Models/Companymodel.php(79): App\Models\Companymodel->_get_datatables_query()
 3 APPPATH/Controllers/Admin.php(1764): App\Models\Companymodel->get_datatables()
 4 SYSTEMPATH/CodeIgniter.php(925): App\Controllers\Admin->company_list()
 5 SYSTEMPATH/CodeIgniter.php(480): CodeIgniter\CodeIgniter->runController(Object(App\Controllers\Admin))
 6 SYSTEMPATH/CodeIgniter.php(349): CodeIgniter\CodeIgniter->handleRequest(null, Object(Config\Cache), false)
 7 FCPATH/index.php(67): CodeIgniter\CodeIgniter->run()
