CRITICAL - 2026-02-26 00:00:06 --> Attempt to read property "faq_id" on null
in APPPATH/Views/admin/edit-faq.php on line 45.
 1 APPPATH/Views/admin/edit-faq.php(45): CodeIgniter\Debug\Exceptions->errorHandler(2, 'Attempt to read property "faq_id" on null', 'APPPATH/Views/admin/edit-faq.php', 45)
 2 SYSTEMPATH/View/View.php(213): include('APPPATH/Views/admin/edit-faq.php')
 3 SYSTEMPATH/View/View.php(216): CodeIgniter\View\View->CodeIgniter\View\{closure}()
 4 SYSTEMPATH/Common.php(1135): CodeIgniter\View\View->render('admin/edit-faq', [], true)
 5 APPPATH/Controllers/Admin.php(3993): view('admin/edit-faq', [...])
 6 SYSTEMPATH/CodeIgniter.php(925): App\Controllers\Admin->edit_faq('FCPATH/assets', 'img', 'user', 'u2.jpg')
 7 SYSTEMPATH/CodeIgniter.php(480): CodeIgniter\CodeIgniter->runController(Object(App\Controllers\Admin))
 8 SYSTEMPATH/CodeIgniter.php(349): CodeIgniter\CodeIgniter->handleRequest(null, Object(Config\Cache), false)
 9 FCPATH/index.php(67): CodeIgniter\CodeIgniter->run()
CRITICAL - 2026-02-26 00:00:06 --> Attempt to read property "faq_id" on null
in APPPATH/Views/admin/edit-faq.php on line 45.
 1 APPPATH/Views/admin/edit-faq.php(45): CodeIgniter\Debug\Exceptions->errorHandler(2, 'Attempt to read property "faq_id" on null', 'APPPATH/Views/admin/edit-faq.php', 45)
 2 SYSTEMPATH/View/View.php(213): include('APPPATH/Views/admin/edit-faq.php')
 3 SYSTEMPATH/View/View.php(216): CodeIgniter\View\View->CodeIgniter\View\{closure}()
 4 SYSTEMPATH/Common.php(1135): CodeIgniter\View\View->render('admin/edit-faq', [], true)
 5 APPPATH/Controllers/Admin.php(3993): view('admin/edit-faq', [...])
 6 SYSTEMPATH/CodeIgniter.php(925): App\Controllers\Admin->edit_faq('FCPATH/assets', 'img', 'user', 'u5.jpg')
 7 SYSTEMPATH/CodeIgniter.php(480): CodeIgniter\CodeIgniter->runController(Object(App\Controllers\Admin))
 8 SYSTEMPATH/CodeIgniter.php(349): CodeIgniter\CodeIgniter->handleRequest(null, Object(Config\Cache), false)
 9 FCPATH/index.php(67): CodeIgniter\CodeIgniter->run()
CRITICAL - 2026-02-26 00:00:06 --> Attempt to read property "faq_id" on null
in APPPATH/Views/admin/edit-faq.php on line 45.
 1 APPPATH/Views/admin/edit-faq.php(45): CodeIgniter\Debug\Exceptions->errorHandler(2, 'Attempt to read property "faq_id" on null', 'APPPATH/Views/admin/edit-faq.php', 45)
 2 SYSTEMPATH/View/View.php(213): include('APPPATH/Views/admin/edit-faq.php')
 3 SYSTEMPATH/View/View.php(216): CodeIgniter\View\View->CodeIgniter\View\{closure}()
 4 SYSTEMPATH/Common.php(1135): CodeIgniter\View\View->render('admin/edit-faq', [], true)
 5 APPPATH/Controllers/Admin.php(3993): view('admin/edit-faq', [...])
 6 SYSTEMPATH/CodeIgniter.php(925): App\Controllers\Admin->edit_faq('FCPATH/assets', 'img', 'user', 'u4.jpg')
 7 SYSTEMPATH/CodeIgniter.php(480): CodeIgniter\CodeIgniter->runController(Object(App\Controllers\Admin))
 8 SYSTEMPATH/CodeIgniter.php(349): CodeIgniter\CodeIgniter->handleRequest(null, Object(Config\Cache), false)
 9 FCPATH/index.php(67): CodeIgniter\CodeIgniter->run()
CRITICAL - 2026-02-26 00:00:06 --> Attempt to read property "faq_id" on null
in APPPATH/Views/admin/edit-faq.php on line 45.
 1 APPPATH/Views/admin/edit-faq.php(45): CodeIgniter\Debug\Exceptions->errorHandler(2, 'Attempt to read property "faq_id" on null', 'APPPATH/Views/admin/edit-faq.php', 45)
 2 SYSTEMPATH/View/View.php(213): include('APPPATH/Views/admin/edit-faq.php')
 3 SYSTEMPATH/View/View.php(216): CodeIgniter\View\View->CodeIgniter\View\{closure}()
 4 SYSTEMPATH/Common.php(1135): CodeIgniter\View\View->render('admin/edit-faq', [], true)
 5 APPPATH/Controllers/Admin.php(3993): view('admin/edit-faq', [...])
 6 SYSTEMPATH/CodeIgniter.php(925): App\Controllers\Admin->edit_faq('FCPATH/assets', 'img', 'user', 'u1.jpg')
 7 SYSTEMPATH/CodeIgniter.php(480): CodeIgniter\CodeIgniter->runController(Object(App\Controllers\Admin))
 8 SYSTEMPATH/CodeIgniter.php(349): CodeIgniter\CodeIgniter->handleRequest(null, Object(Config\Cache), false)
 9 FCPATH/index.php(67): CodeIgniter\CodeIgniter->run()
CRITICAL - 2026-02-26 00:00:57 --> Attempt to read property "faq_id" on null
in APPPATH/Views/admin/edit-faq.php on line 45.
 1 APPPATH/Views/admin/edit-faq.php(45): CodeIgniter\Debug\Exceptions->errorHandler(2, 'Attempt to read property "faq_id" on null', 'APPPATH/Views/admin/edit-faq.php', 45)
 2 SYSTEMPATH/View/View.php(213): include('APPPATH/Views/admin/edit-faq.php')
 3 SYSTEMPATH/View/View.php(216): CodeIgniter\View\View->CodeIgniter\View\{closure}()
 4 SYSTEMPATH/Common.php(1135): CodeIgniter\View\View->render('admin/edit-faq', [], true)
 5 APPPATH/Controllers/Admin.php(3993): view('admin/edit-faq', [...])
 6 SYSTEMPATH/CodeIgniter.php(925): App\Controllers\Admin->edit_faq('FCPATH/assets', 'img', 'user', 'u1.jpg')
 7 SYSTEMPATH/CodeIgniter.php(480): CodeIgniter\CodeIgniter->runController(Object(App\Controllers\Admin))
 8 SYSTEMPATH/CodeIgniter.php(349): CodeIgniter\CodeIgniter->handleRequest(null, Object(Config\Cache), false)
 9 FCPATH/index.php(67): CodeIgniter\CodeIgniter->run()
CRITICAL - 2026-02-26 00:00:57 --> Attempt to read property "faq_id" on null
in APPPATH/Views/admin/edit-faq.php on line 45.
 1 APPPATH/Views/admin/edit-faq.php(45): CodeIgniter\Debug\Exceptions->errorHandler(2, 'Attempt to read property "faq_id" on null', 'APPPATH/Views/admin/edit-faq.php', 45)
 2 SYSTEMPATH/View/View.php(213): include('APPPATH/Views/admin/edit-faq.php')
 3 SYSTEMPATH/View/View.php(216): CodeIgniter\View\View->CodeIgniter\View\{closure}()
 4 SYSTEMPATH/Common.php(1135): CodeIgniter\View\View->render('admin/edit-faq', [], true)
 5 APPPATH/Controllers/Admin.php(3993): view('admin/edit-faq', [...])
 6 SYSTEMPATH/CodeIgniter.php(925): App\Controllers\Admin->edit_faq('FCPATH/assets', 'img', 'user', 'u2.jpg')
 7 SYSTEMPATH/CodeIgniter.php(480): CodeIgniter\CodeIgniter->runController(Object(App\Controllers\Admin))
 8 SYSTEMPATH/CodeIgniter.php(349): CodeIgniter\CodeIgniter->handleRequest(null, Object(Config\Cache), false)
 9 FCPATH/index.php(67): CodeIgniter\CodeIgniter->run()
CRITICAL - 2026-02-26 00:00:57 --> Attempt to read property "faq_id" on null
in APPPATH/Views/admin/edit-faq.php on line 45.
 1 APPPATH/Views/admin/edit-faq.php(45): CodeIgniter\Debug\Exceptions->errorHandler(2, 'Attempt to read property "faq_id" on null', 'APPPATH/Views/admin/edit-faq.php', 45)
 2 SYSTEMPATH/View/View.php(213): include('APPPATH/Views/admin/edit-faq.php')
 3 SYSTEMPATH/View/View.php(216): CodeIgniter\View\View->CodeIgniter\View\{closure}()
 4 SYSTEMPATH/Common.php(1135): CodeIgniter\View\View->render('admin/edit-faq', [], true)
 5 APPPATH/Controllers/Admin.php(3993): view('admin/edit-faq', [...])
 6 SYSTEMPATH/CodeIgniter.php(925): App\Controllers\Admin->edit_faq('FCPATH/assets', 'img', 'user', 'u5.jpg')
 7 SYSTEMPATH/CodeIgniter.php(480): CodeIgniter\CodeIgniter->runController(Object(App\Controllers\Admin))
 8 SYSTEMPATH/CodeIgniter.php(349): CodeIgniter\CodeIgniter->handleRequest(null, Object(Config\Cache), false)
 9 FCPATH/index.php(67): CodeIgniter\CodeIgniter->run()
CRITICAL - 2026-02-26 00:00:57 --> Attempt to read property "faq_id" on null
in APPPATH/Views/admin/edit-faq.php on line 45.
 1 APPPATH/Views/admin/edit-faq.php(45): CodeIgniter\Debug\Exceptions->errorHandler(2, 'Attempt to read property "faq_id" on null', 'APPPATH/Views/admin/edit-faq.php', 45)
 2 SYSTEMPATH/View/View.php(213): include('APPPATH/Views/admin/edit-faq.php')
 3 SYSTEMPATH/View/View.php(216): CodeIgniter\View\View->CodeIgniter\View\{closure}()
 4 SYSTEMPATH/Common.php(1135): CodeIgniter\View\View->render('admin/edit-faq', [], true)
 5 APPPATH/Controllers/Admin.php(3993): view('admin/edit-faq', [...])
 6 SYSTEMPATH/CodeIgniter.php(925): App\Controllers\Admin->edit_faq('FCPATH/assets', 'img', 'user', 'u4.jpg')
 7 SYSTEMPATH/CodeIgniter.php(480): CodeIgniter\CodeIgniter->runController(Object(App\Controllers\Admin))
 8 SYSTEMPATH/CodeIgniter.php(349): CodeIgniter\CodeIgniter->handleRequest(null, Object(Config\Cache), false)
 9 FCPATH/index.php(67): CodeIgniter\CodeIgniter->run()
CRITICAL - 2026-02-26 00:11:15 --> Attempt to read property "faq_id" on null
in APPPATH/Views/admin/edit-faq.php on line 45.
 1 APPPATH/Views/admin/edit-faq.php(45): CodeIgniter\Debug\Exceptions->errorHandler(2, 'Attempt to read property "faq_id" on null', 'APPPATH/Views/admin/edit-faq.php', 45)
 2 SYSTEMPATH/View/View.php(213): include('APPPATH/Views/admin/edit-faq.php')
 3 SYSTEMPATH/View/View.php(216): CodeIgniter\View\View->CodeIgniter\View\{closure}()
 4 SYSTEMPATH/Common.php(1135): CodeIgniter\View\View->render('admin/edit-faq', [], true)
 5 APPPATH/Controllers/Admin.php(3993): view('admin/edit-faq', [...])
 6 SYSTEMPATH/CodeIgniter.php(925): App\Controllers\Admin->edit_faq('FCPATH/assets', 'img', 'user', 'u5.jpg')
 7 SYSTEMPATH/CodeIgniter.php(480): CodeIgniter\CodeIgniter->runController(Object(App\Controllers\Admin))
 8 SYSTEMPATH/CodeIgniter.php(349): CodeIgniter\CodeIgniter->handleRequest(null, Object(Config\Cache), false)
 9 FCPATH/index.php(67): CodeIgniter\CodeIgniter->run()
CRITICAL - 2026-02-26 00:11:15 --> Attempt to read property "faq_id" on null
in APPPATH/Views/admin/edit-faq.php on line 45.
 1 APPPATH/Views/admin/edit-faq.php(45): CodeIgniter\Debug\Exceptions->errorHandler(2, 'Attempt to read property "faq_id" on null', 'APPPATH/Views/admin/edit-faq.php', 45)
 2 SYSTEMPATH/View/View.php(213): include('APPPATH/Views/admin/edit-faq.php')
 3 SYSTEMPATH/View/View.php(216): CodeIgniter\View\View->CodeIgniter\View\{closure}()
 4 SYSTEMPATH/Common.php(1135): CodeIgniter\View\View->render('admin/edit-faq', [], true)
 5 APPPATH/Controllers/Admin.php(3993): view('admin/edit-faq', [...])
 6 SYSTEMPATH/CodeIgniter.php(925): App\Controllers\Admin->edit_faq('FCPATH/assets', 'img', 'user', 'u2.jpg')
 7 SYSTEMPATH/CodeIgniter.php(480): CodeIgniter\CodeIgniter->runController(Object(App\Controllers\Admin))
 8 SYSTEMPATH/CodeIgniter.php(349): CodeIgniter\CodeIgniter->handleRequest(null, Object(Config\Cache), false)
 9 FCPATH/index.php(67): CodeIgniter\CodeIgniter->run()
CRITICAL - 2026-02-26 00:11:15 --> Attempt to read property "faq_id" on null
in APPPATH/Views/admin/edit-faq.php on line 45.
 1 APPPATH/Views/admin/edit-faq.php(45): CodeIgniter\Debug\Exceptions->errorHandler(2, 'Attempt to read property "faq_id" on null', 'APPPATH/Views/admin/edit-faq.php', 45)
 2 SYSTEMPATH/View/View.php(213): include('APPPATH/Views/admin/edit-faq.php')
 3 SYSTEMPATH/View/View.php(216): CodeIgniter\View\View->CodeIgniter\View\{closure}()
 4 SYSTEMPATH/Common.php(1135): CodeIgniter\View\View->render('admin/edit-faq', [], true)
 5 APPPATH/Controllers/Admin.php(3993): view('admin/edit-faq', [...])
 6 SYSTEMPATH/CodeIgniter.php(925): App\Controllers\Admin->edit_faq('FCPATH/assets', 'img', 'user', 'u1.jpg')
 7 SYSTEMPATH/CodeIgniter.php(480): CodeIgniter\CodeIgniter->runController(Object(App\Controllers\Admin))
 8 SYSTEMPATH/CodeIgniter.php(349): CodeIgniter\CodeIgniter->handleRequest(null, Object(Config\Cache), false)
 9 FCPATH/index.php(67): CodeIgniter\CodeIgniter->run()
CRITICAL - 2026-02-26 00:11:15 --> Attempt to read property "faq_id" on null
in APPPATH/Views/admin/edit-faq.php on line 45.
 1 APPPATH/Views/admin/edit-faq.php(45): CodeIgniter\Debug\Exceptions->errorHandler(2, 'Attempt to read property "faq_id" on null', 'APPPATH/Views/admin/edit-faq.php', 45)
 2 SYSTEMPATH/View/View.php(213): include('APPPATH/Views/admin/edit-faq.php')
 3 SYSTEMPATH/View/View.php(216): CodeIgniter\View\View->CodeIgniter\View\{closure}()
 4 SYSTEMPATH/Common.php(1135): CodeIgniter\View\View->render('admin/edit-faq', [], true)
 5 APPPATH/Controllers/Admin.php(3993): view('admin/edit-faq', [...])
 6 SYSTEMPATH/CodeIgniter.php(925): App\Controllers\Admin->edit_faq('FCPATH/assets', 'img', 'user', 'u4.jpg')
 7 SYSTEMPATH/CodeIgniter.php(480): CodeIgniter\CodeIgniter->runController(Object(App\Controllers\Admin))
 8 SYSTEMPATH/CodeIgniter.php(349): CodeIgniter\CodeIgniter->handleRequest(null, Object(Config\Cache), false)
 9 FCPATH/index.php(67): CodeIgniter\CodeIgniter->run()
CRITICAL - 2026-02-26 00:20:02 --> Attempt to read property "faq_id" on null
in APPPATH/Views/admin/edit-faq.php on line 45.
 1 APPPATH/Views/admin/edit-faq.php(45): CodeIgniter\Debug\Exceptions->errorHandler(2, 'Attempt to read property "faq_id" on null', 'APPPATH/Views/admin/edit-faq.php', 45)
 2 SYSTEMPATH/View/View.php(213): include('APPPATH/Views/admin/edit-faq.php')
 3 SYSTEMPATH/View/View.php(216): CodeIgniter\View\View->CodeIgniter\View\{closure}()
 4 SYSTEMPATH/Common.php(1135): CodeIgniter\View\View->render('admin/edit-faq', [], true)
 5 APPPATH/Controllers/Admin.php(3993): view('admin/edit-faq', [...])
 6 SYSTEMPATH/CodeIgniter.php(925): App\Controllers\Admin->edit_faq('FCPATH/assets', 'img', 'user', 'u2.jpg')
 7 SYSTEMPATH/CodeIgniter.php(480): CodeIgniter\CodeIgniter->runController(Object(App\Controllers\Admin))
 8 SYSTEMPATH/CodeIgniter.php(349): CodeIgniter\CodeIgniter->handleRequest(null, Object(Config\Cache), false)
 9 FCPATH/index.php(67): CodeIgniter\CodeIgniter->run()
CRITICAL - 2026-02-26 00:20:02 --> Attempt to read property "faq_id" on null
in APPPATH/Views/admin/edit-faq.php on line 45.
 1 APPPATH/Views/admin/edit-faq.php(45): CodeIgniter\Debug\Exceptions->errorHandler(2, 'Attempt to read property "faq_id" on null', 'APPPATH/Views/admin/edit-faq.php', 45)
 2 SYSTEMPATH/View/View.php(213): include('APPPATH/Views/admin/edit-faq.php')
 3 SYSTEMPATH/View/View.php(216): CodeIgniter\View\View->CodeIgniter\View\{closure}()
 4 SYSTEMPATH/Common.php(1135): CodeIgniter\View\View->render('admin/edit-faq', [], true)
 5 APPPATH/Controllers/Admin.php(3993): view('admin/edit-faq', [...])
 6 SYSTEMPATH/CodeIgniter.php(925): App\Controllers\Admin->edit_faq('FCPATH/assets', 'img', 'user', 'u1.jpg')
 7 SYSTEMPATH/CodeIgniter.php(480): CodeIgniter\CodeIgniter->runController(Object(App\Controllers\Admin))
 8 SYSTEMPATH/CodeIgniter.php(349): CodeIgniter\CodeIgniter->handleRequest(null, Object(Config\Cache), false)
 9 FCPATH/index.php(67): CodeIgniter\CodeIgniter->run()
CRITICAL - 2026-02-26 00:20:02 --> Attempt to read property "faq_id" on null
in APPPATH/Views/admin/edit-faq.php on line 45.
 1 APPPATH/Views/admin/edit-faq.php(45): CodeIgniter\Debug\Exceptions->errorHandler(2, 'Attempt to read property "faq_id" on null', 'APPPATH/Views/admin/edit-faq.php', 45)
 2 SYSTEMPATH/View/View.php(213): include('APPPATH/Views/admin/edit-faq.php')
 3 SYSTEMPATH/View/View.php(216): CodeIgniter\View\View->CodeIgniter\View\{closure}()
 4 SYSTEMPATH/Common.php(1135): CodeIgniter\View\View->render('admin/edit-faq', [], true)
 5 APPPATH/Controllers/Admin.php(3993): view('admin/edit-faq', [...])
 6 SYSTEMPATH/CodeIgniter.php(925): App\Controllers\Admin->edit_faq('FCPATH/assets', 'img', 'user', 'u4.jpg')
 7 SYSTEMPATH/CodeIgniter.php(480): CodeIgniter\CodeIgniter->runController(Object(App\Controllers\Admin))
 8 SYSTEMPATH/CodeIgniter.php(349): CodeIgniter\CodeIgniter->handleRequest(null, Object(Config\Cache), false)
 9 FCPATH/index.php(67): CodeIgniter\CodeIgniter->run()
CRITICAL - 2026-02-26 00:20:02 --> Attempt to read property "faq_id" on null
in APPPATH/Views/admin/edit-faq.php on line 45.
 1 APPPATH/Views/admin/edit-faq.php(45): CodeIgniter\Debug\Exceptions->errorHandler(2, 'Attempt to read property "faq_id" on null', 'APPPATH/Views/admin/edit-faq.php', 45)
 2 SYSTEMPATH/View/View.php(213): include('APPPATH/Views/admin/edit-faq.php')
 3 SYSTEMPATH/View/View.php(216): CodeIgniter\View\View->CodeIgniter\View\{closure}()
 4 SYSTEMPATH/Common.php(1135): CodeIgniter\View\View->render('admin/edit-faq', [], true)
 5 APPPATH/Controllers/Admin.php(3993): view('admin/edit-faq', [...])
 6 SYSTEMPATH/CodeIgniter.php(925): App\Controllers\Admin->edit_faq('FCPATH/assets', 'img', 'user', 'u5.jpg')
 7 SYSTEMPATH/CodeIgniter.php(480): CodeIgniter\CodeIgniter->runController(Object(App\Controllers\Admin))
 8 SYSTEMPATH/CodeIgniter.php(349): CodeIgniter\CodeIgniter->handleRequest(null, Object(Config\Cache), false)
 9 FCPATH/index.php(67): CodeIgniter\CodeIgniter->run()
CRITICAL - 2026-02-26 03:31:28 --> Attempt to read property "faq_id" on null
in APPPATH/Views/admin/edit-faq.php on line 45.
 1 APPPATH/Views/admin/edit-faq.php(45): CodeIgniter\Debug\Exceptions->errorHandler(2, 'Attempt to read property "faq_id" on null', 'APPPATH/Views/admin/edit-faq.php', 45)
 2 SYSTEMPATH/View/View.php(213): include('APPPATH/Views/admin/edit-faq.php')
 3 SYSTEMPATH/View/View.php(216): CodeIgniter\View\View->CodeIgniter\View\{closure}()
 4 SYSTEMPATH/Common.php(1135): CodeIgniter\View\View->render('admin/edit-faq', [], true)
 5 APPPATH/Controllers/Admin.php(3993): view('admin/edit-faq', [...])
 6 SYSTEMPATH/CodeIgniter.php(925): App\Controllers\Admin->edit_faq('FCPATH/assets', 'img', 'user', 'u2.jpg')
 7 SYSTEMPATH/CodeIgniter.php(480): CodeIgniter\CodeIgniter->runController(Object(App\Controllers\Admin))
 8 SYSTEMPATH/CodeIgniter.php(349): CodeIgniter\CodeIgniter->handleRequest(null, Object(Config\Cache), false)
 9 FCPATH/index.php(67): CodeIgniter\CodeIgniter->run()
CRITICAL - 2026-02-26 03:31:28 --> Attempt to read property "faq_id" on null
in APPPATH/Views/admin/edit-faq.php on line 45.
 1 APPPATH/Views/admin/edit-faq.php(45): CodeIgniter\Debug\Exceptions->errorHandler(2, 'Attempt to read property "faq_id" on null', 'APPPATH/Views/admin/edit-faq.php', 45)
 2 SYSTEMPATH/View/View.php(213): include('APPPATH/Views/admin/edit-faq.php')
 3 SYSTEMPATH/View/View.php(216): CodeIgniter\View\View->CodeIgniter\View\{closure}()
 4 SYSTEMPATH/Common.php(1135): CodeIgniter\View\View->render('admin/edit-faq', [], true)
 5 APPPATH/Controllers/Admin.php(3993): view('admin/edit-faq', [...])
 6 SYSTEMPATH/CodeIgniter.php(925): App\Controllers\Admin->edit_faq('FCPATH/assets', 'img', 'user', 'u1.jpg')
 7 SYSTEMPATH/CodeIgniter.php(480): CodeIgniter\CodeIgniter->runController(Object(App\Controllers\Admin))
 8 SYSTEMPATH/CodeIgniter.php(349): CodeIgniter\CodeIgniter->handleRequest(null, Object(Config\Cache), false)
 9 FCPATH/index.php(67): CodeIgniter\CodeIgniter->run()
CRITICAL - 2026-02-26 03:31:28 --> Attempt to read property "faq_id" on null
in APPPATH/Views/admin/edit-faq.php on line 45.
 1 APPPATH/Views/admin/edit-faq.php(45): CodeIgniter\Debug\Exceptions->errorHandler(2, 'Attempt to read property "faq_id" on null', 'APPPATH/Views/admin/edit-faq.php', 45)
 2 SYSTEMPATH/View/View.php(213): include('APPPATH/Views/admin/edit-faq.php')
 3 SYSTEMPATH/View/View.php(216): CodeIgniter\View\View->CodeIgniter\View\{closure}()
 4 SYSTEMPATH/Common.php(1135): CodeIgniter\View\View->render('admin/edit-faq', [], true)
 5 APPPATH/Controllers/Admin.php(3993): view('admin/edit-faq', [...])
 6 SYSTEMPATH/CodeIgniter.php(925): App\Controllers\Admin->edit_faq('FCPATH/assets', 'img', 'user', 'u5.jpg')
 7 SYSTEMPATH/CodeIgniter.php(480): CodeIgniter\CodeIgniter->runController(Object(App\Controllers\Admin))
 8 SYSTEMPATH/CodeIgniter.php(349): CodeIgniter\CodeIgniter->handleRequest(null, Object(Config\Cache), false)
 9 FCPATH/index.php(67): CodeIgniter\CodeIgniter->run()
CRITICAL - 2026-02-26 03:31:28 --> Attempt to read property "faq_id" on null
in APPPATH/Views/admin/edit-faq.php on line 45.
 1 APPPATH/Views/admin/edit-faq.php(45): CodeIgniter\Debug\Exceptions->errorHandler(2, 'Attempt to read property "faq_id" on null', 'APPPATH/Views/admin/edit-faq.php', 45)
 2 SYSTEMPATH/View/View.php(213): include('APPPATH/Views/admin/edit-faq.php')
 3 SYSTEMPATH/View/View.php(216): CodeIgniter\View\View->CodeIgniter\View\{closure}()
 4 SYSTEMPATH/Common.php(1135): CodeIgniter\View\View->render('admin/edit-faq', [], true)
 5 APPPATH/Controllers/Admin.php(3993): view('admin/edit-faq', [...])
 6 SYSTEMPATH/CodeIgniter.php(925): App\Controllers\Admin->edit_faq('FCPATH/assets', 'img', 'user', 'u4.jpg')
 7 SYSTEMPATH/CodeIgniter.php(480): CodeIgniter\CodeIgniter->runController(Object(App\Controllers\Admin))
 8 SYSTEMPATH/CodeIgniter.php(349): CodeIgniter\CodeIgniter->handleRequest(null, Object(Config\Cache), false)
 9 FCPATH/index.php(67): CodeIgniter\CodeIgniter->run()
CRITICAL - 2026-02-26 03:38:09 --> Attempt to read property "faq_id" on null
in APPPATH/Views/admin/edit-faq.php on line 45.
 1 APPPATH/Views/admin/edit-faq.php(45): CodeIgniter\Debug\Exceptions->errorHandler(2, 'Attempt to read property "faq_id" on null', 'APPPATH/Views/admin/edit-faq.php', 45)
 2 SYSTEMPATH/View/View.php(213): include('APPPATH/Views/admin/edit-faq.php')
 3 SYSTEMPATH/View/View.php(216): CodeIgniter\View\View->CodeIgniter\View\{closure}()
 4 SYSTEMPATH/Common.php(1135): CodeIgniter\View\View->render('admin/edit-faq', [], true)
 5 APPPATH/Controllers/Admin.php(3993): view('admin/edit-faq', [...])
 6 SYSTEMPATH/CodeIgniter.php(925): App\Controllers\Admin->edit_faq('FCPATH/assets', 'img', 'user', 'u1.jpg')
 7 SYSTEMPATH/CodeIgniter.php(480): CodeIgniter\CodeIgniter->runController(Object(App\Controllers\Admin))
 8 SYSTEMPATH/CodeIgniter.php(349): CodeIgniter\CodeIgniter->handleRequest(null, Object(Config\Cache), false)
 9 FCPATH/index.php(67): CodeIgniter\CodeIgniter->run()
CRITICAL - 2026-02-26 03:38:09 --> Attempt to read property "faq_id" on null
in APPPATH/Views/admin/edit-faq.php on line 45.
 1 APPPATH/Views/admin/edit-faq.php(45): CodeIgniter\Debug\Exceptions->errorHandler(2, 'Attempt to read property "faq_id" on null', 'APPPATH/Views/admin/edit-faq.php', 45)
 2 SYSTEMPATH/View/View.php(213): include('APPPATH/Views/admin/edit-faq.php')
 3 SYSTEMPATH/View/View.php(216): CodeIgniter\View\View->CodeIgniter\View\{closure}()
 4 SYSTEMPATH/Common.php(1135): CodeIgniter\View\View->render('admin/edit-faq', [], true)
 5 APPPATH/Controllers/Admin.php(3993): view('admin/edit-faq', [...])
 6 SYSTEMPATH/CodeIgniter.php(925): App\Controllers\Admin->edit_faq('FCPATH/assets', 'img', 'user', 'u2.jpg')
 7 SYSTEMPATH/CodeIgniter.php(480): CodeIgniter\CodeIgniter->runController(Object(App\Controllers\Admin))
 8 SYSTEMPATH/CodeIgniter.php(349): CodeIgniter\CodeIgniter->handleRequest(null, Object(Config\Cache), false)
 9 FCPATH/index.php(67): CodeIgniter\CodeIgniter->run()
CRITICAL - 2026-02-26 03:38:09 --> Attempt to read property "faq_id" on null
in APPPATH/Views/admin/edit-faq.php on line 45.
 1 APPPATH/Views/admin/edit-faq.php(45): CodeIgniter\Debug\Exceptions->errorHandler(2, 'Attempt to read property "faq_id" on null', 'APPPATH/Views/admin/edit-faq.php', 45)
 2 SYSTEMPATH/View/View.php(213): include('APPPATH/Views/admin/edit-faq.php')
 3 SYSTEMPATH/View/View.php(216): CodeIgniter\View\View->CodeIgniter\View\{closure}()
 4 SYSTEMPATH/Common.php(1135): CodeIgniter\View\View->render('admin/edit-faq', [], true)
 5 APPPATH/Controllers/Admin.php(3993): view('admin/edit-faq', [...])
 6 SYSTEMPATH/CodeIgniter.php(925): App\Controllers\Admin->edit_faq('FCPATH/assets', 'img', 'user', 'u4.jpg')
 7 SYSTEMPATH/CodeIgniter.php(480): CodeIgniter\CodeIgniter->runController(Object(App\Controllers\Admin))
 8 SYSTEMPATH/CodeIgniter.php(349): CodeIgniter\CodeIgniter->handleRequest(null, Object(Config\Cache), false)
 9 FCPATH/index.php(67): CodeIgniter\CodeIgniter->run()
CRITICAL - 2026-02-26 03:38:09 --> Attempt to read property "faq_id" on null
in APPPATH/Views/admin/edit-faq.php on line 45.
 1 APPPATH/Views/admin/edit-faq.php(45): CodeIgniter\Debug\Exceptions->errorHandler(2, 'Attempt to read property "faq_id" on null', 'APPPATH/Views/admin/edit-faq.php', 45)
 2 SYSTEMPATH/View/View.php(213): include('APPPATH/Views/admin/edit-faq.php')
 3 SYSTEMPATH/View/View.php(216): CodeIgniter\View\View->CodeIgniter\View\{closure}()
 4 SYSTEMPATH/Common.php(1135): CodeIgniter\View\View->render('admin/edit-faq', [], true)
 5 APPPATH/Controllers/Admin.php(3993): view('admin/edit-faq', [...])
 6 SYSTEMPATH/CodeIgniter.php(925): App\Controllers\Admin->edit_faq('FCPATH/assets', 'img', 'user', 'u5.jpg')
 7 SYSTEMPATH/CodeIgniter.php(480): CodeIgniter\CodeIgniter->runController(Object(App\Controllers\Admin))
 8 SYSTEMPATH/CodeIgniter.php(349): CodeIgniter\CodeIgniter->handleRequest(null, Object(Config\Cache), false)
 9 FCPATH/index.php(67): CodeIgniter\CodeIgniter->run()
