CRITICAL - 2024-06-13 09:42:30 --> Invalid file: admin/login.php
in SYSTEMPATH/Exceptions/FrameworkException.php on line 33.
 1 SYSTEMPATH/View/View.php(201): CodeIgniter\Exceptions\FrameworkException::forInvalidFile('admin/login.php')
 2 SYSTEMPATH/Common.php(1135): CodeIgniter\View\View->render('admin/login', [], true)
 3 APPPATH/Controllers/Admin.php(21): view('admin/login')
 4 SYSTEMPATH/CodeIgniter.php(925): App\Controllers\Admin->index()
 5 SYSTEMPATH/CodeIgniter.php(480): CodeIgniter\CodeIgniter->runController(Object(App\Controllers\Admin))
 6 SYSTEMPATH/CodeIgniter.php(349): CodeIgniter\CodeIgniter->handleRequest(null, Object(Config\Cache), false)
 7 FCPATH/index.php(67): CodeIgniter\CodeIgniter->run()
CRITICAL - 2024-06-13 09:43:14 --> Invalid file: admin/login.php
in SYSTEMPATH/Exceptions/FrameworkException.php on line 33.
 1 SYSTEMPATH/View/View.php(201): CodeIgniter\Exceptions\FrameworkException::forInvalidFile('admin/login.php')
 2 SYSTEMPATH/Common.php(1135): CodeIgniter\View\View->render('admin/login', [], true)
 3 APPPATH/Controllers/Admin.php(21): view('admin/login')
 4 SYSTEMPATH/CodeIgniter.php(925): App\Controllers\Admin->index()
 5 SYSTEMPATH/CodeIgniter.php(480): CodeIgniter\CodeIgniter->runController(Object(App\Controllers\Admin))
 6 SYSTEMPATH/CodeIgniter.php(349): CodeIgniter\CodeIgniter->handleRequest(null, Object(Config\Cache), false)
 7 FCPATH/index.php(67): CodeIgniter\CodeIgniter->run()
CRITICAL - 2024-06-13 09:46:06 --> Invalid file: admin/login.php
in SYSTEMPATH/Exceptions/FrameworkException.php on line 33.
 1 SYSTEMPATH/View/View.php(201): CodeIgniter\Exceptions\FrameworkException::forInvalidFile('admin/login.php')
 2 SYSTEMPATH/Common.php(1135): CodeIgniter\View\View->render('admin/login', [], true)
 3 APPPATH/Controllers/Admin.php(21): view('admin/login')
 4 SYSTEMPATH/CodeIgniter.php(925): App\Controllers\Admin->index()
 5 SYSTEMPATH/CodeIgniter.php(480): CodeIgniter\CodeIgniter->runController(Object(App\Controllers\Admin))
 6 SYSTEMPATH/CodeIgniter.php(349): CodeIgniter\CodeIgniter->handleRequest(null, Object(Config\Cache), false)
 7 FCPATH/index.php(67): CodeIgniter\CodeIgniter->run()
CRITICAL - 2024-06-13 23:52:57 --> Invalid file: admin/login.php
in SYSTEMPATH/Exceptions/FrameworkException.php on line 33.
 1 SYSTEMPATH/View/View.php(201): CodeIgniter\Exceptions\FrameworkException::forInvalidFile('admin/login.php')
 2 SYSTEMPATH/Common.php(1135): CodeIgniter\View\View->render('admin/login', [], true)
 3 APPPATH/Controllers/Admin.php(21): view('admin/login')
 4 SYSTEMPATH/CodeIgniter.php(925): App\Controllers\Admin->index()
 5 SYSTEMPATH/CodeIgniter.php(480): CodeIgniter\CodeIgniter->runController(Object(App\Controllers\Admin))
 6 SYSTEMPATH/CodeIgniter.php(349): CodeIgniter\CodeIgniter->handleRequest(null, Object(Config\Cache), false)
 7 FCPATH/index.php(67): CodeIgniter\CodeIgniter->run()
CRITICAL - 2024-06-13 23:52:59 --> Invalid file: admin/login.php
in SYSTEMPATH/Exceptions/FrameworkException.php on line 33.
 1 SYSTEMPATH/View/View.php(201): CodeIgniter\Exceptions\FrameworkException::forInvalidFile('admin/login.php')
 2 SYSTEMPATH/Common.php(1135): CodeIgniter\View\View->render('admin/login', [], true)
 3 APPPATH/Controllers/Admin.php(21): view('admin/login')
 4 SYSTEMPATH/CodeIgniter.php(925): App\Controllers\Admin->index()
 5 SYSTEMPATH/CodeIgniter.php(480): CodeIgniter\CodeIgniter->runController(Object(App\Controllers\Admin))
 6 SYSTEMPATH/CodeIgniter.php(349): CodeIgniter\CodeIgniter->handleRequest(null, Object(Config\Cache), false)
 7 FCPATH/index.php(67): CodeIgniter\CodeIgniter->run()
