CRITICAL - 2025-06-06 00:00:47 --> Attempt to read property "product_id" on null
in APPPATH/Controllers/Admin.php on line 3326.
 1 APPPATH/Controllers/Admin.php(3326): CodeIgniter\Debug\Exceptions->errorHandler(2, 'Attempt to read property "product_id" on null', 'APPPATH/Controllers/Admin.php', 3326)
 2 SYSTEMPATH/CodeIgniter.php(925): App\Controllers\Admin->edit_product('FCPATH/assets', 'img', 'user', 'u2.jpg')
 3 SYSTEMPATH/CodeIgniter.php(480): CodeIgniter\CodeIgniter->runController(Object(App\Controllers\Admin))
 4 SYSTEMPATH/CodeIgniter.php(349): CodeIgniter\CodeIgniter->handleRequest(null, Object(Config\Cache), false)
 5 FCPATH/index.php(67): CodeIgniter\CodeIgniter->run()
CRITICAL - 2025-06-06 00:00:47 --> Attempt to read property "product_id" on null
in APPPATH/Controllers/Admin.php on line 3326.
 1 APPPATH/Controllers/Admin.php(3326): CodeIgniter\Debug\Exceptions->errorHandler(2, 'Attempt to read property "product_id" on null', 'APPPATH/Controllers/Admin.php', 3326)
 2 SYSTEMPATH/CodeIgniter.php(925): App\Controllers\Admin->edit_product('FCPATH/assets', 'img', 'user', 'u1.jpg')
 3 SYSTEMPATH/CodeIgniter.php(480): CodeIgniter\CodeIgniter->runController(Object(App\Controllers\Admin))
 4 SYSTEMPATH/CodeIgniter.php(349): CodeIgniter\CodeIgniter->handleRequest(null, Object(Config\Cache), false)
 5 FCPATH/index.php(67): CodeIgniter\CodeIgniter->run()
CRITICAL - 2025-06-06 00:00:47 --> Attempt to read property "product_id" on null
in APPPATH/Controllers/Admin.php on line 3326.
 1 APPPATH/Controllers/Admin.php(3326): CodeIgniter\Debug\Exceptions->errorHandler(2, 'Attempt to read property "product_id" on null', 'APPPATH/Controllers/Admin.php', 3326)
 2 SYSTEMPATH/CodeIgniter.php(925): App\Controllers\Admin->edit_product('FCPATH/assets', 'img', 'user', 'u5.jpg')
 3 SYSTEMPATH/CodeIgniter.php(480): CodeIgniter\CodeIgniter->runController(Object(App\Controllers\Admin))
 4 SYSTEMPATH/CodeIgniter.php(349): CodeIgniter\CodeIgniter->handleRequest(null, Object(Config\Cache), false)
 5 FCPATH/index.php(67): CodeIgniter\CodeIgniter->run()
CRITICAL - 2025-06-06 00:00:47 --> Attempt to read property "product_id" on null
in APPPATH/Controllers/Admin.php on line 3326.
 1 APPPATH/Controllers/Admin.php(3326): CodeIgniter\Debug\Exceptions->errorHandler(2, 'Attempt to read property "product_id" on null', 'APPPATH/Controllers/Admin.php', 3326)
 2 SYSTEMPATH/CodeIgniter.php(925): App\Controllers\Admin->edit_product('FCPATH/assets', 'img', 'user', 'u4.jpg')
 3 SYSTEMPATH/CodeIgniter.php(480): CodeIgniter\CodeIgniter->runController(Object(App\Controllers\Admin))
 4 SYSTEMPATH/CodeIgniter.php(349): CodeIgniter\CodeIgniter->handleRequest(null, Object(Config\Cache), false)
 5 FCPATH/index.php(67): CodeIgniter\CodeIgniter->run()
CRITICAL - 2025-06-06 00:00:47 --> Attempt to read property "parent_id" on null
in APPPATH/Controllers/Ajex.php on line 614.
 1 APPPATH/Controllers/Ajex.php(614): CodeIgniter\Debug\Exceptions->errorHandler(2, 'Attempt to read property "parent_id" on null', 'APPPATH/Controllers/Ajex.php', 614)
 2 SYSTEMPATH/CodeIgniter.php(925): App\Controllers\Ajex->getCategory()
 3 SYSTEMPATH/CodeIgniter.php(480): CodeIgniter\CodeIgniter->runController(Object(App\Controllers\Ajex))
 4 SYSTEMPATH/CodeIgniter.php(349): CodeIgniter\CodeIgniter->handleRequest(null, Object(Config\Cache), false)
 5 FCPATH/index.php(67): CodeIgniter\CodeIgniter->run()
CRITICAL - 2025-06-06 00:01:22 --> Attempt to read property "product_id" on null
in APPPATH/Controllers/Admin.php on line 3326.
 1 APPPATH/Controllers/Admin.php(3326): CodeIgniter\Debug\Exceptions->errorHandler(2, 'Attempt to read property "product_id" on null', 'APPPATH/Controllers/Admin.php', 3326)
 2 SYSTEMPATH/CodeIgniter.php(925): App\Controllers\Admin->edit_product('FCPATH/assets', 'img', 'user', 'u1.jpg')
 3 SYSTEMPATH/CodeIgniter.php(480): CodeIgniter\CodeIgniter->runController(Object(App\Controllers\Admin))
 4 SYSTEMPATH/CodeIgniter.php(349): CodeIgniter\CodeIgniter->handleRequest(null, Object(Config\Cache), false)
 5 FCPATH/index.php(67): CodeIgniter\CodeIgniter->run()
CRITICAL - 2025-06-06 00:01:22 --> Attempt to read property "product_id" on null
in APPPATH/Controllers/Admin.php on line 3326.
 1 APPPATH/Controllers/Admin.php(3326): CodeIgniter\Debug\Exceptions->errorHandler(2, 'Attempt to read property "product_id" on null', 'APPPATH/Controllers/Admin.php', 3326)
 2 SYSTEMPATH/CodeIgniter.php(925): App\Controllers\Admin->edit_product('FCPATH/assets', 'img', 'user', 'u2.jpg')
 3 SYSTEMPATH/CodeIgniter.php(480): CodeIgniter\CodeIgniter->runController(Object(App\Controllers\Admin))
 4 SYSTEMPATH/CodeIgniter.php(349): CodeIgniter\CodeIgniter->handleRequest(null, Object(Config\Cache), false)
 5 FCPATH/index.php(67): CodeIgniter\CodeIgniter->run()
CRITICAL - 2025-06-06 00:01:22 --> Attempt to read property "product_id" on null
in APPPATH/Controllers/Admin.php on line 3326.
 1 APPPATH/Controllers/Admin.php(3326): CodeIgniter\Debug\Exceptions->errorHandler(2, 'Attempt to read property "product_id" on null', 'APPPATH/Controllers/Admin.php', 3326)
 2 SYSTEMPATH/CodeIgniter.php(925): App\Controllers\Admin->edit_product('FCPATH/assets', 'img', 'user', 'u4.jpg')
 3 SYSTEMPATH/CodeIgniter.php(480): CodeIgniter\CodeIgniter->runController(Object(App\Controllers\Admin))
 4 SYSTEMPATH/CodeIgniter.php(349): CodeIgniter\CodeIgniter->handleRequest(null, Object(Config\Cache), false)
 5 FCPATH/index.php(67): CodeIgniter\CodeIgniter->run()
CRITICAL - 2025-06-06 00:01:22 --> Attempt to read property "product_id" on null
in APPPATH/Controllers/Admin.php on line 3326.
 1 APPPATH/Controllers/Admin.php(3326): CodeIgniter\Debug\Exceptions->errorHandler(2, 'Attempt to read property "product_id" on null', 'APPPATH/Controllers/Admin.php', 3326)
 2 SYSTEMPATH/CodeIgniter.php(925): App\Controllers\Admin->edit_product('FCPATH/assets', 'img', 'user', 'u5.jpg')
 3 SYSTEMPATH/CodeIgniter.php(480): CodeIgniter\CodeIgniter->runController(Object(App\Controllers\Admin))
 4 SYSTEMPATH/CodeIgniter.php(349): CodeIgniter\CodeIgniter->handleRequest(null, Object(Config\Cache), false)
 5 FCPATH/index.php(67): CodeIgniter\CodeIgniter->run()
CRITICAL - 2025-06-06 00:01:22 --> Attempt to read property "parent_id" on null
in APPPATH/Controllers/Ajex.php on line 614.
 1 APPPATH/Controllers/Ajex.php(614): CodeIgniter\Debug\Exceptions->errorHandler(2, 'Attempt to read property "parent_id" on null', 'APPPATH/Controllers/Ajex.php', 614)
 2 SYSTEMPATH/CodeIgniter.php(925): App\Controllers\Ajex->getCategory()
 3 SYSTEMPATH/CodeIgniter.php(480): CodeIgniter\CodeIgniter->runController(Object(App\Controllers\Ajex))
 4 SYSTEMPATH/CodeIgniter.php(349): CodeIgniter\CodeIgniter->handleRequest(null, Object(Config\Cache), false)
 5 FCPATH/index.php(67): CodeIgniter\CodeIgniter->run()
CRITICAL - 2025-06-06 00:02:17 --> Attempt to read property "product_id" on null
in APPPATH/Controllers/Admin.php on line 3326.
 1 APPPATH/Controllers/Admin.php(3326): CodeIgniter\Debug\Exceptions->errorHandler(2, 'Attempt to read property "product_id" on null', 'APPPATH/Controllers/Admin.php', 3326)
 2 SYSTEMPATH/CodeIgniter.php(925): App\Controllers\Admin->edit_product('FCPATH/assets', 'img', 'user', 'u1.jpg')
 3 SYSTEMPATH/CodeIgniter.php(480): CodeIgniter\CodeIgniter->runController(Object(App\Controllers\Admin))
 4 SYSTEMPATH/CodeIgniter.php(349): CodeIgniter\CodeIgniter->handleRequest(null, Object(Config\Cache), false)
 5 FCPATH/index.php(67): CodeIgniter\CodeIgniter->run()
CRITICAL - 2025-06-06 00:02:17 --> Attempt to read property "product_id" on null
in APPPATH/Controllers/Admin.php on line 3326.
 1 APPPATH/Controllers/Admin.php(3326): CodeIgniter\Debug\Exceptions->errorHandler(2, 'Attempt to read property "product_id" on null', 'APPPATH/Controllers/Admin.php', 3326)
 2 SYSTEMPATH/CodeIgniter.php(925): App\Controllers\Admin->edit_product('FCPATH/assets', 'img', 'user', 'u2.jpg')
 3 SYSTEMPATH/CodeIgniter.php(480): CodeIgniter\CodeIgniter->runController(Object(App\Controllers\Admin))
 4 SYSTEMPATH/CodeIgniter.php(349): CodeIgniter\CodeIgniter->handleRequest(null, Object(Config\Cache), false)
 5 FCPATH/index.php(67): CodeIgniter\CodeIgniter->run()
CRITICAL - 2025-06-06 00:02:17 --> Attempt to read property "product_id" on null
in APPPATH/Controllers/Admin.php on line 3326.
 1 APPPATH/Controllers/Admin.php(3326): CodeIgniter\Debug\Exceptions->errorHandler(2, 'Attempt to read property "product_id" on null', 'APPPATH/Controllers/Admin.php', 3326)
 2 SYSTEMPATH/CodeIgniter.php(925): App\Controllers\Admin->edit_product('FCPATH/assets', 'img', 'user', 'u4.jpg')
 3 SYSTEMPATH/CodeIgniter.php(480): CodeIgniter\CodeIgniter->runController(Object(App\Controllers\Admin))
 4 SYSTEMPATH/CodeIgniter.php(349): CodeIgniter\CodeIgniter->handleRequest(null, Object(Config\Cache), false)
 5 FCPATH/index.php(67): CodeIgniter\CodeIgniter->run()
CRITICAL - 2025-06-06 00:02:17 --> Attempt to read property "product_id" on null
in APPPATH/Controllers/Admin.php on line 3326.
 1 APPPATH/Controllers/Admin.php(3326): CodeIgniter\Debug\Exceptions->errorHandler(2, 'Attempt to read property "product_id" on null', 'APPPATH/Controllers/Admin.php', 3326)
 2 SYSTEMPATH/CodeIgniter.php(925): App\Controllers\Admin->edit_product('FCPATH/assets', 'img', 'user', 'u5.jpg')
 3 SYSTEMPATH/CodeIgniter.php(480): CodeIgniter\CodeIgniter->runController(Object(App\Controllers\Admin))
 4 SYSTEMPATH/CodeIgniter.php(349): CodeIgniter\CodeIgniter->handleRequest(null, Object(Config\Cache), false)
 5 FCPATH/index.php(67): CodeIgniter\CodeIgniter->run()
CRITICAL - 2025-06-06 00:02:17 --> Attempt to read property "parent_id" on null
in APPPATH/Controllers/Ajex.php on line 614.
 1 APPPATH/Controllers/Ajex.php(614): CodeIgniter\Debug\Exceptions->errorHandler(2, 'Attempt to read property "parent_id" on null', 'APPPATH/Controllers/Ajex.php', 614)
 2 SYSTEMPATH/CodeIgniter.php(925): App\Controllers\Ajex->getCategory()
 3 SYSTEMPATH/CodeIgniter.php(480): CodeIgniter\CodeIgniter->runController(Object(App\Controllers\Ajex))
 4 SYSTEMPATH/CodeIgniter.php(349): CodeIgniter\CodeIgniter->handleRequest(null, Object(Config\Cache), false)
 5 FCPATH/index.php(67): CodeIgniter\CodeIgniter->run()
CRITICAL - 2025-06-06 00:02:22 --> Attempt to read property "product_id" on null
in APPPATH/Controllers/Admin.php on line 3326.
 1 APPPATH/Controllers/Admin.php(3326): CodeIgniter\Debug\Exceptions->errorHandler(2, 'Attempt to read property "product_id" on null', 'APPPATH/Controllers/Admin.php', 3326)
 2 SYSTEMPATH/CodeIgniter.php(925): App\Controllers\Admin->edit_product('FCPATH/assets', 'img', 'user', 'u2.jpg')
 3 SYSTEMPATH/CodeIgniter.php(480): CodeIgniter\CodeIgniter->runController(Object(App\Controllers\Admin))
 4 SYSTEMPATH/CodeIgniter.php(349): CodeIgniter\CodeIgniter->handleRequest(null, Object(Config\Cache), false)
 5 FCPATH/index.php(67): CodeIgniter\CodeIgniter->run()
CRITICAL - 2025-06-06 00:02:22 --> Attempt to read property "product_id" on null
in APPPATH/Controllers/Admin.php on line 3326.
 1 APPPATH/Controllers/Admin.php(3326): CodeIgniter\Debug\Exceptions->errorHandler(2, 'Attempt to read property "product_id" on null', 'APPPATH/Controllers/Admin.php', 3326)
 2 SYSTEMPATH/CodeIgniter.php(925): App\Controllers\Admin->edit_product('FCPATH/assets', 'img', 'user', 'u1.jpg')
 3 SYSTEMPATH/CodeIgniter.php(480): CodeIgniter\CodeIgniter->runController(Object(App\Controllers\Admin))
 4 SYSTEMPATH/CodeIgniter.php(349): CodeIgniter\CodeIgniter->handleRequest(null, Object(Config\Cache), false)
 5 FCPATH/index.php(67): CodeIgniter\CodeIgniter->run()
CRITICAL - 2025-06-06 00:02:22 --> Attempt to read property "product_id" on null
in APPPATH/Controllers/Admin.php on line 3326.
 1 APPPATH/Controllers/Admin.php(3326): CodeIgniter\Debug\Exceptions->errorHandler(2, 'Attempt to read property "product_id" on null', 'APPPATH/Controllers/Admin.php', 3326)
 2 SYSTEMPATH/CodeIgniter.php(925): App\Controllers\Admin->edit_product('FCPATH/assets', 'img', 'user', 'u4.jpg')
 3 SYSTEMPATH/CodeIgniter.php(480): CodeIgniter\CodeIgniter->runController(Object(App\Controllers\Admin))
 4 SYSTEMPATH/CodeIgniter.php(349): CodeIgniter\CodeIgniter->handleRequest(null, Object(Config\Cache), false)
 5 FCPATH/index.php(67): CodeIgniter\CodeIgniter->run()
CRITICAL - 2025-06-06 00:02:22 --> Attempt to read property "product_id" on null
in APPPATH/Controllers/Admin.php on line 3326.
 1 APPPATH/Controllers/Admin.php(3326): CodeIgniter\Debug\Exceptions->errorHandler(2, 'Attempt to read property "product_id" on null', 'APPPATH/Controllers/Admin.php', 3326)
 2 SYSTEMPATH/CodeIgniter.php(925): App\Controllers\Admin->edit_product('FCPATH/assets', 'img', 'user', 'u5.jpg')
 3 SYSTEMPATH/CodeIgniter.php(480): CodeIgniter\CodeIgniter->runController(Object(App\Controllers\Admin))
 4 SYSTEMPATH/CodeIgniter.php(349): CodeIgniter\CodeIgniter->handleRequest(null, Object(Config\Cache), false)
 5 FCPATH/index.php(67): CodeIgniter\CodeIgniter->run()
CRITICAL - 2025-06-06 00:02:32 --> Attempt to read property "product_id" on null
in APPPATH/Controllers/Admin.php on line 3326.
 1 APPPATH/Controllers/Admin.php(3326): CodeIgniter\Debug\Exceptions->errorHandler(2, 'Attempt to read property "product_id" on null', 'APPPATH/Controllers/Admin.php', 3326)
 2 SYSTEMPATH/CodeIgniter.php(925): App\Controllers\Admin->edit_product('FCPATH/assets', 'img', 'user', 'u1.jpg')
 3 SYSTEMPATH/CodeIgniter.php(480): CodeIgniter\CodeIgniter->runController(Object(App\Controllers\Admin))
 4 SYSTEMPATH/CodeIgniter.php(349): CodeIgniter\CodeIgniter->handleRequest(null, Object(Config\Cache), false)
 5 FCPATH/index.php(67): CodeIgniter\CodeIgniter->run()
CRITICAL - 2025-06-06 00:02:32 --> Attempt to read property "product_id" on null
in APPPATH/Controllers/Admin.php on line 3326.
 1 APPPATH/Controllers/Admin.php(3326): CodeIgniter\Debug\Exceptions->errorHandler(2, 'Attempt to read property "product_id" on null', 'APPPATH/Controllers/Admin.php', 3326)
 2 SYSTEMPATH/CodeIgniter.php(925): App\Controllers\Admin->edit_product('FCPATH/assets', 'img', 'user', 'u2.jpg')
 3 SYSTEMPATH/CodeIgniter.php(480): CodeIgniter\CodeIgniter->runController(Object(App\Controllers\Admin))
 4 SYSTEMPATH/CodeIgniter.php(349): CodeIgniter\CodeIgniter->handleRequest(null, Object(Config\Cache), false)
 5 FCPATH/index.php(67): CodeIgniter\CodeIgniter->run()
CRITICAL - 2025-06-06 00:02:32 --> Attempt to read property "product_id" on null
in APPPATH/Controllers/Admin.php on line 3326.
 1 APPPATH/Controllers/Admin.php(3326): CodeIgniter\Debug\Exceptions->errorHandler(2, 'Attempt to read property "product_id" on null', 'APPPATH/Controllers/Admin.php', 3326)
 2 SYSTEMPATH/CodeIgniter.php(925): App\Controllers\Admin->edit_product('FCPATH/assets', 'img', 'user', 'u4.jpg')
 3 SYSTEMPATH/CodeIgniter.php(480): CodeIgniter\CodeIgniter->runController(Object(App\Controllers\Admin))
 4 SYSTEMPATH/CodeIgniter.php(349): CodeIgniter\CodeIgniter->handleRequest(null, Object(Config\Cache), false)
 5 FCPATH/index.php(67): CodeIgniter\CodeIgniter->run()
CRITICAL - 2025-06-06 00:02:32 --> Attempt to read property "product_id" on null
in APPPATH/Controllers/Admin.php on line 3326.
 1 APPPATH/Controllers/Admin.php(3326): CodeIgniter\Debug\Exceptions->errorHandler(2, 'Attempt to read property "product_id" on null', 'APPPATH/Controllers/Admin.php', 3326)
 2 SYSTEMPATH/CodeIgniter.php(925): App\Controllers\Admin->edit_product('FCPATH/assets', 'img', 'user', 'u5.jpg')
 3 SYSTEMPATH/CodeIgniter.php(480): CodeIgniter\CodeIgniter->runController(Object(App\Controllers\Admin))
 4 SYSTEMPATH/CodeIgniter.php(349): CodeIgniter\CodeIgniter->handleRequest(null, Object(Config\Cache), false)
 5 FCPATH/index.php(67): CodeIgniter\CodeIgniter->run()
CRITICAL - 2025-06-06 00:02:38 --> Attempt to read property "product_id" on null
in APPPATH/Controllers/Admin.php on line 3326.
 1 APPPATH/Controllers/Admin.php(3326): CodeIgniter\Debug\Exceptions->errorHandler(2, 'Attempt to read property "product_id" on null', 'APPPATH/Controllers/Admin.php', 3326)
 2 SYSTEMPATH/CodeIgniter.php(925): App\Controllers\Admin->edit_product('FCPATH/assets', 'img', 'user', 'u2.jpg')
 3 SYSTEMPATH/CodeIgniter.php(480): CodeIgniter\CodeIgniter->runController(Object(App\Controllers\Admin))
 4 SYSTEMPATH/CodeIgniter.php(349): CodeIgniter\CodeIgniter->handleRequest(null, Object(Config\Cache), false)
 5 FCPATH/index.php(67): CodeIgniter\CodeIgniter->run()
CRITICAL - 2025-06-06 00:02:38 --> Attempt to read property "product_id" on null
in APPPATH/Controllers/Admin.php on line 3326.
 1 APPPATH/Controllers/Admin.php(3326): CodeIgniter\Debug\Exceptions->errorHandler(2, 'Attempt to read property "product_id" on null', 'APPPATH/Controllers/Admin.php', 3326)
 2 SYSTEMPATH/CodeIgniter.php(925): App\Controllers\Admin->edit_product('FCPATH/assets', 'img', 'user', 'u1.jpg')
 3 SYSTEMPATH/CodeIgniter.php(480): CodeIgniter\CodeIgniter->runController(Object(App\Controllers\Admin))
 4 SYSTEMPATH/CodeIgniter.php(349): CodeIgniter\CodeIgniter->handleRequest(null, Object(Config\Cache), false)
 5 FCPATH/index.php(67): CodeIgniter\CodeIgniter->run()
CRITICAL - 2025-06-06 00:02:38 --> Attempt to read property "product_id" on null
in APPPATH/Controllers/Admin.php on line 3326.
 1 APPPATH/Controllers/Admin.php(3326): CodeIgniter\Debug\Exceptions->errorHandler(2, 'Attempt to read property "product_id" on null', 'APPPATH/Controllers/Admin.php', 3326)
 2 SYSTEMPATH/CodeIgniter.php(925): App\Controllers\Admin->edit_product('FCPATH/assets', 'img', 'user', 'u4.jpg')
 3 SYSTEMPATH/CodeIgniter.php(480): CodeIgniter\CodeIgniter->runController(Object(App\Controllers\Admin))
 4 SYSTEMPATH/CodeIgniter.php(349): CodeIgniter\CodeIgniter->handleRequest(null, Object(Config\Cache), false)
 5 FCPATH/index.php(67): CodeIgniter\CodeIgniter->run()
CRITICAL - 2025-06-06 00:02:38 --> Attempt to read property "product_id" on null
in APPPATH/Controllers/Admin.php on line 3326.
 1 APPPATH/Controllers/Admin.php(3326): CodeIgniter\Debug\Exceptions->errorHandler(2, 'Attempt to read property "product_id" on null', 'APPPATH/Controllers/Admin.php', 3326)
 2 SYSTEMPATH/CodeIgniter.php(925): App\Controllers\Admin->edit_product('FCPATH/assets', 'img', 'user', 'u5.jpg')
 3 SYSTEMPATH/CodeIgniter.php(480): CodeIgniter\CodeIgniter->runController(Object(App\Controllers\Admin))
 4 SYSTEMPATH/CodeIgniter.php(349): CodeIgniter\CodeIgniter->handleRequest(null, Object(Config\Cache), false)
 5 FCPATH/index.php(67): CodeIgniter\CodeIgniter->run()
CRITICAL - 2025-06-06 00:02:44 --> Attempt to read property "product_id" on null
in APPPATH/Controllers/Admin.php on line 3326.
 1 APPPATH/Controllers/Admin.php(3326): CodeIgniter\Debug\Exceptions->errorHandler(2, 'Attempt to read property "product_id" on null', 'APPPATH/Controllers/Admin.php', 3326)
 2 SYSTEMPATH/CodeIgniter.php(925): App\Controllers\Admin->edit_product('FCPATH/assets', 'img', 'user', 'u1.jpg')
 3 SYSTEMPATH/CodeIgniter.php(480): CodeIgniter\CodeIgniter->runController(Object(App\Controllers\Admin))
 4 SYSTEMPATH/CodeIgniter.php(349): CodeIgniter\CodeIgniter->handleRequest(null, Object(Config\Cache), false)
 5 FCPATH/index.php(67): CodeIgniter\CodeIgniter->run()
CRITICAL - 2025-06-06 00:02:44 --> Attempt to read property "product_id" on null
in APPPATH/Controllers/Admin.php on line 3326.
 1 APPPATH/Controllers/Admin.php(3326): CodeIgniter\Debug\Exceptions->errorHandler(2, 'Attempt to read property "product_id" on null', 'APPPATH/Controllers/Admin.php', 3326)
 2 SYSTEMPATH/CodeIgniter.php(925): App\Controllers\Admin->edit_product('FCPATH/assets', 'img', 'user', 'u2.jpg')
 3 SYSTEMPATH/CodeIgniter.php(480): CodeIgniter\CodeIgniter->runController(Object(App\Controllers\Admin))
 4 SYSTEMPATH/CodeIgniter.php(349): CodeIgniter\CodeIgniter->handleRequest(null, Object(Config\Cache), false)
 5 FCPATH/index.php(67): CodeIgniter\CodeIgniter->run()
CRITICAL - 2025-06-06 00:02:44 --> Attempt to read property "product_id" on null
in APPPATH/Controllers/Admin.php on line 3326.
 1 APPPATH/Controllers/Admin.php(3326): CodeIgniter\Debug\Exceptions->errorHandler(2, 'Attempt to read property "product_id" on null', 'APPPATH/Controllers/Admin.php', 3326)
 2 SYSTEMPATH/CodeIgniter.php(925): App\Controllers\Admin->edit_product('FCPATH/assets', 'img', 'user', 'u4.jpg')
 3 SYSTEMPATH/CodeIgniter.php(480): CodeIgniter\CodeIgniter->runController(Object(App\Controllers\Admin))
 4 SYSTEMPATH/CodeIgniter.php(349): CodeIgniter\CodeIgniter->handleRequest(null, Object(Config\Cache), false)
 5 FCPATH/index.php(67): CodeIgniter\CodeIgniter->run()
CRITICAL - 2025-06-06 00:02:44 --> Attempt to read property "product_id" on null
in APPPATH/Controllers/Admin.php on line 3326.
 1 APPPATH/Controllers/Admin.php(3326): CodeIgniter\Debug\Exceptions->errorHandler(2, 'Attempt to read property "product_id" on null', 'APPPATH/Controllers/Admin.php', 3326)
 2 SYSTEMPATH/CodeIgniter.php(925): App\Controllers\Admin->edit_product('FCPATH/assets', 'img', 'user', 'u5.jpg')
 3 SYSTEMPATH/CodeIgniter.php(480): CodeIgniter\CodeIgniter->runController(Object(App\Controllers\Admin))
 4 SYSTEMPATH/CodeIgniter.php(349): CodeIgniter\CodeIgniter->handleRequest(null, Object(Config\Cache), false)
 5 FCPATH/index.php(67): CodeIgniter\CodeIgniter->run()
CRITICAL - 2025-06-06 00:02:49 --> Attempt to read property "product_id" on null
in APPPATH/Controllers/Admin.php on line 3326.
 1 APPPATH/Controllers/Admin.php(3326): CodeIgniter\Debug\Exceptions->errorHandler(2, 'Attempt to read property "product_id" on null', 'APPPATH/Controllers/Admin.php', 3326)
 2 SYSTEMPATH/CodeIgniter.php(925): App\Controllers\Admin->edit_product('FCPATH/assets', 'img', 'user', 'u1.jpg')
 3 SYSTEMPATH/CodeIgniter.php(480): CodeIgniter\CodeIgniter->runController(Object(App\Controllers\Admin))
 4 SYSTEMPATH/CodeIgniter.php(349): CodeIgniter\CodeIgniter->handleRequest(null, Object(Config\Cache), false)
 5 FCPATH/index.php(67): CodeIgniter\CodeIgniter->run()
CRITICAL - 2025-06-06 00:02:49 --> Attempt to read property "product_id" on null
in APPPATH/Controllers/Admin.php on line 3326.
 1 APPPATH/Controllers/Admin.php(3326): CodeIgniter\Debug\Exceptions->errorHandler(2, 'Attempt to read property "product_id" on null', 'APPPATH/Controllers/Admin.php', 3326)
 2 SYSTEMPATH/CodeIgniter.php(925): App\Controllers\Admin->edit_product('FCPATH/assets', 'img', 'user', 'u5.jpg')
 3 SYSTEMPATH/CodeIgniter.php(480): CodeIgniter\CodeIgniter->runController(Object(App\Controllers\Admin))
 4 SYSTEMPATH/CodeIgniter.php(349): CodeIgniter\CodeIgniter->handleRequest(null, Object(Config\Cache), false)
 5 FCPATH/index.php(67): CodeIgniter\CodeIgniter->run()
CRITICAL - 2025-06-06 00:02:49 --> Attempt to read property "product_id" on null
in APPPATH/Controllers/Admin.php on line 3326.
 1 APPPATH/Controllers/Admin.php(3326): CodeIgniter\Debug\Exceptions->errorHandler(2, 'Attempt to read property "product_id" on null', 'APPPATH/Controllers/Admin.php', 3326)
 2 SYSTEMPATH/CodeIgniter.php(925): App\Controllers\Admin->edit_product('FCPATH/assets', 'img', 'user', 'u2.jpg')
 3 SYSTEMPATH/CodeIgniter.php(480): CodeIgniter\CodeIgniter->runController(Object(App\Controllers\Admin))
 4 SYSTEMPATH/CodeIgniter.php(349): CodeIgniter\CodeIgniter->handleRequest(null, Object(Config\Cache), false)
 5 FCPATH/index.php(67): CodeIgniter\CodeIgniter->run()
CRITICAL - 2025-06-06 00:02:49 --> Attempt to read property "product_id" on null
in APPPATH/Controllers/Admin.php on line 3326.
 1 APPPATH/Controllers/Admin.php(3326): CodeIgniter\Debug\Exceptions->errorHandler(2, 'Attempt to read property "product_id" on null', 'APPPATH/Controllers/Admin.php', 3326)
 2 SYSTEMPATH/CodeIgniter.php(925): App\Controllers\Admin->edit_product('FCPATH/assets', 'img', 'user', 'u4.jpg')
 3 SYSTEMPATH/CodeIgniter.php(480): CodeIgniter\CodeIgniter->runController(Object(App\Controllers\Admin))
 4 SYSTEMPATH/CodeIgniter.php(349): CodeIgniter\CodeIgniter->handleRequest(null, Object(Config\Cache), false)
 5 FCPATH/index.php(67): CodeIgniter\CodeIgniter->run()
CRITICAL - 2025-06-06 00:02:53 --> Attempt to read property "product_id" on null
in APPPATH/Controllers/Admin.php on line 3326.
 1 APPPATH/Controllers/Admin.php(3326): CodeIgniter\Debug\Exceptions->errorHandler(2, 'Attempt to read property "product_id" on null', 'APPPATH/Controllers/Admin.php', 3326)
 2 SYSTEMPATH/CodeIgniter.php(925): App\Controllers\Admin->edit_product('FCPATH/assets', 'img', 'user', 'u1.jpg')
 3 SYSTEMPATH/CodeIgniter.php(480): CodeIgniter\CodeIgniter->runController(Object(App\Controllers\Admin))
 4 SYSTEMPATH/CodeIgniter.php(349): CodeIgniter\CodeIgniter->handleRequest(null, Object(Config\Cache), false)
 5 FCPATH/index.php(67): CodeIgniter\CodeIgniter->run()
CRITICAL - 2025-06-06 00:02:53 --> Attempt to read property "product_id" on null
in APPPATH/Controllers/Admin.php on line 3326.
 1 APPPATH/Controllers/Admin.php(3326): CodeIgniter\Debug\Exceptions->errorHandler(2, 'Attempt to read property "product_id" on null', 'APPPATH/Controllers/Admin.php', 3326)
 2 SYSTEMPATH/CodeIgniter.php(925): App\Controllers\Admin->edit_product('FCPATH/assets', 'img', 'user', 'u4.jpg')
 3 SYSTEMPATH/CodeIgniter.php(480): CodeIgniter\CodeIgniter->runController(Object(App\Controllers\Admin))
 4 SYSTEMPATH/CodeIgniter.php(349): CodeIgniter\CodeIgniter->handleRequest(null, Object(Config\Cache), false)
 5 FCPATH/index.php(67): CodeIgniter\CodeIgniter->run()
CRITICAL - 2025-06-06 00:02:53 --> Attempt to read property "product_id" on null
in APPPATH/Controllers/Admin.php on line 3326.
 1 APPPATH/Controllers/Admin.php(3326): CodeIgniter\Debug\Exceptions->errorHandler(2, 'Attempt to read property "product_id" on null', 'APPPATH/Controllers/Admin.php', 3326)
 2 SYSTEMPATH/CodeIgniter.php(925): App\Controllers\Admin->edit_product('FCPATH/assets', 'img', 'user', 'u5.jpg')
 3 SYSTEMPATH/CodeIgniter.php(480): CodeIgniter\CodeIgniter->runController(Object(App\Controllers\Admin))
 4 SYSTEMPATH/CodeIgniter.php(349): CodeIgniter\CodeIgniter->handleRequest(null, Object(Config\Cache), false)
 5 FCPATH/index.php(67): CodeIgniter\CodeIgniter->run()
CRITICAL - 2025-06-06 00:02:53 --> Attempt to read property "product_id" on null
in APPPATH/Controllers/Admin.php on line 3326.
 1 APPPATH/Controllers/Admin.php(3326): CodeIgniter\Debug\Exceptions->errorHandler(2, 'Attempt to read property "product_id" on null', 'APPPATH/Controllers/Admin.php', 3326)
 2 SYSTEMPATH/CodeIgniter.php(925): App\Controllers\Admin->edit_product('FCPATH/assets', 'img', 'user', 'u2.jpg')
 3 SYSTEMPATH/CodeIgniter.php(480): CodeIgniter\CodeIgniter->runController(Object(App\Controllers\Admin))
 4 SYSTEMPATH/CodeIgniter.php(349): CodeIgniter\CodeIgniter->handleRequest(null, Object(Config\Cache), false)
 5 FCPATH/index.php(67): CodeIgniter\CodeIgniter->run()
CRITICAL - 2025-06-06 00:02:57 --> Attempt to read property "product_id" on null
in APPPATH/Controllers/Admin.php on line 3326.
 1 APPPATH/Controllers/Admin.php(3326): CodeIgniter\Debug\Exceptions->errorHandler(2, 'Attempt to read property "product_id" on null', 'APPPATH/Controllers/Admin.php', 3326)
 2 SYSTEMPATH/CodeIgniter.php(925): App\Controllers\Admin->edit_product('FCPATH/assets', 'img', 'user', 'u2.jpg')
 3 SYSTEMPATH/CodeIgniter.php(480): CodeIgniter\CodeIgniter->runController(Object(App\Controllers\Admin))
 4 SYSTEMPATH/CodeIgniter.php(349): CodeIgniter\CodeIgniter->handleRequest(null, Object(Config\Cache), false)
 5 FCPATH/index.php(67): CodeIgniter\CodeIgniter->run()
CRITICAL - 2025-06-06 00:02:57 --> Attempt to read property "product_id" on null
in APPPATH/Controllers/Admin.php on line 3326.
 1 APPPATH/Controllers/Admin.php(3326): CodeIgniter\Debug\Exceptions->errorHandler(2, 'Attempt to read property "product_id" on null', 'APPPATH/Controllers/Admin.php', 3326)
 2 SYSTEMPATH/CodeIgniter.php(925): App\Controllers\Admin->edit_product('FCPATH/assets', 'img', 'user', 'u1.jpg')
 3 SYSTEMPATH/CodeIgniter.php(480): CodeIgniter\CodeIgniter->runController(Object(App\Controllers\Admin))
 4 SYSTEMPATH/CodeIgniter.php(349): CodeIgniter\CodeIgniter->handleRequest(null, Object(Config\Cache), false)
 5 FCPATH/index.php(67): CodeIgniter\CodeIgniter->run()
CRITICAL - 2025-06-06 00:02:57 --> Attempt to read property "product_id" on null
in APPPATH/Controllers/Admin.php on line 3326.
 1 APPPATH/Controllers/Admin.php(3326): CodeIgniter\Debug\Exceptions->errorHandler(2, 'Attempt to read property "product_id" on null', 'APPPATH/Controllers/Admin.php', 3326)
 2 SYSTEMPATH/CodeIgniter.php(925): App\Controllers\Admin->edit_product('FCPATH/assets', 'img', 'user', 'u4.jpg')
 3 SYSTEMPATH/CodeIgniter.php(480): CodeIgniter\CodeIgniter->runController(Object(App\Controllers\Admin))
 4 SYSTEMPATH/CodeIgniter.php(349): CodeIgniter\CodeIgniter->handleRequest(null, Object(Config\Cache), false)
 5 FCPATH/index.php(67): CodeIgniter\CodeIgniter->run()
CRITICAL - 2025-06-06 00:02:57 --> Attempt to read property "product_id" on null
in APPPATH/Controllers/Admin.php on line 3326.
 1 APPPATH/Controllers/Admin.php(3326): CodeIgniter\Debug\Exceptions->errorHandler(2, 'Attempt to read property "product_id" on null', 'APPPATH/Controllers/Admin.php', 3326)
 2 SYSTEMPATH/CodeIgniter.php(925): App\Controllers\Admin->edit_product('FCPATH/assets', 'img', 'user', 'u5.jpg')
 3 SYSTEMPATH/CodeIgniter.php(480): CodeIgniter\CodeIgniter->runController(Object(App\Controllers\Admin))
 4 SYSTEMPATH/CodeIgniter.php(349): CodeIgniter\CodeIgniter->handleRequest(null, Object(Config\Cache), false)
 5 FCPATH/index.php(67): CodeIgniter\CodeIgniter->run()
CRITICAL - 2025-06-06 00:02:57 --> Attempt to read property "parent_id" on null
in APPPATH/Controllers/Ajex.php on line 614.
 1 APPPATH/Controllers/Ajex.php(614): CodeIgniter\Debug\Exceptions->errorHandler(2, 'Attempt to read property "parent_id" on null', 'APPPATH/Controllers/Ajex.php', 614)
 2 SYSTEMPATH/CodeIgniter.php(925): App\Controllers\Ajex->getCategory()
 3 SYSTEMPATH/CodeIgniter.php(480): CodeIgniter\CodeIgniter->runController(Object(App\Controllers\Ajex))
 4 SYSTEMPATH/CodeIgniter.php(349): CodeIgniter\CodeIgniter->handleRequest(null, Object(Config\Cache), false)
 5 FCPATH/index.php(67): CodeIgniter\CodeIgniter->run()
CRITICAL - 2025-06-06 00:03:12 --> Attempt to read property "product_id" on null
in APPPATH/Controllers/Admin.php on line 3326.
 1 APPPATH/Controllers/Admin.php(3326): CodeIgniter\Debug\Exceptions->errorHandler(2, 'Attempt to read property "product_id" on null', 'APPPATH/Controllers/Admin.php', 3326)
 2 SYSTEMPATH/CodeIgniter.php(925): App\Controllers\Admin->edit_product('FCPATH/assets', 'img', 'user', 'u2.jpg')
 3 SYSTEMPATH/CodeIgniter.php(480): CodeIgniter\CodeIgniter->runController(Object(App\Controllers\Admin))
 4 SYSTEMPATH/CodeIgniter.php(349): CodeIgniter\CodeIgniter->handleRequest(null, Object(Config\Cache), false)
 5 FCPATH/index.php(67): CodeIgniter\CodeIgniter->run()
CRITICAL - 2025-06-06 00:03:12 --> Attempt to read property "product_id" on null
in APPPATH/Controllers/Admin.php on line 3326.
 1 APPPATH/Controllers/Admin.php(3326): CodeIgniter\Debug\Exceptions->errorHandler(2, 'Attempt to read property "product_id" on null', 'APPPATH/Controllers/Admin.php', 3326)
 2 SYSTEMPATH/CodeIgniter.php(925): App\Controllers\Admin->edit_product('FCPATH/assets', 'img', 'user', 'u1.jpg')
 3 SYSTEMPATH/CodeIgniter.php(480): CodeIgniter\CodeIgniter->runController(Object(App\Controllers\Admin))
 4 SYSTEMPATH/CodeIgniter.php(349): CodeIgniter\CodeIgniter->handleRequest(null, Object(Config\Cache), false)
 5 FCPATH/index.php(67): CodeIgniter\CodeIgniter->run()
CRITICAL - 2025-06-06 00:03:12 --> Attempt to read property "product_id" on null
in APPPATH/Controllers/Admin.php on line 3326.
 1 APPPATH/Controllers/Admin.php(3326): CodeIgniter\Debug\Exceptions->errorHandler(2, 'Attempt to read property "product_id" on null', 'APPPATH/Controllers/Admin.php', 3326)
 2 SYSTEMPATH/CodeIgniter.php(925): App\Controllers\Admin->edit_product('FCPATH/assets', 'img', 'user', 'u4.jpg')
 3 SYSTEMPATH/CodeIgniter.php(480): CodeIgniter\CodeIgniter->runController(Object(App\Controllers\Admin))
 4 SYSTEMPATH/CodeIgniter.php(349): CodeIgniter\CodeIgniter->handleRequest(null, Object(Config\Cache), false)
 5 FCPATH/index.php(67): CodeIgniter\CodeIgniter->run()
CRITICAL - 2025-06-06 00:03:12 --> Attempt to read property "product_id" on null
in APPPATH/Controllers/Admin.php on line 3326.
 1 APPPATH/Controllers/Admin.php(3326): CodeIgniter\Debug\Exceptions->errorHandler(2, 'Attempt to read property "product_id" on null', 'APPPATH/Controllers/Admin.php', 3326)
 2 SYSTEMPATH/CodeIgniter.php(925): App\Controllers\Admin->edit_product('FCPATH/assets', 'img', 'user', 'u5.jpg')
 3 SYSTEMPATH/CodeIgniter.php(480): CodeIgniter\CodeIgniter->runController(Object(App\Controllers\Admin))
 4 SYSTEMPATH/CodeIgniter.php(349): CodeIgniter\CodeIgniter->handleRequest(null, Object(Config\Cache), false)
 5 FCPATH/index.php(67): CodeIgniter\CodeIgniter->run()
CRITICAL - 2025-06-06 00:03:12 --> Attempt to read property "parent_id" on null
in APPPATH/Controllers/Ajex.php on line 614.
 1 APPPATH/Controllers/Ajex.php(614): CodeIgniter\Debug\Exceptions->errorHandler(2, 'Attempt to read property "parent_id" on null', 'APPPATH/Controllers/Ajex.php', 614)
 2 SYSTEMPATH/CodeIgniter.php(925): App\Controllers\Ajex->getCategory()
 3 SYSTEMPATH/CodeIgniter.php(480): CodeIgniter\CodeIgniter->runController(Object(App\Controllers\Ajex))
 4 SYSTEMPATH/CodeIgniter.php(349): CodeIgniter\CodeIgniter->handleRequest(null, Object(Config\Cache), false)
 5 FCPATH/index.php(67): CodeIgniter\CodeIgniter->run()
CRITICAL - 2025-06-06 00:05:33 --> Attempt to read property "product_id" on null
in APPPATH/Controllers/Admin.php on line 3326.
 1 APPPATH/Controllers/Admin.php(3326): CodeIgniter\Debug\Exceptions->errorHandler(2, 'Attempt to read property "product_id" on null', 'APPPATH/Controllers/Admin.php', 3326)
 2 SYSTEMPATH/CodeIgniter.php(925): App\Controllers\Admin->edit_product('FCPATH/assets', 'img', 'user', 'u2.jpg')
 3 SYSTEMPATH/CodeIgniter.php(480): CodeIgniter\CodeIgniter->runController(Object(App\Controllers\Admin))
 4 SYSTEMPATH/CodeIgniter.php(349): CodeIgniter\CodeIgniter->handleRequest(null, Object(Config\Cache), false)
 5 FCPATH/index.php(67): CodeIgniter\CodeIgniter->run()
CRITICAL - 2025-06-06 00:05:33 --> Attempt to read property "product_id" on null
in APPPATH/Controllers/Admin.php on line 3326.
 1 APPPATH/Controllers/Admin.php(3326): CodeIgniter\Debug\Exceptions->errorHandler(2, 'Attempt to read property "product_id" on null', 'APPPATH/Controllers/Admin.php', 3326)
 2 SYSTEMPATH/CodeIgniter.php(925): App\Controllers\Admin->edit_product('FCPATH/assets', 'img', 'user', 'u1.jpg')
 3 SYSTEMPATH/CodeIgniter.php(480): CodeIgniter\CodeIgniter->runController(Object(App\Controllers\Admin))
 4 SYSTEMPATH/CodeIgniter.php(349): CodeIgniter\CodeIgniter->handleRequest(null, Object(Config\Cache), false)
 5 FCPATH/index.php(67): CodeIgniter\CodeIgniter->run()
CRITICAL - 2025-06-06 00:05:33 --> Attempt to read property "product_id" on null
in APPPATH/Controllers/Admin.php on line 3326.
 1 APPPATH/Controllers/Admin.php(3326): CodeIgniter\Debug\Exceptions->errorHandler(2, 'Attempt to read property "product_id" on null', 'APPPATH/Controllers/Admin.php', 3326)
 2 SYSTEMPATH/CodeIgniter.php(925): App\Controllers\Admin->edit_product('FCPATH/assets', 'img', 'user', 'u4.jpg')
 3 SYSTEMPATH/CodeIgniter.php(480): CodeIgniter\CodeIgniter->runController(Object(App\Controllers\Admin))
 4 SYSTEMPATH/CodeIgniter.php(349): CodeIgniter\CodeIgniter->handleRequest(null, Object(Config\Cache), false)
 5 FCPATH/index.php(67): CodeIgniter\CodeIgniter->run()
CRITICAL - 2025-06-06 00:05:33 --> Attempt to read property "product_id" on null
in APPPATH/Controllers/Admin.php on line 3326.
 1 APPPATH/Controllers/Admin.php(3326): CodeIgniter\Debug\Exceptions->errorHandler(2, 'Attempt to read property "product_id" on null', 'APPPATH/Controllers/Admin.php', 3326)
 2 SYSTEMPATH/CodeIgniter.php(925): App\Controllers\Admin->edit_product('FCPATH/assets', 'img', 'user', 'u5.jpg')
 3 SYSTEMPATH/CodeIgniter.php(480): CodeIgniter\CodeIgniter->runController(Object(App\Controllers\Admin))
 4 SYSTEMPATH/CodeIgniter.php(349): CodeIgniter\CodeIgniter->handleRequest(null, Object(Config\Cache), false)
 5 FCPATH/index.php(67): CodeIgniter\CodeIgniter->run()
CRITICAL - 2025-06-06 00:06:15 --> Attempt to read property "product_id" on null
in APPPATH/Controllers/Admin.php on line 3326.
 1 APPPATH/Controllers/Admin.php(3326): CodeIgniter\Debug\Exceptions->errorHandler(2, 'Attempt to read property "product_id" on null', 'APPPATH/Controllers/Admin.php', 3326)
 2 SYSTEMPATH/CodeIgniter.php(925): App\Controllers\Admin->edit_product('FCPATH/assets', 'img', 'user', 'u1.jpg')
 3 SYSTEMPATH/CodeIgniter.php(480): CodeIgniter\CodeIgniter->runController(Object(App\Controllers\Admin))
 4 SYSTEMPATH/CodeIgniter.php(349): CodeIgniter\CodeIgniter->handleRequest(null, Object(Config\Cache), false)
 5 FCPATH/index.php(67): CodeIgniter\CodeIgniter->run()
CRITICAL - 2025-06-06 00:06:15 --> Attempt to read property "product_id" on null
in APPPATH/Controllers/Admin.php on line 3326.
 1 APPPATH/Controllers/Admin.php(3326): CodeIgniter\Debug\Exceptions->errorHandler(2, 'Attempt to read property "product_id" on null', 'APPPATH/Controllers/Admin.php', 3326)
 2 SYSTEMPATH/CodeIgniter.php(925): App\Controllers\Admin->edit_product('FCPATH/assets', 'img', 'user', 'u2.jpg')
 3 SYSTEMPATH/CodeIgniter.php(480): CodeIgniter\CodeIgniter->runController(Object(App\Controllers\Admin))
 4 SYSTEMPATH/CodeIgniter.php(349): CodeIgniter\CodeIgniter->handleRequest(null, Object(Config\Cache), false)
 5 FCPATH/index.php(67): CodeIgniter\CodeIgniter->run()
CRITICAL - 2025-06-06 00:06:15 --> Attempt to read property "product_id" on null
in APPPATH/Controllers/Admin.php on line 3326.
 1 APPPATH/Controllers/Admin.php(3326): CodeIgniter\Debug\Exceptions->errorHandler(2, 'Attempt to read property "product_id" on null', 'APPPATH/Controllers/Admin.php', 3326)
 2 SYSTEMPATH/CodeIgniter.php(925): App\Controllers\Admin->edit_product('FCPATH/assets', 'img', 'user', 'u5.jpg')
 3 SYSTEMPATH/CodeIgniter.php(480): CodeIgniter\CodeIgniter->runController(Object(App\Controllers\Admin))
 4 SYSTEMPATH/CodeIgniter.php(349): CodeIgniter\CodeIgniter->handleRequest(null, Object(Config\Cache), false)
 5 FCPATH/index.php(67): CodeIgniter\CodeIgniter->run()
CRITICAL - 2025-06-06 00:06:15 --> Attempt to read property "product_id" on null
in APPPATH/Controllers/Admin.php on line 3326.
 1 APPPATH/Controllers/Admin.php(3326): CodeIgniter\Debug\Exceptions->errorHandler(2, 'Attempt to read property "product_id" on null', 'APPPATH/Controllers/Admin.php', 3326)
 2 SYSTEMPATH/CodeIgniter.php(925): App\Controllers\Admin->edit_product('FCPATH/assets', 'img', 'user', 'u4.jpg')
 3 SYSTEMPATH/CodeIgniter.php(480): CodeIgniter\CodeIgniter->runController(Object(App\Controllers\Admin))
 4 SYSTEMPATH/CodeIgniter.php(349): CodeIgniter\CodeIgniter->handleRequest(null, Object(Config\Cache), false)
 5 FCPATH/index.php(67): CodeIgniter\CodeIgniter->run()
CRITICAL - 2025-06-06 00:06:21 --> Attempt to read property "product_id" on null
in APPPATH/Controllers/Admin.php on line 3326.
 1 APPPATH/Controllers/Admin.php(3326): CodeIgniter\Debug\Exceptions->errorHandler(2, 'Attempt to read property "product_id" on null', 'APPPATH/Controllers/Admin.php', 3326)
 2 SYSTEMPATH/CodeIgniter.php(925): App\Controllers\Admin->edit_product('FCPATH/assets', 'img', 'user', 'u1.jpg')
 3 SYSTEMPATH/CodeIgniter.php(480): CodeIgniter\CodeIgniter->runController(Object(App\Controllers\Admin))
 4 SYSTEMPATH/CodeIgniter.php(349): CodeIgniter\CodeIgniter->handleRequest(null, Object(Config\Cache), false)
 5 FCPATH/index.php(67): CodeIgniter\CodeIgniter->run()
CRITICAL - 2025-06-06 00:06:21 --> Attempt to read property "product_id" on null
in APPPATH/Controllers/Admin.php on line 3326.
 1 APPPATH/Controllers/Admin.php(3326): CodeIgniter\Debug\Exceptions->errorHandler(2, 'Attempt to read property "product_id" on null', 'APPPATH/Controllers/Admin.php', 3326)
 2 SYSTEMPATH/CodeIgniter.php(925): App\Controllers\Admin->edit_product('FCPATH/assets', 'img', 'user', 'u2.jpg')
 3 SYSTEMPATH/CodeIgniter.php(480): CodeIgniter\CodeIgniter->runController(Object(App\Controllers\Admin))
 4 SYSTEMPATH/CodeIgniter.php(349): CodeIgniter\CodeIgniter->handleRequest(null, Object(Config\Cache), false)
 5 FCPATH/index.php(67): CodeIgniter\CodeIgniter->run()
CRITICAL - 2025-06-06 00:06:21 --> Attempt to read property "product_id" on null
in APPPATH/Controllers/Admin.php on line 3326.
 1 APPPATH/Controllers/Admin.php(3326): CodeIgniter\Debug\Exceptions->errorHandler(2, 'Attempt to read property "product_id" on null', 'APPPATH/Controllers/Admin.php', 3326)
 2 SYSTEMPATH/CodeIgniter.php(925): App\Controllers\Admin->edit_product('FCPATH/assets', 'img', 'user', 'u4.jpg')
 3 SYSTEMPATH/CodeIgniter.php(480): CodeIgniter\CodeIgniter->runController(Object(App\Controllers\Admin))
 4 SYSTEMPATH/CodeIgniter.php(349): CodeIgniter\CodeIgniter->handleRequest(null, Object(Config\Cache), false)
 5 FCPATH/index.php(67): CodeIgniter\CodeIgniter->run()
CRITICAL - 2025-06-06 00:06:21 --> Attempt to read property "product_id" on null
in APPPATH/Controllers/Admin.php on line 3326.
 1 APPPATH/Controllers/Admin.php(3326): CodeIgniter\Debug\Exceptions->errorHandler(2, 'Attempt to read property "product_id" on null', 'APPPATH/Controllers/Admin.php', 3326)
 2 SYSTEMPATH/CodeIgniter.php(925): App\Controllers\Admin->edit_product('FCPATH/assets', 'img', 'user', 'u5.jpg')
 3 SYSTEMPATH/CodeIgniter.php(480): CodeIgniter\CodeIgniter->runController(Object(App\Controllers\Admin))
 4 SYSTEMPATH/CodeIgniter.php(349): CodeIgniter\CodeIgniter->handleRequest(null, Object(Config\Cache), false)
 5 FCPATH/index.php(67): CodeIgniter\CodeIgniter->run()
CRITICAL - 2025-06-06 00:06:32 --> Attempt to read property "product_id" on null
in APPPATH/Controllers/Admin.php on line 3326.
 1 APPPATH/Controllers/Admin.php(3326): CodeIgniter\Debug\Exceptions->errorHandler(2, 'Attempt to read property "product_id" on null', 'APPPATH/Controllers/Admin.php', 3326)
 2 SYSTEMPATH/CodeIgniter.php(925): App\Controllers\Admin->edit_product('FCPATH/assets', 'img', 'user', 'u2.jpg')
 3 SYSTEMPATH/CodeIgniter.php(480): CodeIgniter\CodeIgniter->runController(Object(App\Controllers\Admin))
 4 SYSTEMPATH/CodeIgniter.php(349): CodeIgniter\CodeIgniter->handleRequest(null, Object(Config\Cache), false)
 5 FCPATH/index.php(67): CodeIgniter\CodeIgniter->run()
CRITICAL - 2025-06-06 00:06:32 --> Attempt to read property "product_id" on null
in APPPATH/Controllers/Admin.php on line 3326.
 1 APPPATH/Controllers/Admin.php(3326): CodeIgniter\Debug\Exceptions->errorHandler(2, 'Attempt to read property "product_id" on null', 'APPPATH/Controllers/Admin.php', 3326)
 2 SYSTEMPATH/CodeIgniter.php(925): App\Controllers\Admin->edit_product('FCPATH/assets', 'img', 'user', 'u4.jpg')
 3 SYSTEMPATH/CodeIgniter.php(480): CodeIgniter\CodeIgniter->runController(Object(App\Controllers\Admin))
 4 SYSTEMPATH/CodeIgniter.php(349): CodeIgniter\CodeIgniter->handleRequest(null, Object(Config\Cache), false)
 5 FCPATH/index.php(67): CodeIgniter\CodeIgniter->run()
CRITICAL - 2025-06-06 00:06:32 --> Attempt to read property "product_id" on null
in APPPATH/Controllers/Admin.php on line 3326.
 1 APPPATH/Controllers/Admin.php(3326): CodeIgniter\Debug\Exceptions->errorHandler(2, 'Attempt to read property "product_id" on null', 'APPPATH/Controllers/Admin.php', 3326)
 2 SYSTEMPATH/CodeIgniter.php(925): App\Controllers\Admin->edit_product('FCPATH/assets', 'img', 'user', 'u1.jpg')
 3 SYSTEMPATH/CodeIgniter.php(480): CodeIgniter\CodeIgniter->runController(Object(App\Controllers\Admin))
 4 SYSTEMPATH/CodeIgniter.php(349): CodeIgniter\CodeIgniter->handleRequest(null, Object(Config\Cache), false)
 5 FCPATH/index.php(67): CodeIgniter\CodeIgniter->run()
CRITICAL - 2025-06-06 00:06:32 --> Attempt to read property "product_id" on null
in APPPATH/Controllers/Admin.php on line 3326.
 1 APPPATH/Controllers/Admin.php(3326): CodeIgniter\Debug\Exceptions->errorHandler(2, 'Attempt to read property "product_id" on null', 'APPPATH/Controllers/Admin.php', 3326)
 2 SYSTEMPATH/CodeIgniter.php(925): App\Controllers\Admin->edit_product('FCPATH/assets', 'img', 'user', 'u5.jpg')
 3 SYSTEMPATH/CodeIgniter.php(480): CodeIgniter\CodeIgniter->runController(Object(App\Controllers\Admin))
 4 SYSTEMPATH/CodeIgniter.php(349): CodeIgniter\CodeIgniter->handleRequest(null, Object(Config\Cache), false)
 5 FCPATH/index.php(67): CodeIgniter\CodeIgniter->run()
CRITICAL - 2025-06-06 00:19:48 --> Undefined variable $total_cart_amount
in APPPATH/Controllers/Ajex.php on line 214.
 1 APPPATH/Controllers/Ajex.php(214): CodeIgniter\Debug\Exceptions->errorHandler(2, 'Undefined variable $total_cart_amount', 'APPPATH/Controllers/Ajex.php', 214)
 2 SYSTEMPATH/CodeIgniter.php(925): App\Controllers\Ajex->my_cart_list()
 3 SYSTEMPATH/CodeIgniter.php(480): CodeIgniter\CodeIgniter->runController(Object(App\Controllers\Ajex))
 4 SYSTEMPATH/CodeIgniter.php(349): CodeIgniter\CodeIgniter->handleRequest(null, Object(Config\Cache), false)
 5 FCPATH/index.php(67): CodeIgniter\CodeIgniter->run()
CRITICAL - 2025-06-06 00:51:19 --> Attempt to read property "product_id" on null
in APPPATH/Controllers/Admin.php on line 3326.
 1 APPPATH/Controllers/Admin.php(3326): CodeIgniter\Debug\Exceptions->errorHandler(2, 'Attempt to read property "product_id" on null', 'APPPATH/Controllers/Admin.php', 3326)
 2 SYSTEMPATH/CodeIgniter.php(925): App\Controllers\Admin->edit_product('FCPATH/assets', 'img', 'user', 'u2.jpg')
 3 SYSTEMPATH/CodeIgniter.php(480): CodeIgniter\CodeIgniter->runController(Object(App\Controllers\Admin))
 4 SYSTEMPATH/CodeIgniter.php(349): CodeIgniter\CodeIgniter->handleRequest(null, Object(Config\Cache), false)
 5 FCPATH/index.php(67): CodeIgniter\CodeIgniter->run()
CRITICAL - 2025-06-06 00:51:19 --> Attempt to read property "product_id" on null
in APPPATH/Controllers/Admin.php on line 3326.
 1 APPPATH/Controllers/Admin.php(3326): CodeIgniter\Debug\Exceptions->errorHandler(2, 'Attempt to read property "product_id" on null', 'APPPATH/Controllers/Admin.php', 3326)
 2 SYSTEMPATH/CodeIgniter.php(925): App\Controllers\Admin->edit_product('FCPATH/assets', 'img', 'user', 'u1.jpg')
 3 SYSTEMPATH/CodeIgniter.php(480): CodeIgniter\CodeIgniter->runController(Object(App\Controllers\Admin))
 4 SYSTEMPATH/CodeIgniter.php(349): CodeIgniter\CodeIgniter->handleRequest(null, Object(Config\Cache), false)
 5 FCPATH/index.php(67): CodeIgniter\CodeIgniter->run()
CRITICAL - 2025-06-06 00:51:19 --> Attempt to read property "product_id" on null
in APPPATH/Controllers/Admin.php on line 3326.
 1 APPPATH/Controllers/Admin.php(3326): CodeIgniter\Debug\Exceptions->errorHandler(2, 'Attempt to read property "product_id" on null', 'APPPATH/Controllers/Admin.php', 3326)
 2 SYSTEMPATH/CodeIgniter.php(925): App\Controllers\Admin->edit_product('FCPATH/assets', 'img', 'user', 'u5.jpg')
 3 SYSTEMPATH/CodeIgniter.php(480): CodeIgniter\CodeIgniter->runController(Object(App\Controllers\Admin))
 4 SYSTEMPATH/CodeIgniter.php(349): CodeIgniter\CodeIgniter->handleRequest(null, Object(Config\Cache), false)
 5 FCPATH/index.php(67): CodeIgniter\CodeIgniter->run()
CRITICAL - 2025-06-06 00:51:19 --> Attempt to read property "product_id" on null
in APPPATH/Controllers/Admin.php on line 3326.
 1 APPPATH/Controllers/Admin.php(3326): CodeIgniter\Debug\Exceptions->errorHandler(2, 'Attempt to read property "product_id" on null', 'APPPATH/Controllers/Admin.php', 3326)
 2 SYSTEMPATH/CodeIgniter.php(925): App\Controllers\Admin->edit_product('FCPATH/assets', 'img', 'user', 'u4.jpg')
 3 SYSTEMPATH/CodeIgniter.php(480): CodeIgniter\CodeIgniter->runController(Object(App\Controllers\Admin))
 4 SYSTEMPATH/CodeIgniter.php(349): CodeIgniter\CodeIgniter->handleRequest(null, Object(Config\Cache), false)
 5 FCPATH/index.php(67): CodeIgniter\CodeIgniter->run()
CRITICAL - 2025-06-06 05:56:57 --> Attempt to read property "product_id" on null
in APPPATH/Controllers/Admin.php on line 3326.
 1 APPPATH/Controllers/Admin.php(3326): CodeIgniter\Debug\Exceptions->errorHandler(2, 'Attempt to read property "product_id" on null', 'APPPATH/Controllers/Admin.php', 3326)
 2 SYSTEMPATH/CodeIgniter.php(925): App\Controllers\Admin->edit_product('FCPATH/assets', 'img', 'user', 'u2.jpg')
 3 SYSTEMPATH/CodeIgniter.php(480): CodeIgniter\CodeIgniter->runController(Object(App\Controllers\Admin))
 4 SYSTEMPATH/CodeIgniter.php(349): CodeIgniter\CodeIgniter->handleRequest(null, Object(Config\Cache), false)
 5 FCPATH/index.php(67): CodeIgniter\CodeIgniter->run()
CRITICAL - 2025-06-06 05:56:57 --> Attempt to read property "product_id" on null
in APPPATH/Controllers/Admin.php on line 3326.
 1 APPPATH/Controllers/Admin.php(3326): CodeIgniter\Debug\Exceptions->errorHandler(2, 'Attempt to read property "product_id" on null', 'APPPATH/Controllers/Admin.php', 3326)
 2 SYSTEMPATH/CodeIgniter.php(925): App\Controllers\Admin->edit_product('FCPATH/assets', 'img', 'user', 'u1.jpg')
 3 SYSTEMPATH/CodeIgniter.php(480): CodeIgniter\CodeIgniter->runController(Object(App\Controllers\Admin))
 4 SYSTEMPATH/CodeIgniter.php(349): CodeIgniter\CodeIgniter->handleRequest(null, Object(Config\Cache), false)
 5 FCPATH/index.php(67): CodeIgniter\CodeIgniter->run()
CRITICAL - 2025-06-06 05:56:57 --> Attempt to read property "product_id" on null
in APPPATH/Controllers/Admin.php on line 3326.
 1 APPPATH/Controllers/Admin.php(3326): CodeIgniter\Debug\Exceptions->errorHandler(2, 'Attempt to read property "product_id" on null', 'APPPATH/Controllers/Admin.php', 3326)
 2 SYSTEMPATH/CodeIgniter.php(925): App\Controllers\Admin->edit_product('FCPATH/assets', 'img', 'user', 'u4.jpg')
 3 SYSTEMPATH/CodeIgniter.php(480): CodeIgniter\CodeIgniter->runController(Object(App\Controllers\Admin))
 4 SYSTEMPATH/CodeIgniter.php(349): CodeIgniter\CodeIgniter->handleRequest(null, Object(Config\Cache), false)
 5 FCPATH/index.php(67): CodeIgniter\CodeIgniter->run()
CRITICAL - 2025-06-06 05:56:57 --> Attempt to read property "product_id" on null
in APPPATH/Controllers/Admin.php on line 3326.
 1 APPPATH/Controllers/Admin.php(3326): CodeIgniter\Debug\Exceptions->errorHandler(2, 'Attempt to read property "product_id" on null', 'APPPATH/Controllers/Admin.php', 3326)
 2 SYSTEMPATH/CodeIgniter.php(925): App\Controllers\Admin->edit_product('FCPATH/assets', 'img', 'user', 'u5.jpg')
 3 SYSTEMPATH/CodeIgniter.php(480): CodeIgniter\CodeIgniter->runController(Object(App\Controllers\Admin))
 4 SYSTEMPATH/CodeIgniter.php(349): CodeIgniter\CodeIgniter->handleRequest(null, Object(Config\Cache), false)
 5 FCPATH/index.php(67): CodeIgniter\CodeIgniter->run()
CRITICAL - 2025-06-06 05:58:40 --> Attempt to read property "product_id" on null
in APPPATH/Controllers/Admin.php on line 3326.
 1 APPPATH/Controllers/Admin.php(3326): CodeIgniter\Debug\Exceptions->errorHandler(2, 'Attempt to read property "product_id" on null', 'APPPATH/Controllers/Admin.php', 3326)
 2 SYSTEMPATH/CodeIgniter.php(925): App\Controllers\Admin->edit_product('category-create')
 3 SYSTEMPATH/CodeIgniter.php(480): CodeIgniter\CodeIgniter->runController(Object(App\Controllers\Admin))
 4 SYSTEMPATH/CodeIgniter.php(349): CodeIgniter\CodeIgniter->handleRequest(null, Object(Config\Cache), false)
 5 FCPATH/index.php(67): CodeIgniter\CodeIgniter->run()
CRITICAL - 2025-06-06 06:20:53 --> Undefined variable $total_cart_amount
in APPPATH/Controllers/Ajex.php on line 214.
 1 APPPATH/Controllers/Ajex.php(214): CodeIgniter\Debug\Exceptions->errorHandler(2, 'Undefined variable $total_cart_amount', 'APPPATH/Controllers/Ajex.php', 214)
 2 SYSTEMPATH/CodeIgniter.php(925): App\Controllers\Ajex->my_cart_list()
 3 SYSTEMPATH/CodeIgniter.php(480): CodeIgniter\CodeIgniter->runController(Object(App\Controllers\Ajex))
 4 SYSTEMPATH/CodeIgniter.php(349): CodeIgniter\CodeIgniter->handleRequest(null, Object(Config\Cache), false)
 5 FCPATH/index.php(67): CodeIgniter\CodeIgniter->run()
CRITICAL - 2025-06-06 06:21:54 --> Attempt to read property "product_id" on null
in APPPATH/Controllers/Admin.php on line 3326.
 1 APPPATH/Controllers/Admin.php(3326): CodeIgniter\Debug\Exceptions->errorHandler(2, 'Attempt to read property "product_id" on null', 'APPPATH/Controllers/Admin.php', 3326)
 2 SYSTEMPATH/CodeIgniter.php(925): App\Controllers\Admin->edit_product('FCPATH/assets', 'img', 'user', 'u2.jpg')
 3 SYSTEMPATH/CodeIgniter.php(480): CodeIgniter\CodeIgniter->runController(Object(App\Controllers\Admin))
 4 SYSTEMPATH/CodeIgniter.php(349): CodeIgniter\CodeIgniter->handleRequest(null, Object(Config\Cache), false)
 5 FCPATH/index.php(67): CodeIgniter\CodeIgniter->run()
CRITICAL - 2025-06-06 06:21:54 --> Attempt to read property "product_id" on null
in APPPATH/Controllers/Admin.php on line 3326.
 1 APPPATH/Controllers/Admin.php(3326): CodeIgniter\Debug\Exceptions->errorHandler(2, 'Attempt to read property "product_id" on null', 'APPPATH/Controllers/Admin.php', 3326)
 2 SYSTEMPATH/CodeIgniter.php(925): App\Controllers\Admin->edit_product('FCPATH/assets', 'img', 'user', 'u1.jpg')
 3 SYSTEMPATH/CodeIgniter.php(480): CodeIgniter\CodeIgniter->runController(Object(App\Controllers\Admin))
 4 SYSTEMPATH/CodeIgniter.php(349): CodeIgniter\CodeIgniter->handleRequest(null, Object(Config\Cache), false)
 5 FCPATH/index.php(67): CodeIgniter\CodeIgniter->run()
CRITICAL - 2025-06-06 06:21:55 --> Attempt to read property "product_id" on null
in APPPATH/Controllers/Admin.php on line 3326.
 1 APPPATH/Controllers/Admin.php(3326): CodeIgniter\Debug\Exceptions->errorHandler(2, 'Attempt to read property "product_id" on null', 'APPPATH/Controllers/Admin.php', 3326)
 2 SYSTEMPATH/CodeIgniter.php(925): App\Controllers\Admin->edit_product('FCPATH/assets', 'img', 'user', 'u4.jpg')
 3 SYSTEMPATH/CodeIgniter.php(480): CodeIgniter\CodeIgniter->runController(Object(App\Controllers\Admin))
 4 SYSTEMPATH/CodeIgniter.php(349): CodeIgniter\CodeIgniter->handleRequest(null, Object(Config\Cache), false)
 5 FCPATH/index.php(67): CodeIgniter\CodeIgniter->run()
CRITICAL - 2025-06-06 06:21:55 --> Attempt to read property "product_id" on null
in APPPATH/Controllers/Admin.php on line 3326.
 1 APPPATH/Controllers/Admin.php(3326): CodeIgniter\Debug\Exceptions->errorHandler(2, 'Attempt to read property "product_id" on null', 'APPPATH/Controllers/Admin.php', 3326)
 2 SYSTEMPATH/CodeIgniter.php(925): App\Controllers\Admin->edit_product('FCPATH/assets', 'img', 'user', 'u5.jpg')
 3 SYSTEMPATH/CodeIgniter.php(480): CodeIgniter\CodeIgniter->runController(Object(App\Controllers\Admin))
 4 SYSTEMPATH/CodeIgniter.php(349): CodeIgniter\CodeIgniter->handleRequest(null, Object(Config\Cache), false)
 5 FCPATH/index.php(67): CodeIgniter\CodeIgniter->run()
