CRITICAL - 2023-08-11 00:46:20 --> Cannot redeclare App\Controllers\Admin::employee_create_process()
in APPPATH/Controllers/Admin.php on line 1777.
 1 [internal function]: CodeIgniter\Debug\Exceptions->shutdownHandler()
ERROR - 2023-08-11 00:54:42 --> mysqli_sql_exception: Unknown column 'date' in 'field list' in /home2/aseelectricalco/public_html/warsi/system/Database/MySQLi/Connection.php:292
Stack trace:
#0 /home2/aseelectricalco/public_html/warsi/system/Database/MySQLi/Connection.php(292): mysqli->query('INSERT INTO `co...', 0)
#1 /home2/aseelectricalco/public_html/warsi/system/Database/BaseConnection.php(666): CodeIgniter\Database\MySQLi\Connection->execute('INSERT INTO `co...')
#2 /home2/aseelectricalco/public_html/warsi/system/Database/BaseConnection.php(593): CodeIgniter\Database\BaseConnection->simpleQuery('INSERT INTO `co...')
#3 /home2/aseelectricalco/public_html/warsi/system/Database/BaseBuilder.php(1916): CodeIgniter\Database\BaseConnection->query('INSERT INTO `co...', Array, false)
#4 /home2/aseelectricalco/public_html/warsi/app/Models/Commanmodel.php(52): CodeIgniter\Database\BaseBuilder->insert(Array)
#5 /home2/aseelectricalco/public_html/warsi/app/Controllers/Admin.php(1811): App\Models\Commanmodel->insert_query_get_inserid('company', Array)
#6 /home2/aseelectricalco/public_html/warsi/system/CodeIgniter.php(925): App\Controllers\Admin->company_save()
#7 /home2/aseelectricalco/public_html/warsi/system/CodeIgniter.php(480): CodeIgniter\CodeIgniter->runController(Object(App\Controllers\Admin))
#8 /home2/aseelectricalco/public_html/warsi/system/CodeIgniter.php(349): CodeIgniter\CodeIgniter->handleRequest(NULL, Object(Config\Cache), false)
#9 /home2/aseelectricalco/public_html/warsi/index.php(67): CodeIgniter\CodeIgniter->run()
#10 {main}
ERROR - 2023-08-11 01:23:24 --> mysqli_sql_exception: Unknown column 'date' in 'field list' in /home2/aseelectricalco/public_html/warsi/system/Database/MySQLi/Connection.php:292
Stack trace:
#0 /home2/aseelectricalco/public_html/warsi/system/Database/MySQLi/Connection.php(292): mysqli->query('INSERT INTO `co...', 0)
#1 /home2/aseelectricalco/public_html/warsi/system/Database/BaseConnection.php(666): CodeIgniter\Database\MySQLi\Connection->execute('INSERT INTO `co...')
#2 /home2/aseelectricalco/public_html/warsi/system/Database/BaseConnection.php(593): CodeIgniter\Database\BaseConnection->simpleQuery('INSERT INTO `co...')
#3 /home2/aseelectricalco/public_html/warsi/system/Database/BaseBuilder.php(1916): CodeIgniter\Database\BaseConnection->query('INSERT INTO `co...', Array, false)
#4 /home2/aseelectricalco/public_html/warsi/app/Models/Commanmodel.php(52): CodeIgniter\Database\BaseBuilder->insert(Array)
#5 /home2/aseelectricalco/public_html/warsi/app/Controllers/Admin.php(1851): App\Models\Commanmodel->insert_query_get_inserid('company', Array)
#6 /home2/aseelectricalco/public_html/warsi/system/CodeIgniter.php(925): App\Controllers\Admin->company_save()
#7 /home2/aseelectricalco/public_html/warsi/system/CodeIgniter.php(480): CodeIgniter\CodeIgniter->runController(Object(App\Controllers\Admin))
#8 /home2/aseelectricalco/public_html/warsi/system/CodeIgniter.php(349): CodeIgniter\CodeIgniter->handleRequest(NULL, Object(Config\Cache), false)
#9 /home2/aseelectricalco/public_html/warsi/index.php(67): CodeIgniter\CodeIgniter->run()
#10 {main}
ERROR - 2023-08-11 01:25:16 --> mysqli_sql_exception: Unknown column 'date' in 'field list' in /home2/aseelectricalco/public_html/warsi/system/Database/MySQLi/Connection.php:292
Stack trace:
#0 /home2/aseelectricalco/public_html/warsi/system/Database/MySQLi/Connection.php(292): mysqli->query('INSERT INTO `co...', 0)
#1 /home2/aseelectricalco/public_html/warsi/system/Database/BaseConnection.php(666): CodeIgniter\Database\MySQLi\Connection->execute('INSERT INTO `co...')
#2 /home2/aseelectricalco/public_html/warsi/system/Database/BaseConnection.php(593): CodeIgniter\Database\BaseConnection->simpleQuery('INSERT INTO `co...')
#3 /home2/aseelectricalco/public_html/warsi/system/Database/BaseBuilder.php(1916): CodeIgniter\Database\BaseConnection->query('INSERT INTO `co...', Array, false)
#4 /home2/aseelectricalco/public_html/warsi/app/Models/Commanmodel.php(52): CodeIgniter\Database\BaseBuilder->insert(Array)
#5 /home2/aseelectricalco/public_html/warsi/app/Controllers/Admin.php(1850): App\Models\Commanmodel->insert_query_get_inserid('company', Array)
#6 /home2/aseelectricalco/public_html/warsi/system/CodeIgniter.php(925): App\Controllers\Admin->company_save()
#7 /home2/aseelectricalco/public_html/warsi/system/CodeIgniter.php(480): CodeIgniter\CodeIgniter->runController(Object(App\Controllers\Admin))
#8 /home2/aseelectricalco/public_html/warsi/system/CodeIgniter.php(349): CodeIgniter\CodeIgniter->handleRequest(NULL, Object(Config\Cache), false)
#9 /home2/aseelectricalco/public_html/warsi/index.php(67): CodeIgniter\CodeIgniter->run()
#10 {main}
ERROR - 2023-08-11 01:26:33 --> mysqli_sql_exception: Unknown column 'date' in 'field list' in /home2/aseelectricalco/public_html/warsi/system/Database/MySQLi/Connection.php:292
Stack trace:
#0 /home2/aseelectricalco/public_html/warsi/system/Database/MySQLi/Connection.php(292): mysqli->query('INSERT INTO `co...', 0)
#1 /home2/aseelectricalco/public_html/warsi/system/Database/BaseConnection.php(666): CodeIgniter\Database\MySQLi\Connection->execute('INSERT INTO `co...')
#2 /home2/aseelectricalco/public_html/warsi/system/Database/BaseConnection.php(593): CodeIgniter\Database\BaseConnection->simpleQuery('INSERT INTO `co...')
#3 /home2/aseelectricalco/public_html/warsi/system/Database/BaseBuilder.php(1916): CodeIgniter\Database\BaseConnection->query('INSERT INTO `co...', Array, false)
#4 /home2/aseelectricalco/public_html/warsi/app/Models/Commanmodel.php(52): CodeIgniter\Database\BaseBuilder->insert(Array)
#5 /home2/aseelectricalco/public_html/warsi/app/Controllers/Admin.php(1850): App\Models\Commanmodel->insert_query_get_inserid('company', Array)
#6 /home2/aseelectricalco/public_html/warsi/system/CodeIgniter.php(925): App\Controllers\Admin->company_save()
#7 /home2/aseelectricalco/public_html/warsi/system/CodeIgniter.php(480): CodeIgniter\CodeIgniter->runController(Object(App\Controllers\Admin))
#8 /home2/aseelectricalco/public_html/warsi/system/CodeIgniter.php(349): CodeIgniter\CodeIgniter->handleRequest(NULL, Object(Config\Cache), false)
#9 /home2/aseelectricalco/public_html/warsi/index.php(67): CodeIgniter\CodeIgniter->run()
#10 {main}
ERROR - 2023-08-11 01:27:19 --> mysqli_sql_exception: Unknown column 'date' in 'field list' in /home2/aseelectricalco/public_html/warsi/system/Database/MySQLi/Connection.php:292
Stack trace:
#0 /home2/aseelectricalco/public_html/warsi/system/Database/MySQLi/Connection.php(292): mysqli->query('INSERT INTO `co...', 0)
#1 /home2/aseelectricalco/public_html/warsi/system/Database/BaseConnection.php(666): CodeIgniter\Database\MySQLi\Connection->execute('INSERT INTO `co...')
#2 /home2/aseelectricalco/public_html/warsi/system/Database/BaseConnection.php(593): CodeIgniter\Database\BaseConnection->simpleQuery('INSERT INTO `co...')
#3 /home2/aseelectricalco/public_html/warsi/system/Database/BaseBuilder.php(1916): CodeIgniter\Database\BaseConnection->query('INSERT INTO `co...', Array, false)
#4 /home2/aseelectricalco/public_html/warsi/app/Models/Commanmodel.php(52): CodeIgniter\Database\BaseBuilder->insert(Array)
#5 /home2/aseelectricalco/public_html/warsi/app/Controllers/Admin.php(1850): App\Models\Commanmodel->insert_query_get_inserid('company', Array)
#6 /home2/aseelectricalco/public_html/warsi/system/CodeIgniter.php(925): App\Controllers\Admin->company_save()
#7 /home2/aseelectricalco/public_html/warsi/system/CodeIgniter.php(480): CodeIgniter\CodeIgniter->runController(Object(App\Controllers\Admin))
#8 /home2/aseelectricalco/public_html/warsi/system/CodeIgniter.php(349): CodeIgniter\CodeIgniter->handleRequest(NULL, Object(Config\Cache), false)
#9 /home2/aseelectricalco/public_html/warsi/index.php(67): CodeIgniter\CodeIgniter->run()
#10 {main}
CRITICAL - 2023-08-11 01:29:29 --> Undefined property: stdClass::$id
in APPPATH/Controllers/Admin.php on line 1777.
 1 APPPATH/Controllers/Admin.php(1777): CodeIgniter\Debug\Exceptions->errorHandler(2, 'Undefined property: stdClass::$id', 'APPPATH/Controllers/Admin.php', 1777)
 2 SYSTEMPATH/CodeIgniter.php(925): App\Controllers\Admin->company_list()
 3 SYSTEMPATH/CodeIgniter.php(480): CodeIgniter\CodeIgniter->runController(Object(App\Controllers\Admin))
 4 SYSTEMPATH/CodeIgniter.php(349): CodeIgniter\CodeIgniter->handleRequest(null, Object(Config\Cache), false)
 5 FCPATH/index.php(67): CodeIgniter\CodeIgniter->run()
CRITICAL - 2023-08-11 01:29:38 --> Undefined property: stdClass::$id
in APPPATH/Controllers/Admin.php on line 1777.
 1 APPPATH/Controllers/Admin.php(1777): CodeIgniter\Debug\Exceptions->errorHandler(2, 'Undefined property: stdClass::$id', 'APPPATH/Controllers/Admin.php', 1777)
 2 SYSTEMPATH/CodeIgniter.php(925): App\Controllers\Admin->company_list()
 3 SYSTEMPATH/CodeIgniter.php(480): CodeIgniter\CodeIgniter->runController(Object(App\Controllers\Admin))
 4 SYSTEMPATH/CodeIgniter.php(349): CodeIgniter\CodeIgniter->handleRequest(null, Object(Config\Cache), false)
 5 FCPATH/index.php(67): CodeIgniter\CodeIgniter->run()
CRITICAL - 2023-08-11 01:31:46 --> Undefined variable $id
in APPPATH/Views/admin/company_edit.php on line 55.
 1 APPPATH/Views/admin/company_edit.php(55): CodeIgniter\Debug\Exceptions->errorHandler(2, 'Undefined variable $id', 'APPPATH/Views/admin/company_edit.php', 55)
 2 SYSTEMPATH/View/View.php(213): include('APPPATH/Views/admin/company_edit.php')
 3 SYSTEMPATH/View/View.php(216): CodeIgniter\View\View->CodeIgniter\View\{closure}()
 4 SYSTEMPATH/Common.php(1135): CodeIgniter\View\View->render('admin/company_edit', [], true)
 5 APPPATH/Controllers/Admin.php(1878): view('admin/company_edit', [...])
 6 SYSTEMPATH/CodeIgniter.php(925): App\Controllers\Admin->company_edit('2')
 7 SYSTEMPATH/CodeIgniter.php(480): CodeIgniter\CodeIgniter->runController(Object(App\Controllers\Admin))
 8 SYSTEMPATH/CodeIgniter.php(349): CodeIgniter\CodeIgniter->handleRequest(null, Object(Config\Cache), false)
 9 FCPATH/index.php(67): CodeIgniter\CodeIgniter->run()
CRITICAL - 2023-08-11 01:35:10 --> Undefined array key "employee_search"
in APPPATH/Models/Employeemodel.php on line 30.
 1 APPPATH/Models/Employeemodel.php(30): CodeIgniter\Debug\Exceptions->errorHandler(2, 'Undefined array key "employee_search"', 'APPPATH/Models/Employeemodel.php', 30)
 2 APPPATH/Models/Employeemodel.php(91): App\Models\Employeemodel->_get_datatables_query()
 3 APPPATH/Controllers/Admin.php(1324): App\Models\Employeemodel->get_datatables()
 4 SYSTEMPATH/CodeIgniter.php(925): App\Controllers\Admin->list_employee_ajax()
 5 SYSTEMPATH/CodeIgniter.php(480): CodeIgniter\CodeIgniter->runController(Object(App\Controllers\Admin))
 6 SYSTEMPATH/CodeIgniter.php(349): CodeIgniter\CodeIgniter->handleRequest(null, Object(Config\Cache), false)
 7 FCPATH/index.php(67): CodeIgniter\CodeIgniter->run()
CRITICAL - 2023-08-11 01:35:21 --> Undefined array key "employee_search"
in APPPATH/Models/Employeemodel.php on line 30.
 1 APPPATH/Models/Employeemodel.php(30): CodeIgniter\Debug\Exceptions->errorHandler(2, 'Undefined array key "employee_search"', 'APPPATH/Models/Employeemodel.php', 30)
 2 APPPATH/Models/Employeemodel.php(91): App\Models\Employeemodel->_get_datatables_query()
 3 APPPATH/Controllers/Admin.php(1324): App\Models\Employeemodel->get_datatables()
 4 SYSTEMPATH/CodeIgniter.php(925): App\Controllers\Admin->list_employee_ajax()
 5 SYSTEMPATH/CodeIgniter.php(480): CodeIgniter\CodeIgniter->runController(Object(App\Controllers\Admin))
 6 SYSTEMPATH/CodeIgniter.php(349): CodeIgniter\CodeIgniter->handleRequest(null, Object(Config\Cache), false)
 7 FCPATH/index.php(67): CodeIgniter\CodeIgniter->run()
CRITICAL - 2023-08-11 01:36:18 --> Undefined array key "employee_search"
in APPPATH/Models/Employeemodel.php on line 30.
 1 APPPATH/Models/Employeemodel.php(30): CodeIgniter\Debug\Exceptions->errorHandler(2, 'Undefined array key "employee_search"', 'APPPATH/Models/Employeemodel.php', 30)
 2 APPPATH/Models/Employeemodel.php(91): App\Models\Employeemodel->_get_datatables_query()
 3 APPPATH/Controllers/Admin.php(1324): App\Models\Employeemodel->get_datatables()
 4 SYSTEMPATH/CodeIgniter.php(925): App\Controllers\Admin->list_employee_ajax()
 5 SYSTEMPATH/CodeIgniter.php(480): CodeIgniter\CodeIgniter->runController(Object(App\Controllers\Admin))
 6 SYSTEMPATH/CodeIgniter.php(349): CodeIgniter\CodeIgniter->handleRequest(null, Object(Config\Cache), false)
 7 FCPATH/index.php(67): CodeIgniter\CodeIgniter->run()
CRITICAL - 2023-08-11 01:36:50 --> Undefined array key "employee_search"
in APPPATH/Models/Employeemodel.php on line 30.
 1 APPPATH/Models/Employeemodel.php(30): CodeIgniter\Debug\Exceptions->errorHandler(2, 'Undefined array key "employee_search"', 'APPPATH/Models/Employeemodel.php', 30)
 2 APPPATH/Models/Employeemodel.php(91): App\Models\Employeemodel->_get_datatables_query()
 3 APPPATH/Controllers/Admin.php(1324): App\Models\Employeemodel->get_datatables()
 4 SYSTEMPATH/CodeIgniter.php(925): App\Controllers\Admin->list_employee_ajax()
 5 SYSTEMPATH/CodeIgniter.php(480): CodeIgniter\CodeIgniter->runController(Object(App\Controllers\Admin))
 6 SYSTEMPATH/CodeIgniter.php(349): CodeIgniter\CodeIgniter->handleRequest(null, Object(Config\Cache), false)
 7 FCPATH/index.php(67): CodeIgniter\CodeIgniter->run()
CRITICAL - 2023-08-11 01:37:22 --> Undefined array key "employee_search"
in APPPATH/Models/Employeemodel.php on line 30.
 1 APPPATH/Models/Employeemodel.php(30): CodeIgniter\Debug\Exceptions->errorHandler(2, 'Undefined array key "employee_search"', 'APPPATH/Models/Employeemodel.php', 30)
 2 APPPATH/Models/Employeemodel.php(91): App\Models\Employeemodel->_get_datatables_query()
 3 APPPATH/Controllers/Admin.php(1324): App\Models\Employeemodel->get_datatables()
 4 SYSTEMPATH/CodeIgniter.php(925): App\Controllers\Admin->list_employee_ajax()
 5 SYSTEMPATH/CodeIgniter.php(480): CodeIgniter\CodeIgniter->runController(Object(App\Controllers\Admin))
 6 SYSTEMPATH/CodeIgniter.php(349): CodeIgniter\CodeIgniter->handleRequest(null, Object(Config\Cache), false)
 7 FCPATH/index.php(67): CodeIgniter\CodeIgniter->run()
CRITICAL - 2023-08-11 01:39:04 --> Undefined array key "employee_search"
in APPPATH/Models/Employeemodel.php on line 30.
 1 APPPATH/Models/Employeemodel.php(30): CodeIgniter\Debug\Exceptions->errorHandler(2, 'Undefined array key "employee_search"', 'APPPATH/Models/Employeemodel.php', 30)
 2 APPPATH/Models/Employeemodel.php(91): App\Models\Employeemodel->_get_datatables_query()
 3 APPPATH/Controllers/Admin.php(1324): App\Models\Employeemodel->get_datatables()
 4 SYSTEMPATH/CodeIgniter.php(925): App\Controllers\Admin->list_employee_ajax()
 5 SYSTEMPATH/CodeIgniter.php(480): CodeIgniter\CodeIgniter->runController(Object(App\Controllers\Admin))
 6 SYSTEMPATH/CodeIgniter.php(349): CodeIgniter\CodeIgniter->handleRequest(null, Object(Config\Cache), false)
 7 FCPATH/index.php(67): CodeIgniter\CodeIgniter->run()
CRITICAL - 2023-08-11 01:39:16 --> Undefined array key "employee_search"
in APPPATH/Models/Employeemodel.php on line 30.
 1 APPPATH/Models/Employeemodel.php(30): CodeIgniter\Debug\Exceptions->errorHandler(2, 'Undefined array key "employee_search"', 'APPPATH/Models/Employeemodel.php', 30)
 2 APPPATH/Models/Employeemodel.php(91): App\Models\Employeemodel->_get_datatables_query()
 3 APPPATH/Controllers/Admin.php(1324): App\Models\Employeemodel->get_datatables()
 4 SYSTEMPATH/CodeIgniter.php(925): App\Controllers\Admin->list_employee_ajax()
 5 SYSTEMPATH/CodeIgniter.php(480): CodeIgniter\CodeIgniter->runController(Object(App\Controllers\Admin))
 6 SYSTEMPATH/CodeIgniter.php(349): CodeIgniter\CodeIgniter->handleRequest(null, Object(Config\Cache), false)
 7 FCPATH/index.php(67): CodeIgniter\CodeIgniter->run()
CRITICAL - 2023-08-11 01:39:34 --> Undefined array key "employee_search"
in APPPATH/Models/Employeemodel.php on line 30.
 1 APPPATH/Models/Employeemodel.php(30): CodeIgniter\Debug\Exceptions->errorHandler(2, 'Undefined array key "employee_search"', 'APPPATH/Models/Employeemodel.php', 30)
 2 APPPATH/Models/Employeemodel.php(91): App\Models\Employeemodel->_get_datatables_query()
 3 APPPATH/Controllers/Admin.php(1324): App\Models\Employeemodel->get_datatables()
 4 SYSTEMPATH/CodeIgniter.php(925): App\Controllers\Admin->list_employee_ajax()
 5 SYSTEMPATH/CodeIgniter.php(480): CodeIgniter\CodeIgniter->runController(Object(App\Controllers\Admin))
 6 SYSTEMPATH/CodeIgniter.php(349): CodeIgniter\CodeIgniter->handleRequest(null, Object(Config\Cache), false)
 7 FCPATH/index.php(67): CodeIgniter\CodeIgniter->run()
CRITICAL - 2023-08-11 01:39:47 --> Undefined array key "employee_search"
in APPPATH/Models/Employeemodel.php on line 30.
 1 APPPATH/Models/Employeemodel.php(30): CodeIgniter\Debug\Exceptions->errorHandler(2, 'Undefined array key "employee_search"', 'APPPATH/Models/Employeemodel.php', 30)
 2 APPPATH/Models/Employeemodel.php(91): App\Models\Employeemodel->_get_datatables_query()
 3 APPPATH/Controllers/Admin.php(1324): App\Models\Employeemodel->get_datatables()
 4 SYSTEMPATH/CodeIgniter.php(925): App\Controllers\Admin->list_employee_ajax()
 5 SYSTEMPATH/CodeIgniter.php(480): CodeIgniter\CodeIgniter->runController(Object(App\Controllers\Admin))
 6 SYSTEMPATH/CodeIgniter.php(349): CodeIgniter\CodeIgniter->handleRequest(null, Object(Config\Cache), false)
 7 FCPATH/index.php(67): CodeIgniter\CodeIgniter->run()
CRITICAL - 2023-08-11 01:41:41 --> Undefined array key "employee_search"
in APPPATH/Models/Employeemodel.php on line 30.
 1 APPPATH/Models/Employeemodel.php(30): CodeIgniter\Debug\Exceptions->errorHandler(2, 'Undefined array key "employee_search"', 'APPPATH/Models/Employeemodel.php', 30)
 2 APPPATH/Models/Employeemodel.php(91): App\Models\Employeemodel->_get_datatables_query()
 3 APPPATH/Controllers/Admin.php(1324): App\Models\Employeemodel->get_datatables()
 4 SYSTEMPATH/CodeIgniter.php(925): App\Controllers\Admin->list_employee_ajax()
 5 SYSTEMPATH/CodeIgniter.php(480): CodeIgniter\CodeIgniter->runController(Object(App\Controllers\Admin))
 6 SYSTEMPATH/CodeIgniter.php(349): CodeIgniter\CodeIgniter->handleRequest(null, Object(Config\Cache), false)
 7 FCPATH/index.php(67): CodeIgniter\CodeIgniter->run()
CRITICAL - 2023-08-11 01:42:35 --> Undefined array key "employee_search"
in APPPATH/Models/Employeemodel.php on line 30.
 1 APPPATH/Models/Employeemodel.php(30): CodeIgniter\Debug\Exceptions->errorHandler(2, 'Undefined array key "employee_search"', 'APPPATH/Models/Employeemodel.php', 30)
 2 APPPATH/Models/Employeemodel.php(91): App\Models\Employeemodel->_get_datatables_query()
 3 APPPATH/Controllers/Admin.php(1324): App\Models\Employeemodel->get_datatables()
 4 SYSTEMPATH/CodeIgniter.php(925): App\Controllers\Admin->list_employee_ajax()
 5 SYSTEMPATH/CodeIgniter.php(480): CodeIgniter\CodeIgniter->runController(Object(App\Controllers\Admin))
 6 SYSTEMPATH/CodeIgniter.php(349): CodeIgniter\CodeIgniter->handleRequest(null, Object(Config\Cache), false)
 7 FCPATH/index.php(67): CodeIgniter\CodeIgniter->run()
CRITICAL - 2023-08-11 01:43:01 --> Undefined array key "employee_search"
in APPPATH/Models/Employeemodel.php on line 30.
 1 APPPATH/Models/Employeemodel.php(30): CodeIgniter\Debug\Exceptions->errorHandler(2, 'Undefined array key "employee_search"', 'APPPATH/Models/Employeemodel.php', 30)
 2 APPPATH/Models/Employeemodel.php(91): App\Models\Employeemodel->_get_datatables_query()
 3 APPPATH/Controllers/Admin.php(1324): App\Models\Employeemodel->get_datatables()
 4 SYSTEMPATH/CodeIgniter.php(925): App\Controllers\Admin->list_employee_ajax()
 5 SYSTEMPATH/CodeIgniter.php(480): CodeIgniter\CodeIgniter->runController(Object(App\Controllers\Admin))
 6 SYSTEMPATH/CodeIgniter.php(349): CodeIgniter\CodeIgniter->handleRequest(null, Object(Config\Cache), false)
 7 FCPATH/index.php(67): CodeIgniter\CodeIgniter->run()
CRITICAL - 2023-08-11 01:43:57 --> Undefined array key "employee_search"
in APPPATH/Models/Employeemodel.php on line 30.
 1 APPPATH/Models/Employeemodel.php(30): CodeIgniter\Debug\Exceptions->errorHandler(2, 'Undefined array key "employee_search"', 'APPPATH/Models/Employeemodel.php', 30)
 2 APPPATH/Models/Employeemodel.php(91): App\Models\Employeemodel->_get_datatables_query()
 3 APPPATH/Controllers/Admin.php(1324): App\Models\Employeemodel->get_datatables()
 4 SYSTEMPATH/CodeIgniter.php(925): App\Controllers\Admin->list_employee_ajax()
 5 SYSTEMPATH/CodeIgniter.php(480): CodeIgniter\CodeIgniter->runController(Object(App\Controllers\Admin))
 6 SYSTEMPATH/CodeIgniter.php(349): CodeIgniter\CodeIgniter->handleRequest(null, Object(Config\Cache), false)
 7 FCPATH/index.php(67): CodeIgniter\CodeIgniter->run()
CRITICAL - 2023-08-11 01:44:42 --> Undefined array key "employee_search"
in APPPATH/Models/Employeemodel.php on line 30.
 1 APPPATH/Models/Employeemodel.php(30): CodeIgniter\Debug\Exceptions->errorHandler(2, 'Undefined array key "employee_search"', 'APPPATH/Models/Employeemodel.php', 30)
 2 APPPATH/Models/Employeemodel.php(91): App\Models\Employeemodel->_get_datatables_query()
 3 APPPATH/Controllers/Admin.php(1324): App\Models\Employeemodel->get_datatables()
 4 SYSTEMPATH/CodeIgniter.php(925): App\Controllers\Admin->list_employee_ajax()
 5 SYSTEMPATH/CodeIgniter.php(480): CodeIgniter\CodeIgniter->runController(Object(App\Controllers\Admin))
 6 SYSTEMPATH/CodeIgniter.php(349): CodeIgniter\CodeIgniter->handleRequest(null, Object(Config\Cache), false)
 7 FCPATH/index.php(67): CodeIgniter\CodeIgniter->run()
CRITICAL - 2023-08-11 01:45:08 --> Undefined array key "employee_search"
in APPPATH/Models/Employeemodel.php on line 30.
 1 APPPATH/Models/Employeemodel.php(30): CodeIgniter\Debug\Exceptions->errorHandler(2, 'Undefined array key "employee_search"', 'APPPATH/Models/Employeemodel.php', 30)
 2 APPPATH/Models/Employeemodel.php(91): App\Models\Employeemodel->_get_datatables_query()
 3 APPPATH/Controllers/Admin.php(1324): App\Models\Employeemodel->get_datatables()
 4 SYSTEMPATH/CodeIgniter.php(925): App\Controllers\Admin->list_employee_ajax()
 5 SYSTEMPATH/CodeIgniter.php(480): CodeIgniter\CodeIgniter->runController(Object(App\Controllers\Admin))
 6 SYSTEMPATH/CodeIgniter.php(349): CodeIgniter\CodeIgniter->handleRequest(null, Object(Config\Cache), false)
 7 FCPATH/index.php(67): CodeIgniter\CodeIgniter->run()
CRITICAL - 2023-08-11 01:45:33 --> Undefined array key "employee_search"
in APPPATH/Models/Employeemodel.php on line 30.
 1 APPPATH/Models/Employeemodel.php(30): CodeIgniter\Debug\Exceptions->errorHandler(2, 'Undefined array key "employee_search"', 'APPPATH/Models/Employeemodel.php', 30)
 2 APPPATH/Models/Employeemodel.php(91): App\Models\Employeemodel->_get_datatables_query()
 3 APPPATH/Controllers/Admin.php(1324): App\Models\Employeemodel->get_datatables()
 4 SYSTEMPATH/CodeIgniter.php(925): App\Controllers\Admin->list_employee_ajax()
 5 SYSTEMPATH/CodeIgniter.php(480): CodeIgniter\CodeIgniter->runController(Object(App\Controllers\Admin))
 6 SYSTEMPATH/CodeIgniter.php(349): CodeIgniter\CodeIgniter->handleRequest(null, Object(Config\Cache), false)
 7 FCPATH/index.php(67): CodeIgniter\CodeIgniter->run()
CRITICAL - 2023-08-11 01:46:47 --> Undefined array key "employee_search"
in APPPATH/Models/Employeemodel.php on line 30.
 1 APPPATH/Models/Employeemodel.php(30): CodeIgniter\Debug\Exceptions->errorHandler(2, 'Undefined array key "employee_search"', 'APPPATH/Models/Employeemodel.php', 30)
 2 APPPATH/Models/Employeemodel.php(91): App\Models\Employeemodel->_get_datatables_query()
 3 APPPATH/Controllers/Admin.php(1324): App\Models\Employeemodel->get_datatables()
 4 SYSTEMPATH/CodeIgniter.php(925): App\Controllers\Admin->list_employee_ajax()
 5 SYSTEMPATH/CodeIgniter.php(480): CodeIgniter\CodeIgniter->runController(Object(App\Controllers\Admin))
 6 SYSTEMPATH/CodeIgniter.php(349): CodeIgniter\CodeIgniter->handleRequest(null, Object(Config\Cache), false)
 7 FCPATH/index.php(67): CodeIgniter\CodeIgniter->run()
CRITICAL - 2023-08-11 01:47:36 --> Undefined array key "employee_search"
in APPPATH/Models/Employeemodel.php on line 30.
 1 APPPATH/Models/Employeemodel.php(30): CodeIgniter\Debug\Exceptions->errorHandler(2, 'Undefined array key "employee_search"', 'APPPATH/Models/Employeemodel.php', 30)
 2 APPPATH/Models/Employeemodel.php(91): App\Models\Employeemodel->_get_datatables_query()
 3 APPPATH/Controllers/Admin.php(1324): App\Models\Employeemodel->get_datatables()
 4 SYSTEMPATH/CodeIgniter.php(925): App\Controllers\Admin->list_employee_ajax()
 5 SYSTEMPATH/CodeIgniter.php(480): CodeIgniter\CodeIgniter->runController(Object(App\Controllers\Admin))
 6 SYSTEMPATH/CodeIgniter.php(349): CodeIgniter\CodeIgniter->handleRequest(null, Object(Config\Cache), false)
 7 FCPATH/index.php(67): CodeIgniter\CodeIgniter->run()
CRITICAL - 2023-08-11 01:49:01 --> Undefined array key "employee_search"
in APPPATH/Models/Employeemodel.php on line 30.
 1 APPPATH/Models/Employeemodel.php(30): CodeIgniter\Debug\Exceptions->errorHandler(2, 'Undefined array key "employee_search"', 'APPPATH/Models/Employeemodel.php', 30)
 2 APPPATH/Models/Employeemodel.php(91): App\Models\Employeemodel->_get_datatables_query()
 3 APPPATH/Controllers/Admin.php(1324): App\Models\Employeemodel->get_datatables()
 4 SYSTEMPATH/CodeIgniter.php(925): App\Controllers\Admin->list_employee_ajax()
 5 SYSTEMPATH/CodeIgniter.php(480): CodeIgniter\CodeIgniter->runController(Object(App\Controllers\Admin))
 6 SYSTEMPATH/CodeIgniter.php(349): CodeIgniter\CodeIgniter->handleRequest(null, Object(Config\Cache), false)
 7 FCPATH/index.php(67): CodeIgniter\CodeIgniter->run()
CRITICAL - 2023-08-11 01:51:54 --> Undefined array key "employee_search"
in APPPATH/Models/Employeemodel.php on line 30.
 1 APPPATH/Models/Employeemodel.php(30): CodeIgniter\Debug\Exceptions->errorHandler(2, 'Undefined array key "employee_search"', 'APPPATH/Models/Employeemodel.php', 30)
 2 APPPATH/Models/Employeemodel.php(91): App\Models\Employeemodel->_get_datatables_query()
 3 APPPATH/Controllers/Admin.php(1324): App\Models\Employeemodel->get_datatables()
 4 SYSTEMPATH/CodeIgniter.php(925): App\Controllers\Admin->list_employee_ajax()
 5 SYSTEMPATH/CodeIgniter.php(480): CodeIgniter\CodeIgniter->runController(Object(App\Controllers\Admin))
 6 SYSTEMPATH/CodeIgniter.php(349): CodeIgniter\CodeIgniter->handleRequest(null, Object(Config\Cache), false)
 7 FCPATH/index.php(67): CodeIgniter\CodeIgniter->run()
CRITICAL - 2023-08-11 01:52:37 --> Undefined array key "employee_search"
in APPPATH/Models/Employeemodel.php on line 30.
 1 APPPATH/Models/Employeemodel.php(30): CodeIgniter\Debug\Exceptions->errorHandler(2, 'Undefined array key "employee_search"', 'APPPATH/Models/Employeemodel.php', 30)
 2 APPPATH/Models/Employeemodel.php(91): App\Models\Employeemodel->_get_datatables_query()
 3 APPPATH/Controllers/Admin.php(1324): App\Models\Employeemodel->get_datatables()
 4 SYSTEMPATH/CodeIgniter.php(925): App\Controllers\Admin->list_employee_ajax()
 5 SYSTEMPATH/CodeIgniter.php(480): CodeIgniter\CodeIgniter->runController(Object(App\Controllers\Admin))
 6 SYSTEMPATH/CodeIgniter.php(349): CodeIgniter\CodeIgniter->handleRequest(null, Object(Config\Cache), false)
 7 FCPATH/index.php(67): CodeIgniter\CodeIgniter->run()
CRITICAL - 2023-08-11 01:53:57 --> Undefined array key "employee_search"
in APPPATH/Models/Employeemodel.php on line 30.
 1 APPPATH/Models/Employeemodel.php(30): CodeIgniter\Debug\Exceptions->errorHandler(2, 'Undefined array key "employee_search"', 'APPPATH/Models/Employeemodel.php', 30)
 2 APPPATH/Models/Employeemodel.php(91): App\Models\Employeemodel->_get_datatables_query()
 3 APPPATH/Controllers/Admin.php(1324): App\Models\Employeemodel->get_datatables()
 4 SYSTEMPATH/CodeIgniter.php(925): App\Controllers\Admin->list_employee_ajax()
 5 SYSTEMPATH/CodeIgniter.php(480): CodeIgniter\CodeIgniter->runController(Object(App\Controllers\Admin))
 6 SYSTEMPATH/CodeIgniter.php(349): CodeIgniter\CodeIgniter->handleRequest(null, Object(Config\Cache), false)
 7 FCPATH/index.php(67): CodeIgniter\CodeIgniter->run()
CRITICAL - 2023-08-11 01:55:37 --> Cannot use [] for reading
in APPPATH/Controllers/Admin.php on line 1330.
 1 [internal function]: CodeIgniter\Debug\Exceptions->shutdownHandler()
CRITICAL - 2023-08-11 01:56:13 --> Undefined array key "employee_search"
in APPPATH/Models/Employeemodel.php on line 30.
 1 APPPATH/Models/Employeemodel.php(30): CodeIgniter\Debug\Exceptions->errorHandler(2, 'Undefined array key "employee_search"', 'APPPATH/Models/Employeemodel.php', 30)
 2 APPPATH/Models/Employeemodel.php(91): App\Models\Employeemodel->_get_datatables_query()
 3 APPPATH/Controllers/Admin.php(1324): App\Models\Employeemodel->get_datatables()
 4 SYSTEMPATH/CodeIgniter.php(925): App\Controllers\Admin->list_employee_ajax()
 5 SYSTEMPATH/CodeIgniter.php(480): CodeIgniter\CodeIgniter->runController(Object(App\Controllers\Admin))
 6 SYSTEMPATH/CodeIgniter.php(349): CodeIgniter\CodeIgniter->handleRequest(null, Object(Config\Cache), false)
 7 FCPATH/index.php(67): CodeIgniter\CodeIgniter->run()
CRITICAL - 2023-08-11 02:02:36 --> Undefined array key "employee_search"
in APPPATH/Models/Employeemodel.php on line 30.
 1 APPPATH/Models/Employeemodel.php(30): CodeIgniter\Debug\Exceptions->errorHandler(2, 'Undefined array key "employee_search"', 'APPPATH/Models/Employeemodel.php', 30)
 2 APPPATH/Models/Employeemodel.php(91): App\Models\Employeemodel->_get_datatables_query()
 3 APPPATH/Controllers/Admin.php(1324): App\Models\Employeemodel->get_datatables()
 4 SYSTEMPATH/CodeIgniter.php(925): App\Controllers\Admin->list_employee_ajax()
 5 SYSTEMPATH/CodeIgniter.php(480): CodeIgniter\CodeIgniter->runController(Object(App\Controllers\Admin))
 6 SYSTEMPATH/CodeIgniter.php(349): CodeIgniter\CodeIgniter->handleRequest(null, Object(Config\Cache), false)
 7 FCPATH/index.php(67): CodeIgniter\CodeIgniter->run()
CRITICAL - 2023-08-11 02:05:32 --> Namespace declaration statement has to be the very first statement or after any declare call in the script
in APPPATH/Models/Employeemodel.php on line 5.
 1 [internal function]: CodeIgniter\Debug\Exceptions->shutdownHandler()
CRITICAL - 2023-08-11 02:05:57 --> Namespace declaration statement has to be the very first statement or after any declare call in the script
in APPPATH/Models/Employeemodel.php on line 5.
 1 [internal function]: CodeIgniter\Debug\Exceptions->shutdownHandler()
CRITICAL - 2023-08-11 02:06:55 --> Namespace declaration statement has to be the very first statement or after any declare call in the script
in APPPATH/Models/Employeemodel.php on line 5.
 1 [internal function]: CodeIgniter\Debug\Exceptions->shutdownHandler()
CRITICAL - 2023-08-11 02:07:56 --> Namespace declaration statement has to be the very first statement or after any declare call in the script
in APPPATH/Models/Employeemodel.php on line 5.
 1 [internal function]: CodeIgniter\Debug\Exceptions->shutdownHandler()
CRITICAL - 2023-08-11 02:08:33 --> Namespace declaration statement has to be the very first statement or after any declare call in the script
in APPPATH/Models/Employeemodel.php on line 5.
 1 [internal function]: CodeIgniter\Debug\Exceptions->shutdownHandler()
CRITICAL - 2023-08-11 02:08:58 --> Call to undefined function App\Controllers\Employeemodel()
in APPPATH/Controllers/Admin.php on line 1321.
 1 SYSTEMPATH/CodeIgniter.php(925): App\Controllers\Admin->list_employee_ajax()
 2 SYSTEMPATH/CodeIgniter.php(480): CodeIgniter\CodeIgniter->runController(Object(App\Controllers\Admin))
 3 SYSTEMPATH/CodeIgniter.php(349): CodeIgniter\CodeIgniter->handleRequest(null, Object(Config\Cache), false)
 4 FCPATH/index.php(67): CodeIgniter\CodeIgniter->run()
CRITICAL - 2023-08-11 02:09:11 --> Namespace declaration statement has to be the very first statement or after any declare call in the script
in APPPATH/Models/Employeemodel.php on line 5.
 1 [internal function]: CodeIgniter\Debug\Exceptions->shutdownHandler()
CRITICAL - 2023-08-11 02:09:28 --> Namespace declaration statement has to be the very first statement or after any declare call in the script
in APPPATH/Models/Employeemodel.php on line 5.
 1 [internal function]: CodeIgniter\Debug\Exceptions->shutdownHandler()
CRITICAL - 2023-08-11 02:09:50 --> Namespace declaration statement has to be the very first statement or after any declare call in the script
in APPPATH/Models/Employeemodel.php on line 5.
 1 [internal function]: CodeIgniter\Debug\Exceptions->shutdownHandler()
CRITICAL - 2023-08-11 02:12:09 --> Namespace declaration statement has to be the very first statement or after any declare call in the script
in APPPATH/Models/Employeemodel.php on line 5.
 1 [internal function]: CodeIgniter\Debug\Exceptions->shutdownHandler()
CRITICAL - 2023-08-11 02:13:01 --> Namespace declaration statement has to be the very first statement or after any declare call in the script
in APPPATH/Models/Employeemodel.php on line 5.
 1 [internal function]: CodeIgniter\Debug\Exceptions->shutdownHandler()
CRITICAL - 2023-08-11 02:14:35 --> Namespace declaration statement has to be the very first statement or after any declare call in the script
in APPPATH/Models/Employeemodel.php on line 5.
 1 [internal function]: CodeIgniter\Debug\Exceptions->shutdownHandler()
CRITICAL - 2023-08-11 02:16:45 --> Namespace declaration statement has to be the very first statement or after any declare call in the script
in APPPATH/Models/Employeemodel.php on line 5.
 1 [internal function]: CodeIgniter\Debug\Exceptions->shutdownHandler()
CRITICAL - 2023-08-11 02:20:35 --> Undefined array key "name_search"
in APPPATH/Models/Employeemodel.php on line 27.
 1 APPPATH/Models/Employeemodel.php(27): CodeIgniter\Debug\Exceptions->errorHandler(2, 'Undefined array key "name_search"', 'APPPATH/Models/Employeemodel.php', 27)
 2 APPPATH/Models/Employeemodel.php(79): App\Models\Employeemodel->_get_datatables_query()
 3 APPPATH/Controllers/Admin.php(1323): App\Models\Employeemodel->get_datatables()
 4 SYSTEMPATH/CodeIgniter.php(925): App\Controllers\Admin->list_employee_ajax()
 5 SYSTEMPATH/CodeIgniter.php(480): CodeIgniter\CodeIgniter->runController(Object(App\Controllers\Admin))
 6 SYSTEMPATH/CodeIgniter.php(349): CodeIgniter\CodeIgniter->handleRequest(null, Object(Config\Cache), false)
 7 FCPATH/index.php(67): CodeIgniter\CodeIgniter->run()
CRITICAL - 2023-08-11 02:21:25 --> Undefined array key "name_search"
in APPPATH/Models/Employeemodel.php on line 27.
 1 APPPATH/Models/Employeemodel.php(27): CodeIgniter\Debug\Exceptions->errorHandler(2, 'Undefined array key "name_search"', 'APPPATH/Models/Employeemodel.php', 27)
 2 APPPATH/Models/Employeemodel.php(79): App\Models\Employeemodel->_get_datatables_query()
 3 APPPATH/Controllers/Admin.php(1323): App\Models\Employeemodel->get_datatables()
 4 SYSTEMPATH/CodeIgniter.php(925): App\Controllers\Admin->list_employee_ajax()
 5 SYSTEMPATH/CodeIgniter.php(480): CodeIgniter\CodeIgniter->runController(Object(App\Controllers\Admin))
 6 SYSTEMPATH/CodeIgniter.php(349): CodeIgniter\CodeIgniter->handleRequest(null, Object(Config\Cache), false)
 7 FCPATH/index.php(67): CodeIgniter\CodeIgniter->run()
CRITICAL - 2023-08-11 02:23:43 --> Undefined array key "name_search"
in APPPATH/Models/Employeemodel.php on line 27.
 1 APPPATH/Models/Employeemodel.php(27): CodeIgniter\Debug\Exceptions->errorHandler(2, 'Undefined array key "name_search"', 'APPPATH/Models/Employeemodel.php', 27)
 2 APPPATH/Models/Employeemodel.php(79): App\Models\Employeemodel->_get_datatables_query()
 3 APPPATH/Controllers/Admin.php(1324): App\Models\Employeemodel->get_datatables()
 4 SYSTEMPATH/CodeIgniter.php(925): App\Controllers\Admin->list_employee_ajax()
 5 SYSTEMPATH/CodeIgniter.php(480): CodeIgniter\CodeIgniter->runController(Object(App\Controllers\Admin))
 6 SYSTEMPATH/CodeIgniter.php(349): CodeIgniter\CodeIgniter->handleRequest(null, Object(Config\Cache), false)
 7 FCPATH/index.php(67): CodeIgniter\CodeIgniter->run()
CRITICAL - 2023-08-11 02:24:49 --> Undefined array key "name_search"
in APPPATH/Models/Employeemodel.php on line 27.
 1 APPPATH/Models/Employeemodel.php(27): CodeIgniter\Debug\Exceptions->errorHandler(2, 'Undefined array key "name_search"', 'APPPATH/Models/Employeemodel.php', 27)
 2 APPPATH/Models/Employeemodel.php(79): App\Models\Employeemodel->_get_datatables_query()
 3 APPPATH/Controllers/Admin.php(1324): App\Models\Employeemodel->get_datatables()
 4 SYSTEMPATH/CodeIgniter.php(925): App\Controllers\Admin->list_employee_ajax()
 5 SYSTEMPATH/CodeIgniter.php(480): CodeIgniter\CodeIgniter->runController(Object(App\Controllers\Admin))
 6 SYSTEMPATH/CodeIgniter.php(349): CodeIgniter\CodeIgniter->handleRequest(null, Object(Config\Cache), false)
 7 FCPATH/index.php(67): CodeIgniter\CodeIgniter->run()
CRITICAL - 2023-08-11 02:25:16 --> Undefined array key "name_search"
in APPPATH/Models/Employeemodel.php on line 27.
 1 APPPATH/Models/Employeemodel.php(27): CodeIgniter\Debug\Exceptions->errorHandler(2, 'Undefined array key "name_search"', 'APPPATH/Models/Employeemodel.php', 27)
 2 APPPATH/Models/Employeemodel.php(79): App\Models\Employeemodel->_get_datatables_query()
 3 APPPATH/Controllers/Admin.php(1324): App\Models\Employeemodel->get_datatables()
 4 SYSTEMPATH/CodeIgniter.php(925): App\Controllers\Admin->list_employee_ajax()
 5 SYSTEMPATH/CodeIgniter.php(480): CodeIgniter\CodeIgniter->runController(Object(App\Controllers\Admin))
 6 SYSTEMPATH/CodeIgniter.php(349): CodeIgniter\CodeIgniter->handleRequest(null, Object(Config\Cache), false)
 7 FCPATH/index.php(67): CodeIgniter\CodeIgniter->run()
CRITICAL - 2023-08-11 02:26:04 --> Undefined array key "name_search"
in APPPATH/Models/Employeemodel.php on line 27.
 1 APPPATH/Models/Employeemodel.php(27): CodeIgniter\Debug\Exceptions->errorHandler(2, 'Undefined array key "name_search"', 'APPPATH/Models/Employeemodel.php', 27)
 2 APPPATH/Models/Employeemodel.php(79): App\Models\Employeemodel->_get_datatables_query()
 3 APPPATH/Controllers/Admin.php(1324): App\Models\Employeemodel->get_datatables()
 4 SYSTEMPATH/CodeIgniter.php(925): App\Controllers\Admin->list_employee_ajax()
 5 SYSTEMPATH/CodeIgniter.php(480): CodeIgniter\CodeIgniter->runController(Object(App\Controllers\Admin))
 6 SYSTEMPATH/CodeIgniter.php(349): CodeIgniter\CodeIgniter->handleRequest(null, Object(Config\Cache), false)
 7 FCPATH/index.php(67): CodeIgniter\CodeIgniter->run()
CRITICAL - 2023-08-11 02:26:30 --> Undefined array key "name_search"
in APPPATH/Models/Employeemodel.php on line 27.
 1 APPPATH/Models/Employeemodel.php(27): CodeIgniter\Debug\Exceptions->errorHandler(2, 'Undefined array key "name_search"', 'APPPATH/Models/Employeemodel.php', 27)
 2 APPPATH/Models/Employeemodel.php(79): App\Models\Employeemodel->_get_datatables_query()
 3 APPPATH/Controllers/Admin.php(1324): App\Models\Employeemodel->get_datatables()
 4 SYSTEMPATH/CodeIgniter.php(925): App\Controllers\Admin->list_employee_ajax()
 5 SYSTEMPATH/CodeIgniter.php(480): CodeIgniter\CodeIgniter->runController(Object(App\Controllers\Admin))
 6 SYSTEMPATH/CodeIgniter.php(349): CodeIgniter\CodeIgniter->handleRequest(null, Object(Config\Cache), false)
 7 FCPATH/index.php(67): CodeIgniter\CodeIgniter->run()
CRITICAL - 2023-08-11 02:27:56 --> Undefined array key "name_search"
in APPPATH/Models/Employeemodel.php on line 27.
 1 APPPATH/Models/Employeemodel.php(27): CodeIgniter\Debug\Exceptions->errorHandler(2, 'Undefined array key "name_search"', 'APPPATH/Models/Employeemodel.php', 27)
 2 APPPATH/Models/Employeemodel.php(79): App\Models\Employeemodel->_get_datatables_query()
 3 APPPATH/Controllers/Admin.php(1324): App\Models\Employeemodel->get_datatables()
 4 SYSTEMPATH/CodeIgniter.php(925): App\Controllers\Admin->list_employee_ajax()
 5 SYSTEMPATH/CodeIgniter.php(480): CodeIgniter\CodeIgniter->runController(Object(App\Controllers\Admin))
 6 SYSTEMPATH/CodeIgniter.php(349): CodeIgniter\CodeIgniter->handleRequest(null, Object(Config\Cache), false)
 7 FCPATH/index.php(67): CodeIgniter\CodeIgniter->run()
CRITICAL - 2023-08-11 02:28:30 --> Undefined array key "name_search"
in APPPATH/Models/Employeemodel.php on line 27.
 1 APPPATH/Models/Employeemodel.php(27): CodeIgniter\Debug\Exceptions->errorHandler(2, 'Undefined array key "name_search"', 'APPPATH/Models/Employeemodel.php', 27)
 2 APPPATH/Models/Employeemodel.php(79): App\Models\Employeemodel->_get_datatables_query()
 3 APPPATH/Controllers/Admin.php(1324): App\Models\Employeemodel->get_datatables()
 4 SYSTEMPATH/CodeIgniter.php(925): App\Controllers\Admin->list_employee_ajax()
 5 SYSTEMPATH/CodeIgniter.php(480): CodeIgniter\CodeIgniter->runController(Object(App\Controllers\Admin))
 6 SYSTEMPATH/CodeIgniter.php(349): CodeIgniter\CodeIgniter->handleRequest(null, Object(Config\Cache), false)
 7 FCPATH/index.php(67): CodeIgniter\CodeIgniter->run()
CRITICAL - 2023-08-11 12:59:04 --> Undefined variable $insertid
in APPPATH/Controllers/Admin.php on line 1618.
 1 APPPATH/Controllers/Admin.php(1618): CodeIgniter\Debug\Exceptions->errorHandler(2, 'Undefined variable $insertid', 'APPPATH/Controllers/Admin.php', 1618)
 2 SYSTEMPATH/CodeIgniter.php(925): App\Controllers\Admin->attendance_check_out()
 3 SYSTEMPATH/CodeIgniter.php(480): CodeIgniter\CodeIgniter->runController(Object(App\Controllers\Admin))
 4 SYSTEMPATH/CodeIgniter.php(349): CodeIgniter\CodeIgniter->handleRequest(null, Object(Config\Cache), false)
 5 FCPATH/index.php(67): CodeIgniter\CodeIgniter->run()
CRITICAL - 2023-08-11 02:30:11 --> Undefined array key "employee_search"
in APPPATH/Models/Employeemodel.php on line 30.
 1 APPPATH/Models/Employeemodel.php(30): CodeIgniter\Debug\Exceptions->errorHandler(2, 'Undefined array key "employee_search"', 'APPPATH/Models/Employeemodel.php', 30)
 2 APPPATH/Models/Employeemodel.php(91): App\Models\Employeemodel->_get_datatables_query()
 3 APPPATH/Controllers/Admin.php(1324): App\Models\Employeemodel->get_datatables()
 4 SYSTEMPATH/CodeIgniter.php(925): App\Controllers\Admin->list_employee_ajax()
 5 SYSTEMPATH/CodeIgniter.php(480): CodeIgniter\CodeIgniter->runController(Object(App\Controllers\Admin))
 6 SYSTEMPATH/CodeIgniter.php(349): CodeIgniter\CodeIgniter->handleRequest(null, Object(Config\Cache), false)
 7 FCPATH/index.php(67): CodeIgniter\CodeIgniter->run()
CRITICAL - 2023-08-11 02:30:38 --> Undefined array key "employee_search"
in APPPATH/Models/Employeemodel.php on line 27.
 1 APPPATH/Models/Employeemodel.php(27): CodeIgniter\Debug\Exceptions->errorHandler(2, 'Undefined array key "employee_search"', 'APPPATH/Models/Employeemodel.php', 27)
 2 APPPATH/Models/Employeemodel.php(83): App\Models\Employeemodel->_get_datatables_query()
 3 APPPATH/Controllers/Admin.php(1324): App\Models\Employeemodel->get_datatables()
 4 SYSTEMPATH/CodeIgniter.php(925): App\Controllers\Admin->list_employee_ajax()
 5 SYSTEMPATH/CodeIgniter.php(480): CodeIgniter\CodeIgniter->runController(Object(App\Controllers\Admin))
 6 SYSTEMPATH/CodeIgniter.php(349): CodeIgniter\CodeIgniter->handleRequest(null, Object(Config\Cache), false)
 7 FCPATH/index.php(67): CodeIgniter\CodeIgniter->run()
CRITICAL - 2023-08-11 02:30:53 --> Undefined array key "employee_search"
in APPPATH/Models/Employeemodel.php on line 27.
 1 APPPATH/Models/Employeemodel.php(27): CodeIgniter\Debug\Exceptions->errorHandler(2, 'Undefined array key "employee_search"', 'APPPATH/Models/Employeemodel.php', 27)
 2 APPPATH/Models/Employeemodel.php(79): App\Models\Employeemodel->_get_datatables_query()
 3 APPPATH/Controllers/Admin.php(1324): App\Models\Employeemodel->get_datatables()
 4 SYSTEMPATH/CodeIgniter.php(925): App\Controllers\Admin->list_employee_ajax()
 5 SYSTEMPATH/CodeIgniter.php(480): CodeIgniter\CodeIgniter->runController(Object(App\Controllers\Admin))
 6 SYSTEMPATH/CodeIgniter.php(349): CodeIgniter\CodeIgniter->handleRequest(null, Object(Config\Cache), false)
 7 FCPATH/index.php(67): CodeIgniter\CodeIgniter->run()
CRITICAL - 2023-08-11 02:31:11 --> Undefined array key "employee_search"
in APPPATH/Models/Employeemodel.php on line 27.
 1 APPPATH/Models/Employeemodel.php(27): CodeIgniter\Debug\Exceptions->errorHandler(2, 'Undefined array key "employee_search"', 'APPPATH/Models/Employeemodel.php', 27)
 2 APPPATH/Models/Employeemodel.php(75): App\Models\Employeemodel->_get_datatables_query()
 3 APPPATH/Controllers/Admin.php(1324): App\Models\Employeemodel->get_datatables()
 4 SYSTEMPATH/CodeIgniter.php(925): App\Controllers\Admin->list_employee_ajax()
 5 SYSTEMPATH/CodeIgniter.php(480): CodeIgniter\CodeIgniter->runController(Object(App\Controllers\Admin))
 6 SYSTEMPATH/CodeIgniter.php(349): CodeIgniter\CodeIgniter->handleRequest(null, Object(Config\Cache), false)
 7 FCPATH/index.php(67): CodeIgniter\CodeIgniter->run()
CRITICAL - 2023-08-11 02:31:50 --> Undefined array key "employee_search"
in APPPATH/Models/Employeemodel.php on line 27.
 1 APPPATH/Models/Employeemodel.php(27): CodeIgniter\Debug\Exceptions->errorHandler(2, 'Undefined array key "employee_search"', 'APPPATH/Models/Employeemodel.php', 27)
 2 APPPATH/Models/Employeemodel.php(75): App\Models\Employeemodel->_get_datatables_query()
 3 APPPATH/Controllers/Admin.php(1324): App\Models\Employeemodel->get_datatables()
 4 SYSTEMPATH/CodeIgniter.php(925): App\Controllers\Admin->list_employee_ajax()
 5 SYSTEMPATH/CodeIgniter.php(480): CodeIgniter\CodeIgniter->runController(Object(App\Controllers\Admin))
 6 SYSTEMPATH/CodeIgniter.php(349): CodeIgniter\CodeIgniter->handleRequest(null, Object(Config\Cache), false)
 7 FCPATH/index.php(67): CodeIgniter\CodeIgniter->run()
CRITICAL - 2023-08-11 02:31:57 --> Undefined array key "employee_search"
in APPPATH/Models/Employeemodel.php on line 27.
 1 APPPATH/Models/Employeemodel.php(27): CodeIgniter\Debug\Exceptions->errorHandler(2, 'Undefined array key "employee_search"', 'APPPATH/Models/Employeemodel.php', 27)
 2 APPPATH/Models/Employeemodel.php(75): App\Models\Employeemodel->_get_datatables_query()
 3 APPPATH/Controllers/Admin.php(1324): App\Models\Employeemodel->get_datatables()
 4 SYSTEMPATH/CodeIgniter.php(925): App\Controllers\Admin->list_employee_ajax()
 5 SYSTEMPATH/CodeIgniter.php(480): CodeIgniter\CodeIgniter->runController(Object(App\Controllers\Admin))
 6 SYSTEMPATH/CodeIgniter.php(349): CodeIgniter\CodeIgniter->handleRequest(null, Object(Config\Cache), false)
 7 FCPATH/index.php(67): CodeIgniter\CodeIgniter->run()
CRITICAL - 2023-08-11 02:32:23 --> CodeIgniter\Database\BaseBuilder::like(): Argument #2 ($match) must be of type string, array given, called in /home2/aseelectricalco/public_html/warsi/app/Models/Employeemodel.php on line 29
in SYSTEMPATH/Database/BaseBuilder.php on line 954.
 1 APPPATH/Models/Employeemodel.php(29): CodeIgniter\Database\BaseBuilder->like('employee_name', [...])
 2 APPPATH/Models/Employeemodel.php(75): App\Models\Employeemodel->_get_datatables_query()
 3 APPPATH/Controllers/Admin.php(1324): App\Models\Employeemodel->get_datatables()
 4 SYSTEMPATH/CodeIgniter.php(925): App\Controllers\Admin->list_employee_ajax()
 5 SYSTEMPATH/CodeIgniter.php(480): CodeIgniter\CodeIgniter->runController(Object(App\Controllers\Admin))
 6 SYSTEMPATH/CodeIgniter.php(349): CodeIgniter\CodeIgniter->handleRequest(null, Object(Config\Cache), false)
 7 FCPATH/index.php(67): CodeIgniter\CodeIgniter->run()
CRITICAL - 2023-08-11 02:34:57 --> Undefined array key "employee_search"
in APPPATH/Models/Employeemodel.php on line 26.
 1 APPPATH/Models/Employeemodel.php(26): CodeIgniter\Debug\Exceptions->errorHandler(2, 'Undefined array key "employee_search"', 'APPPATH/Models/Employeemodel.php', 26)
 2 APPPATH/Models/Employeemodel.php(78): App\Models\Employeemodel->_get_datatables_query()
 3 APPPATH/Controllers/Admin.php(1324): App\Models\Employeemodel->get_datatables()
 4 SYSTEMPATH/CodeIgniter.php(925): App\Controllers\Admin->list_employee_ajax()
 5 SYSTEMPATH/CodeIgniter.php(480): CodeIgniter\CodeIgniter->runController(Object(App\Controllers\Admin))
 6 SYSTEMPATH/CodeIgniter.php(349): CodeIgniter\CodeIgniter->handleRequest(null, Object(Config\Cache), false)
 7 FCPATH/index.php(67): CodeIgniter\CodeIgniter->run()
CRITICAL - 2023-08-11 02:35:06 --> Undefined array key "employee_search"
in APPPATH/Models/Employeemodel.php on line 26.
 1 APPPATH/Models/Employeemodel.php(26): CodeIgniter\Debug\Exceptions->errorHandler(2, 'Undefined array key "employee_search"', 'APPPATH/Models/Employeemodel.php', 26)
 2 APPPATH/Models/Employeemodel.php(78): App\Models\Employeemodel->_get_datatables_query()
 3 APPPATH/Controllers/Admin.php(1324): App\Models\Employeemodel->get_datatables()
 4 SYSTEMPATH/CodeIgniter.php(925): App\Controllers\Admin->list_employee_ajax()
 5 SYSTEMPATH/CodeIgniter.php(480): CodeIgniter\CodeIgniter->runController(Object(App\Controllers\Admin))
 6 SYSTEMPATH/CodeIgniter.php(349): CodeIgniter\CodeIgniter->handleRequest(null, Object(Config\Cache), false)
 7 FCPATH/index.php(67): CodeIgniter\CodeIgniter->run()
ERROR - 2023-08-11 02:36:19 --> mysqli_sql_exception: Unknown column 'status' in 'where clause' in /home2/aseelectricalco/public_html/warsi/system/Database/MySQLi/Connection.php:292
Stack trace:
#0 /home2/aseelectricalco/public_html/warsi/system/Database/MySQLi/Connection.php(292): mysqli->query('SELECT *\nFROM `...', 0)
#1 /home2/aseelectricalco/public_html/warsi/system/Database/BaseConnection.php(666): CodeIgniter\Database\MySQLi\Connection->execute('SELECT *\nFROM `...')
#2 /home2/aseelectricalco/public_html/warsi/system/Database/BaseConnection.php(593): CodeIgniter\Database\BaseConnection->simpleQuery('SELECT *\nFROM `...')
#3 /home2/aseelectricalco/public_html/warsi/system/Database/BaseBuilder.php(1585): CodeIgniter\Database\BaseConnection->query('SELECT *\nFROM `...', Array, false)
#4 /home2/aseelectricalco/public_html/warsi/app/Models/Employeemodel.php(82): CodeIgniter\Database\BaseBuilder->get()
#5 /home2/aseelectricalco/public_html/warsi/app/Controllers/Admin.php(1324): App\Models\Employeemodel->get_datatables()
#6 /home2/aseelectricalco/public_html/warsi/system/CodeIgniter.php(925): App\Controllers\Admin->list_employee_ajax()
#7 /home2/aseelectricalco/public_html/warsi/system/CodeIgniter.php(480): CodeIgniter\CodeIgniter->runController(Object(App\Controllers\Admin))
#8 /home2/aseelectricalco/public_html/warsi/system/CodeIgniter.php(349): CodeIgniter\CodeIgniter->handleRequest(NULL, Object(Config\Cache), false)
#9 /home2/aseelectricalco/public_html/warsi/index.php(67): CodeIgniter\CodeIgniter->run()
#10 {main}
CRITICAL - 2023-08-11 02:36:19 --> Call to a member function getResult() on bool
in APPPATH/Models/Employeemodel.php on line 83.
 1 APPPATH/Controllers/Admin.php(1324): App\Models\Employeemodel->get_datatables()
 2 SYSTEMPATH/CodeIgniter.php(925): App\Controllers\Admin->list_employee_ajax()
 3 SYSTEMPATH/CodeIgniter.php(480): CodeIgniter\CodeIgniter->runController(Object(App\Controllers\Admin))
 4 SYSTEMPATH/CodeIgniter.php(349): CodeIgniter\CodeIgniter->handleRequest(null, Object(Config\Cache), false)
 5 FCPATH/index.php(67): CodeIgniter\CodeIgniter->run()
ERROR - 2023-08-11 02:36:24 --> mysqli_sql_exception: Unknown column 'status' in 'where clause' in /home2/aseelectricalco/public_html/warsi/system/Database/MySQLi/Connection.php:292
Stack trace:
#0 /home2/aseelectricalco/public_html/warsi/system/Database/MySQLi/Connection.php(292): mysqli->query('SELECT *\nFROM `...', 0)
#1 /home2/aseelectricalco/public_html/warsi/system/Database/BaseConnection.php(666): CodeIgniter\Database\MySQLi\Connection->execute('SELECT *\nFROM `...')
#2 /home2/aseelectricalco/public_html/warsi/system/Database/BaseConnection.php(593): CodeIgniter\Database\BaseConnection->simpleQuery('SELECT *\nFROM `...')
#3 /home2/aseelectricalco/public_html/warsi/system/Database/BaseBuilder.php(1585): CodeIgniter\Database\BaseConnection->query('SELECT *\nFROM `...', Array, false)
#4 /home2/aseelectricalco/public_html/warsi/app/Models/Employeemodel.php(82): CodeIgniter\Database\BaseBuilder->get()
#5 /home2/aseelectricalco/public_html/warsi/app/Controllers/Admin.php(1324): App\Models\Employeemodel->get_datatables()
#6 /home2/aseelectricalco/public_html/warsi/system/CodeIgniter.php(925): App\Controllers\Admin->list_employee_ajax()
#7 /home2/aseelectricalco/public_html/warsi/system/CodeIgniter.php(480): CodeIgniter\CodeIgniter->runController(Object(App\Controllers\Admin))
#8 /home2/aseelectricalco/public_html/warsi/system/CodeIgniter.php(349): CodeIgniter\CodeIgniter->handleRequest(NULL, Object(Config\Cache), false)
#9 /home2/aseelectricalco/public_html/warsi/index.php(67): CodeIgniter\CodeIgniter->run()
#10 {main}
CRITICAL - 2023-08-11 02:36:24 --> Call to a member function getResult() on bool
in APPPATH/Models/Employeemodel.php on line 83.
 1 APPPATH/Controllers/Admin.php(1324): App\Models\Employeemodel->get_datatables()
 2 SYSTEMPATH/CodeIgniter.php(925): App\Controllers\Admin->list_employee_ajax()
 3 SYSTEMPATH/CodeIgniter.php(480): CodeIgniter\CodeIgniter->runController(Object(App\Controllers\Admin))
 4 SYSTEMPATH/CodeIgniter.php(349): CodeIgniter\CodeIgniter->handleRequest(null, Object(Config\Cache), false)
 5 FCPATH/index.php(67): CodeIgniter\CodeIgniter->run()
ERROR - 2023-08-11 02:36:40 --> mysqli_sql_exception: Unknown column 'status' in 'where clause' in /home2/aseelectricalco/public_html/warsi/system/Database/MySQLi/Connection.php:292
Stack trace:
#0 /home2/aseelectricalco/public_html/warsi/system/Database/MySQLi/Connection.php(292): mysqli->query('SELECT *\nFROM `...', 0)
#1 /home2/aseelectricalco/public_html/warsi/system/Database/BaseConnection.php(666): CodeIgniter\Database\MySQLi\Connection->execute('SELECT *\nFROM `...')
#2 /home2/aseelectricalco/public_html/warsi/system/Database/BaseConnection.php(593): CodeIgniter\Database\BaseConnection->simpleQuery('SELECT *\nFROM `...')
#3 /home2/aseelectricalco/public_html/warsi/system/Database/BaseBuilder.php(1585): CodeIgniter\Database\BaseConnection->query('SELECT *\nFROM `...', Array, false)
#4 /home2/aseelectricalco/public_html/warsi/app/Models/Employeemodel.php(82): CodeIgniter\Database\BaseBuilder->get()
#5 /home2/aseelectricalco/public_html/warsi/app/Controllers/Admin.php(1324): App\Models\Employeemodel->get_datatables()
#6 /home2/aseelectricalco/public_html/warsi/system/CodeIgniter.php(925): App\Controllers\Admin->list_employee_ajax()
#7 /home2/aseelectricalco/public_html/warsi/system/CodeIgniter.php(480): CodeIgniter\CodeIgniter->runController(Object(App\Controllers\Admin))
#8 /home2/aseelectricalco/public_html/warsi/system/CodeIgniter.php(349): CodeIgniter\CodeIgniter->handleRequest(NULL, Object(Config\Cache), false)
#9 /home2/aseelectricalco/public_html/warsi/index.php(67): CodeIgniter\CodeIgniter->run()
#10 {main}
CRITICAL - 2023-08-11 02:36:40 --> Call to a member function getResult() on bool
in APPPATH/Models/Employeemodel.php on line 83.
 1 APPPATH/Controllers/Admin.php(1324): App\Models\Employeemodel->get_datatables()
 2 SYSTEMPATH/CodeIgniter.php(925): App\Controllers\Admin->list_employee_ajax()
 3 SYSTEMPATH/CodeIgniter.php(480): CodeIgniter\CodeIgniter->runController(Object(App\Controllers\Admin))
 4 SYSTEMPATH/CodeIgniter.php(349): CodeIgniter\CodeIgniter->handleRequest(null, Object(Config\Cache), false)
 5 FCPATH/index.php(67): CodeIgniter\CodeIgniter->run()
CRITICAL - 2023-08-11 02:36:47 --> Call to undefined method CodeIgniter\Database\MySQLi\Builder::or_like()
in APPPATH/Models/Employeemodel.php on line 29.
 1 APPPATH/Models/Employeemodel.php(78): App\Models\Employeemodel->_get_datatables_query()
 2 APPPATH/Controllers/Admin.php(1324): App\Models\Employeemodel->get_datatables()
 3 SYSTEMPATH/CodeIgniter.php(925): App\Controllers\Admin->list_employee_ajax()
 4 SYSTEMPATH/CodeIgniter.php(480): CodeIgniter\CodeIgniter->runController(Object(App\Controllers\Admin))
 5 SYSTEMPATH/CodeIgniter.php(349): CodeIgniter\CodeIgniter->handleRequest(null, Object(Config\Cache), false)
 6 FCPATH/index.php(67): CodeIgniter\CodeIgniter->run()
CRITICAL - 2023-08-11 02:36:55 --> Call to undefined method CodeIgniter\Database\MySQLi\Builder::or_like()
in APPPATH/Models/Employeemodel.php on line 29.
 1 APPPATH/Models/Employeemodel.php(78): App\Models\Employeemodel->_get_datatables_query()
 2 APPPATH/Controllers/Admin.php(1324): App\Models\Employeemodel->get_datatables()
 3 SYSTEMPATH/CodeIgniter.php(925): App\Controllers\Admin->list_employee_ajax()
 4 SYSTEMPATH/CodeIgniter.php(480): CodeIgniter\CodeIgniter->runController(Object(App\Controllers\Admin))
 5 SYSTEMPATH/CodeIgniter.php(349): CodeIgniter\CodeIgniter->handleRequest(null, Object(Config\Cache), false)
 6 FCPATH/index.php(67): CodeIgniter\CodeIgniter->run()
CRITICAL - 2023-08-11 02:37:03 --> Call to undefined method CodeIgniter\Database\MySQLi\Builder::or_like()
in APPPATH/Models/Employeemodel.php on line 29.
 1 APPPATH/Models/Employeemodel.php(78): App\Models\Employeemodel->_get_datatables_query()
 2 APPPATH/Controllers/Admin.php(1324): App\Models\Employeemodel->get_datatables()
 3 SYSTEMPATH/CodeIgniter.php(925): App\Controllers\Admin->list_employee_ajax()
 4 SYSTEMPATH/CodeIgniter.php(480): CodeIgniter\CodeIgniter->runController(Object(App\Controllers\Admin))
 5 SYSTEMPATH/CodeIgniter.php(349): CodeIgniter\CodeIgniter->handleRequest(null, Object(Config\Cache), false)
 6 FCPATH/index.php(67): CodeIgniter\CodeIgniter->run()
ERROR - 2023-08-11 02:38:03 --> mysqli_sql_exception: Unknown column 'status' in 'where clause' in /home2/aseelectricalco/public_html/warsi/system/Database/MySQLi/Connection.php:292
Stack trace:
#0 /home2/aseelectricalco/public_html/warsi/system/Database/MySQLi/Connection.php(292): mysqli->query('SELECT *\nFROM `...', 0)
#1 /home2/aseelectricalco/public_html/warsi/system/Database/BaseConnection.php(666): CodeIgniter\Database\MySQLi\Connection->execute('SELECT *\nFROM `...')
#2 /home2/aseelectricalco/public_html/warsi/system/Database/BaseConnection.php(593): CodeIgniter\Database\BaseConnection->simpleQuery('SELECT *\nFROM `...')
#3 /home2/aseelectricalco/public_html/warsi/system/Database/BaseBuilder.php(1585): CodeIgniter\Database\BaseConnection->query('SELECT *\nFROM `...', Array, false)
#4 /home2/aseelectricalco/public_html/warsi/app/Models/Employeemodel.php(82): CodeIgniter\Database\BaseBuilder->get()
#5 /home2/aseelectricalco/public_html/warsi/app/Controllers/Admin.php(1324): App\Models\Employeemodel->get_datatables()
#6 /home2/aseelectricalco/public_html/warsi/system/CodeIgniter.php(925): App\Controllers\Admin->list_employee_ajax()
#7 /home2/aseelectricalco/public_html/warsi/system/CodeIgniter.php(480): CodeIgniter\CodeIgniter->runController(Object(App\Controllers\Admin))
#8 /home2/aseelectricalco/public_html/warsi/system/CodeIgniter.php(349): CodeIgniter\CodeIgniter->handleRequest(NULL, Object(Config\Cache), false)
#9 /home2/aseelectricalco/public_html/warsi/index.php(67): CodeIgniter\CodeIgniter->run()
#10 {main}
CRITICAL - 2023-08-11 02:38:03 --> Call to a member function getResult() on bool
in APPPATH/Models/Employeemodel.php on line 83.
 1 APPPATH/Controllers/Admin.php(1324): App\Models\Employeemodel->get_datatables()
 2 SYSTEMPATH/CodeIgniter.php(925): App\Controllers\Admin->list_employee_ajax()
 3 SYSTEMPATH/CodeIgniter.php(480): CodeIgniter\CodeIgniter->runController(Object(App\Controllers\Admin))
 4 SYSTEMPATH/CodeIgniter.php(349): CodeIgniter\CodeIgniter->handleRequest(null, Object(Config\Cache), false)
 5 FCPATH/index.php(67): CodeIgniter\CodeIgniter->run()
CRITICAL - 2023-08-11 02:56:58 --> Undefined array key "attendance_search"
in APPPATH/Models/Attendancemodel.php on line 30.
 1 APPPATH/Models/Attendancemodel.php(30): CodeIgniter\Debug\Exceptions->errorHandler(2, 'Undefined array key "attendance_search"', 'APPPATH/Models/Attendancemodel.php', 30)
 2 APPPATH/Models/Attendancemodel.php(91): App\Models\Attendancemodel->_get_datatables_query()
 3 APPPATH/Controllers/Admin.php(1648): App\Models\Attendancemodel->get_datatables()
 4 SYSTEMPATH/CodeIgniter.php(925): App\Controllers\Admin->list_attendance_ajax()
 5 SYSTEMPATH/CodeIgniter.php(480): CodeIgniter\CodeIgniter->runController(Object(App\Controllers\Admin))
 6 SYSTEMPATH/CodeIgniter.php(349): CodeIgniter\CodeIgniter->handleRequest(null, Object(Config\Cache), false)
 7 FCPATH/index.php(67): CodeIgniter\CodeIgniter->run()
CRITICAL - 2023-08-11 03:33:04 --> Undefined array key "attendance_search"
in APPPATH/Models/Attendancemodel.php on line 30.
 1 APPPATH/Models/Attendancemodel.php(30): CodeIgniter\Debug\Exceptions->errorHandler(2, 'Undefined array key "attendance_search"', 'APPPATH/Models/Attendancemodel.php', 30)
 2 APPPATH/Models/Attendancemodel.php(91): App\Models\Attendancemodel->_get_datatables_query()
 3 APPPATH/Controllers/Admin.php(1648): App\Models\Attendancemodel->get_datatables()
 4 SYSTEMPATH/CodeIgniter.php(925): App\Controllers\Admin->list_attendance_ajax()
 5 SYSTEMPATH/CodeIgniter.php(480): CodeIgniter\CodeIgniter->runController(Object(App\Controllers\Admin))
 6 SYSTEMPATH/CodeIgniter.php(349): CodeIgniter\CodeIgniter->handleRequest(null, Object(Config\Cache), false)
 7 FCPATH/index.php(67): CodeIgniter\CodeIgniter->run()
CRITICAL - 2023-08-11 03:33:08 --> Undefined array key "attendance_search"
in APPPATH/Models/Attendancemodel.php on line 30.
 1 APPPATH/Models/Attendancemodel.php(30): CodeIgniter\Debug\Exceptions->errorHandler(2, 'Undefined array key "attendance_search"', 'APPPATH/Models/Attendancemodel.php', 30)
 2 APPPATH/Models/Attendancemodel.php(91): App\Models\Attendancemodel->_get_datatables_query()
 3 APPPATH/Controllers/Admin.php(1648): App\Models\Attendancemodel->get_datatables()
 4 SYSTEMPATH/CodeIgniter.php(925): App\Controllers\Admin->list_attendance_ajax()
 5 SYSTEMPATH/CodeIgniter.php(480): CodeIgniter\CodeIgniter->runController(Object(App\Controllers\Admin))
 6 SYSTEMPATH/CodeIgniter.php(349): CodeIgniter\CodeIgniter->handleRequest(null, Object(Config\Cache), false)
 7 FCPATH/index.php(67): CodeIgniter\CodeIgniter->run()
CRITICAL - 2023-08-11 04:08:30 --> Undefined variable $employee
in APPPATH/Views/admin/create_user.php on line 65.
 1 APPPATH/Views/admin/create_user.php(65): CodeIgniter\Debug\Exceptions->errorHandler(2, 'Undefined variable $employee', 'APPPATH/Views/admin/create_user.php', 65)
 2 SYSTEMPATH/View/View.php(213): include('APPPATH/Views/admin/create_user.php')
 3 SYSTEMPATH/View/View.php(216): CodeIgniter\View\View->CodeIgniter\View\{closure}()
 4 SYSTEMPATH/Common.php(1135): CodeIgniter\View\View->render('admin/create_user', [], true)
 5 APPPATH/Controllers/Admin.php(173): view('admin/create_user')
 6 SYSTEMPATH/CodeIgniter.php(925): App\Controllers\Admin->create_user()
 7 SYSTEMPATH/CodeIgniter.php(480): CodeIgniter\CodeIgniter->runController(Object(App\Controllers\Admin))
 8 SYSTEMPATH/CodeIgniter.php(349): CodeIgniter\CodeIgniter->handleRequest(null, Object(Config\Cache), false)
 9 FCPATH/index.php(67): CodeIgniter\CodeIgniter->run()
CRITICAL - 2023-08-11 04:08:37 --> Attempt to read property "employee_id" on string
in APPPATH/Views/admin/create_user.php on line 67.
 1 APPPATH/Views/admin/create_user.php(67): CodeIgniter\Debug\Exceptions->errorHandler(2, 'Attempt to read property "employee_id" on string', 'APPPATH/Views/admin/create_user.php', 67)
 2 SYSTEMPATH/View/View.php(213): include('APPPATH/Views/admin/create_user.php')
 3 SYSTEMPATH/View/View.php(216): CodeIgniter\View\View->CodeIgniter\View\{closure}()
 4 SYSTEMPATH/Common.php(1135): CodeIgniter\View\View->render('admin/create_user', [], true)
 5 APPPATH/Controllers/Admin.php(183): view('admin/create_user', [...])
 6 SYSTEMPATH/CodeIgniter.php(925): App\Controllers\Admin->create_user()
 7 SYSTEMPATH/CodeIgniter.php(480): CodeIgniter\CodeIgniter->runController(Object(App\Controllers\Admin))
 8 SYSTEMPATH/CodeIgniter.php(349): CodeIgniter\CodeIgniter->handleRequest(null, Object(Config\Cache), false)
 9 FCPATH/index.php(67): CodeIgniter\CodeIgniter->run()
CRITICAL - 2023-08-11 04:09:24 --> Attempt to read property "employee_id" on string
in APPPATH/Views/admin/create_user.php on line 67.
 1 APPPATH/Views/admin/create_user.php(67): CodeIgniter\Debug\Exceptions->errorHandler(2, 'Attempt to read property "employee_id" on string', 'APPPATH/Views/admin/create_user.php', 67)
 2 SYSTEMPATH/View/View.php(213): include('APPPATH/Views/admin/create_user.php')
 3 SYSTEMPATH/View/View.php(216): CodeIgniter\View\View->CodeIgniter\View\{closure}()
 4 SYSTEMPATH/Common.php(1135): CodeIgniter\View\View->render('admin/create_user', [], true)
 5 APPPATH/Controllers/Admin.php(183): view('admin/create_user', [...])
 6 SYSTEMPATH/CodeIgniter.php(925): App\Controllers\Admin->create_user()
 7 SYSTEMPATH/CodeIgniter.php(480): CodeIgniter\CodeIgniter->runController(Object(App\Controllers\Admin))
 8 SYSTEMPATH/CodeIgniter.php(349): CodeIgniter\CodeIgniter->handleRequest(null, Object(Config\Cache), false)
 9 FCPATH/index.php(67): CodeIgniter\CodeIgniter->run()
ERROR - 2023-08-11 04:12:12 --> mysqli_sql_exception: Unknown column 'company_name' in 'order clause' in /home2/aseelectricalco/public_html/warsi/system/Database/MySQLi/Connection.php:292
Stack trace:
#0 /home2/aseelectricalco/public_html/warsi/system/Database/MySQLi/Connection.php(292): mysqli->query('SELECT *\nFROM `...', 0)
#1 /home2/aseelectricalco/public_html/warsi/system/Database/BaseConnection.php(666): CodeIgniter\Database\MySQLi\Connection->execute('SELECT *\nFROM `...')
#2 /home2/aseelectricalco/public_html/warsi/system/Database/BaseConnection.php(593): CodeIgniter\Database\BaseConnection->simpleQuery('SELECT *\nFROM `...')
#3 /home2/aseelectricalco/public_html/warsi/system/Database/BaseBuilder.php(1585): CodeIgniter\Database\BaseConnection->query('SELECT *\nFROM `...', Array, false)
#4 /home2/aseelectricalco/public_html/warsi/app/Models/Commanmodel.php(71): CodeIgniter\Database\BaseBuilder->get()
#5 /home2/aseelectricalco/public_html/warsi/app/Controllers/Admin.php(176): App\Models\Commanmodel->all_multiple_query_order_by('company', Array, 'company_name', 'ASC')
#6 /home2/aseelectricalco/public_html/warsi/system/CodeIgniter.php(925): App\Controllers\Admin->create_user()
#7 /home2/aseelectricalco/public_html/warsi/system/CodeIgniter.php(480): CodeIgniter\CodeIgniter->runController(Object(App\Controllers\Admin))
#8 /home2/aseelectricalco/public_html/warsi/system/CodeIgniter.php(349): CodeIgniter\CodeIgniter->handleRequest(NULL, Object(Config\Cache), false)
#9 /home2/aseelectricalco/public_html/warsi/index.php(67): CodeIgniter\CodeIgniter->run()
#10 {main}
CRITICAL - 2023-08-11 04:12:12 --> Call to a member function getResult() on bool
in APPPATH/Models/Commanmodel.php on line 73.
 1 APPPATH/Controllers/Admin.php(176): App\Models\Commanmodel->all_multiple_query_order_by('company', [...], 'company_name', 'ASC')
 2 SYSTEMPATH/CodeIgniter.php(925): App\Controllers\Admin->create_user()
 3 SYSTEMPATH/CodeIgniter.php(480): CodeIgniter\CodeIgniter->runController(Object(App\Controllers\Admin))
 4 SYSTEMPATH/CodeIgniter.php(349): CodeIgniter\CodeIgniter->handleRequest(null, Object(Config\Cache), false)
 5 FCPATH/index.php(67): CodeIgniter\CodeIgniter->run()
CRITICAL - 2023-08-11 04:13:18 --> Undefined property: stdClass::$company_name
in APPPATH/Views/admin/create_user.php on line 84.
 1 APPPATH/Views/admin/create_user.php(84): CodeIgniter\Debug\Exceptions->errorHandler(2, 'Undefined property: stdClass::$company_name', 'APPPATH/Views/admin/create_user.php', 84)
 2 SYSTEMPATH/View/View.php(213): include('APPPATH/Views/admin/create_user.php')
 3 SYSTEMPATH/View/View.php(216): CodeIgniter\View\View->CodeIgniter\View\{closure}()
 4 SYSTEMPATH/Common.php(1135): CodeIgniter\View\View->render('admin/create_user', [], true)
 5 APPPATH/Controllers/Admin.php(183): view('admin/create_user', [...])
 6 SYSTEMPATH/CodeIgniter.php(925): App\Controllers\Admin->create_user()
 7 SYSTEMPATH/CodeIgniter.php(480): CodeIgniter\CodeIgniter->runController(Object(App\Controllers\Admin))
 8 SYSTEMPATH/CodeIgniter.php(349): CodeIgniter\CodeIgniter->handleRequest(null, Object(Config\Cache), false)
 9 FCPATH/index.php(67): CodeIgniter\CodeIgniter->run()
CRITICAL - 2023-08-11 04:16:37 --> Undefined property: stdClass::$category_id
in APPPATH/Views/admin/edit_user.php on line 87.
 1 APPPATH/Views/admin/edit_user.php(87): CodeIgniter\Debug\Exceptions->errorHandler(2, 'Undefined property: stdClass::$category_id', 'APPPATH/Views/admin/edit_user.php', 87)
 2 SYSTEMPATH/View/View.php(213): include('APPPATH/Views/admin/edit_user.php')
 3 SYSTEMPATH/View/View.php(216): CodeIgniter\View\View->CodeIgniter\View\{closure}()
 4 SYSTEMPATH/Common.php(1135): CodeIgniter\View\View->render('admin/edit_user', [], true)
 5 APPPATH/Controllers/Admin.php(331): view('admin/edit_user', [...])
 6 SYSTEMPATH/CodeIgniter.php(925): App\Controllers\Admin->edit_user('13')
 7 SYSTEMPATH/CodeIgniter.php(480): CodeIgniter\CodeIgniter->runController(Object(App\Controllers\Admin))
 8 SYSTEMPATH/CodeIgniter.php(349): CodeIgniter\CodeIgniter->handleRequest(null, Object(Config\Cache), false)
 9 FCPATH/index.php(67): CodeIgniter\CodeIgniter->run()
CRITICAL - 2023-08-11 04:17:47 --> Undefined variable $employee
in APPPATH/Views/admin/edit_user.php on line 68.
 1 APPPATH/Views/admin/edit_user.php(68): CodeIgniter\Debug\Exceptions->errorHandler(2, 'Undefined variable $employee', 'APPPATH/Views/admin/edit_user.php', 68)
 2 SYSTEMPATH/View/View.php(213): include('APPPATH/Views/admin/edit_user.php')
 3 SYSTEMPATH/View/View.php(216): CodeIgniter\View\View->CodeIgniter\View\{closure}()
 4 SYSTEMPATH/Common.php(1135): CodeIgniter\View\View->render('admin/edit_user', [], true)
 5 APPPATH/Controllers/Admin.php(492): view('admin/edit_user', [...])
 6 SYSTEMPATH/CodeIgniter.php(925): App\Controllers\Admin->edit_user_process('13')
 7 SYSTEMPATH/CodeIgniter.php(480): CodeIgniter\CodeIgniter->runController(Object(App\Controllers\Admin))
 8 SYSTEMPATH/CodeIgniter.php(349): CodeIgniter\CodeIgniter->handleRequest(null, Object(Config\Cache), false)
 9 FCPATH/index.php(67): CodeIgniter\CodeIgniter->run()
CRITICAL - 2023-08-11 04:28:44 --> Undefined variable $availability
in APPPATH/Controllers/Admin.php on line 805.
 1 APPPATH/Controllers/Admin.php(805): CodeIgniter\Debug\Exceptions->errorHandler(2, 'Undefined variable $availability', 'APPPATH/Controllers/Admin.php', 805)
 2 SYSTEMPATH/CodeIgniter.php(925): App\Controllers\Admin->list_product_ajax()
 3 SYSTEMPATH/CodeIgniter.php(480): CodeIgniter\CodeIgniter->runController(Object(App\Controllers\Admin))
 4 SYSTEMPATH/CodeIgniter.php(349): CodeIgniter\CodeIgniter->handleRequest(null, Object(Config\Cache), false)
 5 FCPATH/index.php(67): CodeIgniter\CodeIgniter->run()
CRITICAL - 2023-08-11 04:29:04 --> Undefined variable $availability
in APPPATH/Controllers/Admin.php on line 805.
 1 APPPATH/Controllers/Admin.php(805): CodeIgniter\Debug\Exceptions->errorHandler(2, 'Undefined variable $availability', 'APPPATH/Controllers/Admin.php', 805)
 2 SYSTEMPATH/CodeIgniter.php(925): App\Controllers\Admin->list_product_ajax()
 3 SYSTEMPATH/CodeIgniter.php(480): CodeIgniter\CodeIgniter->runController(Object(App\Controllers\Admin))
 4 SYSTEMPATH/CodeIgniter.php(349): CodeIgniter\CodeIgniter->handleRequest(null, Object(Config\Cache), false)
 5 FCPATH/index.php(67): CodeIgniter\CodeIgniter->run()
CRITICAL - 2023-08-11 04:33:49 --> Undefined variable $availability
in APPPATH/Controllers/Admin.php on line 805.
 1 APPPATH/Controllers/Admin.php(805): CodeIgniter\Debug\Exceptions->errorHandler(2, 'Undefined variable $availability', 'APPPATH/Controllers/Admin.php', 805)
 2 SYSTEMPATH/CodeIgniter.php(925): App\Controllers\Admin->list_product_ajax()
 3 SYSTEMPATH/CodeIgniter.php(480): CodeIgniter\CodeIgniter->runController(Object(App\Controllers\Admin))
 4 SYSTEMPATH/CodeIgniter.php(349): CodeIgniter\CodeIgniter->handleRequest(null, Object(Config\Cache), false)
 5 FCPATH/index.php(67): CodeIgniter\CodeIgniter->run()
CRITICAL - 2023-08-11 04:33:59 --> Undefined variable $availability
in APPPATH/Controllers/Admin.php on line 805.
 1 APPPATH/Controllers/Admin.php(805): CodeIgniter\Debug\Exceptions->errorHandler(2, 'Undefined variable $availability', 'APPPATH/Controllers/Admin.php', 805)
 2 SYSTEMPATH/CodeIgniter.php(925): App\Controllers\Admin->list_product_ajax()
 3 SYSTEMPATH/CodeIgniter.php(480): CodeIgniter\CodeIgniter->runController(Object(App\Controllers\Admin))
 4 SYSTEMPATH/CodeIgniter.php(349): CodeIgniter\CodeIgniter->handleRequest(null, Object(Config\Cache), false)
 5 FCPATH/index.php(67): CodeIgniter\CodeIgniter->run()
CRITICAL - 2023-08-11 04:35:46 --> Undefined variable $availability
in APPPATH/Controllers/Admin.php on line 805.
 1 APPPATH/Controllers/Admin.php(805): CodeIgniter\Debug\Exceptions->errorHandler(2, 'Undefined variable $availability', 'APPPATH/Controllers/Admin.php', 805)
 2 SYSTEMPATH/CodeIgniter.php(925): App\Controllers\Admin->list_product_ajax()
 3 SYSTEMPATH/CodeIgniter.php(480): CodeIgniter\CodeIgniter->runController(Object(App\Controllers\Admin))
 4 SYSTEMPATH/CodeIgniter.php(349): CodeIgniter\CodeIgniter->handleRequest(null, Object(Config\Cache), false)
 5 FCPATH/index.php(67): CodeIgniter\CodeIgniter->run()
CRITICAL - 2023-08-11 04:36:28 --> Undefined variable $availability
in APPPATH/Controllers/Admin.php on line 805.
 1 APPPATH/Controllers/Admin.php(805): CodeIgniter\Debug\Exceptions->errorHandler(2, 'Undefined variable $availability', 'APPPATH/Controllers/Admin.php', 805)
 2 SYSTEMPATH/CodeIgniter.php(925): App\Controllers\Admin->list_product_ajax()
 3 SYSTEMPATH/CodeIgniter.php(480): CodeIgniter\CodeIgniter->runController(Object(App\Controllers\Admin))
 4 SYSTEMPATH/CodeIgniter.php(349): CodeIgniter\CodeIgniter->handleRequest(null, Object(Config\Cache), false)
 5 FCPATH/index.php(67): CodeIgniter\CodeIgniter->run()
CRITICAL - 2023-08-11 04:37:30 --> Undefined variable $availability
in APPPATH/Controllers/Admin.php on line 805.
 1 APPPATH/Controllers/Admin.php(805): CodeIgniter\Debug\Exceptions->errorHandler(2, 'Undefined variable $availability', 'APPPATH/Controllers/Admin.php', 805)
 2 SYSTEMPATH/CodeIgniter.php(925): App\Controllers\Admin->list_product_ajax()
 3 SYSTEMPATH/CodeIgniter.php(480): CodeIgniter\CodeIgniter->runController(Object(App\Controllers\Admin))
 4 SYSTEMPATH/CodeIgniter.php(349): CodeIgniter\CodeIgniter->handleRequest(null, Object(Config\Cache), false)
 5 FCPATH/index.php(67): CodeIgniter\CodeIgniter->run()
CRITICAL - 2023-08-11 04:37:54 --> Undefined variable $availability
in APPPATH/Controllers/Admin.php on line 805.
 1 APPPATH/Controllers/Admin.php(805): CodeIgniter\Debug\Exceptions->errorHandler(2, 'Undefined variable $availability', 'APPPATH/Controllers/Admin.php', 805)
 2 SYSTEMPATH/CodeIgniter.php(925): App\Controllers\Admin->list_product_ajax()
 3 SYSTEMPATH/CodeIgniter.php(480): CodeIgniter\CodeIgniter->runController(Object(App\Controllers\Admin))
 4 SYSTEMPATH/CodeIgniter.php(349): CodeIgniter\CodeIgniter->handleRequest(null, Object(Config\Cache), false)
 5 FCPATH/index.php(67): CodeIgniter\CodeIgniter->run()
CRITICAL - 2023-08-11 04:39:24 --> Undefined variable $availability
in APPPATH/Controllers/Admin.php on line 805.
 1 APPPATH/Controllers/Admin.php(805): CodeIgniter\Debug\Exceptions->errorHandler(2, 'Undefined variable $availability', 'APPPATH/Controllers/Admin.php', 805)
 2 SYSTEMPATH/CodeIgniter.php(925): App\Controllers\Admin->list_product_ajax()
 3 SYSTEMPATH/CodeIgniter.php(480): CodeIgniter\CodeIgniter->runController(Object(App\Controllers\Admin))
 4 SYSTEMPATH/CodeIgniter.php(349): CodeIgniter\CodeIgniter->handleRequest(null, Object(Config\Cache), false)
 5 FCPATH/index.php(67): CodeIgniter\CodeIgniter->run()
CRITICAL - 2023-08-11 04:39:51 --> Undefined variable $availability
in APPPATH/Controllers/Admin.php on line 805.
 1 APPPATH/Controllers/Admin.php(805): CodeIgniter\Debug\Exceptions->errorHandler(2, 'Undefined variable $availability', 'APPPATH/Controllers/Admin.php', 805)
 2 SYSTEMPATH/CodeIgniter.php(925): App\Controllers\Admin->list_product_ajax()
 3 SYSTEMPATH/CodeIgniter.php(480): CodeIgniter\CodeIgniter->runController(Object(App\Controllers\Admin))
 4 SYSTEMPATH/CodeIgniter.php(349): CodeIgniter\CodeIgniter->handleRequest(null, Object(Config\Cache), false)
 5 FCPATH/index.php(67): CodeIgniter\CodeIgniter->run()
CRITICAL - 2023-08-11 04:39:56 --> Undefined array key "attendance_search"
in APPPATH/Models/Attendancemodel.php on line 30.
 1 APPPATH/Models/Attendancemodel.php(30): CodeIgniter\Debug\Exceptions->errorHandler(2, 'Undefined array key "attendance_search"', 'APPPATH/Models/Attendancemodel.php', 30)
 2 APPPATH/Models/Attendancemodel.php(91): App\Models\Attendancemodel->_get_datatables_query()
 3 APPPATH/Controllers/Admin.php(1667): App\Models\Attendancemodel->get_datatables()
 4 SYSTEMPATH/CodeIgniter.php(925): App\Controllers\Admin->list_attendance_ajax()
 5 SYSTEMPATH/CodeIgniter.php(480): CodeIgniter\CodeIgniter->runController(Object(App\Controllers\Admin))
 6 SYSTEMPATH/CodeIgniter.php(349): CodeIgniter\CodeIgniter->handleRequest(null, Object(Config\Cache), false)
 7 FCPATH/index.php(67): CodeIgniter\CodeIgniter->run()
CRITICAL - 2023-08-11 04:40:10 --> Undefined variable $availability
in APPPATH/Controllers/Admin.php on line 805.
 1 APPPATH/Controllers/Admin.php(805): CodeIgniter\Debug\Exceptions->errorHandler(2, 'Undefined variable $availability', 'APPPATH/Controllers/Admin.php', 805)
 2 SYSTEMPATH/CodeIgniter.php(925): App\Controllers\Admin->list_product_ajax()
 3 SYSTEMPATH/CodeIgniter.php(480): CodeIgniter\CodeIgniter->runController(Object(App\Controllers\Admin))
 4 SYSTEMPATH/CodeIgniter.php(349): CodeIgniter\CodeIgniter->handleRequest(null, Object(Config\Cache), false)
 5 FCPATH/index.php(67): CodeIgniter\CodeIgniter->run()
CRITICAL - 2023-08-11 04:40:17 --> Undefined variable $availability
in APPPATH/Controllers/Admin.php on line 805.
 1 APPPATH/Controllers/Admin.php(805): CodeIgniter\Debug\Exceptions->errorHandler(2, 'Undefined variable $availability', 'APPPATH/Controllers/Admin.php', 805)
 2 SYSTEMPATH/CodeIgniter.php(925): App\Controllers\Admin->list_product_ajax()
 3 SYSTEMPATH/CodeIgniter.php(480): CodeIgniter\CodeIgniter->runController(Object(App\Controllers\Admin))
 4 SYSTEMPATH/CodeIgniter.php(349): CodeIgniter\CodeIgniter->handleRequest(null, Object(Config\Cache), false)
 5 FCPATH/index.php(67): CodeIgniter\CodeIgniter->run()
CRITICAL - 2023-08-11 04:40:34 --> Undefined array key "attendance_search"
in APPPATH/Models/Attendancemodel.php on line 30.
 1 APPPATH/Models/Attendancemodel.php(30): CodeIgniter\Debug\Exceptions->errorHandler(2, 'Undefined array key "attendance_search"', 'APPPATH/Models/Attendancemodel.php', 30)
 2 APPPATH/Models/Attendancemodel.php(91): App\Models\Attendancemodel->_get_datatables_query()
 3 APPPATH/Controllers/Admin.php(1667): App\Models\Attendancemodel->get_datatables()
 4 SYSTEMPATH/CodeIgniter.php(925): App\Controllers\Admin->list_attendance_ajax()
 5 SYSTEMPATH/CodeIgniter.php(480): CodeIgniter\CodeIgniter->runController(Object(App\Controllers\Admin))
 6 SYSTEMPATH/CodeIgniter.php(349): CodeIgniter\CodeIgniter->handleRequest(null, Object(Config\Cache), false)
 7 FCPATH/index.php(67): CodeIgniter\CodeIgniter->run()
CRITICAL - 2023-08-11 04:41:28 --> syntax error, unexpected single-quoted string ";"
in APPPATH/Controllers/Admin.php on line 809.
 1 SYSTEMPATH/Autoloader/Autoloader.php(260): CodeIgniter\Autoloader\Autoloader->includeFile('APPPATH/Controllers/Admin.php')
 2 SYSTEMPATH/Autoloader/Autoloader.php(238): CodeIgniter\Autoloader\Autoloader->loadInNamespace('App\\Controllers\\Admin')
 3 [internal function]: CodeIgniter\Autoloader\Autoloader->loadClass('App\\Controllers\\Admin')
 4 SYSTEMPATH/CodeIgniter.php(875): class_exists('\\App\\Controllers\\Admin', true)
 5 SYSTEMPATH/CodeIgniter.php(467): CodeIgniter\CodeIgniter->startController()
 6 SYSTEMPATH/CodeIgniter.php(349): CodeIgniter\CodeIgniter->handleRequest(null, Object(Config\Cache), false)
 7 FCPATH/index.php(67): CodeIgniter\CodeIgniter->run()
CRITICAL - 2023-08-11 05:07:00 --> Undefined array key "menu_category_search"
in APPPATH/Models/Productmodel.php on line 39.
 1 APPPATH/Models/Productmodel.php(39): CodeIgniter\Debug\Exceptions->errorHandler(2, 'Undefined array key "menu_category_search"', 'APPPATH/Models/Productmodel.php', 39)
 2 APPPATH/Models/Productmodel.php(91): App\Models\Productmodel->_get_datatables_query()
 3 APPPATH/Controllers/Admin.php(790): App\Models\Productmodel->get_datatables()
 4 SYSTEMPATH/CodeIgniter.php(925): App\Controllers\Admin->list_product_ajax()
 5 SYSTEMPATH/CodeIgniter.php(480): CodeIgniter\CodeIgniter->runController(Object(App\Controllers\Admin))
 6 SYSTEMPATH/CodeIgniter.php(349): CodeIgniter\CodeIgniter->handleRequest(null, Object(Config\Cache), false)
 7 FCPATH/index.php(67): CodeIgniter\CodeIgniter->run()
CRITICAL - 2023-08-11 05:08:50 --> Undefined array key "menu_category_search"
in APPPATH/Models/Productmodel.php on line 39.
 1 APPPATH/Models/Productmodel.php(39): CodeIgniter\Debug\Exceptions->errorHandler(2, 'Undefined array key "menu_category_search"', 'APPPATH/Models/Productmodel.php', 39)
 2 APPPATH/Models/Productmodel.php(91): App\Models\Productmodel->_get_datatables_query()
 3 APPPATH/Controllers/Admin.php(790): App\Models\Productmodel->get_datatables()
 4 SYSTEMPATH/CodeIgniter.php(925): App\Controllers\Admin->list_product_ajax()
 5 SYSTEMPATH/CodeIgniter.php(480): CodeIgniter\CodeIgniter->runController(Object(App\Controllers\Admin))
 6 SYSTEMPATH/CodeIgniter.php(349): CodeIgniter\CodeIgniter->handleRequest(null, Object(Config\Cache), false)
 7 FCPATH/index.php(67): CodeIgniter\CodeIgniter->run()
CRITICAL - 2023-08-11 05:09:01 --> Undefined array key "menu_category_search"
in APPPATH/Models/Productmodel.php on line 39.
 1 APPPATH/Models/Productmodel.php(39): CodeIgniter\Debug\Exceptions->errorHandler(2, 'Undefined array key "menu_category_search"', 'APPPATH/Models/Productmodel.php', 39)
 2 APPPATH/Models/Productmodel.php(91): App\Models\Productmodel->_get_datatables_query()
 3 APPPATH/Controllers/Admin.php(790): App\Models\Productmodel->get_datatables()
 4 SYSTEMPATH/CodeIgniter.php(925): App\Controllers\Admin->list_product_ajax()
 5 SYSTEMPATH/CodeIgniter.php(480): CodeIgniter\CodeIgniter->runController(Object(App\Controllers\Admin))
 6 SYSTEMPATH/CodeIgniter.php(349): CodeIgniter\CodeIgniter->handleRequest(null, Object(Config\Cache), false)
 7 FCPATH/index.php(67): CodeIgniter\CodeIgniter->run()
CRITICAL - 2023-08-11 05:09:19 --> Undefined array key "menu_category_search"
in APPPATH/Models/Productmodel.php on line 39.
 1 APPPATH/Models/Productmodel.php(39): CodeIgniter\Debug\Exceptions->errorHandler(2, 'Undefined array key "menu_category_search"', 'APPPATH/Models/Productmodel.php', 39)
 2 APPPATH/Models/Productmodel.php(91): App\Models\Productmodel->_get_datatables_query()
 3 APPPATH/Controllers/Admin.php(790): App\Models\Productmodel->get_datatables()
 4 SYSTEMPATH/CodeIgniter.php(925): App\Controllers\Admin->list_product_ajax()
 5 SYSTEMPATH/CodeIgniter.php(480): CodeIgniter\CodeIgniter->runController(Object(App\Controllers\Admin))
 6 SYSTEMPATH/CodeIgniter.php(349): CodeIgniter\CodeIgniter->handleRequest(null, Object(Config\Cache), false)
 7 FCPATH/index.php(67): CodeIgniter\CodeIgniter->run()
CRITICAL - 2023-08-11 05:10:09 --> Undefined property: stdClass::$menu_category
in APPPATH/Controllers/Admin.php on line 949.
 1 APPPATH/Controllers/Admin.php(949): CodeIgniter\Debug\Exceptions->errorHandler(2, 'Undefined property: stdClass::$menu_category', 'APPPATH/Controllers/Admin.php', 949)
 2 SYSTEMPATH/CodeIgniter.php(925): App\Controllers\Admin->product_edit('1')
 3 SYSTEMPATH/CodeIgniter.php(480): CodeIgniter\CodeIgniter->runController(Object(App\Controllers\Admin))
 4 SYSTEMPATH/CodeIgniter.php(349): CodeIgniter\CodeIgniter->handleRequest(null, Object(Config\Cache), false)
 5 FCPATH/index.php(67): CodeIgniter\CodeIgniter->run()
ERROR - 2023-08-11 05:11:05 --> mysqli_sql_exception: Unknown column 'meta_description' in 'field list' in /home2/aseelectricalco/public_html/warsi/system/Database/MySQLi/Connection.php:292
Stack trace:
#0 /home2/aseelectricalco/public_html/warsi/system/Database/MySQLi/Connection.php(292): mysqli->query('UPDATE `product...', 0)
#1 /home2/aseelectricalco/public_html/warsi/system/Database/BaseConnection.php(666): CodeIgniter\Database\MySQLi\Connection->execute('UPDATE `product...')
#2 /home2/aseelectricalco/public_html/warsi/system/Database/BaseConnection.php(593): CodeIgniter\Database\BaseConnection->simpleQuery('UPDATE `product...')
#3 /home2/aseelectricalco/public_html/warsi/system/Database/BaseBuilder.php(2079): CodeIgniter\Database\BaseConnection->query('UPDATE `product...', Array, false)
#4 /home2/aseelectricalco/public_html/warsi/app/Models/Commanmodel.php(58): CodeIgniter\Database\BaseBuilder->update(Array)
#5 /home2/aseelectricalco/public_html/warsi/app/Controllers/Admin.php(1038): App\Models\Commanmodel->update_query('product', Array, Array)
#6 /home2/aseelectricalco/public_html/warsi/system/CodeIgniter.php(925): App\Controllers\Admin->product_edit_process('1')
#7 /home2/aseelectricalco/public_html/warsi/system/CodeIgniter.php(480): CodeIgniter\CodeIgniter->runController(Object(App\Controllers\Admin))
#8 /home2/aseelectricalco/public_html/warsi/system/CodeIgniter.php(349): CodeIgniter\CodeIgniter->handleRequest(NULL, Object(Config\Cache), false)
#9 /home2/aseelectricalco/public_html/warsi/index.php(67): CodeIgniter\CodeIgniter->run()
#10 {main}
ERROR - 2023-08-11 05:13:47 --> mysqli_sql_exception: Unknown column 'product_description' in 'where clause' in /home2/aseelectricalco/public_html/warsi/system/Database/MySQLi/Connection.php:292
Stack trace:
#0 /home2/aseelectricalco/public_html/warsi/system/Database/MySQLi/Connection.php(292): mysqli->query('SELECT *\nFROM `...', 0)
#1 /home2/aseelectricalco/public_html/warsi/system/Database/BaseConnection.php(666): CodeIgniter\Database\MySQLi\Connection->execute('SELECT *\nFROM `...')
#2 /home2/aseelectricalco/public_html/warsi/system/Database/BaseConnection.php(593): CodeIgniter\Database\BaseConnection->simpleQuery('SELECT *\nFROM `...')
#3 /home2/aseelectricalco/public_html/warsi/system/Database/BaseBuilder.php(1585): CodeIgniter\Database\BaseConnection->query('SELECT *\nFROM `...', Array, false)
#4 /home2/aseelectricalco/public_html/warsi/app/Models/Commanmodel.php(131): CodeIgniter\Database\BaseBuilder->get()
#5 /home2/aseelectricalco/public_html/warsi/app/Controllers/Admin.php(1125): App\Models\Commanmodel->match_common('product', Array)
#6 /home2/aseelectricalco/public_html/warsi/system/CodeIgniter.php(925): App\Controllers\Admin->product_scanner()
#7 /home2/aseelectricalco/public_html/warsi/system/CodeIgniter.php(480): CodeIgniter\CodeIgniter->runController(Object(App\Controllers\Admin))
#8 /home2/aseelectricalco/public_html/warsi/system/CodeIgniter.php(349): CodeIgniter\CodeIgniter->handleRequest(NULL, Object(Config\Cache), false)
#9 /home2/aseelectricalco/public_html/warsi/index.php(67): CodeIgniter\CodeIgniter->run()
#10 {main}
CRITICAL - 2023-08-11 05:13:47 --> Call to a member function getNumRows() on bool
in APPPATH/Models/Commanmodel.php on line 132.
 1 APPPATH/Controllers/Admin.php(1125): App\Models\Commanmodel->match_common('product', [...])
 2 SYSTEMPATH/CodeIgniter.php(925): App\Controllers\Admin->product_scanner()
 3 SYSTEMPATH/CodeIgniter.php(480): CodeIgniter\CodeIgniter->runController(Object(App\Controllers\Admin))
 4 SYSTEMPATH/CodeIgniter.php(349): CodeIgniter\CodeIgniter->handleRequest(null, Object(Config\Cache), false)
 5 FCPATH/index.php(67): CodeIgniter\CodeIgniter->run()
CRITICAL - 2023-08-11 05:13:56 --> Undefined variable $category
in APPPATH/Controllers/Admin.php on line 859.
 1 APPPATH/Controllers/Admin.php(859): CodeIgniter\Debug\Exceptions->errorHandler(2, 'Undefined variable $category', 'APPPATH/Controllers/Admin.php', 859)
 2 SYSTEMPATH/CodeIgniter.php(925): App\Controllers\Admin->product_create_process()
 3 SYSTEMPATH/CodeIgniter.php(480): CodeIgniter\CodeIgniter->runController(Object(App\Controllers\Admin))
 4 SYSTEMPATH/CodeIgniter.php(349): CodeIgniter\CodeIgniter->handleRequest(null, Object(Config\Cache), false)
 5 FCPATH/index.php(67): CodeIgniter\CodeIgniter->run()
CRITICAL - 2023-08-11 06:13:11 --> Undefined variable $status_color
in APPPATH/Controllers/Admin.php on line 2047.
 1 APPPATH/Controllers/Admin.php(2047): CodeIgniter\Debug\Exceptions->errorHandler(2, 'Undefined variable $status_color', 'APPPATH/Controllers/Admin.php', 2047)
 2 SYSTEMPATH/CodeIgniter.php(925): App\Controllers\Admin->tender_save()
 3 SYSTEMPATH/CodeIgniter.php(480): CodeIgniter\CodeIgniter->runController(Object(App\Controllers\Admin))
 4 SYSTEMPATH/CodeIgniter.php(349): CodeIgniter\CodeIgniter->handleRequest(null, Object(Config\Cache), false)
 5 FCPATH/index.php(67): CodeIgniter\CodeIgniter->run()
CRITICAL - 2023-08-11 06:14:05 --> Undefined variable $commanmodel
in APPPATH/Controllers/Admin.php on line 1965.
 1 APPPATH/Controllers/Admin.php(1965): CodeIgniter\Debug\Exceptions->errorHandler(2, 'Undefined variable $commanmodel', 'APPPATH/Controllers/Admin.php', 1965)
 2 SYSTEMPATH/CodeIgniter.php(925): App\Controllers\Admin->tender_list()
 3 SYSTEMPATH/CodeIgniter.php(480): CodeIgniter\CodeIgniter->runController(Object(App\Controllers\Admin))
 4 SYSTEMPATH/CodeIgniter.php(349): CodeIgniter\CodeIgniter->handleRequest(null, Object(Config\Cache), false)
 5 FCPATH/index.php(67): CodeIgniter\CodeIgniter->run()
CRITICAL - 2023-08-11 06:14:15 --> Undefined variable $commanmodel
in APPPATH/Controllers/Admin.php on line 1965.
 1 APPPATH/Controllers/Admin.php(1965): CodeIgniter\Debug\Exceptions->errorHandler(2, 'Undefined variable $commanmodel', 'APPPATH/Controllers/Admin.php', 1965)
 2 SYSTEMPATH/CodeIgniter.php(925): App\Controllers\Admin->tender_list()
 3 SYSTEMPATH/CodeIgniter.php(480): CodeIgniter\CodeIgniter->runController(Object(App\Controllers\Admin))
 4 SYSTEMPATH/CodeIgniter.php(349): CodeIgniter\CodeIgniter->handleRequest(null, Object(Config\Cache), false)
 5 FCPATH/index.php(67): CodeIgniter\CodeIgniter->run()
CRITICAL - 2023-08-11 06:14:58 --> Undefined variable $commanmodel
in APPPATH/Controllers/Admin.php on line 1965.
 1 APPPATH/Controllers/Admin.php(1965): CodeIgniter\Debug\Exceptions->errorHandler(2, 'Undefined variable $commanmodel', 'APPPATH/Controllers/Admin.php', 1965)
 2 SYSTEMPATH/CodeIgniter.php(925): App\Controllers\Admin->tender_list()
 3 SYSTEMPATH/CodeIgniter.php(480): CodeIgniter\CodeIgniter->runController(Object(App\Controllers\Admin))
 4 SYSTEMPATH/CodeIgniter.php(349): CodeIgniter\CodeIgniter->handleRequest(null, Object(Config\Cache), false)
 5 FCPATH/index.php(67): CodeIgniter\CodeIgniter->run()
CRITICAL - 2023-08-11 06:15:58 --> Undefined variable $commanmodel
in APPPATH/Controllers/Admin.php on line 1965.
 1 APPPATH/Controllers/Admin.php(1965): CodeIgniter\Debug\Exceptions->errorHandler(2, 'Undefined variable $commanmodel', 'APPPATH/Controllers/Admin.php', 1965)
 2 SYSTEMPATH/CodeIgniter.php(925): App\Controllers\Admin->tender_list()
 3 SYSTEMPATH/CodeIgniter.php(480): CodeIgniter\CodeIgniter->runController(Object(App\Controllers\Admin))
 4 SYSTEMPATH/CodeIgniter.php(349): CodeIgniter\CodeIgniter->handleRequest(null, Object(Config\Cache), false)
 5 FCPATH/index.php(67): CodeIgniter\CodeIgniter->run()
CRITICAL - 2023-08-11 06:16:24 --> Undefined variable $commanmodel
in APPPATH/Controllers/Admin.php on line 1965.
 1 APPPATH/Controllers/Admin.php(1965): CodeIgniter\Debug\Exceptions->errorHandler(2, 'Undefined variable $commanmodel', 'APPPATH/Controllers/Admin.php', 1965)
 2 SYSTEMPATH/CodeIgniter.php(925): App\Controllers\Admin->tender_list()
 3 SYSTEMPATH/CodeIgniter.php(480): CodeIgniter\CodeIgniter->runController(Object(App\Controllers\Admin))
 4 SYSTEMPATH/CodeIgniter.php(349): CodeIgniter\CodeIgniter->handleRequest(null, Object(Config\Cache), false)
 5 FCPATH/index.php(67): CodeIgniter\CodeIgniter->run()
CRITICAL - 2023-08-11 06:29:44 --> Undefined array key "attendance_search"
in APPPATH/Models/Attendancemodel.php on line 30.
 1 APPPATH/Models/Attendancemodel.php(30): CodeIgniter\Debug\Exceptions->errorHandler(2, 'Undefined array key "attendance_search"', 'APPPATH/Models/Attendancemodel.php', 30)
 2 APPPATH/Models/Attendancemodel.php(91): App\Models\Attendancemodel->_get_datatables_query()
 3 APPPATH/Controllers/Admin.php(1653): App\Models\Attendancemodel->get_datatables()
 4 SYSTEMPATH/CodeIgniter.php(925): App\Controllers\Admin->list_attendance_ajax()
 5 SYSTEMPATH/CodeIgniter.php(480): CodeIgniter\CodeIgniter->runController(Object(App\Controllers\Admin))
 6 SYSTEMPATH/CodeIgniter.php(349): CodeIgniter\CodeIgniter->handleRequest(null, Object(Config\Cache), false)
 7 FCPATH/index.php(67): CodeIgniter\CodeIgniter->run()
CRITICAL - 2023-08-11 06:33:24 --> Undefined array key "attendance_search"
in APPPATH/Models/Attendancemodel.php on line 30.
 1 APPPATH/Models/Attendancemodel.php(30): CodeIgniter\Debug\Exceptions->errorHandler(2, 'Undefined array key "attendance_search"', 'APPPATH/Models/Attendancemodel.php', 30)
 2 APPPATH/Models/Attendancemodel.php(91): App\Models\Attendancemodel->_get_datatables_query()
 3 APPPATH/Controllers/Admin.php(1653): App\Models\Attendancemodel->get_datatables()
 4 SYSTEMPATH/CodeIgniter.php(925): App\Controllers\Admin->list_attendance_ajax()
 5 SYSTEMPATH/CodeIgniter.php(480): CodeIgniter\CodeIgniter->runController(Object(App\Controllers\Admin))
 6 SYSTEMPATH/CodeIgniter.php(349): CodeIgniter\CodeIgniter->handleRequest(null, Object(Config\Cache), false)
 7 FCPATH/index.php(67): CodeIgniter\CodeIgniter->run()
CRITICAL - 2023-08-11 07:07:57 --> Too few arguments to function App\Controllers\Admin::tender_update(), 0 passed in /home2/aseelectricalco/public_html/warsi/system/CodeIgniter.php on line 925 and exactly 1 expected
in APPPATH/Controllers/Admin.php on line 2088.
 1 SYSTEMPATH/CodeIgniter.php(925): App\Controllers\Admin->tender_update()
 2 SYSTEMPATH/CodeIgniter.php(480): CodeIgniter\CodeIgniter->runController(Object(App\Controllers\Admin))
 3 SYSTEMPATH/CodeIgniter.php(349): CodeIgniter\CodeIgniter->handleRequest(null, Object(Config\Cache), false)
 4 FCPATH/index.php(67): CodeIgniter\CodeIgniter->run()
CRITICAL - 2023-08-11 07:10:54 --> Too few arguments to function App\Controllers\Admin::tender_update(), 0 passed in /home2/aseelectricalco/public_html/warsi/system/CodeIgniter.php on line 925 and exactly 1 expected
in APPPATH/Controllers/Admin.php on line 2088.
 1 SYSTEMPATH/CodeIgniter.php(925): App\Controllers\Admin->tender_update()
 2 SYSTEMPATH/CodeIgniter.php(480): CodeIgniter\CodeIgniter->runController(Object(App\Controllers\Admin))
 3 SYSTEMPATH/CodeIgniter.php(349): CodeIgniter\CodeIgniter->handleRequest(null, Object(Config\Cache), false)
 4 FCPATH/index.php(67): CodeIgniter\CodeIgniter->run()
CRITICAL - 2023-08-11 07:12:19 --> Undefined variable $status_color
in APPPATH/Controllers/Admin.php on line 2130.
 1 APPPATH/Controllers/Admin.php(2130): CodeIgniter\Debug\Exceptions->errorHandler(2, 'Undefined variable $status_color', 'APPPATH/Controllers/Admin.php', 2130)
 2 SYSTEMPATH/CodeIgniter.php(925): App\Controllers\Admin->tender_update('1')
 3 SYSTEMPATH/CodeIgniter.php(480): CodeIgniter\CodeIgniter->runController(Object(App\Controllers\Admin))
 4 SYSTEMPATH/CodeIgniter.php(349): CodeIgniter\CodeIgniter->handleRequest(null, Object(Config\Cache), false)
 5 FCPATH/index.php(67): CodeIgniter\CodeIgniter->run()
CRITICAL - 2023-08-11 07:43:13 --> Undefined array key "attendance_search"
in APPPATH/Models/Attendancemodel.php on line 30.
 1 APPPATH/Models/Attendancemodel.php(30): CodeIgniter\Debug\Exceptions->errorHandler(2, 'Undefined array key "attendance_search"', 'APPPATH/Models/Attendancemodel.php', 30)
 2 APPPATH/Models/Attendancemodel.php(91): App\Models\Attendancemodel->_get_datatables_query()
 3 APPPATH/Controllers/Admin.php(1653): App\Models\Attendancemodel->get_datatables()
 4 SYSTEMPATH/CodeIgniter.php(925): App\Controllers\Admin->list_attendance_ajax()
 5 SYSTEMPATH/CodeIgniter.php(480): CodeIgniter\CodeIgniter->runController(Object(App\Controllers\Admin))
 6 SYSTEMPATH/CodeIgniter.php(349): CodeIgniter\CodeIgniter->handleRequest(null, Object(Config\Cache), false)
 7 FCPATH/index.php(67): CodeIgniter\CodeIgniter->run()
CRITICAL - 2023-08-11 08:17:48 --> Undefined array key "attendance_search"
in APPPATH/Models/Attendancemodel.php on line 30.
 1 APPPATH/Models/Attendancemodel.php(30): CodeIgniter\Debug\Exceptions->errorHandler(2, 'Undefined array key "attendance_search"', 'APPPATH/Models/Attendancemodel.php', 30)
 2 APPPATH/Models/Attendancemodel.php(91): App\Models\Attendancemodel->_get_datatables_query()
 3 APPPATH/Controllers/Admin.php(1653): App\Models\Attendancemodel->get_datatables()
 4 SYSTEMPATH/CodeIgniter.php(925): App\Controllers\Admin->list_attendance_ajax()
 5 SYSTEMPATH/CodeIgniter.php(480): CodeIgniter\CodeIgniter->runController(Object(App\Controllers\Admin))
 6 SYSTEMPATH/CodeIgniter.php(349): CodeIgniter\CodeIgniter->handleRequest(null, Object(Config\Cache), false)
 7 FCPATH/index.php(67): CodeIgniter\CodeIgniter->run()
