CRITICAL - 2026-01-30 06:12:20 --> Attempt to read property "religion_id" on null
in APPPATH/Controllers/Home.php on line 132.
 1 APPPATH/Controllers/Home.php(132): CodeIgniter\Debug\Exceptions->errorHandler(2, 'Attempt to read property "religion_id" on null', 'APPPATH/Controllers/Home.php', 132)
 2 SYSTEMPATH/CodeIgniter.php(925): App\Controllers\Home->profile_details('images', 'icon', 'pro-age.png')
 3 SYSTEMPATH/CodeIgniter.php(480): CodeIgniter\CodeIgniter->runController(Object(App\Controllers\Home))
 4 SYSTEMPATH/CodeIgniter.php(349): CodeIgniter\CodeIgniter->handleRequest(null, Object(Config\Cache), false)
 5 FCPATH/index.php(67): CodeIgniter\CodeIgniter->run()
CRITICAL - 2026-01-30 06:12:20 --> Attempt to read property "religion_id" on null
in APPPATH/Controllers/Home.php on line 132.
 1 APPPATH/Controllers/Home.php(132): CodeIgniter\Debug\Exceptions->errorHandler(2, 'Attempt to read property "religion_id" on null', 'APPPATH/Controllers/Home.php', 132)
 2 SYSTEMPATH/CodeIgniter.php(925): App\Controllers\Home->profile_details('images', 'icon', 'pro-city.png')
 3 SYSTEMPATH/CodeIgniter.php(480): CodeIgniter\CodeIgniter->runController(Object(App\Controllers\Home))
 4 SYSTEMPATH/CodeIgniter.php(349): CodeIgniter\CodeIgniter->handleRequest(null, Object(Config\Cache), false)
 5 FCPATH/index.php(67): CodeIgniter\CodeIgniter->run()
CRITICAL - 2026-01-30 06:12:50 --> Attempt to read property "religion_id" on null
in APPPATH/Controllers/Home.php on line 132.
 1 APPPATH/Controllers/Home.php(132): CodeIgniter\Debug\Exceptions->errorHandler(2, 'Attempt to read property "religion_id" on null', 'APPPATH/Controllers/Home.php', 132)
 2 SYSTEMPATH/CodeIgniter.php(925): App\Controllers\Home->profile_details('images', 'icon', 'pro-age.png')
 3 SYSTEMPATH/CodeIgniter.php(480): CodeIgniter\CodeIgniter->runController(Object(App\Controllers\Home))
 4 SYSTEMPATH/CodeIgniter.php(349): CodeIgniter\CodeIgniter->handleRequest(null, Object(Config\Cache), false)
 5 FCPATH/index.php(67): CodeIgniter\CodeIgniter->run()
CRITICAL - 2026-01-30 06:12:50 --> Attempt to read property "religion_id" on null
in APPPATH/Controllers/Home.php on line 132.
 1 APPPATH/Controllers/Home.php(132): CodeIgniter\Debug\Exceptions->errorHandler(2, 'Attempt to read property "religion_id" on null', 'APPPATH/Controllers/Home.php', 132)
 2 SYSTEMPATH/CodeIgniter.php(925): App\Controllers\Home->profile_details('images', 'icon', 'pro-city.png')
 3 SYSTEMPATH/CodeIgniter.php(480): CodeIgniter\CodeIgniter->runController(Object(App\Controllers\Home))
 4 SYSTEMPATH/CodeIgniter.php(349): CodeIgniter\CodeIgniter->handleRequest(null, Object(Config\Cache), false)
 5 FCPATH/index.php(67): CodeIgniter\CodeIgniter->run()
CRITICAL - 2026-01-30 06:45:13 --> Attempt to read property "religion_id" on null
in APPPATH/Controllers/Admin.php on line 4918.
 1 APPPATH/Controllers/Admin.php(4918): CodeIgniter\Debug\Exceptions->errorHandler(2, 'Attempt to read property "religion_id" on null', 'APPPATH/Controllers/Admin.php', 4918)
 2 SYSTEMPATH/CodeIgniter.php(925): App\Controllers\Admin->profile_view('FCPATH/assets', 'img', 'user', 'u2.jpg')
 3 SYSTEMPATH/CodeIgniter.php(480): CodeIgniter\CodeIgniter->runController(Object(App\Controllers\Admin))
 4 SYSTEMPATH/CodeIgniter.php(349): CodeIgniter\CodeIgniter->handleRequest(null, Object(Config\Cache), false)
 5 FCPATH/index.php(67): CodeIgniter\CodeIgniter->run()
CRITICAL - 2026-01-30 06:45:13 --> Attempt to read property "religion_id" on null
in APPPATH/Controllers/Admin.php on line 4918.
 1 APPPATH/Controllers/Admin.php(4918): CodeIgniter\Debug\Exceptions->errorHandler(2, 'Attempt to read property "religion_id" on null', 'APPPATH/Controllers/Admin.php', 4918)
 2 SYSTEMPATH/CodeIgniter.php(925): App\Controllers\Admin->profile_view('FCPATH/assets', 'img', 'user', 'u1.jpg')
 3 SYSTEMPATH/CodeIgniter.php(480): CodeIgniter\CodeIgniter->runController(Object(App\Controllers\Admin))
 4 SYSTEMPATH/CodeIgniter.php(349): CodeIgniter\CodeIgniter->handleRequest(null, Object(Config\Cache), false)
 5 FCPATH/index.php(67): CodeIgniter\CodeIgniter->run()
CRITICAL - 2026-01-30 06:45:14 --> Attempt to read property "religion_id" on null
in APPPATH/Controllers/Admin.php on line 4918.
 1 APPPATH/Controllers/Admin.php(4918): CodeIgniter\Debug\Exceptions->errorHandler(2, 'Attempt to read property "religion_id" on null', 'APPPATH/Controllers/Admin.php', 4918)
 2 SYSTEMPATH/CodeIgniter.php(925): App\Controllers\Admin->profile_view('FCPATH/assets', 'img', 'user', 'u4.jpg')
 3 SYSTEMPATH/CodeIgniter.php(480): CodeIgniter\CodeIgniter->runController(Object(App\Controllers\Admin))
 4 SYSTEMPATH/CodeIgniter.php(349): CodeIgniter\CodeIgniter->handleRequest(null, Object(Config\Cache), false)
 5 FCPATH/index.php(67): CodeIgniter\CodeIgniter->run()
CRITICAL - 2026-01-30 06:45:14 --> Attempt to read property "religion_id" on null
in APPPATH/Controllers/Admin.php on line 4918.
 1 APPPATH/Controllers/Admin.php(4918): CodeIgniter\Debug\Exceptions->errorHandler(2, 'Attempt to read property "religion_id" on null', 'APPPATH/Controllers/Admin.php', 4918)
 2 SYSTEMPATH/CodeIgniter.php(925): App\Controllers\Admin->profile_view('FCPATH/assets', 'img', 'user', 'u5.jpg')
 3 SYSTEMPATH/CodeIgniter.php(480): CodeIgniter\CodeIgniter->runController(Object(App\Controllers\Admin))
 4 SYSTEMPATH/CodeIgniter.php(349): CodeIgniter\CodeIgniter->handleRequest(null, Object(Config\Cache), false)
 5 FCPATH/index.php(67): CodeIgniter\CodeIgniter->run()
CRITICAL - 2026-01-30 06:45:28 --> Attempt to read property "religion_id" on null
in APPPATH/Controllers/Admin.php on line 4918.
 1 APPPATH/Controllers/Admin.php(4918): CodeIgniter\Debug\Exceptions->errorHandler(2, 'Attempt to read property "religion_id" on null', 'APPPATH/Controllers/Admin.php', 4918)
 2 SYSTEMPATH/CodeIgniter.php(925): App\Controllers\Admin->profile_view('FCPATH/assets', 'img', 'user', 'u1.jpg')
 3 SYSTEMPATH/CodeIgniter.php(480): CodeIgniter\CodeIgniter->runController(Object(App\Controllers\Admin))
 4 SYSTEMPATH/CodeIgniter.php(349): CodeIgniter\CodeIgniter->handleRequest(null, Object(Config\Cache), false)
 5 FCPATH/index.php(67): CodeIgniter\CodeIgniter->run()
CRITICAL - 2026-01-30 06:45:28 --> Attempt to read property "religion_id" on null
in APPPATH/Controllers/Admin.php on line 4918.
 1 APPPATH/Controllers/Admin.php(4918): CodeIgniter\Debug\Exceptions->errorHandler(2, 'Attempt to read property "religion_id" on null', 'APPPATH/Controllers/Admin.php', 4918)
 2 SYSTEMPATH/CodeIgniter.php(925): App\Controllers\Admin->profile_view('FCPATH/assets', 'img', 'user', 'u4.jpg')
 3 SYSTEMPATH/CodeIgniter.php(480): CodeIgniter\CodeIgniter->runController(Object(App\Controllers\Admin))
 4 SYSTEMPATH/CodeIgniter.php(349): CodeIgniter\CodeIgniter->handleRequest(null, Object(Config\Cache), false)
 5 FCPATH/index.php(67): CodeIgniter\CodeIgniter->run()
CRITICAL - 2026-01-30 06:45:28 --> Attempt to read property "religion_id" on null
in APPPATH/Controllers/Admin.php on line 4918.
 1 APPPATH/Controllers/Admin.php(4918): CodeIgniter\Debug\Exceptions->errorHandler(2, 'Attempt to read property "religion_id" on null', 'APPPATH/Controllers/Admin.php', 4918)
 2 SYSTEMPATH/CodeIgniter.php(925): App\Controllers\Admin->profile_view('FCPATH/assets', 'img', 'user', 'u5.jpg')
 3 SYSTEMPATH/CodeIgniter.php(480): CodeIgniter\CodeIgniter->runController(Object(App\Controllers\Admin))
 4 SYSTEMPATH/CodeIgniter.php(349): CodeIgniter\CodeIgniter->handleRequest(null, Object(Config\Cache), false)
 5 FCPATH/index.php(67): CodeIgniter\CodeIgniter->run()
CRITICAL - 2026-01-30 06:45:28 --> Attempt to read property "religion_id" on null
in APPPATH/Controllers/Admin.php on line 4918.
 1 APPPATH/Controllers/Admin.php(4918): CodeIgniter\Debug\Exceptions->errorHandler(2, 'Attempt to read property "religion_id" on null', 'APPPATH/Controllers/Admin.php', 4918)
 2 SYSTEMPATH/CodeIgniter.php(925): App\Controllers\Admin->profile_view('FCPATH/assets', 'img', 'user', 'u2.jpg')
 3 SYSTEMPATH/CodeIgniter.php(480): CodeIgniter\CodeIgniter->runController(Object(App\Controllers\Admin))
 4 SYSTEMPATH/CodeIgniter.php(349): CodeIgniter\CodeIgniter->handleRequest(null, Object(Config\Cache), false)
 5 FCPATH/index.php(67): CodeIgniter\CodeIgniter->run()
CRITICAL - 2026-01-30 06:48:55 --> Attempt to read property "family_income" on null
in APPPATH/Views/frontend/dashboard/profile.php on line 937.
 1 APPPATH/Views/frontend/dashboard/profile.php(937): CodeIgniter\Debug\Exceptions->errorHandler(2, 'Attempt to read property "family_income" on null', 'APPPATH/Views/frontend/dashboard/profile.php', 937)
 2 SYSTEMPATH/View/View.php(213): include('APPPATH/Views/frontend/dashboard/profile.php')
 3 SYSTEMPATH/View/View.php(216): CodeIgniter\View\View->CodeIgniter\View\{closure}()
 4 SYSTEMPATH/Common.php(1135): CodeIgniter\View\View->render('frontend/dashboard/profile', [], true)
 5 APPPATH/Controllers/Dashboard.php(227): view('frontend/dashboard/profile')
 6 SYSTEMPATH/CodeIgniter.php(925): App\Controllers\Dashboard->profile()
 7 SYSTEMPATH/CodeIgniter.php(480): CodeIgniter\CodeIgniter->runController(Object(App\Controllers\Dashboard))
 8 SYSTEMPATH/CodeIgniter.php(349): CodeIgniter\CodeIgniter->handleRequest(null, Object(Config\Cache), false)
 9 FCPATH/index.php(67): CodeIgniter\CodeIgniter->run()
CRITICAL - 2026-01-30 06:49:29 --> Undefined property: stdClass::$religion_name
in APPPATH/Controllers/Home.php on line 144.
 1 APPPATH/Controllers/Home.php(144): CodeIgniter\Debug\Exceptions->errorHandler(2, 'Undefined property: stdClass::$religion_name', 'APPPATH/Controllers/Home.php', 144)
 2 SYSTEMPATH/CodeIgniter.php(925): App\Controllers\Home->profile_details('RAH0005')
 3 SYSTEMPATH/CodeIgniter.php(480): CodeIgniter\CodeIgniter->runController(Object(App\Controllers\Home))
 4 SYSTEMPATH/CodeIgniter.php(349): CodeIgniter\CodeIgniter->handleRequest(null, Object(Config\Cache), false)
 5 FCPATH/index.php(67): CodeIgniter\CodeIgniter->run()
CRITICAL - 2026-01-30 06:50:30 --> Undefined property: stdClass::$caste_name
in APPPATH/Controllers/Home.php on line 148.
 1 APPPATH/Controllers/Home.php(148): CodeIgniter\Debug\Exceptions->errorHandler(2, 'Undefined property: stdClass::$caste_name', 'APPPATH/Controllers/Home.php', 148)
 2 SYSTEMPATH/CodeIgniter.php(925): App\Controllers\Home->profile_details('RAH0005')
 3 SYSTEMPATH/CodeIgniter.php(480): CodeIgniter\CodeIgniter->runController(Object(App\Controllers\Home))
 4 SYSTEMPATH/CodeIgniter.php(349): CodeIgniter\CodeIgniter->handleRequest(null, Object(Config\Cache), false)
 5 FCPATH/index.php(67): CodeIgniter\CodeIgniter->run()
CRITICAL - 2026-01-30 07:01:45 --> Attempt to read property "family_income" on null
in APPPATH/Views/frontend/dashboard/profile.php on line 937.
 1 APPPATH/Views/frontend/dashboard/profile.php(937): CodeIgniter\Debug\Exceptions->errorHandler(2, 'Attempt to read property "family_income" on null', 'APPPATH/Views/frontend/dashboard/profile.php', 937)
 2 SYSTEMPATH/View/View.php(213): include('APPPATH/Views/frontend/dashboard/profile.php')
 3 SYSTEMPATH/View/View.php(216): CodeIgniter\View\View->CodeIgniter\View\{closure}()
 4 SYSTEMPATH/Common.php(1135): CodeIgniter\View\View->render('frontend/dashboard/profile', [], true)
 5 APPPATH/Controllers/Dashboard.php(227): view('frontend/dashboard/profile')
 6 SYSTEMPATH/CodeIgniter.php(925): App\Controllers\Dashboard->profile()
 7 SYSTEMPATH/CodeIgniter.php(480): CodeIgniter\CodeIgniter->runController(Object(App\Controllers\Dashboard))
 8 SYSTEMPATH/CodeIgniter.php(349): CodeIgniter\CodeIgniter->handleRequest(null, Object(Config\Cache), false)
 9 FCPATH/index.php(67): CodeIgniter\CodeIgniter->run()
