CRITICAL - 2025-05-30 06:06:25 --> Attempt to read property "product_id" on null
in APPPATH/Controllers/Admin.php on line 3326.
 1 APPPATH/Controllers/Admin.php(3326): CodeIgniter\Debug\Exceptions->errorHandler(2, 'Attempt to read property "product_id" on null', 'APPPATH/Controllers/Admin.php', 3326)
 2 SYSTEMPATH/CodeIgniter.php(925): App\Controllers\Admin->edit_product('FCPATH/assets', 'img', 'user', 'u2.jpg')
 3 SYSTEMPATH/CodeIgniter.php(480): CodeIgniter\CodeIgniter->runController(Object(App\Controllers\Admin))
 4 SYSTEMPATH/CodeIgniter.php(349): CodeIgniter\CodeIgniter->handleRequest(null, Object(Config\Cache), false)
 5 FCPATH/index.php(67): CodeIgniter\CodeIgniter->run()
CRITICAL - 2025-05-30 06:06:25 --> Attempt to read property "product_id" on null
in APPPATH/Controllers/Admin.php on line 3326.
 1 APPPATH/Controllers/Admin.php(3326): CodeIgniter\Debug\Exceptions->errorHandler(2, 'Attempt to read property "product_id" on null', 'APPPATH/Controllers/Admin.php', 3326)
 2 SYSTEMPATH/CodeIgniter.php(925): App\Controllers\Admin->edit_product('FCPATH/assets', 'img', 'user', 'u5.jpg')
 3 SYSTEMPATH/CodeIgniter.php(480): CodeIgniter\CodeIgniter->runController(Object(App\Controllers\Admin))
 4 SYSTEMPATH/CodeIgniter.php(349): CodeIgniter\CodeIgniter->handleRequest(null, Object(Config\Cache), false)
 5 FCPATH/index.php(67): CodeIgniter\CodeIgniter->run()
CRITICAL - 2025-05-30 06:06:25 --> Attempt to read property "product_id" on null
in APPPATH/Controllers/Admin.php on line 3326.
 1 APPPATH/Controllers/Admin.php(3326): CodeIgniter\Debug\Exceptions->errorHandler(2, 'Attempt to read property "product_id" on null', 'APPPATH/Controllers/Admin.php', 3326)
 2 SYSTEMPATH/CodeIgniter.php(925): App\Controllers\Admin->edit_product('FCPATH/assets', 'img', 'user', 'u1.jpg')
 3 SYSTEMPATH/CodeIgniter.php(480): CodeIgniter\CodeIgniter->runController(Object(App\Controllers\Admin))
 4 SYSTEMPATH/CodeIgniter.php(349): CodeIgniter\CodeIgniter->handleRequest(null, Object(Config\Cache), false)
 5 FCPATH/index.php(67): CodeIgniter\CodeIgniter->run()
CRITICAL - 2025-05-30 06:06:25 --> Attempt to read property "product_id" on null
in APPPATH/Controllers/Admin.php on line 3326.
 1 APPPATH/Controllers/Admin.php(3326): CodeIgniter\Debug\Exceptions->errorHandler(2, 'Attempt to read property "product_id" on null', 'APPPATH/Controllers/Admin.php', 3326)
 2 SYSTEMPATH/CodeIgniter.php(925): App\Controllers\Admin->edit_product('FCPATH/assets', 'img', 'user', 'u4.jpg')
 3 SYSTEMPATH/CodeIgniter.php(480): CodeIgniter\CodeIgniter->runController(Object(App\Controllers\Admin))
 4 SYSTEMPATH/CodeIgniter.php(349): CodeIgniter\CodeIgniter->handleRequest(null, Object(Config\Cache), false)
 5 FCPATH/index.php(67): CodeIgniter\CodeIgniter->run()
CRITICAL - 2025-05-30 06:39:17 --> Undefined variable $total_cart_amount
in APPPATH/Controllers/Ajex.php on line 214.
 1 APPPATH/Controllers/Ajex.php(214): CodeIgniter\Debug\Exceptions->errorHandler(2, 'Undefined variable $total_cart_amount', 'APPPATH/Controllers/Ajex.php', 214)
 2 SYSTEMPATH/CodeIgniter.php(925): App\Controllers\Ajex->my_cart_list()
 3 SYSTEMPATH/CodeIgniter.php(480): CodeIgniter\CodeIgniter->runController(Object(App\Controllers\Ajex))
 4 SYSTEMPATH/CodeIgniter.php(349): CodeIgniter\CodeIgniter->handleRequest(null, Object(Config\Cache), false)
 5 FCPATH/index.php(67): CodeIgniter\CodeIgniter->run()
CRITICAL - 2025-05-30 06:39:26 --> Undefined variable $total_cart_amount
in APPPATH/Controllers/Ajex.php on line 214.
 1 APPPATH/Controllers/Ajex.php(214): CodeIgniter\Debug\Exceptions->errorHandler(2, 'Undefined variable $total_cart_amount', 'APPPATH/Controllers/Ajex.php', 214)
 2 SYSTEMPATH/CodeIgniter.php(925): App\Controllers\Ajex->my_cart_list()
 3 SYSTEMPATH/CodeIgniter.php(480): CodeIgniter\CodeIgniter->runController(Object(App\Controllers\Ajex))
 4 SYSTEMPATH/CodeIgniter.php(349): CodeIgniter\CodeIgniter->handleRequest(null, Object(Config\Cache), false)
 5 FCPATH/index.php(67): CodeIgniter\CodeIgniter->run()
CRITICAL - 2025-05-30 06:39:47 --> Undefined variable $total_cart_amount
in APPPATH/Controllers/Ajex.php on line 214.
 1 APPPATH/Controllers/Ajex.php(214): CodeIgniter\Debug\Exceptions->errorHandler(2, 'Undefined variable $total_cart_amount', 'APPPATH/Controllers/Ajex.php', 214)
 2 SYSTEMPATH/CodeIgniter.php(925): App\Controllers\Ajex->my_cart_list()
 3 SYSTEMPATH/CodeIgniter.php(480): CodeIgniter\CodeIgniter->runController(Object(App\Controllers\Ajex))
 4 SYSTEMPATH/CodeIgniter.php(349): CodeIgniter\CodeIgniter->handleRequest(null, Object(Config\Cache), false)
 5 FCPATH/index.php(67): CodeIgniter\CodeIgniter->run()
CRITICAL - 2025-05-30 06:39:49 --> Attempt to read property "collections_id" on null
in APPPATH/Controllers/Home.php on line 217.
 1 APPPATH/Controllers/Home.php(217): CodeIgniter\Debug\Exceptions->errorHandler(2, 'Attempt to read property "collections_id" on null', 'APPPATH/Controllers/Home.php', 217)
 2 SYSTEMPATH/CodeIgniter.php(925): App\Controllers\Home->collection('FCPATH/assets', 'js', 'webfont.js')
 3 SYSTEMPATH/CodeIgniter.php(480): CodeIgniter\CodeIgniter->runController(Object(App\Controllers\Home))
 4 SYSTEMPATH/CodeIgniter.php(349): CodeIgniter\CodeIgniter->handleRequest(null, Object(Config\Cache), false)
 5 FCPATH/index.php(67): CodeIgniter\CodeIgniter->run()
CRITICAL - 2025-05-30 06:39:49 --> Attempt to read property "collections_id" on null
in APPPATH/Controllers/Home.php on line 217.
 1 APPPATH/Controllers/Home.php(217): CodeIgniter\Debug\Exceptions->errorHandler(2, 'Attempt to read property "collections_id" on null', 'APPPATH/Controllers/Home.php', 217)
 2 SYSTEMPATH/CodeIgniter.php(925): App\Controllers\Home->collection('FCPATH/assets', 'images', 'heywansa.png')
 3 SYSTEMPATH/CodeIgniter.php(480): CodeIgniter\CodeIgniter->runController(Object(App\Controllers\Home))
 4 SYSTEMPATH/CodeIgniter.php(349): CodeIgniter\CodeIgniter->handleRequest(null, Object(Config\Cache), false)
 5 FCPATH/index.php(67): CodeIgniter\CodeIgniter->run()
CRITICAL - 2025-05-30 06:39:49 --> Undefined variable $total_cart_amount
in APPPATH/Controllers/Ajex.php on line 214.
 1 APPPATH/Controllers/Ajex.php(214): CodeIgniter\Debug\Exceptions->errorHandler(2, 'Undefined variable $total_cart_amount', 'APPPATH/Controllers/Ajex.php', 214)
 2 SYSTEMPATH/CodeIgniter.php(925): App\Controllers\Ajex->my_cart_list()
 3 SYSTEMPATH/CodeIgniter.php(480): CodeIgniter\CodeIgniter->runController(Object(App\Controllers\Ajex))
 4 SYSTEMPATH/CodeIgniter.php(349): CodeIgniter\CodeIgniter->handleRequest(null, Object(Config\Cache), false)
 5 FCPATH/index.php(67): CodeIgniter\CodeIgniter->run()
CRITICAL - 2025-05-30 06:40:02 --> Attempt to read property "collections_id" on null
in APPPATH/Controllers/Home.php on line 217.
 1 APPPATH/Controllers/Home.php(217): CodeIgniter\Debug\Exceptions->errorHandler(2, 'Attempt to read property "collections_id" on null', 'APPPATH/Controllers/Home.php', 217)
 2 SYSTEMPATH/CodeIgniter.php(925): App\Controllers\Home->collection('FCPATH/assets', 'images', 'heywansa.png')
 3 SYSTEMPATH/CodeIgniter.php(480): CodeIgniter\CodeIgniter->runController(Object(App\Controllers\Home))
 4 SYSTEMPATH/CodeIgniter.php(349): CodeIgniter\CodeIgniter->handleRequest(null, Object(Config\Cache), false)
 5 FCPATH/index.php(67): CodeIgniter\CodeIgniter->run()
CRITICAL - 2025-05-30 06:40:02 --> Attempt to read property "collections_id" on null
in APPPATH/Controllers/Home.php on line 217.
 1 APPPATH/Controllers/Home.php(217): CodeIgniter\Debug\Exceptions->errorHandler(2, 'Attempt to read property "collections_id" on null', 'APPPATH/Controllers/Home.php', 217)
 2 SYSTEMPATH/CodeIgniter.php(925): App\Controllers\Home->collection('FCPATH/assets', 'js', 'webfont.js')
 3 SYSTEMPATH/CodeIgniter.php(480): CodeIgniter\CodeIgniter->runController(Object(App\Controllers\Home))
 4 SYSTEMPATH/CodeIgniter.php(349): CodeIgniter\CodeIgniter->handleRequest(null, Object(Config\Cache), false)
 5 FCPATH/index.php(67): CodeIgniter\CodeIgniter->run()
CRITICAL - 2025-05-30 06:40:02 --> Undefined variable $total_cart_amount
in APPPATH/Controllers/Ajex.php on line 214.
 1 APPPATH/Controllers/Ajex.php(214): CodeIgniter\Debug\Exceptions->errorHandler(2, 'Undefined variable $total_cart_amount', 'APPPATH/Controllers/Ajex.php', 214)
 2 SYSTEMPATH/CodeIgniter.php(925): App\Controllers\Ajex->my_cart_list()
 3 SYSTEMPATH/CodeIgniter.php(480): CodeIgniter\CodeIgniter->runController(Object(App\Controllers\Ajex))
 4 SYSTEMPATH/CodeIgniter.php(349): CodeIgniter\CodeIgniter->handleRequest(null, Object(Config\Cache), false)
 5 FCPATH/index.php(67): CodeIgniter\CodeIgniter->run()
CRITICAL - 2025-05-30 06:40:16 --> Attempt to read property "collections_id" on null
in APPPATH/Controllers/Home.php on line 217.
 1 APPPATH/Controllers/Home.php(217): CodeIgniter\Debug\Exceptions->errorHandler(2, 'Attempt to read property "collections_id" on null', 'APPPATH/Controllers/Home.php', 217)
 2 SYSTEMPATH/CodeIgniter.php(925): App\Controllers\Home->collection('FCPATH/assets', 'images', 'heywansa.png')
 3 SYSTEMPATH/CodeIgniter.php(480): CodeIgniter\CodeIgniter->runController(Object(App\Controllers\Home))
 4 SYSTEMPATH/CodeIgniter.php(349): CodeIgniter\CodeIgniter->handleRequest(null, Object(Config\Cache), false)
 5 FCPATH/index.php(67): CodeIgniter\CodeIgniter->run()
CRITICAL - 2025-05-30 06:40:16 --> Attempt to read property "collections_id" on null
in APPPATH/Controllers/Home.php on line 217.
 1 APPPATH/Controllers/Home.php(217): CodeIgniter\Debug\Exceptions->errorHandler(2, 'Attempt to read property "collections_id" on null', 'APPPATH/Controllers/Home.php', 217)
 2 SYSTEMPATH/CodeIgniter.php(925): App\Controllers\Home->collection('FCPATH/assets', 'js', 'webfont.js')
 3 SYSTEMPATH/CodeIgniter.php(480): CodeIgniter\CodeIgniter->runController(Object(App\Controllers\Home))
 4 SYSTEMPATH/CodeIgniter.php(349): CodeIgniter\CodeIgniter->handleRequest(null, Object(Config\Cache), false)
 5 FCPATH/index.php(67): CodeIgniter\CodeIgniter->run()
CRITICAL - 2025-05-30 06:40:17 --> Undefined variable $total_cart_amount
in APPPATH/Controllers/Ajex.php on line 214.
 1 APPPATH/Controllers/Ajex.php(214): CodeIgniter\Debug\Exceptions->errorHandler(2, 'Undefined variable $total_cart_amount', 'APPPATH/Controllers/Ajex.php', 214)
 2 SYSTEMPATH/CodeIgniter.php(925): App\Controllers\Ajex->my_cart_list()
 3 SYSTEMPATH/CodeIgniter.php(480): CodeIgniter\CodeIgniter->runController(Object(App\Controllers\Ajex))
 4 SYSTEMPATH/CodeIgniter.php(349): CodeIgniter\CodeIgniter->handleRequest(null, Object(Config\Cache), false)
 5 FCPATH/index.php(67): CodeIgniter\CodeIgniter->run()
CRITICAL - 2025-05-30 06:40:35 --> Attempt to read property "collections_id" on null
in APPPATH/Controllers/Home.php on line 217.
 1 APPPATH/Controllers/Home.php(217): CodeIgniter\Debug\Exceptions->errorHandler(2, 'Attempt to read property "collections_id" on null', 'APPPATH/Controllers/Home.php', 217)
 2 SYSTEMPATH/CodeIgniter.php(925): App\Controllers\Home->collection('FCPATH/assets', 'images', 'heywansa.png')
 3 SYSTEMPATH/CodeIgniter.php(480): CodeIgniter\CodeIgniter->runController(Object(App\Controllers\Home))
 4 SYSTEMPATH/CodeIgniter.php(349): CodeIgniter\CodeIgniter->handleRequest(null, Object(Config\Cache), false)
 5 FCPATH/index.php(67): CodeIgniter\CodeIgniter->run()
CRITICAL - 2025-05-30 06:40:35 --> Attempt to read property "collections_id" on null
in APPPATH/Controllers/Home.php on line 217.
 1 APPPATH/Controllers/Home.php(217): CodeIgniter\Debug\Exceptions->errorHandler(2, 'Attempt to read property "collections_id" on null', 'APPPATH/Controllers/Home.php', 217)
 2 SYSTEMPATH/CodeIgniter.php(925): App\Controllers\Home->collection('FCPATH/assets', 'js', 'webfont.js')
 3 SYSTEMPATH/CodeIgniter.php(480): CodeIgniter\CodeIgniter->runController(Object(App\Controllers\Home))
 4 SYSTEMPATH/CodeIgniter.php(349): CodeIgniter\CodeIgniter->handleRequest(null, Object(Config\Cache), false)
 5 FCPATH/index.php(67): CodeIgniter\CodeIgniter->run()
CRITICAL - 2025-05-30 06:40:35 --> Undefined variable $total_cart_amount
in APPPATH/Controllers/Ajex.php on line 214.
 1 APPPATH/Controllers/Ajex.php(214): CodeIgniter\Debug\Exceptions->errorHandler(2, 'Undefined variable $total_cart_amount', 'APPPATH/Controllers/Ajex.php', 214)
 2 SYSTEMPATH/CodeIgniter.php(925): App\Controllers\Ajex->my_cart_list()
 3 SYSTEMPATH/CodeIgniter.php(480): CodeIgniter\CodeIgniter->runController(Object(App\Controllers\Ajex))
 4 SYSTEMPATH/CodeIgniter.php(349): CodeIgniter\CodeIgniter->handleRequest(null, Object(Config\Cache), false)
 5 FCPATH/index.php(67): CodeIgniter\CodeIgniter->run()
CRITICAL - 2025-05-30 06:41:36 --> Attempt to read property "collections_id" on null
in APPPATH/Controllers/Home.php on line 217.
 1 APPPATH/Controllers/Home.php(217): CodeIgniter\Debug\Exceptions->errorHandler(2, 'Attempt to read property "collections_id" on null', 'APPPATH/Controllers/Home.php', 217)
 2 SYSTEMPATH/CodeIgniter.php(925): App\Controllers\Home->collection('FCPATH/assets', 'images', 'products', 'small', 'product-1.jpg')
 3 SYSTEMPATH/CodeIgniter.php(480): CodeIgniter\CodeIgniter->runController(Object(App\Controllers\Home))
 4 SYSTEMPATH/CodeIgniter.php(349): CodeIgniter\CodeIgniter->handleRequest(null, Object(Config\Cache), false)
 5 FCPATH/index.php(67): CodeIgniter\CodeIgniter->run()
CRITICAL - 2025-05-30 06:42:35 --> Attempt to read property "collections_id" on null
in APPPATH/Controllers/Home.php on line 217.
 1 APPPATH/Controllers/Home.php(217): CodeIgniter\Debug\Exceptions->errorHandler(2, 'Attempt to read property "collections_id" on null', 'APPPATH/Controllers/Home.php', 217)
 2 SYSTEMPATH/CodeIgniter.php(925): App\Controllers\Home->collection('FCPATH/assets', 'images', 'products', 'small', 'product-1.jpg')
 3 SYSTEMPATH/CodeIgniter.php(480): CodeIgniter\CodeIgniter->runController(Object(App\Controllers\Home))
 4 SYSTEMPATH/CodeIgniter.php(349): CodeIgniter\CodeIgniter->handleRequest(null, Object(Config\Cache), false)
 5 FCPATH/index.php(67): CodeIgniter\CodeIgniter->run()
CRITICAL - 2025-05-30 06:43:36 --> Attempt to read property "collections_id" on null
in APPPATH/Controllers/Home.php on line 217.
 1 APPPATH/Controllers/Home.php(217): CodeIgniter\Debug\Exceptions->errorHandler(2, 'Attempt to read property "collections_id" on null', 'APPPATH/Controllers/Home.php', 217)
 2 SYSTEMPATH/CodeIgniter.php(925): App\Controllers\Home->collection('FCPATH/assets', 'images', 'products', 'small', 'product-1.jpg')
 3 SYSTEMPATH/CodeIgniter.php(480): CodeIgniter\CodeIgniter->runController(Object(App\Controllers\Home))
 4 SYSTEMPATH/CodeIgniter.php(349): CodeIgniter\CodeIgniter->handleRequest(null, Object(Config\Cache), false)
 5 FCPATH/index.php(67): CodeIgniter\CodeIgniter->run()
CRITICAL - 2025-05-30 06:44:38 --> Attempt to read property "collections_id" on null
in APPPATH/Controllers/Home.php on line 217.
 1 APPPATH/Controllers/Home.php(217): CodeIgniter\Debug\Exceptions->errorHandler(2, 'Attempt to read property "collections_id" on null', 'APPPATH/Controllers/Home.php', 217)
 2 SYSTEMPATH/CodeIgniter.php(925): App\Controllers\Home->collection('FCPATH/assets', 'images', 'products', 'small', 'product-1.jpg')
 3 SYSTEMPATH/CodeIgniter.php(480): CodeIgniter\CodeIgniter->runController(Object(App\Controllers\Home))
 4 SYSTEMPATH/CodeIgniter.php(349): CodeIgniter\CodeIgniter->handleRequest(null, Object(Config\Cache), false)
 5 FCPATH/index.php(67): CodeIgniter\CodeIgniter->run()
CRITICAL - 2025-05-30 06:45:41 --> Attempt to read property "collections_id" on null
in APPPATH/Controllers/Home.php on line 217.
 1 APPPATH/Controllers/Home.php(217): CodeIgniter\Debug\Exceptions->errorHandler(2, 'Attempt to read property "collections_id" on null', 'APPPATH/Controllers/Home.php', 217)
 2 SYSTEMPATH/CodeIgniter.php(925): App\Controllers\Home->collection('FCPATH/assets', 'images', 'products', 'small', 'product-1.jpg')
 3 SYSTEMPATH/CodeIgniter.php(480): CodeIgniter\CodeIgniter->runController(Object(App\Controllers\Home))
 4 SYSTEMPATH/CodeIgniter.php(349): CodeIgniter\CodeIgniter->handleRequest(null, Object(Config\Cache), false)
 5 FCPATH/index.php(67): CodeIgniter\CodeIgniter->run()
CRITICAL - 2025-05-30 06:46:40 --> Attempt to read property "collections_id" on null
in APPPATH/Controllers/Home.php on line 217.
 1 APPPATH/Controllers/Home.php(217): CodeIgniter\Debug\Exceptions->errorHandler(2, 'Attempt to read property "collections_id" on null', 'APPPATH/Controllers/Home.php', 217)
 2 SYSTEMPATH/CodeIgniter.php(925): App\Controllers\Home->collection('FCPATH/assets', 'images', 'products', 'small', 'product-1.jpg')
 3 SYSTEMPATH/CodeIgniter.php(480): CodeIgniter\CodeIgniter->runController(Object(App\Controllers\Home))
 4 SYSTEMPATH/CodeIgniter.php(349): CodeIgniter\CodeIgniter->handleRequest(null, Object(Config\Cache), false)
 5 FCPATH/index.php(67): CodeIgniter\CodeIgniter->run()
CRITICAL - 2025-05-30 06:47:41 --> Attempt to read property "collections_id" on null
in APPPATH/Controllers/Home.php on line 217.
 1 APPPATH/Controllers/Home.php(217): CodeIgniter\Debug\Exceptions->errorHandler(2, 'Attempt to read property "collections_id" on null', 'APPPATH/Controllers/Home.php', 217)
 2 SYSTEMPATH/CodeIgniter.php(925): App\Controllers\Home->collection('FCPATH/assets', 'images', 'products', 'small', 'product-1.jpg')
 3 SYSTEMPATH/CodeIgniter.php(480): CodeIgniter\CodeIgniter->runController(Object(App\Controllers\Home))
 4 SYSTEMPATH/CodeIgniter.php(349): CodeIgniter\CodeIgniter->handleRequest(null, Object(Config\Cache), false)
 5 FCPATH/index.php(67): CodeIgniter\CodeIgniter->run()
CRITICAL - 2025-05-30 06:48:41 --> Attempt to read property "collections_id" on null
in APPPATH/Controllers/Home.php on line 217.
 1 APPPATH/Controllers/Home.php(217): CodeIgniter\Debug\Exceptions->errorHandler(2, 'Attempt to read property "collections_id" on null', 'APPPATH/Controllers/Home.php', 217)
 2 SYSTEMPATH/CodeIgniter.php(925): App\Controllers\Home->collection('FCPATH/assets', 'images', 'products', 'small', 'product-1.jpg')
 3 SYSTEMPATH/CodeIgniter.php(480): CodeIgniter\CodeIgniter->runController(Object(App\Controllers\Home))
 4 SYSTEMPATH/CodeIgniter.php(349): CodeIgniter\CodeIgniter->handleRequest(null, Object(Config\Cache), false)
 5 FCPATH/index.php(67): CodeIgniter\CodeIgniter->run()
CRITICAL - 2025-05-30 06:49:41 --> Attempt to read property "collections_id" on null
in APPPATH/Controllers/Home.php on line 217.
 1 APPPATH/Controllers/Home.php(217): CodeIgniter\Debug\Exceptions->errorHandler(2, 'Attempt to read property "collections_id" on null', 'APPPATH/Controllers/Home.php', 217)
 2 SYSTEMPATH/CodeIgniter.php(925): App\Controllers\Home->collection('FCPATH/assets', 'images', 'products', 'small', 'product-1.jpg')
 3 SYSTEMPATH/CodeIgniter.php(480): CodeIgniter\CodeIgniter->runController(Object(App\Controllers\Home))
 4 SYSTEMPATH/CodeIgniter.php(349): CodeIgniter\CodeIgniter->handleRequest(null, Object(Config\Cache), false)
 5 FCPATH/index.php(67): CodeIgniter\CodeIgniter->run()
CRITICAL - 2025-05-30 06:50:40 --> Attempt to read property "collections_id" on null
in APPPATH/Controllers/Home.php on line 217.
 1 APPPATH/Controllers/Home.php(217): CodeIgniter\Debug\Exceptions->errorHandler(2, 'Attempt to read property "collections_id" on null', 'APPPATH/Controllers/Home.php', 217)
 2 SYSTEMPATH/CodeIgniter.php(925): App\Controllers\Home->collection('FCPATH/assets', 'images', 'products', 'small', 'product-1.jpg')
 3 SYSTEMPATH/CodeIgniter.php(480): CodeIgniter\CodeIgniter->runController(Object(App\Controllers\Home))
 4 SYSTEMPATH/CodeIgniter.php(349): CodeIgniter\CodeIgniter->handleRequest(null, Object(Config\Cache), false)
 5 FCPATH/index.php(67): CodeIgniter\CodeIgniter->run()
CRITICAL - 2025-05-30 06:51:41 --> Attempt to read property "collections_id" on null
in APPPATH/Controllers/Home.php on line 217.
 1 APPPATH/Controllers/Home.php(217): CodeIgniter\Debug\Exceptions->errorHandler(2, 'Attempt to read property "collections_id" on null', 'APPPATH/Controllers/Home.php', 217)
 2 SYSTEMPATH/CodeIgniter.php(925): App\Controllers\Home->collection('FCPATH/assets', 'images', 'products', 'small', 'product-1.jpg')
 3 SYSTEMPATH/CodeIgniter.php(480): CodeIgniter\CodeIgniter->runController(Object(App\Controllers\Home))
 4 SYSTEMPATH/CodeIgniter.php(349): CodeIgniter\CodeIgniter->handleRequest(null, Object(Config\Cache), false)
 5 FCPATH/index.php(67): CodeIgniter\CodeIgniter->run()
CRITICAL - 2025-05-30 06:52:40 --> Attempt to read property "collections_id" on null
in APPPATH/Controllers/Home.php on line 217.
 1 APPPATH/Controllers/Home.php(217): CodeIgniter\Debug\Exceptions->errorHandler(2, 'Attempt to read property "collections_id" on null', 'APPPATH/Controllers/Home.php', 217)
 2 SYSTEMPATH/CodeIgniter.php(925): App\Controllers\Home->collection('FCPATH/assets', 'images', 'products', 'small', 'product-1.jpg')
 3 SYSTEMPATH/CodeIgniter.php(480): CodeIgniter\CodeIgniter->runController(Object(App\Controllers\Home))
 4 SYSTEMPATH/CodeIgniter.php(349): CodeIgniter\CodeIgniter->handleRequest(null, Object(Config\Cache), false)
 5 FCPATH/index.php(67): CodeIgniter\CodeIgniter->run()
CRITICAL - 2025-05-30 06:53:41 --> Attempt to read property "collections_id" on null
in APPPATH/Controllers/Home.php on line 217.
 1 APPPATH/Controllers/Home.php(217): CodeIgniter\Debug\Exceptions->errorHandler(2, 'Attempt to read property "collections_id" on null', 'APPPATH/Controllers/Home.php', 217)
 2 SYSTEMPATH/CodeIgniter.php(925): App\Controllers\Home->collection('FCPATH/assets', 'images', 'products', 'small', 'product-1.jpg')
 3 SYSTEMPATH/CodeIgniter.php(480): CodeIgniter\CodeIgniter->runController(Object(App\Controllers\Home))
 4 SYSTEMPATH/CodeIgniter.php(349): CodeIgniter\CodeIgniter->handleRequest(null, Object(Config\Cache), false)
 5 FCPATH/index.php(67): CodeIgniter\CodeIgniter->run()
CRITICAL - 2025-05-30 06:54:40 --> Attempt to read property "collections_id" on null
in APPPATH/Controllers/Home.php on line 217.
 1 APPPATH/Controllers/Home.php(217): CodeIgniter\Debug\Exceptions->errorHandler(2, 'Attempt to read property "collections_id" on null', 'APPPATH/Controllers/Home.php', 217)
 2 SYSTEMPATH/CodeIgniter.php(925): App\Controllers\Home->collection('FCPATH/assets', 'images', 'products', 'small', 'product-1.jpg')
 3 SYSTEMPATH/CodeIgniter.php(480): CodeIgniter\CodeIgniter->runController(Object(App\Controllers\Home))
 4 SYSTEMPATH/CodeIgniter.php(349): CodeIgniter\CodeIgniter->handleRequest(null, Object(Config\Cache), false)
 5 FCPATH/index.php(67): CodeIgniter\CodeIgniter->run()
CRITICAL - 2025-05-30 06:55:41 --> Attempt to read property "collections_id" on null
in APPPATH/Controllers/Home.php on line 217.
 1 APPPATH/Controllers/Home.php(217): CodeIgniter\Debug\Exceptions->errorHandler(2, 'Attempt to read property "collections_id" on null', 'APPPATH/Controllers/Home.php', 217)
 2 SYSTEMPATH/CodeIgniter.php(925): App\Controllers\Home->collection('FCPATH/assets', 'images', 'products', 'small', 'product-1.jpg')
 3 SYSTEMPATH/CodeIgniter.php(480): CodeIgniter\CodeIgniter->runController(Object(App\Controllers\Home))
 4 SYSTEMPATH/CodeIgniter.php(349): CodeIgniter\CodeIgniter->handleRequest(null, Object(Config\Cache), false)
 5 FCPATH/index.php(67): CodeIgniter\CodeIgniter->run()
CRITICAL - 2025-05-30 06:56:40 --> Attempt to read property "collections_id" on null
in APPPATH/Controllers/Home.php on line 217.
 1 APPPATH/Controllers/Home.php(217): CodeIgniter\Debug\Exceptions->errorHandler(2, 'Attempt to read property "collections_id" on null', 'APPPATH/Controllers/Home.php', 217)
 2 SYSTEMPATH/CodeIgniter.php(925): App\Controllers\Home->collection('FCPATH/assets', 'images', 'products', 'small', 'product-1.jpg')
 3 SYSTEMPATH/CodeIgniter.php(480): CodeIgniter\CodeIgniter->runController(Object(App\Controllers\Home))
 4 SYSTEMPATH/CodeIgniter.php(349): CodeIgniter\CodeIgniter->handleRequest(null, Object(Config\Cache), false)
 5 FCPATH/index.php(67): CodeIgniter\CodeIgniter->run()
CRITICAL - 2025-05-30 06:57:41 --> Attempt to read property "collections_id" on null
in APPPATH/Controllers/Home.php on line 217.
 1 APPPATH/Controllers/Home.php(217): CodeIgniter\Debug\Exceptions->errorHandler(2, 'Attempt to read property "collections_id" on null', 'APPPATH/Controllers/Home.php', 217)
 2 SYSTEMPATH/CodeIgniter.php(925): App\Controllers\Home->collection('FCPATH/assets', 'images', 'products', 'small', 'product-1.jpg')
 3 SYSTEMPATH/CodeIgniter.php(480): CodeIgniter\CodeIgniter->runController(Object(App\Controllers\Home))
 4 SYSTEMPATH/CodeIgniter.php(349): CodeIgniter\CodeIgniter->handleRequest(null, Object(Config\Cache), false)
 5 FCPATH/index.php(67): CodeIgniter\CodeIgniter->run()
CRITICAL - 2025-05-30 06:58:40 --> Attempt to read property "collections_id" on null
in APPPATH/Controllers/Home.php on line 217.
 1 APPPATH/Controllers/Home.php(217): CodeIgniter\Debug\Exceptions->errorHandler(2, 'Attempt to read property "collections_id" on null', 'APPPATH/Controllers/Home.php', 217)
 2 SYSTEMPATH/CodeIgniter.php(925): App\Controllers\Home->collection('FCPATH/assets', 'images', 'products', 'small', 'product-1.jpg')
 3 SYSTEMPATH/CodeIgniter.php(480): CodeIgniter\CodeIgniter->runController(Object(App\Controllers\Home))
 4 SYSTEMPATH/CodeIgniter.php(349): CodeIgniter\CodeIgniter->handleRequest(null, Object(Config\Cache), false)
 5 FCPATH/index.php(67): CodeIgniter\CodeIgniter->run()
CRITICAL - 2025-05-30 06:59:41 --> Attempt to read property "collections_id" on null
in APPPATH/Controllers/Home.php on line 217.
 1 APPPATH/Controllers/Home.php(217): CodeIgniter\Debug\Exceptions->errorHandler(2, 'Attempt to read property "collections_id" on null', 'APPPATH/Controllers/Home.php', 217)
 2 SYSTEMPATH/CodeIgniter.php(925): App\Controllers\Home->collection('FCPATH/assets', 'images', 'products', 'small', 'product-1.jpg')
 3 SYSTEMPATH/CodeIgniter.php(480): CodeIgniter\CodeIgniter->runController(Object(App\Controllers\Home))
 4 SYSTEMPATH/CodeIgniter.php(349): CodeIgniter\CodeIgniter->handleRequest(null, Object(Config\Cache), false)
 5 FCPATH/index.php(67): CodeIgniter\CodeIgniter->run()
CRITICAL - 2025-05-30 07:00:40 --> Attempt to read property "collections_id" on null
in APPPATH/Controllers/Home.php on line 217.
 1 APPPATH/Controllers/Home.php(217): CodeIgniter\Debug\Exceptions->errorHandler(2, 'Attempt to read property "collections_id" on null', 'APPPATH/Controllers/Home.php', 217)
 2 SYSTEMPATH/CodeIgniter.php(925): App\Controllers\Home->collection('FCPATH/assets', 'images', 'products', 'small', 'product-1.jpg')
 3 SYSTEMPATH/CodeIgniter.php(480): CodeIgniter\CodeIgniter->runController(Object(App\Controllers\Home))
 4 SYSTEMPATH/CodeIgniter.php(349): CodeIgniter\CodeIgniter->handleRequest(null, Object(Config\Cache), false)
 5 FCPATH/index.php(67): CodeIgniter\CodeIgniter->run()
CRITICAL - 2025-05-30 07:01:41 --> Attempt to read property "collections_id" on null
in APPPATH/Controllers/Home.php on line 217.
 1 APPPATH/Controllers/Home.php(217): CodeIgniter\Debug\Exceptions->errorHandler(2, 'Attempt to read property "collections_id" on null', 'APPPATH/Controllers/Home.php', 217)
 2 SYSTEMPATH/CodeIgniter.php(925): App\Controllers\Home->collection('FCPATH/assets', 'images', 'products', 'small', 'product-1.jpg')
 3 SYSTEMPATH/CodeIgniter.php(480): CodeIgniter\CodeIgniter->runController(Object(App\Controllers\Home))
 4 SYSTEMPATH/CodeIgniter.php(349): CodeIgniter\CodeIgniter->handleRequest(null, Object(Config\Cache), false)
 5 FCPATH/index.php(67): CodeIgniter\CodeIgniter->run()
CRITICAL - 2025-05-30 07:02:41 --> Attempt to read property "collections_id" on null
in APPPATH/Controllers/Home.php on line 217.
 1 APPPATH/Controllers/Home.php(217): CodeIgniter\Debug\Exceptions->errorHandler(2, 'Attempt to read property "collections_id" on null', 'APPPATH/Controllers/Home.php', 217)
 2 SYSTEMPATH/CodeIgniter.php(925): App\Controllers\Home->collection('FCPATH/assets', 'images', 'products', 'small', 'product-1.jpg')
 3 SYSTEMPATH/CodeIgniter.php(480): CodeIgniter\CodeIgniter->runController(Object(App\Controllers\Home))
 4 SYSTEMPATH/CodeIgniter.php(349): CodeIgniter\CodeIgniter->handleRequest(null, Object(Config\Cache), false)
 5 FCPATH/index.php(67): CodeIgniter\CodeIgniter->run()
CRITICAL - 2025-05-30 07:03:41 --> Attempt to read property "collections_id" on null
in APPPATH/Controllers/Home.php on line 217.
 1 APPPATH/Controllers/Home.php(217): CodeIgniter\Debug\Exceptions->errorHandler(2, 'Attempt to read property "collections_id" on null', 'APPPATH/Controllers/Home.php', 217)
 2 SYSTEMPATH/CodeIgniter.php(925): App\Controllers\Home->collection('FCPATH/assets', 'images', 'products', 'small', 'product-1.jpg')
 3 SYSTEMPATH/CodeIgniter.php(480): CodeIgniter\CodeIgniter->runController(Object(App\Controllers\Home))
 4 SYSTEMPATH/CodeIgniter.php(349): CodeIgniter\CodeIgniter->handleRequest(null, Object(Config\Cache), false)
 5 FCPATH/index.php(67): CodeIgniter\CodeIgniter->run()
CRITICAL - 2025-05-30 07:04:40 --> Attempt to read property "collections_id" on null
in APPPATH/Controllers/Home.php on line 217.
 1 APPPATH/Controllers/Home.php(217): CodeIgniter\Debug\Exceptions->errorHandler(2, 'Attempt to read property "collections_id" on null', 'APPPATH/Controllers/Home.php', 217)
 2 SYSTEMPATH/CodeIgniter.php(925): App\Controllers\Home->collection('FCPATH/assets', 'images', 'products', 'small', 'product-1.jpg')
 3 SYSTEMPATH/CodeIgniter.php(480): CodeIgniter\CodeIgniter->runController(Object(App\Controllers\Home))
 4 SYSTEMPATH/CodeIgniter.php(349): CodeIgniter\CodeIgniter->handleRequest(null, Object(Config\Cache), false)
 5 FCPATH/index.php(67): CodeIgniter\CodeIgniter->run()
CRITICAL - 2025-05-30 07:05:41 --> Attempt to read property "collections_id" on null
in APPPATH/Controllers/Home.php on line 217.
 1 APPPATH/Controllers/Home.php(217): CodeIgniter\Debug\Exceptions->errorHandler(2, 'Attempt to read property "collections_id" on null', 'APPPATH/Controllers/Home.php', 217)
 2 SYSTEMPATH/CodeIgniter.php(925): App\Controllers\Home->collection('FCPATH/assets', 'images', 'products', 'small', 'product-1.jpg')
 3 SYSTEMPATH/CodeIgniter.php(480): CodeIgniter\CodeIgniter->runController(Object(App\Controllers\Home))
 4 SYSTEMPATH/CodeIgniter.php(349): CodeIgniter\CodeIgniter->handleRequest(null, Object(Config\Cache), false)
 5 FCPATH/index.php(67): CodeIgniter\CodeIgniter->run()
CRITICAL - 2025-05-30 07:06:40 --> Attempt to read property "collections_id" on null
in APPPATH/Controllers/Home.php on line 217.
 1 APPPATH/Controllers/Home.php(217): CodeIgniter\Debug\Exceptions->errorHandler(2, 'Attempt to read property "collections_id" on null', 'APPPATH/Controllers/Home.php', 217)
 2 SYSTEMPATH/CodeIgniter.php(925): App\Controllers\Home->collection('FCPATH/assets', 'images', 'products', 'small', 'product-1.jpg')
 3 SYSTEMPATH/CodeIgniter.php(480): CodeIgniter\CodeIgniter->runController(Object(App\Controllers\Home))
 4 SYSTEMPATH/CodeIgniter.php(349): CodeIgniter\CodeIgniter->handleRequest(null, Object(Config\Cache), false)
 5 FCPATH/index.php(67): CodeIgniter\CodeIgniter->run()
CRITICAL - 2025-05-30 07:07:41 --> Attempt to read property "collections_id" on null
in APPPATH/Controllers/Home.php on line 217.
 1 APPPATH/Controllers/Home.php(217): CodeIgniter\Debug\Exceptions->errorHandler(2, 'Attempt to read property "collections_id" on null', 'APPPATH/Controllers/Home.php', 217)
 2 SYSTEMPATH/CodeIgniter.php(925): App\Controllers\Home->collection('FCPATH/assets', 'images', 'products', 'small', 'product-1.jpg')
 3 SYSTEMPATH/CodeIgniter.php(480): CodeIgniter\CodeIgniter->runController(Object(App\Controllers\Home))
 4 SYSTEMPATH/CodeIgniter.php(349): CodeIgniter\CodeIgniter->handleRequest(null, Object(Config\Cache), false)
 5 FCPATH/index.php(67): CodeIgniter\CodeIgniter->run()
CRITICAL - 2025-05-30 07:08:40 --> Attempt to read property "collections_id" on null
in APPPATH/Controllers/Home.php on line 217.
 1 APPPATH/Controllers/Home.php(217): CodeIgniter\Debug\Exceptions->errorHandler(2, 'Attempt to read property "collections_id" on null', 'APPPATH/Controllers/Home.php', 217)
 2 SYSTEMPATH/CodeIgniter.php(925): App\Controllers\Home->collection('FCPATH/assets', 'images', 'products', 'small', 'product-1.jpg')
 3 SYSTEMPATH/CodeIgniter.php(480): CodeIgniter\CodeIgniter->runController(Object(App\Controllers\Home))
 4 SYSTEMPATH/CodeIgniter.php(349): CodeIgniter\CodeIgniter->handleRequest(null, Object(Config\Cache), false)
 5 FCPATH/index.php(67): CodeIgniter\CodeIgniter->run()
CRITICAL - 2025-05-30 07:09:41 --> Attempt to read property "collections_id" on null
in APPPATH/Controllers/Home.php on line 217.
 1 APPPATH/Controllers/Home.php(217): CodeIgniter\Debug\Exceptions->errorHandler(2, 'Attempt to read property "collections_id" on null', 'APPPATH/Controllers/Home.php', 217)
 2 SYSTEMPATH/CodeIgniter.php(925): App\Controllers\Home->collection('FCPATH/assets', 'images', 'products', 'small', 'product-1.jpg')
 3 SYSTEMPATH/CodeIgniter.php(480): CodeIgniter\CodeIgniter->runController(Object(App\Controllers\Home))
 4 SYSTEMPATH/CodeIgniter.php(349): CodeIgniter\CodeIgniter->handleRequest(null, Object(Config\Cache), false)
 5 FCPATH/index.php(67): CodeIgniter\CodeIgniter->run()
CRITICAL - 2025-05-30 07:10:40 --> Attempt to read property "collections_id" on null
in APPPATH/Controllers/Home.php on line 217.
 1 APPPATH/Controllers/Home.php(217): CodeIgniter\Debug\Exceptions->errorHandler(2, 'Attempt to read property "collections_id" on null', 'APPPATH/Controllers/Home.php', 217)
 2 SYSTEMPATH/CodeIgniter.php(925): App\Controllers\Home->collection('FCPATH/assets', 'images', 'products', 'small', 'product-1.jpg')
 3 SYSTEMPATH/CodeIgniter.php(480): CodeIgniter\CodeIgniter->runController(Object(App\Controllers\Home))
 4 SYSTEMPATH/CodeIgniter.php(349): CodeIgniter\CodeIgniter->handleRequest(null, Object(Config\Cache), false)
 5 FCPATH/index.php(67): CodeIgniter\CodeIgniter->run()
CRITICAL - 2025-05-30 07:11:41 --> Attempt to read property "collections_id" on null
in APPPATH/Controllers/Home.php on line 217.
 1 APPPATH/Controllers/Home.php(217): CodeIgniter\Debug\Exceptions->errorHandler(2, 'Attempt to read property "collections_id" on null', 'APPPATH/Controllers/Home.php', 217)
 2 SYSTEMPATH/CodeIgniter.php(925): App\Controllers\Home->collection('FCPATH/assets', 'images', 'products', 'small', 'product-1.jpg')
 3 SYSTEMPATH/CodeIgniter.php(480): CodeIgniter\CodeIgniter->runController(Object(App\Controllers\Home))
 4 SYSTEMPATH/CodeIgniter.php(349): CodeIgniter\CodeIgniter->handleRequest(null, Object(Config\Cache), false)
 5 FCPATH/index.php(67): CodeIgniter\CodeIgniter->run()
CRITICAL - 2025-05-30 07:12:40 --> Attempt to read property "collections_id" on null
in APPPATH/Controllers/Home.php on line 217.
 1 APPPATH/Controllers/Home.php(217): CodeIgniter\Debug\Exceptions->errorHandler(2, 'Attempt to read property "collections_id" on null', 'APPPATH/Controllers/Home.php', 217)
 2 SYSTEMPATH/CodeIgniter.php(925): App\Controllers\Home->collection('FCPATH/assets', 'images', 'products', 'small', 'product-1.jpg')
 3 SYSTEMPATH/CodeIgniter.php(480): CodeIgniter\CodeIgniter->runController(Object(App\Controllers\Home))
 4 SYSTEMPATH/CodeIgniter.php(349): CodeIgniter\CodeIgniter->handleRequest(null, Object(Config\Cache), false)
 5 FCPATH/index.php(67): CodeIgniter\CodeIgniter->run()
CRITICAL - 2025-05-30 07:13:41 --> Attempt to read property "collections_id" on null
in APPPATH/Controllers/Home.php on line 217.
 1 APPPATH/Controllers/Home.php(217): CodeIgniter\Debug\Exceptions->errorHandler(2, 'Attempt to read property "collections_id" on null', 'APPPATH/Controllers/Home.php', 217)
 2 SYSTEMPATH/CodeIgniter.php(925): App\Controllers\Home->collection('FCPATH/assets', 'images', 'products', 'small', 'product-1.jpg')
 3 SYSTEMPATH/CodeIgniter.php(480): CodeIgniter\CodeIgniter->runController(Object(App\Controllers\Home))
 4 SYSTEMPATH/CodeIgniter.php(349): CodeIgniter\CodeIgniter->handleRequest(null, Object(Config\Cache), false)
 5 FCPATH/index.php(67): CodeIgniter\CodeIgniter->run()
CRITICAL - 2025-05-30 07:14:42 --> Attempt to read property "collections_id" on null
in APPPATH/Controllers/Home.php on line 217.
 1 APPPATH/Controllers/Home.php(217): CodeIgniter\Debug\Exceptions->errorHandler(2, 'Attempt to read property "collections_id" on null', 'APPPATH/Controllers/Home.php', 217)
 2 SYSTEMPATH/CodeIgniter.php(925): App\Controllers\Home->collection('FCPATH/assets', 'images', 'products', 'small', 'product-1.jpg')
 3 SYSTEMPATH/CodeIgniter.php(480): CodeIgniter\CodeIgniter->runController(Object(App\Controllers\Home))
 4 SYSTEMPATH/CodeIgniter.php(349): CodeIgniter\CodeIgniter->handleRequest(null, Object(Config\Cache), false)
 5 FCPATH/index.php(67): CodeIgniter\CodeIgniter->run()
CRITICAL - 2025-05-30 07:15:41 --> Attempt to read property "collections_id" on null
in APPPATH/Controllers/Home.php on line 217.
 1 APPPATH/Controllers/Home.php(217): CodeIgniter\Debug\Exceptions->errorHandler(2, 'Attempt to read property "collections_id" on null', 'APPPATH/Controllers/Home.php', 217)
 2 SYSTEMPATH/CodeIgniter.php(925): App\Controllers\Home->collection('FCPATH/assets', 'images', 'products', 'small', 'product-1.jpg')
 3 SYSTEMPATH/CodeIgniter.php(480): CodeIgniter\CodeIgniter->runController(Object(App\Controllers\Home))
 4 SYSTEMPATH/CodeIgniter.php(349): CodeIgniter\CodeIgniter->handleRequest(null, Object(Config\Cache), false)
 5 FCPATH/index.php(67): CodeIgniter\CodeIgniter->run()
CRITICAL - 2025-05-30 07:16:40 --> Attempt to read property "collections_id" on null
in APPPATH/Controllers/Home.php on line 217.
 1 APPPATH/Controllers/Home.php(217): CodeIgniter\Debug\Exceptions->errorHandler(2, 'Attempt to read property "collections_id" on null', 'APPPATH/Controllers/Home.php', 217)
 2 SYSTEMPATH/CodeIgniter.php(925): App\Controllers\Home->collection('FCPATH/assets', 'images', 'products', 'small', 'product-1.jpg')
 3 SYSTEMPATH/CodeIgniter.php(480): CodeIgniter\CodeIgniter->runController(Object(App\Controllers\Home))
 4 SYSTEMPATH/CodeIgniter.php(349): CodeIgniter\CodeIgniter->handleRequest(null, Object(Config\Cache), false)
 5 FCPATH/index.php(67): CodeIgniter\CodeIgniter->run()
CRITICAL - 2025-05-30 07:17:41 --> Attempt to read property "collections_id" on null
in APPPATH/Controllers/Home.php on line 217.
 1 APPPATH/Controllers/Home.php(217): CodeIgniter\Debug\Exceptions->errorHandler(2, 'Attempt to read property "collections_id" on null', 'APPPATH/Controllers/Home.php', 217)
 2 SYSTEMPATH/CodeIgniter.php(925): App\Controllers\Home->collection('FCPATH/assets', 'images', 'products', 'small', 'product-1.jpg')
 3 SYSTEMPATH/CodeIgniter.php(480): CodeIgniter\CodeIgniter->runController(Object(App\Controllers\Home))
 4 SYSTEMPATH/CodeIgniter.php(349): CodeIgniter\CodeIgniter->handleRequest(null, Object(Config\Cache), false)
 5 FCPATH/index.php(67): CodeIgniter\CodeIgniter->run()
CRITICAL - 2025-05-30 07:18:40 --> Attempt to read property "collections_id" on null
in APPPATH/Controllers/Home.php on line 217.
 1 APPPATH/Controllers/Home.php(217): CodeIgniter\Debug\Exceptions->errorHandler(2, 'Attempt to read property "collections_id" on null', 'APPPATH/Controllers/Home.php', 217)
 2 SYSTEMPATH/CodeIgniter.php(925): App\Controllers\Home->collection('FCPATH/assets', 'images', 'products', 'small', 'product-1.jpg')
 3 SYSTEMPATH/CodeIgniter.php(480): CodeIgniter\CodeIgniter->runController(Object(App\Controllers\Home))
 4 SYSTEMPATH/CodeIgniter.php(349): CodeIgniter\CodeIgniter->handleRequest(null, Object(Config\Cache), false)
 5 FCPATH/index.php(67): CodeIgniter\CodeIgniter->run()
CRITICAL - 2025-05-30 07:19:41 --> Attempt to read property "collections_id" on null
in APPPATH/Controllers/Home.php on line 217.
 1 APPPATH/Controllers/Home.php(217): CodeIgniter\Debug\Exceptions->errorHandler(2, 'Attempt to read property "collections_id" on null', 'APPPATH/Controllers/Home.php', 217)
 2 SYSTEMPATH/CodeIgniter.php(925): App\Controllers\Home->collection('FCPATH/assets', 'images', 'products', 'small', 'product-1.jpg')
 3 SYSTEMPATH/CodeIgniter.php(480): CodeIgniter\CodeIgniter->runController(Object(App\Controllers\Home))
 4 SYSTEMPATH/CodeIgniter.php(349): CodeIgniter\CodeIgniter->handleRequest(null, Object(Config\Cache), false)
 5 FCPATH/index.php(67): CodeIgniter\CodeIgniter->run()
CRITICAL - 2025-05-30 07:20:40 --> Attempt to read property "collections_id" on null
in APPPATH/Controllers/Home.php on line 217.
 1 APPPATH/Controllers/Home.php(217): CodeIgniter\Debug\Exceptions->errorHandler(2, 'Attempt to read property "collections_id" on null', 'APPPATH/Controllers/Home.php', 217)
 2 SYSTEMPATH/CodeIgniter.php(925): App\Controllers\Home->collection('FCPATH/assets', 'images', 'products', 'small', 'product-1.jpg')
 3 SYSTEMPATH/CodeIgniter.php(480): CodeIgniter\CodeIgniter->runController(Object(App\Controllers\Home))
 4 SYSTEMPATH/CodeIgniter.php(349): CodeIgniter\CodeIgniter->handleRequest(null, Object(Config\Cache), false)
 5 FCPATH/index.php(67): CodeIgniter\CodeIgniter->run()
CRITICAL - 2025-05-30 07:21:41 --> Attempt to read property "collections_id" on null
in APPPATH/Controllers/Home.php on line 217.
 1 APPPATH/Controllers/Home.php(217): CodeIgniter\Debug\Exceptions->errorHandler(2, 'Attempt to read property "collections_id" on null', 'APPPATH/Controllers/Home.php', 217)
 2 SYSTEMPATH/CodeIgniter.php(925): App\Controllers\Home->collection('FCPATH/assets', 'images', 'products', 'small', 'product-1.jpg')
 3 SYSTEMPATH/CodeIgniter.php(480): CodeIgniter\CodeIgniter->runController(Object(App\Controllers\Home))
 4 SYSTEMPATH/CodeIgniter.php(349): CodeIgniter\CodeIgniter->handleRequest(null, Object(Config\Cache), false)
 5 FCPATH/index.php(67): CodeIgniter\CodeIgniter->run()
CRITICAL - 2025-05-30 07:22:40 --> Attempt to read property "collections_id" on null
in APPPATH/Controllers/Home.php on line 217.
 1 APPPATH/Controllers/Home.php(217): CodeIgniter\Debug\Exceptions->errorHandler(2, 'Attempt to read property "collections_id" on null', 'APPPATH/Controllers/Home.php', 217)
 2 SYSTEMPATH/CodeIgniter.php(925): App\Controllers\Home->collection('FCPATH/assets', 'images', 'products', 'small', 'product-1.jpg')
 3 SYSTEMPATH/CodeIgniter.php(480): CodeIgniter\CodeIgniter->runController(Object(App\Controllers\Home))
 4 SYSTEMPATH/CodeIgniter.php(349): CodeIgniter\CodeIgniter->handleRequest(null, Object(Config\Cache), false)
 5 FCPATH/index.php(67): CodeIgniter\CodeIgniter->run()
CRITICAL - 2025-05-30 07:23:41 --> Attempt to read property "collections_id" on null
in APPPATH/Controllers/Home.php on line 217.
 1 APPPATH/Controllers/Home.php(217): CodeIgniter\Debug\Exceptions->errorHandler(2, 'Attempt to read property "collections_id" on null', 'APPPATH/Controllers/Home.php', 217)
 2 SYSTEMPATH/CodeIgniter.php(925): App\Controllers\Home->collection('FCPATH/assets', 'images', 'products', 'small', 'product-1.jpg')
 3 SYSTEMPATH/CodeIgniter.php(480): CodeIgniter\CodeIgniter->runController(Object(App\Controllers\Home))
 4 SYSTEMPATH/CodeIgniter.php(349): CodeIgniter\CodeIgniter->handleRequest(null, Object(Config\Cache), false)
 5 FCPATH/index.php(67): CodeIgniter\CodeIgniter->run()
CRITICAL - 2025-05-30 07:24:40 --> Attempt to read property "collections_id" on null
in APPPATH/Controllers/Home.php on line 217.
 1 APPPATH/Controllers/Home.php(217): CodeIgniter\Debug\Exceptions->errorHandler(2, 'Attempt to read property "collections_id" on null', 'APPPATH/Controllers/Home.php', 217)
 2 SYSTEMPATH/CodeIgniter.php(925): App\Controllers\Home->collection('FCPATH/assets', 'images', 'products', 'small', 'product-1.jpg')
 3 SYSTEMPATH/CodeIgniter.php(480): CodeIgniter\CodeIgniter->runController(Object(App\Controllers\Home))
 4 SYSTEMPATH/CodeIgniter.php(349): CodeIgniter\CodeIgniter->handleRequest(null, Object(Config\Cache), false)
 5 FCPATH/index.php(67): CodeIgniter\CodeIgniter->run()
CRITICAL - 2025-05-30 07:25:41 --> Attempt to read property "collections_id" on null
in APPPATH/Controllers/Home.php on line 217.
 1 APPPATH/Controllers/Home.php(217): CodeIgniter\Debug\Exceptions->errorHandler(2, 'Attempt to read property "collections_id" on null', 'APPPATH/Controllers/Home.php', 217)
 2 SYSTEMPATH/CodeIgniter.php(925): App\Controllers\Home->collection('FCPATH/assets', 'images', 'products', 'small', 'product-1.jpg')
 3 SYSTEMPATH/CodeIgniter.php(480): CodeIgniter\CodeIgniter->runController(Object(App\Controllers\Home))
 4 SYSTEMPATH/CodeIgniter.php(349): CodeIgniter\CodeIgniter->handleRequest(null, Object(Config\Cache), false)
 5 FCPATH/index.php(67): CodeIgniter\CodeIgniter->run()
CRITICAL - 2025-05-30 07:26:40 --> Attempt to read property "collections_id" on null
in APPPATH/Controllers/Home.php on line 217.
 1 APPPATH/Controllers/Home.php(217): CodeIgniter\Debug\Exceptions->errorHandler(2, 'Attempt to read property "collections_id" on null', 'APPPATH/Controllers/Home.php', 217)
 2 SYSTEMPATH/CodeIgniter.php(925): App\Controllers\Home->collection('FCPATH/assets', 'images', 'products', 'small', 'product-1.jpg')
 3 SYSTEMPATH/CodeIgniter.php(480): CodeIgniter\CodeIgniter->runController(Object(App\Controllers\Home))
 4 SYSTEMPATH/CodeIgniter.php(349): CodeIgniter\CodeIgniter->handleRequest(null, Object(Config\Cache), false)
 5 FCPATH/index.php(67): CodeIgniter\CodeIgniter->run()
CRITICAL - 2025-05-30 07:27:42 --> Attempt to read property "collections_id" on null
in APPPATH/Controllers/Home.php on line 217.
 1 APPPATH/Controllers/Home.php(217): CodeIgniter\Debug\Exceptions->errorHandler(2, 'Attempt to read property "collections_id" on null', 'APPPATH/Controllers/Home.php', 217)
 2 SYSTEMPATH/CodeIgniter.php(925): App\Controllers\Home->collection('FCPATH/assets', 'images', 'products', 'small', 'product-1.jpg')
 3 SYSTEMPATH/CodeIgniter.php(480): CodeIgniter\CodeIgniter->runController(Object(App\Controllers\Home))
 4 SYSTEMPATH/CodeIgniter.php(349): CodeIgniter\CodeIgniter->handleRequest(null, Object(Config\Cache), false)
 5 FCPATH/index.php(67): CodeIgniter\CodeIgniter->run()
CRITICAL - 2025-05-30 07:28:40 --> Attempt to read property "collections_id" on null
in APPPATH/Controllers/Home.php on line 217.
 1 APPPATH/Controllers/Home.php(217): CodeIgniter\Debug\Exceptions->errorHandler(2, 'Attempt to read property "collections_id" on null', 'APPPATH/Controllers/Home.php', 217)
 2 SYSTEMPATH/CodeIgniter.php(925): App\Controllers\Home->collection('FCPATH/assets', 'images', 'products', 'small', 'product-1.jpg')
 3 SYSTEMPATH/CodeIgniter.php(480): CodeIgniter\CodeIgniter->runController(Object(App\Controllers\Home))
 4 SYSTEMPATH/CodeIgniter.php(349): CodeIgniter\CodeIgniter->handleRequest(null, Object(Config\Cache), false)
 5 FCPATH/index.php(67): CodeIgniter\CodeIgniter->run()
CRITICAL - 2025-05-30 07:29:41 --> Attempt to read property "collections_id" on null
in APPPATH/Controllers/Home.php on line 217.
 1 APPPATH/Controllers/Home.php(217): CodeIgniter\Debug\Exceptions->errorHandler(2, 'Attempt to read property "collections_id" on null', 'APPPATH/Controllers/Home.php', 217)
 2 SYSTEMPATH/CodeIgniter.php(925): App\Controllers\Home->collection('FCPATH/assets', 'images', 'products', 'small', 'product-1.jpg')
 3 SYSTEMPATH/CodeIgniter.php(480): CodeIgniter\CodeIgniter->runController(Object(App\Controllers\Home))
 4 SYSTEMPATH/CodeIgniter.php(349): CodeIgniter\CodeIgniter->handleRequest(null, Object(Config\Cache), false)
 5 FCPATH/index.php(67): CodeIgniter\CodeIgniter->run()
CRITICAL - 2025-05-30 07:30:42 --> Attempt to read property "collections_id" on null
in APPPATH/Controllers/Home.php on line 217.
 1 APPPATH/Controllers/Home.php(217): CodeIgniter\Debug\Exceptions->errorHandler(2, 'Attempt to read property "collections_id" on null', 'APPPATH/Controllers/Home.php', 217)
 2 SYSTEMPATH/CodeIgniter.php(925): App\Controllers\Home->collection('FCPATH/assets', 'images', 'products', 'small', 'product-1.jpg')
 3 SYSTEMPATH/CodeIgniter.php(480): CodeIgniter\CodeIgniter->runController(Object(App\Controllers\Home))
 4 SYSTEMPATH/CodeIgniter.php(349): CodeIgniter\CodeIgniter->handleRequest(null, Object(Config\Cache), false)
 5 FCPATH/index.php(67): CodeIgniter\CodeIgniter->run()
CRITICAL - 2025-05-30 07:31:41 --> Attempt to read property "collections_id" on null
in APPPATH/Controllers/Home.php on line 217.
 1 APPPATH/Controllers/Home.php(217): CodeIgniter\Debug\Exceptions->errorHandler(2, 'Attempt to read property "collections_id" on null', 'APPPATH/Controllers/Home.php', 217)
 2 SYSTEMPATH/CodeIgniter.php(925): App\Controllers\Home->collection('FCPATH/assets', 'images', 'products', 'small', 'product-1.jpg')
 3 SYSTEMPATH/CodeIgniter.php(480): CodeIgniter\CodeIgniter->runController(Object(App\Controllers\Home))
 4 SYSTEMPATH/CodeIgniter.php(349): CodeIgniter\CodeIgniter->handleRequest(null, Object(Config\Cache), false)
 5 FCPATH/index.php(67): CodeIgniter\CodeIgniter->run()
CRITICAL - 2025-05-30 07:32:41 --> Attempt to read property "collections_id" on null
in APPPATH/Controllers/Home.php on line 217.
 1 APPPATH/Controllers/Home.php(217): CodeIgniter\Debug\Exceptions->errorHandler(2, 'Attempt to read property "collections_id" on null', 'APPPATH/Controllers/Home.php', 217)
 2 SYSTEMPATH/CodeIgniter.php(925): App\Controllers\Home->collection('FCPATH/assets', 'images', 'products', 'small', 'product-1.jpg')
 3 SYSTEMPATH/CodeIgniter.php(480): CodeIgniter\CodeIgniter->runController(Object(App\Controllers\Home))
 4 SYSTEMPATH/CodeIgniter.php(349): CodeIgniter\CodeIgniter->handleRequest(null, Object(Config\Cache), false)
 5 FCPATH/index.php(67): CodeIgniter\CodeIgniter->run()
CRITICAL - 2025-05-30 07:33:41 --> Attempt to read property "collections_id" on null
in APPPATH/Controllers/Home.php on line 217.
 1 APPPATH/Controllers/Home.php(217): CodeIgniter\Debug\Exceptions->errorHandler(2, 'Attempt to read property "collections_id" on null', 'APPPATH/Controllers/Home.php', 217)
 2 SYSTEMPATH/CodeIgniter.php(925): App\Controllers\Home->collection('FCPATH/assets', 'images', 'products', 'small', 'product-1.jpg')
 3 SYSTEMPATH/CodeIgniter.php(480): CodeIgniter\CodeIgniter->runController(Object(App\Controllers\Home))
 4 SYSTEMPATH/CodeIgniter.php(349): CodeIgniter\CodeIgniter->handleRequest(null, Object(Config\Cache), false)
 5 FCPATH/index.php(67): CodeIgniter\CodeIgniter->run()
CRITICAL - 2025-05-30 07:34:40 --> Attempt to read property "collections_id" on null
in APPPATH/Controllers/Home.php on line 217.
 1 APPPATH/Controllers/Home.php(217): CodeIgniter\Debug\Exceptions->errorHandler(2, 'Attempt to read property "collections_id" on null', 'APPPATH/Controllers/Home.php', 217)
 2 SYSTEMPATH/CodeIgniter.php(925): App\Controllers\Home->collection('FCPATH/assets', 'images', 'products', 'small', 'product-1.jpg')
 3 SYSTEMPATH/CodeIgniter.php(480): CodeIgniter\CodeIgniter->runController(Object(App\Controllers\Home))
 4 SYSTEMPATH/CodeIgniter.php(349): CodeIgniter\CodeIgniter->handleRequest(null, Object(Config\Cache), false)
 5 FCPATH/index.php(67): CodeIgniter\CodeIgniter->run()
CRITICAL - 2025-05-30 07:35:41 --> Attempt to read property "collections_id" on null
in APPPATH/Controllers/Home.php on line 217.
 1 APPPATH/Controllers/Home.php(217): CodeIgniter\Debug\Exceptions->errorHandler(2, 'Attempt to read property "collections_id" on null', 'APPPATH/Controllers/Home.php', 217)
 2 SYSTEMPATH/CodeIgniter.php(925): App\Controllers\Home->collection('FCPATH/assets', 'images', 'products', 'small', 'product-1.jpg')
 3 SYSTEMPATH/CodeIgniter.php(480): CodeIgniter\CodeIgniter->runController(Object(App\Controllers\Home))
 4 SYSTEMPATH/CodeIgniter.php(349): CodeIgniter\CodeIgniter->handleRequest(null, Object(Config\Cache), false)
 5 FCPATH/index.php(67): CodeIgniter\CodeIgniter->run()
CRITICAL - 2025-05-30 07:36:41 --> Attempt to read property "collections_id" on null
in APPPATH/Controllers/Home.php on line 217.
 1 APPPATH/Controllers/Home.php(217): CodeIgniter\Debug\Exceptions->errorHandler(2, 'Attempt to read property "collections_id" on null', 'APPPATH/Controllers/Home.php', 217)
 2 SYSTEMPATH/CodeIgniter.php(925): App\Controllers\Home->collection('FCPATH/assets', 'images', 'products', 'small', 'product-1.jpg')
 3 SYSTEMPATH/CodeIgniter.php(480): CodeIgniter\CodeIgniter->runController(Object(App\Controllers\Home))
 4 SYSTEMPATH/CodeIgniter.php(349): CodeIgniter\CodeIgniter->handleRequest(null, Object(Config\Cache), false)
 5 FCPATH/index.php(67): CodeIgniter\CodeIgniter->run()
CRITICAL - 2025-05-30 07:37:41 --> Attempt to read property "collections_id" on null
in APPPATH/Controllers/Home.php on line 217.
 1 APPPATH/Controllers/Home.php(217): CodeIgniter\Debug\Exceptions->errorHandler(2, 'Attempt to read property "collections_id" on null', 'APPPATH/Controllers/Home.php', 217)
 2 SYSTEMPATH/CodeIgniter.php(925): App\Controllers\Home->collection('FCPATH/assets', 'images', 'products', 'small', 'product-1.jpg')
 3 SYSTEMPATH/CodeIgniter.php(480): CodeIgniter\CodeIgniter->runController(Object(App\Controllers\Home))
 4 SYSTEMPATH/CodeIgniter.php(349): CodeIgniter\CodeIgniter->handleRequest(null, Object(Config\Cache), false)
 5 FCPATH/index.php(67): CodeIgniter\CodeIgniter->run()
CRITICAL - 2025-05-30 07:38:40 --> Attempt to read property "collections_id" on null
in APPPATH/Controllers/Home.php on line 217.
 1 APPPATH/Controllers/Home.php(217): CodeIgniter\Debug\Exceptions->errorHandler(2, 'Attempt to read property "collections_id" on null', 'APPPATH/Controllers/Home.php', 217)
 2 SYSTEMPATH/CodeIgniter.php(925): App\Controllers\Home->collection('FCPATH/assets', 'images', 'products', 'small', 'product-1.jpg')
 3 SYSTEMPATH/CodeIgniter.php(480): CodeIgniter\CodeIgniter->runController(Object(App\Controllers\Home))
 4 SYSTEMPATH/CodeIgniter.php(349): CodeIgniter\CodeIgniter->handleRequest(null, Object(Config\Cache), false)
 5 FCPATH/index.php(67): CodeIgniter\CodeIgniter->run()
CRITICAL - 2025-05-30 07:39:41 --> Attempt to read property "collections_id" on null
in APPPATH/Controllers/Home.php on line 217.
 1 APPPATH/Controllers/Home.php(217): CodeIgniter\Debug\Exceptions->errorHandler(2, 'Attempt to read property "collections_id" on null', 'APPPATH/Controllers/Home.php', 217)
 2 SYSTEMPATH/CodeIgniter.php(925): App\Controllers\Home->collection('FCPATH/assets', 'images', 'products', 'small', 'product-1.jpg')
 3 SYSTEMPATH/CodeIgniter.php(480): CodeIgniter\CodeIgniter->runController(Object(App\Controllers\Home))
 4 SYSTEMPATH/CodeIgniter.php(349): CodeIgniter\CodeIgniter->handleRequest(null, Object(Config\Cache), false)
 5 FCPATH/index.php(67): CodeIgniter\CodeIgniter->run()
CRITICAL - 2025-05-30 07:40:40 --> Attempt to read property "collections_id" on null
in APPPATH/Controllers/Home.php on line 217.
 1 APPPATH/Controllers/Home.php(217): CodeIgniter\Debug\Exceptions->errorHandler(2, 'Attempt to read property "collections_id" on null', 'APPPATH/Controllers/Home.php', 217)
 2 SYSTEMPATH/CodeIgniter.php(925): App\Controllers\Home->collection('FCPATH/assets', 'images', 'products', 'small', 'product-1.jpg')
 3 SYSTEMPATH/CodeIgniter.php(480): CodeIgniter\CodeIgniter->runController(Object(App\Controllers\Home))
 4 SYSTEMPATH/CodeIgniter.php(349): CodeIgniter\CodeIgniter->handleRequest(null, Object(Config\Cache), false)
 5 FCPATH/index.php(67): CodeIgniter\CodeIgniter->run()
CRITICAL - 2025-05-30 07:41:41 --> Attempt to read property "collections_id" on null
in APPPATH/Controllers/Home.php on line 217.
 1 APPPATH/Controllers/Home.php(217): CodeIgniter\Debug\Exceptions->errorHandler(2, 'Attempt to read property "collections_id" on null', 'APPPATH/Controllers/Home.php', 217)
 2 SYSTEMPATH/CodeIgniter.php(925): App\Controllers\Home->collection('FCPATH/assets', 'images', 'products', 'small', 'product-1.jpg')
 3 SYSTEMPATH/CodeIgniter.php(480): CodeIgniter\CodeIgniter->runController(Object(App\Controllers\Home))
 4 SYSTEMPATH/CodeIgniter.php(349): CodeIgniter\CodeIgniter->handleRequest(null, Object(Config\Cache), false)
 5 FCPATH/index.php(67): CodeIgniter\CodeIgniter->run()
CRITICAL - 2025-05-30 07:42:41 --> Attempt to read property "collections_id" on null
in APPPATH/Controllers/Home.php on line 217.
 1 APPPATH/Controllers/Home.php(217): CodeIgniter\Debug\Exceptions->errorHandler(2, 'Attempt to read property "collections_id" on null', 'APPPATH/Controllers/Home.php', 217)
 2 SYSTEMPATH/CodeIgniter.php(925): App\Controllers\Home->collection('FCPATH/assets', 'images', 'products', 'small', 'product-1.jpg')
 3 SYSTEMPATH/CodeIgniter.php(480): CodeIgniter\CodeIgniter->runController(Object(App\Controllers\Home))
 4 SYSTEMPATH/CodeIgniter.php(349): CodeIgniter\CodeIgniter->handleRequest(null, Object(Config\Cache), false)
 5 FCPATH/index.php(67): CodeIgniter\CodeIgniter->run()
CRITICAL - 2025-05-30 07:43:42 --> Attempt to read property "collections_id" on null
in APPPATH/Controllers/Home.php on line 217.
 1 APPPATH/Controllers/Home.php(217): CodeIgniter\Debug\Exceptions->errorHandler(2, 'Attempt to read property "collections_id" on null', 'APPPATH/Controllers/Home.php', 217)
 2 SYSTEMPATH/CodeIgniter.php(925): App\Controllers\Home->collection('FCPATH/assets', 'images', 'products', 'small', 'product-1.jpg')
 3 SYSTEMPATH/CodeIgniter.php(480): CodeIgniter\CodeIgniter->runController(Object(App\Controllers\Home))
 4 SYSTEMPATH/CodeIgniter.php(349): CodeIgniter\CodeIgniter->handleRequest(null, Object(Config\Cache), false)
 5 FCPATH/index.php(67): CodeIgniter\CodeIgniter->run()
CRITICAL - 2025-05-30 07:44:41 --> Attempt to read property "collections_id" on null
in APPPATH/Controllers/Home.php on line 217.
 1 APPPATH/Controllers/Home.php(217): CodeIgniter\Debug\Exceptions->errorHandler(2, 'Attempt to read property "collections_id" on null', 'APPPATH/Controllers/Home.php', 217)
 2 SYSTEMPATH/CodeIgniter.php(925): App\Controllers\Home->collection('FCPATH/assets', 'images', 'products', 'small', 'product-1.jpg')
 3 SYSTEMPATH/CodeIgniter.php(480): CodeIgniter\CodeIgniter->runController(Object(App\Controllers\Home))
 4 SYSTEMPATH/CodeIgniter.php(349): CodeIgniter\CodeIgniter->handleRequest(null, Object(Config\Cache), false)
 5 FCPATH/index.php(67): CodeIgniter\CodeIgniter->run()
CRITICAL - 2025-05-30 07:48:40 --> Attempt to read property "collections_id" on null
in APPPATH/Controllers/Home.php on line 217.
 1 APPPATH/Controllers/Home.php(217): CodeIgniter\Debug\Exceptions->errorHandler(2, 'Attempt to read property "collections_id" on null', 'APPPATH/Controllers/Home.php', 217)
 2 SYSTEMPATH/CodeIgniter.php(925): App\Controllers\Home->collection('FCPATH/assets', 'images', 'products', 'small', 'product-1.jpg')
 3 SYSTEMPATH/CodeIgniter.php(480): CodeIgniter\CodeIgniter->runController(Object(App\Controllers\Home))
 4 SYSTEMPATH/CodeIgniter.php(349): CodeIgniter\CodeIgniter->handleRequest(null, Object(Config\Cache), false)
 5 FCPATH/index.php(67): CodeIgniter\CodeIgniter->run()
CRITICAL - 2025-05-30 07:49:40 --> Attempt to read property "collections_id" on null
in APPPATH/Controllers/Home.php on line 217.
 1 APPPATH/Controllers/Home.php(217): CodeIgniter\Debug\Exceptions->errorHandler(2, 'Attempt to read property "collections_id" on null', 'APPPATH/Controllers/Home.php', 217)
 2 SYSTEMPATH/CodeIgniter.php(925): App\Controllers\Home->collection('FCPATH/assets', 'images', 'products', 'small', 'product-1.jpg')
 3 SYSTEMPATH/CodeIgniter.php(480): CodeIgniter\CodeIgniter->runController(Object(App\Controllers\Home))
 4 SYSTEMPATH/CodeIgniter.php(349): CodeIgniter\CodeIgniter->handleRequest(null, Object(Config\Cache), false)
 5 FCPATH/index.php(67): CodeIgniter\CodeIgniter->run()
CRITICAL - 2025-05-30 07:50:40 --> Attempt to read property "collections_id" on null
in APPPATH/Controllers/Home.php on line 217.
 1 APPPATH/Controllers/Home.php(217): CodeIgniter\Debug\Exceptions->errorHandler(2, 'Attempt to read property "collections_id" on null', 'APPPATH/Controllers/Home.php', 217)
 2 SYSTEMPATH/CodeIgniter.php(925): App\Controllers\Home->collection('FCPATH/assets', 'images', 'products', 'small', 'product-1.jpg')
 3 SYSTEMPATH/CodeIgniter.php(480): CodeIgniter\CodeIgniter->runController(Object(App\Controllers\Home))
 4 SYSTEMPATH/CodeIgniter.php(349): CodeIgniter\CodeIgniter->handleRequest(null, Object(Config\Cache), false)
 5 FCPATH/index.php(67): CodeIgniter\CodeIgniter->run()
CRITICAL - 2025-05-30 07:51:40 --> Attempt to read property "collections_id" on null
in APPPATH/Controllers/Home.php on line 217.
 1 APPPATH/Controllers/Home.php(217): CodeIgniter\Debug\Exceptions->errorHandler(2, 'Attempt to read property "collections_id" on null', 'APPPATH/Controllers/Home.php', 217)
 2 SYSTEMPATH/CodeIgniter.php(925): App\Controllers\Home->collection('FCPATH/assets', 'images', 'products', 'small', 'product-1.jpg')
 3 SYSTEMPATH/CodeIgniter.php(480): CodeIgniter\CodeIgniter->runController(Object(App\Controllers\Home))
 4 SYSTEMPATH/CodeIgniter.php(349): CodeIgniter\CodeIgniter->handleRequest(null, Object(Config\Cache), false)
 5 FCPATH/index.php(67): CodeIgniter\CodeIgniter->run()
CRITICAL - 2025-05-30 07:52:40 --> Attempt to read property "collections_id" on null
in APPPATH/Controllers/Home.php on line 217.
 1 APPPATH/Controllers/Home.php(217): CodeIgniter\Debug\Exceptions->errorHandler(2, 'Attempt to read property "collections_id" on null', 'APPPATH/Controllers/Home.php', 217)
 2 SYSTEMPATH/CodeIgniter.php(925): App\Controllers\Home->collection('FCPATH/assets', 'images', 'products', 'small', 'product-1.jpg')
 3 SYSTEMPATH/CodeIgniter.php(480): CodeIgniter\CodeIgniter->runController(Object(App\Controllers\Home))
 4 SYSTEMPATH/CodeIgniter.php(349): CodeIgniter\CodeIgniter->handleRequest(null, Object(Config\Cache), false)
 5 FCPATH/index.php(67): CodeIgniter\CodeIgniter->run()
CRITICAL - 2025-05-30 07:53:40 --> Attempt to read property "collections_id" on null
in APPPATH/Controllers/Home.php on line 217.
 1 APPPATH/Controllers/Home.php(217): CodeIgniter\Debug\Exceptions->errorHandler(2, 'Attempt to read property "collections_id" on null', 'APPPATH/Controllers/Home.php', 217)
 2 SYSTEMPATH/CodeIgniter.php(925): App\Controllers\Home->collection('FCPATH/assets', 'images', 'products', 'small', 'product-1.jpg')
 3 SYSTEMPATH/CodeIgniter.php(480): CodeIgniter\CodeIgniter->runController(Object(App\Controllers\Home))
 4 SYSTEMPATH/CodeIgniter.php(349): CodeIgniter\CodeIgniter->handleRequest(null, Object(Config\Cache), false)
 5 FCPATH/index.php(67): CodeIgniter\CodeIgniter->run()
CRITICAL - 2025-05-30 07:54:40 --> Attempt to read property "collections_id" on null
in APPPATH/Controllers/Home.php on line 217.
 1 APPPATH/Controllers/Home.php(217): CodeIgniter\Debug\Exceptions->errorHandler(2, 'Attempt to read property "collections_id" on null', 'APPPATH/Controllers/Home.php', 217)
 2 SYSTEMPATH/CodeIgniter.php(925): App\Controllers\Home->collection('FCPATH/assets', 'images', 'products', 'small', 'product-1.jpg')
 3 SYSTEMPATH/CodeIgniter.php(480): CodeIgniter\CodeIgniter->runController(Object(App\Controllers\Home))
 4 SYSTEMPATH/CodeIgniter.php(349): CodeIgniter\CodeIgniter->handleRequest(null, Object(Config\Cache), false)
 5 FCPATH/index.php(67): CodeIgniter\CodeIgniter->run()
CRITICAL - 2025-05-30 07:55:40 --> Attempt to read property "collections_id" on null
in APPPATH/Controllers/Home.php on line 217.
 1 APPPATH/Controllers/Home.php(217): CodeIgniter\Debug\Exceptions->errorHandler(2, 'Attempt to read property "collections_id" on null', 'APPPATH/Controllers/Home.php', 217)
 2 SYSTEMPATH/CodeIgniter.php(925): App\Controllers\Home->collection('FCPATH/assets', 'images', 'products', 'small', 'product-1.jpg')
 3 SYSTEMPATH/CodeIgniter.php(480): CodeIgniter\CodeIgniter->runController(Object(App\Controllers\Home))
 4 SYSTEMPATH/CodeIgniter.php(349): CodeIgniter\CodeIgniter->handleRequest(null, Object(Config\Cache), false)
 5 FCPATH/index.php(67): CodeIgniter\CodeIgniter->run()
CRITICAL - 2025-05-30 07:56:40 --> Attempt to read property "collections_id" on null
in APPPATH/Controllers/Home.php on line 217.
 1 APPPATH/Controllers/Home.php(217): CodeIgniter\Debug\Exceptions->errorHandler(2, 'Attempt to read property "collections_id" on null', 'APPPATH/Controllers/Home.php', 217)
 2 SYSTEMPATH/CodeIgniter.php(925): App\Controllers\Home->collection('FCPATH/assets', 'images', 'products', 'small', 'product-1.jpg')
 3 SYSTEMPATH/CodeIgniter.php(480): CodeIgniter\CodeIgniter->runController(Object(App\Controllers\Home))
 4 SYSTEMPATH/CodeIgniter.php(349): CodeIgniter\CodeIgniter->handleRequest(null, Object(Config\Cache), false)
 5 FCPATH/index.php(67): CodeIgniter\CodeIgniter->run()
CRITICAL - 2025-05-30 07:57:40 --> Attempt to read property "collections_id" on null
in APPPATH/Controllers/Home.php on line 217.
 1 APPPATH/Controllers/Home.php(217): CodeIgniter\Debug\Exceptions->errorHandler(2, 'Attempt to read property "collections_id" on null', 'APPPATH/Controllers/Home.php', 217)
 2 SYSTEMPATH/CodeIgniter.php(925): App\Controllers\Home->collection('FCPATH/assets', 'images', 'products', 'small', 'product-1.jpg')
 3 SYSTEMPATH/CodeIgniter.php(480): CodeIgniter\CodeIgniter->runController(Object(App\Controllers\Home))
 4 SYSTEMPATH/CodeIgniter.php(349): CodeIgniter\CodeIgniter->handleRequest(null, Object(Config\Cache), false)
 5 FCPATH/index.php(67): CodeIgniter\CodeIgniter->run()
CRITICAL - 2025-05-30 07:58:40 --> Attempt to read property "collections_id" on null
in APPPATH/Controllers/Home.php on line 217.
 1 APPPATH/Controllers/Home.php(217): CodeIgniter\Debug\Exceptions->errorHandler(2, 'Attempt to read property "collections_id" on null', 'APPPATH/Controllers/Home.php', 217)
 2 SYSTEMPATH/CodeIgniter.php(925): App\Controllers\Home->collection('FCPATH/assets', 'images', 'products', 'small', 'product-1.jpg')
 3 SYSTEMPATH/CodeIgniter.php(480): CodeIgniter\CodeIgniter->runController(Object(App\Controllers\Home))
 4 SYSTEMPATH/CodeIgniter.php(349): CodeIgniter\CodeIgniter->handleRequest(null, Object(Config\Cache), false)
 5 FCPATH/index.php(67): CodeIgniter\CodeIgniter->run()
