CRITICAL - 2026-05-25 09:00:04 --> Attempt to read property "cms_page_name" on null
in APPPATH/Controllers/Home.php on line 1770.
 1 APPPATH/Controllers/Home.php(1770): CodeIgniter\Debug\Exceptions->errorHandler()
 2 SYSTEMPATH/CodeIgniter.php(925): App\Controllers\Home->pages()
 3 SYSTEMPATH/CodeIgniter.php(480): CodeIgniter\CodeIgniter->runController()
 4 SYSTEMPATH/CodeIgniter.php(349): CodeIgniter\CodeIgniter->handleRequest()
 5 FCPATH/index.php(67): CodeIgniter\CodeIgniter->run()
CRITICAL - 2026-05-25 17:09:56 --> Allowed memory size of 134217728 bytes exhausted (tried to allocate 20480 bytes)
in SYSTEMPATH/Database/MySQLi/Result.php on line 148.
 1 [internal function]: CodeIgniter\Debug\Exceptions->shutdownHandler()
CRITICAL - 2026-05-25 17:09:56 --> Cannot modify header information - headers already sent by (output started at /home/glezbsuv7iuc/public_html/system/Database/MySQLi/Result.php:148)
in SYSTEMPATH/HTTP/ResponseTrait.php on line 760.
 1 [internal function]: CodeIgniter\Debug\Exceptions->errorHandler()
 2 SYSTEMPATH/HTTP/ResponseTrait.php(760): setcookie()
 3 SYSTEMPATH/HTTP/ResponseTrait.php(736): CodeIgniter\HTTP\Response->doSetCookie()
 4 SYSTEMPATH/HTTP/ResponseTrait.php(716): CodeIgniter\HTTP\Response->dispatchCookies()
 5 SYSTEMPATH/HTTP/ResponseTrait.php(447): CodeIgniter\HTTP\Response->sendCookies()
 6 SYSTEMPATH/Debug/Exceptions.php(133): CodeIgniter\HTTP\Response->send()
 7 SYSTEMPATH/Debug/Exceptions.php(214): CodeIgniter\Debug\Exceptions->exceptionHandler()
 8 [internal function]: CodeIgniter\Debug\Exceptions->shutdownHandler()
CRITICAL - 2026-05-25 17:10:20 --> Allowed memory size of 134217728 bytes exhausted (tried to allocate 20480 bytes)
in SYSTEMPATH/Database/MySQLi/Result.php on line 148.
 1 [internal function]: CodeIgniter\Debug\Exceptions->shutdownHandler()
CRITICAL - 2026-05-25 17:10:20 --> Cannot modify header information - headers already sent by (output started at /home/glezbsuv7iuc/public_html/system/Database/MySQLi/Result.php:148)
in SYSTEMPATH/HTTP/ResponseTrait.php on line 760.
 1 [internal function]: CodeIgniter\Debug\Exceptions->errorHandler()
 2 SYSTEMPATH/HTTP/ResponseTrait.php(760): setcookie()
 3 SYSTEMPATH/HTTP/ResponseTrait.php(736): CodeIgniter\HTTP\Response->doSetCookie()
 4 SYSTEMPATH/HTTP/ResponseTrait.php(716): CodeIgniter\HTTP\Response->dispatchCookies()
 5 SYSTEMPATH/HTTP/ResponseTrait.php(447): CodeIgniter\HTTP\Response->sendCookies()
 6 SYSTEMPATH/Debug/Exceptions.php(133): CodeIgniter\HTTP\Response->send()
 7 SYSTEMPATH/Debug/Exceptions.php(214): CodeIgniter\Debug\Exceptions->exceptionHandler()
 8 [internal function]: CodeIgniter\Debug\Exceptions->shutdownHandler()
CRITICAL - 2026-05-25 17:10:30 --> Allowed memory size of 134217728 bytes exhausted (tried to allocate 20480 bytes)
in SYSTEMPATH/Database/MySQLi/Result.php on line 148.
 1 [internal function]: CodeIgniter\Debug\Exceptions->shutdownHandler()
CRITICAL - 2026-05-25 17:10:30 --> Cannot modify header information - headers already sent by (output started at /home/glezbsuv7iuc/public_html/system/Database/MySQLi/Result.php:148)
in SYSTEMPATH/HTTP/ResponseTrait.php on line 760.
 1 [internal function]: CodeIgniter\Debug\Exceptions->errorHandler()
 2 SYSTEMPATH/HTTP/ResponseTrait.php(760): setcookie()
 3 SYSTEMPATH/HTTP/ResponseTrait.php(736): CodeIgniter\HTTP\Response->doSetCookie()
 4 SYSTEMPATH/HTTP/ResponseTrait.php(716): CodeIgniter\HTTP\Response->dispatchCookies()
 5 SYSTEMPATH/HTTP/ResponseTrait.php(447): CodeIgniter\HTTP\Response->sendCookies()
 6 SYSTEMPATH/Debug/Exceptions.php(133): CodeIgniter\HTTP\Response->send()
 7 SYSTEMPATH/Debug/Exceptions.php(214): CodeIgniter\Debug\Exceptions->exceptionHandler()
 8 [internal function]: CodeIgniter\Debug\Exceptions->shutdownHandler()
CRITICAL - 2026-05-25 17:28:52 --> Allowed memory size of 134217728 bytes exhausted (tried to allocate 20480 bytes)
in SYSTEMPATH/Database/MySQLi/Result.php on line 148.
 1 [internal function]: CodeIgniter\Debug\Exceptions->shutdownHandler()
CRITICAL - 2026-05-25 17:28:52 --> Cannot modify header information - headers already sent by (output started at /home/glezbsuv7iuc/public_html/system/Database/MySQLi/Result.php:148)
in SYSTEMPATH/HTTP/ResponseTrait.php on line 760.
 1 [internal function]: CodeIgniter\Debug\Exceptions->errorHandler()
 2 SYSTEMPATH/HTTP/ResponseTrait.php(760): setcookie()
 3 SYSTEMPATH/HTTP/ResponseTrait.php(736): CodeIgniter\HTTP\Response->doSetCookie()
 4 SYSTEMPATH/HTTP/ResponseTrait.php(716): CodeIgniter\HTTP\Response->dispatchCookies()
 5 SYSTEMPATH/HTTP/ResponseTrait.php(447): CodeIgniter\HTTP\Response->sendCookies()
 6 SYSTEMPATH/Debug/Exceptions.php(133): CodeIgniter\HTTP\Response->send()
 7 SYSTEMPATH/Debug/Exceptions.php(214): CodeIgniter\Debug\Exceptions->exceptionHandler()
 8 [internal function]: CodeIgniter\Debug\Exceptions->shutdownHandler()
CRITICAL - 2026-05-25 17:29:01 --> Allowed memory size of 134217728 bytes exhausted (tried to allocate 20480 bytes)
in SYSTEMPATH/Database/MySQLi/Result.php on line 148.
 1 [internal function]: CodeIgniter\Debug\Exceptions->shutdownHandler()
CRITICAL - 2026-05-25 17:29:01 --> Cannot modify header information - headers already sent by (output started at /home/glezbsuv7iuc/public_html/system/Database/MySQLi/Result.php:148)
in SYSTEMPATH/HTTP/ResponseTrait.php on line 760.
 1 [internal function]: CodeIgniter\Debug\Exceptions->errorHandler()
 2 SYSTEMPATH/HTTP/ResponseTrait.php(760): setcookie()
 3 SYSTEMPATH/HTTP/ResponseTrait.php(736): CodeIgniter\HTTP\Response->doSetCookie()
 4 SYSTEMPATH/HTTP/ResponseTrait.php(716): CodeIgniter\HTTP\Response->dispatchCookies()
 5 SYSTEMPATH/HTTP/ResponseTrait.php(447): CodeIgniter\HTTP\Response->sendCookies()
 6 SYSTEMPATH/Debug/Exceptions.php(133): CodeIgniter\HTTP\Response->send()
 7 SYSTEMPATH/Debug/Exceptions.php(214): CodeIgniter\Debug\Exceptions->exceptionHandler()
 8 [internal function]: CodeIgniter\Debug\Exceptions->shutdownHandler()
CRITICAL - 2026-05-25 17:37:45 --> Allowed memory size of 134217728 bytes exhausted (tried to allocate 20480 bytes)
in SYSTEMPATH/Database/MySQLi/Result.php on line 148.
 1 [internal function]: CodeIgniter\Debug\Exceptions->shutdownHandler()
CRITICAL - 2026-05-25 17:37:45 --> Cannot modify header information - headers already sent by (output started at /home/glezbsuv7iuc/public_html/system/Database/MySQLi/Result.php:148)
in SYSTEMPATH/HTTP/ResponseTrait.php on line 760.
 1 [internal function]: CodeIgniter\Debug\Exceptions->errorHandler()
 2 SYSTEMPATH/HTTP/ResponseTrait.php(760): setcookie()
 3 SYSTEMPATH/HTTP/ResponseTrait.php(736): CodeIgniter\HTTP\Response->doSetCookie()
 4 SYSTEMPATH/HTTP/ResponseTrait.php(716): CodeIgniter\HTTP\Response->dispatchCookies()
 5 SYSTEMPATH/HTTP/ResponseTrait.php(447): CodeIgniter\HTTP\Response->sendCookies()
 6 SYSTEMPATH/Debug/Exceptions.php(133): CodeIgniter\HTTP\Response->send()
 7 SYSTEMPATH/Debug/Exceptions.php(214): CodeIgniter\Debug\Exceptions->exceptionHandler()
 8 [internal function]: CodeIgniter\Debug\Exceptions->shutdownHandler()
CRITICAL - 2026-05-25 17:41:46 --> Attempt to read property "product_id" on null
in APPPATH/Views/admin/edit_product.php on line 11.
 1 APPPATH/Views/admin/edit_product.php(11): CodeIgniter\Debug\Exceptions->errorHandler()
 2 SYSTEMPATH/View/View.php(213): include('APPPATH/Views/admin/edit_product.php')
 3 SYSTEMPATH/View/View.php(216): CodeIgniter\View\View->CodeIgniter\View\{closure}()
 4 SYSTEMPATH/Common.php(1135): CodeIgniter\View\View->render()
 5 APPPATH/Controllers/Admin.php(3274): view()
 6 SYSTEMPATH/CodeIgniter.php(925): App\Controllers\Admin->edit_product()
 7 SYSTEMPATH/CodeIgniter.php(480): CodeIgniter\CodeIgniter->runController()
 8 SYSTEMPATH/CodeIgniter.php(349): CodeIgniter\CodeIgniter->handleRequest()
 9 FCPATH/index.php(67): CodeIgniter\CodeIgniter->run()
CRITICAL - 2026-05-25 17:41:47 --> Attempt to read property "product_id" on null
in APPPATH/Views/admin/edit_product.php on line 11.
 1 APPPATH/Views/admin/edit_product.php(11): CodeIgniter\Debug\Exceptions->errorHandler()
 2 SYSTEMPATH/View/View.php(213): include('APPPATH/Views/admin/edit_product.php')
 3 SYSTEMPATH/View/View.php(216): CodeIgniter\View\View->CodeIgniter\View\{closure}()
 4 SYSTEMPATH/Common.php(1135): CodeIgniter\View\View->render()
 5 APPPATH/Controllers/Admin.php(3274): view()
 6 SYSTEMPATH/CodeIgniter.php(925): App\Controllers\Admin->edit_product()
 7 SYSTEMPATH/CodeIgniter.php(480): CodeIgniter\CodeIgniter->runController()
 8 SYSTEMPATH/CodeIgniter.php(349): CodeIgniter\CodeIgniter->handleRequest()
 9 FCPATH/index.php(67): CodeIgniter\CodeIgniter->run()
CRITICAL - 2026-05-25 17:41:47 --> Attempt to read property "product_id" on null
in APPPATH/Views/admin/edit_product.php on line 11.
 1 APPPATH/Views/admin/edit_product.php(11): CodeIgniter\Debug\Exceptions->errorHandler()
 2 SYSTEMPATH/View/View.php(213): include('APPPATH/Views/admin/edit_product.php')
 3 SYSTEMPATH/View/View.php(216): CodeIgniter\View\View->CodeIgniter\View\{closure}()
 4 SYSTEMPATH/Common.php(1135): CodeIgniter\View\View->render()
 5 APPPATH/Controllers/Admin.php(3274): view()
 6 SYSTEMPATH/CodeIgniter.php(925): App\Controllers\Admin->edit_product()
 7 SYSTEMPATH/CodeIgniter.php(480): CodeIgniter\CodeIgniter->runController()
 8 SYSTEMPATH/CodeIgniter.php(349): CodeIgniter\CodeIgniter->handleRequest()
 9 FCPATH/index.php(67): CodeIgniter\CodeIgniter->run()
CRITICAL - 2026-05-25 17:41:47 --> Attempt to read property "product_id" on null
in APPPATH/Views/admin/edit_product.php on line 11.
 1 APPPATH/Views/admin/edit_product.php(11): CodeIgniter\Debug\Exceptions->errorHandler()
 2 SYSTEMPATH/View/View.php(213): include('APPPATH/Views/admin/edit_product.php')
 3 SYSTEMPATH/View/View.php(216): CodeIgniter\View\View->CodeIgniter\View\{closure}()
 4 SYSTEMPATH/Common.php(1135): CodeIgniter\View\View->render()
 5 APPPATH/Controllers/Admin.php(3274): view()
 6 SYSTEMPATH/CodeIgniter.php(925): App\Controllers\Admin->edit_product()
 7 SYSTEMPATH/CodeIgniter.php(480): CodeIgniter\CodeIgniter->runController()
 8 SYSTEMPATH/CodeIgniter.php(349): CodeIgniter\CodeIgniter->handleRequest()
 9 FCPATH/index.php(67): CodeIgniter\CodeIgniter->run()
CRITICAL - 2026-05-25 17:42:16 --> Attempt to read property "product_id" on null
in APPPATH/Views/admin/edit_product.php on line 11.
 1 APPPATH/Views/admin/edit_product.php(11): CodeIgniter\Debug\Exceptions->errorHandler()
 2 SYSTEMPATH/View/View.php(213): include('APPPATH/Views/admin/edit_product.php')
 3 SYSTEMPATH/View/View.php(216): CodeIgniter\View\View->CodeIgniter\View\{closure}()
 4 SYSTEMPATH/Common.php(1135): CodeIgniter\View\View->render()
 5 APPPATH/Controllers/Admin.php(3274): view()
 6 SYSTEMPATH/CodeIgniter.php(925): App\Controllers\Admin->edit_product()
 7 SYSTEMPATH/CodeIgniter.php(480): CodeIgniter\CodeIgniter->runController()
 8 SYSTEMPATH/CodeIgniter.php(349): CodeIgniter\CodeIgniter->handleRequest()
 9 FCPATH/index.php(67): CodeIgniter\CodeIgniter->run()
CRITICAL - 2026-05-25 17:42:16 --> Attempt to read property "product_id" on null
in APPPATH/Views/admin/edit_product.php on line 11.
 1 APPPATH/Views/admin/edit_product.php(11): CodeIgniter\Debug\Exceptions->errorHandler()
 2 SYSTEMPATH/View/View.php(213): include('APPPATH/Views/admin/edit_product.php')
 3 SYSTEMPATH/View/View.php(216): CodeIgniter\View\View->CodeIgniter\View\{closure}()
 4 SYSTEMPATH/Common.php(1135): CodeIgniter\View\View->render()
 5 APPPATH/Controllers/Admin.php(3274): view()
 6 SYSTEMPATH/CodeIgniter.php(925): App\Controllers\Admin->edit_product()
 7 SYSTEMPATH/CodeIgniter.php(480): CodeIgniter\CodeIgniter->runController()
 8 SYSTEMPATH/CodeIgniter.php(349): CodeIgniter\CodeIgniter->handleRequest()
 9 FCPATH/index.php(67): CodeIgniter\CodeIgniter->run()
CRITICAL - 2026-05-25 17:42:16 --> Attempt to read property "product_id" on null
in APPPATH/Views/admin/edit_product.php on line 11.
 1 APPPATH/Views/admin/edit_product.php(11): CodeIgniter\Debug\Exceptions->errorHandler()
 2 SYSTEMPATH/View/View.php(213): include('APPPATH/Views/admin/edit_product.php')
 3 SYSTEMPATH/View/View.php(216): CodeIgniter\View\View->CodeIgniter\View\{closure}()
 4 SYSTEMPATH/Common.php(1135): CodeIgniter\View\View->render()
 5 APPPATH/Controllers/Admin.php(3274): view()
 6 SYSTEMPATH/CodeIgniter.php(925): App\Controllers\Admin->edit_product()
 7 SYSTEMPATH/CodeIgniter.php(480): CodeIgniter\CodeIgniter->runController()
 8 SYSTEMPATH/CodeIgniter.php(349): CodeIgniter\CodeIgniter->handleRequest()
 9 FCPATH/index.php(67): CodeIgniter\CodeIgniter->run()
CRITICAL - 2026-05-25 17:42:16 --> Attempt to read property "product_id" on null
in APPPATH/Views/admin/edit_product.php on line 11.
 1 APPPATH/Views/admin/edit_product.php(11): CodeIgniter\Debug\Exceptions->errorHandler()
 2 SYSTEMPATH/View/View.php(213): include('APPPATH/Views/admin/edit_product.php')
 3 SYSTEMPATH/View/View.php(216): CodeIgniter\View\View->CodeIgniter\View\{closure}()
 4 SYSTEMPATH/Common.php(1135): CodeIgniter\View\View->render()
 5 APPPATH/Controllers/Admin.php(3274): view()
 6 SYSTEMPATH/CodeIgniter.php(925): App\Controllers\Admin->edit_product()
 7 SYSTEMPATH/CodeIgniter.php(480): CodeIgniter\CodeIgniter->runController()
 8 SYSTEMPATH/CodeIgniter.php(349): CodeIgniter\CodeIgniter->handleRequest()
 9 FCPATH/index.php(67): CodeIgniter\CodeIgniter->run()
CRITICAL - 2026-05-25 17:42:23 --> Attempt to read property "product_id" on null
in APPPATH/Views/admin/edit_product.php on line 11.
 1 APPPATH/Views/admin/edit_product.php(11): CodeIgniter\Debug\Exceptions->errorHandler()
 2 SYSTEMPATH/View/View.php(213): include('APPPATH/Views/admin/edit_product.php')
 3 SYSTEMPATH/View/View.php(216): CodeIgniter\View\View->CodeIgniter\View\{closure}()
 4 SYSTEMPATH/Common.php(1135): CodeIgniter\View\View->render()
 5 APPPATH/Controllers/Admin.php(3274): view()
 6 SYSTEMPATH/CodeIgniter.php(925): App\Controllers\Admin->edit_product()
 7 SYSTEMPATH/CodeIgniter.php(480): CodeIgniter\CodeIgniter->runController()
 8 SYSTEMPATH/CodeIgniter.php(349): CodeIgniter\CodeIgniter->handleRequest()
 9 FCPATH/index.php(67): CodeIgniter\CodeIgniter->run()
CRITICAL - 2026-05-25 17:42:23 --> Attempt to read property "product_id" on null
in APPPATH/Views/admin/edit_product.php on line 11.
 1 APPPATH/Views/admin/edit_product.php(11): CodeIgniter\Debug\Exceptions->errorHandler()
 2 SYSTEMPATH/View/View.php(213): include('APPPATH/Views/admin/edit_product.php')
 3 SYSTEMPATH/View/View.php(216): CodeIgniter\View\View->CodeIgniter\View\{closure}()
 4 SYSTEMPATH/Common.php(1135): CodeIgniter\View\View->render()
 5 APPPATH/Controllers/Admin.php(3274): view()
 6 SYSTEMPATH/CodeIgniter.php(925): App\Controllers\Admin->edit_product()
 7 SYSTEMPATH/CodeIgniter.php(480): CodeIgniter\CodeIgniter->runController()
 8 SYSTEMPATH/CodeIgniter.php(349): CodeIgniter\CodeIgniter->handleRequest()
 9 FCPATH/index.php(67): CodeIgniter\CodeIgniter->run()
CRITICAL - 2026-05-25 17:42:23 --> Attempt to read property "product_id" on null
in APPPATH/Views/admin/edit_product.php on line 11.
 1 APPPATH/Views/admin/edit_product.php(11): CodeIgniter\Debug\Exceptions->errorHandler()
 2 SYSTEMPATH/View/View.php(213): include('APPPATH/Views/admin/edit_product.php')
 3 SYSTEMPATH/View/View.php(216): CodeIgniter\View\View->CodeIgniter\View\{closure}()
 4 SYSTEMPATH/Common.php(1135): CodeIgniter\View\View->render()
 5 APPPATH/Controllers/Admin.php(3274): view()
 6 SYSTEMPATH/CodeIgniter.php(925): App\Controllers\Admin->edit_product()
 7 SYSTEMPATH/CodeIgniter.php(480): CodeIgniter\CodeIgniter->runController()
 8 SYSTEMPATH/CodeIgniter.php(349): CodeIgniter\CodeIgniter->handleRequest()
 9 FCPATH/index.php(67): CodeIgniter\CodeIgniter->run()
CRITICAL - 2026-05-25 17:42:23 --> Attempt to read property "product_id" on null
in APPPATH/Views/admin/edit_product.php on line 11.
 1 APPPATH/Views/admin/edit_product.php(11): CodeIgniter\Debug\Exceptions->errorHandler()
 2 SYSTEMPATH/View/View.php(213): include('APPPATH/Views/admin/edit_product.php')
 3 SYSTEMPATH/View/View.php(216): CodeIgniter\View\View->CodeIgniter\View\{closure}()
 4 SYSTEMPATH/Common.php(1135): CodeIgniter\View\View->render()
 5 APPPATH/Controllers/Admin.php(3274): view()
 6 SYSTEMPATH/CodeIgniter.php(925): App\Controllers\Admin->edit_product()
 7 SYSTEMPATH/CodeIgniter.php(480): CodeIgniter\CodeIgniter->runController()
 8 SYSTEMPATH/CodeIgniter.php(349): CodeIgniter\CodeIgniter->handleRequest()
 9 FCPATH/index.php(67): CodeIgniter\CodeIgniter->run()
CRITICAL - 2026-05-25 17:44:07 --> Attempt to read property "product_id" on null
in APPPATH/Views/admin/edit_product.php on line 11.
 1 APPPATH/Views/admin/edit_product.php(11): CodeIgniter\Debug\Exceptions->errorHandler()
 2 SYSTEMPATH/View/View.php(213): include('APPPATH/Views/admin/edit_product.php')
 3 SYSTEMPATH/View/View.php(216): CodeIgniter\View\View->CodeIgniter\View\{closure}()
 4 SYSTEMPATH/Common.php(1135): CodeIgniter\View\View->render()
 5 APPPATH/Controllers/Admin.php(3274): view()
 6 SYSTEMPATH/CodeIgniter.php(925): App\Controllers\Admin->edit_product()
 7 SYSTEMPATH/CodeIgniter.php(480): CodeIgniter\CodeIgniter->runController()
 8 SYSTEMPATH/CodeIgniter.php(349): CodeIgniter\CodeIgniter->handleRequest()
 9 FCPATH/index.php(67): CodeIgniter\CodeIgniter->run()
CRITICAL - 2026-05-25 17:44:08 --> Attempt to read property "product_id" on null
in APPPATH/Views/admin/edit_product.php on line 11.
 1 APPPATH/Views/admin/edit_product.php(11): CodeIgniter\Debug\Exceptions->errorHandler()
 2 SYSTEMPATH/View/View.php(213): include('APPPATH/Views/admin/edit_product.php')
 3 SYSTEMPATH/View/View.php(216): CodeIgniter\View\View->CodeIgniter\View\{closure}()
 4 SYSTEMPATH/Common.php(1135): CodeIgniter\View\View->render()
 5 APPPATH/Controllers/Admin.php(3274): view()
 6 SYSTEMPATH/CodeIgniter.php(925): App\Controllers\Admin->edit_product()
 7 SYSTEMPATH/CodeIgniter.php(480): CodeIgniter\CodeIgniter->runController()
 8 SYSTEMPATH/CodeIgniter.php(349): CodeIgniter\CodeIgniter->handleRequest()
 9 FCPATH/index.php(67): CodeIgniter\CodeIgniter->run()
CRITICAL - 2026-05-25 17:44:08 --> Attempt to read property "product_id" on null
in APPPATH/Views/admin/edit_product.php on line 11.
 1 APPPATH/Views/admin/edit_product.php(11): CodeIgniter\Debug\Exceptions->errorHandler()
 2 SYSTEMPATH/View/View.php(213): include('APPPATH/Views/admin/edit_product.php')
 3 SYSTEMPATH/View/View.php(216): CodeIgniter\View\View->CodeIgniter\View\{closure}()
 4 SYSTEMPATH/Common.php(1135): CodeIgniter\View\View->render()
 5 APPPATH/Controllers/Admin.php(3274): view()
 6 SYSTEMPATH/CodeIgniter.php(925): App\Controllers\Admin->edit_product()
 7 SYSTEMPATH/CodeIgniter.php(480): CodeIgniter\CodeIgniter->runController()
 8 SYSTEMPATH/CodeIgniter.php(349): CodeIgniter\CodeIgniter->handleRequest()
 9 FCPATH/index.php(67): CodeIgniter\CodeIgniter->run()
CRITICAL - 2026-05-25 17:44:08 --> Attempt to read property "product_id" on null
in APPPATH/Views/admin/edit_product.php on line 11.
 1 APPPATH/Views/admin/edit_product.php(11): CodeIgniter\Debug\Exceptions->errorHandler()
 2 SYSTEMPATH/View/View.php(213): include('APPPATH/Views/admin/edit_product.php')
 3 SYSTEMPATH/View/View.php(216): CodeIgniter\View\View->CodeIgniter\View\{closure}()
 4 SYSTEMPATH/Common.php(1135): CodeIgniter\View\View->render()
 5 APPPATH/Controllers/Admin.php(3274): view()
 6 SYSTEMPATH/CodeIgniter.php(925): App\Controllers\Admin->edit_product()
 7 SYSTEMPATH/CodeIgniter.php(480): CodeIgniter\CodeIgniter->runController()
 8 SYSTEMPATH/CodeIgniter.php(349): CodeIgniter\CodeIgniter->handleRequest()
 9 FCPATH/index.php(67): CodeIgniter\CodeIgniter->run()
CRITICAL - 2026-05-25 17:45:05 --> Attempt to read property "product_id" on null
in APPPATH/Views/admin/edit_product.php on line 11.
 1 APPPATH/Views/admin/edit_product.php(11): CodeIgniter\Debug\Exceptions->errorHandler()
 2 SYSTEMPATH/View/View.php(213): include('APPPATH/Views/admin/edit_product.php')
 3 SYSTEMPATH/View/View.php(216): CodeIgniter\View\View->CodeIgniter\View\{closure}()
 4 SYSTEMPATH/Common.php(1135): CodeIgniter\View\View->render()
 5 APPPATH/Controllers/Admin.php(3274): view()
 6 SYSTEMPATH/CodeIgniter.php(925): App\Controllers\Admin->edit_product()
 7 SYSTEMPATH/CodeIgniter.php(480): CodeIgniter\CodeIgniter->runController()
 8 SYSTEMPATH/CodeIgniter.php(349): CodeIgniter\CodeIgniter->handleRequest()
 9 FCPATH/index.php(67): CodeIgniter\CodeIgniter->run()
CRITICAL - 2026-05-25 17:45:05 --> Attempt to read property "product_id" on null
in APPPATH/Views/admin/edit_product.php on line 11.
 1 APPPATH/Views/admin/edit_product.php(11): CodeIgniter\Debug\Exceptions->errorHandler()
 2 SYSTEMPATH/View/View.php(213): include('APPPATH/Views/admin/edit_product.php')
 3 SYSTEMPATH/View/View.php(216): CodeIgniter\View\View->CodeIgniter\View\{closure}()
 4 SYSTEMPATH/Common.php(1135): CodeIgniter\View\View->render()
 5 APPPATH/Controllers/Admin.php(3274): view()
 6 SYSTEMPATH/CodeIgniter.php(925): App\Controllers\Admin->edit_product()
 7 SYSTEMPATH/CodeIgniter.php(480): CodeIgniter\CodeIgniter->runController()
 8 SYSTEMPATH/CodeIgniter.php(349): CodeIgniter\CodeIgniter->handleRequest()
 9 FCPATH/index.php(67): CodeIgniter\CodeIgniter->run()
CRITICAL - 2026-05-25 17:45:06 --> Attempt to read property "product_id" on null
in APPPATH/Views/admin/edit_product.php on line 11.
 1 APPPATH/Views/admin/edit_product.php(11): CodeIgniter\Debug\Exceptions->errorHandler()
 2 SYSTEMPATH/View/View.php(213): include('APPPATH/Views/admin/edit_product.php')
 3 SYSTEMPATH/View/View.php(216): CodeIgniter\View\View->CodeIgniter\View\{closure}()
 4 SYSTEMPATH/Common.php(1135): CodeIgniter\View\View->render()
 5 APPPATH/Controllers/Admin.php(3274): view()
 6 SYSTEMPATH/CodeIgniter.php(925): App\Controllers\Admin->edit_product()
 7 SYSTEMPATH/CodeIgniter.php(480): CodeIgniter\CodeIgniter->runController()
 8 SYSTEMPATH/CodeIgniter.php(349): CodeIgniter\CodeIgniter->handleRequest()
 9 FCPATH/index.php(67): CodeIgniter\CodeIgniter->run()
CRITICAL - 2026-05-25 17:45:06 --> Attempt to read property "product_id" on null
in APPPATH/Views/admin/edit_product.php on line 11.
 1 APPPATH/Views/admin/edit_product.php(11): CodeIgniter\Debug\Exceptions->errorHandler()
 2 SYSTEMPATH/View/View.php(213): include('APPPATH/Views/admin/edit_product.php')
 3 SYSTEMPATH/View/View.php(216): CodeIgniter\View\View->CodeIgniter\View\{closure}()
 4 SYSTEMPATH/Common.php(1135): CodeIgniter\View\View->render()
 5 APPPATH/Controllers/Admin.php(3274): view()
 6 SYSTEMPATH/CodeIgniter.php(925): App\Controllers\Admin->edit_product()
 7 SYSTEMPATH/CodeIgniter.php(480): CodeIgniter\CodeIgniter->runController()
 8 SYSTEMPATH/CodeIgniter.php(349): CodeIgniter\CodeIgniter->handleRequest()
 9 FCPATH/index.php(67): CodeIgniter\CodeIgniter->run()
CRITICAL - 2026-05-25 17:47:47 --> Attempt to read property "product_id" on null
in APPPATH/Views/admin/edit_product.php on line 11.
 1 APPPATH/Views/admin/edit_product.php(11): CodeIgniter\Debug\Exceptions->errorHandler()
 2 SYSTEMPATH/View/View.php(213): include('APPPATH/Views/admin/edit_product.php')
 3 SYSTEMPATH/View/View.php(216): CodeIgniter\View\View->CodeIgniter\View\{closure}()
 4 SYSTEMPATH/Common.php(1135): CodeIgniter\View\View->render()
 5 APPPATH/Controllers/Admin.php(3274): view()
 6 SYSTEMPATH/CodeIgniter.php(925): App\Controllers\Admin->edit_product()
 7 SYSTEMPATH/CodeIgniter.php(480): CodeIgniter\CodeIgniter->runController()
 8 SYSTEMPATH/CodeIgniter.php(349): CodeIgniter\CodeIgniter->handleRequest()
 9 FCPATH/index.php(67): CodeIgniter\CodeIgniter->run()
CRITICAL - 2026-05-25 17:47:47 --> Attempt to read property "product_id" on null
in APPPATH/Views/admin/edit_product.php on line 11.
 1 APPPATH/Views/admin/edit_product.php(11): CodeIgniter\Debug\Exceptions->errorHandler()
 2 SYSTEMPATH/View/View.php(213): include('APPPATH/Views/admin/edit_product.php')
 3 SYSTEMPATH/View/View.php(216): CodeIgniter\View\View->CodeIgniter\View\{closure}()
 4 SYSTEMPATH/Common.php(1135): CodeIgniter\View\View->render()
 5 APPPATH/Controllers/Admin.php(3274): view()
 6 SYSTEMPATH/CodeIgniter.php(925): App\Controllers\Admin->edit_product()
 7 SYSTEMPATH/CodeIgniter.php(480): CodeIgniter\CodeIgniter->runController()
 8 SYSTEMPATH/CodeIgniter.php(349): CodeIgniter\CodeIgniter->handleRequest()
 9 FCPATH/index.php(67): CodeIgniter\CodeIgniter->run()
CRITICAL - 2026-05-25 17:47:47 --> Attempt to read property "product_id" on null
in APPPATH/Views/admin/edit_product.php on line 11.
 1 APPPATH/Views/admin/edit_product.php(11): CodeIgniter\Debug\Exceptions->errorHandler()
 2 SYSTEMPATH/View/View.php(213): include('APPPATH/Views/admin/edit_product.php')
 3 SYSTEMPATH/View/View.php(216): CodeIgniter\View\View->CodeIgniter\View\{closure}()
 4 SYSTEMPATH/Common.php(1135): CodeIgniter\View\View->render()
 5 APPPATH/Controllers/Admin.php(3274): view()
 6 SYSTEMPATH/CodeIgniter.php(925): App\Controllers\Admin->edit_product()
 7 SYSTEMPATH/CodeIgniter.php(480): CodeIgniter\CodeIgniter->runController()
 8 SYSTEMPATH/CodeIgniter.php(349): CodeIgniter\CodeIgniter->handleRequest()
 9 FCPATH/index.php(67): CodeIgniter\CodeIgniter->run()
CRITICAL - 2026-05-25 17:47:47 --> Attempt to read property "product_id" on null
in APPPATH/Views/admin/edit_product.php on line 11.
 1 APPPATH/Views/admin/edit_product.php(11): CodeIgniter\Debug\Exceptions->errorHandler()
 2 SYSTEMPATH/View/View.php(213): include('APPPATH/Views/admin/edit_product.php')
 3 SYSTEMPATH/View/View.php(216): CodeIgniter\View\View->CodeIgniter\View\{closure}()
 4 SYSTEMPATH/Common.php(1135): CodeIgniter\View\View->render()
 5 APPPATH/Controllers/Admin.php(3274): view()
 6 SYSTEMPATH/CodeIgniter.php(925): App\Controllers\Admin->edit_product()
 7 SYSTEMPATH/CodeIgniter.php(480): CodeIgniter\CodeIgniter->runController()
 8 SYSTEMPATH/CodeIgniter.php(349): CodeIgniter\CodeIgniter->handleRequest()
 9 FCPATH/index.php(67): CodeIgniter\CodeIgniter->run()
CRITICAL - 2026-05-25 17:47:58 --> Attempt to read property "product_id" on null
in APPPATH/Views/admin/edit_product.php on line 11.
 1 APPPATH/Views/admin/edit_product.php(11): CodeIgniter\Debug\Exceptions->errorHandler()
 2 SYSTEMPATH/View/View.php(213): include('APPPATH/Views/admin/edit_product.php')
 3 SYSTEMPATH/View/View.php(216): CodeIgniter\View\View->CodeIgniter\View\{closure}()
 4 SYSTEMPATH/Common.php(1135): CodeIgniter\View\View->render()
 5 APPPATH/Controllers/Admin.php(3274): view()
 6 SYSTEMPATH/CodeIgniter.php(925): App\Controllers\Admin->edit_product()
 7 SYSTEMPATH/CodeIgniter.php(480): CodeIgniter\CodeIgniter->runController()
 8 SYSTEMPATH/CodeIgniter.php(349): CodeIgniter\CodeIgniter->handleRequest()
 9 FCPATH/index.php(67): CodeIgniter\CodeIgniter->run()
CRITICAL - 2026-05-25 17:47:58 --> Attempt to read property "product_id" on null
in APPPATH/Views/admin/edit_product.php on line 11.
 1 APPPATH/Views/admin/edit_product.php(11): CodeIgniter\Debug\Exceptions->errorHandler()
 2 SYSTEMPATH/View/View.php(213): include('APPPATH/Views/admin/edit_product.php')
 3 SYSTEMPATH/View/View.php(216): CodeIgniter\View\View->CodeIgniter\View\{closure}()
 4 SYSTEMPATH/Common.php(1135): CodeIgniter\View\View->render()
 5 APPPATH/Controllers/Admin.php(3274): view()
 6 SYSTEMPATH/CodeIgniter.php(925): App\Controllers\Admin->edit_product()
 7 SYSTEMPATH/CodeIgniter.php(480): CodeIgniter\CodeIgniter->runController()
 8 SYSTEMPATH/CodeIgniter.php(349): CodeIgniter\CodeIgniter->handleRequest()
 9 FCPATH/index.php(67): CodeIgniter\CodeIgniter->run()
CRITICAL - 2026-05-25 17:47:58 --> Attempt to read property "product_id" on null
in APPPATH/Views/admin/edit_product.php on line 11.
 1 APPPATH/Views/admin/edit_product.php(11): CodeIgniter\Debug\Exceptions->errorHandler()
 2 SYSTEMPATH/View/View.php(213): include('APPPATH/Views/admin/edit_product.php')
 3 SYSTEMPATH/View/View.php(216): CodeIgniter\View\View->CodeIgniter\View\{closure}()
 4 SYSTEMPATH/Common.php(1135): CodeIgniter\View\View->render()
 5 APPPATH/Controllers/Admin.php(3274): view()
 6 SYSTEMPATH/CodeIgniter.php(925): App\Controllers\Admin->edit_product()
 7 SYSTEMPATH/CodeIgniter.php(480): CodeIgniter\CodeIgniter->runController()
 8 SYSTEMPATH/CodeIgniter.php(349): CodeIgniter\CodeIgniter->handleRequest()
 9 FCPATH/index.php(67): CodeIgniter\CodeIgniter->run()
CRITICAL - 2026-05-25 17:47:58 --> Attempt to read property "product_id" on null
in APPPATH/Views/admin/edit_product.php on line 11.
 1 APPPATH/Views/admin/edit_product.php(11): CodeIgniter\Debug\Exceptions->errorHandler()
 2 SYSTEMPATH/View/View.php(213): include('APPPATH/Views/admin/edit_product.php')
 3 SYSTEMPATH/View/View.php(216): CodeIgniter\View\View->CodeIgniter\View\{closure}()
 4 SYSTEMPATH/Common.php(1135): CodeIgniter\View\View->render()
 5 APPPATH/Controllers/Admin.php(3274): view()
 6 SYSTEMPATH/CodeIgniter.php(925): App\Controllers\Admin->edit_product()
 7 SYSTEMPATH/CodeIgniter.php(480): CodeIgniter\CodeIgniter->runController()
 8 SYSTEMPATH/CodeIgniter.php(349): CodeIgniter\CodeIgniter->handleRequest()
 9 FCPATH/index.php(67): CodeIgniter\CodeIgniter->run()
CRITICAL - 2026-05-25 17:48:12 --> Attempt to read property "product_id" on null
in APPPATH/Views/admin/edit_product.php on line 11.
 1 APPPATH/Views/admin/edit_product.php(11): CodeIgniter\Debug\Exceptions->errorHandler()
 2 SYSTEMPATH/View/View.php(213): include('APPPATH/Views/admin/edit_product.php')
 3 SYSTEMPATH/View/View.php(216): CodeIgniter\View\View->CodeIgniter\View\{closure}()
 4 SYSTEMPATH/Common.php(1135): CodeIgniter\View\View->render()
 5 APPPATH/Controllers/Admin.php(3274): view()
 6 SYSTEMPATH/CodeIgniter.php(925): App\Controllers\Admin->edit_product()
 7 SYSTEMPATH/CodeIgniter.php(480): CodeIgniter\CodeIgniter->runController()
 8 SYSTEMPATH/CodeIgniter.php(349): CodeIgniter\CodeIgniter->handleRequest()
 9 FCPATH/index.php(67): CodeIgniter\CodeIgniter->run()
CRITICAL - 2026-05-25 17:48:12 --> Attempt to read property "product_id" on null
in APPPATH/Views/admin/edit_product.php on line 11.
 1 APPPATH/Views/admin/edit_product.php(11): CodeIgniter\Debug\Exceptions->errorHandler()
 2 SYSTEMPATH/View/View.php(213): include('APPPATH/Views/admin/edit_product.php')
 3 SYSTEMPATH/View/View.php(216): CodeIgniter\View\View->CodeIgniter\View\{closure}()
 4 SYSTEMPATH/Common.php(1135): CodeIgniter\View\View->render()
 5 APPPATH/Controllers/Admin.php(3274): view()
 6 SYSTEMPATH/CodeIgniter.php(925): App\Controllers\Admin->edit_product()
 7 SYSTEMPATH/CodeIgniter.php(480): CodeIgniter\CodeIgniter->runController()
 8 SYSTEMPATH/CodeIgniter.php(349): CodeIgniter\CodeIgniter->handleRequest()
 9 FCPATH/index.php(67): CodeIgniter\CodeIgniter->run()
CRITICAL - 2026-05-25 17:48:12 --> Attempt to read property "product_id" on null
in APPPATH/Views/admin/edit_product.php on line 11.
 1 APPPATH/Views/admin/edit_product.php(11): CodeIgniter\Debug\Exceptions->errorHandler()
 2 SYSTEMPATH/View/View.php(213): include('APPPATH/Views/admin/edit_product.php')
 3 SYSTEMPATH/View/View.php(216): CodeIgniter\View\View->CodeIgniter\View\{closure}()
 4 SYSTEMPATH/Common.php(1135): CodeIgniter\View\View->render()
 5 APPPATH/Controllers/Admin.php(3274): view()
 6 SYSTEMPATH/CodeIgniter.php(925): App\Controllers\Admin->edit_product()
 7 SYSTEMPATH/CodeIgniter.php(480): CodeIgniter\CodeIgniter->runController()
 8 SYSTEMPATH/CodeIgniter.php(349): CodeIgniter\CodeIgniter->handleRequest()
 9 FCPATH/index.php(67): CodeIgniter\CodeIgniter->run()
CRITICAL - 2026-05-25 17:48:12 --> Attempt to read property "product_id" on null
in APPPATH/Views/admin/edit_product.php on line 11.
 1 APPPATH/Views/admin/edit_product.php(11): CodeIgniter\Debug\Exceptions->errorHandler()
 2 SYSTEMPATH/View/View.php(213): include('APPPATH/Views/admin/edit_product.php')
 3 SYSTEMPATH/View/View.php(216): CodeIgniter\View\View->CodeIgniter\View\{closure}()
 4 SYSTEMPATH/Common.php(1135): CodeIgniter\View\View->render()
 5 APPPATH/Controllers/Admin.php(3274): view()
 6 SYSTEMPATH/CodeIgniter.php(925): App\Controllers\Admin->edit_product()
 7 SYSTEMPATH/CodeIgniter.php(480): CodeIgniter\CodeIgniter->runController()
 8 SYSTEMPATH/CodeIgniter.php(349): CodeIgniter\CodeIgniter->handleRequest()
 9 FCPATH/index.php(67): CodeIgniter\CodeIgniter->run()
CRITICAL - 2026-05-25 17:48:23 --> Attempt to read property "product_id" on null
in APPPATH/Views/admin/edit_product.php on line 11.
 1 APPPATH/Views/admin/edit_product.php(11): CodeIgniter\Debug\Exceptions->errorHandler()
 2 SYSTEMPATH/View/View.php(213): include('APPPATH/Views/admin/edit_product.php')
 3 SYSTEMPATH/View/View.php(216): CodeIgniter\View\View->CodeIgniter\View\{closure}()
 4 SYSTEMPATH/Common.php(1135): CodeIgniter\View\View->render()
 5 APPPATH/Controllers/Admin.php(3274): view()
 6 SYSTEMPATH/CodeIgniter.php(925): App\Controllers\Admin->edit_product()
 7 SYSTEMPATH/CodeIgniter.php(480): CodeIgniter\CodeIgniter->runController()
 8 SYSTEMPATH/CodeIgniter.php(349): CodeIgniter\CodeIgniter->handleRequest()
 9 FCPATH/index.php(67): CodeIgniter\CodeIgniter->run()
CRITICAL - 2026-05-25 17:48:24 --> Attempt to read property "product_id" on null
in APPPATH/Views/admin/edit_product.php on line 11.
 1 APPPATH/Views/admin/edit_product.php(11): CodeIgniter\Debug\Exceptions->errorHandler()
 2 SYSTEMPATH/View/View.php(213): include('APPPATH/Views/admin/edit_product.php')
 3 SYSTEMPATH/View/View.php(216): CodeIgniter\View\View->CodeIgniter\View\{closure}()
 4 SYSTEMPATH/Common.php(1135): CodeIgniter\View\View->render()
 5 APPPATH/Controllers/Admin.php(3274): view()
 6 SYSTEMPATH/CodeIgniter.php(925): App\Controllers\Admin->edit_product()
 7 SYSTEMPATH/CodeIgniter.php(480): CodeIgniter\CodeIgniter->runController()
 8 SYSTEMPATH/CodeIgniter.php(349): CodeIgniter\CodeIgniter->handleRequest()
 9 FCPATH/index.php(67): CodeIgniter\CodeIgniter->run()
CRITICAL - 2026-05-25 17:48:24 --> Attempt to read property "product_id" on null
in APPPATH/Views/admin/edit_product.php on line 11.
 1 APPPATH/Views/admin/edit_product.php(11): CodeIgniter\Debug\Exceptions->errorHandler()
 2 SYSTEMPATH/View/View.php(213): include('APPPATH/Views/admin/edit_product.php')
 3 SYSTEMPATH/View/View.php(216): CodeIgniter\View\View->CodeIgniter\View\{closure}()
 4 SYSTEMPATH/Common.php(1135): CodeIgniter\View\View->render()
 5 APPPATH/Controllers/Admin.php(3274): view()
 6 SYSTEMPATH/CodeIgniter.php(925): App\Controllers\Admin->edit_product()
 7 SYSTEMPATH/CodeIgniter.php(480): CodeIgniter\CodeIgniter->runController()
 8 SYSTEMPATH/CodeIgniter.php(349): CodeIgniter\CodeIgniter->handleRequest()
 9 FCPATH/index.php(67): CodeIgniter\CodeIgniter->run()
CRITICAL - 2026-05-25 17:48:24 --> Attempt to read property "product_id" on null
in APPPATH/Views/admin/edit_product.php on line 11.
 1 APPPATH/Views/admin/edit_product.php(11): CodeIgniter\Debug\Exceptions->errorHandler()
 2 SYSTEMPATH/View/View.php(213): include('APPPATH/Views/admin/edit_product.php')
 3 SYSTEMPATH/View/View.php(216): CodeIgniter\View\View->CodeIgniter\View\{closure}()
 4 SYSTEMPATH/Common.php(1135): CodeIgniter\View\View->render()
 5 APPPATH/Controllers/Admin.php(3274): view()
 6 SYSTEMPATH/CodeIgniter.php(925): App\Controllers\Admin->edit_product()
 7 SYSTEMPATH/CodeIgniter.php(480): CodeIgniter\CodeIgniter->runController()
 8 SYSTEMPATH/CodeIgniter.php(349): CodeIgniter\CodeIgniter->handleRequest()
 9 FCPATH/index.php(67): CodeIgniter\CodeIgniter->run()
CRITICAL - 2026-05-25 17:48:34 --> Attempt to read property "product_id" on null
in APPPATH/Views/admin/edit_product.php on line 11.
 1 APPPATH/Views/admin/edit_product.php(11): CodeIgniter\Debug\Exceptions->errorHandler()
 2 SYSTEMPATH/View/View.php(213): include('APPPATH/Views/admin/edit_product.php')
 3 SYSTEMPATH/View/View.php(216): CodeIgniter\View\View->CodeIgniter\View\{closure}()
 4 SYSTEMPATH/Common.php(1135): CodeIgniter\View\View->render()
 5 APPPATH/Controllers/Admin.php(3274): view()
 6 SYSTEMPATH/CodeIgniter.php(925): App\Controllers\Admin->edit_product()
 7 SYSTEMPATH/CodeIgniter.php(480): CodeIgniter\CodeIgniter->runController()
 8 SYSTEMPATH/CodeIgniter.php(349): CodeIgniter\CodeIgniter->handleRequest()
 9 FCPATH/index.php(67): CodeIgniter\CodeIgniter->run()
CRITICAL - 2026-05-25 17:48:35 --> Attempt to read property "product_id" on null
in APPPATH/Views/admin/edit_product.php on line 11.
 1 APPPATH/Views/admin/edit_product.php(11): CodeIgniter\Debug\Exceptions->errorHandler()
 2 SYSTEMPATH/View/View.php(213): include('APPPATH/Views/admin/edit_product.php')
 3 SYSTEMPATH/View/View.php(216): CodeIgniter\View\View->CodeIgniter\View\{closure}()
 4 SYSTEMPATH/Common.php(1135): CodeIgniter\View\View->render()
 5 APPPATH/Controllers/Admin.php(3274): view()
 6 SYSTEMPATH/CodeIgniter.php(925): App\Controllers\Admin->edit_product()
 7 SYSTEMPATH/CodeIgniter.php(480): CodeIgniter\CodeIgniter->runController()
 8 SYSTEMPATH/CodeIgniter.php(349): CodeIgniter\CodeIgniter->handleRequest()
 9 FCPATH/index.php(67): CodeIgniter\CodeIgniter->run()
CRITICAL - 2026-05-25 17:48:35 --> Attempt to read property "product_id" on null
in APPPATH/Views/admin/edit_product.php on line 11.
 1 APPPATH/Views/admin/edit_product.php(11): CodeIgniter\Debug\Exceptions->errorHandler()
 2 SYSTEMPATH/View/View.php(213): include('APPPATH/Views/admin/edit_product.php')
 3 SYSTEMPATH/View/View.php(216): CodeIgniter\View\View->CodeIgniter\View\{closure}()
 4 SYSTEMPATH/Common.php(1135): CodeIgniter\View\View->render()
 5 APPPATH/Controllers/Admin.php(3274): view()
 6 SYSTEMPATH/CodeIgniter.php(925): App\Controllers\Admin->edit_product()
 7 SYSTEMPATH/CodeIgniter.php(480): CodeIgniter\CodeIgniter->runController()
 8 SYSTEMPATH/CodeIgniter.php(349): CodeIgniter\CodeIgniter->handleRequest()
 9 FCPATH/index.php(67): CodeIgniter\CodeIgniter->run()
CRITICAL - 2026-05-25 17:48:35 --> Attempt to read property "product_id" on null
in APPPATH/Views/admin/edit_product.php on line 11.
 1 APPPATH/Views/admin/edit_product.php(11): CodeIgniter\Debug\Exceptions->errorHandler()
 2 SYSTEMPATH/View/View.php(213): include('APPPATH/Views/admin/edit_product.php')
 3 SYSTEMPATH/View/View.php(216): CodeIgniter\View\View->CodeIgniter\View\{closure}()
 4 SYSTEMPATH/Common.php(1135): CodeIgniter\View\View->render()
 5 APPPATH/Controllers/Admin.php(3274): view()
 6 SYSTEMPATH/CodeIgniter.php(925): App\Controllers\Admin->edit_product()
 7 SYSTEMPATH/CodeIgniter.php(480): CodeIgniter\CodeIgniter->runController()
 8 SYSTEMPATH/CodeIgniter.php(349): CodeIgniter\CodeIgniter->handleRequest()
 9 FCPATH/index.php(67): CodeIgniter\CodeIgniter->run()
CRITICAL - 2026-05-25 17:48:45 --> Attempt to read property "product_id" on null
in APPPATH/Views/admin/edit_product.php on line 11.
 1 APPPATH/Views/admin/edit_product.php(11): CodeIgniter\Debug\Exceptions->errorHandler()
 2 SYSTEMPATH/View/View.php(213): include('APPPATH/Views/admin/edit_product.php')
 3 SYSTEMPATH/View/View.php(216): CodeIgniter\View\View->CodeIgniter\View\{closure}()
 4 SYSTEMPATH/Common.php(1135): CodeIgniter\View\View->render()
 5 APPPATH/Controllers/Admin.php(3274): view()
 6 SYSTEMPATH/CodeIgniter.php(925): App\Controllers\Admin->edit_product()
 7 SYSTEMPATH/CodeIgniter.php(480): CodeIgniter\CodeIgniter->runController()
 8 SYSTEMPATH/CodeIgniter.php(349): CodeIgniter\CodeIgniter->handleRequest()
 9 FCPATH/index.php(67): CodeIgniter\CodeIgniter->run()
CRITICAL - 2026-05-25 17:48:45 --> Attempt to read property "product_id" on null
in APPPATH/Views/admin/edit_product.php on line 11.
 1 APPPATH/Views/admin/edit_product.php(11): CodeIgniter\Debug\Exceptions->errorHandler()
 2 SYSTEMPATH/View/View.php(213): include('APPPATH/Views/admin/edit_product.php')
 3 SYSTEMPATH/View/View.php(216): CodeIgniter\View\View->CodeIgniter\View\{closure}()
 4 SYSTEMPATH/Common.php(1135): CodeIgniter\View\View->render()
 5 APPPATH/Controllers/Admin.php(3274): view()
 6 SYSTEMPATH/CodeIgniter.php(925): App\Controllers\Admin->edit_product()
 7 SYSTEMPATH/CodeIgniter.php(480): CodeIgniter\CodeIgniter->runController()
 8 SYSTEMPATH/CodeIgniter.php(349): CodeIgniter\CodeIgniter->handleRequest()
 9 FCPATH/index.php(67): CodeIgniter\CodeIgniter->run()
CRITICAL - 2026-05-25 17:48:45 --> Attempt to read property "product_id" on null
in APPPATH/Views/admin/edit_product.php on line 11.
 1 APPPATH/Views/admin/edit_product.php(11): CodeIgniter\Debug\Exceptions->errorHandler()
 2 SYSTEMPATH/View/View.php(213): include('APPPATH/Views/admin/edit_product.php')
 3 SYSTEMPATH/View/View.php(216): CodeIgniter\View\View->CodeIgniter\View\{closure}()
 4 SYSTEMPATH/Common.php(1135): CodeIgniter\View\View->render()
 5 APPPATH/Controllers/Admin.php(3274): view()
 6 SYSTEMPATH/CodeIgniter.php(925): App\Controllers\Admin->edit_product()
 7 SYSTEMPATH/CodeIgniter.php(480): CodeIgniter\CodeIgniter->runController()
 8 SYSTEMPATH/CodeIgniter.php(349): CodeIgniter\CodeIgniter->handleRequest()
 9 FCPATH/index.php(67): CodeIgniter\CodeIgniter->run()
CRITICAL - 2026-05-25 17:48:45 --> Attempt to read property "product_id" on null
in APPPATH/Views/admin/edit_product.php on line 11.
 1 APPPATH/Views/admin/edit_product.php(11): CodeIgniter\Debug\Exceptions->errorHandler()
 2 SYSTEMPATH/View/View.php(213): include('APPPATH/Views/admin/edit_product.php')
 3 SYSTEMPATH/View/View.php(216): CodeIgniter\View\View->CodeIgniter\View\{closure}()
 4 SYSTEMPATH/Common.php(1135): CodeIgniter\View\View->render()
 5 APPPATH/Controllers/Admin.php(3274): view()
 6 SYSTEMPATH/CodeIgniter.php(925): App\Controllers\Admin->edit_product()
 7 SYSTEMPATH/CodeIgniter.php(480): CodeIgniter\CodeIgniter->runController()
 8 SYSTEMPATH/CodeIgniter.php(349): CodeIgniter\CodeIgniter->handleRequest()
 9 FCPATH/index.php(67): CodeIgniter\CodeIgniter->run()
CRITICAL - 2026-05-25 19:32:58 --> Attempt to read property "cms_page_name" on null
in APPPATH/Controllers/Home.php on line 1770.
 1 APPPATH/Controllers/Home.php(1770): CodeIgniter\Debug\Exceptions->errorHandler()
 2 SYSTEMPATH/CodeIgniter.php(925): App\Controllers\Home->pages()
 3 SYSTEMPATH/CodeIgniter.php(480): CodeIgniter\CodeIgniter->runController()
 4 SYSTEMPATH/CodeIgniter.php(349): CodeIgniter\CodeIgniter->handleRequest()
 5 FCPATH/index.php(67): CodeIgniter\CodeIgniter->run()
