CRITICAL - 2026-02-24 23:30:20 --> Attempt to read property "religion_id" on null
in APPPATH/Controllers/Admin.php on line 5047.
 1 APPPATH/Controllers/Admin.php(5047): CodeIgniter\Debug\Exceptions->errorHandler(2, 'Attempt to read property "religion_id" on null', 'APPPATH/Controllers/Admin.php', 5047)
 2 SYSTEMPATH/CodeIgniter.php(925): App\Controllers\Admin->profile_view('FCPATH/assets', 'img', 'user', 'u1.jpg')
 3 SYSTEMPATH/CodeIgniter.php(480): CodeIgniter\CodeIgniter->runController(Object(App\Controllers\Admin))
 4 SYSTEMPATH/CodeIgniter.php(349): CodeIgniter\CodeIgniter->handleRequest(null, Object(Config\Cache), false)
 5 FCPATH/index.php(67): CodeIgniter\CodeIgniter->run()
CRITICAL - 2026-02-24 23:30:20 --> Attempt to read property "religion_id" on null
in APPPATH/Controllers/Admin.php on line 5047.
 1 APPPATH/Controllers/Admin.php(5047): CodeIgniter\Debug\Exceptions->errorHandler(2, 'Attempt to read property "religion_id" on null', 'APPPATH/Controllers/Admin.php', 5047)
 2 SYSTEMPATH/CodeIgniter.php(925): App\Controllers\Admin->profile_view('FCPATH/assets', 'img', 'user', 'u5.jpg')
 3 SYSTEMPATH/CodeIgniter.php(480): CodeIgniter\CodeIgniter->runController(Object(App\Controllers\Admin))
 4 SYSTEMPATH/CodeIgniter.php(349): CodeIgniter\CodeIgniter->handleRequest(null, Object(Config\Cache), false)
 5 FCPATH/index.php(67): CodeIgniter\CodeIgniter->run()
CRITICAL - 2026-02-24 23:30:20 --> Attempt to read property "religion_id" on null
in APPPATH/Controllers/Admin.php on line 5047.
 1 APPPATH/Controllers/Admin.php(5047): CodeIgniter\Debug\Exceptions->errorHandler(2, 'Attempt to read property "religion_id" on null', 'APPPATH/Controllers/Admin.php', 5047)
 2 SYSTEMPATH/CodeIgniter.php(925): App\Controllers\Admin->profile_view('FCPATH/assets', 'img', 'user', 'u4.jpg')
 3 SYSTEMPATH/CodeIgniter.php(480): CodeIgniter\CodeIgniter->runController(Object(App\Controllers\Admin))
 4 SYSTEMPATH/CodeIgniter.php(349): CodeIgniter\CodeIgniter->handleRequest(null, Object(Config\Cache), false)
 5 FCPATH/index.php(67): CodeIgniter\CodeIgniter->run()
CRITICAL - 2026-02-24 23:30:20 --> Attempt to read property "religion_id" on null
in APPPATH/Controllers/Admin.php on line 5047.
 1 APPPATH/Controllers/Admin.php(5047): CodeIgniter\Debug\Exceptions->errorHandler(2, 'Attempt to read property "religion_id" on null', 'APPPATH/Controllers/Admin.php', 5047)
 2 SYSTEMPATH/CodeIgniter.php(925): App\Controllers\Admin->profile_view('FCPATH/assets', 'img', 'user', 'u2.jpg')
 3 SYSTEMPATH/CodeIgniter.php(480): CodeIgniter\CodeIgniter->runController(Object(App\Controllers\Admin))
 4 SYSTEMPATH/CodeIgniter.php(349): CodeIgniter\CodeIgniter->handleRequest(null, Object(Config\Cache), false)
 5 FCPATH/index.php(67): CodeIgniter\CodeIgniter->run()
ERROR - 2026-02-24 23:50:58 --> mysqli_sql_exception: Unknown column 'reset_token' in 'field list' in /home3/snindustries/public_html/shadi/system/Database/MySQLi/Connection.php:292
Stack trace:
#0 /home3/snindustries/public_html/shadi/system/Database/MySQLi/Connection.php(292): mysqli->query('UPDATE `user_ac...', 0)
#1 /home3/snindustries/public_html/shadi/system/Database/BaseConnection.php(666): CodeIgniter\Database\MySQLi\Connection->execute('UPDATE `user_ac...')
#2 /home3/snindustries/public_html/shadi/system/Database/BaseConnection.php(593): CodeIgniter\Database\BaseConnection->simpleQuery('UPDATE `user_ac...')
#3 /home3/snindustries/public_html/shadi/system/Database/BaseBuilder.php(2079): CodeIgniter\Database\BaseConnection->query('UPDATE `user_ac...', Array, false)
#4 /home3/snindustries/public_html/shadi/app/Models/Commanmodel.php(434): CodeIgniter\Database\BaseBuilder->update(Array)
#5 /home3/snindustries/public_html/shadi/app/Controllers/Home.php(1603): App\Models\Commanmodel->update_query('user_account', Array, Array)
#6 /home3/snindustries/public_html/shadi/system/CodeIgniter.php(925): App\Controllers\Home->sendResetLink()
#7 /home3/snindustries/public_html/shadi/system/CodeIgniter.php(480): CodeIgniter\CodeIgniter->runController(Object(App\Controllers\Home))
#8 /home3/snindustries/public_html/shadi/system/CodeIgniter.php(349): CodeIgniter\CodeIgniter->handleRequest(NULL, Object(Config\Cache), false)
#9 /home3/snindustries/public_html/shadi/index.php(67): CodeIgniter\CodeIgniter->run()
#10 {main}
CRITICAL - 2026-02-24 23:58:29 --> Attempt to read property "religion_id" on null
in APPPATH/Controllers/Admin.php on line 5047.
 1 APPPATH/Controllers/Admin.php(5047): CodeIgniter\Debug\Exceptions->errorHandler(2, 'Attempt to read property "religion_id" on null', 'APPPATH/Controllers/Admin.php', 5047)
 2 SYSTEMPATH/CodeIgniter.php(925): App\Controllers\Admin->profile_view('FCPATH/assets', 'img', 'user', 'u4.jpg')
 3 SYSTEMPATH/CodeIgniter.php(480): CodeIgniter\CodeIgniter->runController(Object(App\Controllers\Admin))
 4 SYSTEMPATH/CodeIgniter.php(349): CodeIgniter\CodeIgniter->handleRequest(null, Object(Config\Cache), false)
 5 FCPATH/index.php(67): CodeIgniter\CodeIgniter->run()
CRITICAL - 2026-02-24 23:58:29 --> Attempt to read property "religion_id" on null
in APPPATH/Controllers/Admin.php on line 5047.
 1 APPPATH/Controllers/Admin.php(5047): CodeIgniter\Debug\Exceptions->errorHandler(2, 'Attempt to read property "religion_id" on null', 'APPPATH/Controllers/Admin.php', 5047)
 2 SYSTEMPATH/CodeIgniter.php(925): App\Controllers\Admin->profile_view('FCPATH/assets', 'img', 'user', 'u2.jpg')
 3 SYSTEMPATH/CodeIgniter.php(480): CodeIgniter\CodeIgniter->runController(Object(App\Controllers\Admin))
 4 SYSTEMPATH/CodeIgniter.php(349): CodeIgniter\CodeIgniter->handleRequest(null, Object(Config\Cache), false)
 5 FCPATH/index.php(67): CodeIgniter\CodeIgniter->run()
CRITICAL - 2026-02-24 23:58:29 --> Attempt to read property "religion_id" on null
in APPPATH/Controllers/Admin.php on line 5047.
 1 APPPATH/Controllers/Admin.php(5047): CodeIgniter\Debug\Exceptions->errorHandler(2, 'Attempt to read property "religion_id" on null', 'APPPATH/Controllers/Admin.php', 5047)
 2 SYSTEMPATH/CodeIgniter.php(925): App\Controllers\Admin->profile_view('FCPATH/assets', 'img', 'user', 'u1.jpg')
 3 SYSTEMPATH/CodeIgniter.php(480): CodeIgniter\CodeIgniter->runController(Object(App\Controllers\Admin))
 4 SYSTEMPATH/CodeIgniter.php(349): CodeIgniter\CodeIgniter->handleRequest(null, Object(Config\Cache), false)
 5 FCPATH/index.php(67): CodeIgniter\CodeIgniter->run()
CRITICAL - 2026-02-24 23:58:29 --> Attempt to read property "religion_id" on null
in APPPATH/Controllers/Admin.php on line 5047.
 1 APPPATH/Controllers/Admin.php(5047): CodeIgniter\Debug\Exceptions->errorHandler(2, 'Attempt to read property "religion_id" on null', 'APPPATH/Controllers/Admin.php', 5047)
 2 SYSTEMPATH/CodeIgniter.php(925): App\Controllers\Admin->profile_view('FCPATH/assets', 'img', 'user', 'u5.jpg')
 3 SYSTEMPATH/CodeIgniter.php(480): CodeIgniter\CodeIgniter->runController(Object(App\Controllers\Admin))
 4 SYSTEMPATH/CodeIgniter.php(349): CodeIgniter\CodeIgniter->handleRequest(null, Object(Config\Cache), false)
 5 FCPATH/index.php(67): CodeIgniter\CodeIgniter->run()
