CRITICAL - 2026-02-27 03:27:53 --> Attempt to read property "cms_id" on null
in APPPATH/Views/admin/edit-cms.php on line 36.
 1 APPPATH/Views/admin/edit-cms.php(36): CodeIgniter\Debug\Exceptions->errorHandler(2, 'Attempt to read property "cms_id" on null', 'APPPATH/Views/admin/edit-cms.php', 36)
 2 SYSTEMPATH/View/View.php(213): include('APPPATH/Views/admin/edit-cms.php')
 3 SYSTEMPATH/View/View.php(216): CodeIgniter\View\View->CodeIgniter\View\{closure}()
 4 SYSTEMPATH/Common.php(1135): CodeIgniter\View\View->render('admin/edit-cms', [], true)
 5 APPPATH/Controllers/Admin.php(758): view('admin/edit-cms', [...])
 6 SYSTEMPATH/CodeIgniter.php(925): App\Controllers\Admin->edit_cms('FCPATH/assets', 'img', 'user', 'u2.jpg')
 7 SYSTEMPATH/CodeIgniter.php(480): CodeIgniter\CodeIgniter->runController(Object(App\Controllers\Admin))
 8 SYSTEMPATH/CodeIgniter.php(349): CodeIgniter\CodeIgniter->handleRequest(null, Object(Config\Cache), false)
 9 FCPATH/index.php(67): CodeIgniter\CodeIgniter->run()
CRITICAL - 2026-02-27 03:27:53 --> Attempt to read property "cms_id" on null
in APPPATH/Views/admin/edit-cms.php on line 36.
 1 APPPATH/Views/admin/edit-cms.php(36): CodeIgniter\Debug\Exceptions->errorHandler(2, 'Attempt to read property "cms_id" on null', 'APPPATH/Views/admin/edit-cms.php', 36)
 2 SYSTEMPATH/View/View.php(213): include('APPPATH/Views/admin/edit-cms.php')
 3 SYSTEMPATH/View/View.php(216): CodeIgniter\View\View->CodeIgniter\View\{closure}()
 4 SYSTEMPATH/Common.php(1135): CodeIgniter\View\View->render('admin/edit-cms', [], true)
 5 APPPATH/Controllers/Admin.php(758): view('admin/edit-cms', [...])
 6 SYSTEMPATH/CodeIgniter.php(925): App\Controllers\Admin->edit_cms('FCPATH/assets', 'img', 'user', 'u4.jpg')
 7 SYSTEMPATH/CodeIgniter.php(480): CodeIgniter\CodeIgniter->runController(Object(App\Controllers\Admin))
 8 SYSTEMPATH/CodeIgniter.php(349): CodeIgniter\CodeIgniter->handleRequest(null, Object(Config\Cache), false)
 9 FCPATH/index.php(67): CodeIgniter\CodeIgniter->run()
CRITICAL - 2026-02-27 03:27:53 --> Attempt to read property "cms_id" on null
in APPPATH/Views/admin/edit-cms.php on line 36.
 1 APPPATH/Views/admin/edit-cms.php(36): CodeIgniter\Debug\Exceptions->errorHandler(2, 'Attempt to read property "cms_id" on null', 'APPPATH/Views/admin/edit-cms.php', 36)
 2 SYSTEMPATH/View/View.php(213): include('APPPATH/Views/admin/edit-cms.php')
 3 SYSTEMPATH/View/View.php(216): CodeIgniter\View\View->CodeIgniter\View\{closure}()
 4 SYSTEMPATH/Common.php(1135): CodeIgniter\View\View->render('admin/edit-cms', [], true)
 5 APPPATH/Controllers/Admin.php(758): view('admin/edit-cms', [...])
 6 SYSTEMPATH/CodeIgniter.php(925): App\Controllers\Admin->edit_cms('FCPATH/assets', 'img', 'user', 'u5.jpg')
 7 SYSTEMPATH/CodeIgniter.php(480): CodeIgniter\CodeIgniter->runController(Object(App\Controllers\Admin))
 8 SYSTEMPATH/CodeIgniter.php(349): CodeIgniter\CodeIgniter->handleRequest(null, Object(Config\Cache), false)
 9 FCPATH/index.php(67): CodeIgniter\CodeIgniter->run()
CRITICAL - 2026-02-27 03:27:53 --> Attempt to read property "cms_id" on null
in APPPATH/Views/admin/edit-cms.php on line 36.
 1 APPPATH/Views/admin/edit-cms.php(36): CodeIgniter\Debug\Exceptions->errorHandler(2, 'Attempt to read property "cms_id" on null', 'APPPATH/Views/admin/edit-cms.php', 36)
 2 SYSTEMPATH/View/View.php(213): include('APPPATH/Views/admin/edit-cms.php')
 3 SYSTEMPATH/View/View.php(216): CodeIgniter\View\View->CodeIgniter\View\{closure}()
 4 SYSTEMPATH/Common.php(1135): CodeIgniter\View\View->render('admin/edit-cms', [], true)
 5 APPPATH/Controllers/Admin.php(758): view('admin/edit-cms', [...])
 6 SYSTEMPATH/CodeIgniter.php(925): App\Controllers\Admin->edit_cms('FCPATH/assets', 'img', 'user', 'u1.jpg')
 7 SYSTEMPATH/CodeIgniter.php(480): CodeIgniter\CodeIgniter->runController(Object(App\Controllers\Admin))
 8 SYSTEMPATH/CodeIgniter.php(349): CodeIgniter\CodeIgniter->handleRequest(null, Object(Config\Cache), false)
 9 FCPATH/index.php(67): CodeIgniter\CodeIgniter->run()
CRITICAL - 2026-02-27 03:35:08 --> Attempt to read property "religion_id" on null
in APPPATH/Controllers/Admin.php on line 5047.
 1 APPPATH/Controllers/Admin.php(5047): CodeIgniter\Debug\Exceptions->errorHandler(2, 'Attempt to read property "religion_id" on null', 'APPPATH/Controllers/Admin.php', 5047)
 2 SYSTEMPATH/CodeIgniter.php(925): App\Controllers\Admin->profile_view('FCPATH/assets', 'img', 'user', 'u5.jpg')
 3 SYSTEMPATH/CodeIgniter.php(480): CodeIgniter\CodeIgniter->runController(Object(App\Controllers\Admin))
 4 SYSTEMPATH/CodeIgniter.php(349): CodeIgniter\CodeIgniter->handleRequest(null, Object(Config\Cache), false)
 5 FCPATH/index.php(67): CodeIgniter\CodeIgniter->run()
CRITICAL - 2026-02-27 03:35:08 --> Attempt to read property "religion_id" on null
in APPPATH/Controllers/Admin.php on line 5047.
 1 APPPATH/Controllers/Admin.php(5047): CodeIgniter\Debug\Exceptions->errorHandler(2, 'Attempt to read property "religion_id" on null', 'APPPATH/Controllers/Admin.php', 5047)
 2 SYSTEMPATH/CodeIgniter.php(925): App\Controllers\Admin->profile_view('FCPATH/assets', 'img', 'user', 'u4.jpg')
 3 SYSTEMPATH/CodeIgniter.php(480): CodeIgniter\CodeIgniter->runController(Object(App\Controllers\Admin))
 4 SYSTEMPATH/CodeIgniter.php(349): CodeIgniter\CodeIgniter->handleRequest(null, Object(Config\Cache), false)
 5 FCPATH/index.php(67): CodeIgniter\CodeIgniter->run()
CRITICAL - 2026-02-27 03:35:08 --> Attempt to read property "religion_id" on null
in APPPATH/Controllers/Admin.php on line 5047.
 1 APPPATH/Controllers/Admin.php(5047): CodeIgniter\Debug\Exceptions->errorHandler(2, 'Attempt to read property "religion_id" on null', 'APPPATH/Controllers/Admin.php', 5047)
 2 SYSTEMPATH/CodeIgniter.php(925): App\Controllers\Admin->profile_view('FCPATH/assets', 'img', 'user', 'u2.jpg')
 3 SYSTEMPATH/CodeIgniter.php(480): CodeIgniter\CodeIgniter->runController(Object(App\Controllers\Admin))
 4 SYSTEMPATH/CodeIgniter.php(349): CodeIgniter\CodeIgniter->handleRequest(null, Object(Config\Cache), false)
 5 FCPATH/index.php(67): CodeIgniter\CodeIgniter->run()
CRITICAL - 2026-02-27 03:35:08 --> Attempt to read property "religion_id" on null
in APPPATH/Controllers/Admin.php on line 5047.
 1 APPPATH/Controllers/Admin.php(5047): CodeIgniter\Debug\Exceptions->errorHandler(2, 'Attempt to read property "religion_id" on null', 'APPPATH/Controllers/Admin.php', 5047)
 2 SYSTEMPATH/CodeIgniter.php(925): App\Controllers\Admin->profile_view('FCPATH/assets', 'img', 'user', 'u1.jpg')
 3 SYSTEMPATH/CodeIgniter.php(480): CodeIgniter\CodeIgniter->runController(Object(App\Controllers\Admin))
 4 SYSTEMPATH/CodeIgniter.php(349): CodeIgniter\CodeIgniter->handleRequest(null, Object(Config\Cache), false)
 5 FCPATH/index.php(67): CodeIgniter\CodeIgniter->run()
CRITICAL - 2026-02-27 03:44:53 --> Attempt to read property "cms_id" on null
in APPPATH/Views/admin/edit-cms.php on line 36.
 1 APPPATH/Views/admin/edit-cms.php(36): CodeIgniter\Debug\Exceptions->errorHandler(2, 'Attempt to read property "cms_id" on null', 'APPPATH/Views/admin/edit-cms.php', 36)
 2 SYSTEMPATH/View/View.php(213): include('APPPATH/Views/admin/edit-cms.php')
 3 SYSTEMPATH/View/View.php(216): CodeIgniter\View\View->CodeIgniter\View\{closure}()
 4 SYSTEMPATH/Common.php(1135): CodeIgniter\View\View->render('admin/edit-cms', [], true)
 5 APPPATH/Controllers/Admin.php(758): view('admin/edit-cms', [...])
 6 SYSTEMPATH/CodeIgniter.php(925): App\Controllers\Admin->edit_cms('FCPATH/assets', 'img', 'user', 'u2.jpg')
 7 SYSTEMPATH/CodeIgniter.php(480): CodeIgniter\CodeIgniter->runController(Object(App\Controllers\Admin))
 8 SYSTEMPATH/CodeIgniter.php(349): CodeIgniter\CodeIgniter->handleRequest(null, Object(Config\Cache), false)
 9 FCPATH/index.php(67): CodeIgniter\CodeIgniter->run()
CRITICAL - 2026-02-27 03:44:53 --> Attempt to read property "cms_id" on null
in APPPATH/Views/admin/edit-cms.php on line 36.
 1 APPPATH/Views/admin/edit-cms.php(36): CodeIgniter\Debug\Exceptions->errorHandler(2, 'Attempt to read property "cms_id" on null', 'APPPATH/Views/admin/edit-cms.php', 36)
 2 SYSTEMPATH/View/View.php(213): include('APPPATH/Views/admin/edit-cms.php')
 3 SYSTEMPATH/View/View.php(216): CodeIgniter\View\View->CodeIgniter\View\{closure}()
 4 SYSTEMPATH/Common.php(1135): CodeIgniter\View\View->render('admin/edit-cms', [], true)
 5 APPPATH/Controllers/Admin.php(758): view('admin/edit-cms', [...])
 6 SYSTEMPATH/CodeIgniter.php(925): App\Controllers\Admin->edit_cms('FCPATH/assets', 'img', 'user', 'u1.jpg')
 7 SYSTEMPATH/CodeIgniter.php(480): CodeIgniter\CodeIgniter->runController(Object(App\Controllers\Admin))
 8 SYSTEMPATH/CodeIgniter.php(349): CodeIgniter\CodeIgniter->handleRequest(null, Object(Config\Cache), false)
 9 FCPATH/index.php(67): CodeIgniter\CodeIgniter->run()
CRITICAL - 2026-02-27 03:44:53 --> Attempt to read property "cms_id" on null
in APPPATH/Views/admin/edit-cms.php on line 36.
 1 APPPATH/Views/admin/edit-cms.php(36): CodeIgniter\Debug\Exceptions->errorHandler(2, 'Attempt to read property "cms_id" on null', 'APPPATH/Views/admin/edit-cms.php', 36)
 2 SYSTEMPATH/View/View.php(213): include('APPPATH/Views/admin/edit-cms.php')
 3 SYSTEMPATH/View/View.php(216): CodeIgniter\View\View->CodeIgniter\View\{closure}()
 4 SYSTEMPATH/Common.php(1135): CodeIgniter\View\View->render('admin/edit-cms', [], true)
 5 APPPATH/Controllers/Admin.php(758): view('admin/edit-cms', [...])
 6 SYSTEMPATH/CodeIgniter.php(925): App\Controllers\Admin->edit_cms('FCPATH/assets', 'img', 'user', 'u5.jpg')
 7 SYSTEMPATH/CodeIgniter.php(480): CodeIgniter\CodeIgniter->runController(Object(App\Controllers\Admin))
 8 SYSTEMPATH/CodeIgniter.php(349): CodeIgniter\CodeIgniter->handleRequest(null, Object(Config\Cache), false)
 9 FCPATH/index.php(67): CodeIgniter\CodeIgniter->run()
CRITICAL - 2026-02-27 03:44:53 --> Attempt to read property "cms_id" on null
in APPPATH/Views/admin/edit-cms.php on line 36.
 1 APPPATH/Views/admin/edit-cms.php(36): CodeIgniter\Debug\Exceptions->errorHandler(2, 'Attempt to read property "cms_id" on null', 'APPPATH/Views/admin/edit-cms.php', 36)
 2 SYSTEMPATH/View/View.php(213): include('APPPATH/Views/admin/edit-cms.php')
 3 SYSTEMPATH/View/View.php(216): CodeIgniter\View\View->CodeIgniter\View\{closure}()
 4 SYSTEMPATH/Common.php(1135): CodeIgniter\View\View->render('admin/edit-cms', [], true)
 5 APPPATH/Controllers/Admin.php(758): view('admin/edit-cms', [...])
 6 SYSTEMPATH/CodeIgniter.php(925): App\Controllers\Admin->edit_cms('FCPATH/assets', 'img', 'user', 'u4.jpg')
 7 SYSTEMPATH/CodeIgniter.php(480): CodeIgniter\CodeIgniter->runController(Object(App\Controllers\Admin))
 8 SYSTEMPATH/CodeIgniter.php(349): CodeIgniter\CodeIgniter->handleRequest(null, Object(Config\Cache), false)
 9 FCPATH/index.php(67): CodeIgniter\CodeIgniter->run()
CRITICAL - 2026-02-27 03:45:02 --> Attempt to read property "cms_id" on null
in APPPATH/Views/admin/edit-cms.php on line 36.
 1 APPPATH/Views/admin/edit-cms.php(36): CodeIgniter\Debug\Exceptions->errorHandler(2, 'Attempt to read property "cms_id" on null', 'APPPATH/Views/admin/edit-cms.php', 36)
 2 SYSTEMPATH/View/View.php(213): include('APPPATH/Views/admin/edit-cms.php')
 3 SYSTEMPATH/View/View.php(216): CodeIgniter\View\View->CodeIgniter\View\{closure}()
 4 SYSTEMPATH/Common.php(1135): CodeIgniter\View\View->render('admin/edit-cms', [], true)
 5 APPPATH/Controllers/Admin.php(758): view('admin/edit-cms', [...])
 6 SYSTEMPATH/CodeIgniter.php(925): App\Controllers\Admin->edit_cms('FCPATH/assets', 'img', 'user', 'u2.jpg')
 7 SYSTEMPATH/CodeIgniter.php(480): CodeIgniter\CodeIgniter->runController(Object(App\Controllers\Admin))
 8 SYSTEMPATH/CodeIgniter.php(349): CodeIgniter\CodeIgniter->handleRequest(null, Object(Config\Cache), false)
 9 FCPATH/index.php(67): CodeIgniter\CodeIgniter->run()
CRITICAL - 2026-02-27 03:45:02 --> Attempt to read property "cms_id" on null
in APPPATH/Views/admin/edit-cms.php on line 36.
 1 APPPATH/Views/admin/edit-cms.php(36): CodeIgniter\Debug\Exceptions->errorHandler(2, 'Attempt to read property "cms_id" on null', 'APPPATH/Views/admin/edit-cms.php', 36)
 2 SYSTEMPATH/View/View.php(213): include('APPPATH/Views/admin/edit-cms.php')
 3 SYSTEMPATH/View/View.php(216): CodeIgniter\View\View->CodeIgniter\View\{closure}()
 4 SYSTEMPATH/Common.php(1135): CodeIgniter\View\View->render('admin/edit-cms', [], true)
 5 APPPATH/Controllers/Admin.php(758): view('admin/edit-cms', [...])
 6 SYSTEMPATH/CodeIgniter.php(925): App\Controllers\Admin->edit_cms('FCPATH/assets', 'img', 'user', 'u5.jpg')
 7 SYSTEMPATH/CodeIgniter.php(480): CodeIgniter\CodeIgniter->runController(Object(App\Controllers\Admin))
 8 SYSTEMPATH/CodeIgniter.php(349): CodeIgniter\CodeIgniter->handleRequest(null, Object(Config\Cache), false)
 9 FCPATH/index.php(67): CodeIgniter\CodeIgniter->run()
CRITICAL - 2026-02-27 03:45:02 --> Attempt to read property "cms_id" on null
in APPPATH/Views/admin/edit-cms.php on line 36.
 1 APPPATH/Views/admin/edit-cms.php(36): CodeIgniter\Debug\Exceptions->errorHandler(2, 'Attempt to read property "cms_id" on null', 'APPPATH/Views/admin/edit-cms.php', 36)
 2 SYSTEMPATH/View/View.php(213): include('APPPATH/Views/admin/edit-cms.php')
 3 SYSTEMPATH/View/View.php(216): CodeIgniter\View\View->CodeIgniter\View\{closure}()
 4 SYSTEMPATH/Common.php(1135): CodeIgniter\View\View->render('admin/edit-cms', [], true)
 5 APPPATH/Controllers/Admin.php(758): view('admin/edit-cms', [...])
 6 SYSTEMPATH/CodeIgniter.php(925): App\Controllers\Admin->edit_cms('FCPATH/assets', 'img', 'user', 'u1.jpg')
 7 SYSTEMPATH/CodeIgniter.php(480): CodeIgniter\CodeIgniter->runController(Object(App\Controllers\Admin))
 8 SYSTEMPATH/CodeIgniter.php(349): CodeIgniter\CodeIgniter->handleRequest(null, Object(Config\Cache), false)
 9 FCPATH/index.php(67): CodeIgniter\CodeIgniter->run()
CRITICAL - 2026-02-27 03:45:02 --> Attempt to read property "cms_id" on null
in APPPATH/Views/admin/edit-cms.php on line 36.
 1 APPPATH/Views/admin/edit-cms.php(36): CodeIgniter\Debug\Exceptions->errorHandler(2, 'Attempt to read property "cms_id" on null', 'APPPATH/Views/admin/edit-cms.php', 36)
 2 SYSTEMPATH/View/View.php(213): include('APPPATH/Views/admin/edit-cms.php')
 3 SYSTEMPATH/View/View.php(216): CodeIgniter\View\View->CodeIgniter\View\{closure}()
 4 SYSTEMPATH/Common.php(1135): CodeIgniter\View\View->render('admin/edit-cms', [], true)
 5 APPPATH/Controllers/Admin.php(758): view('admin/edit-cms', [...])
 6 SYSTEMPATH/CodeIgniter.php(925): App\Controllers\Admin->edit_cms('FCPATH/assets', 'img', 'user', 'u4.jpg')
 7 SYSTEMPATH/CodeIgniter.php(480): CodeIgniter\CodeIgniter->runController(Object(App\Controllers\Admin))
 8 SYSTEMPATH/CodeIgniter.php(349): CodeIgniter\CodeIgniter->handleRequest(null, Object(Config\Cache), false)
 9 FCPATH/index.php(67): CodeIgniter\CodeIgniter->run()
CRITICAL - 2026-02-27 03:45:38 --> Attempt to read property "cms_id" on null
in APPPATH/Views/admin/edit-cms.php on line 36.
 1 APPPATH/Views/admin/edit-cms.php(36): CodeIgniter\Debug\Exceptions->errorHandler(2, 'Attempt to read property "cms_id" on null', 'APPPATH/Views/admin/edit-cms.php', 36)
 2 SYSTEMPATH/View/View.php(213): include('APPPATH/Views/admin/edit-cms.php')
 3 SYSTEMPATH/View/View.php(216): CodeIgniter\View\View->CodeIgniter\View\{closure}()
 4 SYSTEMPATH/Common.php(1135): CodeIgniter\View\View->render('admin/edit-cms', [], true)
 5 APPPATH/Controllers/Admin.php(758): view('admin/edit-cms', [...])
 6 SYSTEMPATH/CodeIgniter.php(925): App\Controllers\Admin->edit_cms('FCPATH/assets', 'img', 'user', 'u2.jpg')
 7 SYSTEMPATH/CodeIgniter.php(480): CodeIgniter\CodeIgniter->runController(Object(App\Controllers\Admin))
 8 SYSTEMPATH/CodeIgniter.php(349): CodeIgniter\CodeIgniter->handleRequest(null, Object(Config\Cache), false)
 9 FCPATH/index.php(67): CodeIgniter\CodeIgniter->run()
CRITICAL - 2026-02-27 03:45:38 --> Attempt to read property "cms_id" on null
in APPPATH/Views/admin/edit-cms.php on line 36.
 1 APPPATH/Views/admin/edit-cms.php(36): CodeIgniter\Debug\Exceptions->errorHandler(2, 'Attempt to read property "cms_id" on null', 'APPPATH/Views/admin/edit-cms.php', 36)
 2 SYSTEMPATH/View/View.php(213): include('APPPATH/Views/admin/edit-cms.php')
 3 SYSTEMPATH/View/View.php(216): CodeIgniter\View\View->CodeIgniter\View\{closure}()
 4 SYSTEMPATH/Common.php(1135): CodeIgniter\View\View->render('admin/edit-cms', [], true)
 5 APPPATH/Controllers/Admin.php(758): view('admin/edit-cms', [...])
 6 SYSTEMPATH/CodeIgniter.php(925): App\Controllers\Admin->edit_cms('FCPATH/assets', 'img', 'user', 'u4.jpg')
 7 SYSTEMPATH/CodeIgniter.php(480): CodeIgniter\CodeIgniter->runController(Object(App\Controllers\Admin))
 8 SYSTEMPATH/CodeIgniter.php(349): CodeIgniter\CodeIgniter->handleRequest(null, Object(Config\Cache), false)
 9 FCPATH/index.php(67): CodeIgniter\CodeIgniter->run()
CRITICAL - 2026-02-27 03:45:38 --> Attempt to read property "cms_id" on null
in APPPATH/Views/admin/edit-cms.php on line 36.
 1 APPPATH/Views/admin/edit-cms.php(36): CodeIgniter\Debug\Exceptions->errorHandler(2, 'Attempt to read property "cms_id" on null', 'APPPATH/Views/admin/edit-cms.php', 36)
 2 SYSTEMPATH/View/View.php(213): include('APPPATH/Views/admin/edit-cms.php')
 3 SYSTEMPATH/View/View.php(216): CodeIgniter\View\View->CodeIgniter\View\{closure}()
 4 SYSTEMPATH/Common.php(1135): CodeIgniter\View\View->render('admin/edit-cms', [], true)
 5 APPPATH/Controllers/Admin.php(758): view('admin/edit-cms', [...])
 6 SYSTEMPATH/CodeIgniter.php(925): App\Controllers\Admin->edit_cms('FCPATH/assets', 'img', 'user', 'u1.jpg')
 7 SYSTEMPATH/CodeIgniter.php(480): CodeIgniter\CodeIgniter->runController(Object(App\Controllers\Admin))
 8 SYSTEMPATH/CodeIgniter.php(349): CodeIgniter\CodeIgniter->handleRequest(null, Object(Config\Cache), false)
 9 FCPATH/index.php(67): CodeIgniter\CodeIgniter->run()
CRITICAL - 2026-02-27 03:45:38 --> Attempt to read property "cms_id" on null
in APPPATH/Views/admin/edit-cms.php on line 36.
 1 APPPATH/Views/admin/edit-cms.php(36): CodeIgniter\Debug\Exceptions->errorHandler(2, 'Attempt to read property "cms_id" on null', 'APPPATH/Views/admin/edit-cms.php', 36)
 2 SYSTEMPATH/View/View.php(213): include('APPPATH/Views/admin/edit-cms.php')
 3 SYSTEMPATH/View/View.php(216): CodeIgniter\View\View->CodeIgniter\View\{closure}()
 4 SYSTEMPATH/Common.php(1135): CodeIgniter\View\View->render('admin/edit-cms', [], true)
 5 APPPATH/Controllers/Admin.php(758): view('admin/edit-cms', [...])
 6 SYSTEMPATH/CodeIgniter.php(925): App\Controllers\Admin->edit_cms('FCPATH/assets', 'img', 'user', 'u5.jpg')
 7 SYSTEMPATH/CodeIgniter.php(480): CodeIgniter\CodeIgniter->runController(Object(App\Controllers\Admin))
 8 SYSTEMPATH/CodeIgniter.php(349): CodeIgniter\CodeIgniter->handleRequest(null, Object(Config\Cache), false)
 9 FCPATH/index.php(67): CodeIgniter\CodeIgniter->run()
CRITICAL - 2026-02-27 03:46:15 --> Attempt to read property "cms_id" on null
in APPPATH/Views/admin/edit-cms.php on line 36.
 1 APPPATH/Views/admin/edit-cms.php(36): CodeIgniter\Debug\Exceptions->errorHandler(2, 'Attempt to read property "cms_id" on null', 'APPPATH/Views/admin/edit-cms.php', 36)
 2 SYSTEMPATH/View/View.php(213): include('APPPATH/Views/admin/edit-cms.php')
 3 SYSTEMPATH/View/View.php(216): CodeIgniter\View\View->CodeIgniter\View\{closure}()
 4 SYSTEMPATH/Common.php(1135): CodeIgniter\View\View->render('admin/edit-cms', [], true)
 5 APPPATH/Controllers/Admin.php(758): view('admin/edit-cms', [...])
 6 SYSTEMPATH/CodeIgniter.php(925): App\Controllers\Admin->edit_cms('FCPATH/assets', 'img', 'user', 'u2.jpg')
 7 SYSTEMPATH/CodeIgniter.php(480): CodeIgniter\CodeIgniter->runController(Object(App\Controllers\Admin))
 8 SYSTEMPATH/CodeIgniter.php(349): CodeIgniter\CodeIgniter->handleRequest(null, Object(Config\Cache), false)
 9 FCPATH/index.php(67): CodeIgniter\CodeIgniter->run()
CRITICAL - 2026-02-27 03:46:15 --> Attempt to read property "cms_id" on null
in APPPATH/Views/admin/edit-cms.php on line 36.
 1 APPPATH/Views/admin/edit-cms.php(36): CodeIgniter\Debug\Exceptions->errorHandler(2, 'Attempt to read property "cms_id" on null', 'APPPATH/Views/admin/edit-cms.php', 36)
 2 SYSTEMPATH/View/View.php(213): include('APPPATH/Views/admin/edit-cms.php')
 3 SYSTEMPATH/View/View.php(216): CodeIgniter\View\View->CodeIgniter\View\{closure}()
 4 SYSTEMPATH/Common.php(1135): CodeIgniter\View\View->render('admin/edit-cms', [], true)
 5 APPPATH/Controllers/Admin.php(758): view('admin/edit-cms', [...])
 6 SYSTEMPATH/CodeIgniter.php(925): App\Controllers\Admin->edit_cms('FCPATH/assets', 'img', 'user', 'u4.jpg')
 7 SYSTEMPATH/CodeIgniter.php(480): CodeIgniter\CodeIgniter->runController(Object(App\Controllers\Admin))
 8 SYSTEMPATH/CodeIgniter.php(349): CodeIgniter\CodeIgniter->handleRequest(null, Object(Config\Cache), false)
 9 FCPATH/index.php(67): CodeIgniter\CodeIgniter->run()
CRITICAL - 2026-02-27 03:46:15 --> Attempt to read property "cms_id" on null
in APPPATH/Views/admin/edit-cms.php on line 36.
 1 APPPATH/Views/admin/edit-cms.php(36): CodeIgniter\Debug\Exceptions->errorHandler(2, 'Attempt to read property "cms_id" on null', 'APPPATH/Views/admin/edit-cms.php', 36)
 2 SYSTEMPATH/View/View.php(213): include('APPPATH/Views/admin/edit-cms.php')
 3 SYSTEMPATH/View/View.php(216): CodeIgniter\View\View->CodeIgniter\View\{closure}()
 4 SYSTEMPATH/Common.php(1135): CodeIgniter\View\View->render('admin/edit-cms', [], true)
 5 APPPATH/Controllers/Admin.php(758): view('admin/edit-cms', [...])
 6 SYSTEMPATH/CodeIgniter.php(925): App\Controllers\Admin->edit_cms('FCPATH/assets', 'img', 'user', 'u1.jpg')
 7 SYSTEMPATH/CodeIgniter.php(480): CodeIgniter\CodeIgniter->runController(Object(App\Controllers\Admin))
 8 SYSTEMPATH/CodeIgniter.php(349): CodeIgniter\CodeIgniter->handleRequest(null, Object(Config\Cache), false)
 9 FCPATH/index.php(67): CodeIgniter\CodeIgniter->run()
CRITICAL - 2026-02-27 03:46:15 --> Attempt to read property "cms_id" on null
in APPPATH/Views/admin/edit-cms.php on line 36.
 1 APPPATH/Views/admin/edit-cms.php(36): CodeIgniter\Debug\Exceptions->errorHandler(2, 'Attempt to read property "cms_id" on null', 'APPPATH/Views/admin/edit-cms.php', 36)
 2 SYSTEMPATH/View/View.php(213): include('APPPATH/Views/admin/edit-cms.php')
 3 SYSTEMPATH/View/View.php(216): CodeIgniter\View\View->CodeIgniter\View\{closure}()
 4 SYSTEMPATH/Common.php(1135): CodeIgniter\View\View->render('admin/edit-cms', [], true)
 5 APPPATH/Controllers/Admin.php(758): view('admin/edit-cms', [...])
 6 SYSTEMPATH/CodeIgniter.php(925): App\Controllers\Admin->edit_cms('FCPATH/assets', 'img', 'user', 'u5.jpg')
 7 SYSTEMPATH/CodeIgniter.php(480): CodeIgniter\CodeIgniter->runController(Object(App\Controllers\Admin))
 8 SYSTEMPATH/CodeIgniter.php(349): CodeIgniter\CodeIgniter->handleRequest(null, Object(Config\Cache), false)
 9 FCPATH/index.php(67): CodeIgniter\CodeIgniter->run()
CRITICAL - 2026-02-27 03:59:48 --> Attempt to read property "faq_id" on null
in APPPATH/Views/admin/edit-faq.php on line 45.
 1 APPPATH/Views/admin/edit-faq.php(45): CodeIgniter\Debug\Exceptions->errorHandler(2, 'Attempt to read property "faq_id" on null', 'APPPATH/Views/admin/edit-faq.php', 45)
 2 SYSTEMPATH/View/View.php(213): include('APPPATH/Views/admin/edit-faq.php')
 3 SYSTEMPATH/View/View.php(216): CodeIgniter\View\View->CodeIgniter\View\{closure}()
 4 SYSTEMPATH/Common.php(1135): CodeIgniter\View\View->render('admin/edit-faq', [], true)
 5 APPPATH/Controllers/Admin.php(3993): view('admin/edit-faq', [...])
 6 SYSTEMPATH/CodeIgniter.php(925): App\Controllers\Admin->edit_faq('FCPATH/assets', 'img', 'user', 'u5.jpg')
 7 SYSTEMPATH/CodeIgniter.php(480): CodeIgniter\CodeIgniter->runController(Object(App\Controllers\Admin))
 8 SYSTEMPATH/CodeIgniter.php(349): CodeIgniter\CodeIgniter->handleRequest(null, Object(Config\Cache), false)
 9 FCPATH/index.php(67): CodeIgniter\CodeIgniter->run()
CRITICAL - 2026-02-27 03:59:48 --> Attempt to read property "faq_id" on null
in APPPATH/Views/admin/edit-faq.php on line 45.
 1 APPPATH/Views/admin/edit-faq.php(45): CodeIgniter\Debug\Exceptions->errorHandler(2, 'Attempt to read property "faq_id" on null', 'APPPATH/Views/admin/edit-faq.php', 45)
 2 SYSTEMPATH/View/View.php(213): include('APPPATH/Views/admin/edit-faq.php')
 3 SYSTEMPATH/View/View.php(216): CodeIgniter\View\View->CodeIgniter\View\{closure}()
 4 SYSTEMPATH/Common.php(1135): CodeIgniter\View\View->render('admin/edit-faq', [], true)
 5 APPPATH/Controllers/Admin.php(3993): view('admin/edit-faq', [...])
 6 SYSTEMPATH/CodeIgniter.php(925): App\Controllers\Admin->edit_faq('FCPATH/assets', 'img', 'user', 'u1.jpg')
 7 SYSTEMPATH/CodeIgniter.php(480): CodeIgniter\CodeIgniter->runController(Object(App\Controllers\Admin))
 8 SYSTEMPATH/CodeIgniter.php(349): CodeIgniter\CodeIgniter->handleRequest(null, Object(Config\Cache), false)
 9 FCPATH/index.php(67): CodeIgniter\CodeIgniter->run()
CRITICAL - 2026-02-27 03:59:48 --> Attempt to read property "faq_id" on null
in APPPATH/Views/admin/edit-faq.php on line 45.
 1 APPPATH/Views/admin/edit-faq.php(45): CodeIgniter\Debug\Exceptions->errorHandler(2, 'Attempt to read property "faq_id" on null', 'APPPATH/Views/admin/edit-faq.php', 45)
 2 SYSTEMPATH/View/View.php(213): include('APPPATH/Views/admin/edit-faq.php')
 3 SYSTEMPATH/View/View.php(216): CodeIgniter\View\View->CodeIgniter\View\{closure}()
 4 SYSTEMPATH/Common.php(1135): CodeIgniter\View\View->render('admin/edit-faq', [], true)
 5 APPPATH/Controllers/Admin.php(3993): view('admin/edit-faq', [...])
 6 SYSTEMPATH/CodeIgniter.php(925): App\Controllers\Admin->edit_faq('FCPATH/assets', 'img', 'user', 'u4.jpg')
 7 SYSTEMPATH/CodeIgniter.php(480): CodeIgniter\CodeIgniter->runController(Object(App\Controllers\Admin))
 8 SYSTEMPATH/CodeIgniter.php(349): CodeIgniter\CodeIgniter->handleRequest(null, Object(Config\Cache), false)
 9 FCPATH/index.php(67): CodeIgniter\CodeIgniter->run()
CRITICAL - 2026-02-27 03:59:48 --> Attempt to read property "faq_id" on null
in APPPATH/Views/admin/edit-faq.php on line 45.
 1 APPPATH/Views/admin/edit-faq.php(45): CodeIgniter\Debug\Exceptions->errorHandler(2, 'Attempt to read property "faq_id" on null', 'APPPATH/Views/admin/edit-faq.php', 45)
 2 SYSTEMPATH/View/View.php(213): include('APPPATH/Views/admin/edit-faq.php')
 3 SYSTEMPATH/View/View.php(216): CodeIgniter\View\View->CodeIgniter\View\{closure}()
 4 SYSTEMPATH/Common.php(1135): CodeIgniter\View\View->render('admin/edit-faq', [], true)
 5 APPPATH/Controllers/Admin.php(3993): view('admin/edit-faq', [...])
 6 SYSTEMPATH/CodeIgniter.php(925): App\Controllers\Admin->edit_faq('FCPATH/assets', 'img', 'user', 'u2.jpg')
 7 SYSTEMPATH/CodeIgniter.php(480): CodeIgniter\CodeIgniter->runController(Object(App\Controllers\Admin))
 8 SYSTEMPATH/CodeIgniter.php(349): CodeIgniter\CodeIgniter->handleRequest(null, Object(Config\Cache), false)
 9 FCPATH/index.php(67): CodeIgniter\CodeIgniter->run()
