CRITICAL - 2024-06-25 00:11:11 --> Attempt to read property "property_meta_title" on null
in APPPATH/Controllers/Home.php on line 196.
 1 APPPATH/Controllers/Home.php(196): CodeIgniter\Debug\Exceptions->errorHandler(2, 'Attempt to read property "property_meta_title" on null', 'APPPATH/Controllers/Home.php', 196)
 2 SYSTEMPATH/CodeIgniter.php(925): App\Controllers\Home->property_details('img', 'banner', '2.jpg')
 3 SYSTEMPATH/CodeIgniter.php(480): CodeIgniter\CodeIgniter->runController(Object(App\Controllers\Home))
 4 SYSTEMPATH/CodeIgniter.php(349): CodeIgniter\CodeIgniter->handleRequest(null, Object(Config\Cache), false)
 5 FCPATH/index.php(67): CodeIgniter\CodeIgniter->run()
CRITICAL - 2024-06-25 00:11:11 --> Attempt to read property "property_meta_title" on null
in APPPATH/Controllers/Home.php on line 196.
 1 APPPATH/Controllers/Home.php(196): CodeIgniter\Debug\Exceptions->errorHandler(2, 'Attempt to read property "property_meta_title" on null', 'APPPATH/Controllers/Home.php', 196)
 2 SYSTEMPATH/CodeIgniter.php(925): App\Controllers\Home->property_details('img', 'bg', '14.jpg')
 3 SYSTEMPATH/CodeIgniter.php(480): CodeIgniter\CodeIgniter->runController(Object(App\Controllers\Home))
 4 SYSTEMPATH/CodeIgniter.php(349): CodeIgniter\CodeIgniter->handleRequest(null, Object(Config\Cache), false)
 5 FCPATH/index.php(67): CodeIgniter\CodeIgniter->run()
CRITICAL - 2024-06-25 00:20:38 --> Undefined variable $commanmodel
in APPPATH/Views/frontend/property.php on line 93.
 1 APPPATH/Views/frontend/property.php(93): CodeIgniter\Debug\Exceptions->errorHandler(2, 'Undefined variable $commanmodel', 'APPPATH/Views/frontend/property.php', 93)
 2 SYSTEMPATH/View/View.php(213): include('APPPATH/Views/frontend/property.php')
 3 SYSTEMPATH/View/View.php(216): CodeIgniter\View\View->CodeIgniter\View\{closure}()
 4 SYSTEMPATH/Common.php(1135): CodeIgniter\View\View->render('frontend/property', [], true)
 5 APPPATH/Controllers/Home.php(128): view('frontend/property', [...])
 6 SYSTEMPATH/CodeIgniter.php(925): App\Controllers\Home->property('buliding')
 7 SYSTEMPATH/CodeIgniter.php(480): CodeIgniter\CodeIgniter->runController(Object(App\Controllers\Home))
 8 SYSTEMPATH/CodeIgniter.php(349): CodeIgniter\CodeIgniter->handleRequest(null, Object(Config\Cache), false)
 9 FCPATH/index.php(67): CodeIgniter\CodeIgniter->run()
CRITICAL - 2024-06-25 00:24:22 --> Object of class stdClass could not be converted to string
in APPPATH/Views/frontend/property.php on line 109.
 1 SYSTEMPATH/View/View.php(213): include()
 2 SYSTEMPATH/View/View.php(216): CodeIgniter\View\View->CodeIgniter\View\{closure}()
 3 SYSTEMPATH/Common.php(1135): CodeIgniter\View\View->render('frontend/property', [], true)
 4 APPPATH/Controllers/Home.php(128): view('frontend/property', [...])
 5 SYSTEMPATH/CodeIgniter.php(925): App\Controllers\Home->property('buliding')
 6 SYSTEMPATH/CodeIgniter.php(480): CodeIgniter\CodeIgniter->runController(Object(App\Controllers\Home))
 7 SYSTEMPATH/CodeIgniter.php(349): CodeIgniter\CodeIgniter->handleRequest(null, Object(Config\Cache), false)
 8 FCPATH/index.php(67): CodeIgniter\CodeIgniter->run()
CRITICAL - 2024-06-25 01:04:35 --> Attempt to read property "property_meta_title" on null
in APPPATH/Controllers/Home.php on line 196.
 1 APPPATH/Controllers/Home.php(196): CodeIgniter\Debug\Exceptions->errorHandler(2, 'Attempt to read property "property_meta_title" on null', 'APPPATH/Controllers/Home.php', 196)
 2 SYSTEMPATH/CodeIgniter.php(925): App\Controllers\Home->property_details('img', 'banner', '2.jpg')
 3 SYSTEMPATH/CodeIgniter.php(480): CodeIgniter\CodeIgniter->runController(Object(App\Controllers\Home))
 4 SYSTEMPATH/CodeIgniter.php(349): CodeIgniter\CodeIgniter->handleRequest(null, Object(Config\Cache), false)
 5 FCPATH/index.php(67): CodeIgniter\CodeIgniter->run()
CRITICAL - 2024-06-25 01:04:36 --> Attempt to read property "property_meta_title" on null
in APPPATH/Controllers/Home.php on line 196.
 1 APPPATH/Controllers/Home.php(196): CodeIgniter\Debug\Exceptions->errorHandler(2, 'Attempt to read property "property_meta_title" on null', 'APPPATH/Controllers/Home.php', 196)
 2 SYSTEMPATH/CodeIgniter.php(925): App\Controllers\Home->property_details('img', 'bg', '14.jpg')
 3 SYSTEMPATH/CodeIgniter.php(480): CodeIgniter\CodeIgniter->runController(Object(App\Controllers\Home))
 4 SYSTEMPATH/CodeIgniter.php(349): CodeIgniter\CodeIgniter->handleRequest(null, Object(Config\Cache), false)
 5 FCPATH/index.php(67): CodeIgniter\CodeIgniter->run()
CRITICAL - 2024-06-25 02:08:01 --> Attempt to read property "property_meta_title" on null
in APPPATH/Controllers/Home.php on line 200.
 1 APPPATH/Controllers/Home.php(200): CodeIgniter\Debug\Exceptions->errorHandler(2, 'Attempt to read property "property_meta_title" on null', 'APPPATH/Controllers/Home.php', 200)
 2 SYSTEMPATH/CodeIgniter.php(925): App\Controllers\Home->property_details('img', 'banner', '2.jpg')
 3 SYSTEMPATH/CodeIgniter.php(480): CodeIgniter\CodeIgniter->runController(Object(App\Controllers\Home))
 4 SYSTEMPATH/CodeIgniter.php(349): CodeIgniter\CodeIgniter->handleRequest(null, Object(Config\Cache), false)
 5 FCPATH/index.php(67): CodeIgniter\CodeIgniter->run()
CRITICAL - 2024-06-25 02:08:01 --> Attempt to read property "property_meta_title" on null
in APPPATH/Controllers/Home.php on line 200.
 1 APPPATH/Controllers/Home.php(200): CodeIgniter\Debug\Exceptions->errorHandler(2, 'Attempt to read property "property_meta_title" on null', 'APPPATH/Controllers/Home.php', 200)
 2 SYSTEMPATH/CodeIgniter.php(925): App\Controllers\Home->property_details('img', 'bg', '14.jpg')
 3 SYSTEMPATH/CodeIgniter.php(480): CodeIgniter\CodeIgniter->runController(Object(App\Controllers\Home))
 4 SYSTEMPATH/CodeIgniter.php(349): CodeIgniter\CodeIgniter->handleRequest(null, Object(Config\Cache), false)
 5 FCPATH/index.php(67): CodeIgniter\CodeIgniter->run()
CRITICAL - 2024-06-25 02:08:53 --> Attempt to read property "property_meta_title" on null
in APPPATH/Controllers/Home.php on line 200.
 1 APPPATH/Controllers/Home.php(200): CodeIgniter\Debug\Exceptions->errorHandler(2, 'Attempt to read property "property_meta_title" on null', 'APPPATH/Controllers/Home.php', 200)
 2 SYSTEMPATH/CodeIgniter.php(925): App\Controllers\Home->property_details('img', 'banner', '2.jpg')
 3 SYSTEMPATH/CodeIgniter.php(480): CodeIgniter\CodeIgniter->runController(Object(App\Controllers\Home))
 4 SYSTEMPATH/CodeIgniter.php(349): CodeIgniter\CodeIgniter->handleRequest(null, Object(Config\Cache), false)
 5 FCPATH/index.php(67): CodeIgniter\CodeIgniter->run()
CRITICAL - 2024-06-25 02:08:53 --> Attempt to read property "property_meta_title" on null
in APPPATH/Controllers/Home.php on line 200.
 1 APPPATH/Controllers/Home.php(200): CodeIgniter\Debug\Exceptions->errorHandler(2, 'Attempt to read property "property_meta_title" on null', 'APPPATH/Controllers/Home.php', 200)
 2 SYSTEMPATH/CodeIgniter.php(925): App\Controllers\Home->property_details('img', 'bg', '14.jpg')
 3 SYSTEMPATH/CodeIgniter.php(480): CodeIgniter\CodeIgniter->runController(Object(App\Controllers\Home))
 4 SYSTEMPATH/CodeIgniter.php(349): CodeIgniter\CodeIgniter->handleRequest(null, Object(Config\Cache), false)
 5 FCPATH/index.php(67): CodeIgniter\CodeIgniter->run()
CRITICAL - 2024-06-25 02:25:09 --> Undefined variable $property
in APPPATH/Controllers/Home.php on line 239.
 1 APPPATH/Controllers/Home.php(239): CodeIgniter\Debug\Exceptions->errorHandler(2, 'Undefined variable $property', 'APPPATH/Controllers/Home.php', 239)
 2 SYSTEMPATH/CodeIgniter.php(925): App\Controllers\Home->login()
 3 SYSTEMPATH/CodeIgniter.php(480): CodeIgniter\CodeIgniter->runController(Object(App\Controllers\Home))
 4 SYSTEMPATH/CodeIgniter.php(349): CodeIgniter\CodeIgniter->handleRequest(null, Object(Config\Cache), false)
 5 FCPATH/index.php(67): CodeIgniter\CodeIgniter->run()
CRITICAL - 2024-06-25 02:26:36 --> Attempt to read property "property_id" on null
in APPPATH/Views/admin/edit_property.php on line 208.
 1 APPPATH/Views/admin/edit_property.php(208): CodeIgniter\Debug\Exceptions->errorHandler(2, 'Attempt to read property "property_id" on null', 'APPPATH/Views/admin/edit_property.php', 208)
 2 SYSTEMPATH/View/View.php(213): include('APPPATH/Views/admin/edit_property.php')
 3 SYSTEMPATH/View/View.php(216): CodeIgniter\View\View->CodeIgniter\View\{closure}()
 4 SYSTEMPATH/Common.php(1135): CodeIgniter\View\View->render('admin/edit_property', [], true)
 5 APPPATH/Controllers/Admin.php(1518): view('admin/edit_property', [...])
 6 SYSTEMPATH/CodeIgniter.php(925): App\Controllers\Admin->edit_property('category-create')
 7 SYSTEMPATH/CodeIgniter.php(480): CodeIgniter\CodeIgniter->runController(Object(App\Controllers\Admin))
 8 SYSTEMPATH/CodeIgniter.php(349): CodeIgniter\CodeIgniter->handleRequest(null, Object(Config\Cache), false)
 9 FCPATH/index.php(67): CodeIgniter\CodeIgniter->run()
ERROR - 2024-06-25 02:28:10 --> mysqli_sql_exception: Unknown column 'property_featurese_id' in 'where clause' in /home2/aseelectricalco/public_html/rent-house/system/Database/MySQLi/Connection.php:292
Stack trace:
#0 /home2/aseelectricalco/public_html/rent-house/system/Database/MySQLi/Connection.php(292): mysqli->query('UPDATE `propert...', 0)
#1 /home2/aseelectricalco/public_html/rent-house/system/Database/BaseConnection.php(666): CodeIgniter\Database\MySQLi\Connection->execute('UPDATE `propert...')
#2 /home2/aseelectricalco/public_html/rent-house/system/Database/BaseConnection.php(593): CodeIgniter\Database\BaseConnection->simpleQuery('UPDATE `propert...')
#3 /home2/aseelectricalco/public_html/rent-house/system/Database/BaseBuilder.php(2079): CodeIgniter\Database\BaseConnection->query('UPDATE `propert...', Array, false)
#4 /home2/aseelectricalco/public_html/rent-house/app/Models/Commanmodel.php(59): CodeIgniter\Database\BaseBuilder->update(Array)
#5 /home2/aseelectricalco/public_html/rent-house/app/Controllers/Admin.php(1634): App\Models\Commanmodel->update_query('property_featur...', Array, Array)
#6 /home2/aseelectricalco/public_html/rent-house/system/CodeIgniter.php(925): App\Controllers\Admin->update_property_process('10')
#7 /home2/aseelectricalco/public_html/rent-house/system/CodeIgniter.php(480): CodeIgniter\CodeIgniter->runController(Object(App\Controllers\Admin))
#8 /home2/aseelectricalco/public_html/rent-house/system/CodeIgniter.php(349): CodeIgniter\CodeIgniter->handleRequest(NULL, Object(Config\Cache), false)
#9 /home2/aseelectricalco/public_html/rent-house/index.php(67): CodeIgniter\CodeIgniter->run()
#10 {main}
ERROR - 2024-06-25 02:28:10 --> mysqli_sql_exception: Unknown column 'property_featurese_id' in 'where clause' in /home2/aseelectricalco/public_html/rent-house/system/Database/MySQLi/Connection.php:292
Stack trace:
#0 /home2/aseelectricalco/public_html/rent-house/system/Database/MySQLi/Connection.php(292): mysqli->query('UPDATE `propert...', 0)
#1 /home2/aseelectricalco/public_html/rent-house/system/Database/BaseConnection.php(666): CodeIgniter\Database\MySQLi\Connection->execute('UPDATE `propert...')
#2 /home2/aseelectricalco/public_html/rent-house/system/Database/BaseConnection.php(593): CodeIgniter\Database\BaseConnection->simpleQuery('UPDATE `propert...')
#3 /home2/aseelectricalco/public_html/rent-house/system/Database/BaseBuilder.php(2079): CodeIgniter\Database\BaseConnection->query('UPDATE `propert...', Array, false)
#4 /home2/aseelectricalco/public_html/rent-house/app/Models/Commanmodel.php(59): CodeIgniter\Database\BaseBuilder->update(Array)
#5 /home2/aseelectricalco/public_html/rent-house/app/Controllers/Admin.php(1634): App\Models\Commanmodel->update_query('property_featur...', Array, Array)
#6 /home2/aseelectricalco/public_html/rent-house/system/CodeIgniter.php(925): App\Controllers\Admin->update_property_process('10')
#7 /home2/aseelectricalco/public_html/rent-house/system/CodeIgniter.php(480): CodeIgniter\CodeIgniter->runController(Object(App\Controllers\Admin))
#8 /home2/aseelectricalco/public_html/rent-house/system/CodeIgniter.php(349): CodeIgniter\CodeIgniter->handleRequest(NULL, Object(Config\Cache), false)
#9 /home2/aseelectricalco/public_html/rent-house/index.php(67): CodeIgniter\CodeIgniter->run()
#10 {main}
ERROR - 2024-06-25 02:28:10 --> mysqli_sql_exception: Unknown column 'property_featurese_id' in 'where clause' in /home2/aseelectricalco/public_html/rent-house/system/Database/MySQLi/Connection.php:292
Stack trace:
#0 /home2/aseelectricalco/public_html/rent-house/system/Database/MySQLi/Connection.php(292): mysqli->query('UPDATE `propert...', 0)
#1 /home2/aseelectricalco/public_html/rent-house/system/Database/BaseConnection.php(666): CodeIgniter\Database\MySQLi\Connection->execute('UPDATE `propert...')
#2 /home2/aseelectricalco/public_html/rent-house/system/Database/BaseConnection.php(593): CodeIgniter\Database\BaseConnection->simpleQuery('UPDATE `propert...')
#3 /home2/aseelectricalco/public_html/rent-house/system/Database/BaseBuilder.php(2079): CodeIgniter\Database\BaseConnection->query('UPDATE `propert...', Array, false)
#4 /home2/aseelectricalco/public_html/rent-house/app/Models/Commanmodel.php(59): CodeIgniter\Database\BaseBuilder->update(Array)
#5 /home2/aseelectricalco/public_html/rent-house/app/Controllers/Admin.php(1634): App\Models\Commanmodel->update_query('property_featur...', Array, Array)
#6 /home2/aseelectricalco/public_html/rent-house/system/CodeIgniter.php(925): App\Controllers\Admin->update_property_process('10')
#7 /home2/aseelectricalco/public_html/rent-house/system/CodeIgniter.php(480): CodeIgniter\CodeIgniter->runController(Object(App\Controllers\Admin))
#8 /home2/aseelectricalco/public_html/rent-house/system/CodeIgniter.php(349): CodeIgniter\CodeIgniter->handleRequest(NULL, Object(Config\Cache), false)
#9 /home2/aseelectricalco/public_html/rent-house/index.php(67): CodeIgniter\CodeIgniter->run()
#10 {main}
CRITICAL - 2024-06-25 02:30:09 --> Attempt to read property "property_meta_title" on null
in APPPATH/Controllers/Home.php on line 200.
 1 APPPATH/Controllers/Home.php(200): CodeIgniter\Debug\Exceptions->errorHandler(2, 'Attempt to read property "property_meta_title" on null', 'APPPATH/Controllers/Home.php', 200)
 2 SYSTEMPATH/CodeIgniter.php(925): App\Controllers\Home->property_details('img', 'bg', '14.jpg')
 3 SYSTEMPATH/CodeIgniter.php(480): CodeIgniter\CodeIgniter->runController(Object(App\Controllers\Home))
 4 SYSTEMPATH/CodeIgniter.php(349): CodeIgniter\CodeIgniter->handleRequest(null, Object(Config\Cache), false)
 5 FCPATH/index.php(67): CodeIgniter\CodeIgniter->run()
CRITICAL - 2024-06-25 02:30:09 --> Attempt to read property "property_meta_title" on null
in APPPATH/Controllers/Home.php on line 200.
 1 APPPATH/Controllers/Home.php(200): CodeIgniter\Debug\Exceptions->errorHandler(2, 'Attempt to read property "property_meta_title" on null', 'APPPATH/Controllers/Home.php', 200)
 2 SYSTEMPATH/CodeIgniter.php(925): App\Controllers\Home->property_details('img', 'banner', '2.jpg')
 3 SYSTEMPATH/CodeIgniter.php(480): CodeIgniter\CodeIgniter->runController(Object(App\Controllers\Home))
 4 SYSTEMPATH/CodeIgniter.php(349): CodeIgniter\CodeIgniter->handleRequest(null, Object(Config\Cache), false)
 5 FCPATH/index.php(67): CodeIgniter\CodeIgniter->run()
ERROR - 2024-06-25 02:33:02 --> mysqli_sql_exception: Unknown column 'property_featurese_id' in 'where clause' in /home2/aseelectricalco/public_html/rent-house/system/Database/MySQLi/Connection.php:292
Stack trace:
#0 /home2/aseelectricalco/public_html/rent-house/system/Database/MySQLi/Connection.php(292): mysqli->query('UPDATE `propert...', 0)
#1 /home2/aseelectricalco/public_html/rent-house/system/Database/BaseConnection.php(666): CodeIgniter\Database\MySQLi\Connection->execute('UPDATE `propert...')
#2 /home2/aseelectricalco/public_html/rent-house/system/Database/BaseConnection.php(593): CodeIgniter\Database\BaseConnection->simpleQuery('UPDATE `propert...')
#3 /home2/aseelectricalco/public_html/rent-house/system/Database/BaseBuilder.php(2079): CodeIgniter\Database\BaseConnection->query('UPDATE `propert...', Array, false)
#4 /home2/aseelectricalco/public_html/rent-house/app/Models/Commanmodel.php(59): CodeIgniter\Database\BaseBuilder->update(Array)
#5 /home2/aseelectricalco/public_html/rent-house/app/Controllers/Admin.php(1634): App\Models\Commanmodel->update_query('property_featur...', Array, Array)
#6 /home2/aseelectricalco/public_html/rent-house/system/CodeIgniter.php(925): App\Controllers\Admin->update_property_process('10')
#7 /home2/aseelectricalco/public_html/rent-house/system/CodeIgniter.php(480): CodeIgniter\CodeIgniter->runController(Object(App\Controllers\Admin))
#8 /home2/aseelectricalco/public_html/rent-house/system/CodeIgniter.php(349): CodeIgniter\CodeIgniter->handleRequest(NULL, Object(Config\Cache), false)
#9 /home2/aseelectricalco/public_html/rent-house/index.php(67): CodeIgniter\CodeIgniter->run()
#10 {main}
ERROR - 2024-06-25 02:33:02 --> mysqli_sql_exception: Unknown column 'property_featurese_id' in 'where clause' in /home2/aseelectricalco/public_html/rent-house/system/Database/MySQLi/Connection.php:292
Stack trace:
#0 /home2/aseelectricalco/public_html/rent-house/system/Database/MySQLi/Connection.php(292): mysqli->query('UPDATE `propert...', 0)
#1 /home2/aseelectricalco/public_html/rent-house/system/Database/BaseConnection.php(666): CodeIgniter\Database\MySQLi\Connection->execute('UPDATE `propert...')
#2 /home2/aseelectricalco/public_html/rent-house/system/Database/BaseConnection.php(593): CodeIgniter\Database\BaseConnection->simpleQuery('UPDATE `propert...')
#3 /home2/aseelectricalco/public_html/rent-house/system/Database/BaseBuilder.php(2079): CodeIgniter\Database\BaseConnection->query('UPDATE `propert...', Array, false)
#4 /home2/aseelectricalco/public_html/rent-house/app/Models/Commanmodel.php(59): CodeIgniter\Database\BaseBuilder->update(Array)
#5 /home2/aseelectricalco/public_html/rent-house/app/Controllers/Admin.php(1634): App\Models\Commanmodel->update_query('property_featur...', Array, Array)
#6 /home2/aseelectricalco/public_html/rent-house/system/CodeIgniter.php(925): App\Controllers\Admin->update_property_process('10')
#7 /home2/aseelectricalco/public_html/rent-house/system/CodeIgniter.php(480): CodeIgniter\CodeIgniter->runController(Object(App\Controllers\Admin))
#8 /home2/aseelectricalco/public_html/rent-house/system/CodeIgniter.php(349): CodeIgniter\CodeIgniter->handleRequest(NULL, Object(Config\Cache), false)
#9 /home2/aseelectricalco/public_html/rent-house/index.php(67): CodeIgniter\CodeIgniter->run()
#10 {main}
ERROR - 2024-06-25 02:33:02 --> mysqli_sql_exception: Unknown column 'property_featurese_id' in 'where clause' in /home2/aseelectricalco/public_html/rent-house/system/Database/MySQLi/Connection.php:292
Stack trace:
#0 /home2/aseelectricalco/public_html/rent-house/system/Database/MySQLi/Connection.php(292): mysqli->query('UPDATE `propert...', 0)
#1 /home2/aseelectricalco/public_html/rent-house/system/Database/BaseConnection.php(666): CodeIgniter\Database\MySQLi\Connection->execute('UPDATE `propert...')
#2 /home2/aseelectricalco/public_html/rent-house/system/Database/BaseConnection.php(593): CodeIgniter\Database\BaseConnection->simpleQuery('UPDATE `propert...')
#3 /home2/aseelectricalco/public_html/rent-house/system/Database/BaseBuilder.php(2079): CodeIgniter\Database\BaseConnection->query('UPDATE `propert...', Array, false)
#4 /home2/aseelectricalco/public_html/rent-house/app/Models/Commanmodel.php(59): CodeIgniter\Database\BaseBuilder->update(Array)
#5 /home2/aseelectricalco/public_html/rent-house/app/Controllers/Admin.php(1634): App\Models\Commanmodel->update_query('property_featur...', Array, Array)
#6 /home2/aseelectricalco/public_html/rent-house/system/CodeIgniter.php(925): App\Controllers\Admin->update_property_process('10')
#7 /home2/aseelectricalco/public_html/rent-house/system/CodeIgniter.php(480): CodeIgniter\CodeIgniter->runController(Object(App\Controllers\Admin))
#8 /home2/aseelectricalco/public_html/rent-house/system/CodeIgniter.php(349): CodeIgniter\CodeIgniter->handleRequest(NULL, Object(Config\Cache), false)
#9 /home2/aseelectricalco/public_html/rent-house/index.php(67): CodeIgniter\CodeIgniter->run()
#10 {main}
CRITICAL - 2024-06-25 02:33:07 --> Attempt to read property "property_meta_title" on null
in APPPATH/Controllers/Home.php on line 200.
 1 APPPATH/Controllers/Home.php(200): CodeIgniter\Debug\Exceptions->errorHandler(2, 'Attempt to read property "property_meta_title" on null', 'APPPATH/Controllers/Home.php', 200)
 2 SYSTEMPATH/CodeIgniter.php(925): App\Controllers\Home->property_details('img', 'banner', '2.jpg')
 3 SYSTEMPATH/CodeIgniter.php(480): CodeIgniter\CodeIgniter->runController(Object(App\Controllers\Home))
 4 SYSTEMPATH/CodeIgniter.php(349): CodeIgniter\CodeIgniter->handleRequest(null, Object(Config\Cache), false)
 5 FCPATH/index.php(67): CodeIgniter\CodeIgniter->run()
CRITICAL - 2024-06-25 02:33:07 --> Attempt to read property "property_meta_title" on null
in APPPATH/Controllers/Home.php on line 200.
 1 APPPATH/Controllers/Home.php(200): CodeIgniter\Debug\Exceptions->errorHandler(2, 'Attempt to read property "property_meta_title" on null', 'APPPATH/Controllers/Home.php', 200)
 2 SYSTEMPATH/CodeIgniter.php(925): App\Controllers\Home->property_details('img', 'bg', '14.jpg')
 3 SYSTEMPATH/CodeIgniter.php(480): CodeIgniter\CodeIgniter->runController(Object(App\Controllers\Home))
 4 SYSTEMPATH/CodeIgniter.php(349): CodeIgniter\CodeIgniter->handleRequest(null, Object(Config\Cache), false)
 5 FCPATH/index.php(67): CodeIgniter\CodeIgniter->run()
ERROR - 2024-06-25 02:34:01 --> mysqli_sql_exception: Unknown column 'property_featurese_id' in 'where clause' in /home2/aseelectricalco/public_html/rent-house/system/Database/MySQLi/Connection.php:292
Stack trace:
#0 /home2/aseelectricalco/public_html/rent-house/system/Database/MySQLi/Connection.php(292): mysqli->query('UPDATE `propert...', 0)
#1 /home2/aseelectricalco/public_html/rent-house/system/Database/BaseConnection.php(666): CodeIgniter\Database\MySQLi\Connection->execute('UPDATE `propert...')
#2 /home2/aseelectricalco/public_html/rent-house/system/Database/BaseConnection.php(593): CodeIgniter\Database\BaseConnection->simpleQuery('UPDATE `propert...')
#3 /home2/aseelectricalco/public_html/rent-house/system/Database/BaseBuilder.php(2079): CodeIgniter\Database\BaseConnection->query('UPDATE `propert...', Array, false)
#4 /home2/aseelectricalco/public_html/rent-house/app/Models/Commanmodel.php(59): CodeIgniter\Database\BaseBuilder->update(Array)
#5 /home2/aseelectricalco/public_html/rent-house/app/Controllers/Admin.php(1634): App\Models\Commanmodel->update_query('property_featur...', Array, Array)
#6 /home2/aseelectricalco/public_html/rent-house/system/CodeIgniter.php(925): App\Controllers\Admin->update_property_process('10')
#7 /home2/aseelectricalco/public_html/rent-house/system/CodeIgniter.php(480): CodeIgniter\CodeIgniter->runController(Object(App\Controllers\Admin))
#8 /home2/aseelectricalco/public_html/rent-house/system/CodeIgniter.php(349): CodeIgniter\CodeIgniter->handleRequest(NULL, Object(Config\Cache), false)
#9 /home2/aseelectricalco/public_html/rent-house/index.php(67): CodeIgniter\CodeIgniter->run()
#10 {main}
ERROR - 2024-06-25 02:34:01 --> mysqli_sql_exception: Unknown column 'property_featurese_id' in 'where clause' in /home2/aseelectricalco/public_html/rent-house/system/Database/MySQLi/Connection.php:292
Stack trace:
#0 /home2/aseelectricalco/public_html/rent-house/system/Database/MySQLi/Connection.php(292): mysqli->query('UPDATE `propert...', 0)
#1 /home2/aseelectricalco/public_html/rent-house/system/Database/BaseConnection.php(666): CodeIgniter\Database\MySQLi\Connection->execute('UPDATE `propert...')
#2 /home2/aseelectricalco/public_html/rent-house/system/Database/BaseConnection.php(593): CodeIgniter\Database\BaseConnection->simpleQuery('UPDATE `propert...')
#3 /home2/aseelectricalco/public_html/rent-house/system/Database/BaseBuilder.php(2079): CodeIgniter\Database\BaseConnection->query('UPDATE `propert...', Array, false)
#4 /home2/aseelectricalco/public_html/rent-house/app/Models/Commanmodel.php(59): CodeIgniter\Database\BaseBuilder->update(Array)
#5 /home2/aseelectricalco/public_html/rent-house/app/Controllers/Admin.php(1634): App\Models\Commanmodel->update_query('property_featur...', Array, Array)
#6 /home2/aseelectricalco/public_html/rent-house/system/CodeIgniter.php(925): App\Controllers\Admin->update_property_process('10')
#7 /home2/aseelectricalco/public_html/rent-house/system/CodeIgniter.php(480): CodeIgniter\CodeIgniter->runController(Object(App\Controllers\Admin))
#8 /home2/aseelectricalco/public_html/rent-house/system/CodeIgniter.php(349): CodeIgniter\CodeIgniter->handleRequest(NULL, Object(Config\Cache), false)
#9 /home2/aseelectricalco/public_html/rent-house/index.php(67): CodeIgniter\CodeIgniter->run()
#10 {main}
ERROR - 2024-06-25 02:34:01 --> mysqli_sql_exception: Unknown column 'property_featurese_id' in 'where clause' in /home2/aseelectricalco/public_html/rent-house/system/Database/MySQLi/Connection.php:292
Stack trace:
#0 /home2/aseelectricalco/public_html/rent-house/system/Database/MySQLi/Connection.php(292): mysqli->query('UPDATE `propert...', 0)
#1 /home2/aseelectricalco/public_html/rent-house/system/Database/BaseConnection.php(666): CodeIgniter\Database\MySQLi\Connection->execute('UPDATE `propert...')
#2 /home2/aseelectricalco/public_html/rent-house/system/Database/BaseConnection.php(593): CodeIgniter\Database\BaseConnection->simpleQuery('UPDATE `propert...')
#3 /home2/aseelectricalco/public_html/rent-house/system/Database/BaseBuilder.php(2079): CodeIgniter\Database\BaseConnection->query('UPDATE `propert...', Array, false)
#4 /home2/aseelectricalco/public_html/rent-house/app/Models/Commanmodel.php(59): CodeIgniter\Database\BaseBuilder->update(Array)
#5 /home2/aseelectricalco/public_html/rent-house/app/Controllers/Admin.php(1634): App\Models\Commanmodel->update_query('property_featur...', Array, Array)
#6 /home2/aseelectricalco/public_html/rent-house/system/CodeIgniter.php(925): App\Controllers\Admin->update_property_process('10')
#7 /home2/aseelectricalco/public_html/rent-house/system/CodeIgniter.php(480): CodeIgniter\CodeIgniter->runController(Object(App\Controllers\Admin))
#8 /home2/aseelectricalco/public_html/rent-house/system/CodeIgniter.php(349): CodeIgniter\CodeIgniter->handleRequest(NULL, Object(Config\Cache), false)
#9 /home2/aseelectricalco/public_html/rent-house/index.php(67): CodeIgniter\CodeIgniter->run()
#10 {main}
CRITICAL - 2024-06-25 02:34:05 --> Attempt to read property "property_meta_title" on null
in APPPATH/Controllers/Home.php on line 200.
 1 APPPATH/Controllers/Home.php(200): CodeIgniter\Debug\Exceptions->errorHandler(2, 'Attempt to read property "property_meta_title" on null', 'APPPATH/Controllers/Home.php', 200)
 2 SYSTEMPATH/CodeIgniter.php(925): App\Controllers\Home->property_details('img', 'banner', '2.jpg')
 3 SYSTEMPATH/CodeIgniter.php(480): CodeIgniter\CodeIgniter->runController(Object(App\Controllers\Home))
 4 SYSTEMPATH/CodeIgniter.php(349): CodeIgniter\CodeIgniter->handleRequest(null, Object(Config\Cache), false)
 5 FCPATH/index.php(67): CodeIgniter\CodeIgniter->run()
CRITICAL - 2024-06-25 02:34:05 --> Attempt to read property "property_meta_title" on null
in APPPATH/Controllers/Home.php on line 200.
 1 APPPATH/Controllers/Home.php(200): CodeIgniter\Debug\Exceptions->errorHandler(2, 'Attempt to read property "property_meta_title" on null', 'APPPATH/Controllers/Home.php', 200)
 2 SYSTEMPATH/CodeIgniter.php(925): App\Controllers\Home->property_details('img', 'bg', '14.jpg')
 3 SYSTEMPATH/CodeIgniter.php(480): CodeIgniter\CodeIgniter->runController(Object(App\Controllers\Home))
 4 SYSTEMPATH/CodeIgniter.php(349): CodeIgniter\CodeIgniter->handleRequest(null, Object(Config\Cache), false)
 5 FCPATH/index.php(67): CodeIgniter\CodeIgniter->run()
ERROR - 2024-06-25 03:44:13 --> mysqli_sql_exception: Table 'aseelect_rent-house.user_account' doesn't exist in /home2/aseelectricalco/public_html/rent-house/system/Database/MySQLi/Connection.php:292
Stack trace:
#0 /home2/aseelectricalco/public_html/rent-house/system/Database/MySQLi/Connection.php(292): mysqli->query('SELECT 1\nFROM `...', 0)
#1 /home2/aseelectricalco/public_html/rent-house/system/Database/BaseConnection.php(666): CodeIgniter\Database\MySQLi\Connection->execute('SELECT 1\nFROM `...')
#2 /home2/aseelectricalco/public_html/rent-house/system/Database/BaseConnection.php(593): CodeIgniter\Database\BaseConnection->simpleQuery('SELECT 1\nFROM `...')
#3 /home2/aseelectricalco/public_html/rent-house/system/Database/BaseBuilder.php(1585): CodeIgniter\Database\BaseConnection->query('SELECT 1\nFROM `...', Array, false)
#4 /home2/aseelectricalco/public_html/rent-house/system/Validation/Rules.php(142): CodeIgniter\Database\BaseBuilder->get()
#5 /home2/aseelectricalco/public_html/rent-house/system/Validation/Validation.php(315): CodeIgniter\Validation\Rules->is_unique('r.sharma@starwe...', 'user_email', Array, NULL, 'email_register')
#6 /home2/aseelectricalco/public_html/rent-house/system/Validation/Validation.php(175): CodeIgniter\Validation\Validation->processRules('email_register', 'Email', 'r.sharma@starwe...', Array, Array)
#7 /home2/aseelectricalco/public_html/rent-house/system/Controller.php(140): CodeIgniter\Validation\Validation->run()
#8 /home2/aseelectricalco/public_html/rent-house/app/Controllers/Home.php(315): CodeIgniter\Controller->validate(Array)
#9 /home2/aseelectricalco/public_html/rent-house/system/CodeIgniter.php(925): App\Controllers\Home->register_process()
#10 /home2/aseelectricalco/public_html/rent-house/system/CodeIgniter.php(480): CodeIgniter\CodeIgniter->runController(Object(App\Controllers\Home))
#11 /home2/aseelectricalco/public_html/rent-house/system/CodeIgniter.php(349): CodeIgniter\CodeIgniter->handleRequest(NULL, Object(Config\Cache), false)
#12 /home2/aseelectricalco/public_html/rent-house/index.php(67): CodeIgniter\CodeIgniter->run()
#13 {main}
CRITICAL - 2024-06-25 03:44:13 --> Call to a member function getRow() on bool
in SYSTEMPATH/Validation/Rules.php on line 142.
 1 SYSTEMPATH/Validation/Validation.php(315): CodeIgniter\Validation\Rules->is_unique('r.sharma@starwebmaker.com', 'user_email', [...], null, 'email_register')
 2 SYSTEMPATH/Validation/Validation.php(175): CodeIgniter\Validation\Validation->processRules('email_register', 'Email', 'r.sharma@starwebmaker.com', [...], [...])
 3 SYSTEMPATH/Controller.php(140): CodeIgniter\Validation\Validation->run()
 4 APPPATH/Controllers/Home.php(315): CodeIgniter\Controller->validate([...])
 5 SYSTEMPATH/CodeIgniter.php(925): App\Controllers\Home->register_process()
 6 SYSTEMPATH/CodeIgniter.php(480): CodeIgniter\CodeIgniter->runController(Object(App\Controllers\Home))
 7 SYSTEMPATH/CodeIgniter.php(349): CodeIgniter\CodeIgniter->handleRequest(null, Object(Config\Cache), false)
 8 FCPATH/index.php(67): CodeIgniter\CodeIgniter->run()
ERROR - 2024-06-25 03:44:18 --> mysqli_sql_exception: Table 'aseelect_rent-house.user_account' doesn't exist in /home2/aseelectricalco/public_html/rent-house/system/Database/MySQLi/Connection.php:292
Stack trace:
#0 /home2/aseelectricalco/public_html/rent-house/system/Database/MySQLi/Connection.php(292): mysqli->query('SELECT 1\nFROM `...', 0)
#1 /home2/aseelectricalco/public_html/rent-house/system/Database/BaseConnection.php(666): CodeIgniter\Database\MySQLi\Connection->execute('SELECT 1\nFROM `...')
#2 /home2/aseelectricalco/public_html/rent-house/system/Database/BaseConnection.php(593): CodeIgniter\Database\BaseConnection->simpleQuery('SELECT 1\nFROM `...')
#3 /home2/aseelectricalco/public_html/rent-house/system/Database/BaseBuilder.php(1585): CodeIgniter\Database\BaseConnection->query('SELECT 1\nFROM `...', Array, false)
#4 /home2/aseelectricalco/public_html/rent-house/system/Validation/Rules.php(142): CodeIgniter\Database\BaseBuilder->get()
#5 /home2/aseelectricalco/public_html/rent-house/system/Validation/Validation.php(315): CodeIgniter\Validation\Rules->is_unique('r.sharma@starwe...', 'user_email', Array, NULL, 'email_register')
#6 /home2/aseelectricalco/public_html/rent-house/system/Validation/Validation.php(175): CodeIgniter\Validation\Validation->processRules('email_register', 'Email', 'r.sharma@starwe...', Array, Array)
#7 /home2/aseelectricalco/public_html/rent-house/system/Controller.php(140): CodeIgniter\Validation\Validation->run()
#8 /home2/aseelectricalco/public_html/rent-house/app/Controllers/Home.php(315): CodeIgniter\Controller->validate(Array)
#9 /home2/aseelectricalco/public_html/rent-house/system/CodeIgniter.php(925): App\Controllers\Home->register_process()
#10 /home2/aseelectricalco/public_html/rent-house/system/CodeIgniter.php(480): CodeIgniter\CodeIgniter->runController(Object(App\Controllers\Home))
#11 /home2/aseelectricalco/public_html/rent-house/system/CodeIgniter.php(349): CodeIgniter\CodeIgniter->handleRequest(NULL, Object(Config\Cache), false)
#12 /home2/aseelectricalco/public_html/rent-house/index.php(67): CodeIgniter\CodeIgniter->run()
#13 {main}
CRITICAL - 2024-06-25 03:44:18 --> Call to a member function getRow() on bool
in SYSTEMPATH/Validation/Rules.php on line 142.
 1 SYSTEMPATH/Validation/Validation.php(315): CodeIgniter\Validation\Rules->is_unique('r.sharma@starwebmaker.com', 'user_email', [...], null, 'email_register')
 2 SYSTEMPATH/Validation/Validation.php(175): CodeIgniter\Validation\Validation->processRules('email_register', 'Email', 'r.sharma@starwebmaker.com', [...], [...])
 3 SYSTEMPATH/Controller.php(140): CodeIgniter\Validation\Validation->run()
 4 APPPATH/Controllers/Home.php(315): CodeIgniter\Controller->validate([...])
 5 SYSTEMPATH/CodeIgniter.php(925): App\Controllers\Home->register_process()
 6 SYSTEMPATH/CodeIgniter.php(480): CodeIgniter\CodeIgniter->runController(Object(App\Controllers\Home))
 7 SYSTEMPATH/CodeIgniter.php(349): CodeIgniter\CodeIgniter->handleRequest(null, Object(Config\Cache), false)
 8 FCPATH/index.php(67): CodeIgniter\CodeIgniter->run()
ERROR - 2024-06-25 03:44:19 --> mysqli_sql_exception: Table 'aseelect_rent-house.user_account' doesn't exist in /home2/aseelectricalco/public_html/rent-house/system/Database/MySQLi/Connection.php:292
Stack trace:
#0 /home2/aseelectricalco/public_html/rent-house/system/Database/MySQLi/Connection.php(292): mysqli->query('SELECT 1\nFROM `...', 0)
#1 /home2/aseelectricalco/public_html/rent-house/system/Database/BaseConnection.php(666): CodeIgniter\Database\MySQLi\Connection->execute('SELECT 1\nFROM `...')
#2 /home2/aseelectricalco/public_html/rent-house/system/Database/BaseConnection.php(593): CodeIgniter\Database\BaseConnection->simpleQuery('SELECT 1\nFROM `...')
#3 /home2/aseelectricalco/public_html/rent-house/system/Database/BaseBuilder.php(1585): CodeIgniter\Database\BaseConnection->query('SELECT 1\nFROM `...', Array, false)
#4 /home2/aseelectricalco/public_html/rent-house/system/Validation/Rules.php(142): CodeIgniter\Database\BaseBuilder->get()
#5 /home2/aseelectricalco/public_html/rent-house/system/Validation/Validation.php(315): CodeIgniter\Validation\Rules->is_unique('r.sharma@starwe...', 'user_email', Array, NULL, 'email_register')
#6 /home2/aseelectricalco/public_html/rent-house/system/Validation/Validation.php(175): CodeIgniter\Validation\Validation->processRules('email_register', 'Email', 'r.sharma@starwe...', Array, Array)
#7 /home2/aseelectricalco/public_html/rent-house/system/Controller.php(140): CodeIgniter\Validation\Validation->run()
#8 /home2/aseelectricalco/public_html/rent-house/app/Controllers/Home.php(315): CodeIgniter\Controller->validate(Array)
#9 /home2/aseelectricalco/public_html/rent-house/system/CodeIgniter.php(925): App\Controllers\Home->register_process()
#10 /home2/aseelectricalco/public_html/rent-house/system/CodeIgniter.php(480): CodeIgniter\CodeIgniter->runController(Object(App\Controllers\Home))
#11 /home2/aseelectricalco/public_html/rent-house/system/CodeIgniter.php(349): CodeIgniter\CodeIgniter->handleRequest(NULL, Object(Config\Cache), false)
#12 /home2/aseelectricalco/public_html/rent-house/index.php(67): CodeIgniter\CodeIgniter->run()
#13 {main}
CRITICAL - 2024-06-25 03:44:19 --> Call to a member function getRow() on bool
in SYSTEMPATH/Validation/Rules.php on line 142.
 1 SYSTEMPATH/Validation/Validation.php(315): CodeIgniter\Validation\Rules->is_unique('r.sharma@starwebmaker.com', 'user_email', [...], null, 'email_register')
 2 SYSTEMPATH/Validation/Validation.php(175): CodeIgniter\Validation\Validation->processRules('email_register', 'Email', 'r.sharma@starwebmaker.com', [...], [...])
 3 SYSTEMPATH/Controller.php(140): CodeIgniter\Validation\Validation->run()
 4 APPPATH/Controllers/Home.php(315): CodeIgniter\Controller->validate([...])
 5 SYSTEMPATH/CodeIgniter.php(925): App\Controllers\Home->register_process()
 6 SYSTEMPATH/CodeIgniter.php(480): CodeIgniter\CodeIgniter->runController(Object(App\Controllers\Home))
 7 SYSTEMPATH/CodeIgniter.php(349): CodeIgniter\CodeIgniter->handleRequest(null, Object(Config\Cache), false)
 8 FCPATH/index.php(67): CodeIgniter\CodeIgniter->run()
ERROR - 2024-06-25 03:44:19 --> mysqli_sql_exception: Table 'aseelect_rent-house.user_account' doesn't exist in /home2/aseelectricalco/public_html/rent-house/system/Database/MySQLi/Connection.php:292
Stack trace:
#0 /home2/aseelectricalco/public_html/rent-house/system/Database/MySQLi/Connection.php(292): mysqli->query('SELECT 1\nFROM `...', 0)
#1 /home2/aseelectricalco/public_html/rent-house/system/Database/BaseConnection.php(666): CodeIgniter\Database\MySQLi\Connection->execute('SELECT 1\nFROM `...')
#2 /home2/aseelectricalco/public_html/rent-house/system/Database/BaseConnection.php(593): CodeIgniter\Database\BaseConnection->simpleQuery('SELECT 1\nFROM `...')
#3 /home2/aseelectricalco/public_html/rent-house/system/Database/BaseBuilder.php(1585): CodeIgniter\Database\BaseConnection->query('SELECT 1\nFROM `...', Array, false)
#4 /home2/aseelectricalco/public_html/rent-house/system/Validation/Rules.php(142): CodeIgniter\Database\BaseBuilder->get()
#5 /home2/aseelectricalco/public_html/rent-house/system/Validation/Validation.php(315): CodeIgniter\Validation\Rules->is_unique('r.sharma@starwe...', 'user_email', Array, NULL, 'email_register')
#6 /home2/aseelectricalco/public_html/rent-house/system/Validation/Validation.php(175): CodeIgniter\Validation\Validation->processRules('email_register', 'Email', 'r.sharma@starwe...', Array, Array)
#7 /home2/aseelectricalco/public_html/rent-house/system/Controller.php(140): CodeIgniter\Validation\Validation->run()
#8 /home2/aseelectricalco/public_html/rent-house/app/Controllers/Home.php(315): CodeIgniter\Controller->validate(Array)
#9 /home2/aseelectricalco/public_html/rent-house/system/CodeIgniter.php(925): App\Controllers\Home->register_process()
#10 /home2/aseelectricalco/public_html/rent-house/system/CodeIgniter.php(480): CodeIgniter\CodeIgniter->runController(Object(App\Controllers\Home))
#11 /home2/aseelectricalco/public_html/rent-house/system/CodeIgniter.php(349): CodeIgniter\CodeIgniter->handleRequest(NULL, Object(Config\Cache), false)
#12 /home2/aseelectricalco/public_html/rent-house/index.php(67): CodeIgniter\CodeIgniter->run()
#13 {main}
CRITICAL - 2024-06-25 03:44:19 --> Call to a member function getRow() on bool
in SYSTEMPATH/Validation/Rules.php on line 142.
 1 SYSTEMPATH/Validation/Validation.php(315): CodeIgniter\Validation\Rules->is_unique('r.sharma@starwebmaker.com', 'user_email', [...], null, 'email_register')
 2 SYSTEMPATH/Validation/Validation.php(175): CodeIgniter\Validation\Validation->processRules('email_register', 'Email', 'r.sharma@starwebmaker.com', [...], [...])
 3 SYSTEMPATH/Controller.php(140): CodeIgniter\Validation\Validation->run()
 4 APPPATH/Controllers/Home.php(315): CodeIgniter\Controller->validate([...])
 5 SYSTEMPATH/CodeIgniter.php(925): App\Controllers\Home->register_process()
 6 SYSTEMPATH/CodeIgniter.php(480): CodeIgniter\CodeIgniter->runController(Object(App\Controllers\Home))
 7 SYSTEMPATH/CodeIgniter.php(349): CodeIgniter\CodeIgniter->handleRequest(null, Object(Config\Cache), false)
 8 FCPATH/index.php(67): CodeIgniter\CodeIgniter->run()
ERROR - 2024-06-25 03:44:26 --> mysqli_sql_exception: Table 'aseelect_rent-house.user_account' doesn't exist in /home2/aseelectricalco/public_html/rent-house/system/Database/MySQLi/Connection.php:292
Stack trace:
#0 /home2/aseelectricalco/public_html/rent-house/system/Database/MySQLi/Connection.php(292): mysqli->query('SELECT 1\nFROM `...', 0)
#1 /home2/aseelectricalco/public_html/rent-house/system/Database/BaseConnection.php(666): CodeIgniter\Database\MySQLi\Connection->execute('SELECT 1\nFROM `...')
#2 /home2/aseelectricalco/public_html/rent-house/system/Database/BaseConnection.php(593): CodeIgniter\Database\BaseConnection->simpleQuery('SELECT 1\nFROM `...')
#3 /home2/aseelectricalco/public_html/rent-house/system/Database/BaseBuilder.php(1585): CodeIgniter\Database\BaseConnection->query('SELECT 1\nFROM `...', Array, false)
#4 /home2/aseelectricalco/public_html/rent-house/system/Validation/Rules.php(142): CodeIgniter\Database\BaseBuilder->get()
#5 /home2/aseelectricalco/public_html/rent-house/system/Validation/Validation.php(315): CodeIgniter\Validation\Rules->is_unique('r.sharma@starwe...', 'user_email', Array, NULL, 'email_register')
#6 /home2/aseelectricalco/public_html/rent-house/system/Validation/Validation.php(175): CodeIgniter\Validation\Validation->processRules('email_register', 'Email', 'r.sharma@starwe...', Array, Array)
#7 /home2/aseelectricalco/public_html/rent-house/system/Controller.php(140): CodeIgniter\Validation\Validation->run()
#8 /home2/aseelectricalco/public_html/rent-house/app/Controllers/Home.php(315): CodeIgniter\Controller->validate(Array)
#9 /home2/aseelectricalco/public_html/rent-house/system/CodeIgniter.php(925): App\Controllers\Home->register_process()
#10 /home2/aseelectricalco/public_html/rent-house/system/CodeIgniter.php(480): CodeIgniter\CodeIgniter->runController(Object(App\Controllers\Home))
#11 /home2/aseelectricalco/public_html/rent-house/system/CodeIgniter.php(349): CodeIgniter\CodeIgniter->handleRequest(NULL, Object(Config\Cache), false)
#12 /home2/aseelectricalco/public_html/rent-house/index.php(67): CodeIgniter\CodeIgniter->run()
#13 {main}
CRITICAL - 2024-06-25 03:44:26 --> Call to a member function getRow() on bool
in SYSTEMPATH/Validation/Rules.php on line 142.
 1 SYSTEMPATH/Validation/Validation.php(315): CodeIgniter\Validation\Rules->is_unique('r.sharma@starwebmaker.com', 'user_email', [...], null, 'email_register')
 2 SYSTEMPATH/Validation/Validation.php(175): CodeIgniter\Validation\Validation->processRules('email_register', 'Email', 'r.sharma@starwebmaker.com', [...], [...])
 3 SYSTEMPATH/Controller.php(140): CodeIgniter\Validation\Validation->run()
 4 APPPATH/Controllers/Home.php(315): CodeIgniter\Controller->validate([...])
 5 SYSTEMPATH/CodeIgniter.php(925): App\Controllers\Home->register_process()
 6 SYSTEMPATH/CodeIgniter.php(480): CodeIgniter\CodeIgniter->runController(Object(App\Controllers\Home))
 7 SYSTEMPATH/CodeIgniter.php(349): CodeIgniter\CodeIgniter->handleRequest(null, Object(Config\Cache), false)
 8 FCPATH/index.php(67): CodeIgniter\CodeIgniter->run()
ERROR - 2024-06-25 03:44:26 --> mysqli_sql_exception: Table 'aseelect_rent-house.user_account' doesn't exist in /home2/aseelectricalco/public_html/rent-house/system/Database/MySQLi/Connection.php:292
Stack trace:
#0 /home2/aseelectricalco/public_html/rent-house/system/Database/MySQLi/Connection.php(292): mysqli->query('SELECT 1\nFROM `...', 0)
#1 /home2/aseelectricalco/public_html/rent-house/system/Database/BaseConnection.php(666): CodeIgniter\Database\MySQLi\Connection->execute('SELECT 1\nFROM `...')
#2 /home2/aseelectricalco/public_html/rent-house/system/Database/BaseConnection.php(593): CodeIgniter\Database\BaseConnection->simpleQuery('SELECT 1\nFROM `...')
#3 /home2/aseelectricalco/public_html/rent-house/system/Database/BaseBuilder.php(1585): CodeIgniter\Database\BaseConnection->query('SELECT 1\nFROM `...', Array, false)
#4 /home2/aseelectricalco/public_html/rent-house/system/Validation/Rules.php(142): CodeIgniter\Database\BaseBuilder->get()
#5 /home2/aseelectricalco/public_html/rent-house/system/Validation/Validation.php(315): CodeIgniter\Validation\Rules->is_unique('r.sharma@starwe...', 'user_email', Array, NULL, 'email_register')
#6 /home2/aseelectricalco/public_html/rent-house/system/Validation/Validation.php(175): CodeIgniter\Validation\Validation->processRules('email_register', 'Email', 'r.sharma@starwe...', Array, Array)
#7 /home2/aseelectricalco/public_html/rent-house/system/Controller.php(140): CodeIgniter\Validation\Validation->run()
#8 /home2/aseelectricalco/public_html/rent-house/app/Controllers/Home.php(315): CodeIgniter\Controller->validate(Array)
#9 /home2/aseelectricalco/public_html/rent-house/system/CodeIgniter.php(925): App\Controllers\Home->register_process()
#10 /home2/aseelectricalco/public_html/rent-house/system/CodeIgniter.php(480): CodeIgniter\CodeIgniter->runController(Object(App\Controllers\Home))
#11 /home2/aseelectricalco/public_html/rent-house/system/CodeIgniter.php(349): CodeIgniter\CodeIgniter->handleRequest(NULL, Object(Config\Cache), false)
#12 /home2/aseelectricalco/public_html/rent-house/index.php(67): CodeIgniter\CodeIgniter->run()
#13 {main}
CRITICAL - 2024-06-25 03:44:26 --> Call to a member function getRow() on bool
in SYSTEMPATH/Validation/Rules.php on line 142.
 1 SYSTEMPATH/Validation/Validation.php(315): CodeIgniter\Validation\Rules->is_unique('r.sharma@starwebmaker.com', 'user_email', [...], null, 'email_register')
 2 SYSTEMPATH/Validation/Validation.php(175): CodeIgniter\Validation\Validation->processRules('email_register', 'Email', 'r.sharma@starwebmaker.com', [...], [...])
 3 SYSTEMPATH/Controller.php(140): CodeIgniter\Validation\Validation->run()
 4 APPPATH/Controllers/Home.php(315): CodeIgniter\Controller->validate([...])
 5 SYSTEMPATH/CodeIgniter.php(925): App\Controllers\Home->register_process()
 6 SYSTEMPATH/CodeIgniter.php(480): CodeIgniter\CodeIgniter->runController(Object(App\Controllers\Home))
 7 SYSTEMPATH/CodeIgniter.php(349): CodeIgniter\CodeIgniter->handleRequest(null, Object(Config\Cache), false)
 8 FCPATH/index.php(67): CodeIgniter\CodeIgniter->run()
CRITICAL - 2024-06-25 05:29:07 --> Undefined variable $data
in APPPATH/Controllers/Admin.php on line 109.
 1 APPPATH/Controllers/Admin.php(109): CodeIgniter\Debug\Exceptions->errorHandler(2, 'Undefined variable $data', 'APPPATH/Controllers/Admin.php', 109)
 2 SYSTEMPATH/CodeIgniter.php(925): App\Controllers\Admin->vender_register()
 3 SYSTEMPATH/CodeIgniter.php(480): CodeIgniter\CodeIgniter->runController(Object(App\Controllers\Admin))
 4 SYSTEMPATH/CodeIgniter.php(349): CodeIgniter\CodeIgniter->handleRequest(null, Object(Config\Cache), false)
 5 FCPATH/index.php(67): CodeIgniter\CodeIgniter->run()
CRITICAL - 2024-06-25 06:06:21 --> Undefined variable $validation
in APPPATH/Views/frontend/vender_register.php on line 41.
 1 APPPATH/Views/frontend/vender_register.php(41): CodeIgniter\Debug\Exceptions->errorHandler(2, 'Undefined variable $validation', 'APPPATH/Views/frontend/vender_register.php', 41)
 2 SYSTEMPATH/View/View.php(213): include('APPPATH/Views/frontend/vender_register.php')
 3 SYSTEMPATH/View/View.php(216): CodeIgniter\View\View->CodeIgniter\View\{closure}()
 4 SYSTEMPATH/Common.php(1135): CodeIgniter\View\View->render('frontend/vender_register', [], true)
 5 APPPATH/Controllers/Admin.php(119): view('frontend/vender_register')
 6 SYSTEMPATH/CodeIgniter.php(925): App\Controllers\Admin->vender_register()
 7 SYSTEMPATH/CodeIgniter.php(480): CodeIgniter\CodeIgniter->runController(Object(App\Controllers\Admin))
 8 SYSTEMPATH/CodeIgniter.php(349): CodeIgniter\CodeIgniter->handleRequest(null, Object(Config\Cache), false)
 9 FCPATH/index.php(67): CodeIgniter\CodeIgniter->run()
CRITICAL - 2024-06-25 06:07:54 --> Undefined variable $validation
in APPPATH/Views/frontend/vender_register.php on line 41.
 1 APPPATH/Views/frontend/vender_register.php(41): CodeIgniter\Debug\Exceptions->errorHandler(2, 'Undefined variable $validation', 'APPPATH/Views/frontend/vender_register.php', 41)
 2 SYSTEMPATH/View/View.php(213): include('APPPATH/Views/frontend/vender_register.php')
 3 SYSTEMPATH/View/View.php(216): CodeIgniter\View\View->CodeIgniter\View\{closure}()
 4 SYSTEMPATH/Common.php(1135): CodeIgniter\View\View->render('frontend/vender_register', [], true)
 5 APPPATH/Controllers/Admin.php(119): view('frontend/vender_register')
 6 SYSTEMPATH/CodeIgniter.php(925): App\Controllers\Admin->vender_register()
 7 SYSTEMPATH/CodeIgniter.php(480): CodeIgniter\CodeIgniter->runController(Object(App\Controllers\Admin))
 8 SYSTEMPATH/CodeIgniter.php(349): CodeIgniter\CodeIgniter->handleRequest(null, Object(Config\Cache), false)
 9 FCPATH/index.php(67): CodeIgniter\CodeIgniter->run()
ERROR - 2024-06-25 06:12:27 --> mysqli_sql_exception: Table 'aseelect_rent-house.users' doesn't exist in /home2/aseelectricalco/public_html/rent-house/system/Database/MySQLi/Connection.php:292
Stack trace:
#0 /home2/aseelectricalco/public_html/rent-house/system/Database/MySQLi/Connection.php(292): mysqli->query('SELECT 1\nFROM `...', 0)
#1 /home2/aseelectricalco/public_html/rent-house/system/Database/BaseConnection.php(666): CodeIgniter\Database\MySQLi\Connection->execute('SELECT 1\nFROM `...')
#2 /home2/aseelectricalco/public_html/rent-house/system/Database/BaseConnection.php(593): CodeIgniter\Database\BaseConnection->simpleQuery('SELECT 1\nFROM `...')
#3 /home2/aseelectricalco/public_html/rent-house/system/Database/BaseBuilder.php(1585): CodeIgniter\Database\BaseConnection->query('SELECT 1\nFROM `...', Array, false)
#4 /home2/aseelectricalco/public_html/rent-house/system/Validation/Rules.php(142): CodeIgniter\Database\BaseBuilder->get()
#5 /home2/aseelectricalco/public_html/rent-house/system/Validation/Validation.php(315): CodeIgniter\Validation\Rules->is_unique('r.sharma@starwe...', 'email', Array, NULL, 'email')
#6 /home2/aseelectricalco/public_html/rent-house/system/Validation/Validation.php(175): CodeIgniter\Validation\Validation->processRules('email', 'email', 'r.sharma@starwe...', Array, Array)
#7 /home2/aseelectricalco/public_html/rent-house/system/Controller.php(140): CodeIgniter\Validation\Validation->run()
#8 /home2/aseelectricalco/public_html/rent-house/app/Controllers/Admin.php(140): CodeIgniter\Controller->validate(Array)
#9 /home2/aseelectricalco/public_html/rent-house/system/CodeIgniter.php(925): App\Controllers\Admin->vender_register_proccess()
#10 /home2/aseelectricalco/public_html/rent-house/system/CodeIgniter.php(480): CodeIgniter\CodeIgniter->runController(Object(App\Controllers\Admin))
#11 /home2/aseelectricalco/public_html/rent-house/system/CodeIgniter.php(349): CodeIgniter\CodeIgniter->handleRequest(NULL, Object(Config\Cache), false)
#12 /home2/aseelectricalco/public_html/rent-house/index.php(67): CodeIgniter\CodeIgniter->run()
#13 {main}
CRITICAL - 2024-06-25 06:12:27 --> Call to a member function getRow() on bool
in SYSTEMPATH/Validation/Rules.php on line 142.
 1 SYSTEMPATH/Validation/Validation.php(315): CodeIgniter\Validation\Rules->is_unique('r.sharma@starwebmaker.com', 'email', [...], null, 'email')
 2 SYSTEMPATH/Validation/Validation.php(175): CodeIgniter\Validation\Validation->processRules('email', 'email', 'r.sharma@starwebmaker.com', [...], [...])
 3 SYSTEMPATH/Controller.php(140): CodeIgniter\Validation\Validation->run()
 4 APPPATH/Controllers/Admin.php(140): CodeIgniter\Controller->validate([...])
 5 SYSTEMPATH/CodeIgniter.php(925): App\Controllers\Admin->vender_register_proccess()
 6 SYSTEMPATH/CodeIgniter.php(480): CodeIgniter\CodeIgniter->runController(Object(App\Controllers\Admin))
 7 SYSTEMPATH/CodeIgniter.php(349): CodeIgniter\CodeIgniter->handleRequest(null, Object(Config\Cache), false)
 8 FCPATH/index.php(67): CodeIgniter\CodeIgniter->run()
ERROR - 2024-06-25 06:14:27 --> mysqli_sql_exception: Table 'aseelect_rent-house.users' doesn't exist in /home2/aseelectricalco/public_html/rent-house/system/Database/MySQLi/Connection.php:292
Stack trace:
#0 /home2/aseelectricalco/public_html/rent-house/system/Database/MySQLi/Connection.php(292): mysqli->query('SELECT 1\nFROM `...', 0)
#1 /home2/aseelectricalco/public_html/rent-house/system/Database/BaseConnection.php(666): CodeIgniter\Database\MySQLi\Connection->execute('SELECT 1\nFROM `...')
#2 /home2/aseelectricalco/public_html/rent-house/system/Database/BaseConnection.php(593): CodeIgniter\Database\BaseConnection->simpleQuery('SELECT 1\nFROM `...')
#3 /home2/aseelectricalco/public_html/rent-house/system/Database/BaseBuilder.php(1585): CodeIgniter\Database\BaseConnection->query('SELECT 1\nFROM `...', Array, false)
#4 /home2/aseelectricalco/public_html/rent-house/system/Validation/Rules.php(142): CodeIgniter\Database\BaseBuilder->get()
#5 /home2/aseelectricalco/public_html/rent-house/system/Validation/Validation.php(315): CodeIgniter\Validation\Rules->is_unique('r.sharma@starwe...', 'email', Array, NULL, 'email')
#6 /home2/aseelectricalco/public_html/rent-house/system/Validation/Validation.php(175): CodeIgniter\Validation\Validation->processRules('email', 'email', 'r.sharma@starwe...', Array, Array)
#7 /home2/aseelectricalco/public_html/rent-house/system/Controller.php(140): CodeIgniter\Validation\Validation->run()
#8 /home2/aseelectricalco/public_html/rent-house/app/Controllers/Admin.php(140): CodeIgniter\Controller->validate(Array)
#9 /home2/aseelectricalco/public_html/rent-house/system/CodeIgniter.php(925): App\Controllers\Admin->vender_register_proccess()
#10 /home2/aseelectricalco/public_html/rent-house/system/CodeIgniter.php(480): CodeIgniter\CodeIgniter->runController(Object(App\Controllers\Admin))
#11 /home2/aseelectricalco/public_html/rent-house/system/CodeIgniter.php(349): CodeIgniter\CodeIgniter->handleRequest(NULL, Object(Config\Cache), false)
#12 /home2/aseelectricalco/public_html/rent-house/index.php(67): CodeIgniter\CodeIgniter->run()
#13 {main}
CRITICAL - 2024-06-25 06:14:27 --> Call to a member function getRow() on bool
in SYSTEMPATH/Validation/Rules.php on line 142.
 1 SYSTEMPATH/Validation/Validation.php(315): CodeIgniter\Validation\Rules->is_unique('r.sharma@starwebmaker.com', 'email', [...], null, 'email')
 2 SYSTEMPATH/Validation/Validation.php(175): CodeIgniter\Validation\Validation->processRules('email', 'email', 'r.sharma@starwebmaker.com', [...], [...])
 3 SYSTEMPATH/Controller.php(140): CodeIgniter\Validation\Validation->run()
 4 APPPATH/Controllers/Admin.php(140): CodeIgniter\Controller->validate([...])
 5 SYSTEMPATH/CodeIgniter.php(925): App\Controllers\Admin->vender_register_proccess()
 6 SYSTEMPATH/CodeIgniter.php(480): CodeIgniter\CodeIgniter->runController(Object(App\Controllers\Admin))
 7 SYSTEMPATH/CodeIgniter.php(349): CodeIgniter\CodeIgniter->handleRequest(null, Object(Config\Cache), false)
 8 FCPATH/index.php(67): CodeIgniter\CodeIgniter->run()
ERROR - 2024-06-25 06:14:31 --> mysqli_sql_exception: Table 'aseelect_rent-house.users' doesn't exist in /home2/aseelectricalco/public_html/rent-house/system/Database/MySQLi/Connection.php:292
Stack trace:
#0 /home2/aseelectricalco/public_html/rent-house/system/Database/MySQLi/Connection.php(292): mysqli->query('SELECT 1\nFROM `...', 0)
#1 /home2/aseelectricalco/public_html/rent-house/system/Database/BaseConnection.php(666): CodeIgniter\Database\MySQLi\Connection->execute('SELECT 1\nFROM `...')
#2 /home2/aseelectricalco/public_html/rent-house/system/Database/BaseConnection.php(593): CodeIgniter\Database\BaseConnection->simpleQuery('SELECT 1\nFROM `...')
#3 /home2/aseelectricalco/public_html/rent-house/system/Database/BaseBuilder.php(1585): CodeIgniter\Database\BaseConnection->query('SELECT 1\nFROM `...', Array, false)
#4 /home2/aseelectricalco/public_html/rent-house/system/Validation/Rules.php(142): CodeIgniter\Database\BaseBuilder->get()
#5 /home2/aseelectricalco/public_html/rent-house/system/Validation/Validation.php(315): CodeIgniter\Validation\Rules->is_unique('r.sharma@starwe...', 'email', Array, NULL, 'email')
#6 /home2/aseelectricalco/public_html/rent-house/system/Validation/Validation.php(175): CodeIgniter\Validation\Validation->processRules('email', 'email', 'r.sharma@starwe...', Array, Array)
#7 /home2/aseelectricalco/public_html/rent-house/system/Controller.php(140): CodeIgniter\Validation\Validation->run()
#8 /home2/aseelectricalco/public_html/rent-house/app/Controllers/Admin.php(140): CodeIgniter\Controller->validate(Array)
#9 /home2/aseelectricalco/public_html/rent-house/system/CodeIgniter.php(925): App\Controllers\Admin->vender_register_proccess()
#10 /home2/aseelectricalco/public_html/rent-house/system/CodeIgniter.php(480): CodeIgniter\CodeIgniter->runController(Object(App\Controllers\Admin))
#11 /home2/aseelectricalco/public_html/rent-house/system/CodeIgniter.php(349): CodeIgniter\CodeIgniter->handleRequest(NULL, Object(Config\Cache), false)
#12 /home2/aseelectricalco/public_html/rent-house/index.php(67): CodeIgniter\CodeIgniter->run()
#13 {main}
CRITICAL - 2024-06-25 06:14:31 --> Call to a member function getRow() on bool
in SYSTEMPATH/Validation/Rules.php on line 142.
 1 SYSTEMPATH/Validation/Validation.php(315): CodeIgniter\Validation\Rules->is_unique('r.sharma@starwebmaker.com', 'email', [...], null, 'email')
 2 SYSTEMPATH/Validation/Validation.php(175): CodeIgniter\Validation\Validation->processRules('email', 'email', 'r.sharma@starwebmaker.com', [...], [...])
 3 SYSTEMPATH/Controller.php(140): CodeIgniter\Validation\Validation->run()
 4 APPPATH/Controllers/Admin.php(140): CodeIgniter\Controller->validate([...])
 5 SYSTEMPATH/CodeIgniter.php(925): App\Controllers\Admin->vender_register_proccess()
 6 SYSTEMPATH/CodeIgniter.php(480): CodeIgniter\CodeIgniter->runController(Object(App\Controllers\Admin))
 7 SYSTEMPATH/CodeIgniter.php(349): CodeIgniter\CodeIgniter->handleRequest(null, Object(Config\Cache), false)
 8 FCPATH/index.php(67): CodeIgniter\CodeIgniter->run()
CRITICAL - 2024-06-25 06:16:49 --> view(): Argument #2 ($data) must be of type array, CodeIgniter\Validation\Validation given, called in /home2/aseelectricalco/public_html/rent-house/app/Controllers/Admin.php on line 177
in SYSTEMPATH/Common.php on line 1121.
 1 APPPATH/Controllers/Admin.php(177): view('frontend/vender_register', Object(CodeIgniter\Validation\Validation))
 2 SYSTEMPATH/CodeIgniter.php(925): App\Controllers\Admin->vender_register_proccess()
 3 SYSTEMPATH/CodeIgniter.php(480): CodeIgniter\CodeIgniter->runController(Object(App\Controllers\Admin))
 4 SYSTEMPATH/CodeIgniter.php(349): CodeIgniter\CodeIgniter->handleRequest(null, Object(Config\Cache), false)
 5 FCPATH/index.php(67): CodeIgniter\CodeIgniter->run()
CRITICAL - 2024-06-25 06:29:51 --> require_once(/home2/aseelectricalco/public_html/rent-house/app/libraries/config.php): Failed to open stream: No such file or directory
in APPPATH/Controllers/Admin.php on line 13.
 1 APPPATH/Controllers/Admin.php(13): CodeIgniter\Debug\Exceptions->errorHandler(2, 'require_once(/home2/aseelectricalco/public_html/rent-house/app/libraries/config.php): Failed to open stream: No such file or directory', 'APPPATH/Controllers/Admin.php', 13)
 2 APPPATH/Controllers/Admin.php(13): require_once()
 3 SYSTEMPATH/Autoloader/Autoloader.php(283): include_once('APPPATH/Controllers/Admin.php')
 4 SYSTEMPATH/Autoloader/Autoloader.php(260): CodeIgniter\Autoloader\Autoloader->includeFile('APPPATH/Controllers/Admin.php')
 5 SYSTEMPATH/Autoloader/Autoloader.php(238): CodeIgniter\Autoloader\Autoloader->loadInNamespace('App\\Controllers\\Admin')
 6 [internal function]: CodeIgniter\Autoloader\Autoloader->loadClass('App\\Controllers\\Admin')
 7 SYSTEMPATH/CodeIgniter.php(875): class_exists('\\App\\Controllers\\Admin', true)
 8 SYSTEMPATH/CodeIgniter.php(467): CodeIgniter\CodeIgniter->startController()
 9 SYSTEMPATH/CodeIgniter.php(349): CodeIgniter\CodeIgniter->handleRequest(null, Object(Config\Cache), false)
10 FCPATH/index.php(67): CodeIgniter\CodeIgniter->run()
CRITICAL - 2024-06-25 06:30:08 --> Namespace declaration statement has to be the very first statement or after any declare call in the script
in APPPATH/Controllers/Admin.php on line 6.
 1 [internal function]: CodeIgniter\Debug\Exceptions->shutdownHandler()
CRITICAL - 2024-06-25 06:32:45 --> Undefined variable $orderIdGenerate
in APPPATH/Controllers/Admin.php on line 183.
 1 APPPATH/Controllers/Admin.php(183): CodeIgniter\Debug\Exceptions->errorHandler(2, 'Undefined variable $orderIdGenerate', 'APPPATH/Controllers/Admin.php', 183)
 2 SYSTEMPATH/CodeIgniter.php(925): App\Controllers\Admin->vender_register_proccess()
 3 SYSTEMPATH/CodeIgniter.php(480): CodeIgniter\CodeIgniter->runController(Object(App\Controllers\Admin))
 4 SYSTEMPATH/CodeIgniter.php(349): CodeIgniter\CodeIgniter->handleRequest(null, Object(Config\Cache), false)
 5 FCPATH/index.php(67): CodeIgniter\CodeIgniter->run()
CRITICAL - 2024-06-25 06:34:49 --> Undefined variable $user_name
in APPPATH/Controllers/Admin.php on line 211.
 1 APPPATH/Controllers/Admin.php(211): CodeIgniter\Debug\Exceptions->errorHandler(2, 'Undefined variable $user_name', 'APPPATH/Controllers/Admin.php', 211)
 2 SYSTEMPATH/CodeIgniter.php(925): App\Controllers\Admin->vender_register_proccess()
 3 SYSTEMPATH/CodeIgniter.php(480): CodeIgniter\CodeIgniter->runController(Object(App\Controllers\Admin))
 4 SYSTEMPATH/CodeIgniter.php(349): CodeIgniter\CodeIgniter->handleRequest(null, Object(Config\Cache), false)
 5 FCPATH/index.php(67): CodeIgniter\CodeIgniter->run()
CRITICAL - 2024-06-25 06:35:56 --> Undefined variable $orderIdGenerate
in APPPATH/Controllers/Admin.php on line 235.
 1 APPPATH/Controllers/Admin.php(235): CodeIgniter\Debug\Exceptions->errorHandler(2, 'Undefined variable $orderIdGenerate', 'APPPATH/Controllers/Admin.php', 235)
 2 SYSTEMPATH/CodeIgniter.php(925): App\Controllers\Admin->vender_register_proccess()
 3 SYSTEMPATH/CodeIgniter.php(480): CodeIgniter\CodeIgniter->runController(Object(App\Controllers\Admin))
 4 SYSTEMPATH/CodeIgniter.php(349): CodeIgniter\CodeIgniter->handleRequest(null, Object(Config\Cache), false)
 5 FCPATH/index.php(67): CodeIgniter\CodeIgniter->run()
CRITICAL - 2024-06-25 07:09:11 --> Class "App\Models\Time" not found
in APPPATH/Models/Commanmodel.php on line 119.
 1 APPPATH/Controllers/Admin.php(154): App\Models\Commanmodel->generate_order_id()
 2 SYSTEMPATH/CodeIgniter.php(925): App\Controllers\Admin->vender_register_proccess()
 3 SYSTEMPATH/CodeIgniter.php(480): CodeIgniter\CodeIgniter->runController(Object(App\Controllers\Admin))
 4 SYSTEMPATH/CodeIgniter.php(349): CodeIgniter\CodeIgniter->handleRequest(null, Object(Config\Cache), false)
 5 FCPATH/index.php(67): CodeIgniter\CodeIgniter->run()
CRITICAL - 2024-06-25 07:13:12 --> Object of class stdClass could not be converted to int
in APPPATH/Models/Commanmodel.php on line 73.
 1 APPPATH/Models/Commanmodel.php(73): CodeIgniter\Debug\Exceptions->errorHandler(8, 'Object of class stdClass could not be converted to int', 'APPPATH/Models/Commanmodel.php', 73)
 2 APPPATH/Controllers/Admin.php(310): App\Models\Commanmodel->order_detail_get_by_id_validate('2024062527964398')
 3 SYSTEMPATH/CodeIgniter.php(925): App\Controllers\Admin->vender_response('2024062527964398')
 4 SYSTEMPATH/CodeIgniter.php(480): CodeIgniter\CodeIgniter->runController(Object(App\Controllers\Admin))
 5 SYSTEMPATH/CodeIgniter.php(349): CodeIgniter\CodeIgniter->handleRequest(null, Object(Config\Cache), false)
 6 FCPATH/index.php(67): CodeIgniter\CodeIgniter->run()
CRITICAL - 2024-06-25 07:14:38 --> You must set the database table to be used with your query.
in SYSTEMPATH/Database/BaseConnection.php on line 845.
 1 SYSTEMPATH/Model.php(611): CodeIgniter\Database\BaseConnection->table(null)
 2 SYSTEMPATH/Model.php(797): CodeIgniter\Model->builder()
 3 APPPATH/Models/Commanmodel.php(73): CodeIgniter\Model->__call('table', [...])
 4 APPPATH/Controllers/Admin.php(310): App\Models\Commanmodel->order_detail_get_by_id_validate('2024062527964398')
 5 SYSTEMPATH/CodeIgniter.php(925): App\Controllers\Admin->vender_response('2024062527964398')
 6 SYSTEMPATH/CodeIgniter.php(480): CodeIgniter\CodeIgniter->runController(Object(App\Controllers\Admin))
 7 SYSTEMPATH/CodeIgniter.php(349): CodeIgniter\CodeIgniter->handleRequest(null, Object(Config\Cache), false)
 8 FCPATH/index.php(67): CodeIgniter\CodeIgniter->run()
CRITICAL - 2024-06-25 17:45:17 --> The route for "https://ase-electrical.co.uk/rent-house/thank-you/2024062527964398" cannot be found.
in SYSTEMPATH/HTTP/RedirectResponse.php on line 60.
 1 SYSTEMPATH/HTTP/RedirectResponse.php(60): CodeIgniter\HTTP\Exceptions\HTTPException::forInvalidRedirectRoute('https://ase-electrical.co.uk/rent-house/thank-you/2024062527964398')
 2 SYSTEMPATH/Common.php(861): CodeIgniter\HTTP\RedirectResponse->route(false)
 3 APPPATH/Controllers/Admin.php(404): redirect('https://ase-electrical.co.uk/rent-house/thank-you/2024062527964398')
 4 SYSTEMPATH/CodeIgniter.php(925): App\Controllers\Admin->vender_response('2024062527964398')
 5 SYSTEMPATH/CodeIgniter.php(480): CodeIgniter\CodeIgniter->runController(Object(App\Controllers\Admin))
 6 SYSTEMPATH/CodeIgniter.php(349): CodeIgniter\CodeIgniter->handleRequest(null, Object(Config\Cache), false)
 7 FCPATH/index.php(67): CodeIgniter\CodeIgniter->run()
CRITICAL - 2024-06-25 07:19:27 --> Attempt to read property "customer" on null
in APPPATH/Controllers/Admin.php on line 63.
 1 APPPATH/Controllers/Admin.php(63): CodeIgniter\Debug\Exceptions->errorHandler(2, 'Attempt to read property "customer" on null', 'APPPATH/Controllers/Admin.php', 63)
 2 SYSTEMPATH/CodeIgniter.php(925): App\Controllers\Admin->admin_login()
 3 SYSTEMPATH/CodeIgniter.php(480): CodeIgniter\CodeIgniter->runController(Object(App\Controllers\Admin))
 4 SYSTEMPATH/CodeIgniter.php(349): CodeIgniter\CodeIgniter->handleRequest(null, Object(Config\Cache), false)
 5 FCPATH/index.php(67): CodeIgniter\CodeIgniter->run()
CRITICAL - 2024-06-25 07:38:36 --> Attempt to read property "property_meta_title" on null
in APPPATH/Controllers/Home.php on line 200.
 1 APPPATH/Controllers/Home.php(200): CodeIgniter\Debug\Exceptions->errorHandler(2, 'Attempt to read property "property_meta_title" on null', 'APPPATH/Controllers/Home.php', 200)
 2 SYSTEMPATH/CodeIgniter.php(925): App\Controllers\Home->property_details('img', 'banner', '2.jpg')
 3 SYSTEMPATH/CodeIgniter.php(480): CodeIgniter\CodeIgniter->runController(Object(App\Controllers\Home))
 4 SYSTEMPATH/CodeIgniter.php(349): CodeIgniter\CodeIgniter->handleRequest(null, Object(Config\Cache), false)
 5 FCPATH/index.php(67): CodeIgniter\CodeIgniter->run()
CRITICAL - 2024-06-25 07:38:36 --> Attempt to read property "property_meta_title" on null
in APPPATH/Controllers/Home.php on line 200.
 1 APPPATH/Controllers/Home.php(200): CodeIgniter\Debug\Exceptions->errorHandler(2, 'Attempt to read property "property_meta_title" on null', 'APPPATH/Controllers/Home.php', 200)
 2 SYSTEMPATH/CodeIgniter.php(925): App\Controllers\Home->property_details('img', 'bg', '14.jpg')
 3 SYSTEMPATH/CodeIgniter.php(480): CodeIgniter\CodeIgniter->runController(Object(App\Controllers\Home))
 4 SYSTEMPATH/CodeIgniter.php(349): CodeIgniter\CodeIgniter->handleRequest(null, Object(Config\Cache), false)
 5 FCPATH/index.php(67): CodeIgniter\CodeIgniter->run()
CRITICAL - 2024-06-25 07:55:25 --> Attempt to read property "property_meta_title" on null
in APPPATH/Controllers/Home.php on line 200.
 1 APPPATH/Controllers/Home.php(200): CodeIgniter\Debug\Exceptions->errorHandler(2, 'Attempt to read property "property_meta_title" on null', 'APPPATH/Controllers/Home.php', 200)
 2 SYSTEMPATH/CodeIgniter.php(925): App\Controllers\Home->property_details('img', 'banner', '2.jpg')
 3 SYSTEMPATH/CodeIgniter.php(480): CodeIgniter\CodeIgniter->runController(Object(App\Controllers\Home))
 4 SYSTEMPATH/CodeIgniter.php(349): CodeIgniter\CodeIgniter->handleRequest(null, Object(Config\Cache), false)
 5 FCPATH/index.php(67): CodeIgniter\CodeIgniter->run()
CRITICAL - 2024-06-25 07:55:26 --> Attempt to read property "property_meta_title" on null
in APPPATH/Controllers/Home.php on line 200.
 1 APPPATH/Controllers/Home.php(200): CodeIgniter\Debug\Exceptions->errorHandler(2, 'Attempt to read property "property_meta_title" on null', 'APPPATH/Controllers/Home.php', 200)
 2 SYSTEMPATH/CodeIgniter.php(925): App\Controllers\Home->property_details('img', 'bg', '14.jpg')
 3 SYSTEMPATH/CodeIgniter.php(480): CodeIgniter\CodeIgniter->runController(Object(App\Controllers\Home))
 4 SYSTEMPATH/CodeIgniter.php(349): CodeIgniter\CodeIgniter->handleRequest(null, Object(Config\Cache), false)
 5 FCPATH/index.php(67): CodeIgniter\CodeIgniter->run()
CRITICAL - 2024-06-25 23:51:11 --> Attempt to read property "property_meta_title" on null
in APPPATH/Controllers/Home.php on line 200.
 1 APPPATH/Controllers/Home.php(200): CodeIgniter\Debug\Exceptions->errorHandler(2, 'Attempt to read property "property_meta_title" on null', 'APPPATH/Controllers/Home.php', 200)
 2 SYSTEMPATH/CodeIgniter.php(925): App\Controllers\Home->property_details('img', 'banner', '2.jpg')
 3 SYSTEMPATH/CodeIgniter.php(480): CodeIgniter\CodeIgniter->runController(Object(App\Controllers\Home))
 4 SYSTEMPATH/CodeIgniter.php(349): CodeIgniter\CodeIgniter->handleRequest(null, Object(Config\Cache), false)
 5 FCPATH/index.php(67): CodeIgniter\CodeIgniter->run()
CRITICAL - 2024-06-25 23:51:11 --> Attempt to read property "property_meta_title" on null
in APPPATH/Controllers/Home.php on line 200.
 1 APPPATH/Controllers/Home.php(200): CodeIgniter\Debug\Exceptions->errorHandler(2, 'Attempt to read property "property_meta_title" on null', 'APPPATH/Controllers/Home.php', 200)
 2 SYSTEMPATH/CodeIgniter.php(925): App\Controllers\Home->property_details('img', 'bg', '14.jpg')
 3 SYSTEMPATH/CodeIgniter.php(480): CodeIgniter\CodeIgniter->runController(Object(App\Controllers\Home))
 4 SYSTEMPATH/CodeIgniter.php(349): CodeIgniter\CodeIgniter->handleRequest(null, Object(Config\Cache), false)
 5 FCPATH/index.php(67): CodeIgniter\CodeIgniter->run()
