CRITICAL - 2025-10-14 00:00:33 --> Attempt to read property "product_id" on null
in APPPATH/Controllers/Admin.php on line 3388.
 1 APPPATH/Controllers/Admin.php(3388): CodeIgniter\Debug\Exceptions->errorHandler(2, 'Attempt to read property "product_id" on null', 'APPPATH/Controllers/Admin.php', 3388)
 2 SYSTEMPATH/CodeIgniter.php(925): App\Controllers\Admin->edit_product('FCPATH/assets', 'img', 'user', 'u2.jpg')
 3 SYSTEMPATH/CodeIgniter.php(480): CodeIgniter\CodeIgniter->runController(Object(App\Controllers\Admin))
 4 SYSTEMPATH/CodeIgniter.php(349): CodeIgniter\CodeIgniter->handleRequest(null, Object(Config\Cache), false)
 5 FCPATH/index.php(67): CodeIgniter\CodeIgniter->run()
CRITICAL - 2025-10-14 00:00:33 --> Attempt to read property "product_id" on null
in APPPATH/Controllers/Admin.php on line 3388.
 1 APPPATH/Controllers/Admin.php(3388): CodeIgniter\Debug\Exceptions->errorHandler(2, 'Attempt to read property "product_id" on null', 'APPPATH/Controllers/Admin.php', 3388)
 2 SYSTEMPATH/CodeIgniter.php(925): App\Controllers\Admin->edit_product('FCPATH/assets', 'img', 'user', 'u1.jpg')
 3 SYSTEMPATH/CodeIgniter.php(480): CodeIgniter\CodeIgniter->runController(Object(App\Controllers\Admin))
 4 SYSTEMPATH/CodeIgniter.php(349): CodeIgniter\CodeIgniter->handleRequest(null, Object(Config\Cache), false)
 5 FCPATH/index.php(67): CodeIgniter\CodeIgniter->run()
CRITICAL - 2025-10-14 00:00:33 --> Attempt to read property "product_id" on null
in APPPATH/Controllers/Admin.php on line 3388.
 1 APPPATH/Controllers/Admin.php(3388): CodeIgniter\Debug\Exceptions->errorHandler(2, 'Attempt to read property "product_id" on null', 'APPPATH/Controllers/Admin.php', 3388)
 2 SYSTEMPATH/CodeIgniter.php(925): App\Controllers\Admin->edit_product('FCPATH/assets', 'img', 'user', 'u4.jpg')
 3 SYSTEMPATH/CodeIgniter.php(480): CodeIgniter\CodeIgniter->runController(Object(App\Controllers\Admin))
 4 SYSTEMPATH/CodeIgniter.php(349): CodeIgniter\CodeIgniter->handleRequest(null, Object(Config\Cache), false)
 5 FCPATH/index.php(67): CodeIgniter\CodeIgniter->run()
CRITICAL - 2025-10-14 00:00:33 --> Attempt to read property "product_id" on null
in APPPATH/Controllers/Admin.php on line 3388.
 1 APPPATH/Controllers/Admin.php(3388): CodeIgniter\Debug\Exceptions->errorHandler(2, 'Attempt to read property "product_id" on null', 'APPPATH/Controllers/Admin.php', 3388)
 2 SYSTEMPATH/CodeIgniter.php(925): App\Controllers\Admin->edit_product('FCPATH/assets', 'img', 'user', 'u5.jpg')
 3 SYSTEMPATH/CodeIgniter.php(480): CodeIgniter\CodeIgniter->runController(Object(App\Controllers\Admin))
 4 SYSTEMPATH/CodeIgniter.php(349): CodeIgniter\CodeIgniter->handleRequest(null, Object(Config\Cache), false)
 5 FCPATH/index.php(67): CodeIgniter\CodeIgniter->run()
CRITICAL - 2025-10-14 00:02:42 --> Attempt to read property "product_id" on null
in APPPATH/Controllers/Admin.php on line 3388.
 1 APPPATH/Controllers/Admin.php(3388): CodeIgniter\Debug\Exceptions->errorHandler(2, 'Attempt to read property "product_id" on null', 'APPPATH/Controllers/Admin.php', 3388)
 2 SYSTEMPATH/CodeIgniter.php(925): App\Controllers\Admin->edit_product('FCPATH/assets', 'img', 'user', 'u5.jpg')
 3 SYSTEMPATH/CodeIgniter.php(480): CodeIgniter\CodeIgniter->runController(Object(App\Controllers\Admin))
 4 SYSTEMPATH/CodeIgniter.php(349): CodeIgniter\CodeIgniter->handleRequest(null, Object(Config\Cache), false)
 5 FCPATH/index.php(67): CodeIgniter\CodeIgniter->run()
CRITICAL - 2025-10-14 00:02:42 --> Attempt to read property "product_id" on null
in APPPATH/Controllers/Admin.php on line 3388.
 1 APPPATH/Controllers/Admin.php(3388): CodeIgniter\Debug\Exceptions->errorHandler(2, 'Attempt to read property "product_id" on null', 'APPPATH/Controllers/Admin.php', 3388)
 2 SYSTEMPATH/CodeIgniter.php(925): App\Controllers\Admin->edit_product('FCPATH/assets', 'img', 'user', 'u1.jpg')
 3 SYSTEMPATH/CodeIgniter.php(480): CodeIgniter\CodeIgniter->runController(Object(App\Controllers\Admin))
 4 SYSTEMPATH/CodeIgniter.php(349): CodeIgniter\CodeIgniter->handleRequest(null, Object(Config\Cache), false)
 5 FCPATH/index.php(67): CodeIgniter\CodeIgniter->run()
CRITICAL - 2025-10-14 00:02:42 --> Attempt to read property "product_id" on null
in APPPATH/Controllers/Admin.php on line 3388.
 1 APPPATH/Controllers/Admin.php(3388): CodeIgniter\Debug\Exceptions->errorHandler(2, 'Attempt to read property "product_id" on null', 'APPPATH/Controllers/Admin.php', 3388)
 2 SYSTEMPATH/CodeIgniter.php(925): App\Controllers\Admin->edit_product('FCPATH/assets', 'img', 'user', 'u2.jpg')
 3 SYSTEMPATH/CodeIgniter.php(480): CodeIgniter\CodeIgniter->runController(Object(App\Controllers\Admin))
 4 SYSTEMPATH/CodeIgniter.php(349): CodeIgniter\CodeIgniter->handleRequest(null, Object(Config\Cache), false)
 5 FCPATH/index.php(67): CodeIgniter\CodeIgniter->run()
CRITICAL - 2025-10-14 00:02:42 --> Attempt to read property "product_id" on null
in APPPATH/Controllers/Admin.php on line 3388.
 1 APPPATH/Controllers/Admin.php(3388): CodeIgniter\Debug\Exceptions->errorHandler(2, 'Attempt to read property "product_id" on null', 'APPPATH/Controllers/Admin.php', 3388)
 2 SYSTEMPATH/CodeIgniter.php(925): App\Controllers\Admin->edit_product('FCPATH/assets', 'img', 'user', 'u4.jpg')
 3 SYSTEMPATH/CodeIgniter.php(480): CodeIgniter\CodeIgniter->runController(Object(App\Controllers\Admin))
 4 SYSTEMPATH/CodeIgniter.php(349): CodeIgniter\CodeIgniter->handleRequest(null, Object(Config\Cache), false)
 5 FCPATH/index.php(67): CodeIgniter\CodeIgniter->run()
CRITICAL - 2025-10-14 00:04:40 --> Attempt to read property "product_id" on null
in APPPATH/Controllers/Admin.php on line 3388.
 1 APPPATH/Controllers/Admin.php(3388): CodeIgniter\Debug\Exceptions->errorHandler(2, 'Attempt to read property "product_id" on null', 'APPPATH/Controllers/Admin.php', 3388)
 2 SYSTEMPATH/CodeIgniter.php(925): App\Controllers\Admin->edit_product('FCPATH/assets', 'img', 'user', 'u2.jpg')
 3 SYSTEMPATH/CodeIgniter.php(480): CodeIgniter\CodeIgniter->runController(Object(App\Controllers\Admin))
 4 SYSTEMPATH/CodeIgniter.php(349): CodeIgniter\CodeIgniter->handleRequest(null, Object(Config\Cache), false)
 5 FCPATH/index.php(67): CodeIgniter\CodeIgniter->run()
CRITICAL - 2025-10-14 00:04:40 --> Attempt to read property "product_id" on null
in APPPATH/Controllers/Admin.php on line 3388.
 1 APPPATH/Controllers/Admin.php(3388): CodeIgniter\Debug\Exceptions->errorHandler(2, 'Attempt to read property "product_id" on null', 'APPPATH/Controllers/Admin.php', 3388)
 2 SYSTEMPATH/CodeIgniter.php(925): App\Controllers\Admin->edit_product('FCPATH/assets', 'img', 'user', 'u1.jpg')
 3 SYSTEMPATH/CodeIgniter.php(480): CodeIgniter\CodeIgniter->runController(Object(App\Controllers\Admin))
 4 SYSTEMPATH/CodeIgniter.php(349): CodeIgniter\CodeIgniter->handleRequest(null, Object(Config\Cache), false)
 5 FCPATH/index.php(67): CodeIgniter\CodeIgniter->run()
CRITICAL - 2025-10-14 00:04:40 --> Attempt to read property "product_id" on null
in APPPATH/Controllers/Admin.php on line 3388.
 1 APPPATH/Controllers/Admin.php(3388): CodeIgniter\Debug\Exceptions->errorHandler(2, 'Attempt to read property "product_id" on null', 'APPPATH/Controllers/Admin.php', 3388)
 2 SYSTEMPATH/CodeIgniter.php(925): App\Controllers\Admin->edit_product('FCPATH/assets', 'img', 'user', 'u4.jpg')
 3 SYSTEMPATH/CodeIgniter.php(480): CodeIgniter\CodeIgniter->runController(Object(App\Controllers\Admin))
 4 SYSTEMPATH/CodeIgniter.php(349): CodeIgniter\CodeIgniter->handleRequest(null, Object(Config\Cache), false)
 5 FCPATH/index.php(67): CodeIgniter\CodeIgniter->run()
CRITICAL - 2025-10-14 00:04:40 --> Attempt to read property "product_id" on null
in APPPATH/Controllers/Admin.php on line 3388.
 1 APPPATH/Controllers/Admin.php(3388): CodeIgniter\Debug\Exceptions->errorHandler(2, 'Attempt to read property "product_id" on null', 'APPPATH/Controllers/Admin.php', 3388)
 2 SYSTEMPATH/CodeIgniter.php(925): App\Controllers\Admin->edit_product('FCPATH/assets', 'img', 'user', 'u5.jpg')
 3 SYSTEMPATH/CodeIgniter.php(480): CodeIgniter\CodeIgniter->runController(Object(App\Controllers\Admin))
 4 SYSTEMPATH/CodeIgniter.php(349): CodeIgniter\CodeIgniter->handleRequest(null, Object(Config\Cache), false)
 5 FCPATH/index.php(67): CodeIgniter\CodeIgniter->run()
CRITICAL - 2025-10-14 00:53:31 --> Attempt to read property "product_id" on null
in APPPATH/Controllers/Admin.php on line 3388.
 1 APPPATH/Controllers/Admin.php(3388): CodeIgniter\Debug\Exceptions->errorHandler(2, 'Attempt to read property "product_id" on null', 'APPPATH/Controllers/Admin.php', 3388)
 2 SYSTEMPATH/CodeIgniter.php(925): App\Controllers\Admin->edit_product('FCPATH/assets', 'img', 'user', 'u1.jpg')
 3 SYSTEMPATH/CodeIgniter.php(480): CodeIgniter\CodeIgniter->runController(Object(App\Controllers\Admin))
 4 SYSTEMPATH/CodeIgniter.php(349): CodeIgniter\CodeIgniter->handleRequest(null, Object(Config\Cache), false)
 5 FCPATH/index.php(67): CodeIgniter\CodeIgniter->run()
CRITICAL - 2025-10-14 00:53:31 --> Attempt to read property "product_id" on null
in APPPATH/Controllers/Admin.php on line 3388.
 1 APPPATH/Controllers/Admin.php(3388): CodeIgniter\Debug\Exceptions->errorHandler(2, 'Attempt to read property "product_id" on null', 'APPPATH/Controllers/Admin.php', 3388)
 2 SYSTEMPATH/CodeIgniter.php(925): App\Controllers\Admin->edit_product('FCPATH/assets', 'img', 'user', 'u2.jpg')
 3 SYSTEMPATH/CodeIgniter.php(480): CodeIgniter\CodeIgniter->runController(Object(App\Controllers\Admin))
 4 SYSTEMPATH/CodeIgniter.php(349): CodeIgniter\CodeIgniter->handleRequest(null, Object(Config\Cache), false)
 5 FCPATH/index.php(67): CodeIgniter\CodeIgniter->run()
CRITICAL - 2025-10-14 00:53:31 --> Attempt to read property "product_id" on null
in APPPATH/Controllers/Admin.php on line 3388.
 1 APPPATH/Controllers/Admin.php(3388): CodeIgniter\Debug\Exceptions->errorHandler(2, 'Attempt to read property "product_id" on null', 'APPPATH/Controllers/Admin.php', 3388)
 2 SYSTEMPATH/CodeIgniter.php(925): App\Controllers\Admin->edit_product('FCPATH/assets', 'img', 'user', 'u5.jpg')
 3 SYSTEMPATH/CodeIgniter.php(480): CodeIgniter\CodeIgniter->runController(Object(App\Controllers\Admin))
 4 SYSTEMPATH/CodeIgniter.php(349): CodeIgniter\CodeIgniter->handleRequest(null, Object(Config\Cache), false)
 5 FCPATH/index.php(67): CodeIgniter\CodeIgniter->run()
CRITICAL - 2025-10-14 00:53:31 --> Attempt to read property "product_id" on null
in APPPATH/Controllers/Admin.php on line 3388.
 1 APPPATH/Controllers/Admin.php(3388): CodeIgniter\Debug\Exceptions->errorHandler(2, 'Attempt to read property "product_id" on null', 'APPPATH/Controllers/Admin.php', 3388)
 2 SYSTEMPATH/CodeIgniter.php(925): App\Controllers\Admin->edit_product('FCPATH/assets', 'img', 'user', 'u4.jpg')
 3 SYSTEMPATH/CodeIgniter.php(480): CodeIgniter\CodeIgniter->runController(Object(App\Controllers\Admin))
 4 SYSTEMPATH/CodeIgniter.php(349): CodeIgniter\CodeIgniter->handleRequest(null, Object(Config\Cache), false)
 5 FCPATH/index.php(67): CodeIgniter\CodeIgniter->run()
CRITICAL - 2025-10-14 01:14:59 --> Attempt to read property "product_id" on null
in APPPATH/Controllers/Admin.php on line 3388.
 1 APPPATH/Controllers/Admin.php(3388): CodeIgniter\Debug\Exceptions->errorHandler(2, 'Attempt to read property "product_id" on null', 'APPPATH/Controllers/Admin.php', 3388)
 2 SYSTEMPATH/CodeIgniter.php(925): App\Controllers\Admin->edit_product('FCPATH/assets', 'img', 'user', 'u1.jpg')
 3 SYSTEMPATH/CodeIgniter.php(480): CodeIgniter\CodeIgniter->runController(Object(App\Controllers\Admin))
 4 SYSTEMPATH/CodeIgniter.php(349): CodeIgniter\CodeIgniter->handleRequest(null, Object(Config\Cache), false)
 5 FCPATH/index.php(67): CodeIgniter\CodeIgniter->run()
CRITICAL - 2025-10-14 01:14:59 --> Attempt to read property "product_id" on null
in APPPATH/Controllers/Admin.php on line 3388.
 1 APPPATH/Controllers/Admin.php(3388): CodeIgniter\Debug\Exceptions->errorHandler(2, 'Attempt to read property "product_id" on null', 'APPPATH/Controllers/Admin.php', 3388)
 2 SYSTEMPATH/CodeIgniter.php(925): App\Controllers\Admin->edit_product('FCPATH/assets', 'img', 'user', 'u2.jpg')
 3 SYSTEMPATH/CodeIgniter.php(480): CodeIgniter\CodeIgniter->runController(Object(App\Controllers\Admin))
 4 SYSTEMPATH/CodeIgniter.php(349): CodeIgniter\CodeIgniter->handleRequest(null, Object(Config\Cache), false)
 5 FCPATH/index.php(67): CodeIgniter\CodeIgniter->run()
CRITICAL - 2025-10-14 01:14:59 --> Attempt to read property "product_id" on null
in APPPATH/Controllers/Admin.php on line 3388.
 1 APPPATH/Controllers/Admin.php(3388): CodeIgniter\Debug\Exceptions->errorHandler(2, 'Attempt to read property "product_id" on null', 'APPPATH/Controllers/Admin.php', 3388)
 2 SYSTEMPATH/CodeIgniter.php(925): App\Controllers\Admin->edit_product('FCPATH/assets', 'img', 'user', 'u4.jpg')
 3 SYSTEMPATH/CodeIgniter.php(480): CodeIgniter\CodeIgniter->runController(Object(App\Controllers\Admin))
 4 SYSTEMPATH/CodeIgniter.php(349): CodeIgniter\CodeIgniter->handleRequest(null, Object(Config\Cache), false)
 5 FCPATH/index.php(67): CodeIgniter\CodeIgniter->run()
CRITICAL - 2025-10-14 01:14:59 --> Attempt to read property "product_id" on null
in APPPATH/Controllers/Admin.php on line 3388.
 1 APPPATH/Controllers/Admin.php(3388): CodeIgniter\Debug\Exceptions->errorHandler(2, 'Attempt to read property "product_id" on null', 'APPPATH/Controllers/Admin.php', 3388)
 2 SYSTEMPATH/CodeIgniter.php(925): App\Controllers\Admin->edit_product('FCPATH/assets', 'img', 'user', 'u5.jpg')
 3 SYSTEMPATH/CodeIgniter.php(480): CodeIgniter\CodeIgniter->runController(Object(App\Controllers\Admin))
 4 SYSTEMPATH/CodeIgniter.php(349): CodeIgniter\CodeIgniter->handleRequest(null, Object(Config\Cache), false)
 5 FCPATH/index.php(67): CodeIgniter\CodeIgniter->run()
CRITICAL - 2025-10-14 01:15:52 --> Attempt to read property "product_id" on null
in APPPATH/Controllers/Admin.php on line 3388.
 1 APPPATH/Controllers/Admin.php(3388): CodeIgniter\Debug\Exceptions->errorHandler(2, 'Attempt to read property "product_id" on null', 'APPPATH/Controllers/Admin.php', 3388)
 2 SYSTEMPATH/CodeIgniter.php(925): App\Controllers\Admin->edit_product('FCPATH/assets', 'img', 'user', 'u2.jpg')
 3 SYSTEMPATH/CodeIgniter.php(480): CodeIgniter\CodeIgniter->runController(Object(App\Controllers\Admin))
 4 SYSTEMPATH/CodeIgniter.php(349): CodeIgniter\CodeIgniter->handleRequest(null, Object(Config\Cache), false)
 5 FCPATH/index.php(67): CodeIgniter\CodeIgniter->run()
CRITICAL - 2025-10-14 01:15:52 --> Attempt to read property "product_id" on null
in APPPATH/Controllers/Admin.php on line 3388.
 1 APPPATH/Controllers/Admin.php(3388): CodeIgniter\Debug\Exceptions->errorHandler(2, 'Attempt to read property "product_id" on null', 'APPPATH/Controllers/Admin.php', 3388)
 2 SYSTEMPATH/CodeIgniter.php(925): App\Controllers\Admin->edit_product('FCPATH/assets', 'img', 'user', 'u1.jpg')
 3 SYSTEMPATH/CodeIgniter.php(480): CodeIgniter\CodeIgniter->runController(Object(App\Controllers\Admin))
 4 SYSTEMPATH/CodeIgniter.php(349): CodeIgniter\CodeIgniter->handleRequest(null, Object(Config\Cache), false)
 5 FCPATH/index.php(67): CodeIgniter\CodeIgniter->run()
CRITICAL - 2025-10-14 01:15:52 --> Attempt to read property "product_id" on null
in APPPATH/Controllers/Admin.php on line 3388.
 1 APPPATH/Controllers/Admin.php(3388): CodeIgniter\Debug\Exceptions->errorHandler(2, 'Attempt to read property "product_id" on null', 'APPPATH/Controllers/Admin.php', 3388)
 2 SYSTEMPATH/CodeIgniter.php(925): App\Controllers\Admin->edit_product('FCPATH/assets', 'img', 'user', 'u4.jpg')
 3 SYSTEMPATH/CodeIgniter.php(480): CodeIgniter\CodeIgniter->runController(Object(App\Controllers\Admin))
 4 SYSTEMPATH/CodeIgniter.php(349): CodeIgniter\CodeIgniter->handleRequest(null, Object(Config\Cache), false)
 5 FCPATH/index.php(67): CodeIgniter\CodeIgniter->run()
CRITICAL - 2025-10-14 01:15:52 --> Attempt to read property "product_id" on null
in APPPATH/Controllers/Admin.php on line 3388.
 1 APPPATH/Controllers/Admin.php(3388): CodeIgniter\Debug\Exceptions->errorHandler(2, 'Attempt to read property "product_id" on null', 'APPPATH/Controllers/Admin.php', 3388)
 2 SYSTEMPATH/CodeIgniter.php(925): App\Controllers\Admin->edit_product('FCPATH/assets', 'img', 'user', 'u5.jpg')
 3 SYSTEMPATH/CodeIgniter.php(480): CodeIgniter\CodeIgniter->runController(Object(App\Controllers\Admin))
 4 SYSTEMPATH/CodeIgniter.php(349): CodeIgniter\CodeIgniter->handleRequest(null, Object(Config\Cache), false)
 5 FCPATH/index.php(67): CodeIgniter\CodeIgniter->run()
CRITICAL - 2025-10-14 01:33:43 --> Attempt to read property "product_id" on null
in APPPATH/Controllers/Admin.php on line 3388.
 1 APPPATH/Controllers/Admin.php(3388): CodeIgniter\Debug\Exceptions->errorHandler(2, 'Attempt to read property "product_id" on null', 'APPPATH/Controllers/Admin.php', 3388)
 2 SYSTEMPATH/CodeIgniter.php(925): App\Controllers\Admin->edit_product('FCPATH/assets', 'img', 'user', 'u2.jpg')
 3 SYSTEMPATH/CodeIgniter.php(480): CodeIgniter\CodeIgniter->runController(Object(App\Controllers\Admin))
 4 SYSTEMPATH/CodeIgniter.php(349): CodeIgniter\CodeIgniter->handleRequest(null, Object(Config\Cache), false)
 5 FCPATH/index.php(67): CodeIgniter\CodeIgniter->run()
CRITICAL - 2025-10-14 01:33:43 --> Attempt to read property "product_id" on null
in APPPATH/Controllers/Admin.php on line 3388.
 1 APPPATH/Controllers/Admin.php(3388): CodeIgniter\Debug\Exceptions->errorHandler(2, 'Attempt to read property "product_id" on null', 'APPPATH/Controllers/Admin.php', 3388)
 2 SYSTEMPATH/CodeIgniter.php(925): App\Controllers\Admin->edit_product('FCPATH/assets', 'img', 'user', 'u1.jpg')
 3 SYSTEMPATH/CodeIgniter.php(480): CodeIgniter\CodeIgniter->runController(Object(App\Controllers\Admin))
 4 SYSTEMPATH/CodeIgniter.php(349): CodeIgniter\CodeIgniter->handleRequest(null, Object(Config\Cache), false)
 5 FCPATH/index.php(67): CodeIgniter\CodeIgniter->run()
CRITICAL - 2025-10-14 01:33:43 --> Attempt to read property "product_id" on null
in APPPATH/Controllers/Admin.php on line 3388.
 1 APPPATH/Controllers/Admin.php(3388): CodeIgniter\Debug\Exceptions->errorHandler(2, 'Attempt to read property "product_id" on null', 'APPPATH/Controllers/Admin.php', 3388)
 2 SYSTEMPATH/CodeIgniter.php(925): App\Controllers\Admin->edit_product('FCPATH/assets', 'img', 'user', 'u5.jpg')
 3 SYSTEMPATH/CodeIgniter.php(480): CodeIgniter\CodeIgniter->runController(Object(App\Controllers\Admin))
 4 SYSTEMPATH/CodeIgniter.php(349): CodeIgniter\CodeIgniter->handleRequest(null, Object(Config\Cache), false)
 5 FCPATH/index.php(67): CodeIgniter\CodeIgniter->run()
CRITICAL - 2025-10-14 01:33:43 --> Attempt to read property "product_id" on null
in APPPATH/Controllers/Admin.php on line 3388.
 1 APPPATH/Controllers/Admin.php(3388): CodeIgniter\Debug\Exceptions->errorHandler(2, 'Attempt to read property "product_id" on null', 'APPPATH/Controllers/Admin.php', 3388)
 2 SYSTEMPATH/CodeIgniter.php(925): App\Controllers\Admin->edit_product('FCPATH/assets', 'img', 'user', 'u4.jpg')
 3 SYSTEMPATH/CodeIgniter.php(480): CodeIgniter\CodeIgniter->runController(Object(App\Controllers\Admin))
 4 SYSTEMPATH/CodeIgniter.php(349): CodeIgniter\CodeIgniter->handleRequest(null, Object(Config\Cache), false)
 5 FCPATH/index.php(67): CodeIgniter\CodeIgniter->run()
CRITICAL - 2025-10-14 01:43:15 --> Attempt to read property "product_id" on null
in APPPATH/Controllers/Admin.php on line 3388.
 1 APPPATH/Controllers/Admin.php(3388): CodeIgniter\Debug\Exceptions->errorHandler(2, 'Attempt to read property "product_id" on null', 'APPPATH/Controllers/Admin.php', 3388)
 2 SYSTEMPATH/CodeIgniter.php(925): App\Controllers\Admin->edit_product('FCPATH/assets', 'img', 'user', 'u2.jpg')
 3 SYSTEMPATH/CodeIgniter.php(480): CodeIgniter\CodeIgniter->runController(Object(App\Controllers\Admin))
 4 SYSTEMPATH/CodeIgniter.php(349): CodeIgniter\CodeIgniter->handleRequest(null, Object(Config\Cache), false)
 5 FCPATH/index.php(67): CodeIgniter\CodeIgniter->run()
CRITICAL - 2025-10-14 01:43:15 --> Attempt to read property "product_id" on null
in APPPATH/Controllers/Admin.php on line 3388.
 1 APPPATH/Controllers/Admin.php(3388): CodeIgniter\Debug\Exceptions->errorHandler(2, 'Attempt to read property "product_id" on null', 'APPPATH/Controllers/Admin.php', 3388)
 2 SYSTEMPATH/CodeIgniter.php(925): App\Controllers\Admin->edit_product('FCPATH/assets', 'img', 'user', 'u1.jpg')
 3 SYSTEMPATH/CodeIgniter.php(480): CodeIgniter\CodeIgniter->runController(Object(App\Controllers\Admin))
 4 SYSTEMPATH/CodeIgniter.php(349): CodeIgniter\CodeIgniter->handleRequest(null, Object(Config\Cache), false)
 5 FCPATH/index.php(67): CodeIgniter\CodeIgniter->run()
CRITICAL - 2025-10-14 01:43:15 --> Attempt to read property "product_id" on null
in APPPATH/Controllers/Admin.php on line 3388.
 1 APPPATH/Controllers/Admin.php(3388): CodeIgniter\Debug\Exceptions->errorHandler(2, 'Attempt to read property "product_id" on null', 'APPPATH/Controllers/Admin.php', 3388)
 2 SYSTEMPATH/CodeIgniter.php(925): App\Controllers\Admin->edit_product('FCPATH/assets', 'img', 'user', 'u4.jpg')
 3 SYSTEMPATH/CodeIgniter.php(480): CodeIgniter\CodeIgniter->runController(Object(App\Controllers\Admin))
 4 SYSTEMPATH/CodeIgniter.php(349): CodeIgniter\CodeIgniter->handleRequest(null, Object(Config\Cache), false)
 5 FCPATH/index.php(67): CodeIgniter\CodeIgniter->run()
CRITICAL - 2025-10-14 01:43:15 --> Attempt to read property "product_id" on null
in APPPATH/Controllers/Admin.php on line 3388.
 1 APPPATH/Controllers/Admin.php(3388): CodeIgniter\Debug\Exceptions->errorHandler(2, 'Attempt to read property "product_id" on null', 'APPPATH/Controllers/Admin.php', 3388)
 2 SYSTEMPATH/CodeIgniter.php(925): App\Controllers\Admin->edit_product('FCPATH/assets', 'img', 'user', 'u5.jpg')
 3 SYSTEMPATH/CodeIgniter.php(480): CodeIgniter\CodeIgniter->runController(Object(App\Controllers\Admin))
 4 SYSTEMPATH/CodeIgniter.php(349): CodeIgniter\CodeIgniter->handleRequest(null, Object(Config\Cache), false)
 5 FCPATH/index.php(67): CodeIgniter\CodeIgniter->run()
CRITICAL - 2025-10-14 01:56:54 --> Attempt to read property "product_id" on null
in APPPATH/Controllers/Admin.php on line 3388.
 1 APPPATH/Controllers/Admin.php(3388): CodeIgniter\Debug\Exceptions->errorHandler(2, 'Attempt to read property "product_id" on null', 'APPPATH/Controllers/Admin.php', 3388)
 2 SYSTEMPATH/CodeIgniter.php(925): App\Controllers\Admin->edit_product('FCPATH/assets', 'img', 'user', 'u2.jpg')
 3 SYSTEMPATH/CodeIgniter.php(480): CodeIgniter\CodeIgniter->runController(Object(App\Controllers\Admin))
 4 SYSTEMPATH/CodeIgniter.php(349): CodeIgniter\CodeIgniter->handleRequest(null, Object(Config\Cache), false)
 5 FCPATH/index.php(67): CodeIgniter\CodeIgniter->run()
CRITICAL - 2025-10-14 01:56:54 --> Attempt to read property "product_id" on null
in APPPATH/Controllers/Admin.php on line 3388.
 1 APPPATH/Controllers/Admin.php(3388): CodeIgniter\Debug\Exceptions->errorHandler(2, 'Attempt to read property "product_id" on null', 'APPPATH/Controllers/Admin.php', 3388)
 2 SYSTEMPATH/CodeIgniter.php(925): App\Controllers\Admin->edit_product('FCPATH/assets', 'img', 'user', 'u1.jpg')
 3 SYSTEMPATH/CodeIgniter.php(480): CodeIgniter\CodeIgniter->runController(Object(App\Controllers\Admin))
 4 SYSTEMPATH/CodeIgniter.php(349): CodeIgniter\CodeIgniter->handleRequest(null, Object(Config\Cache), false)
 5 FCPATH/index.php(67): CodeIgniter\CodeIgniter->run()
CRITICAL - 2025-10-14 01:56:54 --> Attempt to read property "product_id" on null
in APPPATH/Controllers/Admin.php on line 3388.
 1 APPPATH/Controllers/Admin.php(3388): CodeIgniter\Debug\Exceptions->errorHandler(2, 'Attempt to read property "product_id" on null', 'APPPATH/Controllers/Admin.php', 3388)
 2 SYSTEMPATH/CodeIgniter.php(925): App\Controllers\Admin->edit_product('FCPATH/assets', 'img', 'user', 'u5.jpg')
 3 SYSTEMPATH/CodeIgniter.php(480): CodeIgniter\CodeIgniter->runController(Object(App\Controllers\Admin))
 4 SYSTEMPATH/CodeIgniter.php(349): CodeIgniter\CodeIgniter->handleRequest(null, Object(Config\Cache), false)
 5 FCPATH/index.php(67): CodeIgniter\CodeIgniter->run()
CRITICAL - 2025-10-14 01:56:54 --> Attempt to read property "product_id" on null
in APPPATH/Controllers/Admin.php on line 3388.
 1 APPPATH/Controllers/Admin.php(3388): CodeIgniter\Debug\Exceptions->errorHandler(2, 'Attempt to read property "product_id" on null', 'APPPATH/Controllers/Admin.php', 3388)
 2 SYSTEMPATH/CodeIgniter.php(925): App\Controllers\Admin->edit_product('FCPATH/assets', 'img', 'user', 'u4.jpg')
 3 SYSTEMPATH/CodeIgniter.php(480): CodeIgniter\CodeIgniter->runController(Object(App\Controllers\Admin))
 4 SYSTEMPATH/CodeIgniter.php(349): CodeIgniter\CodeIgniter->handleRequest(null, Object(Config\Cache), false)
 5 FCPATH/index.php(67): CodeIgniter\CodeIgniter->run()
CRITICAL - 2025-10-14 02:03:51 --> Attempt to read property "product_id" on null
in APPPATH/Controllers/Admin.php on line 3388.
 1 APPPATH/Controllers/Admin.php(3388): CodeIgniter\Debug\Exceptions->errorHandler(2, 'Attempt to read property "product_id" on null', 'APPPATH/Controllers/Admin.php', 3388)
 2 SYSTEMPATH/CodeIgniter.php(925): App\Controllers\Admin->edit_product('FCPATH/assets', 'img', 'user', 'u2.jpg')
 3 SYSTEMPATH/CodeIgniter.php(480): CodeIgniter\CodeIgniter->runController(Object(App\Controllers\Admin))
 4 SYSTEMPATH/CodeIgniter.php(349): CodeIgniter\CodeIgniter->handleRequest(null, Object(Config\Cache), false)
 5 FCPATH/index.php(67): CodeIgniter\CodeIgniter->run()
CRITICAL - 2025-10-14 02:03:51 --> Attempt to read property "product_id" on null
in APPPATH/Controllers/Admin.php on line 3388.
 1 APPPATH/Controllers/Admin.php(3388): CodeIgniter\Debug\Exceptions->errorHandler(2, 'Attempt to read property "product_id" on null', 'APPPATH/Controllers/Admin.php', 3388)
 2 SYSTEMPATH/CodeIgniter.php(925): App\Controllers\Admin->edit_product('FCPATH/assets', 'img', 'user', 'u1.jpg')
 3 SYSTEMPATH/CodeIgniter.php(480): CodeIgniter\CodeIgniter->runController(Object(App\Controllers\Admin))
 4 SYSTEMPATH/CodeIgniter.php(349): CodeIgniter\CodeIgniter->handleRequest(null, Object(Config\Cache), false)
 5 FCPATH/index.php(67): CodeIgniter\CodeIgniter->run()
CRITICAL - 2025-10-14 02:03:51 --> Attempt to read property "product_id" on null
in APPPATH/Controllers/Admin.php on line 3388.
 1 APPPATH/Controllers/Admin.php(3388): CodeIgniter\Debug\Exceptions->errorHandler(2, 'Attempt to read property "product_id" on null', 'APPPATH/Controllers/Admin.php', 3388)
 2 SYSTEMPATH/CodeIgniter.php(925): App\Controllers\Admin->edit_product('FCPATH/assets', 'img', 'user', 'u5.jpg')
 3 SYSTEMPATH/CodeIgniter.php(480): CodeIgniter\CodeIgniter->runController(Object(App\Controllers\Admin))
 4 SYSTEMPATH/CodeIgniter.php(349): CodeIgniter\CodeIgniter->handleRequest(null, Object(Config\Cache), false)
 5 FCPATH/index.php(67): CodeIgniter\CodeIgniter->run()
CRITICAL - 2025-10-14 02:03:51 --> Attempt to read property "product_id" on null
in APPPATH/Controllers/Admin.php on line 3388.
 1 APPPATH/Controllers/Admin.php(3388): CodeIgniter\Debug\Exceptions->errorHandler(2, 'Attempt to read property "product_id" on null', 'APPPATH/Controllers/Admin.php', 3388)
 2 SYSTEMPATH/CodeIgniter.php(925): App\Controllers\Admin->edit_product('FCPATH/assets', 'img', 'user', 'u4.jpg')
 3 SYSTEMPATH/CodeIgniter.php(480): CodeIgniter\CodeIgniter->runController(Object(App\Controllers\Admin))
 4 SYSTEMPATH/CodeIgniter.php(349): CodeIgniter\CodeIgniter->handleRequest(null, Object(Config\Cache), false)
 5 FCPATH/index.php(67): CodeIgniter\CodeIgniter->run()
CRITICAL - 2025-10-14 02:07:45 --> Attempt to read property "product_id" on null
in APPPATH/Controllers/Admin.php on line 3388.
 1 APPPATH/Controllers/Admin.php(3388): CodeIgniter\Debug\Exceptions->errorHandler(2, 'Attempt to read property "product_id" on null', 'APPPATH/Controllers/Admin.php', 3388)
 2 SYSTEMPATH/CodeIgniter.php(925): App\Controllers\Admin->edit_product('FCPATH/assets', 'img', 'user', 'u1.jpg')
 3 SYSTEMPATH/CodeIgniter.php(480): CodeIgniter\CodeIgniter->runController(Object(App\Controllers\Admin))
 4 SYSTEMPATH/CodeIgniter.php(349): CodeIgniter\CodeIgniter->handleRequest(null, Object(Config\Cache), false)
 5 FCPATH/index.php(67): CodeIgniter\CodeIgniter->run()
CRITICAL - 2025-10-14 02:07:45 --> Attempt to read property "product_id" on null
in APPPATH/Controllers/Admin.php on line 3388.
 1 APPPATH/Controllers/Admin.php(3388): CodeIgniter\Debug\Exceptions->errorHandler(2, 'Attempt to read property "product_id" on null', 'APPPATH/Controllers/Admin.php', 3388)
 2 SYSTEMPATH/CodeIgniter.php(925): App\Controllers\Admin->edit_product('FCPATH/assets', 'img', 'user', 'u2.jpg')
 3 SYSTEMPATH/CodeIgniter.php(480): CodeIgniter\CodeIgniter->runController(Object(App\Controllers\Admin))
 4 SYSTEMPATH/CodeIgniter.php(349): CodeIgniter\CodeIgniter->handleRequest(null, Object(Config\Cache), false)
 5 FCPATH/index.php(67): CodeIgniter\CodeIgniter->run()
CRITICAL - 2025-10-14 02:07:45 --> Attempt to read property "product_id" on null
in APPPATH/Controllers/Admin.php on line 3388.
 1 APPPATH/Controllers/Admin.php(3388): CodeIgniter\Debug\Exceptions->errorHandler(2, 'Attempt to read property "product_id" on null', 'APPPATH/Controllers/Admin.php', 3388)
 2 SYSTEMPATH/CodeIgniter.php(925): App\Controllers\Admin->edit_product('FCPATH/assets', 'img', 'user', 'u5.jpg')
 3 SYSTEMPATH/CodeIgniter.php(480): CodeIgniter\CodeIgniter->runController(Object(App\Controllers\Admin))
 4 SYSTEMPATH/CodeIgniter.php(349): CodeIgniter\CodeIgniter->handleRequest(null, Object(Config\Cache), false)
 5 FCPATH/index.php(67): CodeIgniter\CodeIgniter->run()
CRITICAL - 2025-10-14 02:07:45 --> Attempt to read property "product_id" on null
in APPPATH/Controllers/Admin.php on line 3388.
 1 APPPATH/Controllers/Admin.php(3388): CodeIgniter\Debug\Exceptions->errorHandler(2, 'Attempt to read property "product_id" on null', 'APPPATH/Controllers/Admin.php', 3388)
 2 SYSTEMPATH/CodeIgniter.php(925): App\Controllers\Admin->edit_product('FCPATH/assets', 'img', 'user', 'u4.jpg')
 3 SYSTEMPATH/CodeIgniter.php(480): CodeIgniter\CodeIgniter->runController(Object(App\Controllers\Admin))
 4 SYSTEMPATH/CodeIgniter.php(349): CodeIgniter\CodeIgniter->handleRequest(null, Object(Config\Cache), false)
 5 FCPATH/index.php(67): CodeIgniter\CodeIgniter->run()
CRITICAL - 2025-10-14 02:34:29 --> Attempt to read property "product_id" on null
in APPPATH/Controllers/Admin.php on line 3388.
 1 APPPATH/Controllers/Admin.php(3388): CodeIgniter\Debug\Exceptions->errorHandler(2, 'Attempt to read property "product_id" on null', 'APPPATH/Controllers/Admin.php', 3388)
 2 SYSTEMPATH/CodeIgniter.php(925): App\Controllers\Admin->edit_product('FCPATH/assets', 'img', 'user', 'u1.jpg')
 3 SYSTEMPATH/CodeIgniter.php(480): CodeIgniter\CodeIgniter->runController(Object(App\Controllers\Admin))
 4 SYSTEMPATH/CodeIgniter.php(349): CodeIgniter\CodeIgniter->handleRequest(null, Object(Config\Cache), false)
 5 FCPATH/index.php(67): CodeIgniter\CodeIgniter->run()
CRITICAL - 2025-10-14 02:34:29 --> Attempt to read property "product_id" on null
in APPPATH/Controllers/Admin.php on line 3388.
 1 APPPATH/Controllers/Admin.php(3388): CodeIgniter\Debug\Exceptions->errorHandler(2, 'Attempt to read property "product_id" on null', 'APPPATH/Controllers/Admin.php', 3388)
 2 SYSTEMPATH/CodeIgniter.php(925): App\Controllers\Admin->edit_product('FCPATH/assets', 'img', 'user', 'u2.jpg')
 3 SYSTEMPATH/CodeIgniter.php(480): CodeIgniter\CodeIgniter->runController(Object(App\Controllers\Admin))
 4 SYSTEMPATH/CodeIgniter.php(349): CodeIgniter\CodeIgniter->handleRequest(null, Object(Config\Cache), false)
 5 FCPATH/index.php(67): CodeIgniter\CodeIgniter->run()
CRITICAL - 2025-10-14 02:34:29 --> Attempt to read property "product_id" on null
in APPPATH/Controllers/Admin.php on line 3388.
 1 APPPATH/Controllers/Admin.php(3388): CodeIgniter\Debug\Exceptions->errorHandler(2, 'Attempt to read property "product_id" on null', 'APPPATH/Controllers/Admin.php', 3388)
 2 SYSTEMPATH/CodeIgniter.php(925): App\Controllers\Admin->edit_product('FCPATH/assets', 'img', 'user', 'u4.jpg')
 3 SYSTEMPATH/CodeIgniter.php(480): CodeIgniter\CodeIgniter->runController(Object(App\Controllers\Admin))
 4 SYSTEMPATH/CodeIgniter.php(349): CodeIgniter\CodeIgniter->handleRequest(null, Object(Config\Cache), false)
 5 FCPATH/index.php(67): CodeIgniter\CodeIgniter->run()
CRITICAL - 2025-10-14 02:34:29 --> Attempt to read property "product_id" on null
in APPPATH/Controllers/Admin.php on line 3388.
 1 APPPATH/Controllers/Admin.php(3388): CodeIgniter\Debug\Exceptions->errorHandler(2, 'Attempt to read property "product_id" on null', 'APPPATH/Controllers/Admin.php', 3388)
 2 SYSTEMPATH/CodeIgniter.php(925): App\Controllers\Admin->edit_product('FCPATH/assets', 'img', 'user', 'u5.jpg')
 3 SYSTEMPATH/CodeIgniter.php(480): CodeIgniter\CodeIgniter->runController(Object(App\Controllers\Admin))
 4 SYSTEMPATH/CodeIgniter.php(349): CodeIgniter\CodeIgniter->handleRequest(null, Object(Config\Cache), false)
 5 FCPATH/index.php(67): CodeIgniter\CodeIgniter->run()
CRITICAL - 2025-10-14 02:36:39 --> Attempt to read property "product_id" on null
in APPPATH/Controllers/Admin.php on line 3388.
 1 APPPATH/Controllers/Admin.php(3388): CodeIgniter\Debug\Exceptions->errorHandler(2, 'Attempt to read property "product_id" on null', 'APPPATH/Controllers/Admin.php', 3388)
 2 SYSTEMPATH/CodeIgniter.php(925): App\Controllers\Admin->edit_product('FCPATH/assets', 'img', 'user', 'u1.jpg')
 3 SYSTEMPATH/CodeIgniter.php(480): CodeIgniter\CodeIgniter->runController(Object(App\Controllers\Admin))
 4 SYSTEMPATH/CodeIgniter.php(349): CodeIgniter\CodeIgniter->handleRequest(null, Object(Config\Cache), false)
 5 FCPATH/index.php(67): CodeIgniter\CodeIgniter->run()
CRITICAL - 2025-10-14 02:36:39 --> Attempt to read property "product_id" on null
in APPPATH/Controllers/Admin.php on line 3388.
 1 APPPATH/Controllers/Admin.php(3388): CodeIgniter\Debug\Exceptions->errorHandler(2, 'Attempt to read property "product_id" on null', 'APPPATH/Controllers/Admin.php', 3388)
 2 SYSTEMPATH/CodeIgniter.php(925): App\Controllers\Admin->edit_product('FCPATH/assets', 'img', 'user', 'u2.jpg')
 3 SYSTEMPATH/CodeIgniter.php(480): CodeIgniter\CodeIgniter->runController(Object(App\Controllers\Admin))
 4 SYSTEMPATH/CodeIgniter.php(349): CodeIgniter\CodeIgniter->handleRequest(null, Object(Config\Cache), false)
 5 FCPATH/index.php(67): CodeIgniter\CodeIgniter->run()
CRITICAL - 2025-10-14 02:36:39 --> Attempt to read property "product_id" on null
in APPPATH/Controllers/Admin.php on line 3388.
 1 APPPATH/Controllers/Admin.php(3388): CodeIgniter\Debug\Exceptions->errorHandler(2, 'Attempt to read property "product_id" on null', 'APPPATH/Controllers/Admin.php', 3388)
 2 SYSTEMPATH/CodeIgniter.php(925): App\Controllers\Admin->edit_product('FCPATH/assets', 'img', 'user', 'u5.jpg')
 3 SYSTEMPATH/CodeIgniter.php(480): CodeIgniter\CodeIgniter->runController(Object(App\Controllers\Admin))
 4 SYSTEMPATH/CodeIgniter.php(349): CodeIgniter\CodeIgniter->handleRequest(null, Object(Config\Cache), false)
 5 FCPATH/index.php(67): CodeIgniter\CodeIgniter->run()
CRITICAL - 2025-10-14 02:36:39 --> Attempt to read property "product_id" on null
in APPPATH/Controllers/Admin.php on line 3388.
 1 APPPATH/Controllers/Admin.php(3388): CodeIgniter\Debug\Exceptions->errorHandler(2, 'Attempt to read property "product_id" on null', 'APPPATH/Controllers/Admin.php', 3388)
 2 SYSTEMPATH/CodeIgniter.php(925): App\Controllers\Admin->edit_product('FCPATH/assets', 'img', 'user', 'u4.jpg')
 3 SYSTEMPATH/CodeIgniter.php(480): CodeIgniter\CodeIgniter->runController(Object(App\Controllers\Admin))
 4 SYSTEMPATH/CodeIgniter.php(349): CodeIgniter\CodeIgniter->handleRequest(null, Object(Config\Cache), false)
 5 FCPATH/index.php(67): CodeIgniter\CodeIgniter->run()
CRITICAL - 2025-10-14 03:11:43 --> Attempt to read property "product_id" on null
in APPPATH/Controllers/Admin.php on line 3388.
 1 APPPATH/Controllers/Admin.php(3388): CodeIgniter\Debug\Exceptions->errorHandler(2, 'Attempt to read property "product_id" on null', 'APPPATH/Controllers/Admin.php', 3388)
 2 SYSTEMPATH/CodeIgniter.php(925): App\Controllers\Admin->edit_product('FCPATH/assets', 'img', 'user', 'u1.jpg')
 3 SYSTEMPATH/CodeIgniter.php(480): CodeIgniter\CodeIgniter->runController(Object(App\Controllers\Admin))
 4 SYSTEMPATH/CodeIgniter.php(349): CodeIgniter\CodeIgniter->handleRequest(null, Object(Config\Cache), false)
 5 FCPATH/index.php(67): CodeIgniter\CodeIgniter->run()
CRITICAL - 2025-10-14 03:11:43 --> Attempt to read property "product_id" on null
in APPPATH/Controllers/Admin.php on line 3388.
 1 APPPATH/Controllers/Admin.php(3388): CodeIgniter\Debug\Exceptions->errorHandler(2, 'Attempt to read property "product_id" on null', 'APPPATH/Controllers/Admin.php', 3388)
 2 SYSTEMPATH/CodeIgniter.php(925): App\Controllers\Admin->edit_product('FCPATH/assets', 'img', 'user', 'u2.jpg')
 3 SYSTEMPATH/CodeIgniter.php(480): CodeIgniter\CodeIgniter->runController(Object(App\Controllers\Admin))
 4 SYSTEMPATH/CodeIgniter.php(349): CodeIgniter\CodeIgniter->handleRequest(null, Object(Config\Cache), false)
 5 FCPATH/index.php(67): CodeIgniter\CodeIgniter->run()
CRITICAL - 2025-10-14 03:11:43 --> Attempt to read property "product_id" on null
in APPPATH/Controllers/Admin.php on line 3388.
 1 APPPATH/Controllers/Admin.php(3388): CodeIgniter\Debug\Exceptions->errorHandler(2, 'Attempt to read property "product_id" on null', 'APPPATH/Controllers/Admin.php', 3388)
 2 SYSTEMPATH/CodeIgniter.php(925): App\Controllers\Admin->edit_product('FCPATH/assets', 'img', 'user', 'u5.jpg')
 3 SYSTEMPATH/CodeIgniter.php(480): CodeIgniter\CodeIgniter->runController(Object(App\Controllers\Admin))
 4 SYSTEMPATH/CodeIgniter.php(349): CodeIgniter\CodeIgniter->handleRequest(null, Object(Config\Cache), false)
 5 FCPATH/index.php(67): CodeIgniter\CodeIgniter->run()
CRITICAL - 2025-10-14 03:11:43 --> Attempt to read property "product_id" on null
in APPPATH/Controllers/Admin.php on line 3388.
 1 APPPATH/Controllers/Admin.php(3388): CodeIgniter\Debug\Exceptions->errorHandler(2, 'Attempt to read property "product_id" on null', 'APPPATH/Controllers/Admin.php', 3388)
 2 SYSTEMPATH/CodeIgniter.php(925): App\Controllers\Admin->edit_product('FCPATH/assets', 'img', 'user', 'u4.jpg')
 3 SYSTEMPATH/CodeIgniter.php(480): CodeIgniter\CodeIgniter->runController(Object(App\Controllers\Admin))
 4 SYSTEMPATH/CodeIgniter.php(349): CodeIgniter\CodeIgniter->handleRequest(null, Object(Config\Cache), false)
 5 FCPATH/index.php(67): CodeIgniter\CodeIgniter->run()
CRITICAL - 2025-10-14 03:49:26 --> Attempt to read property "product_id" on null
in APPPATH/Controllers/Admin.php on line 3388.
 1 APPPATH/Controllers/Admin.php(3388): CodeIgniter\Debug\Exceptions->errorHandler(2, 'Attempt to read property "product_id" on null', 'APPPATH/Controllers/Admin.php', 3388)
 2 SYSTEMPATH/CodeIgniter.php(925): App\Controllers\Admin->edit_product('FCPATH/assets', 'img', 'user', 'u2.jpg')
 3 SYSTEMPATH/CodeIgniter.php(480): CodeIgniter\CodeIgniter->runController(Object(App\Controllers\Admin))
 4 SYSTEMPATH/CodeIgniter.php(349): CodeIgniter\CodeIgniter->handleRequest(null, Object(Config\Cache), false)
 5 FCPATH/index.php(67): CodeIgniter\CodeIgniter->run()
CRITICAL - 2025-10-14 03:49:26 --> Attempt to read property "product_id" on null
in APPPATH/Controllers/Admin.php on line 3388.
 1 APPPATH/Controllers/Admin.php(3388): CodeIgniter\Debug\Exceptions->errorHandler(2, 'Attempt to read property "product_id" on null', 'APPPATH/Controllers/Admin.php', 3388)
 2 SYSTEMPATH/CodeIgniter.php(925): App\Controllers\Admin->edit_product('FCPATH/assets', 'img', 'user', 'u1.jpg')
 3 SYSTEMPATH/CodeIgniter.php(480): CodeIgniter\CodeIgniter->runController(Object(App\Controllers\Admin))
 4 SYSTEMPATH/CodeIgniter.php(349): CodeIgniter\CodeIgniter->handleRequest(null, Object(Config\Cache), false)
 5 FCPATH/index.php(67): CodeIgniter\CodeIgniter->run()
CRITICAL - 2025-10-14 03:49:26 --> Attempt to read property "product_id" on null
in APPPATH/Controllers/Admin.php on line 3388.
 1 APPPATH/Controllers/Admin.php(3388): CodeIgniter\Debug\Exceptions->errorHandler(2, 'Attempt to read property "product_id" on null', 'APPPATH/Controllers/Admin.php', 3388)
 2 SYSTEMPATH/CodeIgniter.php(925): App\Controllers\Admin->edit_product('FCPATH/assets', 'img', 'user', 'u5.jpg')
 3 SYSTEMPATH/CodeIgniter.php(480): CodeIgniter\CodeIgniter->runController(Object(App\Controllers\Admin))
 4 SYSTEMPATH/CodeIgniter.php(349): CodeIgniter\CodeIgniter->handleRequest(null, Object(Config\Cache), false)
 5 FCPATH/index.php(67): CodeIgniter\CodeIgniter->run()
CRITICAL - 2025-10-14 03:49:27 --> Attempt to read property "product_id" on null
in APPPATH/Controllers/Admin.php on line 3388.
 1 APPPATH/Controllers/Admin.php(3388): CodeIgniter\Debug\Exceptions->errorHandler(2, 'Attempt to read property "product_id" on null', 'APPPATH/Controllers/Admin.php', 3388)
 2 SYSTEMPATH/CodeIgniter.php(925): App\Controllers\Admin->edit_product('FCPATH/assets', 'img', 'user', 'u4.jpg')
 3 SYSTEMPATH/CodeIgniter.php(480): CodeIgniter\CodeIgniter->runController(Object(App\Controllers\Admin))
 4 SYSTEMPATH/CodeIgniter.php(349): CodeIgniter\CodeIgniter->handleRequest(null, Object(Config\Cache), false)
 5 FCPATH/index.php(67): CodeIgniter\CodeIgniter->run()
CRITICAL - 2025-10-14 03:49:29 --> Attempt to read property "product_id" on null
in APPPATH/Controllers/Admin.php on line 3388.
 1 APPPATH/Controllers/Admin.php(3388): CodeIgniter\Debug\Exceptions->errorHandler(2, 'Attempt to read property "product_id" on null', 'APPPATH/Controllers/Admin.php', 3388)
 2 SYSTEMPATH/CodeIgniter.php(925): App\Controllers\Admin->edit_product('category-create')
 3 SYSTEMPATH/CodeIgniter.php(480): CodeIgniter\CodeIgniter->runController(Object(App\Controllers\Admin))
 4 SYSTEMPATH/CodeIgniter.php(349): CodeIgniter\CodeIgniter->handleRequest(null, Object(Config\Cache), false)
 5 FCPATH/index.php(67): CodeIgniter\CodeIgniter->run()
CRITICAL - 2025-10-14 03:52:04 --> Attempt to read property "product_id" on null
in APPPATH/Controllers/Admin.php on line 3388.
 1 APPPATH/Controllers/Admin.php(3388): CodeIgniter\Debug\Exceptions->errorHandler(2, 'Attempt to read property "product_id" on null', 'APPPATH/Controllers/Admin.php', 3388)
 2 SYSTEMPATH/CodeIgniter.php(925): App\Controllers\Admin->edit_product('FCPATH/assets', 'img', 'user', 'u4.jpg')
 3 SYSTEMPATH/CodeIgniter.php(480): CodeIgniter\CodeIgniter->runController(Object(App\Controllers\Admin))
 4 SYSTEMPATH/CodeIgniter.php(349): CodeIgniter\CodeIgniter->handleRequest(null, Object(Config\Cache), false)
 5 FCPATH/index.php(67): CodeIgniter\CodeIgniter->run()
CRITICAL - 2025-10-14 03:52:04 --> Attempt to read property "product_id" on null
in APPPATH/Controllers/Admin.php on line 3388.
 1 APPPATH/Controllers/Admin.php(3388): CodeIgniter\Debug\Exceptions->errorHandler(2, 'Attempt to read property "product_id" on null', 'APPPATH/Controllers/Admin.php', 3388)
 2 SYSTEMPATH/CodeIgniter.php(925): App\Controllers\Admin->edit_product('FCPATH/assets', 'img', 'user', 'u2.jpg')
 3 SYSTEMPATH/CodeIgniter.php(480): CodeIgniter\CodeIgniter->runController(Object(App\Controllers\Admin))
 4 SYSTEMPATH/CodeIgniter.php(349): CodeIgniter\CodeIgniter->handleRequest(null, Object(Config\Cache), false)
 5 FCPATH/index.php(67): CodeIgniter\CodeIgniter->run()
CRITICAL - 2025-10-14 03:52:04 --> Attempt to read property "product_id" on null
in APPPATH/Controllers/Admin.php on line 3388.
 1 APPPATH/Controllers/Admin.php(3388): CodeIgniter\Debug\Exceptions->errorHandler(2, 'Attempt to read property "product_id" on null', 'APPPATH/Controllers/Admin.php', 3388)
 2 SYSTEMPATH/CodeIgniter.php(925): App\Controllers\Admin->edit_product('FCPATH/assets', 'img', 'user', 'u1.jpg')
 3 SYSTEMPATH/CodeIgniter.php(480): CodeIgniter\CodeIgniter->runController(Object(App\Controllers\Admin))
 4 SYSTEMPATH/CodeIgniter.php(349): CodeIgniter\CodeIgniter->handleRequest(null, Object(Config\Cache), false)
 5 FCPATH/index.php(67): CodeIgniter\CodeIgniter->run()
CRITICAL - 2025-10-14 03:52:04 --> Attempt to read property "product_id" on null
in APPPATH/Controllers/Admin.php on line 3388.
 1 APPPATH/Controllers/Admin.php(3388): CodeIgniter\Debug\Exceptions->errorHandler(2, 'Attempt to read property "product_id" on null', 'APPPATH/Controllers/Admin.php', 3388)
 2 SYSTEMPATH/CodeIgniter.php(925): App\Controllers\Admin->edit_product('FCPATH/assets', 'img', 'user', 'u5.jpg')
 3 SYSTEMPATH/CodeIgniter.php(480): CodeIgniter\CodeIgniter->runController(Object(App\Controllers\Admin))
 4 SYSTEMPATH/CodeIgniter.php(349): CodeIgniter\CodeIgniter->handleRequest(null, Object(Config\Cache), false)
 5 FCPATH/index.php(67): CodeIgniter\CodeIgniter->run()
