ERROR - 2026-05-14 01:28:48 --> mysqli_sql_exception: Table 'data.user_account' doesn't exist in /home/glezbsuv7iuc/public_html/system/Database/MySQLi/Connection.php:292
Stack trace:
#0 /home/glezbsuv7iuc/public_html/system/Database/MySQLi/Connection.php(292): mysqli->query()
#1 /home/glezbsuv7iuc/public_html/system/Database/BaseConnection.php(666): CodeIgniter\Database\MySQLi\Connection->execute()
#2 /home/glezbsuv7iuc/public_html/system/Database/BaseConnection.php(593): CodeIgniter\Database\BaseConnection->simpleQuery()
#3 /home/glezbsuv7iuc/public_html/system/Database/BaseBuilder.php(1585): CodeIgniter\Database\BaseConnection->query()
#4 /home/glezbsuv7iuc/public_html/app/Models/Commanmodel.php(685): CodeIgniter\Database\BaseBuilder->get()
#5 /home/glezbsuv7iuc/public_html/app/Views/frontend/index.php(14): App\Models\Commanmodel->all_multiple_query_order_by_limit()
#6 /home/glezbsuv7iuc/public_html/system/View/View.php(213): include('/home/glezbsuv7...')
#7 /home/glezbsuv7iuc/public_html/system/View/View.php(216): CodeIgniter\View\View->CodeIgniter\View\{closure}()
#8 /home/glezbsuv7iuc/public_html/system/Common.php(1135): CodeIgniter\View\View->render()
#9 /home/glezbsuv7iuc/public_html/app/Controllers/Home.php(56): view()
#10 /home/glezbsuv7iuc/public_html/system/CodeIgniter.php(925): App\Controllers\Home->index()
#11 /home/glezbsuv7iuc/public_html/system/CodeIgniter.php(480): CodeIgniter\CodeIgniter->runController()
#12 /home/glezbsuv7iuc/public_html/system/CodeIgniter.php(349): CodeIgniter\CodeIgniter->handleRequest()
#13 /home/glezbsuv7iuc/public_html/index.php(67): CodeIgniter\CodeIgniter->run()
#14 {main}
CRITICAL - 2026-05-14 01:28:48 --> Call to a member function getResult() on false
in APPPATH/Models/Commanmodel.php on line 686.
 1 APPPATH/Views/frontend/index.php(14): App\Models\Commanmodel->all_multiple_query_order_by_limit()
 2 SYSTEMPATH/View/View.php(213): include('APPPATH/Views/frontend/index.php')
 3 SYSTEMPATH/View/View.php(216): CodeIgniter\View\View->CodeIgniter\View\{closure}()
 4 SYSTEMPATH/Common.php(1135): CodeIgniter\View\View->render()
 5 APPPATH/Controllers/Home.php(56): view()
 6 SYSTEMPATH/CodeIgniter.php(925): App\Controllers\Home->index()
 7 SYSTEMPATH/CodeIgniter.php(480): CodeIgniter\CodeIgniter->runController()
 8 SYSTEMPATH/CodeIgniter.php(349): CodeIgniter\CodeIgniter->handleRequest()
 9 FCPATH/index.php(67): CodeIgniter\CodeIgniter->run()
ERROR - 2026-05-14 01:29:07 --> mysqli_sql_exception: Table 'data.user_account' doesn't exist in /home/glezbsuv7iuc/public_html/system/Database/MySQLi/Connection.php:292
Stack trace:
#0 /home/glezbsuv7iuc/public_html/system/Database/MySQLi/Connection.php(292): mysqli->query()
#1 /home/glezbsuv7iuc/public_html/system/Database/BaseConnection.php(666): CodeIgniter\Database\MySQLi\Connection->execute()
#2 /home/glezbsuv7iuc/public_html/system/Database/BaseConnection.php(593): CodeIgniter\Database\BaseConnection->simpleQuery()
#3 /home/glezbsuv7iuc/public_html/system/Database/BaseBuilder.php(1585): CodeIgniter\Database\BaseConnection->query()
#4 /home/glezbsuv7iuc/public_html/app/Models/Commanmodel.php(685): CodeIgniter\Database\BaseBuilder->get()
#5 /home/glezbsuv7iuc/public_html/app/Views/frontend/index.php(14): App\Models\Commanmodel->all_multiple_query_order_by_limit()
#6 /home/glezbsuv7iuc/public_html/system/View/View.php(213): include('/home/glezbsuv7...')
#7 /home/glezbsuv7iuc/public_html/system/View/View.php(216): CodeIgniter\View\View->CodeIgniter\View\{closure}()
#8 /home/glezbsuv7iuc/public_html/system/Common.php(1135): CodeIgniter\View\View->render()
#9 /home/glezbsuv7iuc/public_html/app/Controllers/Home.php(56): view()
#10 /home/glezbsuv7iuc/public_html/system/CodeIgniter.php(925): App\Controllers\Home->index()
#11 /home/glezbsuv7iuc/public_html/system/CodeIgniter.php(480): CodeIgniter\CodeIgniter->runController()
#12 /home/glezbsuv7iuc/public_html/system/CodeIgniter.php(349): CodeIgniter\CodeIgniter->handleRequest()
#13 /home/glezbsuv7iuc/public_html/index.php(67): CodeIgniter\CodeIgniter->run()
#14 {main}
CRITICAL - 2026-05-14 01:29:07 --> Call to a member function getResult() on false
in APPPATH/Models/Commanmodel.php on line 686.
 1 APPPATH/Views/frontend/index.php(14): App\Models\Commanmodel->all_multiple_query_order_by_limit()
 2 SYSTEMPATH/View/View.php(213): include('APPPATH/Views/frontend/index.php')
 3 SYSTEMPATH/View/View.php(216): CodeIgniter\View\View->CodeIgniter\View\{closure}()
 4 SYSTEMPATH/Common.php(1135): CodeIgniter\View\View->render()
 5 APPPATH/Controllers/Home.php(56): view()
 6 SYSTEMPATH/CodeIgniter.php(925): App\Controllers\Home->index()
 7 SYSTEMPATH/CodeIgniter.php(480): CodeIgniter\CodeIgniter->runController()
 8 SYSTEMPATH/CodeIgniter.php(349): CodeIgniter\CodeIgniter->handleRequest()
 9 FCPATH/index.php(67): CodeIgniter\CodeIgniter->run()
ERROR - 2026-05-14 01:36:59 --> mysqli_sql_exception: Table 'data.user_account' doesn't exist in /home/glezbsuv7iuc/public_html/system/Database/MySQLi/Connection.php:292
Stack trace:
#0 /home/glezbsuv7iuc/public_html/system/Database/MySQLi/Connection.php(292): mysqli->query()
#1 /home/glezbsuv7iuc/public_html/system/Database/BaseConnection.php(666): CodeIgniter\Database\MySQLi\Connection->execute()
#2 /home/glezbsuv7iuc/public_html/system/Database/BaseConnection.php(593): CodeIgniter\Database\BaseConnection->simpleQuery()
#3 /home/glezbsuv7iuc/public_html/system/Database/BaseBuilder.php(1585): CodeIgniter\Database\BaseConnection->query()
#4 /home/glezbsuv7iuc/public_html/app/Models/Commanmodel.php(685): CodeIgniter\Database\BaseBuilder->get()
#5 /home/glezbsuv7iuc/public_html/app/Views/frontend/index.php(14): App\Models\Commanmodel->all_multiple_query_order_by_limit()
#6 /home/glezbsuv7iuc/public_html/system/View/View.php(213): include('/home/glezbsuv7...')
#7 /home/glezbsuv7iuc/public_html/system/View/View.php(216): CodeIgniter\View\View->CodeIgniter\View\{closure}()
#8 /home/glezbsuv7iuc/public_html/system/Common.php(1135): CodeIgniter\View\View->render()
#9 /home/glezbsuv7iuc/public_html/app/Controllers/Home.php(56): view()
#10 /home/glezbsuv7iuc/public_html/system/CodeIgniter.php(925): App\Controllers\Home->index()
#11 /home/glezbsuv7iuc/public_html/system/CodeIgniter.php(480): CodeIgniter\CodeIgniter->runController()
#12 /home/glezbsuv7iuc/public_html/system/CodeIgniter.php(349): CodeIgniter\CodeIgniter->handleRequest()
#13 /home/glezbsuv7iuc/public_html/index.php(67): CodeIgniter\CodeIgniter->run()
#14 {main}
CRITICAL - 2026-05-14 01:36:59 --> Call to a member function getResult() on false
in APPPATH/Models/Commanmodel.php on line 686.
 1 APPPATH/Views/frontend/index.php(14): App\Models\Commanmodel->all_multiple_query_order_by_limit()
 2 SYSTEMPATH/View/View.php(213): include('APPPATH/Views/frontend/index.php')
 3 SYSTEMPATH/View/View.php(216): CodeIgniter\View\View->CodeIgniter\View\{closure}()
 4 SYSTEMPATH/Common.php(1135): CodeIgniter\View\View->render()
 5 APPPATH/Controllers/Home.php(56): view()
 6 SYSTEMPATH/CodeIgniter.php(925): App\Controllers\Home->index()
 7 SYSTEMPATH/CodeIgniter.php(480): CodeIgniter\CodeIgniter->runController()
 8 SYSTEMPATH/CodeIgniter.php(349): CodeIgniter\CodeIgniter->handleRequest()
 9 FCPATH/index.php(67): CodeIgniter\CodeIgniter->run()
ERROR - 2026-05-14 01:37:03 --> mysqli_sql_exception: Table 'data.user_account' doesn't exist in /home/glezbsuv7iuc/public_html/system/Database/MySQLi/Connection.php:292
Stack trace:
#0 /home/glezbsuv7iuc/public_html/system/Database/MySQLi/Connection.php(292): mysqli->query()
#1 /home/glezbsuv7iuc/public_html/system/Database/BaseConnection.php(666): CodeIgniter\Database\MySQLi\Connection->execute()
#2 /home/glezbsuv7iuc/public_html/system/Database/BaseConnection.php(593): CodeIgniter\Database\BaseConnection->simpleQuery()
#3 /home/glezbsuv7iuc/public_html/system/Database/BaseBuilder.php(1585): CodeIgniter\Database\BaseConnection->query()
#4 /home/glezbsuv7iuc/public_html/app/Models/Commanmodel.php(685): CodeIgniter\Database\BaseBuilder->get()
#5 /home/glezbsuv7iuc/public_html/app/Views/frontend/index.php(14): App\Models\Commanmodel->all_multiple_query_order_by_limit()
#6 /home/glezbsuv7iuc/public_html/system/View/View.php(213): include('/home/glezbsuv7...')
#7 /home/glezbsuv7iuc/public_html/system/View/View.php(216): CodeIgniter\View\View->CodeIgniter\View\{closure}()
#8 /home/glezbsuv7iuc/public_html/system/Common.php(1135): CodeIgniter\View\View->render()
#9 /home/glezbsuv7iuc/public_html/app/Controllers/Home.php(56): view()
#10 /home/glezbsuv7iuc/public_html/system/CodeIgniter.php(925): App\Controllers\Home->index()
#11 /home/glezbsuv7iuc/public_html/system/CodeIgniter.php(480): CodeIgniter\CodeIgniter->runController()
#12 /home/glezbsuv7iuc/public_html/system/CodeIgniter.php(349): CodeIgniter\CodeIgniter->handleRequest()
#13 /home/glezbsuv7iuc/public_html/index.php(67): CodeIgniter\CodeIgniter->run()
#14 {main}
CRITICAL - 2026-05-14 01:37:03 --> Call to a member function getResult() on false
in APPPATH/Models/Commanmodel.php on line 686.
 1 APPPATH/Views/frontend/index.php(14): App\Models\Commanmodel->all_multiple_query_order_by_limit()
 2 SYSTEMPATH/View/View.php(213): include('APPPATH/Views/frontend/index.php')
 3 SYSTEMPATH/View/View.php(216): CodeIgniter\View\View->CodeIgniter\View\{closure}()
 4 SYSTEMPATH/Common.php(1135): CodeIgniter\View\View->render()
 5 APPPATH/Controllers/Home.php(56): view()
 6 SYSTEMPATH/CodeIgniter.php(925): App\Controllers\Home->index()
 7 SYSTEMPATH/CodeIgniter.php(480): CodeIgniter\CodeIgniter->runController()
 8 SYSTEMPATH/CodeIgniter.php(349): CodeIgniter\CodeIgniter->handleRequest()
 9 FCPATH/index.php(67): CodeIgniter\CodeIgniter->run()
ERROR - 2026-05-14 01:37:04 --> mysqli_sql_exception: Table 'data.user_account' doesn't exist in /home/glezbsuv7iuc/public_html/system/Database/MySQLi/Connection.php:292
Stack trace:
#0 /home/glezbsuv7iuc/public_html/system/Database/MySQLi/Connection.php(292): mysqli->query()
#1 /home/glezbsuv7iuc/public_html/system/Database/BaseConnection.php(666): CodeIgniter\Database\MySQLi\Connection->execute()
#2 /home/glezbsuv7iuc/public_html/system/Database/BaseConnection.php(593): CodeIgniter\Database\BaseConnection->simpleQuery()
#3 /home/glezbsuv7iuc/public_html/system/Database/BaseBuilder.php(1585): CodeIgniter\Database\BaseConnection->query()
#4 /home/glezbsuv7iuc/public_html/app/Models/Commanmodel.php(685): CodeIgniter\Database\BaseBuilder->get()
#5 /home/glezbsuv7iuc/public_html/app/Views/frontend/index.php(14): App\Models\Commanmodel->all_multiple_query_order_by_limit()
#6 /home/glezbsuv7iuc/public_html/system/View/View.php(213): include('/home/glezbsuv7...')
#7 /home/glezbsuv7iuc/public_html/system/View/View.php(216): CodeIgniter\View\View->CodeIgniter\View\{closure}()
#8 /home/glezbsuv7iuc/public_html/system/Common.php(1135): CodeIgniter\View\View->render()
#9 /home/glezbsuv7iuc/public_html/app/Controllers/Home.php(56): view()
#10 /home/glezbsuv7iuc/public_html/system/CodeIgniter.php(925): App\Controllers\Home->index()
#11 /home/glezbsuv7iuc/public_html/system/CodeIgniter.php(480): CodeIgniter\CodeIgniter->runController()
#12 /home/glezbsuv7iuc/public_html/system/CodeIgniter.php(349): CodeIgniter\CodeIgniter->handleRequest()
#13 /home/glezbsuv7iuc/public_html/index.php(67): CodeIgniter\CodeIgniter->run()
#14 {main}
CRITICAL - 2026-05-14 01:37:04 --> Call to a member function getResult() on false
in APPPATH/Models/Commanmodel.php on line 686.
 1 APPPATH/Views/frontend/index.php(14): App\Models\Commanmodel->all_multiple_query_order_by_limit()
 2 SYSTEMPATH/View/View.php(213): include('APPPATH/Views/frontend/index.php')
 3 SYSTEMPATH/View/View.php(216): CodeIgniter\View\View->CodeIgniter\View\{closure}()
 4 SYSTEMPATH/Common.php(1135): CodeIgniter\View\View->render()
 5 APPPATH/Controllers/Home.php(56): view()
 6 SYSTEMPATH/CodeIgniter.php(925): App\Controllers\Home->index()
 7 SYSTEMPATH/CodeIgniter.php(480): CodeIgniter\CodeIgniter->runController()
 8 SYSTEMPATH/CodeIgniter.php(349): CodeIgniter\CodeIgniter->handleRequest()
 9 FCPATH/index.php(67): CodeIgniter\CodeIgniter->run()
ERROR - 2026-05-14 01:37:05 --> mysqli_sql_exception: Table 'data.user_account' doesn't exist in /home/glezbsuv7iuc/public_html/system/Database/MySQLi/Connection.php:292
Stack trace:
#0 /home/glezbsuv7iuc/public_html/system/Database/MySQLi/Connection.php(292): mysqli->query()
#1 /home/glezbsuv7iuc/public_html/system/Database/BaseConnection.php(666): CodeIgniter\Database\MySQLi\Connection->execute()
#2 /home/glezbsuv7iuc/public_html/system/Database/BaseConnection.php(593): CodeIgniter\Database\BaseConnection->simpleQuery()
#3 /home/glezbsuv7iuc/public_html/system/Database/BaseBuilder.php(1585): CodeIgniter\Database\BaseConnection->query()
#4 /home/glezbsuv7iuc/public_html/app/Models/Commanmodel.php(685): CodeIgniter\Database\BaseBuilder->get()
#5 /home/glezbsuv7iuc/public_html/app/Views/frontend/index.php(14): App\Models\Commanmodel->all_multiple_query_order_by_limit()
#6 /home/glezbsuv7iuc/public_html/system/View/View.php(213): include('/home/glezbsuv7...')
#7 /home/glezbsuv7iuc/public_html/system/View/View.php(216): CodeIgniter\View\View->CodeIgniter\View\{closure}()
#8 /home/glezbsuv7iuc/public_html/system/Common.php(1135): CodeIgniter\View\View->render()
#9 /home/glezbsuv7iuc/public_html/app/Controllers/Home.php(56): view()
#10 /home/glezbsuv7iuc/public_html/system/CodeIgniter.php(925): App\Controllers\Home->index()
#11 /home/glezbsuv7iuc/public_html/system/CodeIgniter.php(480): CodeIgniter\CodeIgniter->runController()
#12 /home/glezbsuv7iuc/public_html/system/CodeIgniter.php(349): CodeIgniter\CodeIgniter->handleRequest()
#13 /home/glezbsuv7iuc/public_html/index.php(67): CodeIgniter\CodeIgniter->run()
#14 {main}
CRITICAL - 2026-05-14 01:37:05 --> Call to a member function getResult() on false
in APPPATH/Models/Commanmodel.php on line 686.
 1 APPPATH/Views/frontend/index.php(14): App\Models\Commanmodel->all_multiple_query_order_by_limit()
 2 SYSTEMPATH/View/View.php(213): include('APPPATH/Views/frontend/index.php')
 3 SYSTEMPATH/View/View.php(216): CodeIgniter\View\View->CodeIgniter\View\{closure}()
 4 SYSTEMPATH/Common.php(1135): CodeIgniter\View\View->render()
 5 APPPATH/Controllers/Home.php(56): view()
 6 SYSTEMPATH/CodeIgniter.php(925): App\Controllers\Home->index()
 7 SYSTEMPATH/CodeIgniter.php(480): CodeIgniter\CodeIgniter->runController()
 8 SYSTEMPATH/CodeIgniter.php(349): CodeIgniter\CodeIgniter->handleRequest()
 9 FCPATH/index.php(67): CodeIgniter\CodeIgniter->run()
ERROR - 2026-05-14 01:37:06 --> mysqli_sql_exception: Table 'data.user_account' doesn't exist in /home/glezbsuv7iuc/public_html/system/Database/MySQLi/Connection.php:292
Stack trace:
#0 /home/glezbsuv7iuc/public_html/system/Database/MySQLi/Connection.php(292): mysqli->query()
#1 /home/glezbsuv7iuc/public_html/system/Database/BaseConnection.php(666): CodeIgniter\Database\MySQLi\Connection->execute()
#2 /home/glezbsuv7iuc/public_html/system/Database/BaseConnection.php(593): CodeIgniter\Database\BaseConnection->simpleQuery()
#3 /home/glezbsuv7iuc/public_html/system/Database/BaseBuilder.php(1585): CodeIgniter\Database\BaseConnection->query()
#4 /home/glezbsuv7iuc/public_html/app/Models/Commanmodel.php(685): CodeIgniter\Database\BaseBuilder->get()
#5 /home/glezbsuv7iuc/public_html/app/Views/frontend/index.php(14): App\Models\Commanmodel->all_multiple_query_order_by_limit()
#6 /home/glezbsuv7iuc/public_html/system/View/View.php(213): include('/home/glezbsuv7...')
#7 /home/glezbsuv7iuc/public_html/system/View/View.php(216): CodeIgniter\View\View->CodeIgniter\View\{closure}()
#8 /home/glezbsuv7iuc/public_html/system/Common.php(1135): CodeIgniter\View\View->render()
#9 /home/glezbsuv7iuc/public_html/app/Controllers/Home.php(56): view()
#10 /home/glezbsuv7iuc/public_html/system/CodeIgniter.php(925): App\Controllers\Home->index()
#11 /home/glezbsuv7iuc/public_html/system/CodeIgniter.php(480): CodeIgniter\CodeIgniter->runController()
#12 /home/glezbsuv7iuc/public_html/system/CodeIgniter.php(349): CodeIgniter\CodeIgniter->handleRequest()
#13 /home/glezbsuv7iuc/public_html/index.php(67): CodeIgniter\CodeIgniter->run()
#14 {main}
CRITICAL - 2026-05-14 01:37:06 --> Call to a member function getResult() on false
in APPPATH/Models/Commanmodel.php on line 686.
 1 APPPATH/Views/frontend/index.php(14): App\Models\Commanmodel->all_multiple_query_order_by_limit()
 2 SYSTEMPATH/View/View.php(213): include('APPPATH/Views/frontend/index.php')
 3 SYSTEMPATH/View/View.php(216): CodeIgniter\View\View->CodeIgniter\View\{closure}()
 4 SYSTEMPATH/Common.php(1135): CodeIgniter\View\View->render()
 5 APPPATH/Controllers/Home.php(56): view()
 6 SYSTEMPATH/CodeIgniter.php(925): App\Controllers\Home->index()
 7 SYSTEMPATH/CodeIgniter.php(480): CodeIgniter\CodeIgniter->runController()
 8 SYSTEMPATH/CodeIgniter.php(349): CodeIgniter\CodeIgniter->handleRequest()
 9 FCPATH/index.php(67): CodeIgniter\CodeIgniter->run()
ERROR - 2026-05-14 01:37:06 --> mysqli_sql_exception: Table 'data.user_account' doesn't exist in /home/glezbsuv7iuc/public_html/system/Database/MySQLi/Connection.php:292
Stack trace:
#0 /home/glezbsuv7iuc/public_html/system/Database/MySQLi/Connection.php(292): mysqli->query()
#1 /home/glezbsuv7iuc/public_html/system/Database/BaseConnection.php(666): CodeIgniter\Database\MySQLi\Connection->execute()
#2 /home/glezbsuv7iuc/public_html/system/Database/BaseConnection.php(593): CodeIgniter\Database\BaseConnection->simpleQuery()
#3 /home/glezbsuv7iuc/public_html/system/Database/BaseBuilder.php(1585): CodeIgniter\Database\BaseConnection->query()
#4 /home/glezbsuv7iuc/public_html/app/Models/Commanmodel.php(685): CodeIgniter\Database\BaseBuilder->get()
#5 /home/glezbsuv7iuc/public_html/app/Views/frontend/index.php(14): App\Models\Commanmodel->all_multiple_query_order_by_limit()
#6 /home/glezbsuv7iuc/public_html/system/View/View.php(213): include('/home/glezbsuv7...')
#7 /home/glezbsuv7iuc/public_html/system/View/View.php(216): CodeIgniter\View\View->CodeIgniter\View\{closure}()
#8 /home/glezbsuv7iuc/public_html/system/Common.php(1135): CodeIgniter\View\View->render()
#9 /home/glezbsuv7iuc/public_html/app/Controllers/Home.php(56): view()
#10 /home/glezbsuv7iuc/public_html/system/CodeIgniter.php(925): App\Controllers\Home->index()
#11 /home/glezbsuv7iuc/public_html/system/CodeIgniter.php(480): CodeIgniter\CodeIgniter->runController()
#12 /home/glezbsuv7iuc/public_html/system/CodeIgniter.php(349): CodeIgniter\CodeIgniter->handleRequest()
#13 /home/glezbsuv7iuc/public_html/index.php(67): CodeIgniter\CodeIgniter->run()
#14 {main}
CRITICAL - 2026-05-14 01:37:06 --> Call to a member function getResult() on false
in APPPATH/Models/Commanmodel.php on line 686.
 1 APPPATH/Views/frontend/index.php(14): App\Models\Commanmodel->all_multiple_query_order_by_limit()
 2 SYSTEMPATH/View/View.php(213): include('APPPATH/Views/frontend/index.php')
 3 SYSTEMPATH/View/View.php(216): CodeIgniter\View\View->CodeIgniter\View\{closure}()
 4 SYSTEMPATH/Common.php(1135): CodeIgniter\View\View->render()
 5 APPPATH/Controllers/Home.php(56): view()
 6 SYSTEMPATH/CodeIgniter.php(925): App\Controllers\Home->index()
 7 SYSTEMPATH/CodeIgniter.php(480): CodeIgniter\CodeIgniter->runController()
 8 SYSTEMPATH/CodeIgniter.php(349): CodeIgniter\CodeIgniter->handleRequest()
 9 FCPATH/index.php(67): CodeIgniter\CodeIgniter->run()
ERROR - 2026-05-14 01:37:14 --> mysqli_sql_exception: Table 'data.user_account' doesn't exist in /home/glezbsuv7iuc/public_html/system/Database/MySQLi/Connection.php:292
Stack trace:
#0 /home/glezbsuv7iuc/public_html/system/Database/MySQLi/Connection.php(292): mysqli->query()
#1 /home/glezbsuv7iuc/public_html/system/Database/BaseConnection.php(666): CodeIgniter\Database\MySQLi\Connection->execute()
#2 /home/glezbsuv7iuc/public_html/system/Database/BaseConnection.php(593): CodeIgniter\Database\BaseConnection->simpleQuery()
#3 /home/glezbsuv7iuc/public_html/system/Database/BaseBuilder.php(1585): CodeIgniter\Database\BaseConnection->query()
#4 /home/glezbsuv7iuc/public_html/app/Models/Commanmodel.php(685): CodeIgniter\Database\BaseBuilder->get()
#5 /home/glezbsuv7iuc/public_html/app/Views/frontend/index.php(14): App\Models\Commanmodel->all_multiple_query_order_by_limit()
#6 /home/glezbsuv7iuc/public_html/system/View/View.php(213): include('/home/glezbsuv7...')
#7 /home/glezbsuv7iuc/public_html/system/View/View.php(216): CodeIgniter\View\View->CodeIgniter\View\{closure}()
#8 /home/glezbsuv7iuc/public_html/system/Common.php(1135): CodeIgniter\View\View->render()
#9 /home/glezbsuv7iuc/public_html/app/Controllers/Home.php(56): view()
#10 /home/glezbsuv7iuc/public_html/system/CodeIgniter.php(925): App\Controllers\Home->index()
#11 /home/glezbsuv7iuc/public_html/system/CodeIgniter.php(480): CodeIgniter\CodeIgniter->runController()
#12 /home/glezbsuv7iuc/public_html/system/CodeIgniter.php(349): CodeIgniter\CodeIgniter->handleRequest()
#13 /home/glezbsuv7iuc/public_html/index.php(67): CodeIgniter\CodeIgniter->run()
#14 {main}
CRITICAL - 2026-05-14 01:37:14 --> Call to a member function getResult() on false
in APPPATH/Models/Commanmodel.php on line 686.
 1 APPPATH/Views/frontend/index.php(14): App\Models\Commanmodel->all_multiple_query_order_by_limit()
 2 SYSTEMPATH/View/View.php(213): include('APPPATH/Views/frontend/index.php')
 3 SYSTEMPATH/View/View.php(216): CodeIgniter\View\View->CodeIgniter\View\{closure}()
 4 SYSTEMPATH/Common.php(1135): CodeIgniter\View\View->render()
 5 APPPATH/Controllers/Home.php(56): view()
 6 SYSTEMPATH/CodeIgniter.php(925): App\Controllers\Home->index()
 7 SYSTEMPATH/CodeIgniter.php(480): CodeIgniter\CodeIgniter->runController()
 8 SYSTEMPATH/CodeIgniter.php(349): CodeIgniter\CodeIgniter->handleRequest()
 9 FCPATH/index.php(67): CodeIgniter\CodeIgniter->run()
CRITICAL - 2026-05-14 23:10:37 --> Attempt to read property "cms_page_name" on null
in APPPATH/Controllers/Home.php on line 1754.
 1 APPPATH/Controllers/Home.php(1754): CodeIgniter\Debug\Exceptions->errorHandler()
 2 SYSTEMPATH/CodeIgniter.php(925): App\Controllers\Home->pages()
 3 SYSTEMPATH/CodeIgniter.php(480): CodeIgniter\CodeIgniter->runController()
 4 SYSTEMPATH/CodeIgniter.php(349): CodeIgniter\CodeIgniter->handleRequest()
 5 FCPATH/index.php(67): CodeIgniter\CodeIgniter->run()
CRITICAL - 2026-05-14 23:29:51 --> Attempt to read property "cms_page_name" on null
in APPPATH/Controllers/Home.php on line 1754.
 1 APPPATH/Controllers/Home.php(1754): CodeIgniter\Debug\Exceptions->errorHandler()
 2 SYSTEMPATH/CodeIgniter.php(925): App\Controllers\Home->pages()
 3 SYSTEMPATH/CodeIgniter.php(480): CodeIgniter\CodeIgniter->runController()
 4 SYSTEMPATH/CodeIgniter.php(349): CodeIgniter\CodeIgniter->handleRequest()
 5 FCPATH/index.php(67): CodeIgniter\CodeIgniter->run()
CRITICAL - 2026-05-14 23:49:24 --> Invalid file: frontend/checkout.php
in SYSTEMPATH/Exceptions/FrameworkException.php on line 33.
 1 SYSTEMPATH/View/View.php(201): CodeIgniter\Exceptions\FrameworkException::forInvalidFile()
 2 SYSTEMPATH/Common.php(1135): CodeIgniter\View\View->render()
 3 APPPATH/Controllers/Home.php(1686): view()
 4 SYSTEMPATH/CodeIgniter.php(925): App\Controllers\Home->checkout()
 5 SYSTEMPATH/CodeIgniter.php(480): CodeIgniter\CodeIgniter->runController()
 6 SYSTEMPATH/CodeIgniter.php(349): CodeIgniter\CodeIgniter->handleRequest()
 7 FCPATH/index.php(67): CodeIgniter\CodeIgniter->run()
