CRITICAL - 2025-03-25 07:26:38 --> Undefined variable $total_cart_amount
in APPPATH/Controllers/Ajex.php on line 213.
 1 APPPATH/Controllers/Ajex.php(213): CodeIgniter\Debug\Exceptions->errorHandler(2, 'Undefined variable $total_cart_amount', 'APPPATH/Controllers/Ajex.php', 213)
 2 SYSTEMPATH/CodeIgniter.php(925): App\Controllers\Ajex->my_cart_list()
 3 SYSTEMPATH/CodeIgniter.php(480): CodeIgniter\CodeIgniter->runController(Object(App\Controllers\Ajex))
 4 SYSTEMPATH/CodeIgniter.php(349): CodeIgniter\CodeIgniter->handleRequest(null, Object(Config\Cache), false)
 5 FCPATH/index.php(67): CodeIgniter\CodeIgniter->run()
CRITICAL - 2025-03-25 07:28:11 --> Class "App\Controllers\IOFactory" not found
in APPPATH/Controllers/Test.php on line 71.
 1 APPPATH/Controllers/Test.php(58): App\Controllers\Test->convertWordToPdf('FCPATH/writable/uploads/1742905691_8cc16514a94de5567177.docx')
 2 SYSTEMPATH/CodeIgniter.php(925): App\Controllers\Test->submit()
 3 SYSTEMPATH/CodeIgniter.php(480): CodeIgniter\CodeIgniter->runController(Object(App\Controllers\Test))
 4 SYSTEMPATH/CodeIgniter.php(349): CodeIgniter\CodeIgniter->handleRequest(null, Object(Config\Cache), false)
 5 FCPATH/index.php(67): CodeIgniter\CodeIgniter->run()
CRITICAL - 2025-03-25 07:29:53 --> Class "App\Controllers\IOFactory" not found
in APPPATH/Controllers/Test.php on line 75.
 1 APPPATH/Controllers/Test.php(62): App\Controllers\Test->convertWordToPdf('FCPATH/writable/uploads/1742905793_b1aa8676a9bef25edf6c.docx')
 2 SYSTEMPATH/CodeIgniter.php(925): App\Controllers\Test->submit()
 3 SYSTEMPATH/CodeIgniter.php(480): CodeIgniter\CodeIgniter->runController(Object(App\Controllers\Test))
 4 SYSTEMPATH/CodeIgniter.php(349): CodeIgniter\CodeIgniter->handleRequest(null, Object(Config\Cache), false)
 5 FCPATH/index.php(67): CodeIgniter\CodeIgniter->run()
CRITICAL - 2025-03-25 07:34:01 --> Class "App\Controllers\IOFactory" not found
in APPPATH/Controllers/Test.php on line 78.
 1 APPPATH/Controllers/Test.php(65): App\Controllers\Test->convertWordToPdf('FCPATH/writable/uploads/1742906041_ec2dbb07817e7224e934.docx')
 2 SYSTEMPATH/CodeIgniter.php(925): App\Controllers\Test->submit()
 3 SYSTEMPATH/CodeIgniter.php(480): CodeIgniter\CodeIgniter->runController(Object(App\Controllers\Test))
 4 SYSTEMPATH/CodeIgniter.php(349): CodeIgniter\CodeIgniter->handleRequest(null, Object(Config\Cache), false)
 5 FCPATH/index.php(67): CodeIgniter\CodeIgniter->run()
CRITICAL - 2025-03-25 07:43:46 --> Invalid image: zip://assets/img/1742906626_3b3a2f95282b54b86116.docx#word/media/image1.emf
in APPPATH/Libraries/phpword/vendor/phpoffice/phpword/src/PhpWord/Element/Image.php on line 443.
 1 APPPATH/Libraries/phpword/vendor/phpoffice/phpword/src/PhpWord/Element/Image.php(156): PhpOffice\PhpWord\Element\Image->checkImage()
 2 [internal function]: PhpOffice\PhpWord\Element\Image->__construct('zip://assets/img/1742906626_3b3a2f95282b54b86116.docx#word/media/image1.emf')
 3 APPPATH/Libraries/phpword/vendor/phpoffice/phpword/src/PhpWord/Element/AbstractContainer.php(153): ReflectionClass->newInstanceArgs([...])
 4 [internal function]: PhpOffice\PhpWord\Element\AbstractContainer->addElement('Image', 'zip://assets/img/1742906626_3b3a2f95282b54b86116.docx#word/media/image1.emf')
 5 APPPATH/Libraries/phpword/vendor/phpoffice/phpword/src/PhpWord/Element/AbstractContainer.php(119): call_user_func_array([...], [...])
 6 APPPATH/Libraries/phpword/vendor/phpoffice/phpword/src/PhpWord/Reader/Word2007/AbstractPart.php(516): PhpOffice\PhpWord\Element\AbstractContainer->__call('addimage', [...])
 7 APPPATH/Libraries/phpword/vendor/phpoffice/phpword/src/PhpWord/Reader/Word2007/AbstractPart.php(470): PhpOffice\PhpWord\Reader\Word2007\AbstractPart->readRunChild(Object(PhpOffice\PhpWord\Shared\XMLReader), Object(DOMElement), Object(PhpOffice\PhpWord\Element\TextRun), 'document', [...], [...])
 8 APPPATH/Libraries/phpword/vendor/phpoffice/phpword/src/PhpWord/Reader/Word2007/AbstractPart.php(304): PhpOffice\PhpWord\Reader\Word2007\AbstractPart->readRun(Object(PhpOffice\PhpWord\Shared\XMLReader), Object(DOMElement), Object(PhpOffice\PhpWord\Element\TextRun), 'document', [...])
 9 APPPATH/Libraries/phpword/vendor/phpoffice/phpword/src/PhpWord/Reader/Word2007/Document.php(150): PhpOffice\PhpWord\Reader\Word2007\AbstractPart->readParagraph(Object(PhpOffice\PhpWord\Shared\XMLReader), Object(DOMElement), Object(PhpOffice\PhpWord\Element\Section))
10 APPPATH/Libraries/phpword/vendor/phpoffice/phpword/src/PhpWord/Reader/Word2007/Document.php(57): PhpOffice\PhpWord\Reader\Word2007\Document->readWPNode(Object(PhpOffice\PhpWord\Shared\XMLReader), Object(DOMElement), Object(PhpOffice\PhpWord\Element\Section))
11 APPPATH/Libraries/phpword/vendor/phpoffice/phpword/src/PhpWord/Reader/Word2007.php(115): PhpOffice\PhpWord\Reader\Word2007\Document->read(Object(PhpOffice\PhpWord\PhpWord))
12 APPPATH/Libraries/phpword/vendor/phpoffice/phpword/src/PhpWord/Reader/Word2007.php(89): PhpOffice\PhpWord\Reader\Word2007->readPart(Object(PhpOffice\PhpWord\PhpWord), [...], [], 'Document', 'FCPATH/assets/img/1742906626_3b3a2f95282b54b86116.docx', 'word/document.xml')
13 APPPATH/Libraries/phpword/vendor/phpoffice/phpword/src/PhpWord/IOFactory.php(91): PhpOffice\PhpWord\Reader\Word2007->load('FCPATH/assets/img/1742906626_3b3a2f95282b54b86116.docx')
14 APPPATH/Controllers/Test.php(82): PhpOffice\PhpWord\IOFactory::load('FCPATH/assets/img/1742906626_3b3a2f95282b54b86116.docx')
15 APPPATH/Controllers/Test.php(69): App\Controllers\Test->convertWordToPdf('FCPATH/assets/img/1742906626_3b3a2f95282b54b86116.docx')
16 SYSTEMPATH/CodeIgniter.php(925): App\Controllers\Test->submit()
17 SYSTEMPATH/CodeIgniter.php(480): CodeIgniter\CodeIgniter->runController(Object(App\Controllers\Test))
18 SYSTEMPATH/CodeIgniter.php(349): CodeIgniter\CodeIgniter->handleRequest(null, Object(Config\Cache), false)
19 FCPATH/index.php(67): CodeIgniter\CodeIgniter->run()
CRITICAL - 2025-03-25 07:46:15 --> Invalid image: zip://assets/img/1742906775_518cba332b2daf91c41a.docx#word/media/image1.emf
in APPPATH/Libraries/phpword/vendor/phpoffice/phpword/src/PhpWord/Element/Image.php on line 443.
 1 APPPATH/Libraries/phpword/vendor/phpoffice/phpword/src/PhpWord/Element/Image.php(156): PhpOffice\PhpWord\Element\Image->checkImage()
 2 [internal function]: PhpOffice\PhpWord\Element\Image->__construct('zip://assets/img/1742906775_518cba332b2daf91c41a.docx#word/media/image1.emf')
 3 APPPATH/Libraries/phpword/vendor/phpoffice/phpword/src/PhpWord/Element/AbstractContainer.php(153): ReflectionClass->newInstanceArgs([...])
 4 [internal function]: PhpOffice\PhpWord\Element\AbstractContainer->addElement('Image', 'zip://assets/img/1742906775_518cba332b2daf91c41a.docx#word/media/image1.emf')
 5 APPPATH/Libraries/phpword/vendor/phpoffice/phpword/src/PhpWord/Element/AbstractContainer.php(119): call_user_func_array([...], [...])
 6 APPPATH/Libraries/phpword/vendor/phpoffice/phpword/src/PhpWord/Reader/Word2007/AbstractPart.php(516): PhpOffice\PhpWord\Element\AbstractContainer->__call('addimage', [...])
 7 APPPATH/Libraries/phpword/vendor/phpoffice/phpword/src/PhpWord/Reader/Word2007/AbstractPart.php(470): PhpOffice\PhpWord\Reader\Word2007\AbstractPart->readRunChild(Object(PhpOffice\PhpWord\Shared\XMLReader), Object(DOMElement), Object(PhpOffice\PhpWord\Element\TextRun), 'document', [...], [...])
 8 APPPATH/Libraries/phpword/vendor/phpoffice/phpword/src/PhpWord/Reader/Word2007/AbstractPart.php(304): PhpOffice\PhpWord\Reader\Word2007\AbstractPart->readRun(Object(PhpOffice\PhpWord\Shared\XMLReader), Object(DOMElement), Object(PhpOffice\PhpWord\Element\TextRun), 'document', [...])
 9 APPPATH/Libraries/phpword/vendor/phpoffice/phpword/src/PhpWord/Reader/Word2007/Document.php(150): PhpOffice\PhpWord\Reader\Word2007\AbstractPart->readParagraph(Object(PhpOffice\PhpWord\Shared\XMLReader), Object(DOMElement), Object(PhpOffice\PhpWord\Element\Section))
10 APPPATH/Libraries/phpword/vendor/phpoffice/phpword/src/PhpWord/Reader/Word2007/Document.php(57): PhpOffice\PhpWord\Reader\Word2007\Document->readWPNode(Object(PhpOffice\PhpWord\Shared\XMLReader), Object(DOMElement), Object(PhpOffice\PhpWord\Element\Section))
11 APPPATH/Libraries/phpword/vendor/phpoffice/phpword/src/PhpWord/Reader/Word2007.php(115): PhpOffice\PhpWord\Reader\Word2007\Document->read(Object(PhpOffice\PhpWord\PhpWord))
12 APPPATH/Libraries/phpword/vendor/phpoffice/phpword/src/PhpWord/Reader/Word2007.php(89): PhpOffice\PhpWord\Reader\Word2007->readPart(Object(PhpOffice\PhpWord\PhpWord), [...], [], 'Document', 'FCPATH/assets/img/1742906775_518cba332b2daf91c41a.docx', 'word/document.xml')
13 APPPATH/Libraries/phpword/vendor/phpoffice/phpword/src/PhpWord/IOFactory.php(91): PhpOffice\PhpWord\Reader\Word2007->load('FCPATH/assets/img/1742906775_518cba332b2daf91c41a.docx')
14 APPPATH/Controllers/Test.php(81): PhpOffice\PhpWord\IOFactory::load('FCPATH/assets/img/1742906775_518cba332b2daf91c41a.docx')
15 APPPATH/Controllers/Test.php(69): App\Controllers\Test->convertWordToPdf('FCPATH/assets/img/1742906775_518cba332b2daf91c41a.docx')
16 SYSTEMPATH/CodeIgniter.php(925): App\Controllers\Test->submit()
17 SYSTEMPATH/CodeIgniter.php(480): CodeIgniter\CodeIgniter->runController(Object(App\Controllers\Test))
18 SYSTEMPATH/CodeIgniter.php(349): CodeIgniter\CodeIgniter->handleRequest(null, Object(Config\Cache), false)
19 FCPATH/index.php(67): CodeIgniter\CodeIgniter->run()
CRITICAL - 2025-03-25 07:46:52 --> Invalid image: zip://assets/img/1742906812_2dc2f8909f737d1e9844.docx#word/media/image1.emf
in APPPATH/Libraries/phpword/vendor/phpoffice/phpword/src/PhpWord/Element/Image.php on line 443.
 1 APPPATH/Libraries/phpword/vendor/phpoffice/phpword/src/PhpWord/Element/Image.php(156): PhpOffice\PhpWord\Element\Image->checkImage()
 2 [internal function]: PhpOffice\PhpWord\Element\Image->__construct('zip://assets/img/1742906812_2dc2f8909f737d1e9844.docx#word/media/image1.emf')
 3 APPPATH/Libraries/phpword/vendor/phpoffice/phpword/src/PhpWord/Element/AbstractContainer.php(153): ReflectionClass->newInstanceArgs([...])
 4 [internal function]: PhpOffice\PhpWord\Element\AbstractContainer->addElement('Image', 'zip://assets/img/1742906812_2dc2f8909f737d1e9844.docx#word/media/image1.emf')
 5 APPPATH/Libraries/phpword/vendor/phpoffice/phpword/src/PhpWord/Element/AbstractContainer.php(119): call_user_func_array([...], [...])
 6 APPPATH/Libraries/phpword/vendor/phpoffice/phpword/src/PhpWord/Reader/Word2007/AbstractPart.php(516): PhpOffice\PhpWord\Element\AbstractContainer->__call('addimage', [...])
 7 APPPATH/Libraries/phpword/vendor/phpoffice/phpword/src/PhpWord/Reader/Word2007/AbstractPart.php(470): PhpOffice\PhpWord\Reader\Word2007\AbstractPart->readRunChild(Object(PhpOffice\PhpWord\Shared\XMLReader), Object(DOMElement), Object(PhpOffice\PhpWord\Element\TextRun), 'document', [...], [...])
 8 APPPATH/Libraries/phpword/vendor/phpoffice/phpword/src/PhpWord/Reader/Word2007/AbstractPart.php(304): PhpOffice\PhpWord\Reader\Word2007\AbstractPart->readRun(Object(PhpOffice\PhpWord\Shared\XMLReader), Object(DOMElement), Object(PhpOffice\PhpWord\Element\TextRun), 'document', [...])
 9 APPPATH/Libraries/phpword/vendor/phpoffice/phpword/src/PhpWord/Reader/Word2007/Document.php(150): PhpOffice\PhpWord\Reader\Word2007\AbstractPart->readParagraph(Object(PhpOffice\PhpWord\Shared\XMLReader), Object(DOMElement), Object(PhpOffice\PhpWord\Element\Section))
10 APPPATH/Libraries/phpword/vendor/phpoffice/phpword/src/PhpWord/Reader/Word2007/Document.php(57): PhpOffice\PhpWord\Reader\Word2007\Document->readWPNode(Object(PhpOffice\PhpWord\Shared\XMLReader), Object(DOMElement), Object(PhpOffice\PhpWord\Element\Section))
11 APPPATH/Libraries/phpword/vendor/phpoffice/phpword/src/PhpWord/Reader/Word2007.php(115): PhpOffice\PhpWord\Reader\Word2007\Document->read(Object(PhpOffice\PhpWord\PhpWord))
12 APPPATH/Libraries/phpword/vendor/phpoffice/phpword/src/PhpWord/Reader/Word2007.php(89): PhpOffice\PhpWord\Reader\Word2007->readPart(Object(PhpOffice\PhpWord\PhpWord), [...], [], 'Document', 'FCPATH/assets/img/1742906812_2dc2f8909f737d1e9844.docx', 'word/document.xml')
13 APPPATH/Libraries/phpword/vendor/phpoffice/phpword/src/PhpWord/IOFactory.php(91): PhpOffice\PhpWord\Reader\Word2007->load('FCPATH/assets/img/1742906812_2dc2f8909f737d1e9844.docx')
14 APPPATH/Controllers/Test.php(81): PhpOffice\PhpWord\IOFactory::load('FCPATH/assets/img/1742906812_2dc2f8909f737d1e9844.docx')
15 APPPATH/Controllers/Test.php(69): App\Controllers\Test->convertWordToPdf('FCPATH/assets/img/1742906812_2dc2f8909f737d1e9844.docx')
16 SYSTEMPATH/CodeIgniter.php(925): App\Controllers\Test->submit()
17 SYSTEMPATH/CodeIgniter.php(480): CodeIgniter\CodeIgniter->runController(Object(App\Controllers\Test))
18 SYSTEMPATH/CodeIgniter.php(349): CodeIgniter\CodeIgniter->handleRequest(null, Object(Config\Cache), false)
19 FCPATH/index.php(67): CodeIgniter\CodeIgniter->run()
CRITICAL - 2025-03-25 07:50:57 --> Invalid image: zip://assets/img/1742907056_c6f7bc4998387d9936f4.docx#word/media/image1.emf
in APPPATH/Libraries/phpword/vendor/phpoffice/phpword/src/PhpWord/Element/Image.php on line 443.
 1 APPPATH/Libraries/phpword/vendor/phpoffice/phpword/src/PhpWord/Element/Image.php(156): PhpOffice\PhpWord\Element\Image->checkImage()
 2 [internal function]: PhpOffice\PhpWord\Element\Image->__construct('zip://assets/img/1742907056_c6f7bc4998387d9936f4.docx#word/media/image1.emf')
 3 APPPATH/Libraries/phpword/vendor/phpoffice/phpword/src/PhpWord/Element/AbstractContainer.php(153): ReflectionClass->newInstanceArgs([...])
 4 [internal function]: PhpOffice\PhpWord\Element\AbstractContainer->addElement('Image', 'zip://assets/img/1742907056_c6f7bc4998387d9936f4.docx#word/media/image1.emf')
 5 APPPATH/Libraries/phpword/vendor/phpoffice/phpword/src/PhpWord/Element/AbstractContainer.php(119): call_user_func_array([...], [...])
 6 APPPATH/Libraries/phpword/vendor/phpoffice/phpword/src/PhpWord/Reader/Word2007/AbstractPart.php(516): PhpOffice\PhpWord\Element\AbstractContainer->__call('addimage', [...])
 7 APPPATH/Libraries/phpword/vendor/phpoffice/phpword/src/PhpWord/Reader/Word2007/AbstractPart.php(470): PhpOffice\PhpWord\Reader\Word2007\AbstractPart->readRunChild(Object(PhpOffice\PhpWord\Shared\XMLReader), Object(DOMElement), Object(PhpOffice\PhpWord\Element\TextRun), 'document', [...], [...])
 8 APPPATH/Libraries/phpword/vendor/phpoffice/phpword/src/PhpWord/Reader/Word2007/AbstractPart.php(304): PhpOffice\PhpWord\Reader\Word2007\AbstractPart->readRun(Object(PhpOffice\PhpWord\Shared\XMLReader), Object(DOMElement), Object(PhpOffice\PhpWord\Element\TextRun), 'document', [...])
 9 APPPATH/Libraries/phpword/vendor/phpoffice/phpword/src/PhpWord/Reader/Word2007/Document.php(150): PhpOffice\PhpWord\Reader\Word2007\AbstractPart->readParagraph(Object(PhpOffice\PhpWord\Shared\XMLReader), Object(DOMElement), Object(PhpOffice\PhpWord\Element\Section))
10 APPPATH/Libraries/phpword/vendor/phpoffice/phpword/src/PhpWord/Reader/Word2007/Document.php(57): PhpOffice\PhpWord\Reader\Word2007\Document->readWPNode(Object(PhpOffice\PhpWord\Shared\XMLReader), Object(DOMElement), Object(PhpOffice\PhpWord\Element\Section))
11 APPPATH/Libraries/phpword/vendor/phpoffice/phpword/src/PhpWord/Reader/Word2007.php(115): PhpOffice\PhpWord\Reader\Word2007\Document->read(Object(PhpOffice\PhpWord\PhpWord))
12 APPPATH/Libraries/phpword/vendor/phpoffice/phpword/src/PhpWord/Reader/Word2007.php(89): PhpOffice\PhpWord\Reader\Word2007->readPart(Object(PhpOffice\PhpWord\PhpWord), [...], [], 'Document', 'FCPATH/assets/img/1742907056_c6f7bc4998387d9936f4.docx', 'word/document.xml')
13 APPPATH/Libraries/phpword/vendor/phpoffice/phpword/src/PhpWord/IOFactory.php(91): PhpOffice\PhpWord\Reader\Word2007->load('FCPATH/assets/img/1742907056_c6f7bc4998387d9936f4.docx')
14 APPPATH/Controllers/Test.php(82): PhpOffice\PhpWord\IOFactory::load('FCPATH/assets/img/1742907056_c6f7bc4998387d9936f4.docx')
15 APPPATH/Controllers/Test.php(69): App\Controllers\Test->convertWordToPdf('FCPATH/assets/img/1742907056_c6f7bc4998387d9936f4.docx')
16 SYSTEMPATH/CodeIgniter.php(925): App\Controllers\Test->submit()
17 SYSTEMPATH/CodeIgniter.php(480): CodeIgniter\CodeIgniter->runController(Object(App\Controllers\Test))
18 SYSTEMPATH/CodeIgniter.php(349): CodeIgniter\CodeIgniter->handleRequest(null, Object(Config\Cache), false)
19 FCPATH/index.php(67): CodeIgniter\CodeIgniter->run()
CRITICAL - 2025-03-25 07:54:43 --> Invalid image: zip://assets/img/1742907283_de4fc4d3f7b84fbdc3d9.docx#word/media/image1.emf
in APPPATH/Libraries/phpword/vendor/phpoffice/phpword/src/PhpWord/Element/Image.php on line 443.
 1 APPPATH/Libraries/phpword/vendor/phpoffice/phpword/src/PhpWord/Element/Image.php(156): PhpOffice\PhpWord\Element\Image->checkImage()
 2 [internal function]: PhpOffice\PhpWord\Element\Image->__construct('zip://assets/img/1742907283_de4fc4d3f7b84fbdc3d9.docx#word/media/image1.emf')
 3 APPPATH/Libraries/phpword/vendor/phpoffice/phpword/src/PhpWord/Element/AbstractContainer.php(153): ReflectionClass->newInstanceArgs([...])
 4 [internal function]: PhpOffice\PhpWord\Element\AbstractContainer->addElement('Image', 'zip://assets/img/1742907283_de4fc4d3f7b84fbdc3d9.docx#word/media/image1.emf')
 5 APPPATH/Libraries/phpword/vendor/phpoffice/phpword/src/PhpWord/Element/AbstractContainer.php(119): call_user_func_array([...], [...])
 6 APPPATH/Libraries/phpword/vendor/phpoffice/phpword/src/PhpWord/Reader/Word2007/AbstractPart.php(516): PhpOffice\PhpWord\Element\AbstractContainer->__call('addimage', [...])
 7 APPPATH/Libraries/phpword/vendor/phpoffice/phpword/src/PhpWord/Reader/Word2007/AbstractPart.php(470): PhpOffice\PhpWord\Reader\Word2007\AbstractPart->readRunChild(Object(PhpOffice\PhpWord\Shared\XMLReader), Object(DOMElement), Object(PhpOffice\PhpWord\Element\TextRun), 'document', [...], [...])
 8 APPPATH/Libraries/phpword/vendor/phpoffice/phpword/src/PhpWord/Reader/Word2007/AbstractPart.php(304): PhpOffice\PhpWord\Reader\Word2007\AbstractPart->readRun(Object(PhpOffice\PhpWord\Shared\XMLReader), Object(DOMElement), Object(PhpOffice\PhpWord\Element\TextRun), 'document', [...])
 9 APPPATH/Libraries/phpword/vendor/phpoffice/phpword/src/PhpWord/Reader/Word2007/Document.php(150): PhpOffice\PhpWord\Reader\Word2007\AbstractPart->readParagraph(Object(PhpOffice\PhpWord\Shared\XMLReader), Object(DOMElement), Object(PhpOffice\PhpWord\Element\Section))
10 APPPATH/Libraries/phpword/vendor/phpoffice/phpword/src/PhpWord/Reader/Word2007/Document.php(57): PhpOffice\PhpWord\Reader\Word2007\Document->readWPNode(Object(PhpOffice\PhpWord\Shared\XMLReader), Object(DOMElement), Object(PhpOffice\PhpWord\Element\Section))
11 APPPATH/Libraries/phpword/vendor/phpoffice/phpword/src/PhpWord/Reader/Word2007.php(115): PhpOffice\PhpWord\Reader\Word2007\Document->read(Object(PhpOffice\PhpWord\PhpWord))
12 APPPATH/Libraries/phpword/vendor/phpoffice/phpword/src/PhpWord/Reader/Word2007.php(89): PhpOffice\PhpWord\Reader\Word2007->readPart(Object(PhpOffice\PhpWord\PhpWord), [...], [], 'Document', 'FCPATH/assets/img/1742907283_de4fc4d3f7b84fbdc3d9.docx', 'word/document.xml')
13 APPPATH/Libraries/phpword/vendor/phpoffice/phpword/src/PhpWord/IOFactory.php(91): PhpOffice\PhpWord\Reader\Word2007->load('FCPATH/assets/img/1742907283_de4fc4d3f7b84fbdc3d9.docx')
14 APPPATH/Controllers/Test.php(82): PhpOffice\PhpWord\IOFactory::load('FCPATH/assets/img/1742907283_de4fc4d3f7b84fbdc3d9.docx')
15 APPPATH/Controllers/Test.php(69): App\Controllers\Test->convertWordToPdf('FCPATH/assets/img/1742907283_de4fc4d3f7b84fbdc3d9.docx')
16 SYSTEMPATH/CodeIgniter.php(925): App\Controllers\Test->submit()
17 SYSTEMPATH/CodeIgniter.php(480): CodeIgniter\CodeIgniter->runController(Object(App\Controllers\Test))
18 SYSTEMPATH/CodeIgniter.php(349): CodeIgniter\CodeIgniter->handleRequest(null, Object(Config\Cache), false)
19 FCPATH/index.php(67): CodeIgniter\CodeIgniter->run()
CRITICAL - 2025-03-25 07:56:51 --> Invalid image: zip://assets/uploads/1742907411_7a1a0451356f6cc4d13c.docx#word/media/image1.emf
in APPPATH/Libraries/phpword/vendor/phpoffice/phpword/src/PhpWord/Element/Image.php on line 443.
 1 APPPATH/Libraries/phpword/vendor/phpoffice/phpword/src/PhpWord/Element/Image.php(156): PhpOffice\PhpWord\Element\Image->checkImage()
 2 [internal function]: PhpOffice\PhpWord\Element\Image->__construct('zip://assets/uploads/1742907411_7a1a0451356f6cc4d13c.docx#word/media/image1.emf')
 3 APPPATH/Libraries/phpword/vendor/phpoffice/phpword/src/PhpWord/Element/AbstractContainer.php(153): ReflectionClass->newInstanceArgs([...])
 4 [internal function]: PhpOffice\PhpWord\Element\AbstractContainer->addElement('Image', 'zip://assets/uploads/1742907411_7a1a0451356f6cc4d13c.docx#word/media/image1.emf')
 5 APPPATH/Libraries/phpword/vendor/phpoffice/phpword/src/PhpWord/Element/AbstractContainer.php(119): call_user_func_array([...], [...])
 6 APPPATH/Libraries/phpword/vendor/phpoffice/phpword/src/PhpWord/Reader/Word2007/AbstractPart.php(516): PhpOffice\PhpWord\Element\AbstractContainer->__call('addimage', [...])
 7 APPPATH/Libraries/phpword/vendor/phpoffice/phpword/src/PhpWord/Reader/Word2007/AbstractPart.php(470): PhpOffice\PhpWord\Reader\Word2007\AbstractPart->readRunChild(Object(PhpOffice\PhpWord\Shared\XMLReader), Object(DOMElement), Object(PhpOffice\PhpWord\Element\TextRun), 'document', [...], [...])
 8 APPPATH/Libraries/phpword/vendor/phpoffice/phpword/src/PhpWord/Reader/Word2007/AbstractPart.php(304): PhpOffice\PhpWord\Reader\Word2007\AbstractPart->readRun(Object(PhpOffice\PhpWord\Shared\XMLReader), Object(DOMElement), Object(PhpOffice\PhpWord\Element\TextRun), 'document', [...])
 9 APPPATH/Libraries/phpword/vendor/phpoffice/phpword/src/PhpWord/Reader/Word2007/Document.php(150): PhpOffice\PhpWord\Reader\Word2007\AbstractPart->readParagraph(Object(PhpOffice\PhpWord\Shared\XMLReader), Object(DOMElement), Object(PhpOffice\PhpWord\Element\Section))
10 APPPATH/Libraries/phpword/vendor/phpoffice/phpword/src/PhpWord/Reader/Word2007/Document.php(57): PhpOffice\PhpWord\Reader\Word2007\Document->readWPNode(Object(PhpOffice\PhpWord\Shared\XMLReader), Object(DOMElement), Object(PhpOffice\PhpWord\Element\Section))
11 APPPATH/Libraries/phpword/vendor/phpoffice/phpword/src/PhpWord/Reader/Word2007.php(115): PhpOffice\PhpWord\Reader\Word2007\Document->read(Object(PhpOffice\PhpWord\PhpWord))
12 APPPATH/Libraries/phpword/vendor/phpoffice/phpword/src/PhpWord/Reader/Word2007.php(89): PhpOffice\PhpWord\Reader\Word2007->readPart(Object(PhpOffice\PhpWord\PhpWord), [...], [], 'Document', 'FCPATH/assets/uploads/1742907411_7a1a0451356f6cc4d13c.docx', 'word/document.xml')
13 APPPATH/Libraries/phpword/vendor/phpoffice/phpword/src/PhpWord/IOFactory.php(91): PhpOffice\PhpWord\Reader\Word2007->load('FCPATH/assets/uploads/1742907411_7a1a0451356f6cc4d13c.docx')
14 APPPATH/Controllers/Test.php(80): PhpOffice\PhpWord\IOFactory::load('FCPATH/assets/uploads/1742907411_7a1a0451356f6cc4d13c.docx')
15 APPPATH/Controllers/Test.php(67): App\Controllers\Test->convertWordToPdf('FCPATH/assets/uploads/1742907411_7a1a0451356f6cc4d13c.docx')
16 SYSTEMPATH/CodeIgniter.php(925): App\Controllers\Test->submit()
17 SYSTEMPATH/CodeIgniter.php(480): CodeIgniter\CodeIgniter->runController(Object(App\Controllers\Test))
18 SYSTEMPATH/CodeIgniter.php(349): CodeIgniter\CodeIgniter->handleRequest(null, Object(Config\Cache), false)
19 FCPATH/index.php(67): CodeIgniter\CodeIgniter->run()
CRITICAL - 2025-03-25 07:58:40 --> Invalid image: zip://assets/uploads/1742907520_a98d000a799456c0e002.docx#word/media/image1.emf
in APPPATH/Libraries/phpword/vendor/phpoffice/phpword/src/PhpWord/Element/Image.php on line 443.
 1 APPPATH/Libraries/phpword/vendor/phpoffice/phpword/src/PhpWord/Element/Image.php(156): PhpOffice\PhpWord\Element\Image->checkImage()
 2 [internal function]: PhpOffice\PhpWord\Element\Image->__construct('zip://assets/uploads/1742907520_a98d000a799456c0e002.docx#word/media/image1.emf')
 3 APPPATH/Libraries/phpword/vendor/phpoffice/phpword/src/PhpWord/Element/AbstractContainer.php(153): ReflectionClass->newInstanceArgs([...])
 4 [internal function]: PhpOffice\PhpWord\Element\AbstractContainer->addElement('Image', 'zip://assets/uploads/1742907520_a98d000a799456c0e002.docx#word/media/image1.emf')
 5 APPPATH/Libraries/phpword/vendor/phpoffice/phpword/src/PhpWord/Element/AbstractContainer.php(119): call_user_func_array([...], [...])
 6 APPPATH/Libraries/phpword/vendor/phpoffice/phpword/src/PhpWord/Reader/Word2007/AbstractPart.php(516): PhpOffice\PhpWord\Element\AbstractContainer->__call('addimage', [...])
 7 APPPATH/Libraries/phpword/vendor/phpoffice/phpword/src/PhpWord/Reader/Word2007/AbstractPart.php(470): PhpOffice\PhpWord\Reader\Word2007\AbstractPart->readRunChild(Object(PhpOffice\PhpWord\Shared\XMLReader), Object(DOMElement), Object(PhpOffice\PhpWord\Element\TextRun), 'document', [...], [...])
 8 APPPATH/Libraries/phpword/vendor/phpoffice/phpword/src/PhpWord/Reader/Word2007/AbstractPart.php(304): PhpOffice\PhpWord\Reader\Word2007\AbstractPart->readRun(Object(PhpOffice\PhpWord\Shared\XMLReader), Object(DOMElement), Object(PhpOffice\PhpWord\Element\TextRun), 'document', [...])
 9 APPPATH/Libraries/phpword/vendor/phpoffice/phpword/src/PhpWord/Reader/Word2007/Document.php(150): PhpOffice\PhpWord\Reader\Word2007\AbstractPart->readParagraph(Object(PhpOffice\PhpWord\Shared\XMLReader), Object(DOMElement), Object(PhpOffice\PhpWord\Element\Section))
10 APPPATH/Libraries/phpword/vendor/phpoffice/phpword/src/PhpWord/Reader/Word2007/Document.php(57): PhpOffice\PhpWord\Reader\Word2007\Document->readWPNode(Object(PhpOffice\PhpWord\Shared\XMLReader), Object(DOMElement), Object(PhpOffice\PhpWord\Element\Section))
11 APPPATH/Libraries/phpword/vendor/phpoffice/phpword/src/PhpWord/Reader/Word2007.php(115): PhpOffice\PhpWord\Reader\Word2007\Document->read(Object(PhpOffice\PhpWord\PhpWord))
12 APPPATH/Libraries/phpword/vendor/phpoffice/phpword/src/PhpWord/Reader/Word2007.php(89): PhpOffice\PhpWord\Reader\Word2007->readPart(Object(PhpOffice\PhpWord\PhpWord), [...], [], 'Document', 'FCPATH/assets/uploads/1742907520_a98d000a799456c0e002.docx', 'word/document.xml')
13 APPPATH/Libraries/phpword/vendor/phpoffice/phpword/src/PhpWord/IOFactory.php(91): PhpOffice\PhpWord\Reader\Word2007->load('FCPATH/assets/uploads/1742907520_a98d000a799456c0e002.docx')
14 APPPATH/Controllers/Test.php(80): PhpOffice\PhpWord\IOFactory::load('FCPATH/assets/uploads/1742907520_a98d000a799456c0e002.docx')
15 APPPATH/Controllers/Test.php(67): App\Controllers\Test->convertWordToPdf('FCPATH/assets/uploads/1742907520_a98d000a799456c0e002.docx')
16 SYSTEMPATH/CodeIgniter.php(925): App\Controllers\Test->submit()
17 SYSTEMPATH/CodeIgniter.php(480): CodeIgniter\CodeIgniter->runController(Object(App\Controllers\Test))
18 SYSTEMPATH/CodeIgniter.php(349): CodeIgniter\CodeIgniter->handleRequest(null, Object(Config\Cache), false)
19 FCPATH/index.php(67): CodeIgniter\CodeIgniter->run()
CRITICAL - 2025-03-25 08:01:45 --> Invalid image: zip://assets/uploads/1742907705_1edf8bc75ffda83139ea.docx#word/media/image1.emf
in APPPATH/Libraries/phpword/vendor/phpoffice/phpword/src/PhpWord/Element/Image.php on line 443.
 1 APPPATH/Libraries/phpword/vendor/phpoffice/phpword/src/PhpWord/Element/Image.php(156): PhpOffice\PhpWord\Element\Image->checkImage()
 2 [internal function]: PhpOffice\PhpWord\Element\Image->__construct('zip://assets/uploads/1742907705_1edf8bc75ffda83139ea.docx#word/media/image1.emf')
 3 APPPATH/Libraries/phpword/vendor/phpoffice/phpword/src/PhpWord/Element/AbstractContainer.php(153): ReflectionClass->newInstanceArgs([...])
 4 [internal function]: PhpOffice\PhpWord\Element\AbstractContainer->addElement('Image', 'zip://assets/uploads/1742907705_1edf8bc75ffda83139ea.docx#word/media/image1.emf')
 5 APPPATH/Libraries/phpword/vendor/phpoffice/phpword/src/PhpWord/Element/AbstractContainer.php(119): call_user_func_array([...], [...])
 6 APPPATH/Libraries/phpword/vendor/phpoffice/phpword/src/PhpWord/Reader/Word2007/AbstractPart.php(516): PhpOffice\PhpWord\Element\AbstractContainer->__call('addimage', [...])
 7 APPPATH/Libraries/phpword/vendor/phpoffice/phpword/src/PhpWord/Reader/Word2007/AbstractPart.php(470): PhpOffice\PhpWord\Reader\Word2007\AbstractPart->readRunChild(Object(PhpOffice\PhpWord\Shared\XMLReader), Object(DOMElement), Object(PhpOffice\PhpWord\Element\TextRun), 'document', [...], [...])
 8 APPPATH/Libraries/phpword/vendor/phpoffice/phpword/src/PhpWord/Reader/Word2007/AbstractPart.php(304): PhpOffice\PhpWord\Reader\Word2007\AbstractPart->readRun(Object(PhpOffice\PhpWord\Shared\XMLReader), Object(DOMElement), Object(PhpOffice\PhpWord\Element\TextRun), 'document', [...])
 9 APPPATH/Libraries/phpword/vendor/phpoffice/phpword/src/PhpWord/Reader/Word2007/Document.php(150): PhpOffice\PhpWord\Reader\Word2007\AbstractPart->readParagraph(Object(PhpOffice\PhpWord\Shared\XMLReader), Object(DOMElement), Object(PhpOffice\PhpWord\Element\Section))
10 APPPATH/Libraries/phpword/vendor/phpoffice/phpword/src/PhpWord/Reader/Word2007/Document.php(57): PhpOffice\PhpWord\Reader\Word2007\Document->readWPNode(Object(PhpOffice\PhpWord\Shared\XMLReader), Object(DOMElement), Object(PhpOffice\PhpWord\Element\Section))
11 APPPATH/Libraries/phpword/vendor/phpoffice/phpword/src/PhpWord/Reader/Word2007.php(115): PhpOffice\PhpWord\Reader\Word2007\Document->read(Object(PhpOffice\PhpWord\PhpWord))
12 APPPATH/Libraries/phpword/vendor/phpoffice/phpword/src/PhpWord/Reader/Word2007.php(89): PhpOffice\PhpWord\Reader\Word2007->readPart(Object(PhpOffice\PhpWord\PhpWord), [...], [], 'Document', 'FCPATH/assets/uploads/1742907705_1edf8bc75ffda83139ea.docx', 'word/document.xml')
13 APPPATH/Libraries/phpword/vendor/phpoffice/phpword/src/PhpWord/IOFactory.php(91): PhpOffice\PhpWord\Reader\Word2007->load('FCPATH/assets/uploads/1742907705_1edf8bc75ffda83139ea.docx')
14 APPPATH/Controllers/Test.php(80): PhpOffice\PhpWord\IOFactory::load('FCPATH/assets/uploads/1742907705_1edf8bc75ffda83139ea.docx')
15 APPPATH/Controllers/Test.php(67): App\Controllers\Test->convertWordToPdf('FCPATH/assets/uploads/1742907705_1edf8bc75ffda83139ea.docx')
16 SYSTEMPATH/CodeIgniter.php(925): App\Controllers\Test->submit()
17 SYSTEMPATH/CodeIgniter.php(480): CodeIgniter\CodeIgniter->runController(Object(App\Controllers\Test))
18 SYSTEMPATH/CodeIgniter.php(349): CodeIgniter\CodeIgniter->handleRequest(null, Object(Config\Cache), false)
19 FCPATH/index.php(67): CodeIgniter\CodeIgniter->run()
CRITICAL - 2025-03-25 08:03:28 --> Class "App\Controllers\ZipArchive" not found
in APPPATH/Controllers/Test.php on line 114.
 1 APPPATH/Controllers/Test.php(80): App\Controllers\Test->removeEmfImages('FCPATH/assets/uploads/1742907808_a86e99df1d466247a345.docx')
 2 APPPATH/Controllers/Test.php(67): App\Controllers\Test->convertWordToPdf('FCPATH/assets/uploads/1742907808_a86e99df1d466247a345.docx')
 3 SYSTEMPATH/CodeIgniter.php(925): App\Controllers\Test->submit()
 4 SYSTEMPATH/CodeIgniter.php(480): CodeIgniter\CodeIgniter->runController(Object(App\Controllers\Test))
 5 SYSTEMPATH/CodeIgniter.php(349): CodeIgniter\CodeIgniter->handleRequest(null, Object(Config\Cache), false)
 6 FCPATH/index.php(67): CodeIgniter\CodeIgniter->run()
