CRITICAL - 2026-02-13 02:53:50 --> Attempt to read property "religion_id" on null
in APPPATH/Controllers/Admin.php on line 4956.
 1 APPPATH/Controllers/Admin.php(4956): CodeIgniter\Debug\Exceptions->errorHandler(2, 'Attempt to read property "religion_id" on null', 'APPPATH/Controllers/Admin.php', 4956)
 2 SYSTEMPATH/CodeIgniter.php(925): App\Controllers\Admin->profile_view('FCPATH/assets', 'img', 'user', 'u2.jpg')
 3 SYSTEMPATH/CodeIgniter.php(480): CodeIgniter\CodeIgniter->runController(Object(App\Controllers\Admin))
 4 SYSTEMPATH/CodeIgniter.php(349): CodeIgniter\CodeIgniter->handleRequest(null, Object(Config\Cache), false)
 5 FCPATH/index.php(67): CodeIgniter\CodeIgniter->run()
CRITICAL - 2026-02-13 02:53:50 --> Attempt to read property "religion_id" on null
in APPPATH/Controllers/Admin.php on line 4956.
 1 APPPATH/Controllers/Admin.php(4956): CodeIgniter\Debug\Exceptions->errorHandler(2, 'Attempt to read property "religion_id" on null', 'APPPATH/Controllers/Admin.php', 4956)
 2 SYSTEMPATH/CodeIgniter.php(925): App\Controllers\Admin->profile_view('FCPATH/assets', 'img', 'user', 'u1.jpg')
 3 SYSTEMPATH/CodeIgniter.php(480): CodeIgniter\CodeIgniter->runController(Object(App\Controllers\Admin))
 4 SYSTEMPATH/CodeIgniter.php(349): CodeIgniter\CodeIgniter->handleRequest(null, Object(Config\Cache), false)
 5 FCPATH/index.php(67): CodeIgniter\CodeIgniter->run()
CRITICAL - 2026-02-13 02:53:50 --> Attempt to read property "religion_id" on null
in APPPATH/Controllers/Admin.php on line 4956.
 1 APPPATH/Controllers/Admin.php(4956): CodeIgniter\Debug\Exceptions->errorHandler(2, 'Attempt to read property "religion_id" on null', 'APPPATH/Controllers/Admin.php', 4956)
 2 SYSTEMPATH/CodeIgniter.php(925): App\Controllers\Admin->profile_view('FCPATH/assets', 'img', 'user', 'u5.jpg')
 3 SYSTEMPATH/CodeIgniter.php(480): CodeIgniter\CodeIgniter->runController(Object(App\Controllers\Admin))
 4 SYSTEMPATH/CodeIgniter.php(349): CodeIgniter\CodeIgniter->handleRequest(null, Object(Config\Cache), false)
 5 FCPATH/index.php(67): CodeIgniter\CodeIgniter->run()
CRITICAL - 2026-02-13 02:53:50 --> Attempt to read property "religion_id" on null
in APPPATH/Controllers/Admin.php on line 4956.
 1 APPPATH/Controllers/Admin.php(4956): CodeIgniter\Debug\Exceptions->errorHandler(2, 'Attempt to read property "religion_id" on null', 'APPPATH/Controllers/Admin.php', 4956)
 2 SYSTEMPATH/CodeIgniter.php(925): App\Controllers\Admin->profile_view('FCPATH/assets', 'img', 'user', 'u4.jpg')
 3 SYSTEMPATH/CodeIgniter.php(480): CodeIgniter\CodeIgniter->runController(Object(App\Controllers\Admin))
 4 SYSTEMPATH/CodeIgniter.php(349): CodeIgniter\CodeIgniter->handleRequest(null, Object(Config\Cache), false)
 5 FCPATH/index.php(67): CodeIgniter\CodeIgniter->run()
CRITICAL - 2026-02-13 03:05:30 --> Attempt to read property "religion_id" on null
in APPPATH/Controllers/Admin.php on line 4956.
 1 APPPATH/Controllers/Admin.php(4956): CodeIgniter\Debug\Exceptions->errorHandler(2, 'Attempt to read property "religion_id" on null', 'APPPATH/Controllers/Admin.php', 4956)
 2 SYSTEMPATH/CodeIgniter.php(925): App\Controllers\Admin->profile_view('FCPATH/assets', 'img', 'user', 'u2.jpg')
 3 SYSTEMPATH/CodeIgniter.php(480): CodeIgniter\CodeIgniter->runController(Object(App\Controllers\Admin))
 4 SYSTEMPATH/CodeIgniter.php(349): CodeIgniter\CodeIgniter->handleRequest(null, Object(Config\Cache), false)
 5 FCPATH/index.php(67): CodeIgniter\CodeIgniter->run()
CRITICAL - 2026-02-13 03:05:30 --> Attempt to read property "religion_id" on null
in APPPATH/Controllers/Admin.php on line 4956.
 1 APPPATH/Controllers/Admin.php(4956): CodeIgniter\Debug\Exceptions->errorHandler(2, 'Attempt to read property "religion_id" on null', 'APPPATH/Controllers/Admin.php', 4956)
 2 SYSTEMPATH/CodeIgniter.php(925): App\Controllers\Admin->profile_view('FCPATH/assets', 'img', 'user', 'u1.jpg')
 3 SYSTEMPATH/CodeIgniter.php(480): CodeIgniter\CodeIgniter->runController(Object(App\Controllers\Admin))
 4 SYSTEMPATH/CodeIgniter.php(349): CodeIgniter\CodeIgniter->handleRequest(null, Object(Config\Cache), false)
 5 FCPATH/index.php(67): CodeIgniter\CodeIgniter->run()
CRITICAL - 2026-02-13 03:05:30 --> Attempt to read property "religion_id" on null
in APPPATH/Controllers/Admin.php on line 4956.
 1 APPPATH/Controllers/Admin.php(4956): CodeIgniter\Debug\Exceptions->errorHandler(2, 'Attempt to read property "religion_id" on null', 'APPPATH/Controllers/Admin.php', 4956)
 2 SYSTEMPATH/CodeIgniter.php(925): App\Controllers\Admin->profile_view('FCPATH/assets', 'img', 'user', 'u5.jpg')
 3 SYSTEMPATH/CodeIgniter.php(480): CodeIgniter\CodeIgniter->runController(Object(App\Controllers\Admin))
 4 SYSTEMPATH/CodeIgniter.php(349): CodeIgniter\CodeIgniter->handleRequest(null, Object(Config\Cache), false)
 5 FCPATH/index.php(67): CodeIgniter\CodeIgniter->run()
CRITICAL - 2026-02-13 03:05:30 --> Attempt to read property "religion_id" on null
in APPPATH/Controllers/Admin.php on line 4956.
 1 APPPATH/Controllers/Admin.php(4956): CodeIgniter\Debug\Exceptions->errorHandler(2, 'Attempt to read property "religion_id" on null', 'APPPATH/Controllers/Admin.php', 4956)
 2 SYSTEMPATH/CodeIgniter.php(925): App\Controllers\Admin->profile_view('FCPATH/assets', 'img', 'user', 'u4.jpg')
 3 SYSTEMPATH/CodeIgniter.php(480): CodeIgniter\CodeIgniter->runController(Object(App\Controllers\Admin))
 4 SYSTEMPATH/CodeIgniter.php(349): CodeIgniter\CodeIgniter->handleRequest(null, Object(Config\Cache), false)
 5 FCPATH/index.php(67): CodeIgniter\CodeIgniter->run()
CRITICAL - 2026-02-13 03:27:14 --> Attempt to read property "religion_id" on null
in APPPATH/Controllers/Admin.php on line 4956.
 1 APPPATH/Controllers/Admin.php(4956): CodeIgniter\Debug\Exceptions->errorHandler(2, 'Attempt to read property "religion_id" on null', 'APPPATH/Controllers/Admin.php', 4956)
 2 SYSTEMPATH/CodeIgniter.php(925): App\Controllers\Admin->profile_view('FCPATH/assets', 'img', 'user', 'u2.jpg')
 3 SYSTEMPATH/CodeIgniter.php(480): CodeIgniter\CodeIgniter->runController(Object(App\Controllers\Admin))
 4 SYSTEMPATH/CodeIgniter.php(349): CodeIgniter\CodeIgniter->handleRequest(null, Object(Config\Cache), false)
 5 FCPATH/index.php(67): CodeIgniter\CodeIgniter->run()
CRITICAL - 2026-02-13 03:27:14 --> Attempt to read property "religion_id" on null
in APPPATH/Controllers/Admin.php on line 4956.
 1 APPPATH/Controllers/Admin.php(4956): CodeIgniter\Debug\Exceptions->errorHandler(2, 'Attempt to read property "religion_id" on null', 'APPPATH/Controllers/Admin.php', 4956)
 2 SYSTEMPATH/CodeIgniter.php(925): App\Controllers\Admin->profile_view('FCPATH/assets', 'img', 'user', 'u4.jpg')
 3 SYSTEMPATH/CodeIgniter.php(480): CodeIgniter\CodeIgniter->runController(Object(App\Controllers\Admin))
 4 SYSTEMPATH/CodeIgniter.php(349): CodeIgniter\CodeIgniter->handleRequest(null, Object(Config\Cache), false)
 5 FCPATH/index.php(67): CodeIgniter\CodeIgniter->run()
CRITICAL - 2026-02-13 03:27:14 --> Attempt to read property "religion_id" on null
in APPPATH/Controllers/Admin.php on line 4956.
 1 APPPATH/Controllers/Admin.php(4956): CodeIgniter\Debug\Exceptions->errorHandler(2, 'Attempt to read property "religion_id" on null', 'APPPATH/Controllers/Admin.php', 4956)
 2 SYSTEMPATH/CodeIgniter.php(925): App\Controllers\Admin->profile_view('FCPATH/assets', 'img', 'user', 'u1.jpg')
 3 SYSTEMPATH/CodeIgniter.php(480): CodeIgniter\CodeIgniter->runController(Object(App\Controllers\Admin))
 4 SYSTEMPATH/CodeIgniter.php(349): CodeIgniter\CodeIgniter->handleRequest(null, Object(Config\Cache), false)
 5 FCPATH/index.php(67): CodeIgniter\CodeIgniter->run()
CRITICAL - 2026-02-13 03:27:14 --> Attempt to read property "religion_id" on null
in APPPATH/Controllers/Admin.php on line 4956.
 1 APPPATH/Controllers/Admin.php(4956): CodeIgniter\Debug\Exceptions->errorHandler(2, 'Attempt to read property "religion_id" on null', 'APPPATH/Controllers/Admin.php', 4956)
 2 SYSTEMPATH/CodeIgniter.php(925): App\Controllers\Admin->profile_view('FCPATH/assets', 'img', 'user', 'u5.jpg')
 3 SYSTEMPATH/CodeIgniter.php(480): CodeIgniter\CodeIgniter->runController(Object(App\Controllers\Admin))
 4 SYSTEMPATH/CodeIgniter.php(349): CodeIgniter\CodeIgniter->handleRequest(null, Object(Config\Cache), false)
 5 FCPATH/index.php(67): CodeIgniter\CodeIgniter->run()
CRITICAL - 2026-02-13 04:16:28 --> Attempt to read property "blog_id" on null
in APPPATH/Views/admin/edit-blog.php on line 46.
 1 APPPATH/Views/admin/edit-blog.php(46): CodeIgniter\Debug\Exceptions->errorHandler(2, 'Attempt to read property "blog_id" on null', 'APPPATH/Views/admin/edit-blog.php', 46)
 2 SYSTEMPATH/View/View.php(213): include('APPPATH/Views/admin/edit-blog.php')
 3 SYSTEMPATH/View/View.php(216): CodeIgniter\View\View->CodeIgniter\View\{closure}()
 4 SYSTEMPATH/Common.php(1135): CodeIgniter\View\View->render('admin/edit-blog', [], true)
 5 APPPATH/Controllers/Admin.php(3615): view('admin/edit-blog', [...])
 6 SYSTEMPATH/CodeIgniter.php(925): App\Controllers\Admin->edit_our_blog('FCPATH/assets', 'img', 'user', 'u4.jpg')
 7 SYSTEMPATH/CodeIgniter.php(480): CodeIgniter\CodeIgniter->runController(Object(App\Controllers\Admin))
 8 SYSTEMPATH/CodeIgniter.php(349): CodeIgniter\CodeIgniter->handleRequest(null, Object(Config\Cache), false)
 9 FCPATH/index.php(67): CodeIgniter\CodeIgniter->run()
CRITICAL - 2026-02-13 04:16:28 --> Attempt to read property "blog_id" on null
in APPPATH/Views/admin/edit-blog.php on line 46.
 1 APPPATH/Views/admin/edit-blog.php(46): CodeIgniter\Debug\Exceptions->errorHandler(2, 'Attempt to read property "blog_id" on null', 'APPPATH/Views/admin/edit-blog.php', 46)
 2 SYSTEMPATH/View/View.php(213): include('APPPATH/Views/admin/edit-blog.php')
 3 SYSTEMPATH/View/View.php(216): CodeIgniter\View\View->CodeIgniter\View\{closure}()
 4 SYSTEMPATH/Common.php(1135): CodeIgniter\View\View->render('admin/edit-blog', [], true)
 5 APPPATH/Controllers/Admin.php(3615): view('admin/edit-blog', [...])
 6 SYSTEMPATH/CodeIgniter.php(925): App\Controllers\Admin->edit_our_blog('FCPATH/assets', 'img', 'user', 'u1.jpg')
 7 SYSTEMPATH/CodeIgniter.php(480): CodeIgniter\CodeIgniter->runController(Object(App\Controllers\Admin))
 8 SYSTEMPATH/CodeIgniter.php(349): CodeIgniter\CodeIgniter->handleRequest(null, Object(Config\Cache), false)
 9 FCPATH/index.php(67): CodeIgniter\CodeIgniter->run()
CRITICAL - 2026-02-13 04:16:28 --> Attempt to read property "blog_id" on null
in APPPATH/Views/admin/edit-blog.php on line 46.
 1 APPPATH/Views/admin/edit-blog.php(46): CodeIgniter\Debug\Exceptions->errorHandler(2, 'Attempt to read property "blog_id" on null', 'APPPATH/Views/admin/edit-blog.php', 46)
 2 SYSTEMPATH/View/View.php(213): include('APPPATH/Views/admin/edit-blog.php')
 3 SYSTEMPATH/View/View.php(216): CodeIgniter\View\View->CodeIgniter\View\{closure}()
 4 SYSTEMPATH/Common.php(1135): CodeIgniter\View\View->render('admin/edit-blog', [], true)
 5 APPPATH/Controllers/Admin.php(3615): view('admin/edit-blog', [...])
 6 SYSTEMPATH/CodeIgniter.php(925): App\Controllers\Admin->edit_our_blog('FCPATH/assets', 'img', 'user', 'u2.jpg')
 7 SYSTEMPATH/CodeIgniter.php(480): CodeIgniter\CodeIgniter->runController(Object(App\Controllers\Admin))
 8 SYSTEMPATH/CodeIgniter.php(349): CodeIgniter\CodeIgniter->handleRequest(null, Object(Config\Cache), false)
 9 FCPATH/index.php(67): CodeIgniter\CodeIgniter->run()
CRITICAL - 2026-02-13 04:16:28 --> Attempt to read property "blog_id" on null
in APPPATH/Views/admin/edit-blog.php on line 46.
 1 APPPATH/Views/admin/edit-blog.php(46): CodeIgniter\Debug\Exceptions->errorHandler(2, 'Attempt to read property "blog_id" on null', 'APPPATH/Views/admin/edit-blog.php', 46)
 2 SYSTEMPATH/View/View.php(213): include('APPPATH/Views/admin/edit-blog.php')
 3 SYSTEMPATH/View/View.php(216): CodeIgniter\View\View->CodeIgniter\View\{closure}()
 4 SYSTEMPATH/Common.php(1135): CodeIgniter\View\View->render('admin/edit-blog', [], true)
 5 APPPATH/Controllers/Admin.php(3615): view('admin/edit-blog', [...])
 6 SYSTEMPATH/CodeIgniter.php(925): App\Controllers\Admin->edit_our_blog('FCPATH/assets', 'img', 'user', 'u5.jpg')
 7 SYSTEMPATH/CodeIgniter.php(480): CodeIgniter\CodeIgniter->runController(Object(App\Controllers\Admin))
 8 SYSTEMPATH/CodeIgniter.php(349): CodeIgniter\CodeIgniter->handleRequest(null, Object(Config\Cache), false)
 9 FCPATH/index.php(67): CodeIgniter\CodeIgniter->run()
CRITICAL - 2026-02-13 04:27:20 --> Attempt to read property "blog_id" on null
in APPPATH/Views/admin/edit-blog.php on line 46.
 1 APPPATH/Views/admin/edit-blog.php(46): CodeIgniter\Debug\Exceptions->errorHandler(2, 'Attempt to read property "blog_id" on null', 'APPPATH/Views/admin/edit-blog.php', 46)
 2 SYSTEMPATH/View/View.php(213): include('APPPATH/Views/admin/edit-blog.php')
 3 SYSTEMPATH/View/View.php(216): CodeIgniter\View\View->CodeIgniter\View\{closure}()
 4 SYSTEMPATH/Common.php(1135): CodeIgniter\View\View->render('admin/edit-blog', [], true)
 5 APPPATH/Controllers/Admin.php(3615): view('admin/edit-blog', [...])
 6 SYSTEMPATH/CodeIgniter.php(925): App\Controllers\Admin->edit_our_blog('FCPATH/assets', 'img', 'user', 'u2.jpg')
 7 SYSTEMPATH/CodeIgniter.php(480): CodeIgniter\CodeIgniter->runController(Object(App\Controllers\Admin))
 8 SYSTEMPATH/CodeIgniter.php(349): CodeIgniter\CodeIgniter->handleRequest(null, Object(Config\Cache), false)
 9 FCPATH/index.php(67): CodeIgniter\CodeIgniter->run()
CRITICAL - 2026-02-13 04:27:20 --> Attempt to read property "blog_id" on null
in APPPATH/Views/admin/edit-blog.php on line 46.
 1 APPPATH/Views/admin/edit-blog.php(46): CodeIgniter\Debug\Exceptions->errorHandler(2, 'Attempt to read property "blog_id" on null', 'APPPATH/Views/admin/edit-blog.php', 46)
 2 SYSTEMPATH/View/View.php(213): include('APPPATH/Views/admin/edit-blog.php')
 3 SYSTEMPATH/View/View.php(216): CodeIgniter\View\View->CodeIgniter\View\{closure}()
 4 SYSTEMPATH/Common.php(1135): CodeIgniter\View\View->render('admin/edit-blog', [], true)
 5 APPPATH/Controllers/Admin.php(3615): view('admin/edit-blog', [...])
 6 SYSTEMPATH/CodeIgniter.php(925): App\Controllers\Admin->edit_our_blog('FCPATH/assets', 'img', 'user', 'u1.jpg')
 7 SYSTEMPATH/CodeIgniter.php(480): CodeIgniter\CodeIgniter->runController(Object(App\Controllers\Admin))
 8 SYSTEMPATH/CodeIgniter.php(349): CodeIgniter\CodeIgniter->handleRequest(null, Object(Config\Cache), false)
 9 FCPATH/index.php(67): CodeIgniter\CodeIgniter->run()
CRITICAL - 2026-02-13 04:27:20 --> Attempt to read property "blog_id" on null
in APPPATH/Views/admin/edit-blog.php on line 46.
 1 APPPATH/Views/admin/edit-blog.php(46): CodeIgniter\Debug\Exceptions->errorHandler(2, 'Attempt to read property "blog_id" on null', 'APPPATH/Views/admin/edit-blog.php', 46)
 2 SYSTEMPATH/View/View.php(213): include('APPPATH/Views/admin/edit-blog.php')
 3 SYSTEMPATH/View/View.php(216): CodeIgniter\View\View->CodeIgniter\View\{closure}()
 4 SYSTEMPATH/Common.php(1135): CodeIgniter\View\View->render('admin/edit-blog', [], true)
 5 APPPATH/Controllers/Admin.php(3615): view('admin/edit-blog', [...])
 6 SYSTEMPATH/CodeIgniter.php(925): App\Controllers\Admin->edit_our_blog('FCPATH/assets', 'img', 'user', 'u4.jpg')
 7 SYSTEMPATH/CodeIgniter.php(480): CodeIgniter\CodeIgniter->runController(Object(App\Controllers\Admin))
 8 SYSTEMPATH/CodeIgniter.php(349): CodeIgniter\CodeIgniter->handleRequest(null, Object(Config\Cache), false)
 9 FCPATH/index.php(67): CodeIgniter\CodeIgniter->run()
CRITICAL - 2026-02-13 04:27:20 --> Attempt to read property "blog_id" on null
in APPPATH/Views/admin/edit-blog.php on line 46.
 1 APPPATH/Views/admin/edit-blog.php(46): CodeIgniter\Debug\Exceptions->errorHandler(2, 'Attempt to read property "blog_id" on null', 'APPPATH/Views/admin/edit-blog.php', 46)
 2 SYSTEMPATH/View/View.php(213): include('APPPATH/Views/admin/edit-blog.php')
 3 SYSTEMPATH/View/View.php(216): CodeIgniter\View\View->CodeIgniter\View\{closure}()
 4 SYSTEMPATH/Common.php(1135): CodeIgniter\View\View->render('admin/edit-blog', [], true)
 5 APPPATH/Controllers/Admin.php(3615): view('admin/edit-blog', [...])
 6 SYSTEMPATH/CodeIgniter.php(925): App\Controllers\Admin->edit_our_blog('FCPATH/assets', 'img', 'user', 'u5.jpg')
 7 SYSTEMPATH/CodeIgniter.php(480): CodeIgniter\CodeIgniter->runController(Object(App\Controllers\Admin))
 8 SYSTEMPATH/CodeIgniter.php(349): CodeIgniter\CodeIgniter->handleRequest(null, Object(Config\Cache), false)
 9 FCPATH/index.php(67): CodeIgniter\CodeIgniter->run()
CRITICAL - 2026-02-13 04:28:54 --> Attempt to read property "blog_id" on null
in APPPATH/Views/admin/edit-blog.php on line 46.
 1 APPPATH/Views/admin/edit-blog.php(46): CodeIgniter\Debug\Exceptions->errorHandler(2, 'Attempt to read property "blog_id" on null', 'APPPATH/Views/admin/edit-blog.php', 46)
 2 SYSTEMPATH/View/View.php(213): include('APPPATH/Views/admin/edit-blog.php')
 3 SYSTEMPATH/View/View.php(216): CodeIgniter\View\View->CodeIgniter\View\{closure}()
 4 SYSTEMPATH/Common.php(1135): CodeIgniter\View\View->render('admin/edit-blog', [], true)
 5 APPPATH/Controllers/Admin.php(3615): view('admin/edit-blog', [...])
 6 SYSTEMPATH/CodeIgniter.php(925): App\Controllers\Admin->edit_our_blog('FCPATH/assets', 'img', 'user', 'u2.jpg')
 7 SYSTEMPATH/CodeIgniter.php(480): CodeIgniter\CodeIgniter->runController(Object(App\Controllers\Admin))
 8 SYSTEMPATH/CodeIgniter.php(349): CodeIgniter\CodeIgniter->handleRequest(null, Object(Config\Cache), false)
 9 FCPATH/index.php(67): CodeIgniter\CodeIgniter->run()
CRITICAL - 2026-02-13 04:28:54 --> Attempt to read property "blog_id" on null
in APPPATH/Views/admin/edit-blog.php on line 46.
 1 APPPATH/Views/admin/edit-blog.php(46): CodeIgniter\Debug\Exceptions->errorHandler(2, 'Attempt to read property "blog_id" on null', 'APPPATH/Views/admin/edit-blog.php', 46)
 2 SYSTEMPATH/View/View.php(213): include('APPPATH/Views/admin/edit-blog.php')
 3 SYSTEMPATH/View/View.php(216): CodeIgniter\View\View->CodeIgniter\View\{closure}()
 4 SYSTEMPATH/Common.php(1135): CodeIgniter\View\View->render('admin/edit-blog', [], true)
 5 APPPATH/Controllers/Admin.php(3615): view('admin/edit-blog', [...])
 6 SYSTEMPATH/CodeIgniter.php(925): App\Controllers\Admin->edit_our_blog('FCPATH/assets', 'img', 'user', 'u5.jpg')
 7 SYSTEMPATH/CodeIgniter.php(480): CodeIgniter\CodeIgniter->runController(Object(App\Controllers\Admin))
 8 SYSTEMPATH/CodeIgniter.php(349): CodeIgniter\CodeIgniter->handleRequest(null, Object(Config\Cache), false)
 9 FCPATH/index.php(67): CodeIgniter\CodeIgniter->run()
CRITICAL - 2026-02-13 04:28:54 --> Attempt to read property "blog_id" on null
in APPPATH/Views/admin/edit-blog.php on line 46.
 1 APPPATH/Views/admin/edit-blog.php(46): CodeIgniter\Debug\Exceptions->errorHandler(2, 'Attempt to read property "blog_id" on null', 'APPPATH/Views/admin/edit-blog.php', 46)
 2 SYSTEMPATH/View/View.php(213): include('APPPATH/Views/admin/edit-blog.php')
 3 SYSTEMPATH/View/View.php(216): CodeIgniter\View\View->CodeIgniter\View\{closure}()
 4 SYSTEMPATH/Common.php(1135): CodeIgniter\View\View->render('admin/edit-blog', [], true)
 5 APPPATH/Controllers/Admin.php(3615): view('admin/edit-blog', [...])
 6 SYSTEMPATH/CodeIgniter.php(925): App\Controllers\Admin->edit_our_blog('FCPATH/assets', 'img', 'user', 'u1.jpg')
 7 SYSTEMPATH/CodeIgniter.php(480): CodeIgniter\CodeIgniter->runController(Object(App\Controllers\Admin))
 8 SYSTEMPATH/CodeIgniter.php(349): CodeIgniter\CodeIgniter->handleRequest(null, Object(Config\Cache), false)
 9 FCPATH/index.php(67): CodeIgniter\CodeIgniter->run()
CRITICAL - 2026-02-13 04:28:54 --> Attempt to read property "blog_id" on null
in APPPATH/Views/admin/edit-blog.php on line 46.
 1 APPPATH/Views/admin/edit-blog.php(46): CodeIgniter\Debug\Exceptions->errorHandler(2, 'Attempt to read property "blog_id" on null', 'APPPATH/Views/admin/edit-blog.php', 46)
 2 SYSTEMPATH/View/View.php(213): include('APPPATH/Views/admin/edit-blog.php')
 3 SYSTEMPATH/View/View.php(216): CodeIgniter\View\View->CodeIgniter\View\{closure}()
 4 SYSTEMPATH/Common.php(1135): CodeIgniter\View\View->render('admin/edit-blog', [], true)
 5 APPPATH/Controllers/Admin.php(3615): view('admin/edit-blog', [...])
 6 SYSTEMPATH/CodeIgniter.php(925): App\Controllers\Admin->edit_our_blog('FCPATH/assets', 'img', 'user', 'u4.jpg')
 7 SYSTEMPATH/CodeIgniter.php(480): CodeIgniter\CodeIgniter->runController(Object(App\Controllers\Admin))
 8 SYSTEMPATH/CodeIgniter.php(349): CodeIgniter\CodeIgniter->handleRequest(null, Object(Config\Cache), false)
 9 FCPATH/index.php(67): CodeIgniter\CodeIgniter->run()
CRITICAL - 2026-02-13 04:29:38 --> Attempt to read property "meta_title" on null
in APPPATH/Controllers/Home.php on line 590.
 1 APPPATH/Controllers/Home.php(590): CodeIgniter\Debug\Exceptions->errorHandler(2, 'Attempt to read property "meta_title" on null', 'APPPATH/Controllers/Home.php', 590)
 2 SYSTEMPATH/CodeIgniter.php(925): App\Controllers\Home->blog_detail('choosing-the-right-life-partner')
 3 SYSTEMPATH/CodeIgniter.php(480): CodeIgniter\CodeIgniter->runController(Object(App\Controllers\Home))
 4 SYSTEMPATH/CodeIgniter.php(349): CodeIgniter\CodeIgniter->handleRequest(null, Object(Config\Cache), false)
 5 FCPATH/index.php(67): CodeIgniter\CodeIgniter->run()
CRITICAL - 2026-02-13 04:30:14 --> Attempt to read property "blog_id" on null
in APPPATH/Views/admin/edit-blog.php on line 46.
 1 APPPATH/Views/admin/edit-blog.php(46): CodeIgniter\Debug\Exceptions->errorHandler(2, 'Attempt to read property "blog_id" on null', 'APPPATH/Views/admin/edit-blog.php', 46)
 2 SYSTEMPATH/View/View.php(213): include('APPPATH/Views/admin/edit-blog.php')
 3 SYSTEMPATH/View/View.php(216): CodeIgniter\View\View->CodeIgniter\View\{closure}()
 4 SYSTEMPATH/Common.php(1135): CodeIgniter\View\View->render('admin/edit-blog', [], true)
 5 APPPATH/Controllers/Admin.php(3615): view('admin/edit-blog', [...])
 6 SYSTEMPATH/CodeIgniter.php(925): App\Controllers\Admin->edit_our_blog('FCPATH/assets', 'img', 'user', 'u2.jpg')
 7 SYSTEMPATH/CodeIgniter.php(480): CodeIgniter\CodeIgniter->runController(Object(App\Controllers\Admin))
 8 SYSTEMPATH/CodeIgniter.php(349): CodeIgniter\CodeIgniter->handleRequest(null, Object(Config\Cache), false)
 9 FCPATH/index.php(67): CodeIgniter\CodeIgniter->run()
CRITICAL - 2026-02-13 04:30:14 --> Attempt to read property "blog_id" on null
in APPPATH/Views/admin/edit-blog.php on line 46.
 1 APPPATH/Views/admin/edit-blog.php(46): CodeIgniter\Debug\Exceptions->errorHandler(2, 'Attempt to read property "blog_id" on null', 'APPPATH/Views/admin/edit-blog.php', 46)
 2 SYSTEMPATH/View/View.php(213): include('APPPATH/Views/admin/edit-blog.php')
 3 SYSTEMPATH/View/View.php(216): CodeIgniter\View\View->CodeIgniter\View\{closure}()
 4 SYSTEMPATH/Common.php(1135): CodeIgniter\View\View->render('admin/edit-blog', [], true)
 5 APPPATH/Controllers/Admin.php(3615): view('admin/edit-blog', [...])
 6 SYSTEMPATH/CodeIgniter.php(925): App\Controllers\Admin->edit_our_blog('FCPATH/assets', 'img', 'user', 'u1.jpg')
 7 SYSTEMPATH/CodeIgniter.php(480): CodeIgniter\CodeIgniter->runController(Object(App\Controllers\Admin))
 8 SYSTEMPATH/CodeIgniter.php(349): CodeIgniter\CodeIgniter->handleRequest(null, Object(Config\Cache), false)
 9 FCPATH/index.php(67): CodeIgniter\CodeIgniter->run()
CRITICAL - 2026-02-13 04:30:14 --> Attempt to read property "blog_id" on null
in APPPATH/Views/admin/edit-blog.php on line 46.
 1 APPPATH/Views/admin/edit-blog.php(46): CodeIgniter\Debug\Exceptions->errorHandler(2, 'Attempt to read property "blog_id" on null', 'APPPATH/Views/admin/edit-blog.php', 46)
 2 SYSTEMPATH/View/View.php(213): include('APPPATH/Views/admin/edit-blog.php')
 3 SYSTEMPATH/View/View.php(216): CodeIgniter\View\View->CodeIgniter\View\{closure}()
 4 SYSTEMPATH/Common.php(1135): CodeIgniter\View\View->render('admin/edit-blog', [], true)
 5 APPPATH/Controllers/Admin.php(3615): view('admin/edit-blog', [...])
 6 SYSTEMPATH/CodeIgniter.php(925): App\Controllers\Admin->edit_our_blog('FCPATH/assets', 'img', 'user', 'u4.jpg')
 7 SYSTEMPATH/CodeIgniter.php(480): CodeIgniter\CodeIgniter->runController(Object(App\Controllers\Admin))
 8 SYSTEMPATH/CodeIgniter.php(349): CodeIgniter\CodeIgniter->handleRequest(null, Object(Config\Cache), false)
 9 FCPATH/index.php(67): CodeIgniter\CodeIgniter->run()
CRITICAL - 2026-02-13 04:30:14 --> Attempt to read property "blog_id" on null
in APPPATH/Views/admin/edit-blog.php on line 46.
 1 APPPATH/Views/admin/edit-blog.php(46): CodeIgniter\Debug\Exceptions->errorHandler(2, 'Attempt to read property "blog_id" on null', 'APPPATH/Views/admin/edit-blog.php', 46)
 2 SYSTEMPATH/View/View.php(213): include('APPPATH/Views/admin/edit-blog.php')
 3 SYSTEMPATH/View/View.php(216): CodeIgniter\View\View->CodeIgniter\View\{closure}()
 4 SYSTEMPATH/Common.php(1135): CodeIgniter\View\View->render('admin/edit-blog', [], true)
 5 APPPATH/Controllers/Admin.php(3615): view('admin/edit-blog', [...])
 6 SYSTEMPATH/CodeIgniter.php(925): App\Controllers\Admin->edit_our_blog('FCPATH/assets', 'img', 'user', 'u5.jpg')
 7 SYSTEMPATH/CodeIgniter.php(480): CodeIgniter\CodeIgniter->runController(Object(App\Controllers\Admin))
 8 SYSTEMPATH/CodeIgniter.php(349): CodeIgniter\CodeIgniter->handleRequest(null, Object(Config\Cache), false)
 9 FCPATH/index.php(67): CodeIgniter\CodeIgniter->run()
CRITICAL - 2026-02-13 04:31:28 --> Attempt to read property "blog_id" on null
in APPPATH/Views/admin/edit-blog.php on line 46.
 1 APPPATH/Views/admin/edit-blog.php(46): CodeIgniter\Debug\Exceptions->errorHandler(2, 'Attempt to read property "blog_id" on null', 'APPPATH/Views/admin/edit-blog.php', 46)
 2 SYSTEMPATH/View/View.php(213): include('APPPATH/Views/admin/edit-blog.php')
 3 SYSTEMPATH/View/View.php(216): CodeIgniter\View\View->CodeIgniter\View\{closure}()
 4 SYSTEMPATH/Common.php(1135): CodeIgniter\View\View->render('admin/edit-blog', [], true)
 5 APPPATH/Controllers/Admin.php(3615): view('admin/edit-blog', [...])
 6 SYSTEMPATH/CodeIgniter.php(925): App\Controllers\Admin->edit_our_blog('FCPATH/assets', 'img', 'user', 'u2.jpg')
 7 SYSTEMPATH/CodeIgniter.php(480): CodeIgniter\CodeIgniter->runController(Object(App\Controllers\Admin))
 8 SYSTEMPATH/CodeIgniter.php(349): CodeIgniter\CodeIgniter->handleRequest(null, Object(Config\Cache), false)
 9 FCPATH/index.php(67): CodeIgniter\CodeIgniter->run()
CRITICAL - 2026-02-13 04:31:28 --> Attempt to read property "blog_id" on null
in APPPATH/Views/admin/edit-blog.php on line 46.
 1 APPPATH/Views/admin/edit-blog.php(46): CodeIgniter\Debug\Exceptions->errorHandler(2, 'Attempt to read property "blog_id" on null', 'APPPATH/Views/admin/edit-blog.php', 46)
 2 SYSTEMPATH/View/View.php(213): include('APPPATH/Views/admin/edit-blog.php')
 3 SYSTEMPATH/View/View.php(216): CodeIgniter\View\View->CodeIgniter\View\{closure}()
 4 SYSTEMPATH/Common.php(1135): CodeIgniter\View\View->render('admin/edit-blog', [], true)
 5 APPPATH/Controllers/Admin.php(3615): view('admin/edit-blog', [...])
 6 SYSTEMPATH/CodeIgniter.php(925): App\Controllers\Admin->edit_our_blog('FCPATH/assets', 'img', 'user', 'u4.jpg')
 7 SYSTEMPATH/CodeIgniter.php(480): CodeIgniter\CodeIgniter->runController(Object(App\Controllers\Admin))
 8 SYSTEMPATH/CodeIgniter.php(349): CodeIgniter\CodeIgniter->handleRequest(null, Object(Config\Cache), false)
 9 FCPATH/index.php(67): CodeIgniter\CodeIgniter->run()
CRITICAL - 2026-02-13 04:31:28 --> Attempt to read property "blog_id" on null
in APPPATH/Views/admin/edit-blog.php on line 46.
 1 APPPATH/Views/admin/edit-blog.php(46): CodeIgniter\Debug\Exceptions->errorHandler(2, 'Attempt to read property "blog_id" on null', 'APPPATH/Views/admin/edit-blog.php', 46)
 2 SYSTEMPATH/View/View.php(213): include('APPPATH/Views/admin/edit-blog.php')
 3 SYSTEMPATH/View/View.php(216): CodeIgniter\View\View->CodeIgniter\View\{closure}()
 4 SYSTEMPATH/Common.php(1135): CodeIgniter\View\View->render('admin/edit-blog', [], true)
 5 APPPATH/Controllers/Admin.php(3615): view('admin/edit-blog', [...])
 6 SYSTEMPATH/CodeIgniter.php(925): App\Controllers\Admin->edit_our_blog('FCPATH/assets', 'img', 'user', 'u5.jpg')
 7 SYSTEMPATH/CodeIgniter.php(480): CodeIgniter\CodeIgniter->runController(Object(App\Controllers\Admin))
 8 SYSTEMPATH/CodeIgniter.php(349): CodeIgniter\CodeIgniter->handleRequest(null, Object(Config\Cache), false)
 9 FCPATH/index.php(67): CodeIgniter\CodeIgniter->run()
CRITICAL - 2026-02-13 04:31:28 --> Attempt to read property "blog_id" on null
in APPPATH/Views/admin/edit-blog.php on line 46.
 1 APPPATH/Views/admin/edit-blog.php(46): CodeIgniter\Debug\Exceptions->errorHandler(2, 'Attempt to read property "blog_id" on null', 'APPPATH/Views/admin/edit-blog.php', 46)
 2 SYSTEMPATH/View/View.php(213): include('APPPATH/Views/admin/edit-blog.php')
 3 SYSTEMPATH/View/View.php(216): CodeIgniter\View\View->CodeIgniter\View\{closure}()
 4 SYSTEMPATH/Common.php(1135): CodeIgniter\View\View->render('admin/edit-blog', [], true)
 5 APPPATH/Controllers/Admin.php(3615): view('admin/edit-blog', [...])
 6 SYSTEMPATH/CodeIgniter.php(925): App\Controllers\Admin->edit_our_blog('FCPATH/assets', 'img', 'user', 'u1.jpg')
 7 SYSTEMPATH/CodeIgniter.php(480): CodeIgniter\CodeIgniter->runController(Object(App\Controllers\Admin))
 8 SYSTEMPATH/CodeIgniter.php(349): CodeIgniter\CodeIgniter->handleRequest(null, Object(Config\Cache), false)
 9 FCPATH/index.php(67): CodeIgniter\CodeIgniter->run()
CRITICAL - 2026-02-13 07:38:57 --> Attempt to read property "religion_id" on null
in APPPATH/Controllers/Admin.php on line 4956.
 1 APPPATH/Controllers/Admin.php(4956): CodeIgniter\Debug\Exceptions->errorHandler(2, 'Attempt to read property "religion_id" on null', 'APPPATH/Controllers/Admin.php', 4956)
 2 SYSTEMPATH/CodeIgniter.php(925): App\Controllers\Admin->profile_view('FCPATH/assets', 'img', 'user', 'u2.jpg')
 3 SYSTEMPATH/CodeIgniter.php(480): CodeIgniter\CodeIgniter->runController(Object(App\Controllers\Admin))
 4 SYSTEMPATH/CodeIgniter.php(349): CodeIgniter\CodeIgniter->handleRequest(null, Object(Config\Cache), false)
 5 FCPATH/index.php(67): CodeIgniter\CodeIgniter->run()
CRITICAL - 2026-02-13 07:38:57 --> Attempt to read property "religion_id" on null
in APPPATH/Controllers/Admin.php on line 4956.
 1 APPPATH/Controllers/Admin.php(4956): CodeIgniter\Debug\Exceptions->errorHandler(2, 'Attempt to read property "religion_id" on null', 'APPPATH/Controllers/Admin.php', 4956)
 2 SYSTEMPATH/CodeIgniter.php(925): App\Controllers\Admin->profile_view('FCPATH/assets', 'img', 'user', 'u1.jpg')
 3 SYSTEMPATH/CodeIgniter.php(480): CodeIgniter\CodeIgniter->runController(Object(App\Controllers\Admin))
 4 SYSTEMPATH/CodeIgniter.php(349): CodeIgniter\CodeIgniter->handleRequest(null, Object(Config\Cache), false)
 5 FCPATH/index.php(67): CodeIgniter\CodeIgniter->run()
CRITICAL - 2026-02-13 07:38:57 --> Attempt to read property "religion_id" on null
in APPPATH/Controllers/Admin.php on line 4956.
 1 APPPATH/Controllers/Admin.php(4956): CodeIgniter\Debug\Exceptions->errorHandler(2, 'Attempt to read property "religion_id" on null', 'APPPATH/Controllers/Admin.php', 4956)
 2 SYSTEMPATH/CodeIgniter.php(925): App\Controllers\Admin->profile_view('FCPATH/assets', 'img', 'user', 'u5.jpg')
 3 SYSTEMPATH/CodeIgniter.php(480): CodeIgniter\CodeIgniter->runController(Object(App\Controllers\Admin))
 4 SYSTEMPATH/CodeIgniter.php(349): CodeIgniter\CodeIgniter->handleRequest(null, Object(Config\Cache), false)
 5 FCPATH/index.php(67): CodeIgniter\CodeIgniter->run()
CRITICAL - 2026-02-13 07:38:57 --> Attempt to read property "religion_id" on null
in APPPATH/Controllers/Admin.php on line 4956.
 1 APPPATH/Controllers/Admin.php(4956): CodeIgniter\Debug\Exceptions->errorHandler(2, 'Attempt to read property "religion_id" on null', 'APPPATH/Controllers/Admin.php', 4956)
 2 SYSTEMPATH/CodeIgniter.php(925): App\Controllers\Admin->profile_view('FCPATH/assets', 'img', 'user', 'u4.jpg')
 3 SYSTEMPATH/CodeIgniter.php(480): CodeIgniter\CodeIgniter->runController(Object(App\Controllers\Admin))
 4 SYSTEMPATH/CodeIgniter.php(349): CodeIgniter\CodeIgniter->handleRequest(null, Object(Config\Cache), false)
 5 FCPATH/index.php(67): CodeIgniter\CodeIgniter->run()
CRITICAL - 2026-02-13 07:45:30 --> Attempt to read property "blog_id" on null
in APPPATH/Views/admin/edit-blog.php on line 46.
 1 APPPATH/Views/admin/edit-blog.php(46): CodeIgniter\Debug\Exceptions->errorHandler(2, 'Attempt to read property "blog_id" on null', 'APPPATH/Views/admin/edit-blog.php', 46)
 2 SYSTEMPATH/View/View.php(213): include('APPPATH/Views/admin/edit-blog.php')
 3 SYSTEMPATH/View/View.php(216): CodeIgniter\View\View->CodeIgniter\View\{closure}()
 4 SYSTEMPATH/Common.php(1135): CodeIgniter\View\View->render('admin/edit-blog', [], true)
 5 APPPATH/Controllers/Admin.php(3615): view('admin/edit-blog', [...])
 6 SYSTEMPATH/CodeIgniter.php(925): App\Controllers\Admin->edit_our_blog('FCPATH/assets', 'img', 'user', 'u2.jpg')
 7 SYSTEMPATH/CodeIgniter.php(480): CodeIgniter\CodeIgniter->runController(Object(App\Controllers\Admin))
 8 SYSTEMPATH/CodeIgniter.php(349): CodeIgniter\CodeIgniter->handleRequest(null, Object(Config\Cache), false)
 9 FCPATH/index.php(67): CodeIgniter\CodeIgniter->run()
CRITICAL - 2026-02-13 07:45:30 --> Attempt to read property "blog_id" on null
in APPPATH/Views/admin/edit-blog.php on line 46.
 1 APPPATH/Views/admin/edit-blog.php(46): CodeIgniter\Debug\Exceptions->errorHandler(2, 'Attempt to read property "blog_id" on null', 'APPPATH/Views/admin/edit-blog.php', 46)
 2 SYSTEMPATH/View/View.php(213): include('APPPATH/Views/admin/edit-blog.php')
 3 SYSTEMPATH/View/View.php(216): CodeIgniter\View\View->CodeIgniter\View\{closure}()
 4 SYSTEMPATH/Common.php(1135): CodeIgniter\View\View->render('admin/edit-blog', [], true)
 5 APPPATH/Controllers/Admin.php(3615): view('admin/edit-blog', [...])
 6 SYSTEMPATH/CodeIgniter.php(925): App\Controllers\Admin->edit_our_blog('FCPATH/assets', 'img', 'user', 'u5.jpg')
 7 SYSTEMPATH/CodeIgniter.php(480): CodeIgniter\CodeIgniter->runController(Object(App\Controllers\Admin))
 8 SYSTEMPATH/CodeIgniter.php(349): CodeIgniter\CodeIgniter->handleRequest(null, Object(Config\Cache), false)
 9 FCPATH/index.php(67): CodeIgniter\CodeIgniter->run()
CRITICAL - 2026-02-13 07:45:30 --> Attempt to read property "blog_id" on null
in APPPATH/Views/admin/edit-blog.php on line 46.
 1 APPPATH/Views/admin/edit-blog.php(46): CodeIgniter\Debug\Exceptions->errorHandler(2, 'Attempt to read property "blog_id" on null', 'APPPATH/Views/admin/edit-blog.php', 46)
 2 SYSTEMPATH/View/View.php(213): include('APPPATH/Views/admin/edit-blog.php')
 3 SYSTEMPATH/View/View.php(216): CodeIgniter\View\View->CodeIgniter\View\{closure}()
 4 SYSTEMPATH/Common.php(1135): CodeIgniter\View\View->render('admin/edit-blog', [], true)
 5 APPPATH/Controllers/Admin.php(3615): view('admin/edit-blog', [...])
 6 SYSTEMPATH/CodeIgniter.php(925): App\Controllers\Admin->edit_our_blog('FCPATH/assets', 'img', 'user', 'u1.jpg')
 7 SYSTEMPATH/CodeIgniter.php(480): CodeIgniter\CodeIgniter->runController(Object(App\Controllers\Admin))
 8 SYSTEMPATH/CodeIgniter.php(349): CodeIgniter\CodeIgniter->handleRequest(null, Object(Config\Cache), false)
 9 FCPATH/index.php(67): CodeIgniter\CodeIgniter->run()
CRITICAL - 2026-02-13 07:45:30 --> Attempt to read property "blog_id" on null
in APPPATH/Views/admin/edit-blog.php on line 46.
 1 APPPATH/Views/admin/edit-blog.php(46): CodeIgniter\Debug\Exceptions->errorHandler(2, 'Attempt to read property "blog_id" on null', 'APPPATH/Views/admin/edit-blog.php', 46)
 2 SYSTEMPATH/View/View.php(213): include('APPPATH/Views/admin/edit-blog.php')
 3 SYSTEMPATH/View/View.php(216): CodeIgniter\View\View->CodeIgniter\View\{closure}()
 4 SYSTEMPATH/Common.php(1135): CodeIgniter\View\View->render('admin/edit-blog', [], true)
 5 APPPATH/Controllers/Admin.php(3615): view('admin/edit-blog', [...])
 6 SYSTEMPATH/CodeIgniter.php(925): App\Controllers\Admin->edit_our_blog('FCPATH/assets', 'img', 'user', 'u4.jpg')
 7 SYSTEMPATH/CodeIgniter.php(480): CodeIgniter\CodeIgniter->runController(Object(App\Controllers\Admin))
 8 SYSTEMPATH/CodeIgniter.php(349): CodeIgniter\CodeIgniter->handleRequest(null, Object(Config\Cache), false)
 9 FCPATH/index.php(67): CodeIgniter\CodeIgniter->run()
CRITICAL - 2026-02-13 07:49:03 --> Attempt to read property "blog_id" on null
in APPPATH/Views/admin/edit-blog.php on line 46.
 1 APPPATH/Views/admin/edit-blog.php(46): CodeIgniter\Debug\Exceptions->errorHandler(2, 'Attempt to read property "blog_id" on null', 'APPPATH/Views/admin/edit-blog.php', 46)
 2 SYSTEMPATH/View/View.php(213): include('APPPATH/Views/admin/edit-blog.php')
 3 SYSTEMPATH/View/View.php(216): CodeIgniter\View\View->CodeIgniter\View\{closure}()
 4 SYSTEMPATH/Common.php(1135): CodeIgniter\View\View->render('admin/edit-blog', [], true)
 5 APPPATH/Controllers/Admin.php(3615): view('admin/edit-blog', [...])
 6 SYSTEMPATH/CodeIgniter.php(925): App\Controllers\Admin->edit_our_blog('FCPATH/assets', 'img', 'user', 'u2.jpg')
 7 SYSTEMPATH/CodeIgniter.php(480): CodeIgniter\CodeIgniter->runController(Object(App\Controllers\Admin))
 8 SYSTEMPATH/CodeIgniter.php(349): CodeIgniter\CodeIgniter->handleRequest(null, Object(Config\Cache), false)
 9 FCPATH/index.php(67): CodeIgniter\CodeIgniter->run()
CRITICAL - 2026-02-13 07:49:03 --> Attempt to read property "blog_id" on null
in APPPATH/Views/admin/edit-blog.php on line 46.
 1 APPPATH/Views/admin/edit-blog.php(46): CodeIgniter\Debug\Exceptions->errorHandler(2, 'Attempt to read property "blog_id" on null', 'APPPATH/Views/admin/edit-blog.php', 46)
 2 SYSTEMPATH/View/View.php(213): include('APPPATH/Views/admin/edit-blog.php')
 3 SYSTEMPATH/View/View.php(216): CodeIgniter\View\View->CodeIgniter\View\{closure}()
 4 SYSTEMPATH/Common.php(1135): CodeIgniter\View\View->render('admin/edit-blog', [], true)
 5 APPPATH/Controllers/Admin.php(3615): view('admin/edit-blog', [...])
 6 SYSTEMPATH/CodeIgniter.php(925): App\Controllers\Admin->edit_our_blog('FCPATH/assets', 'img', 'user', 'u4.jpg')
 7 SYSTEMPATH/CodeIgniter.php(480): CodeIgniter\CodeIgniter->runController(Object(App\Controllers\Admin))
 8 SYSTEMPATH/CodeIgniter.php(349): CodeIgniter\CodeIgniter->handleRequest(null, Object(Config\Cache), false)
 9 FCPATH/index.php(67): CodeIgniter\CodeIgniter->run()
CRITICAL - 2026-02-13 07:49:03 --> Attempt to read property "blog_id" on null
in APPPATH/Views/admin/edit-blog.php on line 46.
 1 APPPATH/Views/admin/edit-blog.php(46): CodeIgniter\Debug\Exceptions->errorHandler(2, 'Attempt to read property "blog_id" on null', 'APPPATH/Views/admin/edit-blog.php', 46)
 2 SYSTEMPATH/View/View.php(213): include('APPPATH/Views/admin/edit-blog.php')
 3 SYSTEMPATH/View/View.php(216): CodeIgniter\View\View->CodeIgniter\View\{closure}()
 4 SYSTEMPATH/Common.php(1135): CodeIgniter\View\View->render('admin/edit-blog', [], true)
 5 APPPATH/Controllers/Admin.php(3615): view('admin/edit-blog', [...])
 6 SYSTEMPATH/CodeIgniter.php(925): App\Controllers\Admin->edit_our_blog('FCPATH/assets', 'img', 'user', 'u1.jpg')
 7 SYSTEMPATH/CodeIgniter.php(480): CodeIgniter\CodeIgniter->runController(Object(App\Controllers\Admin))
 8 SYSTEMPATH/CodeIgniter.php(349): CodeIgniter\CodeIgniter->handleRequest(null, Object(Config\Cache), false)
 9 FCPATH/index.php(67): CodeIgniter\CodeIgniter->run()
CRITICAL - 2026-02-13 07:49:03 --> Attempt to read property "blog_id" on null
in APPPATH/Views/admin/edit-blog.php on line 46.
 1 APPPATH/Views/admin/edit-blog.php(46): CodeIgniter\Debug\Exceptions->errorHandler(2, 'Attempt to read property "blog_id" on null', 'APPPATH/Views/admin/edit-blog.php', 46)
 2 SYSTEMPATH/View/View.php(213): include('APPPATH/Views/admin/edit-blog.php')
 3 SYSTEMPATH/View/View.php(216): CodeIgniter\View\View->CodeIgniter\View\{closure}()
 4 SYSTEMPATH/Common.php(1135): CodeIgniter\View\View->render('admin/edit-blog', [], true)
 5 APPPATH/Controllers/Admin.php(3615): view('admin/edit-blog', [...])
 6 SYSTEMPATH/CodeIgniter.php(925): App\Controllers\Admin->edit_our_blog('FCPATH/assets', 'img', 'user', 'u5.jpg')
 7 SYSTEMPATH/CodeIgniter.php(480): CodeIgniter\CodeIgniter->runController(Object(App\Controllers\Admin))
 8 SYSTEMPATH/CodeIgniter.php(349): CodeIgniter\CodeIgniter->handleRequest(null, Object(Config\Cache), false)
 9 FCPATH/index.php(67): CodeIgniter\CodeIgniter->run()
