CRITICAL - 2024-04-09 02:28:37 --> Undefined variable $commanmodel
in APPPATH/Controllers/Admin.php on line 314.
 1 APPPATH/Controllers/Admin.php(314): CodeIgniter\Debug\Exceptions->errorHandler(2, 'Undefined variable $commanmodel', 'APPPATH/Controllers/Admin.php', 314)
 2 SYSTEMPATH/CodeIgniter.php(925): App\Controllers\Admin->create_franchise()
 3 SYSTEMPATH/CodeIgniter.php(480): CodeIgniter\CodeIgniter->runController(Object(App\Controllers\Admin))
 4 SYSTEMPATH/CodeIgniter.php(349): CodeIgniter\CodeIgniter->handleRequest(null, Object(Config\Cache), false)
 5 FCPATH/index.php(67): CodeIgniter\CodeIgniter->run()
CRITICAL - 2024-04-09 03:34:07 --> Undefined variable $commanmodel
in APPPATH/Controllers/Admin.php on line 314.
 1 APPPATH/Controllers/Admin.php(314): CodeIgniter\Debug\Exceptions->errorHandler(2, 'Undefined variable $commanmodel', 'APPPATH/Controllers/Admin.php', 314)
 2 SYSTEMPATH/CodeIgniter.php(925): App\Controllers\Admin->create_franchise()
 3 SYSTEMPATH/CodeIgniter.php(480): CodeIgniter\CodeIgniter->runController(Object(App\Controllers\Admin))
 4 SYSTEMPATH/CodeIgniter.php(349): CodeIgniter\CodeIgniter->handleRequest(null, Object(Config\Cache), false)
 5 FCPATH/index.php(67): CodeIgniter\CodeIgniter->run()
CRITICAL - 2024-04-09 03:34:13 --> Undefined variable $commanmodel
in APPPATH/Controllers/Admin.php on line 314.
 1 APPPATH/Controllers/Admin.php(314): CodeIgniter\Debug\Exceptions->errorHandler(2, 'Undefined variable $commanmodel', 'APPPATH/Controllers/Admin.php', 314)
 2 SYSTEMPATH/CodeIgniter.php(925): App\Controllers\Admin->create_franchise()
 3 SYSTEMPATH/CodeIgniter.php(480): CodeIgniter\CodeIgniter->runController(Object(App\Controllers\Admin))
 4 SYSTEMPATH/CodeIgniter.php(349): CodeIgniter\CodeIgniter->handleRequest(null, Object(Config\Cache), false)
 5 FCPATH/index.php(67): CodeIgniter\CodeIgniter->run()
CRITICAL - 2024-04-09 03:47:55 --> Undefined variable $employee
in APPPATH/Controllers/Admin.php on line 335.
 1 APPPATH/Controllers/Admin.php(335): CodeIgniter\Debug\Exceptions->errorHandler(2, 'Undefined variable $employee', 'APPPATH/Controllers/Admin.php', 335)
 2 SYSTEMPATH/CodeIgniter.php(925): App\Controllers\Admin->create_franchise_process()
 3 SYSTEMPATH/CodeIgniter.php(480): CodeIgniter\CodeIgniter->runController(Object(App\Controllers\Admin))
 4 SYSTEMPATH/CodeIgniter.php(349): CodeIgniter\CodeIgniter->handleRequest(null, Object(Config\Cache), false)
 5 FCPATH/index.php(67): CodeIgniter\CodeIgniter->run()
