CRITICAL - 2025-01-15 00:00:58 --> Undefined variable $coupon_primary_image
in APPPATH/Controllers/Admin.php on line 1461.
 1 APPPATH/Controllers/Admin.php(1461): CodeIgniter\Debug\Exceptions->errorHandler(2, 'Undefined variable $coupon_primary_image', 'APPPATH/Controllers/Admin.php', 1461)
 2 SYSTEMPATH/CodeIgniter.php(925): App\Controllers\Admin->coupon_save()
 3 SYSTEMPATH/CodeIgniter.php(480): CodeIgniter\CodeIgniter->runController(Object(App\Controllers\Admin))
 4 SYSTEMPATH/CodeIgniter.php(349): CodeIgniter\CodeIgniter->handleRequest(null, Object(Config\Cache), false)
 5 FCPATH/index.php(67): CodeIgniter\CodeIgniter->run()
CRITICAL - 2025-01-15 00:03:46 --> Undefined variable $coupon_primary_image
in APPPATH/Controllers/Admin.php on line 1461.
 1 APPPATH/Controllers/Admin.php(1461): CodeIgniter\Debug\Exceptions->errorHandler(2, 'Undefined variable $coupon_primary_image', 'APPPATH/Controllers/Admin.php', 1461)
 2 SYSTEMPATH/CodeIgniter.php(925): App\Controllers\Admin->coupon_save()
 3 SYSTEMPATH/CodeIgniter.php(480): CodeIgniter\CodeIgniter->runController(Object(App\Controllers\Admin))
 4 SYSTEMPATH/CodeIgniter.php(349): CodeIgniter\CodeIgniter->handleRequest(null, Object(Config\Cache), false)
 5 FCPATH/index.php(67): CodeIgniter\CodeIgniter->run()
CRITICAL - 2025-01-15 00:04:58 --> Undefined variable $coupon_primary_image
in APPPATH/Controllers/Admin.php on line 1461.
 1 APPPATH/Controllers/Admin.php(1461): CodeIgniter\Debug\Exceptions->errorHandler(2, 'Undefined variable $coupon_primary_image', 'APPPATH/Controllers/Admin.php', 1461)
 2 SYSTEMPATH/CodeIgniter.php(925): App\Controllers\Admin->coupon_save()
 3 SYSTEMPATH/CodeIgniter.php(480): CodeIgniter\CodeIgniter->runController(Object(App\Controllers\Admin))
 4 SYSTEMPATH/CodeIgniter.php(349): CodeIgniter\CodeIgniter->handleRequest(null, Object(Config\Cache), false)
 5 FCPATH/index.php(67): CodeIgniter\CodeIgniter->run()
CRITICAL - 2025-01-15 00:14:25 --> strip_tags(): Passing null to parameter #1 ($string) of type string is deprecated
in APPPATH/Controllers/Admin.php on line 1526.
 1 [internal function]: CodeIgniter\Debug\Exceptions->errorHandler(8192, 'strip_tags(): Passing null to parameter #1 ($string) of type string is deprecated', 'APPPATH/Controllers/Admin.php', 1526)
 2 APPPATH/Controllers/Admin.php(1526): strip_tags(null)
 3 SYSTEMPATH/CodeIgniter.php(925): App\Controllers\Admin->coupon_update()
 4 SYSTEMPATH/CodeIgniter.php(480): CodeIgniter\CodeIgniter->runController(Object(App\Controllers\Admin))
 5 SYSTEMPATH/CodeIgniter.php(349): CodeIgniter\CodeIgniter->handleRequest(null, Object(Config\Cache), false)
 6 FCPATH/index.php(67): CodeIgniter\CodeIgniter->run()
CRITICAL - 2025-01-15 00:17:10 --> Undefined variable $status_color
in APPPATH/Controllers/Admin.php on line 1530.
 1 APPPATH/Controllers/Admin.php(1530): CodeIgniter\Debug\Exceptions->errorHandler(2, 'Undefined variable $status_color', 'APPPATH/Controllers/Admin.php', 1530)
 2 SYSTEMPATH/CodeIgniter.php(925): App\Controllers\Admin->coupon_update()
 3 SYSTEMPATH/CodeIgniter.php(480): CodeIgniter\CodeIgniter->runController(Object(App\Controllers\Admin))
 4 SYSTEMPATH/CodeIgniter.php(349): CodeIgniter\CodeIgniter->handleRequest(null, Object(Config\Cache), false)
 5 FCPATH/index.php(67): CodeIgniter\CodeIgniter->run()
CRITICAL - 2025-01-15 00:23:42 --> Attempt to read property "product_thumbnail" on null
in APPPATH/Controllers/Admin.php on line 4033.
 1 APPPATH/Controllers/Admin.php(4033): CodeIgniter\Debug\Exceptions->errorHandler(2, 'Attempt to read property "product_thumbnail" on null', 'APPPATH/Controllers/Admin.php', 4033)
 2 SYSTEMPATH/CodeIgniter.php(925): App\Controllers\Admin->orderlist()
 3 SYSTEMPATH/CodeIgniter.php(480): CodeIgniter\CodeIgniter->runController(Object(App\Controllers\Admin))
 4 SYSTEMPATH/CodeIgniter.php(349): CodeIgniter\CodeIgniter->handleRequest(null, Object(Config\Cache), false)
 5 FCPATH/index.php(67): CodeIgniter\CodeIgniter->run()
CRITICAL - 2025-01-15 00:27:42 --> Attempt to read property "product_thumbnail" on null
in APPPATH/Controllers/Admin.php on line 4033.
 1 APPPATH/Controllers/Admin.php(4033): CodeIgniter\Debug\Exceptions->errorHandler(2, 'Attempt to read property "product_thumbnail" on null', 'APPPATH/Controllers/Admin.php', 4033)
 2 SYSTEMPATH/CodeIgniter.php(925): App\Controllers\Admin->orderlist()
 3 SYSTEMPATH/CodeIgniter.php(480): CodeIgniter\CodeIgniter->runController(Object(App\Controllers\Admin))
 4 SYSTEMPATH/CodeIgniter.php(349): CodeIgniter\CodeIgniter->handleRequest(null, Object(Config\Cache), false)
 5 FCPATH/index.php(67): CodeIgniter\CodeIgniter->run()
CRITICAL - 2025-01-15 00:47:40 --> Attempt to read property "product_id" on null
in APPPATH/Controllers/Admin.php on line 2374.
 1 APPPATH/Controllers/Admin.php(2374): CodeIgniter\Debug\Exceptions->errorHandler(2, 'Attempt to read property "product_id" on null', 'APPPATH/Controllers/Admin.php', 2374)
 2 SYSTEMPATH/CodeIgniter.php(925): App\Controllers\Admin->edit_product('FCPATH/assets', 'img', 'logo', 'favicon.png')
 3 SYSTEMPATH/CodeIgniter.php(480): CodeIgniter\CodeIgniter->runController(Object(App\Controllers\Admin))
 4 SYSTEMPATH/CodeIgniter.php(349): CodeIgniter\CodeIgniter->handleRequest(null, Object(Config\Cache), false)
 5 FCPATH/index.php(67): CodeIgniter\CodeIgniter->run()
CRITICAL - 2025-01-15 00:47:40 --> Attempt to read property "product_id" on null
in APPPATH/Controllers/Admin.php on line 2374.
 1 APPPATH/Controllers/Admin.php(2374): CodeIgniter\Debug\Exceptions->errorHandler(2, 'Attempt to read property "product_id" on null', 'APPPATH/Controllers/Admin.php', 2374)
 2 SYSTEMPATH/CodeIgniter.php(925): App\Controllers\Admin->edit_product('FCPATH/assets', 'img', 'user', 'u2.jpg')
 3 SYSTEMPATH/CodeIgniter.php(480): CodeIgniter\CodeIgniter->runController(Object(App\Controllers\Admin))
 4 SYSTEMPATH/CodeIgniter.php(349): CodeIgniter\CodeIgniter->handleRequest(null, Object(Config\Cache), false)
 5 FCPATH/index.php(67): CodeIgniter\CodeIgniter->run()
CRITICAL - 2025-01-15 00:47:40 --> Attempt to read property "product_id" on null
in APPPATH/Controllers/Admin.php on line 2374.
 1 APPPATH/Controllers/Admin.php(2374): CodeIgniter\Debug\Exceptions->errorHandler(2, 'Attempt to read property "product_id" on null', 'APPPATH/Controllers/Admin.php', 2374)
 2 SYSTEMPATH/CodeIgniter.php(925): App\Controllers\Admin->edit_product('FCPATH/assets', 'img', 'user', 'u1.jpg')
 3 SYSTEMPATH/CodeIgniter.php(480): CodeIgniter\CodeIgniter->runController(Object(App\Controllers\Admin))
 4 SYSTEMPATH/CodeIgniter.php(349): CodeIgniter\CodeIgniter->handleRequest(null, Object(Config\Cache), false)
 5 FCPATH/index.php(67): CodeIgniter\CodeIgniter->run()
CRITICAL - 2025-01-15 00:47:40 --> Attempt to read property "product_id" on null
in APPPATH/Controllers/Admin.php on line 2374.
 1 APPPATH/Controllers/Admin.php(2374): CodeIgniter\Debug\Exceptions->errorHandler(2, 'Attempt to read property "product_id" on null', 'APPPATH/Controllers/Admin.php', 2374)
 2 SYSTEMPATH/CodeIgniter.php(925): App\Controllers\Admin->edit_product('FCPATH/assets', 'img', 'user', 'u5.jpg')
 3 SYSTEMPATH/CodeIgniter.php(480): CodeIgniter\CodeIgniter->runController(Object(App\Controllers\Admin))
 4 SYSTEMPATH/CodeIgniter.php(349): CodeIgniter\CodeIgniter->handleRequest(null, Object(Config\Cache), false)
 5 FCPATH/index.php(67): CodeIgniter\CodeIgniter->run()
CRITICAL - 2025-01-15 00:47:40 --> Attempt to read property "product_id" on null
in APPPATH/Controllers/Admin.php on line 2374.
 1 APPPATH/Controllers/Admin.php(2374): CodeIgniter\Debug\Exceptions->errorHandler(2, 'Attempt to read property "product_id" on null', 'APPPATH/Controllers/Admin.php', 2374)
 2 SYSTEMPATH/CodeIgniter.php(925): App\Controllers\Admin->edit_product('FCPATH/assets', 'img', 'user', 'u4.jpg')
 3 SYSTEMPATH/CodeIgniter.php(480): CodeIgniter\CodeIgniter->runController(Object(App\Controllers\Admin))
 4 SYSTEMPATH/CodeIgniter.php(349): CodeIgniter\CodeIgniter->handleRequest(null, Object(Config\Cache), false)
 5 FCPATH/index.php(67): CodeIgniter\CodeIgniter->run()
CRITICAL - 2025-01-15 01:17:34 --> Invalid file: admin/manage-address.php
in SYSTEMPATH/Exceptions/FrameworkException.php on line 33.
 1 SYSTEMPATH/View/View.php(201): CodeIgniter\Exceptions\FrameworkException::forInvalidFile('admin/manage-address.php')
 2 SYSTEMPATH/Common.php(1135): CodeIgniter\View\View->render('admin/manage-address', [], true)
 3 APPPATH/Controllers/Admin.php(423): view('admin/manage-address', [...])
 4 SYSTEMPATH/CodeIgniter.php(925): App\Controllers\Admin->password_manage_process()
 5 SYSTEMPATH/CodeIgniter.php(480): CodeIgniter\CodeIgniter->runController(Object(App\Controllers\Admin))
 6 SYSTEMPATH/CodeIgniter.php(349): CodeIgniter\CodeIgniter->handleRequest(null, Object(Config\Cache), false)
 7 FCPATH/index.php(67): CodeIgniter\CodeIgniter->run()
CRITICAL - 2025-01-15 01:35:14 --> Undefined variable $session
in APPPATH/Views/admin/setting.php on line 44.
 1 APPPATH/Views/admin/setting.php(44): CodeIgniter\Debug\Exceptions->errorHandler(2, 'Undefined variable $session', 'APPPATH/Views/admin/setting.php', 44)
 2 SYSTEMPATH/View/View.php(213): include('APPPATH/Views/admin/setting.php')
 3 SYSTEMPATH/View/View.php(216): CodeIgniter\View\View->CodeIgniter\View\{closure}()
 4 SYSTEMPATH/Common.php(1135): CodeIgniter\View\View->render('admin/setting', [], true)
 5 APPPATH/Controllers/Admin.php(345): view('admin/setting', [...])
 6 SYSTEMPATH/CodeIgniter.php(925): App\Controllers\Admin->setting()
 7 SYSTEMPATH/CodeIgniter.php(480): CodeIgniter\CodeIgniter->runController(Object(App\Controllers\Admin))
 8 SYSTEMPATH/CodeIgniter.php(349): CodeIgniter\CodeIgniter->handleRequest(null, Object(Config\Cache), false)
 9 FCPATH/index.php(67): CodeIgniter\CodeIgniter->run()
CRITICAL - 2025-01-15 01:38:16 --> Attempt to read property "product_id" on null
in APPPATH/Controllers/Admin.php on line 2416.
 1 APPPATH/Controllers/Admin.php(2416): CodeIgniter\Debug\Exceptions->errorHandler(2, 'Attempt to read property "product_id" on null', 'APPPATH/Controllers/Admin.php', 2416)
 2 SYSTEMPATH/CodeIgniter.php(925): App\Controllers\Admin->edit_product('15')
 3 SYSTEMPATH/CodeIgniter.php(480): CodeIgniter\CodeIgniter->runController(Object(App\Controllers\Admin))
 4 SYSTEMPATH/CodeIgniter.php(349): CodeIgniter\CodeIgniter->handleRequest(null, Object(Config\Cache), false)
 5 FCPATH/index.php(67): CodeIgniter\CodeIgniter->run()
CRITICAL - 2025-01-15 02:59:58 --> Undefined variable $file
in APPPATH/Controllers/Admin.php on line 378.
 1 APPPATH/Controllers/Admin.php(378): CodeIgniter\Debug\Exceptions->errorHandler(2, 'Undefined variable $file', 'APPPATH/Controllers/Admin.php', 378)
 2 SYSTEMPATH/CodeIgniter.php(925): App\Controllers\Admin->address_manage_process()
 3 SYSTEMPATH/CodeIgniter.php(480): CodeIgniter\CodeIgniter->runController(Object(App\Controllers\Admin))
 4 SYSTEMPATH/CodeIgniter.php(349): CodeIgniter\CodeIgniter->handleRequest(null, Object(Config\Cache), false)
 5 FCPATH/index.php(67): CodeIgniter\CodeIgniter->run()
CRITICAL - 2025-01-15 02:59:58 --> Undefined variable $file
in APPPATH/Controllers/Admin.php on line 378.
 1 APPPATH/Controllers/Admin.php(378): CodeIgniter\Debug\Exceptions->errorHandler(2, 'Undefined variable $file', 'APPPATH/Controllers/Admin.php', 378)
 2 SYSTEMPATH/CodeIgniter.php(925): App\Controllers\Admin->address_manage_process()
 3 SYSTEMPATH/CodeIgniter.php(480): CodeIgniter\CodeIgniter->runController(Object(App\Controllers\Admin))
 4 SYSTEMPATH/CodeIgniter.php(349): CodeIgniter\CodeIgniter->handleRequest(null, Object(Config\Cache), false)
 5 FCPATH/index.php(67): CodeIgniter\CodeIgniter->run()
ERROR - 2025-01-15 03:57:15 --> mysqli_sql_exception: Unknown column 'phone_three' in 'field list' in /home2/aseelectricalco/public_html/newecom/system/Database/MySQLi/Connection.php:292
Stack trace:
#0 /home2/aseelectricalco/public_html/newecom/system/Database/MySQLi/Connection.php(292): mysqli->query('UPDATE `address...', 0)
#1 /home2/aseelectricalco/public_html/newecom/system/Database/BaseConnection.php(666): CodeIgniter\Database\MySQLi\Connection->execute('UPDATE `address...')
#2 /home2/aseelectricalco/public_html/newecom/system/Database/BaseConnection.php(593): CodeIgniter\Database\BaseConnection->simpleQuery('UPDATE `address...')
#3 /home2/aseelectricalco/public_html/newecom/system/Database/BaseBuilder.php(2079): CodeIgniter\Database\BaseConnection->query('UPDATE `address...', Array, false)
#4 /home2/aseelectricalco/public_html/newecom/app/Models/Commanmodel.php(59): CodeIgniter\Database\BaseBuilder->update(Array)
#5 /home2/aseelectricalco/public_html/newecom/app/Controllers/Admin.php(416): App\Models\Commanmodel->update_query('address', Array, Array)
#6 /home2/aseelectricalco/public_html/newecom/system/CodeIgniter.php(925): App\Controllers\Admin->address_manage_process()
#7 /home2/aseelectricalco/public_html/newecom/system/CodeIgniter.php(480): CodeIgniter\CodeIgniter->runController(Object(App\Controllers\Admin))
#8 /home2/aseelectricalco/public_html/newecom/system/CodeIgniter.php(349): CodeIgniter\CodeIgniter->handleRequest(NULL, Object(Config\Cache), false)
#9 /home2/aseelectricalco/public_html/newecom/index.php(67): CodeIgniter\CodeIgniter->run()
#10 {main}
ERROR - 2025-01-15 03:57:23 --> mysqli_sql_exception: Unknown column 'phone_three' in 'field list' in /home2/aseelectricalco/public_html/newecom/system/Database/MySQLi/Connection.php:292
Stack trace:
#0 /home2/aseelectricalco/public_html/newecom/system/Database/MySQLi/Connection.php(292): mysqli->query('UPDATE `address...', 0)
#1 /home2/aseelectricalco/public_html/newecom/system/Database/BaseConnection.php(666): CodeIgniter\Database\MySQLi\Connection->execute('UPDATE `address...')
#2 /home2/aseelectricalco/public_html/newecom/system/Database/BaseConnection.php(593): CodeIgniter\Database\BaseConnection->simpleQuery('UPDATE `address...')
#3 /home2/aseelectricalco/public_html/newecom/system/Database/BaseBuilder.php(2079): CodeIgniter\Database\BaseConnection->query('UPDATE `address...', Array, false)
#4 /home2/aseelectricalco/public_html/newecom/app/Models/Commanmodel.php(59): CodeIgniter\Database\BaseBuilder->update(Array)
#5 /home2/aseelectricalco/public_html/newecom/app/Controllers/Admin.php(416): App\Models\Commanmodel->update_query('address', Array, Array)
#6 /home2/aseelectricalco/public_html/newecom/system/CodeIgniter.php(925): App\Controllers\Admin->address_manage_process()
#7 /home2/aseelectricalco/public_html/newecom/system/CodeIgniter.php(480): CodeIgniter\CodeIgniter->runController(Object(App\Controllers\Admin))
#8 /home2/aseelectricalco/public_html/newecom/system/CodeIgniter.php(349): CodeIgniter\CodeIgniter->handleRequest(NULL, Object(Config\Cache), false)
#9 /home2/aseelectricalco/public_html/newecom/index.php(67): CodeIgniter\CodeIgniter->run()
#10 {main}
CRITICAL - 2025-01-15 04:30:26 --> Attempt to read property "banner_id" on null
in APPPATH/Views/admin/edit-home-banner.php on line 43.
 1 APPPATH/Views/admin/edit-home-banner.php(43): CodeIgniter\Debug\Exceptions->errorHandler(2, 'Attempt to read property "banner_id" on null', 'APPPATH/Views/admin/edit-home-banner.php', 43)
 2 SYSTEMPATH/View/View.php(213): include('APPPATH/Views/admin/edit-home-banner.php')
 3 SYSTEMPATH/View/View.php(216): CodeIgniter\View\View->CodeIgniter\View\{closure}()
 4 SYSTEMPATH/Common.php(1135): CodeIgniter\View\View->render('admin/edit-home-banner', [], true)
 5 APPPATH/Controllers/Admin.php(609): view('admin/edit-home-banner', [...])
 6 SYSTEMPATH/CodeIgniter.php(925): App\Controllers\Admin->edit_home_banner('FCPATH/assets', 'img', 'user', 'u2.jpg')
 7 SYSTEMPATH/CodeIgniter.php(480): CodeIgniter\CodeIgniter->runController(Object(App\Controllers\Admin))
 8 SYSTEMPATH/CodeIgniter.php(349): CodeIgniter\CodeIgniter->handleRequest(null, Object(Config\Cache), false)
 9 FCPATH/index.php(67): CodeIgniter\CodeIgniter->run()
CRITICAL - 2025-01-15 04:30:26 --> Attempt to read property "banner_id" on null
in APPPATH/Views/admin/edit-home-banner.php on line 43.
 1 APPPATH/Views/admin/edit-home-banner.php(43): CodeIgniter\Debug\Exceptions->errorHandler(2, 'Attempt to read property "banner_id" on null', 'APPPATH/Views/admin/edit-home-banner.php', 43)
 2 SYSTEMPATH/View/View.php(213): include('APPPATH/Views/admin/edit-home-banner.php')
 3 SYSTEMPATH/View/View.php(216): CodeIgniter\View\View->CodeIgniter\View\{closure}()
 4 SYSTEMPATH/Common.php(1135): CodeIgniter\View\View->render('admin/edit-home-banner', [], true)
 5 APPPATH/Controllers/Admin.php(609): view('admin/edit-home-banner', [...])
 6 SYSTEMPATH/CodeIgniter.php(925): App\Controllers\Admin->edit_home_banner('FCPATH/assets', 'img', 'user', 'u1.jpg')
 7 SYSTEMPATH/CodeIgniter.php(480): CodeIgniter\CodeIgniter->runController(Object(App\Controllers\Admin))
 8 SYSTEMPATH/CodeIgniter.php(349): CodeIgniter\CodeIgniter->handleRequest(null, Object(Config\Cache), false)
 9 FCPATH/index.php(67): CodeIgniter\CodeIgniter->run()
CRITICAL - 2025-01-15 04:30:26 --> Attempt to read property "banner_id" on null
in APPPATH/Views/admin/edit-home-banner.php on line 43.
 1 APPPATH/Views/admin/edit-home-banner.php(43): CodeIgniter\Debug\Exceptions->errorHandler(2, 'Attempt to read property "banner_id" on null', 'APPPATH/Views/admin/edit-home-banner.php', 43)
 2 SYSTEMPATH/View/View.php(213): include('APPPATH/Views/admin/edit-home-banner.php')
 3 SYSTEMPATH/View/View.php(216): CodeIgniter\View\View->CodeIgniter\View\{closure}()
 4 SYSTEMPATH/Common.php(1135): CodeIgniter\View\View->render('admin/edit-home-banner', [], true)
 5 APPPATH/Controllers/Admin.php(609): view('admin/edit-home-banner', [...])
 6 SYSTEMPATH/CodeIgniter.php(925): App\Controllers\Admin->edit_home_banner('FCPATH/assets', 'img', 'user', 'u5.jpg')
 7 SYSTEMPATH/CodeIgniter.php(480): CodeIgniter\CodeIgniter->runController(Object(App\Controllers\Admin))
 8 SYSTEMPATH/CodeIgniter.php(349): CodeIgniter\CodeIgniter->handleRequest(null, Object(Config\Cache), false)
 9 FCPATH/index.php(67): CodeIgniter\CodeIgniter->run()
CRITICAL - 2025-01-15 04:30:26 --> Attempt to read property "banner_id" on null
in APPPATH/Views/admin/edit-home-banner.php on line 43.
 1 APPPATH/Views/admin/edit-home-banner.php(43): CodeIgniter\Debug\Exceptions->errorHandler(2, 'Attempt to read property "banner_id" on null', 'APPPATH/Views/admin/edit-home-banner.php', 43)
 2 SYSTEMPATH/View/View.php(213): include('APPPATH/Views/admin/edit-home-banner.php')
 3 SYSTEMPATH/View/View.php(216): CodeIgniter\View\View->CodeIgniter\View\{closure}()
 4 SYSTEMPATH/Common.php(1135): CodeIgniter\View\View->render('admin/edit-home-banner', [], true)
 5 APPPATH/Controllers/Admin.php(609): view('admin/edit-home-banner', [...])
 6 SYSTEMPATH/CodeIgniter.php(925): App\Controllers\Admin->edit_home_banner('FCPATH/assets', 'img', 'user', 'u4.jpg')
 7 SYSTEMPATH/CodeIgniter.php(480): CodeIgniter\CodeIgniter->runController(Object(App\Controllers\Admin))
 8 SYSTEMPATH/CodeIgniter.php(349): CodeIgniter\CodeIgniter->handleRequest(null, Object(Config\Cache), false)
 9 FCPATH/index.php(67): CodeIgniter\CodeIgniter->run()
CRITICAL - 2025-01-15 04:33:49 --> Attempt to read property "banner_id" on null
in APPPATH/Views/admin/edit-home-banner.php on line 43.
 1 APPPATH/Views/admin/edit-home-banner.php(43): CodeIgniter\Debug\Exceptions->errorHandler(2, 'Attempt to read property "banner_id" on null', 'APPPATH/Views/admin/edit-home-banner.php', 43)
 2 SYSTEMPATH/View/View.php(213): include('APPPATH/Views/admin/edit-home-banner.php')
 3 SYSTEMPATH/View/View.php(216): CodeIgniter\View\View->CodeIgniter\View\{closure}()
 4 SYSTEMPATH/Common.php(1135): CodeIgniter\View\View->render('admin/edit-home-banner', [], true)
 5 APPPATH/Controllers/Admin.php(609): view('admin/edit-home-banner', [...])
 6 SYSTEMPATH/CodeIgniter.php(925): App\Controllers\Admin->edit_home_banner('FCPATH/assets', 'img', 'user', 'u1.jpg')
 7 SYSTEMPATH/CodeIgniter.php(480): CodeIgniter\CodeIgniter->runController(Object(App\Controllers\Admin))
 8 SYSTEMPATH/CodeIgniter.php(349): CodeIgniter\CodeIgniter->handleRequest(null, Object(Config\Cache), false)
 9 FCPATH/index.php(67): CodeIgniter\CodeIgniter->run()
CRITICAL - 2025-01-15 04:33:49 --> Attempt to read property "banner_id" on null
in APPPATH/Views/admin/edit-home-banner.php on line 43.
 1 APPPATH/Views/admin/edit-home-banner.php(43): CodeIgniter\Debug\Exceptions->errorHandler(2, 'Attempt to read property "banner_id" on null', 'APPPATH/Views/admin/edit-home-banner.php', 43)
 2 SYSTEMPATH/View/View.php(213): include('APPPATH/Views/admin/edit-home-banner.php')
 3 SYSTEMPATH/View/View.php(216): CodeIgniter\View\View->CodeIgniter\View\{closure}()
 4 SYSTEMPATH/Common.php(1135): CodeIgniter\View\View->render('admin/edit-home-banner', [], true)
 5 APPPATH/Controllers/Admin.php(609): view('admin/edit-home-banner', [...])
 6 SYSTEMPATH/CodeIgniter.php(925): App\Controllers\Admin->edit_home_banner('FCPATH/assets', 'img', 'user', 'u2.jpg')
 7 SYSTEMPATH/CodeIgniter.php(480): CodeIgniter\CodeIgniter->runController(Object(App\Controllers\Admin))
 8 SYSTEMPATH/CodeIgniter.php(349): CodeIgniter\CodeIgniter->handleRequest(null, Object(Config\Cache), false)
 9 FCPATH/index.php(67): CodeIgniter\CodeIgniter->run()
CRITICAL - 2025-01-15 04:33:49 --> Attempt to read property "banner_id" on null
in APPPATH/Views/admin/edit-home-banner.php on line 43.
 1 APPPATH/Views/admin/edit-home-banner.php(43): CodeIgniter\Debug\Exceptions->errorHandler(2, 'Attempt to read property "banner_id" on null', 'APPPATH/Views/admin/edit-home-banner.php', 43)
 2 SYSTEMPATH/View/View.php(213): include('APPPATH/Views/admin/edit-home-banner.php')
 3 SYSTEMPATH/View/View.php(216): CodeIgniter\View\View->CodeIgniter\View\{closure}()
 4 SYSTEMPATH/Common.php(1135): CodeIgniter\View\View->render('admin/edit-home-banner', [], true)
 5 APPPATH/Controllers/Admin.php(609): view('admin/edit-home-banner', [...])
 6 SYSTEMPATH/CodeIgniter.php(925): App\Controllers\Admin->edit_home_banner('FCPATH/assets', 'img', 'user', 'u5.jpg')
 7 SYSTEMPATH/CodeIgniter.php(480): CodeIgniter\CodeIgniter->runController(Object(App\Controllers\Admin))
 8 SYSTEMPATH/CodeIgniter.php(349): CodeIgniter\CodeIgniter->handleRequest(null, Object(Config\Cache), false)
 9 FCPATH/index.php(67): CodeIgniter\CodeIgniter->run()
CRITICAL - 2025-01-15 04:33:49 --> Attempt to read property "banner_id" on null
in APPPATH/Views/admin/edit-home-banner.php on line 43.
 1 APPPATH/Views/admin/edit-home-banner.php(43): CodeIgniter\Debug\Exceptions->errorHandler(2, 'Attempt to read property "banner_id" on null', 'APPPATH/Views/admin/edit-home-banner.php', 43)
 2 SYSTEMPATH/View/View.php(213): include('APPPATH/Views/admin/edit-home-banner.php')
 3 SYSTEMPATH/View/View.php(216): CodeIgniter\View\View->CodeIgniter\View\{closure}()
 4 SYSTEMPATH/Common.php(1135): CodeIgniter\View\View->render('admin/edit-home-banner', [], true)
 5 APPPATH/Controllers/Admin.php(609): view('admin/edit-home-banner', [...])
 6 SYSTEMPATH/CodeIgniter.php(925): App\Controllers\Admin->edit_home_banner('FCPATH/assets', 'img', 'user', 'u4.jpg')
 7 SYSTEMPATH/CodeIgniter.php(480): CodeIgniter\CodeIgniter->runController(Object(App\Controllers\Admin))
 8 SYSTEMPATH/CodeIgniter.php(349): CodeIgniter\CodeIgniter->handleRequest(null, Object(Config\Cache), false)
 9 FCPATH/index.php(67): CodeIgniter\CodeIgniter->run()
CRITICAL - 2025-01-15 04:35:32 --> Attempt to read property "banner_id" on null
in APPPATH/Views/admin/edit-home-banner.php on line 38.
 1 APPPATH/Views/admin/edit-home-banner.php(38): CodeIgniter\Debug\Exceptions->errorHandler(2, 'Attempt to read property "banner_id" on null', 'APPPATH/Views/admin/edit-home-banner.php', 38)
 2 SYSTEMPATH/View/View.php(213): include('APPPATH/Views/admin/edit-home-banner.php')
 3 SYSTEMPATH/View/View.php(216): CodeIgniter\View\View->CodeIgniter\View\{closure}()
 4 SYSTEMPATH/Common.php(1135): CodeIgniter\View\View->render('admin/edit-home-banner', [], true)
 5 APPPATH/Controllers/Admin.php(609): view('admin/edit-home-banner', [...])
 6 SYSTEMPATH/CodeIgniter.php(925): App\Controllers\Admin->edit_home_banner('FCPATH/assets', 'img', 'user', 'u2.jpg')
 7 SYSTEMPATH/CodeIgniter.php(480): CodeIgniter\CodeIgniter->runController(Object(App\Controllers\Admin))
 8 SYSTEMPATH/CodeIgniter.php(349): CodeIgniter\CodeIgniter->handleRequest(null, Object(Config\Cache), false)
 9 FCPATH/index.php(67): CodeIgniter\CodeIgniter->run()
CRITICAL - 2025-01-15 04:35:32 --> Attempt to read property "banner_id" on null
in APPPATH/Views/admin/edit-home-banner.php on line 38.
 1 APPPATH/Views/admin/edit-home-banner.php(38): CodeIgniter\Debug\Exceptions->errorHandler(2, 'Attempt to read property "banner_id" on null', 'APPPATH/Views/admin/edit-home-banner.php', 38)
 2 SYSTEMPATH/View/View.php(213): include('APPPATH/Views/admin/edit-home-banner.php')
 3 SYSTEMPATH/View/View.php(216): CodeIgniter\View\View->CodeIgniter\View\{closure}()
 4 SYSTEMPATH/Common.php(1135): CodeIgniter\View\View->render('admin/edit-home-banner', [], true)
 5 APPPATH/Controllers/Admin.php(609): view('admin/edit-home-banner', [...])
 6 SYSTEMPATH/CodeIgniter.php(925): App\Controllers\Admin->edit_home_banner('FCPATH/assets', 'img', 'user', 'u1.jpg')
 7 SYSTEMPATH/CodeIgniter.php(480): CodeIgniter\CodeIgniter->runController(Object(App\Controllers\Admin))
 8 SYSTEMPATH/CodeIgniter.php(349): CodeIgniter\CodeIgniter->handleRequest(null, Object(Config\Cache), false)
 9 FCPATH/index.php(67): CodeIgniter\CodeIgniter->run()
CRITICAL - 2025-01-15 04:35:32 --> Attempt to read property "banner_id" on null
in APPPATH/Views/admin/edit-home-banner.php on line 38.
 1 APPPATH/Views/admin/edit-home-banner.php(38): CodeIgniter\Debug\Exceptions->errorHandler(2, 'Attempt to read property "banner_id" on null', 'APPPATH/Views/admin/edit-home-banner.php', 38)
 2 SYSTEMPATH/View/View.php(213): include('APPPATH/Views/admin/edit-home-banner.php')
 3 SYSTEMPATH/View/View.php(216): CodeIgniter\View\View->CodeIgniter\View\{closure}()
 4 SYSTEMPATH/Common.php(1135): CodeIgniter\View\View->render('admin/edit-home-banner', [], true)
 5 APPPATH/Controllers/Admin.php(609): view('admin/edit-home-banner', [...])
 6 SYSTEMPATH/CodeIgniter.php(925): App\Controllers\Admin->edit_home_banner('FCPATH/assets', 'img', 'user', 'u5.jpg')
 7 SYSTEMPATH/CodeIgniter.php(480): CodeIgniter\CodeIgniter->runController(Object(App\Controllers\Admin))
 8 SYSTEMPATH/CodeIgniter.php(349): CodeIgniter\CodeIgniter->handleRequest(null, Object(Config\Cache), false)
 9 FCPATH/index.php(67): CodeIgniter\CodeIgniter->run()
CRITICAL - 2025-01-15 04:35:32 --> Attempt to read property "banner_id" on null
in APPPATH/Views/admin/edit-home-banner.php on line 38.
 1 APPPATH/Views/admin/edit-home-banner.php(38): CodeIgniter\Debug\Exceptions->errorHandler(2, 'Attempt to read property "banner_id" on null', 'APPPATH/Views/admin/edit-home-banner.php', 38)
 2 SYSTEMPATH/View/View.php(213): include('APPPATH/Views/admin/edit-home-banner.php')
 3 SYSTEMPATH/View/View.php(216): CodeIgniter\View\View->CodeIgniter\View\{closure}()
 4 SYSTEMPATH/Common.php(1135): CodeIgniter\View\View->render('admin/edit-home-banner', [], true)
 5 APPPATH/Controllers/Admin.php(609): view('admin/edit-home-banner', [...])
 6 SYSTEMPATH/CodeIgniter.php(925): App\Controllers\Admin->edit_home_banner('FCPATH/assets', 'img', 'user', 'u4.jpg')
 7 SYSTEMPATH/CodeIgniter.php(480): CodeIgniter\CodeIgniter->runController(Object(App\Controllers\Admin))
 8 SYSTEMPATH/CodeIgniter.php(349): CodeIgniter\CodeIgniter->handleRequest(null, Object(Config\Cache), false)
 9 FCPATH/index.php(67): CodeIgniter\CodeIgniter->run()
CRITICAL - 2025-01-15 04:36:21 --> Attempt to read property "banner_id" on null
in APPPATH/Views/admin/edit-home-banner.php on line 38.
 1 APPPATH/Views/admin/edit-home-banner.php(38): CodeIgniter\Debug\Exceptions->errorHandler(2, 'Attempt to read property "banner_id" on null', 'APPPATH/Views/admin/edit-home-banner.php', 38)
 2 SYSTEMPATH/View/View.php(213): include('APPPATH/Views/admin/edit-home-banner.php')
 3 SYSTEMPATH/View/View.php(216): CodeIgniter\View\View->CodeIgniter\View\{closure}()
 4 SYSTEMPATH/Common.php(1135): CodeIgniter\View\View->render('admin/edit-home-banner', [], true)
 5 APPPATH/Controllers/Admin.php(609): view('admin/edit-home-banner', [...])
 6 SYSTEMPATH/CodeIgniter.php(925): App\Controllers\Admin->edit_home_banner('FCPATH/assets', 'img', 'user', 'u2.jpg')
 7 SYSTEMPATH/CodeIgniter.php(480): CodeIgniter\CodeIgniter->runController(Object(App\Controllers\Admin))
 8 SYSTEMPATH/CodeIgniter.php(349): CodeIgniter\CodeIgniter->handleRequest(null, Object(Config\Cache), false)
 9 FCPATH/index.php(67): CodeIgniter\CodeIgniter->run()
CRITICAL - 2025-01-15 04:36:21 --> Attempt to read property "banner_id" on null
in APPPATH/Views/admin/edit-home-banner.php on line 38.
 1 APPPATH/Views/admin/edit-home-banner.php(38): CodeIgniter\Debug\Exceptions->errorHandler(2, 'Attempt to read property "banner_id" on null', 'APPPATH/Views/admin/edit-home-banner.php', 38)
 2 SYSTEMPATH/View/View.php(213): include('APPPATH/Views/admin/edit-home-banner.php')
 3 SYSTEMPATH/View/View.php(216): CodeIgniter\View\View->CodeIgniter\View\{closure}()
 4 SYSTEMPATH/Common.php(1135): CodeIgniter\View\View->render('admin/edit-home-banner', [], true)
 5 APPPATH/Controllers/Admin.php(609): view('admin/edit-home-banner', [...])
 6 SYSTEMPATH/CodeIgniter.php(925): App\Controllers\Admin->edit_home_banner('FCPATH/assets', 'img', 'user', 'u1.jpg')
 7 SYSTEMPATH/CodeIgniter.php(480): CodeIgniter\CodeIgniter->runController(Object(App\Controllers\Admin))
 8 SYSTEMPATH/CodeIgniter.php(349): CodeIgniter\CodeIgniter->handleRequest(null, Object(Config\Cache), false)
 9 FCPATH/index.php(67): CodeIgniter\CodeIgniter->run()
CRITICAL - 2025-01-15 04:36:21 --> Attempt to read property "banner_id" on null
in APPPATH/Views/admin/edit-home-banner.php on line 38.
 1 APPPATH/Views/admin/edit-home-banner.php(38): CodeIgniter\Debug\Exceptions->errorHandler(2, 'Attempt to read property "banner_id" on null', 'APPPATH/Views/admin/edit-home-banner.php', 38)
 2 SYSTEMPATH/View/View.php(213): include('APPPATH/Views/admin/edit-home-banner.php')
 3 SYSTEMPATH/View/View.php(216): CodeIgniter\View\View->CodeIgniter\View\{closure}()
 4 SYSTEMPATH/Common.php(1135): CodeIgniter\View\View->render('admin/edit-home-banner', [], true)
 5 APPPATH/Controllers/Admin.php(609): view('admin/edit-home-banner', [...])
 6 SYSTEMPATH/CodeIgniter.php(925): App\Controllers\Admin->edit_home_banner('FCPATH/assets', 'img', 'user', 'u5.jpg')
 7 SYSTEMPATH/CodeIgniter.php(480): CodeIgniter\CodeIgniter->runController(Object(App\Controllers\Admin))
 8 SYSTEMPATH/CodeIgniter.php(349): CodeIgniter\CodeIgniter->handleRequest(null, Object(Config\Cache), false)
 9 FCPATH/index.php(67): CodeIgniter\CodeIgniter->run()
CRITICAL - 2025-01-15 04:36:21 --> Attempt to read property "banner_id" on null
in APPPATH/Views/admin/edit-home-banner.php on line 38.
 1 APPPATH/Views/admin/edit-home-banner.php(38): CodeIgniter\Debug\Exceptions->errorHandler(2, 'Attempt to read property "banner_id" on null', 'APPPATH/Views/admin/edit-home-banner.php', 38)
 2 SYSTEMPATH/View/View.php(213): include('APPPATH/Views/admin/edit-home-banner.php')
 3 SYSTEMPATH/View/View.php(216): CodeIgniter\View\View->CodeIgniter\View\{closure}()
 4 SYSTEMPATH/Common.php(1135): CodeIgniter\View\View->render('admin/edit-home-banner', [], true)
 5 APPPATH/Controllers/Admin.php(609): view('admin/edit-home-banner', [...])
 6 SYSTEMPATH/CodeIgniter.php(925): App\Controllers\Admin->edit_home_banner('FCPATH/assets', 'img', 'user', 'u4.jpg')
 7 SYSTEMPATH/CodeIgniter.php(480): CodeIgniter\CodeIgniter->runController(Object(App\Controllers\Admin))
 8 SYSTEMPATH/CodeIgniter.php(349): CodeIgniter\CodeIgniter->handleRequest(null, Object(Config\Cache), false)
 9 FCPATH/index.php(67): CodeIgniter\CodeIgniter->run()
CRITICAL - 2025-01-15 04:50:07 --> Attempt to read property "cms_id" on null
in APPPATH/Views/admin/edit-cms.php on line 50.
 1 APPPATH/Views/admin/edit-cms.php(50): CodeIgniter\Debug\Exceptions->errorHandler(2, 'Attempt to read property "cms_id" on null', 'APPPATH/Views/admin/edit-cms.php', 50)
 2 SYSTEMPATH/View/View.php(213): include('APPPATH/Views/admin/edit-cms.php')
 3 SYSTEMPATH/View/View.php(216): CodeIgniter\View\View->CodeIgniter\View\{closure}()
 4 SYSTEMPATH/Common.php(1135): CodeIgniter\View\View->render('admin/edit-cms', [], true)
 5 APPPATH/Controllers/Admin.php(713): view('admin/edit-cms', [...])
 6 SYSTEMPATH/CodeIgniter.php(925): App\Controllers\Admin->edit_cms('FCPATH/assets', 'img', 'user', 'u2.jpg')
 7 SYSTEMPATH/CodeIgniter.php(480): CodeIgniter\CodeIgniter->runController(Object(App\Controllers\Admin))
 8 SYSTEMPATH/CodeIgniter.php(349): CodeIgniter\CodeIgniter->handleRequest(null, Object(Config\Cache), false)
 9 FCPATH/index.php(67): CodeIgniter\CodeIgniter->run()
CRITICAL - 2025-01-15 04:50:07 --> Attempt to read property "cms_id" on null
in APPPATH/Views/admin/edit-cms.php on line 50.
 1 APPPATH/Views/admin/edit-cms.php(50): CodeIgniter\Debug\Exceptions->errorHandler(2, 'Attempt to read property "cms_id" on null', 'APPPATH/Views/admin/edit-cms.php', 50)
 2 SYSTEMPATH/View/View.php(213): include('APPPATH/Views/admin/edit-cms.php')
 3 SYSTEMPATH/View/View.php(216): CodeIgniter\View\View->CodeIgniter\View\{closure}()
 4 SYSTEMPATH/Common.php(1135): CodeIgniter\View\View->render('admin/edit-cms', [], true)
 5 APPPATH/Controllers/Admin.php(713): view('admin/edit-cms', [...])
 6 SYSTEMPATH/CodeIgniter.php(925): App\Controllers\Admin->edit_cms('FCPATH/assets', 'img', 'user', 'u1.jpg')
 7 SYSTEMPATH/CodeIgniter.php(480): CodeIgniter\CodeIgniter->runController(Object(App\Controllers\Admin))
 8 SYSTEMPATH/CodeIgniter.php(349): CodeIgniter\CodeIgniter->handleRequest(null, Object(Config\Cache), false)
 9 FCPATH/index.php(67): CodeIgniter\CodeIgniter->run()
CRITICAL - 2025-01-15 04:50:07 --> Attempt to read property "cms_id" on null
in APPPATH/Views/admin/edit-cms.php on line 50.
 1 APPPATH/Views/admin/edit-cms.php(50): CodeIgniter\Debug\Exceptions->errorHandler(2, 'Attempt to read property "cms_id" on null', 'APPPATH/Views/admin/edit-cms.php', 50)
 2 SYSTEMPATH/View/View.php(213): include('APPPATH/Views/admin/edit-cms.php')
 3 SYSTEMPATH/View/View.php(216): CodeIgniter\View\View->CodeIgniter\View\{closure}()
 4 SYSTEMPATH/Common.php(1135): CodeIgniter\View\View->render('admin/edit-cms', [], true)
 5 APPPATH/Controllers/Admin.php(713): view('admin/edit-cms', [...])
 6 SYSTEMPATH/CodeIgniter.php(925): App\Controllers\Admin->edit_cms('FCPATH/assets', 'img', 'user', 'u4.jpg')
 7 SYSTEMPATH/CodeIgniter.php(480): CodeIgniter\CodeIgniter->runController(Object(App\Controllers\Admin))
 8 SYSTEMPATH/CodeIgniter.php(349): CodeIgniter\CodeIgniter->handleRequest(null, Object(Config\Cache), false)
 9 FCPATH/index.php(67): CodeIgniter\CodeIgniter->run()
CRITICAL - 2025-01-15 04:50:07 --> Attempt to read property "cms_id" on null
in APPPATH/Views/admin/edit-cms.php on line 50.
 1 APPPATH/Views/admin/edit-cms.php(50): CodeIgniter\Debug\Exceptions->errorHandler(2, 'Attempt to read property "cms_id" on null', 'APPPATH/Views/admin/edit-cms.php', 50)
 2 SYSTEMPATH/View/View.php(213): include('APPPATH/Views/admin/edit-cms.php')
 3 SYSTEMPATH/View/View.php(216): CodeIgniter\View\View->CodeIgniter\View\{closure}()
 4 SYSTEMPATH/Common.php(1135): CodeIgniter\View\View->render('admin/edit-cms', [], true)
 5 APPPATH/Controllers/Admin.php(713): view('admin/edit-cms', [...])
 6 SYSTEMPATH/CodeIgniter.php(925): App\Controllers\Admin->edit_cms('FCPATH/assets', 'img', 'user', 'u5.jpg')
 7 SYSTEMPATH/CodeIgniter.php(480): CodeIgniter\CodeIgniter->runController(Object(App\Controllers\Admin))
 8 SYSTEMPATH/CodeIgniter.php(349): CodeIgniter\CodeIgniter->handleRequest(null, Object(Config\Cache), false)
 9 FCPATH/index.php(67): CodeIgniter\CodeIgniter->run()
CRITICAL - 2025-01-15 04:52:07 --> Attempt to read property "cms_id" on null
in APPPATH/Views/admin/edit-cms.php on line 36.
 1 APPPATH/Views/admin/edit-cms.php(36): CodeIgniter\Debug\Exceptions->errorHandler(2, 'Attempt to read property "cms_id" on null', 'APPPATH/Views/admin/edit-cms.php', 36)
 2 SYSTEMPATH/View/View.php(213): include('APPPATH/Views/admin/edit-cms.php')
 3 SYSTEMPATH/View/View.php(216): CodeIgniter\View\View->CodeIgniter\View\{closure}()
 4 SYSTEMPATH/Common.php(1135): CodeIgniter\View\View->render('admin/edit-cms', [], true)
 5 APPPATH/Controllers/Admin.php(713): view('admin/edit-cms', [...])
 6 SYSTEMPATH/CodeIgniter.php(925): App\Controllers\Admin->edit_cms('FCPATH/assets', 'img', 'user', 'u2.jpg')
 7 SYSTEMPATH/CodeIgniter.php(480): CodeIgniter\CodeIgniter->runController(Object(App\Controllers\Admin))
 8 SYSTEMPATH/CodeIgniter.php(349): CodeIgniter\CodeIgniter->handleRequest(null, Object(Config\Cache), false)
 9 FCPATH/index.php(67): CodeIgniter\CodeIgniter->run()
CRITICAL - 2025-01-15 04:52:07 --> Attempt to read property "cms_id" on null
in APPPATH/Views/admin/edit-cms.php on line 36.
 1 APPPATH/Views/admin/edit-cms.php(36): CodeIgniter\Debug\Exceptions->errorHandler(2, 'Attempt to read property "cms_id" on null', 'APPPATH/Views/admin/edit-cms.php', 36)
 2 SYSTEMPATH/View/View.php(213): include('APPPATH/Views/admin/edit-cms.php')
 3 SYSTEMPATH/View/View.php(216): CodeIgniter\View\View->CodeIgniter\View\{closure}()
 4 SYSTEMPATH/Common.php(1135): CodeIgniter\View\View->render('admin/edit-cms', [], true)
 5 APPPATH/Controllers/Admin.php(713): view('admin/edit-cms', [...])
 6 SYSTEMPATH/CodeIgniter.php(925): App\Controllers\Admin->edit_cms('FCPATH/assets', 'img', 'user', 'u1.jpg')
 7 SYSTEMPATH/CodeIgniter.php(480): CodeIgniter\CodeIgniter->runController(Object(App\Controllers\Admin))
 8 SYSTEMPATH/CodeIgniter.php(349): CodeIgniter\CodeIgniter->handleRequest(null, Object(Config\Cache), false)
 9 FCPATH/index.php(67): CodeIgniter\CodeIgniter->run()
CRITICAL - 2025-01-15 04:52:07 --> Attempt to read property "cms_id" on null
in APPPATH/Views/admin/edit-cms.php on line 36.
 1 APPPATH/Views/admin/edit-cms.php(36): CodeIgniter\Debug\Exceptions->errorHandler(2, 'Attempt to read property "cms_id" on null', 'APPPATH/Views/admin/edit-cms.php', 36)
 2 SYSTEMPATH/View/View.php(213): include('APPPATH/Views/admin/edit-cms.php')
 3 SYSTEMPATH/View/View.php(216): CodeIgniter\View\View->CodeIgniter\View\{closure}()
 4 SYSTEMPATH/Common.php(1135): CodeIgniter\View\View->render('admin/edit-cms', [], true)
 5 APPPATH/Controllers/Admin.php(713): view('admin/edit-cms', [...])
 6 SYSTEMPATH/CodeIgniter.php(925): App\Controllers\Admin->edit_cms('FCPATH/assets', 'img', 'user', 'u4.jpg')
 7 SYSTEMPATH/CodeIgniter.php(480): CodeIgniter\CodeIgniter->runController(Object(App\Controllers\Admin))
 8 SYSTEMPATH/CodeIgniter.php(349): CodeIgniter\CodeIgniter->handleRequest(null, Object(Config\Cache), false)
 9 FCPATH/index.php(67): CodeIgniter\CodeIgniter->run()
CRITICAL - 2025-01-15 04:52:07 --> Attempt to read property "cms_id" on null
in APPPATH/Views/admin/edit-cms.php on line 36.
 1 APPPATH/Views/admin/edit-cms.php(36): CodeIgniter\Debug\Exceptions->errorHandler(2, 'Attempt to read property "cms_id" on null', 'APPPATH/Views/admin/edit-cms.php', 36)
 2 SYSTEMPATH/View/View.php(213): include('APPPATH/Views/admin/edit-cms.php')
 3 SYSTEMPATH/View/View.php(216): CodeIgniter\View\View->CodeIgniter\View\{closure}()
 4 SYSTEMPATH/Common.php(1135): CodeIgniter\View\View->render('admin/edit-cms', [], true)
 5 APPPATH/Controllers/Admin.php(713): view('admin/edit-cms', [...])
 6 SYSTEMPATH/CodeIgniter.php(925): App\Controllers\Admin->edit_cms('FCPATH/assets', 'img', 'user', 'u5.jpg')
 7 SYSTEMPATH/CodeIgniter.php(480): CodeIgniter\CodeIgniter->runController(Object(App\Controllers\Admin))
 8 SYSTEMPATH/CodeIgniter.php(349): CodeIgniter\CodeIgniter->handleRequest(null, Object(Config\Cache), false)
 9 FCPATH/index.php(67): CodeIgniter\CodeIgniter->run()
CRITICAL - 2025-01-15 04:52:25 --> Attempt to read property "cms_id" on null
in APPPATH/Views/admin/edit-cms.php on line 36.
 1 APPPATH/Views/admin/edit-cms.php(36): CodeIgniter\Debug\Exceptions->errorHandler(2, 'Attempt to read property "cms_id" on null', 'APPPATH/Views/admin/edit-cms.php', 36)
 2 SYSTEMPATH/View/View.php(213): include('APPPATH/Views/admin/edit-cms.php')
 3 SYSTEMPATH/View/View.php(216): CodeIgniter\View\View->CodeIgniter\View\{closure}()
 4 SYSTEMPATH/Common.php(1135): CodeIgniter\View\View->render('admin/edit-cms', [], true)
 5 APPPATH/Controllers/Admin.php(713): view('admin/edit-cms', [...])
 6 SYSTEMPATH/CodeIgniter.php(925): App\Controllers\Admin->edit_cms('FCPATH/assets', 'img', 'user', 'u2.jpg')
 7 SYSTEMPATH/CodeIgniter.php(480): CodeIgniter\CodeIgniter->runController(Object(App\Controllers\Admin))
 8 SYSTEMPATH/CodeIgniter.php(349): CodeIgniter\CodeIgniter->handleRequest(null, Object(Config\Cache), false)
 9 FCPATH/index.php(67): CodeIgniter\CodeIgniter->run()
CRITICAL - 2025-01-15 04:52:25 --> Attempt to read property "cms_id" on null
in APPPATH/Views/admin/edit-cms.php on line 36.
 1 APPPATH/Views/admin/edit-cms.php(36): CodeIgniter\Debug\Exceptions->errorHandler(2, 'Attempt to read property "cms_id" on null', 'APPPATH/Views/admin/edit-cms.php', 36)
 2 SYSTEMPATH/View/View.php(213): include('APPPATH/Views/admin/edit-cms.php')
 3 SYSTEMPATH/View/View.php(216): CodeIgniter\View\View->CodeIgniter\View\{closure}()
 4 SYSTEMPATH/Common.php(1135): CodeIgniter\View\View->render('admin/edit-cms', [], true)
 5 APPPATH/Controllers/Admin.php(713): view('admin/edit-cms', [...])
 6 SYSTEMPATH/CodeIgniter.php(925): App\Controllers\Admin->edit_cms('FCPATH/assets', 'img', 'user', 'u1.jpg')
 7 SYSTEMPATH/CodeIgniter.php(480): CodeIgniter\CodeIgniter->runController(Object(App\Controllers\Admin))
 8 SYSTEMPATH/CodeIgniter.php(349): CodeIgniter\CodeIgniter->handleRequest(null, Object(Config\Cache), false)
 9 FCPATH/index.php(67): CodeIgniter\CodeIgniter->run()
CRITICAL - 2025-01-15 04:52:25 --> Attempt to read property "cms_id" on null
in APPPATH/Views/admin/edit-cms.php on line 36.
 1 APPPATH/Views/admin/edit-cms.php(36): CodeIgniter\Debug\Exceptions->errorHandler(2, 'Attempt to read property "cms_id" on null', 'APPPATH/Views/admin/edit-cms.php', 36)
 2 SYSTEMPATH/View/View.php(213): include('APPPATH/Views/admin/edit-cms.php')
 3 SYSTEMPATH/View/View.php(216): CodeIgniter\View\View->CodeIgniter\View\{closure}()
 4 SYSTEMPATH/Common.php(1135): CodeIgniter\View\View->render('admin/edit-cms', [], true)
 5 APPPATH/Controllers/Admin.php(713): view('admin/edit-cms', [...])
 6 SYSTEMPATH/CodeIgniter.php(925): App\Controllers\Admin->edit_cms('FCPATH/assets', 'img', 'user', 'u5.jpg')
 7 SYSTEMPATH/CodeIgniter.php(480): CodeIgniter\CodeIgniter->runController(Object(App\Controllers\Admin))
 8 SYSTEMPATH/CodeIgniter.php(349): CodeIgniter\CodeIgniter->handleRequest(null, Object(Config\Cache), false)
 9 FCPATH/index.php(67): CodeIgniter\CodeIgniter->run()
CRITICAL - 2025-01-15 04:52:25 --> Attempt to read property "cms_id" on null
in APPPATH/Views/admin/edit-cms.php on line 36.
 1 APPPATH/Views/admin/edit-cms.php(36): CodeIgniter\Debug\Exceptions->errorHandler(2, 'Attempt to read property "cms_id" on null', 'APPPATH/Views/admin/edit-cms.php', 36)
 2 SYSTEMPATH/View/View.php(213): include('APPPATH/Views/admin/edit-cms.php')
 3 SYSTEMPATH/View/View.php(216): CodeIgniter\View\View->CodeIgniter\View\{closure}()
 4 SYSTEMPATH/Common.php(1135): CodeIgniter\View\View->render('admin/edit-cms', [], true)
 5 APPPATH/Controllers/Admin.php(713): view('admin/edit-cms', [...])
 6 SYSTEMPATH/CodeIgniter.php(925): App\Controllers\Admin->edit_cms('FCPATH/assets', 'img', 'user', 'u4.jpg')
 7 SYSTEMPATH/CodeIgniter.php(480): CodeIgniter\CodeIgniter->runController(Object(App\Controllers\Admin))
 8 SYSTEMPATH/CodeIgniter.php(349): CodeIgniter\CodeIgniter->handleRequest(null, Object(Config\Cache), false)
 9 FCPATH/index.php(67): CodeIgniter\CodeIgniter->run()
CRITICAL - 2025-01-15 04:53:15 --> Attempt to read property "cms_id" on null
in APPPATH/Views/admin/edit-cms.php on line 36.
 1 APPPATH/Views/admin/edit-cms.php(36): CodeIgniter\Debug\Exceptions->errorHandler(2, 'Attempt to read property "cms_id" on null', 'APPPATH/Views/admin/edit-cms.php', 36)
 2 SYSTEMPATH/View/View.php(213): include('APPPATH/Views/admin/edit-cms.php')
 3 SYSTEMPATH/View/View.php(216): CodeIgniter\View\View->CodeIgniter\View\{closure}()
 4 SYSTEMPATH/Common.php(1135): CodeIgniter\View\View->render('admin/edit-cms', [], true)
 5 APPPATH/Controllers/Admin.php(713): view('admin/edit-cms', [...])
 6 SYSTEMPATH/CodeIgniter.php(925): App\Controllers\Admin->edit_cms('FCPATH/assets', 'img', 'user', 'u1.jpg')
 7 SYSTEMPATH/CodeIgniter.php(480): CodeIgniter\CodeIgniter->runController(Object(App\Controllers\Admin))
 8 SYSTEMPATH/CodeIgniter.php(349): CodeIgniter\CodeIgniter->handleRequest(null, Object(Config\Cache), false)
 9 FCPATH/index.php(67): CodeIgniter\CodeIgniter->run()
CRITICAL - 2025-01-15 04:53:15 --> Attempt to read property "cms_id" on null
in APPPATH/Views/admin/edit-cms.php on line 36.
 1 APPPATH/Views/admin/edit-cms.php(36): CodeIgniter\Debug\Exceptions->errorHandler(2, 'Attempt to read property "cms_id" on null', 'APPPATH/Views/admin/edit-cms.php', 36)
 2 SYSTEMPATH/View/View.php(213): include('APPPATH/Views/admin/edit-cms.php')
 3 SYSTEMPATH/View/View.php(216): CodeIgniter\View\View->CodeIgniter\View\{closure}()
 4 SYSTEMPATH/Common.php(1135): CodeIgniter\View\View->render('admin/edit-cms', [], true)
 5 APPPATH/Controllers/Admin.php(713): view('admin/edit-cms', [...])
 6 SYSTEMPATH/CodeIgniter.php(925): App\Controllers\Admin->edit_cms('FCPATH/assets', 'img', 'user', 'u2.jpg')
 7 SYSTEMPATH/CodeIgniter.php(480): CodeIgniter\CodeIgniter->runController(Object(App\Controllers\Admin))
 8 SYSTEMPATH/CodeIgniter.php(349): CodeIgniter\CodeIgniter->handleRequest(null, Object(Config\Cache), false)
 9 FCPATH/index.php(67): CodeIgniter\CodeIgniter->run()
CRITICAL - 2025-01-15 04:53:15 --> Attempt to read property "cms_id" on null
in APPPATH/Views/admin/edit-cms.php on line 36.
 1 APPPATH/Views/admin/edit-cms.php(36): CodeIgniter\Debug\Exceptions->errorHandler(2, 'Attempt to read property "cms_id" on null', 'APPPATH/Views/admin/edit-cms.php', 36)
 2 SYSTEMPATH/View/View.php(213): include('APPPATH/Views/admin/edit-cms.php')
 3 SYSTEMPATH/View/View.php(216): CodeIgniter\View\View->CodeIgniter\View\{closure}()
 4 SYSTEMPATH/Common.php(1135): CodeIgniter\View\View->render('admin/edit-cms', [], true)
 5 APPPATH/Controllers/Admin.php(713): view('admin/edit-cms', [...])
 6 SYSTEMPATH/CodeIgniter.php(925): App\Controllers\Admin->edit_cms('FCPATH/assets', 'img', 'user', 'u4.jpg')
 7 SYSTEMPATH/CodeIgniter.php(480): CodeIgniter\CodeIgniter->runController(Object(App\Controllers\Admin))
 8 SYSTEMPATH/CodeIgniter.php(349): CodeIgniter\CodeIgniter->handleRequest(null, Object(Config\Cache), false)
 9 FCPATH/index.php(67): CodeIgniter\CodeIgniter->run()
CRITICAL - 2025-01-15 04:53:15 --> Attempt to read property "cms_id" on null
in APPPATH/Views/admin/edit-cms.php on line 36.
 1 APPPATH/Views/admin/edit-cms.php(36): CodeIgniter\Debug\Exceptions->errorHandler(2, 'Attempt to read property "cms_id" on null', 'APPPATH/Views/admin/edit-cms.php', 36)
 2 SYSTEMPATH/View/View.php(213): include('APPPATH/Views/admin/edit-cms.php')
 3 SYSTEMPATH/View/View.php(216): CodeIgniter\View\View->CodeIgniter\View\{closure}()
 4 SYSTEMPATH/Common.php(1135): CodeIgniter\View\View->render('admin/edit-cms', [], true)
 5 APPPATH/Controllers/Admin.php(713): view('admin/edit-cms', [...])
 6 SYSTEMPATH/CodeIgniter.php(925): App\Controllers\Admin->edit_cms('FCPATH/assets', 'img', 'user', 'u5.jpg')
 7 SYSTEMPATH/CodeIgniter.php(480): CodeIgniter\CodeIgniter->runController(Object(App\Controllers\Admin))
 8 SYSTEMPATH/CodeIgniter.php(349): CodeIgniter\CodeIgniter->handleRequest(null, Object(Config\Cache), false)
 9 FCPATH/index.php(67): CodeIgniter\CodeIgniter->run()
CRITICAL - 2025-01-15 06:43:28 --> Undefined property: stdClass::$meta_name
in APPPATH/Controllers/Admin.php on line 1474.
 1 APPPATH/Controllers/Admin.php(1474): CodeIgniter\Debug\Exceptions->errorHandler(2, 'Undefined property: stdClass::$meta_name', 'APPPATH/Controllers/Admin.php', 1474)
 2 SYSTEMPATH/CodeIgniter.php(925): App\Controllers\Admin->meta_list()
 3 SYSTEMPATH/CodeIgniter.php(480): CodeIgniter\CodeIgniter->runController(Object(App\Controllers\Admin))
 4 SYSTEMPATH/CodeIgniter.php(349): CodeIgniter\CodeIgniter->handleRequest(null, Object(Config\Cache), false)
 5 FCPATH/index.php(67): CodeIgniter\CodeIgniter->run()
ERROR - 2025-01-15 06:53:00 --> mysqli_sql_exception: Unknown column 'meta_name' in 'field list' in /home2/aseelectricalco/public_html/newecom/system/Database/MySQLi/Connection.php:292
Stack trace:
#0 /home2/aseelectricalco/public_html/newecom/system/Database/MySQLi/Connection.php(292): mysqli->query('UPDATE `meta` S...', 0)
#1 /home2/aseelectricalco/public_html/newecom/system/Database/BaseConnection.php(666): CodeIgniter\Database\MySQLi\Connection->execute('UPDATE `meta` S...')
#2 /home2/aseelectricalco/public_html/newecom/system/Database/BaseConnection.php(593): CodeIgniter\Database\BaseConnection->simpleQuery('UPDATE `meta` S...')
#3 /home2/aseelectricalco/public_html/newecom/system/Database/BaseBuilder.php(2079): CodeIgniter\Database\BaseConnection->query('UPDATE `meta` S...', Array, false)
#4 /home2/aseelectricalco/public_html/newecom/app/Models/Commanmodel.php(59): CodeIgniter\Database\BaseBuilder->update(Array)
#5 /home2/aseelectricalco/public_html/newecom/app/Controllers/Admin.php(1628): App\Models\Commanmodel->update_query('meta', Array, Array)
#6 /home2/aseelectricalco/public_html/newecom/system/CodeIgniter.php(925): App\Controllers\Admin->meta_update()
#7 /home2/aseelectricalco/public_html/newecom/system/CodeIgniter.php(480): CodeIgniter\CodeIgniter->runController(Object(App\Controllers\Admin))
#8 /home2/aseelectricalco/public_html/newecom/system/CodeIgniter.php(349): CodeIgniter\CodeIgniter->handleRequest(NULL, Object(Config\Cache), false)
#9 /home2/aseelectricalco/public_html/newecom/index.php(67): CodeIgniter\CodeIgniter->run()
#10 {main}
ERROR - 2025-01-15 06:53:52 --> mysqli_sql_exception: Unknown column 'meta_name' in 'field list' in /home2/aseelectricalco/public_html/newecom/system/Database/MySQLi/Connection.php:292
Stack trace:
#0 /home2/aseelectricalco/public_html/newecom/system/Database/MySQLi/Connection.php(292): mysqli->query('UPDATE `meta` S...', 0)
#1 /home2/aseelectricalco/public_html/newecom/system/Database/BaseConnection.php(666): CodeIgniter\Database\MySQLi\Connection->execute('UPDATE `meta` S...')
#2 /home2/aseelectricalco/public_html/newecom/system/Database/BaseConnection.php(593): CodeIgniter\Database\BaseConnection->simpleQuery('UPDATE `meta` S...')
#3 /home2/aseelectricalco/public_html/newecom/system/Database/BaseBuilder.php(2079): CodeIgniter\Database\BaseConnection->query('UPDATE `meta` S...', Array, false)
#4 /home2/aseelectricalco/public_html/newecom/app/Models/Commanmodel.php(59): CodeIgniter\Database\BaseBuilder->update(Array)
#5 /home2/aseelectricalco/public_html/newecom/app/Controllers/Admin.php(1628): App\Models\Commanmodel->update_query('meta', Array, Array)
#6 /home2/aseelectricalco/public_html/newecom/system/CodeIgniter.php(925): App\Controllers\Admin->meta_update()
#7 /home2/aseelectricalco/public_html/newecom/system/CodeIgniter.php(480): CodeIgniter\CodeIgniter->runController(Object(App\Controllers\Admin))
#8 /home2/aseelectricalco/public_html/newecom/system/CodeIgniter.php(349): CodeIgniter\CodeIgniter->handleRequest(NULL, Object(Config\Cache), false)
#9 /home2/aseelectricalco/public_html/newecom/index.php(67): CodeIgniter\CodeIgniter->run()
#10 {main}
ERROR - 2025-01-15 06:54:18 --> mysqli_sql_exception: Unknown column 'meta_name' in 'field list' in /home2/aseelectricalco/public_html/newecom/system/Database/MySQLi/Connection.php:292
Stack trace:
#0 /home2/aseelectricalco/public_html/newecom/system/Database/MySQLi/Connection.php(292): mysqli->query('UPDATE `meta` S...', 0)
#1 /home2/aseelectricalco/public_html/newecom/system/Database/BaseConnection.php(666): CodeIgniter\Database\MySQLi\Connection->execute('UPDATE `meta` S...')
#2 /home2/aseelectricalco/public_html/newecom/system/Database/BaseConnection.php(593): CodeIgniter\Database\BaseConnection->simpleQuery('UPDATE `meta` S...')
#3 /home2/aseelectricalco/public_html/newecom/system/Database/BaseBuilder.php(2079): CodeIgniter\Database\BaseConnection->query('UPDATE `meta` S...', Array, false)
#4 /home2/aseelectricalco/public_html/newecom/app/Models/Commanmodel.php(59): CodeIgniter\Database\BaseBuilder->update(Array)
#5 /home2/aseelectricalco/public_html/newecom/app/Controllers/Admin.php(1628): App\Models\Commanmodel->update_query('meta', Array, Array)
#6 /home2/aseelectricalco/public_html/newecom/system/CodeIgniter.php(925): App\Controllers\Admin->meta_update()
#7 /home2/aseelectricalco/public_html/newecom/system/CodeIgniter.php(480): CodeIgniter\CodeIgniter->runController(Object(App\Controllers\Admin))
#8 /home2/aseelectricalco/public_html/newecom/system/CodeIgniter.php(349): CodeIgniter\CodeIgniter->handleRequest(NULL, Object(Config\Cache), false)
#9 /home2/aseelectricalco/public_html/newecom/index.php(67): CodeIgniter\CodeIgniter->run()
#10 {main}
CRITICAL - 2025-01-15 07:00:51 --> Attempt to read property "product_thumbnail" on null
in APPPATH/Controllers/Admin.php on line 4389.
 1 APPPATH/Controllers/Admin.php(4389): CodeIgniter\Debug\Exceptions->errorHandler(2, 'Attempt to read property "product_thumbnail" on null', 'APPPATH/Controllers/Admin.php', 4389)
 2 SYSTEMPATH/CodeIgniter.php(925): App\Controllers\Admin->orderlist()
 3 SYSTEMPATH/CodeIgniter.php(480): CodeIgniter\CodeIgniter->runController(Object(App\Controllers\Admin))
 4 SYSTEMPATH/CodeIgniter.php(349): CodeIgniter\CodeIgniter->handleRequest(null, Object(Config\Cache), false)
 5 FCPATH/index.php(67): CodeIgniter\CodeIgniter->run()
