CRITICAL - 2025-10-03 03:27:33 --> Attempt to read property "product_id" on null
in APPPATH/Controllers/Admin.php on line 3365.
 1 APPPATH/Controllers/Admin.php(3365): CodeIgniter\Debug\Exceptions->errorHandler(2, 'Attempt to read property "product_id" on null', 'APPPATH/Controllers/Admin.php', 3365)
 2 SYSTEMPATH/CodeIgniter.php(925): App\Controllers\Admin->edit_product('FCPATH/assets', 'img', 'user', 'u4.jpg')
 3 SYSTEMPATH/CodeIgniter.php(480): CodeIgniter\CodeIgniter->runController(Object(App\Controllers\Admin))
 4 SYSTEMPATH/CodeIgniter.php(349): CodeIgniter\CodeIgniter->handleRequest(null, Object(Config\Cache), false)
 5 FCPATH/index.php(67): CodeIgniter\CodeIgniter->run()
CRITICAL - 2025-10-03 03:27:33 --> Attempt to read property "product_id" on null
in APPPATH/Controllers/Admin.php on line 3365.
 1 APPPATH/Controllers/Admin.php(3365): CodeIgniter\Debug\Exceptions->errorHandler(2, 'Attempt to read property "product_id" on null', 'APPPATH/Controllers/Admin.php', 3365)
 2 SYSTEMPATH/CodeIgniter.php(925): App\Controllers\Admin->edit_product('FCPATH/assets', 'img', 'user', 'u5.jpg')
 3 SYSTEMPATH/CodeIgniter.php(480): CodeIgniter\CodeIgniter->runController(Object(App\Controllers\Admin))
 4 SYSTEMPATH/CodeIgniter.php(349): CodeIgniter\CodeIgniter->handleRequest(null, Object(Config\Cache), false)
 5 FCPATH/index.php(67): CodeIgniter\CodeIgniter->run()
CRITICAL - 2025-10-03 03:27:33 --> Attempt to read property "product_id" on null
in APPPATH/Controllers/Admin.php on line 3365.
 1 APPPATH/Controllers/Admin.php(3365): CodeIgniter\Debug\Exceptions->errorHandler(2, 'Attempt to read property "product_id" on null', 'APPPATH/Controllers/Admin.php', 3365)
 2 SYSTEMPATH/CodeIgniter.php(925): App\Controllers\Admin->edit_product('FCPATH/assets', 'img', 'user', 'u1.jpg')
 3 SYSTEMPATH/CodeIgniter.php(480): CodeIgniter\CodeIgniter->runController(Object(App\Controllers\Admin))
 4 SYSTEMPATH/CodeIgniter.php(349): CodeIgniter\CodeIgniter->handleRequest(null, Object(Config\Cache), false)
 5 FCPATH/index.php(67): CodeIgniter\CodeIgniter->run()
CRITICAL - 2025-10-03 03:27:33 --> Attempt to read property "product_id" on null
in APPPATH/Controllers/Admin.php on line 3365.
 1 APPPATH/Controllers/Admin.php(3365): CodeIgniter\Debug\Exceptions->errorHandler(2, 'Attempt to read property "product_id" on null', 'APPPATH/Controllers/Admin.php', 3365)
 2 SYSTEMPATH/CodeIgniter.php(925): App\Controllers\Admin->edit_product('FCPATH/assets', 'img', 'user', 'u2.jpg')
 3 SYSTEMPATH/CodeIgniter.php(480): CodeIgniter\CodeIgniter->runController(Object(App\Controllers\Admin))
 4 SYSTEMPATH/CodeIgniter.php(349): CodeIgniter\CodeIgniter->handleRequest(null, Object(Config\Cache), false)
 5 FCPATH/index.php(67): CodeIgniter\CodeIgniter->run()
CRITICAL - 2025-10-03 03:54:00 --> Attempt to read property "product_id" on null
in APPPATH/Controllers/Admin.php on line 3365.
 1 APPPATH/Controllers/Admin.php(3365): CodeIgniter\Debug\Exceptions->errorHandler(2, 'Attempt to read property "product_id" on null', 'APPPATH/Controllers/Admin.php', 3365)
 2 SYSTEMPATH/CodeIgniter.php(925): App\Controllers\Admin->edit_product('FCPATH/assets', 'img', 'user', 'u2.jpg')
 3 SYSTEMPATH/CodeIgniter.php(480): CodeIgniter\CodeIgniter->runController(Object(App\Controllers\Admin))
 4 SYSTEMPATH/CodeIgniter.php(349): CodeIgniter\CodeIgniter->handleRequest(null, Object(Config\Cache), false)
 5 FCPATH/index.php(67): CodeIgniter\CodeIgniter->run()
CRITICAL - 2025-10-03 03:54:00 --> Attempt to read property "product_id" on null
in APPPATH/Controllers/Admin.php on line 3365.
 1 APPPATH/Controllers/Admin.php(3365): CodeIgniter\Debug\Exceptions->errorHandler(2, 'Attempt to read property "product_id" on null', 'APPPATH/Controllers/Admin.php', 3365)
 2 SYSTEMPATH/CodeIgniter.php(925): App\Controllers\Admin->edit_product('FCPATH/assets', 'img', 'user', 'u1.jpg')
 3 SYSTEMPATH/CodeIgniter.php(480): CodeIgniter\CodeIgniter->runController(Object(App\Controllers\Admin))
 4 SYSTEMPATH/CodeIgniter.php(349): CodeIgniter\CodeIgniter->handleRequest(null, Object(Config\Cache), false)
 5 FCPATH/index.php(67): CodeIgniter\CodeIgniter->run()
CRITICAL - 2025-10-03 03:54:00 --> Attempt to read property "product_id" on null
in APPPATH/Controllers/Admin.php on line 3365.
 1 APPPATH/Controllers/Admin.php(3365): CodeIgniter\Debug\Exceptions->errorHandler(2, 'Attempt to read property "product_id" on null', 'APPPATH/Controllers/Admin.php', 3365)
 2 SYSTEMPATH/CodeIgniter.php(925): App\Controllers\Admin->edit_product('FCPATH/assets', 'img', 'user', 'u5.jpg')
 3 SYSTEMPATH/CodeIgniter.php(480): CodeIgniter\CodeIgniter->runController(Object(App\Controllers\Admin))
 4 SYSTEMPATH/CodeIgniter.php(349): CodeIgniter\CodeIgniter->handleRequest(null, Object(Config\Cache), false)
 5 FCPATH/index.php(67): CodeIgniter\CodeIgniter->run()
CRITICAL - 2025-10-03 03:54:00 --> Attempt to read property "product_id" on null
in APPPATH/Controllers/Admin.php on line 3365.
 1 APPPATH/Controllers/Admin.php(3365): CodeIgniter\Debug\Exceptions->errorHandler(2, 'Attempt to read property "product_id" on null', 'APPPATH/Controllers/Admin.php', 3365)
 2 SYSTEMPATH/CodeIgniter.php(925): App\Controllers\Admin->edit_product('FCPATH/assets', 'img', 'user', 'u4.jpg')
 3 SYSTEMPATH/CodeIgniter.php(480): CodeIgniter\CodeIgniter->runController(Object(App\Controllers\Admin))
 4 SYSTEMPATH/CodeIgniter.php(349): CodeIgniter\CodeIgniter->handleRequest(null, Object(Config\Cache), false)
 5 FCPATH/index.php(67): CodeIgniter\CodeIgniter->run()
CRITICAL - 2025-10-03 04:05:01 --> Uncaught TypeError: abs(): Argument #1 ($num) must be of type int|float, string given in /home2/aseelectricalco/public_html/arrdev-pools/system/Debug/Exceptions.php:349
Stack trace:
#0 /home2/aseelectricalco/public_html/arrdev-pools/system/Debug/Exceptions.php(349): abs('BAD_REQUEST_ERR...')
#1 /home2/aseelectricalco/public_html/arrdev-pools/system/Debug/Exceptions.php(108): CodeIgniter\Debug\Exceptions->determineCodes(Object(Razorpay\Api\Errors\BadRequestError))
#2 [internal function]: CodeIgniter\Debug\Exceptions->exceptionHandler(Object(Razorpay\Api\Errors\BadRequestError))
#3 {main}
  thrown
in SYSTEMPATH/Debug/Exceptions.php on line 349.
 1 [internal function]: CodeIgniter\Debug\Exceptions->shutdownHandler()
CRITICAL - 2025-10-03 04:09:22 --> Attempt to read property "booking_product_vender" on null
in APPPATH/Controllers/Admin.php on line 5027.
 1 APPPATH/Controllers/Admin.php(5027): CodeIgniter\Debug\Exceptions->errorHandler(2, 'Attempt to read property "booking_product_vender" on null', 'APPPATH/Controllers/Admin.php', 5027)
 2 SYSTEMPATH/CodeIgniter.php(925): App\Controllers\Admin->order_details('FCPATH/assets', 'img', 'user', 'u2.jpg')
 3 SYSTEMPATH/CodeIgniter.php(480): CodeIgniter\CodeIgniter->runController(Object(App\Controllers\Admin))
 4 SYSTEMPATH/CodeIgniter.php(349): CodeIgniter\CodeIgniter->handleRequest(null, Object(Config\Cache), false)
 5 FCPATH/index.php(67): CodeIgniter\CodeIgniter->run()
CRITICAL - 2025-10-03 04:09:22 --> Attempt to read property "booking_product_vender" on null
in APPPATH/Controllers/Admin.php on line 5027.
 1 APPPATH/Controllers/Admin.php(5027): CodeIgniter\Debug\Exceptions->errorHandler(2, 'Attempt to read property "booking_product_vender" on null', 'APPPATH/Controllers/Admin.php', 5027)
 2 SYSTEMPATH/CodeIgniter.php(925): App\Controllers\Admin->order_details('FCPATH/assets', 'img', 'user', 'u1.jpg')
 3 SYSTEMPATH/CodeIgniter.php(480): CodeIgniter\CodeIgniter->runController(Object(App\Controllers\Admin))
 4 SYSTEMPATH/CodeIgniter.php(349): CodeIgniter\CodeIgniter->handleRequest(null, Object(Config\Cache), false)
 5 FCPATH/index.php(67): CodeIgniter\CodeIgniter->run()
CRITICAL - 2025-10-03 04:09:22 --> Attempt to read property "booking_product_vender" on null
in APPPATH/Controllers/Admin.php on line 5027.
 1 APPPATH/Controllers/Admin.php(5027): CodeIgniter\Debug\Exceptions->errorHandler(2, 'Attempt to read property "booking_product_vender" on null', 'APPPATH/Controllers/Admin.php', 5027)
 2 SYSTEMPATH/CodeIgniter.php(925): App\Controllers\Admin->order_details('FCPATH/assets', 'img', 'user', 'u5.jpg')
 3 SYSTEMPATH/CodeIgniter.php(480): CodeIgniter\CodeIgniter->runController(Object(App\Controllers\Admin))
 4 SYSTEMPATH/CodeIgniter.php(349): CodeIgniter\CodeIgniter->handleRequest(null, Object(Config\Cache), false)
 5 FCPATH/index.php(67): CodeIgniter\CodeIgniter->run()
CRITICAL - 2025-10-03 04:09:22 --> Attempt to read property "booking_product_vender" on null
in APPPATH/Controllers/Admin.php on line 5027.
 1 APPPATH/Controllers/Admin.php(5027): CodeIgniter\Debug\Exceptions->errorHandler(2, 'Attempt to read property "booking_product_vender" on null', 'APPPATH/Controllers/Admin.php', 5027)
 2 SYSTEMPATH/CodeIgniter.php(925): App\Controllers\Admin->order_details('FCPATH/assets', 'img', 'user', 'u4.jpg')
 3 SYSTEMPATH/CodeIgniter.php(480): CodeIgniter\CodeIgniter->runController(Object(App\Controllers\Admin))
 4 SYSTEMPATH/CodeIgniter.php(349): CodeIgniter\CodeIgniter->handleRequest(null, Object(Config\Cache), false)
 5 FCPATH/index.php(67): CodeIgniter\CodeIgniter->run()
CRITICAL - 2025-10-03 04:27:24 --> Attempt to read property "product_id" on null
in APPPATH/Controllers/Admin.php on line 3365.
 1 APPPATH/Controllers/Admin.php(3365): CodeIgniter\Debug\Exceptions->errorHandler(2, 'Attempt to read property "product_id" on null', 'APPPATH/Controllers/Admin.php', 3365)
 2 SYSTEMPATH/CodeIgniter.php(925): App\Controllers\Admin->edit_product('FCPATH/assets', 'img', 'user', 'u2.jpg')
 3 SYSTEMPATH/CodeIgniter.php(480): CodeIgniter\CodeIgniter->runController(Object(App\Controllers\Admin))
 4 SYSTEMPATH/CodeIgniter.php(349): CodeIgniter\CodeIgniter->handleRequest(null, Object(Config\Cache), false)
 5 FCPATH/index.php(67): CodeIgniter\CodeIgniter->run()
CRITICAL - 2025-10-03 04:27:24 --> Attempt to read property "product_id" on null
in APPPATH/Controllers/Admin.php on line 3365.
 1 APPPATH/Controllers/Admin.php(3365): CodeIgniter\Debug\Exceptions->errorHandler(2, 'Attempt to read property "product_id" on null', 'APPPATH/Controllers/Admin.php', 3365)
 2 SYSTEMPATH/CodeIgniter.php(925): App\Controllers\Admin->edit_product('FCPATH/assets', 'img', 'user', 'u5.jpg')
 3 SYSTEMPATH/CodeIgniter.php(480): CodeIgniter\CodeIgniter->runController(Object(App\Controllers\Admin))
 4 SYSTEMPATH/CodeIgniter.php(349): CodeIgniter\CodeIgniter->handleRequest(null, Object(Config\Cache), false)
 5 FCPATH/index.php(67): CodeIgniter\CodeIgniter->run()
CRITICAL - 2025-10-03 04:27:24 --> Attempt to read property "product_id" on null
in APPPATH/Controllers/Admin.php on line 3365.
 1 APPPATH/Controllers/Admin.php(3365): CodeIgniter\Debug\Exceptions->errorHandler(2, 'Attempt to read property "product_id" on null', 'APPPATH/Controllers/Admin.php', 3365)
 2 SYSTEMPATH/CodeIgniter.php(925): App\Controllers\Admin->edit_product('FCPATH/assets', 'img', 'user', 'u4.jpg')
 3 SYSTEMPATH/CodeIgniter.php(480): CodeIgniter\CodeIgniter->runController(Object(App\Controllers\Admin))
 4 SYSTEMPATH/CodeIgniter.php(349): CodeIgniter\CodeIgniter->handleRequest(null, Object(Config\Cache), false)
 5 FCPATH/index.php(67): CodeIgniter\CodeIgniter->run()
CRITICAL - 2025-10-03 04:27:24 --> Attempt to read property "product_id" on null
in APPPATH/Controllers/Admin.php on line 3365.
 1 APPPATH/Controllers/Admin.php(3365): CodeIgniter\Debug\Exceptions->errorHandler(2, 'Attempt to read property "product_id" on null', 'APPPATH/Controllers/Admin.php', 3365)
 2 SYSTEMPATH/CodeIgniter.php(925): App\Controllers\Admin->edit_product('FCPATH/assets', 'img', 'user', 'u1.jpg')
 3 SYSTEMPATH/CodeIgniter.php(480): CodeIgniter\CodeIgniter->runController(Object(App\Controllers\Admin))
 4 SYSTEMPATH/CodeIgniter.php(349): CodeIgniter\CodeIgniter->handleRequest(null, Object(Config\Cache), false)
 5 FCPATH/index.php(67): CodeIgniter\CodeIgniter->run()
CRITICAL - 2025-10-03 04:43:10 --> The original file is not a valid file.
in SYSTEMPATH/HTTP/Files/UploadedFile.php on line 137.
 1 SYSTEMPATH/HTTP/Files/UploadedFile.php(137): CodeIgniter\HTTP\Exceptions\HTTPException::forInvalidFile()
 2 APPPATH/Controllers/Admin.php(3255): CodeIgniter\HTTP\Files\UploadedFile->move('FCPATH/assets/images', '-1.')
 3 SYSTEMPATH/CodeIgniter.php(925): App\Controllers\Admin->create_product_process()
 4 SYSTEMPATH/CodeIgniter.php(480): CodeIgniter\CodeIgniter->runController(Object(App\Controllers\Admin))
 5 SYSTEMPATH/CodeIgniter.php(349): CodeIgniter\CodeIgniter->handleRequest(null, Object(Config\Cache), false)
 6 FCPATH/index.php(67): CodeIgniter\CodeIgniter->run()
CRITICAL - 2025-10-03 04:49:56 --> Attempt to read property "product_id" on null
in APPPATH/Controllers/Admin.php on line 3365.
 1 APPPATH/Controllers/Admin.php(3365): CodeIgniter\Debug\Exceptions->errorHandler(2, 'Attempt to read property "product_id" on null', 'APPPATH/Controllers/Admin.php', 3365)
 2 SYSTEMPATH/CodeIgniter.php(925): App\Controllers\Admin->edit_product('FCPATH/assets', 'img', 'user', 'u1.jpg')
 3 SYSTEMPATH/CodeIgniter.php(480): CodeIgniter\CodeIgniter->runController(Object(App\Controllers\Admin))
 4 SYSTEMPATH/CodeIgniter.php(349): CodeIgniter\CodeIgniter->handleRequest(null, Object(Config\Cache), false)
 5 FCPATH/index.php(67): CodeIgniter\CodeIgniter->run()
CRITICAL - 2025-10-03 04:49:56 --> Attempt to read property "product_id" on null
in APPPATH/Controllers/Admin.php on line 3365.
 1 APPPATH/Controllers/Admin.php(3365): CodeIgniter\Debug\Exceptions->errorHandler(2, 'Attempt to read property "product_id" on null', 'APPPATH/Controllers/Admin.php', 3365)
 2 SYSTEMPATH/CodeIgniter.php(925): App\Controllers\Admin->edit_product('FCPATH/assets', 'img', 'user', 'u2.jpg')
 3 SYSTEMPATH/CodeIgniter.php(480): CodeIgniter\CodeIgniter->runController(Object(App\Controllers\Admin))
 4 SYSTEMPATH/CodeIgniter.php(349): CodeIgniter\CodeIgniter->handleRequest(null, Object(Config\Cache), false)
 5 FCPATH/index.php(67): CodeIgniter\CodeIgniter->run()
CRITICAL - 2025-10-03 04:49:56 --> Attempt to read property "product_id" on null
in APPPATH/Controllers/Admin.php on line 3365.
 1 APPPATH/Controllers/Admin.php(3365): CodeIgniter\Debug\Exceptions->errorHandler(2, 'Attempt to read property "product_id" on null', 'APPPATH/Controllers/Admin.php', 3365)
 2 SYSTEMPATH/CodeIgniter.php(925): App\Controllers\Admin->edit_product('FCPATH/assets', 'img', 'user', 'u5.jpg')
 3 SYSTEMPATH/CodeIgniter.php(480): CodeIgniter\CodeIgniter->runController(Object(App\Controllers\Admin))
 4 SYSTEMPATH/CodeIgniter.php(349): CodeIgniter\CodeIgniter->handleRequest(null, Object(Config\Cache), false)
 5 FCPATH/index.php(67): CodeIgniter\CodeIgniter->run()
CRITICAL - 2025-10-03 04:49:56 --> Attempt to read property "product_id" on null
in APPPATH/Controllers/Admin.php on line 3365.
 1 APPPATH/Controllers/Admin.php(3365): CodeIgniter\Debug\Exceptions->errorHandler(2, 'Attempt to read property "product_id" on null', 'APPPATH/Controllers/Admin.php', 3365)
 2 SYSTEMPATH/CodeIgniter.php(925): App\Controllers\Admin->edit_product('FCPATH/assets', 'img', 'user', 'u4.jpg')
 3 SYSTEMPATH/CodeIgniter.php(480): CodeIgniter\CodeIgniter->runController(Object(App\Controllers\Admin))
 4 SYSTEMPATH/CodeIgniter.php(349): CodeIgniter\CodeIgniter->handleRequest(null, Object(Config\Cache), false)
 5 FCPATH/index.php(67): CodeIgniter\CodeIgniter->run()
CRITICAL - 2025-10-03 05:01:24 --> Attempt to read property "product_id" on null
in APPPATH/Controllers/Admin.php on line 3365.
 1 APPPATH/Controllers/Admin.php(3365): CodeIgniter\Debug\Exceptions->errorHandler(2, 'Attempt to read property "product_id" on null', 'APPPATH/Controllers/Admin.php', 3365)
 2 SYSTEMPATH/CodeIgniter.php(925): App\Controllers\Admin->edit_product('FCPATH/assets', 'img', 'user', 'u2.jpg')
 3 SYSTEMPATH/CodeIgniter.php(480): CodeIgniter\CodeIgniter->runController(Object(App\Controllers\Admin))
 4 SYSTEMPATH/CodeIgniter.php(349): CodeIgniter\CodeIgniter->handleRequest(null, Object(Config\Cache), false)
 5 FCPATH/index.php(67): CodeIgniter\CodeIgniter->run()
CRITICAL - 2025-10-03 05:01:24 --> Attempt to read property "product_id" on null
in APPPATH/Controllers/Admin.php on line 3365.
 1 APPPATH/Controllers/Admin.php(3365): CodeIgniter\Debug\Exceptions->errorHandler(2, 'Attempt to read property "product_id" on null', 'APPPATH/Controllers/Admin.php', 3365)
 2 SYSTEMPATH/CodeIgniter.php(925): App\Controllers\Admin->edit_product('FCPATH/assets', 'img', 'user', 'u4.jpg')
 3 SYSTEMPATH/CodeIgniter.php(480): CodeIgniter\CodeIgniter->runController(Object(App\Controllers\Admin))
 4 SYSTEMPATH/CodeIgniter.php(349): CodeIgniter\CodeIgniter->handleRequest(null, Object(Config\Cache), false)
 5 FCPATH/index.php(67): CodeIgniter\CodeIgniter->run()
CRITICAL - 2025-10-03 05:01:24 --> Attempt to read property "product_id" on null
in APPPATH/Controllers/Admin.php on line 3365.
 1 APPPATH/Controllers/Admin.php(3365): CodeIgniter\Debug\Exceptions->errorHandler(2, 'Attempt to read property "product_id" on null', 'APPPATH/Controllers/Admin.php', 3365)
 2 SYSTEMPATH/CodeIgniter.php(925): App\Controllers\Admin->edit_product('FCPATH/assets', 'img', 'user', 'u1.jpg')
 3 SYSTEMPATH/CodeIgniter.php(480): CodeIgniter\CodeIgniter->runController(Object(App\Controllers\Admin))
 4 SYSTEMPATH/CodeIgniter.php(349): CodeIgniter\CodeIgniter->handleRequest(null, Object(Config\Cache), false)
 5 FCPATH/index.php(67): CodeIgniter\CodeIgniter->run()
CRITICAL - 2025-10-03 05:01:24 --> Attempt to read property "product_id" on null
in APPPATH/Controllers/Admin.php on line 3365.
 1 APPPATH/Controllers/Admin.php(3365): CodeIgniter\Debug\Exceptions->errorHandler(2, 'Attempt to read property "product_id" on null', 'APPPATH/Controllers/Admin.php', 3365)
 2 SYSTEMPATH/CodeIgniter.php(925): App\Controllers\Admin->edit_product('FCPATH/assets', 'img', 'user', 'u5.jpg')
 3 SYSTEMPATH/CodeIgniter.php(480): CodeIgniter\CodeIgniter->runController(Object(App\Controllers\Admin))
 4 SYSTEMPATH/CodeIgniter.php(349): CodeIgniter\CodeIgniter->handleRequest(null, Object(Config\Cache), false)
 5 FCPATH/index.php(67): CodeIgniter\CodeIgniter->run()
CRITICAL - 2025-10-03 05:09:03 --> Attempt to read property "product_id" on null
in APPPATH/Controllers/Admin.php on line 3365.
 1 APPPATH/Controllers/Admin.php(3365): CodeIgniter\Debug\Exceptions->errorHandler(2, 'Attempt to read property "product_id" on null', 'APPPATH/Controllers/Admin.php', 3365)
 2 SYSTEMPATH/CodeIgniter.php(925): App\Controllers\Admin->edit_product('FCPATH/assets', 'img', 'user', 'u2.jpg')
 3 SYSTEMPATH/CodeIgniter.php(480): CodeIgniter\CodeIgniter->runController(Object(App\Controllers\Admin))
 4 SYSTEMPATH/CodeIgniter.php(349): CodeIgniter\CodeIgniter->handleRequest(null, Object(Config\Cache), false)
 5 FCPATH/index.php(67): CodeIgniter\CodeIgniter->run()
CRITICAL - 2025-10-03 05:09:03 --> Attempt to read property "product_id" on null
in APPPATH/Controllers/Admin.php on line 3365.
 1 APPPATH/Controllers/Admin.php(3365): CodeIgniter\Debug\Exceptions->errorHandler(2, 'Attempt to read property "product_id" on null', 'APPPATH/Controllers/Admin.php', 3365)
 2 SYSTEMPATH/CodeIgniter.php(925): App\Controllers\Admin->edit_product('FCPATH/assets', 'img', 'user', 'u1.jpg')
 3 SYSTEMPATH/CodeIgniter.php(480): CodeIgniter\CodeIgniter->runController(Object(App\Controllers\Admin))
 4 SYSTEMPATH/CodeIgniter.php(349): CodeIgniter\CodeIgniter->handleRequest(null, Object(Config\Cache), false)
 5 FCPATH/index.php(67): CodeIgniter\CodeIgniter->run()
CRITICAL - 2025-10-03 05:09:03 --> Attempt to read property "product_id" on null
in APPPATH/Controllers/Admin.php on line 3365.
 1 APPPATH/Controllers/Admin.php(3365): CodeIgniter\Debug\Exceptions->errorHandler(2, 'Attempt to read property "product_id" on null', 'APPPATH/Controllers/Admin.php', 3365)
 2 SYSTEMPATH/CodeIgniter.php(925): App\Controllers\Admin->edit_product('FCPATH/assets', 'img', 'user', 'u5.jpg')
 3 SYSTEMPATH/CodeIgniter.php(480): CodeIgniter\CodeIgniter->runController(Object(App\Controllers\Admin))
 4 SYSTEMPATH/CodeIgniter.php(349): CodeIgniter\CodeIgniter->handleRequest(null, Object(Config\Cache), false)
 5 FCPATH/index.php(67): CodeIgniter\CodeIgniter->run()
CRITICAL - 2025-10-03 05:09:03 --> Attempt to read property "product_id" on null
in APPPATH/Controllers/Admin.php on line 3365.
 1 APPPATH/Controllers/Admin.php(3365): CodeIgniter\Debug\Exceptions->errorHandler(2, 'Attempt to read property "product_id" on null', 'APPPATH/Controllers/Admin.php', 3365)
 2 SYSTEMPATH/CodeIgniter.php(925): App\Controllers\Admin->edit_product('FCPATH/assets', 'img', 'user', 'u4.jpg')
 3 SYSTEMPATH/CodeIgniter.php(480): CodeIgniter\CodeIgniter->runController(Object(App\Controllers\Admin))
 4 SYSTEMPATH/CodeIgniter.php(349): CodeIgniter\CodeIgniter->handleRequest(null, Object(Config\Cache), false)
 5 FCPATH/index.php(67): CodeIgniter\CodeIgniter->run()
CRITICAL - 2025-10-03 05:10:00 --> Attempt to read property "product_id" on null
in APPPATH/Controllers/Admin.php on line 3365.
 1 APPPATH/Controllers/Admin.php(3365): CodeIgniter\Debug\Exceptions->errorHandler(2, 'Attempt to read property "product_id" on null', 'APPPATH/Controllers/Admin.php', 3365)
 2 SYSTEMPATH/CodeIgniter.php(925): App\Controllers\Admin->edit_product('FCPATH/assets', 'img', 'user', 'u2.jpg')
 3 SYSTEMPATH/CodeIgniter.php(480): CodeIgniter\CodeIgniter->runController(Object(App\Controllers\Admin))
 4 SYSTEMPATH/CodeIgniter.php(349): CodeIgniter\CodeIgniter->handleRequest(null, Object(Config\Cache), false)
 5 FCPATH/index.php(67): CodeIgniter\CodeIgniter->run()
CRITICAL - 2025-10-03 05:10:00 --> Attempt to read property "product_id" on null
in APPPATH/Controllers/Admin.php on line 3365.
 1 APPPATH/Controllers/Admin.php(3365): CodeIgniter\Debug\Exceptions->errorHandler(2, 'Attempt to read property "product_id" on null', 'APPPATH/Controllers/Admin.php', 3365)
 2 SYSTEMPATH/CodeIgniter.php(925): App\Controllers\Admin->edit_product('FCPATH/assets', 'img', 'user', 'u5.jpg')
 3 SYSTEMPATH/CodeIgniter.php(480): CodeIgniter\CodeIgniter->runController(Object(App\Controllers\Admin))
 4 SYSTEMPATH/CodeIgniter.php(349): CodeIgniter\CodeIgniter->handleRequest(null, Object(Config\Cache), false)
 5 FCPATH/index.php(67): CodeIgniter\CodeIgniter->run()
CRITICAL - 2025-10-03 05:10:00 --> Attempt to read property "product_id" on null
in APPPATH/Controllers/Admin.php on line 3365.
 1 APPPATH/Controllers/Admin.php(3365): CodeIgniter\Debug\Exceptions->errorHandler(2, 'Attempt to read property "product_id" on null', 'APPPATH/Controllers/Admin.php', 3365)
 2 SYSTEMPATH/CodeIgniter.php(925): App\Controllers\Admin->edit_product('FCPATH/assets', 'img', 'user', 'u4.jpg')
 3 SYSTEMPATH/CodeIgniter.php(480): CodeIgniter\CodeIgniter->runController(Object(App\Controllers\Admin))
 4 SYSTEMPATH/CodeIgniter.php(349): CodeIgniter\CodeIgniter->handleRequest(null, Object(Config\Cache), false)
 5 FCPATH/index.php(67): CodeIgniter\CodeIgniter->run()
CRITICAL - 2025-10-03 05:10:00 --> Attempt to read property "product_id" on null
in APPPATH/Controllers/Admin.php on line 3365.
 1 APPPATH/Controllers/Admin.php(3365): CodeIgniter\Debug\Exceptions->errorHandler(2, 'Attempt to read property "product_id" on null', 'APPPATH/Controllers/Admin.php', 3365)
 2 SYSTEMPATH/CodeIgniter.php(925): App\Controllers\Admin->edit_product('FCPATH/assets', 'img', 'user', 'u1.jpg')
 3 SYSTEMPATH/CodeIgniter.php(480): CodeIgniter\CodeIgniter->runController(Object(App\Controllers\Admin))
 4 SYSTEMPATH/CodeIgniter.php(349): CodeIgniter\CodeIgniter->handleRequest(null, Object(Config\Cache), false)
 5 FCPATH/index.php(67): CodeIgniter\CodeIgniter->run()
CRITICAL - 2025-10-03 05:17:16 --> Attempt to read property "product_id" on null
in APPPATH/Controllers/Admin.php on line 3365.
 1 APPPATH/Controllers/Admin.php(3365): CodeIgniter\Debug\Exceptions->errorHandler(2, 'Attempt to read property "product_id" on null', 'APPPATH/Controllers/Admin.php', 3365)
 2 SYSTEMPATH/CodeIgniter.php(925): App\Controllers\Admin->edit_product('FCPATH/assets', 'img', 'user', 'u2.jpg')
 3 SYSTEMPATH/CodeIgniter.php(480): CodeIgniter\CodeIgniter->runController(Object(App\Controllers\Admin))
 4 SYSTEMPATH/CodeIgniter.php(349): CodeIgniter\CodeIgniter->handleRequest(null, Object(Config\Cache), false)
 5 FCPATH/index.php(67): CodeIgniter\CodeIgniter->run()
CRITICAL - 2025-10-03 05:17:16 --> Attempt to read property "product_id" on null
in APPPATH/Controllers/Admin.php on line 3365.
 1 APPPATH/Controllers/Admin.php(3365): CodeIgniter\Debug\Exceptions->errorHandler(2, 'Attempt to read property "product_id" on null', 'APPPATH/Controllers/Admin.php', 3365)
 2 SYSTEMPATH/CodeIgniter.php(925): App\Controllers\Admin->edit_product('FCPATH/assets', 'img', 'user', 'u1.jpg')
 3 SYSTEMPATH/CodeIgniter.php(480): CodeIgniter\CodeIgniter->runController(Object(App\Controllers\Admin))
 4 SYSTEMPATH/CodeIgniter.php(349): CodeIgniter\CodeIgniter->handleRequest(null, Object(Config\Cache), false)
 5 FCPATH/index.php(67): CodeIgniter\CodeIgniter->run()
CRITICAL - 2025-10-03 05:17:16 --> Attempt to read property "product_id" on null
in APPPATH/Controllers/Admin.php on line 3365.
 1 APPPATH/Controllers/Admin.php(3365): CodeIgniter\Debug\Exceptions->errorHandler(2, 'Attempt to read property "product_id" on null', 'APPPATH/Controllers/Admin.php', 3365)
 2 SYSTEMPATH/CodeIgniter.php(925): App\Controllers\Admin->edit_product('FCPATH/assets', 'img', 'user', 'u5.jpg')
 3 SYSTEMPATH/CodeIgniter.php(480): CodeIgniter\CodeIgniter->runController(Object(App\Controllers\Admin))
 4 SYSTEMPATH/CodeIgniter.php(349): CodeIgniter\CodeIgniter->handleRequest(null, Object(Config\Cache), false)
 5 FCPATH/index.php(67): CodeIgniter\CodeIgniter->run()
CRITICAL - 2025-10-03 05:17:16 --> Attempt to read property "product_id" on null
in APPPATH/Controllers/Admin.php on line 3365.
 1 APPPATH/Controllers/Admin.php(3365): CodeIgniter\Debug\Exceptions->errorHandler(2, 'Attempt to read property "product_id" on null', 'APPPATH/Controllers/Admin.php', 3365)
 2 SYSTEMPATH/CodeIgniter.php(925): App\Controllers\Admin->edit_product('FCPATH/assets', 'img', 'user', 'u4.jpg')
 3 SYSTEMPATH/CodeIgniter.php(480): CodeIgniter\CodeIgniter->runController(Object(App\Controllers\Admin))
 4 SYSTEMPATH/CodeIgniter.php(349): CodeIgniter\CodeIgniter->handleRequest(null, Object(Config\Cache), false)
 5 FCPATH/index.php(67): CodeIgniter\CodeIgniter->run()
CRITICAL - 2025-10-03 05:18:46 --> Attempt to read property "product_id" on null
in APPPATH/Controllers/Admin.php on line 3365.
 1 APPPATH/Controllers/Admin.php(3365): CodeIgniter\Debug\Exceptions->errorHandler(2, 'Attempt to read property "product_id" on null', 'APPPATH/Controllers/Admin.php', 3365)
 2 SYSTEMPATH/CodeIgniter.php(925): App\Controllers\Admin->edit_product('FCPATH/assets', 'img', 'user', 'u1.jpg')
 3 SYSTEMPATH/CodeIgniter.php(480): CodeIgniter\CodeIgniter->runController(Object(App\Controllers\Admin))
 4 SYSTEMPATH/CodeIgniter.php(349): CodeIgniter\CodeIgniter->handleRequest(null, Object(Config\Cache), false)
 5 FCPATH/index.php(67): CodeIgniter\CodeIgniter->run()
CRITICAL - 2025-10-03 05:18:46 --> Attempt to read property "product_id" on null
in APPPATH/Controllers/Admin.php on line 3365.
 1 APPPATH/Controllers/Admin.php(3365): CodeIgniter\Debug\Exceptions->errorHandler(2, 'Attempt to read property "product_id" on null', 'APPPATH/Controllers/Admin.php', 3365)
 2 SYSTEMPATH/CodeIgniter.php(925): App\Controllers\Admin->edit_product('FCPATH/assets', 'img', 'user', 'u2.jpg')
 3 SYSTEMPATH/CodeIgniter.php(480): CodeIgniter\CodeIgniter->runController(Object(App\Controllers\Admin))
 4 SYSTEMPATH/CodeIgniter.php(349): CodeIgniter\CodeIgniter->handleRequest(null, Object(Config\Cache), false)
 5 FCPATH/index.php(67): CodeIgniter\CodeIgniter->run()
CRITICAL - 2025-10-03 05:18:46 --> Attempt to read property "product_id" on null
in APPPATH/Controllers/Admin.php on line 3365.
 1 APPPATH/Controllers/Admin.php(3365): CodeIgniter\Debug\Exceptions->errorHandler(2, 'Attempt to read property "product_id" on null', 'APPPATH/Controllers/Admin.php', 3365)
 2 SYSTEMPATH/CodeIgniter.php(925): App\Controllers\Admin->edit_product('FCPATH/assets', 'img', 'user', 'u4.jpg')
 3 SYSTEMPATH/CodeIgniter.php(480): CodeIgniter\CodeIgniter->runController(Object(App\Controllers\Admin))
 4 SYSTEMPATH/CodeIgniter.php(349): CodeIgniter\CodeIgniter->handleRequest(null, Object(Config\Cache), false)
 5 FCPATH/index.php(67): CodeIgniter\CodeIgniter->run()
CRITICAL - 2025-10-03 05:18:46 --> Attempt to read property "product_id" on null
in APPPATH/Controllers/Admin.php on line 3365.
 1 APPPATH/Controllers/Admin.php(3365): CodeIgniter\Debug\Exceptions->errorHandler(2, 'Attempt to read property "product_id" on null', 'APPPATH/Controllers/Admin.php', 3365)
 2 SYSTEMPATH/CodeIgniter.php(925): App\Controllers\Admin->edit_product('FCPATH/assets', 'img', 'user', 'u5.jpg')
 3 SYSTEMPATH/CodeIgniter.php(480): CodeIgniter\CodeIgniter->runController(Object(App\Controllers\Admin))
 4 SYSTEMPATH/CodeIgniter.php(349): CodeIgniter\CodeIgniter->handleRequest(null, Object(Config\Cache), false)
 5 FCPATH/index.php(67): CodeIgniter\CodeIgniter->run()
CRITICAL - 2025-10-03 05:33:47 --> Attempt to read property "product_id" on null
in APPPATH/Controllers/Admin.php on line 3365.
 1 APPPATH/Controllers/Admin.php(3365): CodeIgniter\Debug\Exceptions->errorHandler(2, 'Attempt to read property "product_id" on null', 'APPPATH/Controllers/Admin.php', 3365)
 2 SYSTEMPATH/CodeIgniter.php(925): App\Controllers\Admin->edit_product('FCPATH/assets', 'img', 'user', 'u2.jpg')
 3 SYSTEMPATH/CodeIgniter.php(480): CodeIgniter\CodeIgniter->runController(Object(App\Controllers\Admin))
 4 SYSTEMPATH/CodeIgniter.php(349): CodeIgniter\CodeIgniter->handleRequest(null, Object(Config\Cache), false)
 5 FCPATH/index.php(67): CodeIgniter\CodeIgniter->run()
CRITICAL - 2025-10-03 05:33:47 --> Attempt to read property "product_id" on null
in APPPATH/Controllers/Admin.php on line 3365.
 1 APPPATH/Controllers/Admin.php(3365): CodeIgniter\Debug\Exceptions->errorHandler(2, 'Attempt to read property "product_id" on null', 'APPPATH/Controllers/Admin.php', 3365)
 2 SYSTEMPATH/CodeIgniter.php(925): App\Controllers\Admin->edit_product('FCPATH/assets', 'img', 'user', 'u1.jpg')
 3 SYSTEMPATH/CodeIgniter.php(480): CodeIgniter\CodeIgniter->runController(Object(App\Controllers\Admin))
 4 SYSTEMPATH/CodeIgniter.php(349): CodeIgniter\CodeIgniter->handleRequest(null, Object(Config\Cache), false)
 5 FCPATH/index.php(67): CodeIgniter\CodeIgniter->run()
CRITICAL - 2025-10-03 05:33:47 --> Attempt to read property "product_id" on null
in APPPATH/Controllers/Admin.php on line 3365.
 1 APPPATH/Controllers/Admin.php(3365): CodeIgniter\Debug\Exceptions->errorHandler(2, 'Attempt to read property "product_id" on null', 'APPPATH/Controllers/Admin.php', 3365)
 2 SYSTEMPATH/CodeIgniter.php(925): App\Controllers\Admin->edit_product('FCPATH/assets', 'img', 'user', 'u4.jpg')
 3 SYSTEMPATH/CodeIgniter.php(480): CodeIgniter\CodeIgniter->runController(Object(App\Controllers\Admin))
 4 SYSTEMPATH/CodeIgniter.php(349): CodeIgniter\CodeIgniter->handleRequest(null, Object(Config\Cache), false)
 5 FCPATH/index.php(67): CodeIgniter\CodeIgniter->run()
CRITICAL - 2025-10-03 05:33:47 --> Attempt to read property "product_id" on null
in APPPATH/Controllers/Admin.php on line 3365.
 1 APPPATH/Controllers/Admin.php(3365): CodeIgniter\Debug\Exceptions->errorHandler(2, 'Attempt to read property "product_id" on null', 'APPPATH/Controllers/Admin.php', 3365)
 2 SYSTEMPATH/CodeIgniter.php(925): App\Controllers\Admin->edit_product('FCPATH/assets', 'img', 'user', 'u5.jpg')
 3 SYSTEMPATH/CodeIgniter.php(480): CodeIgniter\CodeIgniter->runController(Object(App\Controllers\Admin))
 4 SYSTEMPATH/CodeIgniter.php(349): CodeIgniter\CodeIgniter->handleRequest(null, Object(Config\Cache), false)
 5 FCPATH/index.php(67): CodeIgniter\CodeIgniter->run()
