CRITICAL - 2026-03-06 03:29:49 --> Attempt to read property "cms_id" on null
in APPPATH/Views/admin/edit-cms.php on line 36.
 1 APPPATH/Views/admin/edit-cms.php(36): CodeIgniter\Debug\Exceptions->errorHandler(2, 'Attempt to read property "cms_id" on null', 'APPPATH/Views/admin/edit-cms.php', 36)
 2 SYSTEMPATH/View/View.php(213): include('APPPATH/Views/admin/edit-cms.php')
 3 SYSTEMPATH/View/View.php(216): CodeIgniter\View\View->CodeIgniter\View\{closure}()
 4 SYSTEMPATH/Common.php(1135): CodeIgniter\View\View->render('admin/edit-cms', [], true)
 5 APPPATH/Controllers/Admin.php(758): view('admin/edit-cms', [...])
 6 SYSTEMPATH/CodeIgniter.php(925): App\Controllers\Admin->edit_cms('FCPATH/assets', 'img', 'user', 'u2.jpg')
 7 SYSTEMPATH/CodeIgniter.php(480): CodeIgniter\CodeIgniter->runController(Object(App\Controllers\Admin))
 8 SYSTEMPATH/CodeIgniter.php(349): CodeIgniter\CodeIgniter->handleRequest(null, Object(Config\Cache), false)
 9 FCPATH/index.php(67): CodeIgniter\CodeIgniter->run()
CRITICAL - 2026-03-06 03:29:49 --> Attempt to read property "cms_id" on null
in APPPATH/Views/admin/edit-cms.php on line 36.
 1 APPPATH/Views/admin/edit-cms.php(36): CodeIgniter\Debug\Exceptions->errorHandler(2, 'Attempt to read property "cms_id" on null', 'APPPATH/Views/admin/edit-cms.php', 36)
 2 SYSTEMPATH/View/View.php(213): include('APPPATH/Views/admin/edit-cms.php')
 3 SYSTEMPATH/View/View.php(216): CodeIgniter\View\View->CodeIgniter\View\{closure}()
 4 SYSTEMPATH/Common.php(1135): CodeIgniter\View\View->render('admin/edit-cms', [], true)
 5 APPPATH/Controllers/Admin.php(758): view('admin/edit-cms', [...])
 6 SYSTEMPATH/CodeIgniter.php(925): App\Controllers\Admin->edit_cms('FCPATH/assets', 'img', 'user', 'u5.jpg')
 7 SYSTEMPATH/CodeIgniter.php(480): CodeIgniter\CodeIgniter->runController(Object(App\Controllers\Admin))
 8 SYSTEMPATH/CodeIgniter.php(349): CodeIgniter\CodeIgniter->handleRequest(null, Object(Config\Cache), false)
 9 FCPATH/index.php(67): CodeIgniter\CodeIgniter->run()
CRITICAL - 2026-03-06 03:29:49 --> Attempt to read property "cms_id" on null
in APPPATH/Views/admin/edit-cms.php on line 36.
 1 APPPATH/Views/admin/edit-cms.php(36): CodeIgniter\Debug\Exceptions->errorHandler(2, 'Attempt to read property "cms_id" on null', 'APPPATH/Views/admin/edit-cms.php', 36)
 2 SYSTEMPATH/View/View.php(213): include('APPPATH/Views/admin/edit-cms.php')
 3 SYSTEMPATH/View/View.php(216): CodeIgniter\View\View->CodeIgniter\View\{closure}()
 4 SYSTEMPATH/Common.php(1135): CodeIgniter\View\View->render('admin/edit-cms', [], true)
 5 APPPATH/Controllers/Admin.php(758): view('admin/edit-cms', [...])
 6 SYSTEMPATH/CodeIgniter.php(925): App\Controllers\Admin->edit_cms('FCPATH/assets', 'img', 'user', 'u1.jpg')
 7 SYSTEMPATH/CodeIgniter.php(480): CodeIgniter\CodeIgniter->runController(Object(App\Controllers\Admin))
 8 SYSTEMPATH/CodeIgniter.php(349): CodeIgniter\CodeIgniter->handleRequest(null, Object(Config\Cache), false)
 9 FCPATH/index.php(67): CodeIgniter\CodeIgniter->run()
CRITICAL - 2026-03-06 03:29:49 --> Attempt to read property "cms_id" on null
in APPPATH/Views/admin/edit-cms.php on line 36.
 1 APPPATH/Views/admin/edit-cms.php(36): CodeIgniter\Debug\Exceptions->errorHandler(2, 'Attempt to read property "cms_id" on null', 'APPPATH/Views/admin/edit-cms.php', 36)
 2 SYSTEMPATH/View/View.php(213): include('APPPATH/Views/admin/edit-cms.php')
 3 SYSTEMPATH/View/View.php(216): CodeIgniter\View\View->CodeIgniter\View\{closure}()
 4 SYSTEMPATH/Common.php(1135): CodeIgniter\View\View->render('admin/edit-cms', [], true)
 5 APPPATH/Controllers/Admin.php(758): view('admin/edit-cms', [...])
 6 SYSTEMPATH/CodeIgniter.php(925): App\Controllers\Admin->edit_cms('FCPATH/assets', 'img', 'user', 'u4.jpg')
 7 SYSTEMPATH/CodeIgniter.php(480): CodeIgniter\CodeIgniter->runController(Object(App\Controllers\Admin))
 8 SYSTEMPATH/CodeIgniter.php(349): CodeIgniter\CodeIgniter->handleRequest(null, Object(Config\Cache), false)
 9 FCPATH/index.php(67): CodeIgniter\CodeIgniter->run()
CRITICAL - 2026-03-06 03:30:01 --> Attempt to read property "cms_id" on null
in APPPATH/Views/admin/edit-cms.php on line 36.
 1 APPPATH/Views/admin/edit-cms.php(36): CodeIgniter\Debug\Exceptions->errorHandler(2, 'Attempt to read property "cms_id" on null', 'APPPATH/Views/admin/edit-cms.php', 36)
 2 SYSTEMPATH/View/View.php(213): include('APPPATH/Views/admin/edit-cms.php')
 3 SYSTEMPATH/View/View.php(216): CodeIgniter\View\View->CodeIgniter\View\{closure}()
 4 SYSTEMPATH/Common.php(1135): CodeIgniter\View\View->render('admin/edit-cms', [], true)
 5 APPPATH/Controllers/Admin.php(758): view('admin/edit-cms', [...])
 6 SYSTEMPATH/CodeIgniter.php(925): App\Controllers\Admin->edit_cms('FCPATH/assets', 'img', 'user', 'u2.jpg')
 7 SYSTEMPATH/CodeIgniter.php(480): CodeIgniter\CodeIgniter->runController(Object(App\Controllers\Admin))
 8 SYSTEMPATH/CodeIgniter.php(349): CodeIgniter\CodeIgniter->handleRequest(null, Object(Config\Cache), false)
 9 FCPATH/index.php(67): CodeIgniter\CodeIgniter->run()
CRITICAL - 2026-03-06 03:30:01 --> Attempt to read property "cms_id" on null
in APPPATH/Views/admin/edit-cms.php on line 36.
 1 APPPATH/Views/admin/edit-cms.php(36): CodeIgniter\Debug\Exceptions->errorHandler(2, 'Attempt to read property "cms_id" on null', 'APPPATH/Views/admin/edit-cms.php', 36)
 2 SYSTEMPATH/View/View.php(213): include('APPPATH/Views/admin/edit-cms.php')
 3 SYSTEMPATH/View/View.php(216): CodeIgniter\View\View->CodeIgniter\View\{closure}()
 4 SYSTEMPATH/Common.php(1135): CodeIgniter\View\View->render('admin/edit-cms', [], true)
 5 APPPATH/Controllers/Admin.php(758): view('admin/edit-cms', [...])
 6 SYSTEMPATH/CodeIgniter.php(925): App\Controllers\Admin->edit_cms('FCPATH/assets', 'img', 'user', 'u4.jpg')
 7 SYSTEMPATH/CodeIgniter.php(480): CodeIgniter\CodeIgniter->runController(Object(App\Controllers\Admin))
 8 SYSTEMPATH/CodeIgniter.php(349): CodeIgniter\CodeIgniter->handleRequest(null, Object(Config\Cache), false)
 9 FCPATH/index.php(67): CodeIgniter\CodeIgniter->run()
CRITICAL - 2026-03-06 03:30:01 --> Attempt to read property "cms_id" on null
in APPPATH/Views/admin/edit-cms.php on line 36.
 1 APPPATH/Views/admin/edit-cms.php(36): CodeIgniter\Debug\Exceptions->errorHandler(2, 'Attempt to read property "cms_id" on null', 'APPPATH/Views/admin/edit-cms.php', 36)
 2 SYSTEMPATH/View/View.php(213): include('APPPATH/Views/admin/edit-cms.php')
 3 SYSTEMPATH/View/View.php(216): CodeIgniter\View\View->CodeIgniter\View\{closure}()
 4 SYSTEMPATH/Common.php(1135): CodeIgniter\View\View->render('admin/edit-cms', [], true)
 5 APPPATH/Controllers/Admin.php(758): view('admin/edit-cms', [...])
 6 SYSTEMPATH/CodeIgniter.php(925): App\Controllers\Admin->edit_cms('FCPATH/assets', 'img', 'user', 'u1.jpg')
 7 SYSTEMPATH/CodeIgniter.php(480): CodeIgniter\CodeIgniter->runController(Object(App\Controllers\Admin))
 8 SYSTEMPATH/CodeIgniter.php(349): CodeIgniter\CodeIgniter->handleRequest(null, Object(Config\Cache), false)
 9 FCPATH/index.php(67): CodeIgniter\CodeIgniter->run()
CRITICAL - 2026-03-06 03:30:01 --> Attempt to read property "cms_id" on null
in APPPATH/Views/admin/edit-cms.php on line 36.
 1 APPPATH/Views/admin/edit-cms.php(36): CodeIgniter\Debug\Exceptions->errorHandler(2, 'Attempt to read property "cms_id" on null', 'APPPATH/Views/admin/edit-cms.php', 36)
 2 SYSTEMPATH/View/View.php(213): include('APPPATH/Views/admin/edit-cms.php')
 3 SYSTEMPATH/View/View.php(216): CodeIgniter\View\View->CodeIgniter\View\{closure}()
 4 SYSTEMPATH/Common.php(1135): CodeIgniter\View\View->render('admin/edit-cms', [], true)
 5 APPPATH/Controllers/Admin.php(758): view('admin/edit-cms', [...])
 6 SYSTEMPATH/CodeIgniter.php(925): App\Controllers\Admin->edit_cms('FCPATH/assets', 'img', 'user', 'u5.jpg')
 7 SYSTEMPATH/CodeIgniter.php(480): CodeIgniter\CodeIgniter->runController(Object(App\Controllers\Admin))
 8 SYSTEMPATH/CodeIgniter.php(349): CodeIgniter\CodeIgniter->handleRequest(null, Object(Config\Cache), false)
 9 FCPATH/index.php(67): CodeIgniter\CodeIgniter->run()
CRITICAL - 2026-03-06 03:31:49 --> Attempt to read property "cms_id" on null
in APPPATH/Views/admin/edit-cms.php on line 36.
 1 APPPATH/Views/admin/edit-cms.php(36): CodeIgniter\Debug\Exceptions->errorHandler(2, 'Attempt to read property "cms_id" on null', 'APPPATH/Views/admin/edit-cms.php', 36)
 2 SYSTEMPATH/View/View.php(213): include('APPPATH/Views/admin/edit-cms.php')
 3 SYSTEMPATH/View/View.php(216): CodeIgniter\View\View->CodeIgniter\View\{closure}()
 4 SYSTEMPATH/Common.php(1135): CodeIgniter\View\View->render('admin/edit-cms', [], true)
 5 APPPATH/Controllers/Admin.php(758): view('admin/edit-cms', [...])
 6 SYSTEMPATH/CodeIgniter.php(925): App\Controllers\Admin->edit_cms('FCPATH/assets', 'img', 'user', 'u2.jpg')
 7 SYSTEMPATH/CodeIgniter.php(480): CodeIgniter\CodeIgniter->runController(Object(App\Controllers\Admin))
 8 SYSTEMPATH/CodeIgniter.php(349): CodeIgniter\CodeIgniter->handleRequest(null, Object(Config\Cache), false)
 9 FCPATH/index.php(67): CodeIgniter\CodeIgniter->run()
CRITICAL - 2026-03-06 03:31:49 --> Attempt to read property "cms_id" on null
in APPPATH/Views/admin/edit-cms.php on line 36.
 1 APPPATH/Views/admin/edit-cms.php(36): CodeIgniter\Debug\Exceptions->errorHandler(2, 'Attempt to read property "cms_id" on null', 'APPPATH/Views/admin/edit-cms.php', 36)
 2 SYSTEMPATH/View/View.php(213): include('APPPATH/Views/admin/edit-cms.php')
 3 SYSTEMPATH/View/View.php(216): CodeIgniter\View\View->CodeIgniter\View\{closure}()
 4 SYSTEMPATH/Common.php(1135): CodeIgniter\View\View->render('admin/edit-cms', [], true)
 5 APPPATH/Controllers/Admin.php(758): view('admin/edit-cms', [...])
 6 SYSTEMPATH/CodeIgniter.php(925): App\Controllers\Admin->edit_cms('FCPATH/assets', 'img', 'user', 'u5.jpg')
 7 SYSTEMPATH/CodeIgniter.php(480): CodeIgniter\CodeIgniter->runController(Object(App\Controllers\Admin))
 8 SYSTEMPATH/CodeIgniter.php(349): CodeIgniter\CodeIgniter->handleRequest(null, Object(Config\Cache), false)
 9 FCPATH/index.php(67): CodeIgniter\CodeIgniter->run()
CRITICAL - 2026-03-06 03:31:49 --> Attempt to read property "cms_id" on null
in APPPATH/Views/admin/edit-cms.php on line 36.
 1 APPPATH/Views/admin/edit-cms.php(36): CodeIgniter\Debug\Exceptions->errorHandler(2, 'Attempt to read property "cms_id" on null', 'APPPATH/Views/admin/edit-cms.php', 36)
 2 SYSTEMPATH/View/View.php(213): include('APPPATH/Views/admin/edit-cms.php')
 3 SYSTEMPATH/View/View.php(216): CodeIgniter\View\View->CodeIgniter\View\{closure}()
 4 SYSTEMPATH/Common.php(1135): CodeIgniter\View\View->render('admin/edit-cms', [], true)
 5 APPPATH/Controllers/Admin.php(758): view('admin/edit-cms', [...])
 6 SYSTEMPATH/CodeIgniter.php(925): App\Controllers\Admin->edit_cms('FCPATH/assets', 'img', 'user', 'u4.jpg')
 7 SYSTEMPATH/CodeIgniter.php(480): CodeIgniter\CodeIgniter->runController(Object(App\Controllers\Admin))
 8 SYSTEMPATH/CodeIgniter.php(349): CodeIgniter\CodeIgniter->handleRequest(null, Object(Config\Cache), false)
 9 FCPATH/index.php(67): CodeIgniter\CodeIgniter->run()
CRITICAL - 2026-03-06 03:31:49 --> Attempt to read property "cms_id" on null
in APPPATH/Views/admin/edit-cms.php on line 36.
 1 APPPATH/Views/admin/edit-cms.php(36): CodeIgniter\Debug\Exceptions->errorHandler(2, 'Attempt to read property "cms_id" on null', 'APPPATH/Views/admin/edit-cms.php', 36)
 2 SYSTEMPATH/View/View.php(213): include('APPPATH/Views/admin/edit-cms.php')
 3 SYSTEMPATH/View/View.php(216): CodeIgniter\View\View->CodeIgniter\View\{closure}()
 4 SYSTEMPATH/Common.php(1135): CodeIgniter\View\View->render('admin/edit-cms', [], true)
 5 APPPATH/Controllers/Admin.php(758): view('admin/edit-cms', [...])
 6 SYSTEMPATH/CodeIgniter.php(925): App\Controllers\Admin->edit_cms('FCPATH/assets', 'img', 'user', 'u1.jpg')
 7 SYSTEMPATH/CodeIgniter.php(480): CodeIgniter\CodeIgniter->runController(Object(App\Controllers\Admin))
 8 SYSTEMPATH/CodeIgniter.php(349): CodeIgniter\CodeIgniter->handleRequest(null, Object(Config\Cache), false)
 9 FCPATH/index.php(67): CodeIgniter\CodeIgniter->run()
CRITICAL - 2026-03-06 03:46:18 --> Attempt to read property "blog_id" on null
in APPPATH/Views/admin/edit-blog.php on line 46.
 1 APPPATH/Views/admin/edit-blog.php(46): CodeIgniter\Debug\Exceptions->errorHandler(2, 'Attempt to read property "blog_id" on null', 'APPPATH/Views/admin/edit-blog.php', 46)
 2 SYSTEMPATH/View/View.php(213): include('APPPATH/Views/admin/edit-blog.php')
 3 SYSTEMPATH/View/View.php(216): CodeIgniter\View\View->CodeIgniter\View\{closure}()
 4 SYSTEMPATH/Common.php(1135): CodeIgniter\View\View->render('admin/edit-blog', [], true)
 5 APPPATH/Controllers/Admin.php(3615): view('admin/edit-blog', [...])
 6 SYSTEMPATH/CodeIgniter.php(925): App\Controllers\Admin->edit_our_blog('FCPATH/assets', 'img', 'user', 'u2.jpg')
 7 SYSTEMPATH/CodeIgniter.php(480): CodeIgniter\CodeIgniter->runController(Object(App\Controllers\Admin))
 8 SYSTEMPATH/CodeIgniter.php(349): CodeIgniter\CodeIgniter->handleRequest(null, Object(Config\Cache), false)
 9 FCPATH/index.php(67): CodeIgniter\CodeIgniter->run()
CRITICAL - 2026-03-06 03:46:18 --> Attempt to read property "blog_id" on null
in APPPATH/Views/admin/edit-blog.php on line 46.
 1 APPPATH/Views/admin/edit-blog.php(46): CodeIgniter\Debug\Exceptions->errorHandler(2, 'Attempt to read property "blog_id" on null', 'APPPATH/Views/admin/edit-blog.php', 46)
 2 SYSTEMPATH/View/View.php(213): include('APPPATH/Views/admin/edit-blog.php')
 3 SYSTEMPATH/View/View.php(216): CodeIgniter\View\View->CodeIgniter\View\{closure}()
 4 SYSTEMPATH/Common.php(1135): CodeIgniter\View\View->render('admin/edit-blog', [], true)
 5 APPPATH/Controllers/Admin.php(3615): view('admin/edit-blog', [...])
 6 SYSTEMPATH/CodeIgniter.php(925): App\Controllers\Admin->edit_our_blog('FCPATH/assets', 'img', 'user', 'u5.jpg')
 7 SYSTEMPATH/CodeIgniter.php(480): CodeIgniter\CodeIgniter->runController(Object(App\Controllers\Admin))
 8 SYSTEMPATH/CodeIgniter.php(349): CodeIgniter\CodeIgniter->handleRequest(null, Object(Config\Cache), false)
 9 FCPATH/index.php(67): CodeIgniter\CodeIgniter->run()
CRITICAL - 2026-03-06 03:46:18 --> Attempt to read property "blog_id" on null
in APPPATH/Views/admin/edit-blog.php on line 46.
 1 APPPATH/Views/admin/edit-blog.php(46): CodeIgniter\Debug\Exceptions->errorHandler(2, 'Attempt to read property "blog_id" on null', 'APPPATH/Views/admin/edit-blog.php', 46)
 2 SYSTEMPATH/View/View.php(213): include('APPPATH/Views/admin/edit-blog.php')
 3 SYSTEMPATH/View/View.php(216): CodeIgniter\View\View->CodeIgniter\View\{closure}()
 4 SYSTEMPATH/Common.php(1135): CodeIgniter\View\View->render('admin/edit-blog', [], true)
 5 APPPATH/Controllers/Admin.php(3615): view('admin/edit-blog', [...])
 6 SYSTEMPATH/CodeIgniter.php(925): App\Controllers\Admin->edit_our_blog('FCPATH/assets', 'img', 'user', 'u4.jpg')
 7 SYSTEMPATH/CodeIgniter.php(480): CodeIgniter\CodeIgniter->runController(Object(App\Controllers\Admin))
 8 SYSTEMPATH/CodeIgniter.php(349): CodeIgniter\CodeIgniter->handleRequest(null, Object(Config\Cache), false)
 9 FCPATH/index.php(67): CodeIgniter\CodeIgniter->run()
CRITICAL - 2026-03-06 03:46:18 --> Attempt to read property "blog_id" on null
in APPPATH/Views/admin/edit-blog.php on line 46.
 1 APPPATH/Views/admin/edit-blog.php(46): CodeIgniter\Debug\Exceptions->errorHandler(2, 'Attempt to read property "blog_id" on null', 'APPPATH/Views/admin/edit-blog.php', 46)
 2 SYSTEMPATH/View/View.php(213): include('APPPATH/Views/admin/edit-blog.php')
 3 SYSTEMPATH/View/View.php(216): CodeIgniter\View\View->CodeIgniter\View\{closure}()
 4 SYSTEMPATH/Common.php(1135): CodeIgniter\View\View->render('admin/edit-blog', [], true)
 5 APPPATH/Controllers/Admin.php(3615): view('admin/edit-blog', [...])
 6 SYSTEMPATH/CodeIgniter.php(925): App\Controllers\Admin->edit_our_blog('FCPATH/assets', 'img', 'user', 'u1.jpg')
 7 SYSTEMPATH/CodeIgniter.php(480): CodeIgniter\CodeIgniter->runController(Object(App\Controllers\Admin))
 8 SYSTEMPATH/CodeIgniter.php(349): CodeIgniter\CodeIgniter->handleRequest(null, Object(Config\Cache), false)
 9 FCPATH/index.php(67): CodeIgniter\CodeIgniter->run()
