CRITICAL - 2025-10-23 00:03:15 --> Attempt to read property "product_meta_title" on null
in APPPATH/Controllers/Home.php on line 524.
 1 APPPATH/Controllers/Home.php(524): CodeIgniter\Debug\Exceptions->errorHandler(2, 'Attempt to read property "product_meta_title" on null', 'APPPATH/Controllers/Home.php', 524)
 2 SYSTEMPATH/CodeIgniter.php(925): App\Controllers\Home->product_details('FCPATH/assets', 'img', 'inner-page', 'comment-author1.png')
 3 SYSTEMPATH/CodeIgniter.php(480): CodeIgniter\CodeIgniter->runController(Object(App\Controllers\Home))
 4 SYSTEMPATH/CodeIgniter.php(349): CodeIgniter\CodeIgniter->handleRequest(null, Object(Config\Cache), false)
 5 FCPATH/index.php(67): CodeIgniter\CodeIgniter->run()
CRITICAL - 2025-10-23 00:03:15 --> Attempt to read property "product_meta_title" on null
in APPPATH/Controllers/Home.php on line 524.
 1 APPPATH/Controllers/Home.php(524): CodeIgniter\Debug\Exceptions->errorHandler(2, 'Attempt to read property "product_meta_title" on null', 'APPPATH/Controllers/Home.php', 524)
 2 SYSTEMPATH/CodeIgniter.php(925): App\Controllers\Home->product_details('FCPATH/assets', 'img', 'inner-page', 'comment-author2.png')
 3 SYSTEMPATH/CodeIgniter.php(480): CodeIgniter\CodeIgniter->runController(Object(App\Controllers\Home))
 4 SYSTEMPATH/CodeIgniter.php(349): CodeIgniter\CodeIgniter->handleRequest(null, Object(Config\Cache), false)
 5 FCPATH/index.php(67): CodeIgniter\CodeIgniter->run()
CRITICAL - 2025-10-23 00:41:48 --> Attempt to read property "cms_id" on null
in APPPATH/Views/admin/edit-cms.php on line 36.
 1 APPPATH/Views/admin/edit-cms.php(36): CodeIgniter\Debug\Exceptions->errorHandler(2, 'Attempt to read property "cms_id" on null', 'APPPATH/Views/admin/edit-cms.php', 36)
 2 SYSTEMPATH/View/View.php(213): include('APPPATH/Views/admin/edit-cms.php')
 3 SYSTEMPATH/View/View.php(216): CodeIgniter\View\View->CodeIgniter\View\{closure}()
 4 SYSTEMPATH/Common.php(1135): CodeIgniter\View\View->render('admin/edit-cms', [], true)
 5 APPPATH/Controllers/Admin.php(758): view('admin/edit-cms', [...])
 6 SYSTEMPATH/CodeIgniter.php(925): App\Controllers\Admin->edit_cms('FCPATH/assets', 'img', 'user', 'u1.jpg')
 7 SYSTEMPATH/CodeIgniter.php(480): CodeIgniter\CodeIgniter->runController(Object(App\Controllers\Admin))
 8 SYSTEMPATH/CodeIgniter.php(349): CodeIgniter\CodeIgniter->handleRequest(null, Object(Config\Cache), false)
 9 FCPATH/index.php(67): CodeIgniter\CodeIgniter->run()
CRITICAL - 2025-10-23 00:41:48 --> Attempt to read property "cms_id" on null
in APPPATH/Views/admin/edit-cms.php on line 36.
 1 APPPATH/Views/admin/edit-cms.php(36): CodeIgniter\Debug\Exceptions->errorHandler(2, 'Attempt to read property "cms_id" on null', 'APPPATH/Views/admin/edit-cms.php', 36)
 2 SYSTEMPATH/View/View.php(213): include('APPPATH/Views/admin/edit-cms.php')
 3 SYSTEMPATH/View/View.php(216): CodeIgniter\View\View->CodeIgniter\View\{closure}()
 4 SYSTEMPATH/Common.php(1135): CodeIgniter\View\View->render('admin/edit-cms', [], true)
 5 APPPATH/Controllers/Admin.php(758): view('admin/edit-cms', [...])
 6 SYSTEMPATH/CodeIgniter.php(925): App\Controllers\Admin->edit_cms('FCPATH/assets', 'img', 'user', 'u2.jpg')
 7 SYSTEMPATH/CodeIgniter.php(480): CodeIgniter\CodeIgniter->runController(Object(App\Controllers\Admin))
 8 SYSTEMPATH/CodeIgniter.php(349): CodeIgniter\CodeIgniter->handleRequest(null, Object(Config\Cache), false)
 9 FCPATH/index.php(67): CodeIgniter\CodeIgniter->run()
CRITICAL - 2025-10-23 00:41:48 --> Attempt to read property "cms_id" on null
in APPPATH/Views/admin/edit-cms.php on line 36.
 1 APPPATH/Views/admin/edit-cms.php(36): CodeIgniter\Debug\Exceptions->errorHandler(2, 'Attempt to read property "cms_id" on null', 'APPPATH/Views/admin/edit-cms.php', 36)
 2 SYSTEMPATH/View/View.php(213): include('APPPATH/Views/admin/edit-cms.php')
 3 SYSTEMPATH/View/View.php(216): CodeIgniter\View\View->CodeIgniter\View\{closure}()
 4 SYSTEMPATH/Common.php(1135): CodeIgniter\View\View->render('admin/edit-cms', [], true)
 5 APPPATH/Controllers/Admin.php(758): view('admin/edit-cms', [...])
 6 SYSTEMPATH/CodeIgniter.php(925): App\Controllers\Admin->edit_cms('FCPATH/assets', 'img', 'user', 'u5.jpg')
 7 SYSTEMPATH/CodeIgniter.php(480): CodeIgniter\CodeIgniter->runController(Object(App\Controllers\Admin))
 8 SYSTEMPATH/CodeIgniter.php(349): CodeIgniter\CodeIgniter->handleRequest(null, Object(Config\Cache), false)
 9 FCPATH/index.php(67): CodeIgniter\CodeIgniter->run()
CRITICAL - 2025-10-23 00:41:48 --> Attempt to read property "cms_id" on null
in APPPATH/Views/admin/edit-cms.php on line 36.
 1 APPPATH/Views/admin/edit-cms.php(36): CodeIgniter\Debug\Exceptions->errorHandler(2, 'Attempt to read property "cms_id" on null', 'APPPATH/Views/admin/edit-cms.php', 36)
 2 SYSTEMPATH/View/View.php(213): include('APPPATH/Views/admin/edit-cms.php')
 3 SYSTEMPATH/View/View.php(216): CodeIgniter\View\View->CodeIgniter\View\{closure}()
 4 SYSTEMPATH/Common.php(1135): CodeIgniter\View\View->render('admin/edit-cms', [], true)
 5 APPPATH/Controllers/Admin.php(758): view('admin/edit-cms', [...])
 6 SYSTEMPATH/CodeIgniter.php(925): App\Controllers\Admin->edit_cms('FCPATH/assets', 'img', 'user', 'u4.jpg')
 7 SYSTEMPATH/CodeIgniter.php(480): CodeIgniter\CodeIgniter->runController(Object(App\Controllers\Admin))
 8 SYSTEMPATH/CodeIgniter.php(349): CodeIgniter\CodeIgniter->handleRequest(null, Object(Config\Cache), false)
 9 FCPATH/index.php(67): CodeIgniter\CodeIgniter->run()
CRITICAL - 2025-10-23 01:19:48 --> Attempt to read property "product_id" on null
in APPPATH/Controllers/Admin.php on line 3388.
 1 APPPATH/Controllers/Admin.php(3388): CodeIgniter\Debug\Exceptions->errorHandler(2, 'Attempt to read property "product_id" on null', 'APPPATH/Controllers/Admin.php', 3388)
 2 SYSTEMPATH/CodeIgniter.php(925): App\Controllers\Admin->edit_product('FCPATH/assets', 'img', 'user', 'u2.jpg')
 3 SYSTEMPATH/CodeIgniter.php(480): CodeIgniter\CodeIgniter->runController(Object(App\Controllers\Admin))
 4 SYSTEMPATH/CodeIgniter.php(349): CodeIgniter\CodeIgniter->handleRequest(null, Object(Config\Cache), false)
 5 FCPATH/index.php(67): CodeIgniter\CodeIgniter->run()
CRITICAL - 2025-10-23 01:19:48 --> Attempt to read property "product_id" on null
in APPPATH/Controllers/Admin.php on line 3388.
 1 APPPATH/Controllers/Admin.php(3388): CodeIgniter\Debug\Exceptions->errorHandler(2, 'Attempt to read property "product_id" on null', 'APPPATH/Controllers/Admin.php', 3388)
 2 SYSTEMPATH/CodeIgniter.php(925): App\Controllers\Admin->edit_product('FCPATH/assets', 'img', 'user', 'u4.jpg')
 3 SYSTEMPATH/CodeIgniter.php(480): CodeIgniter\CodeIgniter->runController(Object(App\Controllers\Admin))
 4 SYSTEMPATH/CodeIgniter.php(349): CodeIgniter\CodeIgniter->handleRequest(null, Object(Config\Cache), false)
 5 FCPATH/index.php(67): CodeIgniter\CodeIgniter->run()
CRITICAL - 2025-10-23 01:19:48 --> Attempt to read property "product_id" on null
in APPPATH/Controllers/Admin.php on line 3388.
 1 APPPATH/Controllers/Admin.php(3388): CodeIgniter\Debug\Exceptions->errorHandler(2, 'Attempt to read property "product_id" on null', 'APPPATH/Controllers/Admin.php', 3388)
 2 SYSTEMPATH/CodeIgniter.php(925): App\Controllers\Admin->edit_product('FCPATH/assets', 'img', 'user', 'u5.jpg')
 3 SYSTEMPATH/CodeIgniter.php(480): CodeIgniter\CodeIgniter->runController(Object(App\Controllers\Admin))
 4 SYSTEMPATH/CodeIgniter.php(349): CodeIgniter\CodeIgniter->handleRequest(null, Object(Config\Cache), false)
 5 FCPATH/index.php(67): CodeIgniter\CodeIgniter->run()
CRITICAL - 2025-10-23 01:19:48 --> Attempt to read property "product_id" on null
in APPPATH/Controllers/Admin.php on line 3388.
 1 APPPATH/Controllers/Admin.php(3388): CodeIgniter\Debug\Exceptions->errorHandler(2, 'Attempt to read property "product_id" on null', 'APPPATH/Controllers/Admin.php', 3388)
 2 SYSTEMPATH/CodeIgniter.php(925): App\Controllers\Admin->edit_product('FCPATH/assets', 'img', 'user', 'u1.jpg')
 3 SYSTEMPATH/CodeIgniter.php(480): CodeIgniter\CodeIgniter->runController(Object(App\Controllers\Admin))
 4 SYSTEMPATH/CodeIgniter.php(349): CodeIgniter\CodeIgniter->handleRequest(null, Object(Config\Cache), false)
 5 FCPATH/index.php(67): CodeIgniter\CodeIgniter->run()
CRITICAL - 2025-10-23 01:26:54 --> Attempt to read property "product_id" on null
in APPPATH/Controllers/Admin.php on line 3372.
 1 APPPATH/Controllers/Admin.php(3372): CodeIgniter\Debug\Exceptions->errorHandler(2, 'Attempt to read property "product_id" on null', 'APPPATH/Controllers/Admin.php', 3372)
 2 SYSTEMPATH/CodeIgniter.php(925): App\Controllers\Admin->edit_product('FCPATH/assets', 'img', 'user', 'u2.jpg')
 3 SYSTEMPATH/CodeIgniter.php(480): CodeIgniter\CodeIgniter->runController(Object(App\Controllers\Admin))
 4 SYSTEMPATH/CodeIgniter.php(349): CodeIgniter\CodeIgniter->handleRequest(null, Object(Config\Cache), false)
 5 FCPATH/index.php(67): CodeIgniter\CodeIgniter->run()
CRITICAL - 2025-10-23 01:26:54 --> Attempt to read property "product_id" on null
in APPPATH/Controllers/Admin.php on line 3372.
 1 APPPATH/Controllers/Admin.php(3372): CodeIgniter\Debug\Exceptions->errorHandler(2, 'Attempt to read property "product_id" on null', 'APPPATH/Controllers/Admin.php', 3372)
 2 SYSTEMPATH/CodeIgniter.php(925): App\Controllers\Admin->edit_product('FCPATH/assets', 'img', 'user', 'u5.jpg')
 3 SYSTEMPATH/CodeIgniter.php(480): CodeIgniter\CodeIgniter->runController(Object(App\Controllers\Admin))
 4 SYSTEMPATH/CodeIgniter.php(349): CodeIgniter\CodeIgniter->handleRequest(null, Object(Config\Cache), false)
 5 FCPATH/index.php(67): CodeIgniter\CodeIgniter->run()
CRITICAL - 2025-10-23 01:26:54 --> Attempt to read property "product_id" on null
in APPPATH/Controllers/Admin.php on line 3372.
 1 APPPATH/Controllers/Admin.php(3372): CodeIgniter\Debug\Exceptions->errorHandler(2, 'Attempt to read property "product_id" on null', 'APPPATH/Controllers/Admin.php', 3372)
 2 SYSTEMPATH/CodeIgniter.php(925): App\Controllers\Admin->edit_product('FCPATH/assets', 'img', 'user', 'u1.jpg')
 3 SYSTEMPATH/CodeIgniter.php(480): CodeIgniter\CodeIgniter->runController(Object(App\Controllers\Admin))
 4 SYSTEMPATH/CodeIgniter.php(349): CodeIgniter\CodeIgniter->handleRequest(null, Object(Config\Cache), false)
 5 FCPATH/index.php(67): CodeIgniter\CodeIgniter->run()
CRITICAL - 2025-10-23 01:26:54 --> Attempt to read property "product_id" on null
in APPPATH/Controllers/Admin.php on line 3372.
 1 APPPATH/Controllers/Admin.php(3372): CodeIgniter\Debug\Exceptions->errorHandler(2, 'Attempt to read property "product_id" on null', 'APPPATH/Controllers/Admin.php', 3372)
 2 SYSTEMPATH/CodeIgniter.php(925): App\Controllers\Admin->edit_product('FCPATH/assets', 'img', 'user', 'u4.jpg')
 3 SYSTEMPATH/CodeIgniter.php(480): CodeIgniter\CodeIgniter->runController(Object(App\Controllers\Admin))
 4 SYSTEMPATH/CodeIgniter.php(349): CodeIgniter\CodeIgniter->handleRequest(null, Object(Config\Cache), false)
 5 FCPATH/index.php(67): CodeIgniter\CodeIgniter->run()
CRITICAL - 2025-10-23 01:27:16 --> Attempt to read property "product_id" on null
in APPPATH/Controllers/Admin.php on line 3372.
 1 APPPATH/Controllers/Admin.php(3372): CodeIgniter\Debug\Exceptions->errorHandler(2, 'Attempt to read property "product_id" on null', 'APPPATH/Controllers/Admin.php', 3372)
 2 SYSTEMPATH/CodeIgniter.php(925): App\Controllers\Admin->edit_product('FCPATH/assets', 'img', 'user', 'u1.jpg')
 3 SYSTEMPATH/CodeIgniter.php(480): CodeIgniter\CodeIgniter->runController(Object(App\Controllers\Admin))
 4 SYSTEMPATH/CodeIgniter.php(349): CodeIgniter\CodeIgniter->handleRequest(null, Object(Config\Cache), false)
 5 FCPATH/index.php(67): CodeIgniter\CodeIgniter->run()
CRITICAL - 2025-10-23 01:27:16 --> Attempt to read property "product_id" on null
in APPPATH/Controllers/Admin.php on line 3372.
 1 APPPATH/Controllers/Admin.php(3372): CodeIgniter\Debug\Exceptions->errorHandler(2, 'Attempt to read property "product_id" on null', 'APPPATH/Controllers/Admin.php', 3372)
 2 SYSTEMPATH/CodeIgniter.php(925): App\Controllers\Admin->edit_product('FCPATH/assets', 'img', 'user', 'u2.jpg')
 3 SYSTEMPATH/CodeIgniter.php(480): CodeIgniter\CodeIgniter->runController(Object(App\Controllers\Admin))
 4 SYSTEMPATH/CodeIgniter.php(349): CodeIgniter\CodeIgniter->handleRequest(null, Object(Config\Cache), false)
 5 FCPATH/index.php(67): CodeIgniter\CodeIgniter->run()
CRITICAL - 2025-10-23 01:27:16 --> Attempt to read property "product_id" on null
in APPPATH/Controllers/Admin.php on line 3372.
 1 APPPATH/Controllers/Admin.php(3372): CodeIgniter\Debug\Exceptions->errorHandler(2, 'Attempt to read property "product_id" on null', 'APPPATH/Controllers/Admin.php', 3372)
 2 SYSTEMPATH/CodeIgniter.php(925): App\Controllers\Admin->edit_product('FCPATH/assets', 'img', 'user', 'u4.jpg')
 3 SYSTEMPATH/CodeIgniter.php(480): CodeIgniter\CodeIgniter->runController(Object(App\Controllers\Admin))
 4 SYSTEMPATH/CodeIgniter.php(349): CodeIgniter\CodeIgniter->handleRequest(null, Object(Config\Cache), false)
 5 FCPATH/index.php(67): CodeIgniter\CodeIgniter->run()
CRITICAL - 2025-10-23 01:27:16 --> Attempt to read property "product_id" on null
in APPPATH/Controllers/Admin.php on line 3372.
 1 APPPATH/Controllers/Admin.php(3372): CodeIgniter\Debug\Exceptions->errorHandler(2, 'Attempt to read property "product_id" on null', 'APPPATH/Controllers/Admin.php', 3372)
 2 SYSTEMPATH/CodeIgniter.php(925): App\Controllers\Admin->edit_product('FCPATH/assets', 'img', 'user', 'u5.jpg')
 3 SYSTEMPATH/CodeIgniter.php(480): CodeIgniter\CodeIgniter->runController(Object(App\Controllers\Admin))
 4 SYSTEMPATH/CodeIgniter.php(349): CodeIgniter\CodeIgniter->handleRequest(null, Object(Config\Cache), false)
 5 FCPATH/index.php(67): CodeIgniter\CodeIgniter->run()
CRITICAL - 2025-10-23 01:27:26 --> Attempt to read property "product_id" on null
in APPPATH/Controllers/Admin.php on line 3372.
 1 APPPATH/Controllers/Admin.php(3372): CodeIgniter\Debug\Exceptions->errorHandler(2, 'Attempt to read property "product_id" on null', 'APPPATH/Controllers/Admin.php', 3372)
 2 SYSTEMPATH/CodeIgniter.php(925): App\Controllers\Admin->edit_product('FCPATH/assets', 'img', 'user', 'u2.jpg')
 3 SYSTEMPATH/CodeIgniter.php(480): CodeIgniter\CodeIgniter->runController(Object(App\Controllers\Admin))
 4 SYSTEMPATH/CodeIgniter.php(349): CodeIgniter\CodeIgniter->handleRequest(null, Object(Config\Cache), false)
 5 FCPATH/index.php(67): CodeIgniter\CodeIgniter->run()
CRITICAL - 2025-10-23 01:27:26 --> Attempt to read property "product_id" on null
in APPPATH/Controllers/Admin.php on line 3372.
 1 APPPATH/Controllers/Admin.php(3372): CodeIgniter\Debug\Exceptions->errorHandler(2, 'Attempt to read property "product_id" on null', 'APPPATH/Controllers/Admin.php', 3372)
 2 SYSTEMPATH/CodeIgniter.php(925): App\Controllers\Admin->edit_product('FCPATH/assets', 'img', 'user', 'u4.jpg')
 3 SYSTEMPATH/CodeIgniter.php(480): CodeIgniter\CodeIgniter->runController(Object(App\Controllers\Admin))
 4 SYSTEMPATH/CodeIgniter.php(349): CodeIgniter\CodeIgniter->handleRequest(null, Object(Config\Cache), false)
 5 FCPATH/index.php(67): CodeIgniter\CodeIgniter->run()
CRITICAL - 2025-10-23 01:27:26 --> Attempt to read property "product_id" on null
in APPPATH/Controllers/Admin.php on line 3372.
 1 APPPATH/Controllers/Admin.php(3372): CodeIgniter\Debug\Exceptions->errorHandler(2, 'Attempt to read property "product_id" on null', 'APPPATH/Controllers/Admin.php', 3372)
 2 SYSTEMPATH/CodeIgniter.php(925): App\Controllers\Admin->edit_product('FCPATH/assets', 'img', 'user', 'u1.jpg')
 3 SYSTEMPATH/CodeIgniter.php(480): CodeIgniter\CodeIgniter->runController(Object(App\Controllers\Admin))
 4 SYSTEMPATH/CodeIgniter.php(349): CodeIgniter\CodeIgniter->handleRequest(null, Object(Config\Cache), false)
 5 FCPATH/index.php(67): CodeIgniter\CodeIgniter->run()
CRITICAL - 2025-10-23 01:27:26 --> Attempt to read property "product_id" on null
in APPPATH/Controllers/Admin.php on line 3372.
 1 APPPATH/Controllers/Admin.php(3372): CodeIgniter\Debug\Exceptions->errorHandler(2, 'Attempt to read property "product_id" on null', 'APPPATH/Controllers/Admin.php', 3372)
 2 SYSTEMPATH/CodeIgniter.php(925): App\Controllers\Admin->edit_product('FCPATH/assets', 'img', 'user', 'u5.jpg')
 3 SYSTEMPATH/CodeIgniter.php(480): CodeIgniter\CodeIgniter->runController(Object(App\Controllers\Admin))
 4 SYSTEMPATH/CodeIgniter.php(349): CodeIgniter\CodeIgniter->handleRequest(null, Object(Config\Cache), false)
 5 FCPATH/index.php(67): CodeIgniter\CodeIgniter->run()
CRITICAL - 2025-10-23 06:29:39 --> Undefined property: stdClass::$user_gender
in APPPATH/Controllers/Home.php on line 830.
 1 APPPATH/Controllers/Home.php(830): CodeIgniter\Debug\Exceptions->errorHandler(2, 'Undefined property: stdClass::$user_gender', 'APPPATH/Controllers/Home.php', 830)
 2 SYSTEMPATH/CodeIgniter.php(925): App\Controllers\Home->login_process()
 3 SYSTEMPATH/CodeIgniter.php(480): CodeIgniter\CodeIgniter->runController(Object(App\Controllers\Home))
 4 SYSTEMPATH/CodeIgniter.php(349): CodeIgniter\CodeIgniter->handleRequest(null, Object(Config\Cache), false)
 5 FCPATH/index.php(67): CodeIgniter\CodeIgniter->run()
CRITICAL - 2025-10-23 06:29:43 --> Undefined property: stdClass::$user_gender
in APPPATH/Controllers/Home.php on line 830.
 1 APPPATH/Controllers/Home.php(830): CodeIgniter\Debug\Exceptions->errorHandler(2, 'Undefined property: stdClass::$user_gender', 'APPPATH/Controllers/Home.php', 830)
 2 SYSTEMPATH/CodeIgniter.php(925): App\Controllers\Home->login_process()
 3 SYSTEMPATH/CodeIgniter.php(480): CodeIgniter\CodeIgniter->runController(Object(App\Controllers\Home))
 4 SYSTEMPATH/CodeIgniter.php(349): CodeIgniter\CodeIgniter->handleRequest(null, Object(Config\Cache), false)
 5 FCPATH/index.php(67): CodeIgniter\CodeIgniter->run()
CRITICAL - 2025-10-23 06:29:49 --> Undefined property: stdClass::$user_gender
in APPPATH/Controllers/Home.php on line 830.
 1 APPPATH/Controllers/Home.php(830): CodeIgniter\Debug\Exceptions->errorHandler(2, 'Undefined property: stdClass::$user_gender', 'APPPATH/Controllers/Home.php', 830)
 2 SYSTEMPATH/CodeIgniter.php(925): App\Controllers\Home->login_process()
 3 SYSTEMPATH/CodeIgniter.php(480): CodeIgniter\CodeIgniter->runController(Object(App\Controllers\Home))
 4 SYSTEMPATH/CodeIgniter.php(349): CodeIgniter\CodeIgniter->handleRequest(null, Object(Config\Cache), false)
 5 FCPATH/index.php(67): CodeIgniter\CodeIgniter->run()
